<?xml version="1.0" encoding="UTF-8"?>
<testsuite xmlns:xsi="http://www.w3.org/2001/XMLSchema-instance" xsi:noNamespaceSchemaLocation="https://maven.apache.org/surefire/maven-failsafe-plugin/xsd/failsafe-test-report-3.0.xsd" version="3.0" name="runners.UnitTestRunner" time="155.506" tests="5" errors="1" skipped="0" failures="0">
  <properties>
    <property name="sun.desktop" value="windows"/>
    <property name="awt.toolkit" value="sun.awt.windows.WToolkit"/>
    <property name="file.encoding.pkg" value="sun.io"/>
    <property name="java.specification.version" value="1.8"/>
    <property name="webdriver.chrome.driver" value="C:\Users\dung.nguyenanh\.cache\selenium\chromedriver\win32\101.0.4951.41\chromedriver.exe"/>
    <property name="sun.cpu.isalist" value="amd64"/>
    <property name="sun.jnu.encoding" value="Cp1252"/>
    <property name="java.class.path" value="D:\Pratice\serenity_homework\target\test-classes;D:\Pratice\serenity_homework\target\serenity_homework-1.0-SNAPSHOT.jar;C:\Users\dung.nguyenanh\.m2\repository\net\serenity-bdd\serenity-core\3.2.3\serenity-core-3.2.3.jar;C:\Users\dung.nguyenanh\.m2\repository\net\serenity-bdd\serenity-model\3.2.3\serenity-model-3.2.3.jar;C:\Users\dung.nguyenanh\.m2\repository\org\apache\commons\commons-text\1.9\commons-text-1.9.jar;C:\Users\dung.nguyenanh\.m2\repository\commons-net\commons-net\3.8.0\commons-net-3.8.0.jar;C:\Users\dung.nguyenanh\.m2\repository\com\google\guava\guava\31.1-jre\guava-31.1-jre.jar;C:\Users\dung.nguyenanh\.m2\repository\com\google\guava\failureaccess\1.0.1\failureaccess-1.0.1.jar;C:\Users\dung.nguyenanh\.m2\repository\com\google\guava\listenablefuture\9999.0-empty-to-avoid-conflict-with-guava\listenablefuture-9999.0-empty-to-avoid-conflict-with-guava.jar;C:\Users\dung.nguyenanh\.m2\repository\com\google\code\findbugs\jsr305\3.0.2\jsr305-3.0.2.jar;C:\Users\dung.nguyenanh\.m2\repository\org\checkerframework\checker-qual\3.12.0\checker-qual-3.12.0.jar;C:\Users\dung.nguyenanh\.m2\repository\com\google\errorprone\error_prone_annotations\2.11.0\error_prone_annotations-2.11.0.jar;C:\Users\dung.nguyenanh\.m2\repository\com\google\j2objc\j2objc-annotations\1.3\j2objc-annotations-1.3.jar;C:\Users\dung.nguyenanh\.m2\repository\com\google\inject\guice\5.1.0\guice-5.1.0.jar;C:\Users\dung.nguyenanh\.m2\repository\javax\inject\javax.inject\1\javax.inject-1.jar;C:\Users\dung.nguyenanh\.m2\repository\aopalliance\aopalliance\1.0\aopalliance-1.0.jar;C:\Users\dung.nguyenanh\.m2\repository\org\jsoup\jsoup\1.14.3\jsoup-1.14.3.jar;C:\Users\dung.nguyenanh\.m2\repository\com\thoughtworks\xstream\xstream\1.4.19\xstream-1.4.19.jar;C:\Users\dung.nguyenanh\.m2\repository\io\github\x-stream\mxparser\1.2.2\mxparser-1.2.2.jar;C:\Users\dung.nguyenanh\.m2\repository\xmlpull\xmlpull\1.1.3.1\xmlpull-1.1.3.1.jar;C:\Users\dung.nguyenanh\.m2\repository\io\cucumber\cucumber-java\7.2.3\cucumber-java-7.2.3.jar;C:\Users\dung.nguyenanh\.m2\repository\com\typesafe\config\1.4.2\config-1.4.2.jar;C:\Users\dung.nguyenanh\.m2\repository\org\imgscalr\imgscalr-lib\4.2\imgscalr-lib-4.2.jar;C:\Users\dung.nguyenanh\.m2\repository\org\awaitility\awaitility\4.2.0\awaitility-4.2.0.jar;C:\Users\dung.nguyenanh\.m2\repository\org\freemarker\freemarker\2.3.31\freemarker-2.3.31.jar;C:\Users\dung.nguyenanh\.m2\repository\io\github\classgraph\classgraph\4.8.138\classgraph-4.8.138.jar;C:\Users\dung.nguyenanh\.m2\repository\net\sourceforge\jexcelapi\jxl\2.6.12\jxl-2.6.12.jar;C:\Users\dung.nguyenanh\.m2\repository\net\bytebuddy\byte-buddy\1.12.8\byte-buddy-1.12.8.jar;C:\Users\dung.nguyenanh\.m2\repository\net\bytebuddy\byte-buddy-agent\1.12.8\byte-buddy-agent-1.12.8.jar;C:\Users\dung.nguyenanh\.m2\repository\org\objenesis\objenesis\3.1\objenesis-3.1.jar;C:\Users\dung.nguyenanh\.m2\repository\net\serenity-bdd\serenity-reports\3.2.3\serenity-reports-3.2.3.jar;C:\Users\dung.nguyenanh\.m2\repository\net\serenity-bdd\serenity-stats\3.2.3\serenity-stats-3.2.3.jar;C:\Users\dung.nguyenanh\.m2\repository\net\serenity-bdd\serenity-reports-configuration\3.2.3\serenity-reports-configuration-3.2.3.jar;C:\Users\dung.nguyenanh\.m2\repository\com\vladsch\flexmark\flexmark-all\0.34.30\flexmark-all-0.34.30.jar;C:\Users\dung.nguyenanh\.m2\repository\com\vladsch\flexmark\flexmark\0.34.30\flexmark-0.34.30.jar;C:\Users\dung.nguyenanh\.m2\repository\com\vladsch\flexmark\flexmark-ext-abbreviation\0.34.30\flexmark-ext-abbreviation-0.34.30.jar;C:\Users\dung.nguyenanh\.m2\repository\com\vladsch\flexmark\flexmark-ext-admonition\0.34.30\flexmark-ext-admonition-0.34.30.jar;C:\Users\dung.nguyenanh\.m2\repository\com\vladsch\flexmark\flexmark-ext-anchorlink\0.34.30\flexmark-ext-anchorlink-0.34.30.jar;C:\Users\dung.nguyenanh\.m2\repository\com\vladsch\flexmark\flexmark-ext-aside\0.34.30\flexmark-ext-aside-0.34.30.jar;C:\Users\dung.nguyenanh\.m2\repository\com\vladsch\flexmark\flexmark-ext-attributes\0.34.30\flexmark-ext-attributes-0.34.30.jar;C:\Users\dung.nguyenanh\.m2\repository\com\vladsch\flexmark\flexmark-ext-autolink\0.34.30\flexmark-ext-autolink-0.34.30.jar;C:\Users\dung.nguyenanh\.m2\repository\org\nibor\autolink\autolink\0.6.0\autolink-0.6.0.jar;C:\Users\dung.nguyenanh\.m2\repository\com\vladsch\flexmark\flexmark-ext-definition\0.34.30\flexmark-ext-definition-0.34.30.jar;C:\Users\dung.nguyenanh\.m2\repository\com\vladsch\flexmark\flexmark-ext-emoji\0.34.30\flexmark-ext-emoji-0.34.30.jar;C:\Users\dung.nguyenanh\.m2\repository\com\vladsch\flexmark\flexmark-ext-enumerated-reference\0.34.30\flexmark-ext-enumerated-reference-0.34.30.jar;C:\Users\dung.nguyenanh\.m2\repository\com\vladsch\flexmark\flexmark-ext-escaped-character\0.34.30\flexmark-ext-escaped-character-0.34.30.jar;C:\Users\dung.nguyenanh\.m2\repository\com\vladsch\flexmark\flexmark-ext-footnotes\0.34.30\flexmark-ext-footnotes-0.34.30.jar;C:\Users\dung.nguyenanh\.m2\repository\com\vladsch\flexmark\flexmark-ext-gfm-issues\0.34.30\flexmark-ext-gfm-issues-0.34.30.jar;C:\Users\dung.nguyenanh\.m2\repository\com\vladsch\flexmark\flexmark-ext-gfm-strikethrough\0.34.30\flexmark-ext-gfm-strikethrough-0.34.30.jar;C:\Users\dung.nguyenanh\.m2\repository\com\vladsch\flexmark\flexmark-ext-gfm-tables\0.34.30\flexmark-ext-gfm-tables-0.34.30.jar;C:\Users\dung.nguyenanh\.m2\repository\com\vladsch\flexmark\flexmark-ext-gfm-tasklist\0.34.30\flexmark-ext-gfm-tasklist-0.34.30.jar;C:\Users\dung.nguyenanh\.m2\repository\com\vladsch\flexmark\flexmark-ext-gfm-users\0.34.30\flexmark-ext-gfm-users-0.34.30.jar;C:\Users\dung.nguyenanh\.m2\repository\com\vladsch\flexmark\flexmark-ext-gitlab\0.34.30\flexmark-ext-gitlab-0.34.30.jar;C:\Users\dung.nguyenanh\.m2\repository\com\vladsch\flexmark\flexmark-ext-jekyll-front-matter\0.34.30\flexmark-ext-jekyll-front-matter-0.34.30.jar;C:\Users\dung.nguyenanh\.m2\repository\com\vladsch\flexmark\flexmark-ext-jekyll-tag\0.34.30\flexmark-ext-jekyll-tag-0.34.30.jar;C:\Users\dung.nguyenanh\.m2\repository\com\vladsch\flexmark\flexmark-ext-media-tags\0.34.30\flexmark-ext-media-tags-0.34.30.jar;C:\Users\dung.nguyenanh\.m2\repository\com\vladsch\flexmark\flexmark-test-util\0.34.30\flexmark-test-util-0.34.30.jar;C:\Users\dung.nguyenanh\.m2\repository\com\vladsch\flexmark\flexmark-ext-ins\0.34.30\flexmark-ext-ins-0.34.30.jar;C:\Users\dung.nguyenanh\.m2\repository\com\vladsch\flexmark\flexmark-ext-xwiki-macros\0.34.30\flexmark-ext-xwiki-macros-0.34.30.jar;C:\Users\dung.nguyenanh\.m2\repository\com\vladsch\flexmark\flexmark-ext-superscript\0.34.30\flexmark-ext-superscript-0.34.30.jar;C:\Users\dung.nguyenanh\.m2\repository\com\vladsch\flexmark\flexmark-ext-tables\0.34.30\flexmark-ext-tables-0.34.30.jar;C:\Users\dung.nguyenanh\.m2\repository\com\vladsch\flexmark\flexmark-ext-toc\0.34.30\flexmark-ext-toc-0.34.30.jar;C:\Users\dung.nguyenanh\.m2\repository\com\vladsch\flexmark\flexmark-ext-typographic\0.34.30\flexmark-ext-typographic-0.34.30.jar;C:\Users\dung.nguyenanh\.m2\repository\com\vladsch\flexmark\flexmark-ext-wikilink\0.34.30\flexmark-ext-wikilink-0.34.30.jar;C:\Users\dung.nguyenanh\.m2\repository\com\vladsch\flexmark\flexmark-ext-yaml-front-matter\0.34.30\flexmark-ext-yaml-front-matter-0.34.30.jar;C:\Users\dung.nguyenanh\.m2\repository\com\vladsch\flexmark\flexmark-ext-youtube-embedded\0.34.30\flexmark-ext-youtube-embedded-0.34.30.jar;C:\Users\dung.nguyenanh\.m2\repository\com\vladsch\flexmark\flexmark-formatter\0.34.30\flexmark-formatter-0.34.30.jar;C:\Users\dung.nguyenanh\.m2\repository\com\vladsch\flexmark\flexmark-html-parser\0.34.30\flexmark-html-parser-0.34.30.jar;C:\Users\dung.nguyenanh\.m2\repository\com\vladsch\flexmark\flexmark-jira-converter\0.34.30\flexmark-jira-converter-0.34.30.jar;C:\Users\dung.nguyenanh\.m2\repository\com\vladsch\flexmark\flexmark-pdf-converter\0.34.30\flexmark-pdf-converter-0.34.30.jar;C:\Users\dung.nguyenanh\.m2\repository\com\openhtmltopdf\openhtmltopdf-core\0.0.1-RC13\openhtmltopdf-core-0.0.1-RC13.jar;C:\Users\dung.nguyenanh\.m2\repository\com\openhtmltopdf\openhtmltopdf-pdfbox\0.0.1-RC13\openhtmltopdf-pdfbox-0.0.1-RC13.jar;C:\Users\dung.nguyenanh\.m2\repository\org\apache\pdfbox\pdfbox\2.0.8\pdfbox-2.0.8.jar;C:\Users\dung.nguyenanh\.m2\repository\org\apache\pdfbox\fontbox\2.0.8\fontbox-2.0.8.jar;C:\Users\dung.nguyenanh\.m2\repository\commons-logging\commons-logging\1.2\commons-logging-1.2.jar;C:\Users\dung.nguyenanh\.m2\repository\org\apache\pdfbox\xmpbox\2.0.8\xmpbox-2.0.8.jar;C:\Users\dung.nguyenanh\.m2\repository\de\rototor\pdfbox\graphics2d\0.12\graphics2d-0.12.jar;C:\Users\dung.nguyenanh\.m2\repository\com\openhtmltopdf\openhtmltopdf-rtl-support\0.0.1-RC13\openhtmltopdf-rtl-support-0.0.1-RC13.jar;C:\Users\dung.nguyenanh\.m2\repository\com\ibm\icu\icu4j\59.1\icu4j-59.1.jar;C:\Users\dung.nguyenanh\.m2\repository\com\openhtmltopdf\openhtmltopdf-jsoup-dom-converter\0.0.1-RC13\openhtmltopdf-jsoup-dom-converter-0.0.1-RC13.jar;C:\Users\dung.nguyenanh\.m2\repository\com\vladsch\flexmark\flexmark-profile-pegdown\0.34.30\flexmark-profile-pegdown-0.34.30.jar;C:\Users\dung.nguyenanh\.m2\repository\com\vladsch\flexmark\flexmark-util\0.34.30\flexmark-util-0.34.30.jar;C:\Users\dung.nguyenanh\.m2\repository\com\vladsch\flexmark\flexmark-youtrack-converter\0.34.30\flexmark-youtrack-converter-0.34.30.jar;C:\Users\dung.nguyenanh\.m2\repository\es\nitaur\markdown\txtmark\0.16\txtmark-0.16.jar;C:\Users\dung.nguyenanh\.m2\repository\net\serenity-bdd\serenity-report-resources\3.2.3\serenity-report-resources-3.2.3.jar;C:\Users\dung.nguyenanh\.m2\repository\com\google\code\gson\gson\2.9.0\gson-2.9.0.jar;C:\Users\dung.nguyenanh\.m2\repository\com\fasterxml\jackson\core\jackson-core\2.13.2\jackson-core-2.13.2.jar;C:\Users\dung.nguyenanh\.m2\repository\com\fasterxml\jackson\core\jackson-databind\2.13.2\jackson-databind-2.13.2.jar;C:\Users\dung.nguyenanh\.m2\repository\com\fasterxml\jackson\core\jackson-annotations\2.13.2\jackson-annotations-2.13.2.jar;C:\Users\dung.nguyenanh\.m2\repository\commons-codec\commons-codec\1.15\commons-codec-1.15.jar;C:\Users\dung.nguyenanh\.m2\repository\commons-io\commons-io\2.11.0\commons-io-2.11.0.jar;C:\Users\dung.nguyenanh\.m2\repository\org\seleniumhq\selenium\selenium-java\4.1.3\selenium-java-4.1.3.jar;C:\Users\dung.nguyenanh\.m2\repository\org\seleniumhq\selenium\selenium-devtools-v85\4.1.3\selenium-devtools-v85-4.1.3.jar;C:\Users\dung.nguyenanh\.m2\repository\org\seleniumhq\selenium\selenium-devtools-v97\4.1.3\selenium-devtools-v97-4.1.3.jar;C:\Users\dung.nguyenanh\.m2\repository\org\seleniumhq\selenium\selenium-devtools-v98\4.1.3\selenium-devtools-v98-4.1.3.jar;C:\Users\dung.nguyenanh\.m2\repository\org\seleniumhq\selenium\selenium-devtools-v99\4.1.3\selenium-devtools-v99-4.1.3.jar;C:\Users\dung.nguyenanh\.m2\repository\org\seleniumhq\selenium\selenium-opera-driver\4.1.3\selenium-opera-driver-4.1.3.jar;C:\Users\dung.nguyenanh\.m2\repository\org\seleniumhq\selenium\selenium-remote-driver\4.1.3\selenium-remote-driver-4.1.3.jar;C:\Users\dung.nguyenanh\.m2\repository\com\beust\jcommander\1.82\jcommander-1.82.jar;C:\Users\dung.nguyenanh\.m2\repository\io\netty\netty-buffer\4.1.75.Final\netty-buffer-4.1.75.Final.jar;C:\Users\dung.nguyenanh\.m2\repository\io\netty\netty-codec-http\4.1.75.Final\netty-codec-http-4.1.75.Final.jar;C:\Users\dung.nguyenanh\.m2\repository\io\netty\netty-codec\4.1.75.Final\netty-codec-4.1.75.Final.jar;C:\Users\dung.nguyenanh\.m2\repository\io\netty\netty-handler\4.1.75.Final\netty-handler-4.1.75.Final.jar;C:\Users\dung.nguyenanh\.m2\repository\io\netty\netty-common\4.1.75.Final\netty-common-4.1.75.Final.jar;C:\Users\dung.nguyenanh\.m2\repository\io\netty\netty-transport-classes-epoll\4.1.75.Final\netty-transport-classes-epoll-4.1.75.Final.jar;C:\Users\dung.nguyenanh\.m2\repository\io\netty\netty-transport-classes-kqueue\4.1.75.Final\netty-transport-classes-kqueue-4.1.75.Final.jar;C:\Users\dung.nguyenanh\.m2\repository\io\netty\netty-transport-native-epoll\4.1.75.Final\netty-transport-native-epoll-4.1.75.Final.jar;C:\Users\dung.nguyenanh\.m2\repository\io\netty\netty-transport-native-kqueue\4.1.75.Final\netty-transport-native-kqueue-4.1.75.Final.jar;C:\Users\dung.nguyenanh\.m2\repository\io\netty\netty-transport-native-unix-common\4.1.75.Final\netty-transport-native-unix-common-4.1.75.Final.jar;C:\Users\dung.nguyenanh\.m2\repository\io\netty\netty-transport\4.1.75.Final\netty-transport-4.1.75.Final.jar;C:\Users\dung.nguyenanh\.m2\repository\io\netty\netty-resolver\4.1.75.Final\netty-resolver-4.1.75.Final.jar;C:\Users\dung.nguyenanh\.m2\repository\io\opentelemetry\opentelemetry-api\1.12.0\opentelemetry-api-1.12.0.jar;C:\Users\dung.nguyenanh\.m2\repository\io\opentelemetry\opentelemetry-context\1.12.0\opentelemetry-context-1.12.0.jar;C:\Users\dung.nguyenanh\.m2\repository\io\opentelemetry\opentelemetry-exporter-logging\1.12.0\opentelemetry-exporter-logging-1.12.0.jar;C:\Users\dung.nguyenanh\.m2\repository\io\opentelemetry\opentelemetry-sdk-metrics\1.12.0-alpha\opentelemetry-sdk-metrics-1.12.0-alpha.jar;C:\Users\dung.nguyenanh\.m2\repository\io\opentelemetry\opentelemetry-sdk-logs\1.12.0-alpha\opentelemetry-sdk-logs-1.12.0-alpha.jar;C:\Users\dung.nguyenanh\.m2\repository\io\opentelemetry\opentelemetry-sdk-common\1.12.0\opentelemetry-sdk-common-1.12.0.jar;C:\Users\dung.nguyenanh\.m2\repository\io\opentelemetry\opentelemetry-sdk-extension-autoconfigure-spi\1.12.0\opentelemetry-sdk-extension-autoconfigure-spi-1.12.0.jar;C:\Users\dung.nguyenanh\.m2\repository\io\opentelemetry\opentelemetry-sdk-extension-autoconfigure\1.12.0-alpha\opentelemetry-sdk-extension-autoconfigure-1.12.0-alpha.jar;C:\Users\dung.nguyenanh\.m2\repository\io\opentelemetry\opentelemetry-sdk-trace\1.12.0\opentelemetry-sdk-trace-1.12.0.jar;C:\Users\dung.nguyenanh\.m2\repository\io\opentelemetry\opentelemetry-sdk\1.12.0\opentelemetry-sdk-1.12.0.jar;C:\Users\dung.nguyenanh\.m2\repository\io\opentelemetry\opentelemetry-semconv\1.12.0-alpha\opentelemetry-semconv-1.12.0-alpha.jar;C:\Users\dung.nguyenanh\.m2\repository\io\ous\jtoml\2.0.0\jtoml-2.0.0.jar;C:\Users\dung.nguyenanh\.m2\repository\org\apache\commons\commons-exec\1.3\commons-exec-1.3.jar;C:\Users\dung.nguyenanh\.m2\repository\org\asynchttpclient\async-http-client\2.12.3\async-http-client-2.12.3.jar;C:\Users\dung.nguyenanh\.m2\repository\org\asynchttpclient\async-http-client-netty-utils\2.12.3\async-http-client-netty-utils-2.12.3.jar;C:\Users\dung.nguyenanh\.m2\repository\io\netty\netty-codec-socks\4.1.60.Final\netty-codec-socks-4.1.60.Final.jar;C:\Users\dung.nguyenanh\.m2\repository\io\netty\netty-handler-proxy\4.1.60.Final\netty-handler-proxy-4.1.60.Final.jar;C:\Users\dung.nguyenanh\.m2\repository\io\netty\netty-transport-native-epoll\4.1.60.Final\netty-transport-native-epoll-4.1.60.Final-linux-x86_64.jar;C:\Users\dung.nguyenanh\.m2\repository\io\netty\netty-transport-native-kqueue\4.1.60.Final\netty-transport-native-kqueue-4.1.60.Final-osx-x86_64.jar;C:\Users\dung.nguyenanh\.m2\repository\org\reactivestreams\reactive-streams\1.0.3\reactive-streams-1.0.3.jar;C:\Users\dung.nguyenanh\.m2\repository\com\typesafe\netty\netty-reactive-streams\2.0.4\netty-reactive-streams-2.0.4.jar;C:\Users\dung.nguyenanh\.m2\repository\org\seleniumhq\selenium\selenium-http\4.1.3\selenium-http-4.1.3.jar;C:\Users\dung.nguyenanh\.m2\repository\dev\failsafe\failsafe\3.2.3\failsafe-3.2.3.jar;C:\Users\dung.nguyenanh\.m2\repository\org\seleniumhq\selenium\selenium-safari-driver\4.1.3\selenium-safari-driver-4.1.3.jar;C:\Users\dung.nguyenanh\.m2\repository\org\seleniumhq\selenium\selenium-api\4.1.3\selenium-api-4.1.3.jar;C:\Users\dung.nguyenanh\.m2\repository\org\seleniumhq\selenium\selenium-support\4.1.3\selenium-support-4.1.3.jar;C:\Users\dung.nguyenanh\.m2\repository\com\google\auto\service\auto-service-annotations\1.0.1\auto-service-annotations-1.0.1.jar;C:\Users\dung.nguyenanh\.m2\repository\com\google\auto\service\auto-service\1.0.1\auto-service-1.0.1.jar;C:\Users\dung.nguyenanh\.m2\repository\com\google\auto\auto-common\1.2\auto-common-1.2.jar;C:\Users\dung.nguyenanh\.m2\repository\org\seleniumhq\selenium\selenium-json\4.1.3\selenium-json-4.1.3.jar;C:\Users\dung.nguyenanh\.m2\repository\org\seleniumhq\selenium\selenium-chrome-driver\4.1.3\selenium-chrome-driver-4.1.3.jar;C:\Users\dung.nguyenanh\.m2\repository\org\seleniumhq\selenium\selenium-chromium-driver\4.1.3\selenium-chromium-driver-4.1.3.jar;C:\Users\dung.nguyenanh\.m2\repository\org\seleniumhq\selenium\selenium-firefox-driver\4.1.3\selenium-firefox-driver-4.1.3.jar;C:\Users\dung.nguyenanh\.m2\repository\org\seleniumhq\selenium\selenium-edge-driver\4.1.3\selenium-edge-driver-4.1.3.jar;C:\Users\dung.nguyenanh\.m2\repository\org\seleniumhq\selenium\selenium-ie-driver\4.1.3\selenium-ie-driver-4.1.3.jar;C:\Users\dung.nguyenanh\.m2\repository\io\appium\java-client\8.0.0\java-client-8.0.0.jar;C:\Users\dung.nguyenanh\.m2\repository\commons-validator\commons-validator\1.7\commons-validator-1.7.jar;C:\Users\dung.nguyenanh\.m2\repository\commons-digester\commons-digester\2.1\commons-digester-2.1.jar;C:\Users\dung.nguyenanh\.m2\repository\org\aspectj\aspectjweaver\1.9.8\aspectjweaver-1.9.8.jar;C:\Users\dung.nguyenanh\.m2\repository\org\codehaus\groovy\groovy\3.0.10\groovy-3.0.10.jar;C:\Users\dung.nguyenanh\.m2\repository\net\sf\opencsv\opencsv\2.0\opencsv-2.0.jar;C:\Users\dung.nguyenanh\.m2\repository\commons-beanutils\commons-beanutils\1.9.4\commons-beanutils-1.9.4.jar;C:\Users\dung.nguyenanh\.m2\repository\org\apache\commons\commons-lang3\3.12.0\commons-lang3-3.12.0.jar;C:\Users\dung.nguyenanh\.m2\repository\commons-collections\commons-collections\3.2.2\commons-collections-3.2.2.jar;C:\Users\dung.nguyenanh\.m2\repository\org\fluentlenium\fluentlenium-core\0.10.2\fluentlenium-core-0.10.2.jar;C:\Users\dung.nguyenanh\.m2\repository\com\jhlabs\filters\2.0.235\filters-2.0.235.jar;C:\Users\dung.nguyenanh\.m2\repository\com\paulhammant\ngwebdriver\1.1.6\ngwebdriver-1.1.6.jar;C:\Users\dung.nguyenanh\.m2\repository\joda-time\joda-time\2.8.2\joda-time-2.8.2.jar;C:\Users\dung.nguyenanh\.m2\repository\org\hamcrest\hamcrest\2.2\hamcrest-2.2.jar;C:\Users\dung.nguyenanh\.m2\repository\com\google\jimfs\jimfs\1.2\jimfs-1.2.jar;C:\Users\dung.nguyenanh\.m2\repository\org\mockito\mockito-core\3.3.3\mockito-core-3.3.3.jar;C:\Users\dung.nguyenanh\.m2\repository\javax\xml\bind\jaxb-api\2.3.1\jaxb-api-2.3.1.jar;C:\Users\dung.nguyenanh\.m2\repository\javax\activation\javax.activation-api\1.2.0\javax.activation-api-1.2.0.jar;C:\Users\dung.nguyenanh\.m2\repository\com\sun\xml\bind\jaxb-core\2.3.0.1\jaxb-core-2.3.0.1.jar;C:\Users\dung.nguyenanh\.m2\repository\com\sun\xml\bind\jaxb-impl\2.3.3\jaxb-impl-2.3.3.jar;C:\Users\dung.nguyenanh\.m2\repository\jakarta\xml\bind\jakarta.xml.bind-api\2.3.3\jakarta.xml.bind-api-2.3.3.jar;C:\Users\dung.nguyenanh\.m2\repository\com\sun\activation\jakarta.activation\1.2.2\jakarta.activation-1.2.2.jar;C:\Users\dung.nguyenanh\.m2\repository\javax\activation\activation\1.1.1\activation-1.1.1.jar;C:\Users\dung.nguyenanh\.m2\repository\net\serenity-bdd\serenity-cucumber\3.2.3\serenity-cucumber-3.2.3.jar;C:\Users\dung.nguyenanh\.m2\repository\io\cucumber\cucumber-core\7.2.3\cucumber-core-7.2.3.jar;C:\Users\dung.nguyenanh\.m2\repository\io\cucumber\cucumber-gherkin\7.2.3\cucumber-gherkin-7.2.3.jar;C:\Users\dung.nguyenanh\.m2\repository\io\cucumber\cucumber-gherkin-messages\7.2.3\cucumber-gherkin-messages-7.2.3.jar;C:\Users\dung.nguyenanh\.m2\repository\io\cucumber\messages\17.1.1\messages-17.1.1.jar;C:\Users\dung.nguyenanh\.m2\repository\io\cucumber\tag-expressions\4.1.0\tag-expressions-4.1.0.jar;C:\Users\dung.nguyenanh\.m2\repository\io\cucumber\cucumber-expressions\15.0.1\cucumber-expressions-15.0.1.jar;C:\Users\dung.nguyenanh\.m2\repository\io\cucumber\datatable\7.2.3\datatable-7.2.3.jar;C:\Users\dung.nguyenanh\.m2\repository\io\cucumber\cucumber-plugin\7.2.3\cucumber-plugin-7.2.3.jar;C:\Users\dung.nguyenanh\.m2\repository\io\cucumber\docstring\7.2.3\docstring-7.2.3.jar;C:\Users\dung.nguyenanh\.m2\repository\io\cucumber\html-formatter\17.0.0\html-formatter-17.0.0.jar;C:\Users\dung.nguyenanh\.m2\repository\io\cucumber\ci-environment\8.1.0\ci-environment-8.1.0.jar;C:\Users\dung.nguyenanh\.m2\repository\io\cucumber\cucumber-junit\7.2.3\cucumber-junit-7.2.3.jar;C:\Users\dung.nguyenanh\.m2\repository\org\apiguardian\apiguardian-api\1.1.2\apiguardian-api-1.1.2.jar;C:\Users\dung.nguyenanh\.m2\repository\org\apache\commons\commons-csv\1.5\commons-csv-1.5.jar;C:\Users\dung.nguyenanh\.m2\repository\net\serenity-bdd\serenity-screenplay\3.2.3\serenity-screenplay-3.2.3.jar;C:\Users\dung.nguyenanh\.m2\repository\net\serenity-bdd\serenity-screenplay-webdriver\3.2.3\serenity-screenplay-webdriver-3.2.3.jar;C:\Users\dung.nguyenanh\.m2\repository\net\serenity-bdd\serenity-ensure\3.2.3\serenity-ensure-3.2.3.jar;C:\Users\dung.nguyenanh\.m2\repository\net\serenity-bdd\serenity-junit\3.2.3\serenity-junit-3.2.3.jar;C:\Users\dung.nguyenanh\.m2\repository\org\jetbrains\kotlin\kotlin-stdlib\1.6.0\kotlin-stdlib-1.6.0.jar;C:\Users\dung.nguyenanh\.m2\repository\org\jetbrains\annotations\13.0\annotations-13.0.jar;C:\Users\dung.nguyenanh\.m2\repository\org\jetbrains\kotlin\kotlin-stdlib-common\1.6.0\kotlin-stdlib-common-1.6.0.jar;C:\Users\dung.nguyenanh\.m2\repository\junit\junit\4.13.2\junit-4.13.2.jar;C:\Users\dung.nguyenanh\.m2\repository\org\hamcrest\hamcrest-core\1.3\hamcrest-core-1.3.jar;C:\Users\dung.nguyenanh\.m2\repository\org\projectlombok\lombok\1.18.22\lombok-1.18.22.jar;C:\Users\dung.nguyenanh\.m2\repository\ch\qos\logback\logback-classic\1.2.11\logback-classic-1.2.11.jar;C:\Users\dung.nguyenanh\.m2\repository\ch\qos\logback\logback-core\1.2.11\logback-core-1.2.11.jar;C:\Users\dung.nguyenanh\.m2\repository\org\slf4j\slf4j-api\1.7.32\slf4j-api-1.7.32.jar;C:\Users\dung.nguyenanh\.m2\repository\org\assertj\assertj-core\3.22.0\assertj-core-3.22.0.jar;C:\Users\dung.nguyenanh\.m2\repository\io\github\bonigarcia\webdrivermanager\5.1.1\webdrivermanager-5.1.1.jar;C:\Users\dung.nguyenanh\.m2\repository\com\github\docker-java\docker-java\3.2.13\docker-java-3.2.13.jar;C:\Users\dung.nguyenanh\.m2\repository\com\github\docker-java\docker-java-core\3.2.13\docker-java-core-3.2.13.jar;C:\Users\dung.nguyenanh\.m2\repository\com\github\docker-java\docker-java-api\3.2.13\docker-java-api-3.2.13.jar;C:\Users\dung.nguyenanh\.m2\repository\org\apache\commons\commons-compress\1.21\commons-compress-1.21.jar;C:\Users\dung.nguyenanh\.m2\repository\org\bouncycastle\bcpkix-jdk15on\1.64\bcpkix-jdk15on-1.64.jar;C:\Users\dung.nguyenanh\.m2\repository\org\bouncycastle\bcprov-jdk15on\1.64\bcprov-jdk15on-1.64.jar;C:\Users\dung.nguyenanh\.m2\repository\org\slf4j\jcl-over-slf4j\1.7.30\jcl-over-slf4j-1.7.30.jar;C:\Users\dung.nguyenanh\.m2\repository\com\github\docker-java\docker-java-transport-httpclient5\3.2.13\docker-java-transport-httpclient5-3.2.13.jar;C:\Users\dung.nguyenanh\.m2\repository\com\github\docker-java\docker-java-transport\3.2.13\docker-java-transport-3.2.13.jar;C:\Users\dung.nguyenanh\.m2\repository\net\java\dev\jna\jna\5.8.0\jna-5.8.0.jar;C:\Users\dung.nguyenanh\.m2\repository\org\brotli\dec\0.1.2\dec-0.1.2.jar;C:\Users\dung.nguyenanh\.m2\repository\org\apache\httpcomponents\client5\httpclient5\5.1.3\httpclient5-5.1.3.jar;C:\Users\dung.nguyenanh\.m2\repository\org\apache\httpcomponents\core5\httpcore5\5.1.3\httpcore5-5.1.3.jar;C:\Users\dung.nguyenanh\.m2\repository\org\apache\httpcomponents\core5\httpcore5-h2\5.1.3\httpcore5-h2-5.1.3.jar;C:\Users\dung.nguyenanh\.m2\repository\org\hamcrest\hamcrest-all\1.3\hamcrest-all-1.3.jar;C:\Users\dung.nguyenanh\.m2\repository\org\apache\maven\plugins\maven-failsafe-plugin\3.0.0-M5\maven-failsafe-plugin-3.0.0-M5.jar;C:\Users\dung.nguyenanh\.m2\repository\org\apache\maven\surefire\maven-surefire-common\3.0.0-M5\maven-surefire-common-3.0.0-M5.jar;C:\Users\dung.nguyenanh\.m2\repository\org\apache\maven\surefire\surefire-api\3.0.0-M5\surefire-api-3.0.0-M5.jar;C:\Users\dung.nguyenanh\.m2\repository\org\apache\maven\surefire\surefire-logger-api\3.0.0-M5\surefire-logger-api-3.0.0-M5.jar;C:\Users\dung.nguyenanh\.m2\repository\org\apache\maven\surefire\surefire-extensions-api\3.0.0-M5\surefire-extensions-api-3.0.0-M5.jar;C:\Users\dung.nguyenanh\.m2\repository\org\apache\maven\surefire\surefire-booter\3.0.0-M5\surefire-booter-3.0.0-M5.jar;C:\Users\dung.nguyenanh\.m2\repository\org\apache\maven\surefire\surefire-extensions-spi\3.0.0-M5\surefire-extensions-spi-3.0.0-M5.jar;C:\Users\dung.nguyenanh\.m2\repository\org\apache\maven\maven-toolchain\3.0-alpha-2\maven-toolchain-3.0-alpha-2.jar;C:\Users\dung.nguyenanh\.m2\repository\org\apache\maven\shared\maven-artifact-transfer\0.11.0\maven-artifact-transfer-0.11.0.jar;C:\Users\dung.nguyenanh\.m2\repository\org\apache\maven\shared\maven-common-artifact-filters\3.0.1\maven-common-artifact-filters-3.0.1.jar;C:\Users\dung.nguyenanh\.m2\repository\org\apache\maven\maven-model\3.0\maven-model-3.0.jar;C:\Users\dung.nguyenanh\.m2\repository\org\apache\maven\maven-plugin-api\3.0\maven-plugin-api-3.0.jar;C:\Users\dung.nguyenanh\.m2\repository\org\sonatype\sisu\sisu-inject-plexus\1.4.2\sisu-inject-plexus-1.4.2.jar;C:\Users\dung.nguyenanh\.m2\repository\org\codehaus\plexus\plexus-classworlds\2.2.3\plexus-classworlds-2.2.3.jar;C:\Users\dung.nguyenanh\.m2\repository\org\sonatype\sisu\sisu-inject-bean\1.4.2\sisu-inject-bean-1.4.2.jar;C:\Users\dung.nguyenanh\.m2\repository\org\sonatype\sisu\sisu-guice\2.1.7\sisu-guice-2.1.7-noaop.jar;C:\Users\dung.nguyenanh\.m2\repository\org\apache\maven\shared\maven-shared-utils\3.1.0\maven-shared-utils-3.1.0.jar;C:\Users\dung.nguyenanh\.m2\repository\org\codehaus\plexus\plexus-java\1.0.5\plexus-java-1.0.5.jar;C:\Users\dung.nguyenanh\.m2\repository\org\ow2\asm\asm\7.2\asm-7.2.jar;C:\Users\dung.nguyenanh\.m2\repository\com\thoughtworks\qdox\qdox\2.0-M9\qdox-2.0-M9.jar;C:\Users\dung.nguyenanh\.m2\repository\org\apache\maven\surefire\surefire-shared-utils\3.0.0-M4\surefire-shared-utils-3.0.0-M4.jar;"/>
    <property name="java.vm.vendor" value="Oracle Corporation"/>
    <property name="sun.arch.data.model" value="64"/>
    <property name="user.variant" value=""/>
    <property name="java.vendor.url" value="http://java.oracle.com/"/>
    <property name="user.timezone" value="Asia/Bangkok"/>
    <property name="java.vm.specification.version" value="1.8"/>
    <property name="os.name" value="Windows 10"/>
    <property name="user.country" value="US"/>
    <property name="sun.java.launcher" value="SUN_STANDARD"/>
    <property name="sun.boot.library.path" value="C:\Program Files\Java\jdk1.8.0_321\jre\bin"/>
    <property name="sun.java.command" value="C:\Users\dung.nguyenanh\AppData\Local\Temp\surefire4224739569186328681\surefirebooter8604534610500370851.jar C:\Users\dung.nguyenanh\AppData\Local\Temp\surefire4224739569186328681 2022-05-09T11-57-29_397-jvmRun1 surefire8480493979822696981tmp surefire_05333781808413868449tmp"/>
    <property name="surefire.test.class.path" value="D:\Pratice\serenity_homework\target\test-classes;D:\Pratice\serenity_homework\target\serenity_homework-1.0-SNAPSHOT.jar;C:\Users\dung.nguyenanh\.m2\repository\net\serenity-bdd\serenity-core\3.2.3\serenity-core-3.2.3.jar;C:\Users\dung.nguyenanh\.m2\repository\net\serenity-bdd\serenity-model\3.2.3\serenity-model-3.2.3.jar;C:\Users\dung.nguyenanh\.m2\repository\org\apache\commons\commons-text\1.9\commons-text-1.9.jar;C:\Users\dung.nguyenanh\.m2\repository\commons-net\commons-net\3.8.0\commons-net-3.8.0.jar;C:\Users\dung.nguyenanh\.m2\repository\com\google\guava\guava\31.1-jre\guava-31.1-jre.jar;C:\Users\dung.nguyenanh\.m2\repository\com\google\guava\failureaccess\1.0.1\failureaccess-1.0.1.jar;C:\Users\dung.nguyenanh\.m2\repository\com\google\guava\listenablefuture\9999.0-empty-to-avoid-conflict-with-guava\listenablefuture-9999.0-empty-to-avoid-conflict-with-guava.jar;C:\Users\dung.nguyenanh\.m2\repository\com\google\code\findbugs\jsr305\3.0.2\jsr305-3.0.2.jar;C:\Users\dung.nguyenanh\.m2\repository\org\checkerframework\checker-qual\3.12.0\checker-qual-3.12.0.jar;C:\Users\dung.nguyenanh\.m2\repository\com\google\errorprone\error_prone_annotations\2.11.0\error_prone_annotations-2.11.0.jar;C:\Users\dung.nguyenanh\.m2\repository\com\google\j2objc\j2objc-annotations\1.3\j2objc-annotations-1.3.jar;C:\Users\dung.nguyenanh\.m2\repository\com\google\inject\guice\5.1.0\guice-5.1.0.jar;C:\Users\dung.nguyenanh\.m2\repository\javax\inject\javax.inject\1\javax.inject-1.jar;C:\Users\dung.nguyenanh\.m2\repository\aopalliance\aopalliance\1.0\aopalliance-1.0.jar;C:\Users\dung.nguyenanh\.m2\repository\org\jsoup\jsoup\1.14.3\jsoup-1.14.3.jar;C:\Users\dung.nguyenanh\.m2\repository\com\thoughtworks\xstream\xstream\1.4.19\xstream-1.4.19.jar;C:\Users\dung.nguyenanh\.m2\repository\io\github\x-stream\mxparser\1.2.2\mxparser-1.2.2.jar;C:\Users\dung.nguyenanh\.m2\repository\xmlpull\xmlpull\1.1.3.1\xmlpull-1.1.3.1.jar;C:\Users\dung.nguyenanh\.m2\repository\io\cucumber\cucumber-java\7.2.3\cucumber-java-7.2.3.jar;C:\Users\dung.nguyenanh\.m2\repository\com\typesafe\config\1.4.2\config-1.4.2.jar;C:\Users\dung.nguyenanh\.m2\repository\org\imgscalr\imgscalr-lib\4.2\imgscalr-lib-4.2.jar;C:\Users\dung.nguyenanh\.m2\repository\org\awaitility\awaitility\4.2.0\awaitility-4.2.0.jar;C:\Users\dung.nguyenanh\.m2\repository\org\freemarker\freemarker\2.3.31\freemarker-2.3.31.jar;C:\Users\dung.nguyenanh\.m2\repository\io\github\classgraph\classgraph\4.8.138\classgraph-4.8.138.jar;C:\Users\dung.nguyenanh\.m2\repository\net\sourceforge\jexcelapi\jxl\2.6.12\jxl-2.6.12.jar;C:\Users\dung.nguyenanh\.m2\repository\net\bytebuddy\byte-buddy\1.12.8\byte-buddy-1.12.8.jar;C:\Users\dung.nguyenanh\.m2\repository\net\bytebuddy\byte-buddy-agent\1.12.8\byte-buddy-agent-1.12.8.jar;C:\Users\dung.nguyenanh\.m2\repository\org\objenesis\objenesis\3.1\objenesis-3.1.jar;C:\Users\dung.nguyenanh\.m2\repository\net\serenity-bdd\serenity-reports\3.2.3\serenity-reports-3.2.3.jar;C:\Users\dung.nguyenanh\.m2\repository\net\serenity-bdd\serenity-stats\3.2.3\serenity-stats-3.2.3.jar;C:\Users\dung.nguyenanh\.m2\repository\net\serenity-bdd\serenity-reports-configuration\3.2.3\serenity-reports-configuration-3.2.3.jar;C:\Users\dung.nguyenanh\.m2\repository\com\vladsch\flexmark\flexmark-all\0.34.30\flexmark-all-0.34.30.jar;C:\Users\dung.nguyenanh\.m2\repository\com\vladsch\flexmark\flexmark\0.34.30\flexmark-0.34.30.jar;C:\Users\dung.nguyenanh\.m2\repository\com\vladsch\flexmark\flexmark-ext-abbreviation\0.34.30\flexmark-ext-abbreviation-0.34.30.jar;C:\Users\dung.nguyenanh\.m2\repository\com\vladsch\flexmark\flexmark-ext-admonition\0.34.30\flexmark-ext-admonition-0.34.30.jar;C:\Users\dung.nguyenanh\.m2\repository\com\vladsch\flexmark\flexmark-ext-anchorlink\0.34.30\flexmark-ext-anchorlink-0.34.30.jar;C:\Users\dung.nguyenanh\.m2\repository\com\vladsch\flexmark\flexmark-ext-aside\0.34.30\flexmark-ext-aside-0.34.30.jar;C:\Users\dung.nguyenanh\.m2\repository\com\vladsch\flexmark\flexmark-ext-attributes\0.34.30\flexmark-ext-attributes-0.34.30.jar;C:\Users\dung.nguyenanh\.m2\repository\com\vladsch\flexmark\flexmark-ext-autolink\0.34.30\flexmark-ext-autolink-0.34.30.jar;C:\Users\dung.nguyenanh\.m2\repository\org\nibor\autolink\autolink\0.6.0\autolink-0.6.0.jar;C:\Users\dung.nguyenanh\.m2\repository\com\vladsch\flexmark\flexmark-ext-definition\0.34.30\flexmark-ext-definition-0.34.30.jar;C:\Users\dung.nguyenanh\.m2\repository\com\vladsch\flexmark\flexmark-ext-emoji\0.34.30\flexmark-ext-emoji-0.34.30.jar;C:\Users\dung.nguyenanh\.m2\repository\com\vladsch\flexmark\flexmark-ext-enumerated-reference\0.34.30\flexmark-ext-enumerated-reference-0.34.30.jar;C:\Users\dung.nguyenanh\.m2\repository\com\vladsch\flexmark\flexmark-ext-escaped-character\0.34.30\flexmark-ext-escaped-character-0.34.30.jar;C:\Users\dung.nguyenanh\.m2\repository\com\vladsch\flexmark\flexmark-ext-footnotes\0.34.30\flexmark-ext-footnotes-0.34.30.jar;C:\Users\dung.nguyenanh\.m2\repository\com\vladsch\flexmark\flexmark-ext-gfm-issues\0.34.30\flexmark-ext-gfm-issues-0.34.30.jar;C:\Users\dung.nguyenanh\.m2\repository\com\vladsch\flexmark\flexmark-ext-gfm-strikethrough\0.34.30\flexmark-ext-gfm-strikethrough-0.34.30.jar;C:\Users\dung.nguyenanh\.m2\repository\com\vladsch\flexmark\flexmark-ext-gfm-tables\0.34.30\flexmark-ext-gfm-tables-0.34.30.jar;C:\Users\dung.nguyenanh\.m2\repository\com\vladsch\flexmark\flexmark-ext-gfm-tasklist\0.34.30\flexmark-ext-gfm-tasklist-0.34.30.jar;C:\Users\dung.nguyenanh\.m2\repository\com\vladsch\flexmark\flexmark-ext-gfm-users\0.34.30\flexmark-ext-gfm-users-0.34.30.jar;C:\Users\dung.nguyenanh\.m2\repository\com\vladsch\flexmark\flexmark-ext-gitlab\0.34.30\flexmark-ext-gitlab-0.34.30.jar;C:\Users\dung.nguyenanh\.m2\repository\com\vladsch\flexmark\flexmark-ext-jekyll-front-matter\0.34.30\flexmark-ext-jekyll-front-matter-0.34.30.jar;C:\Users\dung.nguyenanh\.m2\repository\com\vladsch\flexmark\flexmark-ext-jekyll-tag\0.34.30\flexmark-ext-jekyll-tag-0.34.30.jar;C:\Users\dung.nguyenanh\.m2\repository\com\vladsch\flexmark\flexmark-ext-media-tags\0.34.30\flexmark-ext-media-tags-0.34.30.jar;C:\Users\dung.nguyenanh\.m2\repository\com\vladsch\flexmark\flexmark-test-util\0.34.30\flexmark-test-util-0.34.30.jar;C:\Users\dung.nguyenanh\.m2\repository\com\vladsch\flexmark\flexmark-ext-ins\0.34.30\flexmark-ext-ins-0.34.30.jar;C:\Users\dung.nguyenanh\.m2\repository\com\vladsch\flexmark\flexmark-ext-xwiki-macros\0.34.30\flexmark-ext-xwiki-macros-0.34.30.jar;C:\Users\dung.nguyenanh\.m2\repository\com\vladsch\flexmark\flexmark-ext-superscript\0.34.30\flexmark-ext-superscript-0.34.30.jar;C:\Users\dung.nguyenanh\.m2\repository\com\vladsch\flexmark\flexmark-ext-tables\0.34.30\flexmark-ext-tables-0.34.30.jar;C:\Users\dung.nguyenanh\.m2\repository\com\vladsch\flexmark\flexmark-ext-toc\0.34.30\flexmark-ext-toc-0.34.30.jar;C:\Users\dung.nguyenanh\.m2\repository\com\vladsch\flexmark\flexmark-ext-typographic\0.34.30\flexmark-ext-typographic-0.34.30.jar;C:\Users\dung.nguyenanh\.m2\repository\com\vladsch\flexmark\flexmark-ext-wikilink\0.34.30\flexmark-ext-wikilink-0.34.30.jar;C:\Users\dung.nguyenanh\.m2\repository\com\vladsch\flexmark\flexmark-ext-yaml-front-matter\0.34.30\flexmark-ext-yaml-front-matter-0.34.30.jar;C:\Users\dung.nguyenanh\.m2\repository\com\vladsch\flexmark\flexmark-ext-youtube-embedded\0.34.30\flexmark-ext-youtube-embedded-0.34.30.jar;C:\Users\dung.nguyenanh\.m2\repository\com\vladsch\flexmark\flexmark-formatter\0.34.30\flexmark-formatter-0.34.30.jar;C:\Users\dung.nguyenanh\.m2\repository\com\vladsch\flexmark\flexmark-html-parser\0.34.30\flexmark-html-parser-0.34.30.jar;C:\Users\dung.nguyenanh\.m2\repository\com\vladsch\flexmark\flexmark-jira-converter\0.34.30\flexmark-jira-converter-0.34.30.jar;C:\Users\dung.nguyenanh\.m2\repository\com\vladsch\flexmark\flexmark-pdf-converter\0.34.30\flexmark-pdf-converter-0.34.30.jar;C:\Users\dung.nguyenanh\.m2\repository\com\openhtmltopdf\openhtmltopdf-core\0.0.1-RC13\openhtmltopdf-core-0.0.1-RC13.jar;C:\Users\dung.nguyenanh\.m2\repository\com\openhtmltopdf\openhtmltopdf-pdfbox\0.0.1-RC13\openhtmltopdf-pdfbox-0.0.1-RC13.jar;C:\Users\dung.nguyenanh\.m2\repository\org\apache\pdfbox\pdfbox\2.0.8\pdfbox-2.0.8.jar;C:\Users\dung.nguyenanh\.m2\repository\org\apache\pdfbox\fontbox\2.0.8\fontbox-2.0.8.jar;C:\Users\dung.nguyenanh\.m2\repository\commons-logging\commons-logging\1.2\commons-logging-1.2.jar;C:\Users\dung.nguyenanh\.m2\repository\org\apache\pdfbox\xmpbox\2.0.8\xmpbox-2.0.8.jar;C:\Users\dung.nguyenanh\.m2\repository\de\rototor\pdfbox\graphics2d\0.12\graphics2d-0.12.jar;C:\Users\dung.nguyenanh\.m2\repository\com\openhtmltopdf\openhtmltopdf-rtl-support\0.0.1-RC13\openhtmltopdf-rtl-support-0.0.1-RC13.jar;C:\Users\dung.nguyenanh\.m2\repository\com\ibm\icu\icu4j\59.1\icu4j-59.1.jar;C:\Users\dung.nguyenanh\.m2\repository\com\openhtmltopdf\openhtmltopdf-jsoup-dom-converter\0.0.1-RC13\openhtmltopdf-jsoup-dom-converter-0.0.1-RC13.jar;C:\Users\dung.nguyenanh\.m2\repository\com\vladsch\flexmark\flexmark-profile-pegdown\0.34.30\flexmark-profile-pegdown-0.34.30.jar;C:\Users\dung.nguyenanh\.m2\repository\com\vladsch\flexmark\flexmark-util\0.34.30\flexmark-util-0.34.30.jar;C:\Users\dung.nguyenanh\.m2\repository\com\vladsch\flexmark\flexmark-youtrack-converter\0.34.30\flexmark-youtrack-converter-0.34.30.jar;C:\Users\dung.nguyenanh\.m2\repository\es\nitaur\markdown\txtmark\0.16\txtmark-0.16.jar;C:\Users\dung.nguyenanh\.m2\repository\net\serenity-bdd\serenity-report-resources\3.2.3\serenity-report-resources-3.2.3.jar;C:\Users\dung.nguyenanh\.m2\repository\com\google\code\gson\gson\2.9.0\gson-2.9.0.jar;C:\Users\dung.nguyenanh\.m2\repository\com\fasterxml\jackson\core\jackson-core\2.13.2\jackson-core-2.13.2.jar;C:\Users\dung.nguyenanh\.m2\repository\com\fasterxml\jackson\core\jackson-databind\2.13.2\jackson-databind-2.13.2.jar;C:\Users\dung.nguyenanh\.m2\repository\com\fasterxml\jackson\core\jackson-annotations\2.13.2\jackson-annotations-2.13.2.jar;C:\Users\dung.nguyenanh\.m2\repository\commons-codec\commons-codec\1.15\commons-codec-1.15.jar;C:\Users\dung.nguyenanh\.m2\repository\commons-io\commons-io\2.11.0\commons-io-2.11.0.jar;C:\Users\dung.nguyenanh\.m2\repository\org\seleniumhq\selenium\selenium-java\4.1.3\selenium-java-4.1.3.jar;C:\Users\dung.nguyenanh\.m2\repository\org\seleniumhq\selenium\selenium-devtools-v85\4.1.3\selenium-devtools-v85-4.1.3.jar;C:\Users\dung.nguyenanh\.m2\repository\org\seleniumhq\selenium\selenium-devtools-v97\4.1.3\selenium-devtools-v97-4.1.3.jar;C:\Users\dung.nguyenanh\.m2\repository\org\seleniumhq\selenium\selenium-devtools-v98\4.1.3\selenium-devtools-v98-4.1.3.jar;C:\Users\dung.nguyenanh\.m2\repository\org\seleniumhq\selenium\selenium-devtools-v99\4.1.3\selenium-devtools-v99-4.1.3.jar;C:\Users\dung.nguyenanh\.m2\repository\org\seleniumhq\selenium\selenium-opera-driver\4.1.3\selenium-opera-driver-4.1.3.jar;C:\Users\dung.nguyenanh\.m2\repository\org\seleniumhq\selenium\selenium-remote-driver\4.1.3\selenium-remote-driver-4.1.3.jar;C:\Users\dung.nguyenanh\.m2\repository\com\beust\jcommander\1.82\jcommander-1.82.jar;C:\Users\dung.nguyenanh\.m2\repository\io\netty\netty-buffer\4.1.75.Final\netty-buffer-4.1.75.Final.jar;C:\Users\dung.nguyenanh\.m2\repository\io\netty\netty-codec-http\4.1.75.Final\netty-codec-http-4.1.75.Final.jar;C:\Users\dung.nguyenanh\.m2\repository\io\netty\netty-codec\4.1.75.Final\netty-codec-4.1.75.Final.jar;C:\Users\dung.nguyenanh\.m2\repository\io\netty\netty-handler\4.1.75.Final\netty-handler-4.1.75.Final.jar;C:\Users\dung.nguyenanh\.m2\repository\io\netty\netty-common\4.1.75.Final\netty-common-4.1.75.Final.jar;C:\Users\dung.nguyenanh\.m2\repository\io\netty\netty-transport-classes-epoll\4.1.75.Final\netty-transport-classes-epoll-4.1.75.Final.jar;C:\Users\dung.nguyenanh\.m2\repository\io\netty\netty-transport-classes-kqueue\4.1.75.Final\netty-transport-classes-kqueue-4.1.75.Final.jar;C:\Users\dung.nguyenanh\.m2\repository\io\netty\netty-transport-native-epoll\4.1.75.Final\netty-transport-native-epoll-4.1.75.Final.jar;C:\Users\dung.nguyenanh\.m2\repository\io\netty\netty-transport-native-kqueue\4.1.75.Final\netty-transport-native-kqueue-4.1.75.Final.jar;C:\Users\dung.nguyenanh\.m2\repository\io\netty\netty-transport-native-unix-common\4.1.75.Final\netty-transport-native-unix-common-4.1.75.Final.jar;C:\Users\dung.nguyenanh\.m2\repository\io\netty\netty-transport\4.1.75.Final\netty-transport-4.1.75.Final.jar;C:\Users\dung.nguyenanh\.m2\repository\io\netty\netty-resolver\4.1.75.Final\netty-resolver-4.1.75.Final.jar;C:\Users\dung.nguyenanh\.m2\repository\io\opentelemetry\opentelemetry-api\1.12.0\opentelemetry-api-1.12.0.jar;C:\Users\dung.nguyenanh\.m2\repository\io\opentelemetry\opentelemetry-context\1.12.0\opentelemetry-context-1.12.0.jar;C:\Users\dung.nguyenanh\.m2\repository\io\opentelemetry\opentelemetry-exporter-logging\1.12.0\opentelemetry-exporter-logging-1.12.0.jar;C:\Users\dung.nguyenanh\.m2\repository\io\opentelemetry\opentelemetry-sdk-metrics\1.12.0-alpha\opentelemetry-sdk-metrics-1.12.0-alpha.jar;C:\Users\dung.nguyenanh\.m2\repository\io\opentelemetry\opentelemetry-sdk-logs\1.12.0-alpha\opentelemetry-sdk-logs-1.12.0-alpha.jar;C:\Users\dung.nguyenanh\.m2\repository\io\opentelemetry\opentelemetry-sdk-common\1.12.0\opentelemetry-sdk-common-1.12.0.jar;C:\Users\dung.nguyenanh\.m2\repository\io\opentelemetry\opentelemetry-sdk-extension-autoconfigure-spi\1.12.0\opentelemetry-sdk-extension-autoconfigure-spi-1.12.0.jar;C:\Users\dung.nguyenanh\.m2\repository\io\opentelemetry\opentelemetry-sdk-extension-autoconfigure\1.12.0-alpha\opentelemetry-sdk-extension-autoconfigure-1.12.0-alpha.jar;C:\Users\dung.nguyenanh\.m2\repository\io\opentelemetry\opentelemetry-sdk-trace\1.12.0\opentelemetry-sdk-trace-1.12.0.jar;C:\Users\dung.nguyenanh\.m2\repository\io\opentelemetry\opentelemetry-sdk\1.12.0\opentelemetry-sdk-1.12.0.jar;C:\Users\dung.nguyenanh\.m2\repository\io\opentelemetry\opentelemetry-semconv\1.12.0-alpha\opentelemetry-semconv-1.12.0-alpha.jar;C:\Users\dung.nguyenanh\.m2\repository\io\ous\jtoml\2.0.0\jtoml-2.0.0.jar;C:\Users\dung.nguyenanh\.m2\repository\org\apache\commons\commons-exec\1.3\commons-exec-1.3.jar;C:\Users\dung.nguyenanh\.m2\repository\org\asynchttpclient\async-http-client\2.12.3\async-http-client-2.12.3.jar;C:\Users\dung.nguyenanh\.m2\repository\org\asynchttpclient\async-http-client-netty-utils\2.12.3\async-http-client-netty-utils-2.12.3.jar;C:\Users\dung.nguyenanh\.m2\repository\io\netty\netty-codec-socks\4.1.60.Final\netty-codec-socks-4.1.60.Final.jar;C:\Users\dung.nguyenanh\.m2\repository\io\netty\netty-handler-proxy\4.1.60.Final\netty-handler-proxy-4.1.60.Final.jar;C:\Users\dung.nguyenanh\.m2\repository\io\netty\netty-transport-native-epoll\4.1.60.Final\netty-transport-native-epoll-4.1.60.Final-linux-x86_64.jar;C:\Users\dung.nguyenanh\.m2\repository\io\netty\netty-transport-native-kqueue\4.1.60.Final\netty-transport-native-kqueue-4.1.60.Final-osx-x86_64.jar;C:\Users\dung.nguyenanh\.m2\repository\org\reactivestreams\reactive-streams\1.0.3\reactive-streams-1.0.3.jar;C:\Users\dung.nguyenanh\.m2\repository\com\typesafe\netty\netty-reactive-streams\2.0.4\netty-reactive-streams-2.0.4.jar;C:\Users\dung.nguyenanh\.m2\repository\org\seleniumhq\selenium\selenium-http\4.1.3\selenium-http-4.1.3.jar;C:\Users\dung.nguyenanh\.m2\repository\dev\failsafe\failsafe\3.2.3\failsafe-3.2.3.jar;C:\Users\dung.nguyenanh\.m2\repository\org\seleniumhq\selenium\selenium-safari-driver\4.1.3\selenium-safari-driver-4.1.3.jar;C:\Users\dung.nguyenanh\.m2\repository\org\seleniumhq\selenium\selenium-api\4.1.3\selenium-api-4.1.3.jar;C:\Users\dung.nguyenanh\.m2\repository\org\seleniumhq\selenium\selenium-support\4.1.3\selenium-support-4.1.3.jar;C:\Users\dung.nguyenanh\.m2\repository\com\google\auto\service\auto-service-annotations\1.0.1\auto-service-annotations-1.0.1.jar;C:\Users\dung.nguyenanh\.m2\repository\com\google\auto\service\auto-service\1.0.1\auto-service-1.0.1.jar;C:\Users\dung.nguyenanh\.m2\repository\com\google\auto\auto-common\1.2\auto-common-1.2.jar;C:\Users\dung.nguyenanh\.m2\repository\org\seleniumhq\selenium\selenium-json\4.1.3\selenium-json-4.1.3.jar;C:\Users\dung.nguyenanh\.m2\repository\org\seleniumhq\selenium\selenium-chrome-driver\4.1.3\selenium-chrome-driver-4.1.3.jar;C:\Users\dung.nguyenanh\.m2\repository\org\seleniumhq\selenium\selenium-chromium-driver\4.1.3\selenium-chromium-driver-4.1.3.jar;C:\Users\dung.nguyenanh\.m2\repository\org\seleniumhq\selenium\selenium-firefox-driver\4.1.3\selenium-firefox-driver-4.1.3.jar;C:\Users\dung.nguyenanh\.m2\repository\org\seleniumhq\selenium\selenium-edge-driver\4.1.3\selenium-edge-driver-4.1.3.jar;C:\Users\dung.nguyenanh\.m2\repository\org\seleniumhq\selenium\selenium-ie-driver\4.1.3\selenium-ie-driver-4.1.3.jar;C:\Users\dung.nguyenanh\.m2\repository\io\appium\java-client\8.0.0\java-client-8.0.0.jar;C:\Users\dung.nguyenanh\.m2\repository\commons-validator\commons-validator\1.7\commons-validator-1.7.jar;C:\Users\dung.nguyenanh\.m2\repository\commons-digester\commons-digester\2.1\commons-digester-2.1.jar;C:\Users\dung.nguyenanh\.m2\repository\org\aspectj\aspectjweaver\1.9.8\aspectjweaver-1.9.8.jar;C:\Users\dung.nguyenanh\.m2\repository\org\codehaus\groovy\groovy\3.0.10\groovy-3.0.10.jar;C:\Users\dung.nguyenanh\.m2\repository\net\sf\opencsv\opencsv\2.0\opencsv-2.0.jar;C:\Users\dung.nguyenanh\.m2\repository\commons-beanutils\commons-beanutils\1.9.4\commons-beanutils-1.9.4.jar;C:\Users\dung.nguyenanh\.m2\repository\org\apache\commons\commons-lang3\3.12.0\commons-lang3-3.12.0.jar;C:\Users\dung.nguyenanh\.m2\repository\commons-collections\commons-collections\3.2.2\commons-collections-3.2.2.jar;C:\Users\dung.nguyenanh\.m2\repository\org\fluentlenium\fluentlenium-core\0.10.2\fluentlenium-core-0.10.2.jar;C:\Users\dung.nguyenanh\.m2\repository\com\jhlabs\filters\2.0.235\filters-2.0.235.jar;C:\Users\dung.nguyenanh\.m2\repository\com\paulhammant\ngwebdriver\1.1.6\ngwebdriver-1.1.6.jar;C:\Users\dung.nguyenanh\.m2\repository\joda-time\joda-time\2.8.2\joda-time-2.8.2.jar;C:\Users\dung.nguyenanh\.m2\repository\org\hamcrest\hamcrest\2.2\hamcrest-2.2.jar;C:\Users\dung.nguyenanh\.m2\repository\com\google\jimfs\jimfs\1.2\jimfs-1.2.jar;C:\Users\dung.nguyenanh\.m2\repository\org\mockito\mockito-core\3.3.3\mockito-core-3.3.3.jar;C:\Users\dung.nguyenanh\.m2\repository\javax\xml\bind\jaxb-api\2.3.1\jaxb-api-2.3.1.jar;C:\Users\dung.nguyenanh\.m2\repository\javax\activation\javax.activation-api\1.2.0\javax.activation-api-1.2.0.jar;C:\Users\dung.nguyenanh\.m2\repository\com\sun\xml\bind\jaxb-core\2.3.0.1\jaxb-core-2.3.0.1.jar;C:\Users\dung.nguyenanh\.m2\repository\com\sun\xml\bind\jaxb-impl\2.3.3\jaxb-impl-2.3.3.jar;C:\Users\dung.nguyenanh\.m2\repository\jakarta\xml\bind\jakarta.xml.bind-api\2.3.3\jakarta.xml.bind-api-2.3.3.jar;C:\Users\dung.nguyenanh\.m2\repository\com\sun\activation\jakarta.activation\1.2.2\jakarta.activation-1.2.2.jar;C:\Users\dung.nguyenanh\.m2\repository\javax\activation\activation\1.1.1\activation-1.1.1.jar;C:\Users\dung.nguyenanh\.m2\repository\net\serenity-bdd\serenity-cucumber\3.2.3\serenity-cucumber-3.2.3.jar;C:\Users\dung.nguyenanh\.m2\repository\io\cucumber\cucumber-core\7.2.3\cucumber-core-7.2.3.jar;C:\Users\dung.nguyenanh\.m2\repository\io\cucumber\cucumber-gherkin\7.2.3\cucumber-gherkin-7.2.3.jar;C:\Users\dung.nguyenanh\.m2\repository\io\cucumber\cucumber-gherkin-messages\7.2.3\cucumber-gherkin-messages-7.2.3.jar;C:\Users\dung.nguyenanh\.m2\repository\io\cucumber\messages\17.1.1\messages-17.1.1.jar;C:\Users\dung.nguyenanh\.m2\repository\io\cucumber\tag-expressions\4.1.0\tag-expressions-4.1.0.jar;C:\Users\dung.nguyenanh\.m2\repository\io\cucumber\cucumber-expressions\15.0.1\cucumber-expressions-15.0.1.jar;C:\Users\dung.nguyenanh\.m2\repository\io\cucumber\datatable\7.2.3\datatable-7.2.3.jar;C:\Users\dung.nguyenanh\.m2\repository\io\cucumber\cucumber-plugin\7.2.3\cucumber-plugin-7.2.3.jar;C:\Users\dung.nguyenanh\.m2\repository\io\cucumber\docstring\7.2.3\docstring-7.2.3.jar;C:\Users\dung.nguyenanh\.m2\repository\io\cucumber\html-formatter\17.0.0\html-formatter-17.0.0.jar;C:\Users\dung.nguyenanh\.m2\repository\io\cucumber\ci-environment\8.1.0\ci-environment-8.1.0.jar;C:\Users\dung.nguyenanh\.m2\repository\io\cucumber\cucumber-junit\7.2.3\cucumber-junit-7.2.3.jar;C:\Users\dung.nguyenanh\.m2\repository\org\apiguardian\apiguardian-api\1.1.2\apiguardian-api-1.1.2.jar;C:\Users\dung.nguyenanh\.m2\repository\org\apache\commons\commons-csv\1.5\commons-csv-1.5.jar;C:\Users\dung.nguyenanh\.m2\repository\net\serenity-bdd\serenity-screenplay\3.2.3\serenity-screenplay-3.2.3.jar;C:\Users\dung.nguyenanh\.m2\repository\net\serenity-bdd\serenity-screenplay-webdriver\3.2.3\serenity-screenplay-webdriver-3.2.3.jar;C:\Users\dung.nguyenanh\.m2\repository\net\serenity-bdd\serenity-ensure\3.2.3\serenity-ensure-3.2.3.jar;C:\Users\dung.nguyenanh\.m2\repository\net\serenity-bdd\serenity-junit\3.2.3\serenity-junit-3.2.3.jar;C:\Users\dung.nguyenanh\.m2\repository\org\jetbrains\kotlin\kotlin-stdlib\1.6.0\kotlin-stdlib-1.6.0.jar;C:\Users\dung.nguyenanh\.m2\repository\org\jetbrains\annotations\13.0\annotations-13.0.jar;C:\Users\dung.nguyenanh\.m2\repository\org\jetbrains\kotlin\kotlin-stdlib-common\1.6.0\kotlin-stdlib-common-1.6.0.jar;C:\Users\dung.nguyenanh\.m2\repository\junit\junit\4.13.2\junit-4.13.2.jar;C:\Users\dung.nguyenanh\.m2\repository\org\hamcrest\hamcrest-core\1.3\hamcrest-core-1.3.jar;C:\Users\dung.nguyenanh\.m2\repository\org\projectlombok\lombok\1.18.22\lombok-1.18.22.jar;C:\Users\dung.nguyenanh\.m2\repository\ch\qos\logback\logback-classic\1.2.11\logback-classic-1.2.11.jar;C:\Users\dung.nguyenanh\.m2\repository\ch\qos\logback\logback-core\1.2.11\logback-core-1.2.11.jar;C:\Users\dung.nguyenanh\.m2\repository\org\slf4j\slf4j-api\1.7.32\slf4j-api-1.7.32.jar;C:\Users\dung.nguyenanh\.m2\repository\org\assertj\assertj-core\3.22.0\assertj-core-3.22.0.jar;C:\Users\dung.nguyenanh\.m2\repository\io\github\bonigarcia\webdrivermanager\5.1.1\webdrivermanager-5.1.1.jar;C:\Users\dung.nguyenanh\.m2\repository\com\github\docker-java\docker-java\3.2.13\docker-java-3.2.13.jar;C:\Users\dung.nguyenanh\.m2\repository\com\github\docker-java\docker-java-core\3.2.13\docker-java-core-3.2.13.jar;C:\Users\dung.nguyenanh\.m2\repository\com\github\docker-java\docker-java-api\3.2.13\docker-java-api-3.2.13.jar;C:\Users\dung.nguyenanh\.m2\repository\org\apache\commons\commons-compress\1.21\commons-compress-1.21.jar;C:\Users\dung.nguyenanh\.m2\repository\org\bouncycastle\bcpkix-jdk15on\1.64\bcpkix-jdk15on-1.64.jar;C:\Users\dung.nguyenanh\.m2\repository\org\bouncycastle\bcprov-jdk15on\1.64\bcprov-jdk15on-1.64.jar;C:\Users\dung.nguyenanh\.m2\repository\org\slf4j\jcl-over-slf4j\1.7.30\jcl-over-slf4j-1.7.30.jar;C:\Users\dung.nguyenanh\.m2\repository\com\github\docker-java\docker-java-transport-httpclient5\3.2.13\docker-java-transport-httpclient5-3.2.13.jar;C:\Users\dung.nguyenanh\.m2\repository\com\github\docker-java\docker-java-transport\3.2.13\docker-java-transport-3.2.13.jar;C:\Users\dung.nguyenanh\.m2\repository\net\java\dev\jna\jna\5.8.0\jna-5.8.0.jar;C:\Users\dung.nguyenanh\.m2\repository\org\brotli\dec\0.1.2\dec-0.1.2.jar;C:\Users\dung.nguyenanh\.m2\repository\org\apache\httpcomponents\client5\httpclient5\5.1.3\httpclient5-5.1.3.jar;C:\Users\dung.nguyenanh\.m2\repository\org\apache\httpcomponents\core5\httpcore5\5.1.3\httpcore5-5.1.3.jar;C:\Users\dung.nguyenanh\.m2\repository\org\apache\httpcomponents\core5\httpcore5-h2\5.1.3\httpcore5-h2-5.1.3.jar;C:\Users\dung.nguyenanh\.m2\repository\org\hamcrest\hamcrest-all\1.3\hamcrest-all-1.3.jar;C:\Users\dung.nguyenanh\.m2\repository\org\apache\maven\plugins\maven-failsafe-plugin\3.0.0-M5\maven-failsafe-plugin-3.0.0-M5.jar;C:\Users\dung.nguyenanh\.m2\repository\org\apache\maven\surefire\maven-surefire-common\3.0.0-M5\maven-surefire-common-3.0.0-M5.jar;C:\Users\dung.nguyenanh\.m2\repository\org\apache\maven\surefire\surefire-api\3.0.0-M5\surefire-api-3.0.0-M5.jar;C:\Users\dung.nguyenanh\.m2\repository\org\apache\maven\surefire\surefire-logger-api\3.0.0-M5\surefire-logger-api-3.0.0-M5.jar;C:\Users\dung.nguyenanh\.m2\repository\org\apache\maven\surefire\surefire-extensions-api\3.0.0-M5\surefire-extensions-api-3.0.0-M5.jar;C:\Users\dung.nguyenanh\.m2\repository\org\apache\maven\surefire\surefire-booter\3.0.0-M5\surefire-booter-3.0.0-M5.jar;C:\Users\dung.nguyenanh\.m2\repository\org\apache\maven\surefire\surefire-extensions-spi\3.0.0-M5\surefire-extensions-spi-3.0.0-M5.jar;C:\Users\dung.nguyenanh\.m2\repository\org\apache\maven\maven-toolchain\3.0-alpha-2\maven-toolchain-3.0-alpha-2.jar;C:\Users\dung.nguyenanh\.m2\repository\org\apache\maven\shared\maven-artifact-transfer\0.11.0\maven-artifact-transfer-0.11.0.jar;C:\Users\dung.nguyenanh\.m2\repository\org\apache\maven\shared\maven-common-artifact-filters\3.0.1\maven-common-artifact-filters-3.0.1.jar;C:\Users\dung.nguyenanh\.m2\repository\org\apache\maven\maven-model\3.0\maven-model-3.0.jar;C:\Users\dung.nguyenanh\.m2\repository\org\apache\maven\maven-plugin-api\3.0\maven-plugin-api-3.0.jar;C:\Users\dung.nguyenanh\.m2\repository\org\sonatype\sisu\sisu-inject-plexus\1.4.2\sisu-inject-plexus-1.4.2.jar;C:\Users\dung.nguyenanh\.m2\repository\org\codehaus\plexus\plexus-classworlds\2.2.3\plexus-classworlds-2.2.3.jar;C:\Users\dung.nguyenanh\.m2\repository\org\sonatype\sisu\sisu-inject-bean\1.4.2\sisu-inject-bean-1.4.2.jar;C:\Users\dung.nguyenanh\.m2\repository\org\sonatype\sisu\sisu-guice\2.1.7\sisu-guice-2.1.7-noaop.jar;C:\Users\dung.nguyenanh\.m2\repository\org\apache\maven\shared\maven-shared-utils\3.1.0\maven-shared-utils-3.1.0.jar;C:\Users\dung.nguyenanh\.m2\repository\org\codehaus\plexus\plexus-java\1.0.5\plexus-java-1.0.5.jar;C:\Users\dung.nguyenanh\.m2\repository\org\ow2\asm\asm\7.2\asm-7.2.jar;C:\Users\dung.nguyenanh\.m2\repository\com\thoughtworks\qdox\qdox\2.0-M9\qdox-2.0-M9.jar;C:\Users\dung.nguyenanh\.m2\repository\org\apache\maven\surefire\surefire-shared-utils\3.0.0-M4\surefire-shared-utils-3.0.0-M4.jar;"/>
    <property name="sun.cpu.endian" value="little"/>
    <property name="user.home" value="C:\Users\dung.nguyenanh"/>
    <property name="user.language" value="en"/>
    <property name="java.specification.vendor" value="Oracle Corporation"/>
    <property name="java.home" value="C:\Program Files\Java\jdk1.8.0_321\jre"/>
    <property name="basedir" value="D:\Pratice\serenity_homework"/>
    <property name="file.separator" value="\"/>
    <property name="line.separator" value="&#10;"/>
    <property name="java.vm.specification.vendor" value="Oracle Corporation"/>
    <property name="java.specification.name" value="Java Platform API Specification"/>
    <property name="java.awt.graphicsenv" value="sun.awt.Win32GraphicsEnvironment"/>
    <property name="surefire.real.class.path" value="C:\Users\dung.nguyenanh\AppData\Local\Temp\surefire4224739569186328681\surefirebooter8604534610500370851.jar"/>
    <property name="sun.boot.class.path" value="C:\Program Files\Java\jdk1.8.0_321\jre\lib\resources.jar;C:\Program Files\Java\jdk1.8.0_321\jre\lib\rt.jar;C:\Program Files\Java\jdk1.8.0_321\jre\lib\sunrsasign.jar;C:\Program Files\Java\jdk1.8.0_321\jre\lib\jsse.jar;C:\Program Files\Java\jdk1.8.0_321\jre\lib\jce.jar;C:\Program Files\Java\jdk1.8.0_321\jre\lib\charsets.jar;C:\Program Files\Java\jdk1.8.0_321\jre\lib\jfr.jar;C:\Program Files\Java\jdk1.8.0_321\jre\classes"/>
    <property name="user.script" value=""/>
    <property name="java.protocol.handler.pkgs" value="com.google.common"/>
    <property name="sun.management.compiler" value="HotSpot 64-Bit Tiered Compilers"/>
    <property name="java.runtime.version" value="1.8.0_321-b07"/>
    <property name="user.name" value="dung.nguyenanh"/>
    <property name="path.separator" value=";"/>
    <property name="otel.metrics.exporter" value="none"/>
    <property name="os.version" value="10.0"/>
    <property name="java.endorsed.dirs" value="C:\Program Files\Java\jdk1.8.0_321\jre\lib\endorsed"/>
    <property name="java.runtime.name" value="Java(TM) SE Runtime Environment"/>
    <property name="otel.traces.exporter" value="none"/>
    <property name="file.encoding" value="Cp1252"/>
    <property name="java.vm.name" value="Java HotSpot(TM) 64-Bit Server VM"/>
    <property name="localRepository" value="C:\Users\dung.nguyenanh\.m2\repository"/>
    <property name="java.vendor.url.bug" value="http://bugreport.sun.com/bugreport/"/>
    <property name="java.io.tmpdir" value="C:\Users\DUNG~1.NGU\AppData\Local\Temp\"/>
    <property name="java.version" value="1.8.0_321"/>
    <property name="user.dir" value="D:\Pratice\serenity_homework"/>
    <property name="os.arch" value="amd64"/>
    <property name="java.vm.specification.name" value="Java Virtual Machine Specification"/>
    <property name="java.awt.printerjob" value="sun.awt.windows.WPrinterJob"/>
    <property name="sun.os.patch.level" value=""/>
    <property name="java.library.path" value="C:\Program Files\Java\jdk1.8.0_321\jre\bin;C:\Windows\Sun\Java\bin;C:\Windows\system32;C:\Windows;C:\Program Files\Common Files\Oracle\Java\javapath;C:\Program Files (x86)\Common Files\Oracle\Java\javapath;C:\Windows\system32;C:\Windows;C:\Windows\System32\Wbem;C:\Windows\System32\WindowsPowerShell\v1.0\;C:\Windows\System32\OpenSSH\;%JAVE_HOME%\bin;C:\Program Files\apache-maven-3.8.5\bin;C:\Program Files\Git\cmd;C:\Users\dung.nguyenanh\AppData\Local\Microsoft\WindowsApps;C:\Program Files (x86)\Sophos\Sophos SSL VPN Client\bin;C:\Users\dung.nguyenanh\AppData\Local\Programs\Microsoft VS Code\bin;%JAVE_HOME%\bin;C:\Program Files\apache-maven-3.8.5\bin;;."/>
    <property name="java.vm.info" value="mixed mode"/>
    <property name="java.vendor" value="Oracle Corporation"/>
    <property name="java.vm.version" value="25.321-b07"/>
    <property name="java.ext.dirs" value="C:\Program Files\Java\jdk1.8.0_321\jre\lib\ext;C:\Windows\Sun\Java\lib\ext"/>
    <property name="sun.io.unicode.encoding" value="UnicodeLittle"/>
    <property name="java.class.version" value="52.0"/>
  </properties>
  <testcase name="user login successful" classname="user login to the page successful" time="56.679">
    <error message="Timed out after 2 seconds. Element not found&#10;For documentation on this error, please visit: https://selenium.dev/exceptions/#no_such_element&#10;Build info: version: &apos;4.1.3&apos;, revision: &apos;7b1ebf28ef&apos;&#10;System info: host: &apos;LAPDELL-0226&apos;, ip: &apos;172.17.19.76&apos;, os.name: &apos;Windows 10&apos;, os.arch: &apos;amd64&apos;, os.version: &apos;10.0&apos;, java.version: &apos;1.8.0_321&apos;&#10;Driver info: driver.version: unknown" type="org.openqa.selenium.NoSuchElementException"><![CDATA[org.openqa.selenium.NoSuchElementException: 
Timed out after 2 seconds. Element not found
For documentation on this error, please visit: https://selenium.dev/exceptions/#no_such_element
Build info: version: '4.1.3', revision: '7b1ebf28ef'
System info: host: 'LAPDELL-0226', ip: '172.17.19.76', os.name: 'Windows 10', os.arch: 'amd64', os.version: '10.0', java.version: '1.8.0_321'
Driver info: driver.version: unknown
]]></error>
    <system-out><![CDATA[12:00:33.435 [main] INFO io.cucumber.core.plugin.SerenityReporter - Running feature from file:///D:/Pratice/serenity_homework/src/test/resources/features.login/login_sucess.feature
12:00:33.435 [main] WARN io.cucumber.core.plugin.SerenityReporter - Feature from file:///D:/Pratice/serenity_homework/src/test/resources/features.login/login_sucess.feature is not under the 'features' directory. Requirements report will not be correctly generated!
12:00:33.439 [main] DEBUG net.thucydides.core.steps.StepEventBus - Test suite started for story net.thucydides.core.model.Story@b5de0373
12:00:33.440 [main] INFO  - Test Suite Started: user login to the page successful
12:00:33.456 [main] INFO io.cucumber.core.plugin.SerenityReporter - Running feature from file:///D:/Pratice/serenity_homework/src/test/resources/features.login/login_unsuccess.feature
12:00:33.456 [main] WARN io.cucumber.core.plugin.SerenityReporter - Feature from file:///D:/Pratice/serenity_homework/src/test/resources/features.login/login_unsuccess.feature is not under the 'features' directory. Requirements report will not be correctly generated!
12:00:33.458 [main] DEBUG net.thucydides.core.steps.StepEventBus - Test suite started for story net.thucydides.core.model.Story@d30bc052
12:00:33.458 [main] INFO  - Test Suite Started: user login to the page unsuccessful
12:00:33.460 [main] INFO io.cucumber.core.plugin.SerenityReporter - Running feature from file:///D:/Pratice/serenity_homework/src/test/resources/features.login/login_sucess.feature
12:00:33.460 [main] WARN io.cucumber.core.plugin.SerenityReporter - Feature from file:///D:/Pratice/serenity_homework/src/test/resources/features.login/login_sucess.feature is not under the 'features' directory. Requirements report will not be correctly generated!
12:00:33.462 [main] DEBUG net.thucydides.core.steps.StepEventBus - Test suite started for story net.thucydides.core.model.Story@b5de0373
12:00:33.462 [main] INFO  - Test Suite Started: user login to the page successful

@unit123
Scenario Outline: user login successful                              &amp#27;[90m# src/test/resources/features.login/login_sucess.feature:9&amp#27;[0m
12:00:33.472 [main] INFO io.cucumber.core.plugin.SerenityReporter - Running feature from file:///D:/Pratice/serenity_homework/src/test/resources/features.login/login_sucess.feature
12:00:33.472 [main] WARN io.cucumber.core.plugin.SerenityReporter - Feature from file:///D:/Pratice/serenity_homework/src/test/resources/features.login/login_sucess.feature is not under the 'features' directory. Requirements report will not be correctly generated!
12:00:33.473 [main] INFO  - 
  _____   ___   ___   _____     ___   _____     _     ___   _____   ___   ___  
 |_   _| | __| / __| |_   _|   / __| |_   _|   /_\   | _ \ |_   _| | __| |   \ 
   | |   | _|  \__ \   | |     \__ \   | |    / _ \  |   /   | |   | _|  | |) |
   |_|   |___| |___/   |_|     |___/   |_|   /_/ \_\ |_|_\   |_|   |___| |___/ 

user login successful(user-login-to-the-page-successful;user-login-successful)
--------------------------------------------------------------------------------
12:00:33.502 [main] DEBUG io.github.bonigarcia.wdm.cache.ResolutionCache - Resolution chrome=101 in cache (valid until 12:13:55 09/05/2022 ICT)
12:00:33.503 [main] DEBUG io.github.bonigarcia.wdm.cache.ResolutionCache - Resolution chrome101=101.0.4951.41 in cache (valid until 22:55:19 09/05/2022 ICT)
12:00:33.503 [main] INFO io.github.bonigarcia.wdm.WebDriverManager - Using chromedriver 101.0.4951.41 (resolved driver for Chrome 101)
12:00:33.510 [main] DEBUG io.github.bonigarcia.wdm.WebDriverManager - Driver chromedriver 101.0.4951.41 found in cache
12:00:33.510 [main] INFO io.github.bonigarcia.wdm.WebDriverManager - Exporting webdriver.chrome.driver as C:\Users\dung.nguyenanh\.cache\selenium\chromedriver\win32\101.0.4951.41\chromedriver.exe
12:00:33.878 [Forwarding newSession on session null to remote] DEBUG org.asynchttpclient.netty.request.NettyRequestSender - Using pooled Channel '[id: 0x2ca4d89b, L:/172.17.19.76:56894 - R:hub-cloud.browserstack.com/173.234.104.3:80]' for 'POST' to 'http://nguynanhdng_QCrHDk:mNTnt9bgzxAqbAEVwh6Y@hub-cloud.browserstack.com/wd/hub/session'
12:00:33.878 [Forwarding newSession on session null to remote] DEBUG org.asynchttpclient.netty.request.NettyRequestSender - Using open Channel [id: 0x2ca4d89b, L:/172.17.19.76:56894 - R:hub-cloud.browserstack.com/173.234.104.3:80] for POST '/wd/hub/session'
12:00:41.330 [AsyncHttpClient-1-11] DEBUG org.asynchttpclient.netty.handler.HttpHandler - 

Request DefaultHttpRequest(decodeResult: success, version: HTTP/1.1)
POST /wd/hub/session HTTP/1.1
User-Agent: selenium/4.1.3 (java windows)
traceparent: 00-f0f979670473fad56e7b641db6c0980a-a60c7729317f7424-01
Content-Length: 511
Content-Type: application/json; charset=utf-8
host: hub-cloud.browserstack.com
authorization: Basic bmd1eW5hbmhkbmdfUUNySERrOm1OVG50OWJnenhBcWJBRVZ3aDZZ
accept: */*

Response DefaultHttpResponse(decodeResult: success, version: HTTP/1.1)
HTTP/1.1 200 OK
Server: nginx
Date: Mon, 09 May 2022 05:00:41 GMT
Content-Type: application/json; charset=utf-8
Transfer-Encoding: chunked
Connection: keep-alive
Source-From: 02
cache-control: no-cache

12:00:41.343 [AsyncHttpClient-1-11] DEBUG org.asynchttpclient.netty.channel.ChannelManager - Adding key: http://hub-cloud.browserstack.com:80 for channel [id: 0x2ca4d89b, L:/172.17.19.76:56894 - R:hub-cloud.browserstack.com/173.234.104.3:80]
12:00:41.774 [AsyncHttpClient-1-1] DEBUG org.asynchttpclient.netty.channel.DefaultChannelPool - Entry count for : http://hub-cloud.browserstack.com:80 : 1
12:00:42.866 [AsyncHttpClient-1-1] DEBUG org.asynchttpclient.netty.channel.DefaultChannelPool - Entry count for : http://hub-cloud.browserstack.com:80 : 1
12:00:43.970 [AsyncHttpClient-1-1] DEBUG org.asynchttpclient.netty.channel.DefaultChannelPool - Entry count for : http://hub-cloud.browserstack.com:80 : 1
12:00:45.066 [AsyncHttpClient-1-1] DEBUG org.asynchttpclient.netty.channel.DefaultChannelPool - Entry count for : http://hub-cloud.browserstack.com:80 : 1
12:00:45.462 [AsyncHttpClient-1-13] DEBUG org.asynchttpclient.netty.channel.NettyConnectListener - Trying to recover from failing to connect channel [id: 0x18d04ee9] with a retry value of true 
12:00:45.463 [AsyncHttpClient-1-13] DEBUG org.asynchttpclient.netty.request.NettyRequestSender - Trying to recover request DefaultFullHttpRequest(decodeResult: success, version: HTTP/1.1, content: EmptyByteBufBE)
GET /json/version HTTP/1.1
User-Agent: selenium/4.1.3 (java windows)
host: localhost:3984
accept: */*

12:00:46.168 [AsyncHttpClient-1-1] DEBUG org.asynchttpclient.netty.channel.DefaultChannelPool - Entry count for : http://hub-cloud.browserstack.com:80 : 1
12:00:47.266 [AsyncHttpClient-1-1] DEBUG org.asynchttpclient.netty.channel.DefaultChannelPool - Entry count for : http://hub-cloud.browserstack.com:80 : 1
12:00:48.369 [AsyncHttpClient-1-1] DEBUG org.asynchttpclient.netty.channel.DefaultChannelPool - Entry count for : http://hub-cloud.browserstack.com:80 : 1
12:00:49.469 [AsyncHttpClient-1-1] DEBUG org.asynchttpclient.netty.channel.DefaultChannelPool - Entry count for : http://hub-cloud.browserstack.com:80 : 1
12:00:49.562 [AsyncHttpClient-1-15] DEBUG org.asynchttpclient.netty.channel.NettyConnectListener - Trying to recover from failing to connect channel [id: 0x86ca5f89] with a retry value of true 
12:00:49.562 [AsyncHttpClient-1-15] DEBUG org.asynchttpclient.netty.request.NettyRequestSender - Trying to recover request DefaultFullHttpRequest(decodeResult: success, version: HTTP/1.1, content: EmptyByteBufBE)
GET /json/version HTTP/1.1
User-Agent: selenium/4.1.3 (java windows)
host: localhost:3984
accept: */*

12:00:50.567 [AsyncHttpClient-1-1] DEBUG org.asynchttpclient.netty.channel.DefaultChannelPool - Entry count for : http://hub-cloud.browserstack.com:80 : 1
12:00:51.670 [AsyncHttpClient-1-1] DEBUG org.asynchttpclient.netty.channel.DefaultChannelPool - Entry count for : http://hub-cloud.browserstack.com:80 : 1
12:00:52.766 [AsyncHttpClient-1-1] DEBUG org.asynchttpclient.netty.channel.DefaultChannelPool - Entry count for : http://hub-cloud.browserstack.com:80 : 1
12:00:53.663 [AsyncHttpClient-1-17] DEBUG org.asynchttpclient.netty.channel.NettyConnectListener - Trying to recover from failing to connect channel [id: 0x14d451c7] with a retry value of true 
12:00:53.663 [AsyncHttpClient-1-17] DEBUG org.asynchttpclient.netty.request.NettyRequestSender - Trying to recover request DefaultFullHttpRequest(decodeResult: success, version: HTTP/1.1, content: EmptyByteBufBE)
GET /json/version HTTP/1.1
User-Agent: selenium/4.1.3 (java windows)
host: localhost:3984
accept: */*

12:00:53.866 [AsyncHttpClient-1-1] DEBUG org.asynchttpclient.netty.channel.DefaultChannelPool - Entry count for : http://hub-cloud.browserstack.com:80 : 1
12:00:54.967 [AsyncHttpClient-1-1] DEBUG org.asynchttpclient.netty.channel.DefaultChannelPool - Entry count for : http://hub-cloud.browserstack.com:80 : 1
12:00:56.067 [AsyncHttpClient-1-1] DEBUG org.asynchttpclient.netty.channel.DefaultChannelPool - Entry count for : http://hub-cloud.browserstack.com:80 : 1
12:00:57.165 [AsyncHttpClient-1-1] DEBUG org.asynchttpclient.netty.channel.DefaultChannelPool - Entry count for : http://hub-cloud.browserstack.com:80 : 1
12:00:57.740 [AsyncHttpClient-1-3] DEBUG org.asynchttpclient.netty.channel.NettyConnectListener - Trying to recover from failing to connect channel [id: 0x73350a18] with a retry value of true 
12:00:57.741 [AsyncHttpClient-1-3] DEBUG org.asynchttpclient.netty.request.NettyRequestSender - Trying to recover request DefaultFullHttpRequest(decodeResult: success, version: HTTP/1.1, content: EmptyByteBufBE)
GET /json/version HTTP/1.1
User-Agent: selenium/4.1.3 (java windows)
host: localhost:3984
accept: */*

12:00:58.266 [AsyncHttpClient-1-1] DEBUG org.asynchttpclient.netty.channel.DefaultChannelPool - Entry count for : http://hub-cloud.browserstack.com:80 : 1
12:00:59.369 [AsyncHttpClient-1-1] DEBUG org.asynchttpclient.netty.channel.DefaultChannelPool - Entry count for : http://hub-cloud.browserstack.com:80 : 1
12:01:00.470 [AsyncHttpClient-1-1] DEBUG org.asynchttpclient.netty.channel.DefaultChannelPool - Entry count for : http://hub-cloud.browserstack.com:80 : 1
12:01:01.566 [AsyncHttpClient-1-1] DEBUG org.asynchttpclient.netty.channel.DefaultChannelPool - Entry count for : http://hub-cloud.browserstack.com:80 : 1
12:01:01.842 [AsyncHttpClient-1-5] DEBUG org.asynchttpclient.netty.channel.NettyConnectListener - Trying to recover from failing to connect channel [id: 0xe843d2fb] with a retry value of true 
12:01:01.842 [AsyncHttpClient-1-5] DEBUG org.asynchttpclient.netty.request.NettyRequestSender - Trying to recover request DefaultFullHttpRequest(decodeResult: success, version: HTTP/1.1, content: EmptyByteBufBE)
GET /json/version HTTP/1.1
User-Agent: selenium/4.1.3 (java windows)
host: localhost:3984
accept: */*

12:01:02.665 [AsyncHttpClient-1-1] DEBUG org.asynchttpclient.netty.channel.DefaultChannelPool - Entry count for : http://hub-cloud.browserstack.com:80 : 1
12:01:03.771 [AsyncHttpClient-1-1] DEBUG org.asynchttpclient.netty.channel.DefaultChannelPool - Entry count for : http://hub-cloud.browserstack.com:80 : 1
12:01:04.867 [AsyncHttpClient-1-1] DEBUG org.asynchttpclient.netty.channel.DefaultChannelPool - Entry count for : http://hub-cloud.browserstack.com:80 : 1
12:01:05.954 [AsyncHttpClient-1-7] DEBUG org.asynchttpclient.netty.channel.NettyConnectListener - Trying to recover from failing to connect channel [id: 0x1973a4ca] with a retry value of false 
12:01:05.955 [AsyncHttpClient-1-7] DEBUG org.asynchttpclient.netty.channel.NettyConnectListener - Failed to recover from connect exception: io.netty.channel.AbstractChannel$AnnotatedConnectException: Connection refused: no further information: localhost/0:0:0:0:0:0:0:1:3984 with channel [id: 0x1973a4ca]
12:01:05.955 [AsyncHttpClient-1-7] DEBUG org.asynchttpclient.AsyncCompletionHandler - Connection refused: no further information: localhost/0:0:0:0:0:0:0:1:3984
java.net.ConnectException: Connection refused: no further information: localhost/0:0:0:0:0:0:0:1:3984
	at org.asynchttpclient.netty.channel.NettyConnectListener.onFailure(NettyConnectListener.java:179)
	at org.asynchttpclient.netty.channel.NettyChannelConnector$1.onFailure(NettyChannelConnector.java:108)
	at org.asynchttpclient.netty.SimpleChannelFutureListener.operationComplete(SimpleChannelFutureListener.java:28)
	at org.asynchttpclient.netty.SimpleChannelFutureListener.operationComplete(SimpleChannelFutureListener.java:20)
	at io.netty.util.concurrent.DefaultPromise.notifyListener0(DefaultPromise.java:578)
	at io.netty.util.concurrent.DefaultPromise.notifyListeners0(DefaultPromise.java:571)
	at io.netty.util.concurrent.DefaultPromise.notifyListenersNow(DefaultPromise.java:550)
	at io.netty.util.concurrent.DefaultPromise.notifyListeners(DefaultPromise.java:491)
	at io.netty.util.concurrent.DefaultPromise.setValue0(DefaultPromise.java:616)
	at io.netty.util.concurrent.DefaultPromise.setFailure0(DefaultPromise.java:609)
	at io.netty.util.concurrent.DefaultPromise.tryFailure(DefaultPromise.java:117)
	at io.netty.channel.nio.AbstractNioChannel$AbstractNioUnsafe.fulfillConnectPromise(AbstractNioChannel.java:321)
	at io.netty.channel.nio.AbstractNioChannel$AbstractNioUnsafe.finishConnect(AbstractNioChannel.java:337)
	at io.netty.channel.nio.NioEventLoop.processSelectedKey(NioEventLoop.java:710)
	at io.netty.channel.nio.NioEventLoop.processSelectedKeysOptimized(NioEventLoop.java:658)
	at io.netty.channel.nio.NioEventLoop.processSelectedKeys(NioEventLoop.java:584)
	at io.netty.channel.nio.NioEventLoop.run(NioEventLoop.java:496)
	at io.netty.util.concurrent.SingleThreadEventExecutor$4.run(SingleThreadEventExecutor.java:986)
	at io.netty.util.internal.ThreadExecutorMap$2.run(ThreadExecutorMap.java:74)
	at io.netty.util.concurrent.FastThreadLocalRunnable.run(FastThreadLocalRunnable.java:30)
	at java.lang.Thread.run(Thread.java:750)
Caused by: io.netty.channel.AbstractChannel$AnnotatedConnectException: Connection refused: no further information: localhost/0:0:0:0:0:0:0:1:3984
Caused by: java.net.ConnectException: Connection refused: no further information
	at sun.nio.ch.SocketChannelImpl.checkConnect(Native Method)
	at sun.nio.ch.SocketChannelImpl.finishConnect(SocketChannelImpl.java:715)
	at io.netty.channel.socket.nio.NioSocketChannel.doFinishConnect(NioSocketChannel.java:330)
	at io.netty.channel.nio.AbstractNioChannel$AbstractNioUnsafe.finishConnect(AbstractNioChannel.java:334)
	at io.netty.channel.nio.NioEventLoop.processSelectedKey(NioEventLoop.java:710)
	at io.netty.channel.nio.NioEventLoop.processSelectedKeysOptimized(NioEventLoop.java:658)
	at io.netty.channel.nio.NioEventLoop.processSelectedKeys(NioEventLoop.java:584)
	at io.netty.channel.nio.NioEventLoop.run(NioEventLoop.java:496)
	at io.netty.util.concurrent.SingleThreadEventExecutor$4.run(SingleThreadEventExecutor.java:986)
	at io.netty.util.internal.ThreadExecutorMap$2.run(ThreadExecutorMap.java:74)
	at io.netty.util.concurrent.FastThreadLocalRunnable.run(FastThreadLocalRunnable.java:30)
	at java.lang.Thread.run(Thread.java:750)
12:01:05.969 [AsyncHttpClient-1-1] DEBUG org.asynchttpclient.netty.channel.DefaultChannelPool - Entry count for : http://hub-cloud.browserstack.com:80 : 1
12:01:05.985 [Forwarding get on session 801bdc4a6618ec25752c41909838fe48ee5c77b2 to remote] DEBUG org.asynchttpclient.netty.request.NettyRequestSender - Using pooled Channel '[id: 0x2ca4d89b, L:/172.17.19.76:56894 - R:hub-cloud.browserstack.com/173.234.104.3:80]' for 'POST' to 'http://nguynanhdng_QCrHDk:mNTnt9bgzxAqbAEVwh6Y@hub-cloud.browserstack.com/wd/hub/session/801bdc4a6618ec25752c41909838fe48ee5c77b2/url'
12:01:05.985 [Forwarding get on session 801bdc4a6618ec25752c41909838fe48ee5c77b2 to remote] DEBUG org.asynchttpclient.netty.request.NettyRequestSender - Using open Channel [id: 0x2ca4d89b, L:/172.17.19.76:56894 - R:hub-cloud.browserstack.com/173.234.104.3:80] for POST '/wd/hub/session/801bdc4a6618ec25752c41909838fe48ee5c77b2/url'
12:01:10.694 [AsyncHttpClient-1-11] DEBUG org.asynchttpclient.netty.handler.HttpHandler - 

Request DefaultHttpRequest(decodeResult: success, version: HTTP/1.1)
POST /wd/hub/session/801bdc4a6618ec25752c41909838fe48ee5c77b2/url HTTP/1.1
User-Agent: selenium/4.1.3 (java windows)
traceparent: 00-daf410c8584c25c046e3449be8477b9a-5ffca9abb953e060-01
Content-Length: 94
Content-Type: application/json; charset=utf-8
host: hub-cloud.browserstack.com
authorization: Basic bmd1eW5hbmhkbmdfUUNySERrOm1OVG50OWJnenhBcWJBRVZ3aDZZ
accept: */*

Response DefaultHttpResponse(decodeResult: success, version: HTTP/1.1)
HTTP/1.1 200 OK
Server: nginx
Date: Mon, 09 May 2022 05:01:10 GMT
Content-Type: application/json;charset=utf-8
Connection: keep-alive
Source-From: 02
expires: Thu, 01 Jan 1970 00:00:00 GMT
cache-control: no-cache, no-cache
temp-header: 3700-5157094706-1-1652072470.527-rproxy-core-001-dcp-apse2a-prod.browserstack.com
content-length: 14

12:01:10.695 [AsyncHttpClient-1-11] DEBUG org.asynchttpclient.netty.channel.ChannelManager - Adding key: http://hub-cloud.browserstack.com:80 for channel [id: 0x2ca4d89b, L:/172.17.19.76:56894 - R:hub-cloud.browserstack.com/173.234.104.3:80]
12:01:10.697 [Forwarding setTimeout on session 801bdc4a6618ec25752c41909838fe48ee5c77b2 to remote] DEBUG org.asynchttpclient.netty.request.NettyRequestSender - Using pooled Channel '[id: 0x2ca4d89b, L:/172.17.19.76:56894 - R:hub-cloud.browserstack.com/173.234.104.3:80]' for 'POST' to 'http://nguynanhdng_QCrHDk:mNTnt9bgzxAqbAEVwh6Y@hub-cloud.browserstack.com/wd/hub/session/801bdc4a6618ec25752c41909838fe48ee5c77b2/timeouts'
12:01:10.697 [Forwarding setTimeout on session 801bdc4a6618ec25752c41909838fe48ee5c77b2 to remote] DEBUG org.asynchttpclient.netty.request.NettyRequestSender - Using open Channel [id: 0x2ca4d89b, L:/172.17.19.76:56894 - R:hub-cloud.browserstack.com/173.234.104.3:80] for POST '/wd/hub/session/801bdc4a6618ec25752c41909838fe48ee5c77b2/timeouts'
12:01:11.515 [AsyncHttpClient-1-11] DEBUG org.asynchttpclient.netty.handler.HttpHandler - 

Request DefaultHttpRequest(decodeResult: success, version: HTTP/1.1)
POST /wd/hub/session/801bdc4a6618ec25752c41909838fe48ee5c77b2/timeouts HTTP/1.1
User-Agent: selenium/4.1.3 (java windows)
traceparent: 00-9164a5468aae357408ee8f56033fcc05-8d95f1ef9a5f6227-01
Content-Length: 22
Content-Type: application/json; charset=utf-8
host: hub-cloud.browserstack.com
authorization: Basic bmd1eW5hbmhkbmdfUUNySERrOm1OVG50OWJnenhBcWJBRVZ3aDZZ
accept: */*

Response DefaultHttpResponse(decodeResult: success, version: HTTP/1.1)
HTTP/1.1 200 OK
Server: nginx
Date: Mon, 09 May 2022 05:01:11 GMT
Content-Type: application/json;charset=utf-8
Connection: keep-alive
Source-From: 02
expires: Thu, 01 Jan 1970 00:00:00 GMT
cache-control: no-cache, no-cache
temp-header: 3698-5157096423-1-1652072471.238-rproxy-core-001-dcp-apse2a-prod.browserstack.com
content-length: 14

12:01:11.515 [AsyncHttpClient-1-11] DEBUG org.asynchttpclient.netty.channel.ChannelManager - Adding key: http://hub-cloud.browserstack.com:80 for channel [id: 0x2ca4d89b, L:/172.17.19.76:56894 - R:hub-cloud.browserstack.com/173.234.104.3:80]
12:01:11.518 [Forwarding getCurrentUrl on session 801bdc4a6618ec25752c41909838fe48ee5c77b2 to remote] DEBUG org.asynchttpclient.netty.request.NettyRequestSender - Using pooled Channel '[id: 0x2ca4d89b, L:/172.17.19.76:56894 - R:hub-cloud.browserstack.com/173.234.104.3:80]' for 'GET' to 'http://nguynanhdng_QCrHDk:mNTnt9bgzxAqbAEVwh6Y@hub-cloud.browserstack.com/wd/hub/session/801bdc4a6618ec25752c41909838fe48ee5c77b2/url'
12:01:11.519 [Forwarding getCurrentUrl on session 801bdc4a6618ec25752c41909838fe48ee5c77b2 to remote] DEBUG org.asynchttpclient.netty.request.NettyRequestSender - Using open Channel [id: 0x2ca4d89b, L:/172.17.19.76:56894 - R:hub-cloud.browserstack.com/173.234.104.3:80] for GET '/wd/hub/session/801bdc4a6618ec25752c41909838fe48ee5c77b2/url'
12:01:11.921 [AsyncHttpClient-1-11] DEBUG org.asynchttpclient.netty.handler.HttpHandler - 

Request DefaultFullHttpRequest(decodeResult: success, version: HTTP/1.1, content: EmptyByteBufBE)
GET /wd/hub/session/801bdc4a6618ec25752c41909838fe48ee5c77b2/url HTTP/1.1
User-Agent: selenium/4.1.3 (java windows)
Cache-Control: no-cache
traceparent: 00-b1437c87bda3f27c1bf46936b473f689-6249cc661a25f691-01
Content-Type: application/json; charset=utf-8
host: hub-cloud.browserstack.com
authorization: Basic bmd1eW5hbmhkbmdfUUNySERrOm1OVG50OWJnenhBcWJBRVZ3aDZZ
accept: */*

Response DefaultHttpResponse(decodeResult: success, version: HTTP/1.1)
HTTP/1.1 200 OK
Server: nginx
Date: Mon, 09 May 2022 05:01:11 GMT
Content-Type: application/json;charset=utf-8
Connection: keep-alive
Source-From: 02
expires: Thu, 01 Jan 1970 00:00:00 GMT
cache-control: no-cache, no-cache
temp-header: 2032-2500089471-1-1652072471.729-rproxy-core-002-dcp-apse2a-prod.browserstack.com
content-length: 61

12:01:11.921 [AsyncHttpClient-1-11] DEBUG org.asynchttpclient.netty.channel.ChannelManager - Adding key: http://hub-cloud.browserstack.com:80 for channel [id: 0x2ca4d89b, L:/172.17.19.76:56894 - R:hub-cloud.browserstack.com/173.234.104.3:80]
12:01:11.925 [Forwarding getCurrentUrl on session 801bdc4a6618ec25752c41909838fe48ee5c77b2 to remote] DEBUG org.asynchttpclient.netty.request.NettyRequestSender - Using pooled Channel '[id: 0x2ca4d89b, L:/172.17.19.76:56894 - R:hub-cloud.browserstack.com/173.234.104.3:80]' for 'GET' to 'http://nguynanhdng_QCrHDk:mNTnt9bgzxAqbAEVwh6Y@hub-cloud.browserstack.com/wd/hub/session/801bdc4a6618ec25752c41909838fe48ee5c77b2/url'
12:01:11.925 [Forwarding getCurrentUrl on session 801bdc4a6618ec25752c41909838fe48ee5c77b2 to remote] DEBUG org.asynchttpclient.netty.request.NettyRequestSender - Using open Channel [id: 0x2ca4d89b, L:/172.17.19.76:56894 - R:hub-cloud.browserstack.com/173.234.104.3:80] for GET '/wd/hub/session/801bdc4a6618ec25752c41909838fe48ee5c77b2/url'
12:01:12.262 [AsyncHttpClient-1-11] DEBUG org.asynchttpclient.netty.handler.HttpHandler - 

Request DefaultFullHttpRequest(decodeResult: success, version: HTTP/1.1, content: EmptyByteBufBE)
GET /wd/hub/session/801bdc4a6618ec25752c41909838fe48ee5c77b2/url HTTP/1.1
User-Agent: selenium/4.1.3 (java windows)
Cache-Control: no-cache
traceparent: 00-02be8f9754245c3de7a4a7c85e7818f2-2fe70f53d4ddf795-01
Content-Type: application/json; charset=utf-8
host: hub-cloud.browserstack.com
authorization: Basic bmd1eW5hbmhkbmdfUUNySERrOm1OVG50OWJnenhBcWJBRVZ3aDZZ
accept: */*

Response DefaultHttpResponse(decodeResult: success, version: HTTP/1.1)
HTTP/1.1 200 OK
Server: nginx
Date: Mon, 09 May 2022 05:01:12 GMT
Content-Type: application/json;charset=utf-8
Connection: keep-alive
Source-From: 02
expires: Thu, 01 Jan 1970 00:00:00 GMT
cache-control: no-cache, no-cache
temp-header: 3698-5157096701-1-1652072472.099-rproxy-core-001-dcp-apse2a-prod.browserstack.com
content-length: 61

12:01:12.262 [AsyncHttpClient-1-11] DEBUG org.asynchttpclient.netty.channel.ChannelManager - Adding key: http://hub-cloud.browserstack.com:80 for channel [id: 0x2ca4d89b, L:/172.17.19.76:56894 - R:hub-cloud.browserstack.com/173.234.104.3:80]
12:01:12.266 [Forwarding maximizeCurrentWindow on session 801bdc4a6618ec25752c41909838fe48ee5c77b2 to remote] DEBUG org.asynchttpclient.netty.request.NettyRequestSender - Using pooled Channel '[id: 0x2ca4d89b, L:/172.17.19.76:56894 - R:hub-cloud.browserstack.com/173.234.104.3:80]' for 'POST' to 'http://nguynanhdng_QCrHDk:mNTnt9bgzxAqbAEVwh6Y@hub-cloud.browserstack.com/wd/hub/session/801bdc4a6618ec25752c41909838fe48ee5c77b2/window/maximize'
12:01:12.266 [Forwarding maximizeCurrentWindow on session 801bdc4a6618ec25752c41909838fe48ee5c77b2 to remote] DEBUG org.asynchttpclient.netty.request.NettyRequestSender - Using open Channel [id: 0x2ca4d89b, L:/172.17.19.76:56894 - R:hub-cloud.browserstack.com/173.234.104.3:80] for POST '/wd/hub/session/801bdc4a6618ec25752c41909838fe48ee5c77b2/window/maximize'
12:01:12.746 [AsyncHttpClient-1-11] DEBUG org.asynchttpclient.netty.handler.HttpHandler - 

Request DefaultHttpRequest(decodeResult: success, version: HTTP/1.1)
POST /wd/hub/session/801bdc4a6618ec25752c41909838fe48ee5c77b2/window/maximize HTTP/1.1
User-Agent: selenium/4.1.3 (java windows)
traceparent: 00-b46e9f8dc98eac2da5214a6da321ab4f-a9b4f5eca712029d-01
Content-Length: 3
Content-Type: application/json; charset=utf-8
host: hub-cloud.browserstack.com
authorization: Basic bmd1eW5hbmhkbmdfUUNySERrOm1OVG50OWJnenhBcWJBRVZ3aDZZ
accept: */*

Response DefaultHttpResponse(decodeResult: success, version: HTTP/1.1)
HTTP/1.1 200 OK
Server: nginx
Date: Mon, 09 May 2022 05:01:12 GMT
Content-Type: application/json;charset=utf-8
Connection: keep-alive
Source-From: 02
expires: Thu, 01 Jan 1970 00:00:00 GMT
cache-control: no-cache, no-cache
temp-header: 3695-5157096797-1-1652072472.581-rproxy-core-001-dcp-apse2a-prod.browserstack.com
content-length: 52

12:01:12.747 [AsyncHttpClient-1-11] DEBUG org.asynchttpclient.netty.channel.ChannelManager - Adding key: http://hub-cloud.browserstack.com:80 for channel [id: 0x2ca4d89b, L:/172.17.19.76:56894 - R:hub-cloud.browserstack.com/173.234.104.3:80]
12:01:12.763 [main] DEBUG net.thucydides.core.steps.StepInterceptor - STARTING STEP: LoginStepDefs.the_user_enters_the_username_and_password - login
12:01:12.766 [Forwarding setTimeout on session 801bdc4a6618ec25752c41909838fe48ee5c77b2 to remote] DEBUG org.asynchttpclient.netty.request.NettyRequestSender - Using pooled Channel '[id: 0x2ca4d89b, L:/172.17.19.76:56894 - R:hub-cloud.browserstack.com/173.234.104.3:80]' for 'POST' to 'http://nguynanhdng_QCrHDk:mNTnt9bgzxAqbAEVwh6Y@hub-cloud.browserstack.com/wd/hub/session/801bdc4a6618ec25752c41909838fe48ee5c77b2/timeouts'
12:01:12.766 [Forwarding setTimeout on session 801bdc4a6618ec25752c41909838fe48ee5c77b2 to remote] DEBUG org.asynchttpclient.netty.request.NettyRequestSender - Using open Channel [id: 0x2ca4d89b, L:/172.17.19.76:56894 - R:hub-cloud.browserstack.com/173.234.104.3:80] for POST '/wd/hub/session/801bdc4a6618ec25752c41909838fe48ee5c77b2/timeouts'
12:01:13.032 [AsyncHttpClient-1-11] DEBUG org.asynchttpclient.netty.handler.HttpHandler - 

Request DefaultHttpRequest(decodeResult: success, version: HTTP/1.1)
POST /wd/hub/session/801bdc4a6618ec25752c41909838fe48ee5c77b2/timeouts HTTP/1.1
User-Agent: selenium/4.1.3 (java windows)
traceparent: 00-d0d51500b7e675f839eeae8b07716e31-a58412cf0ef6e29a-01
Content-Length: 19
Content-Type: application/json; charset=utf-8
host: hub-cloud.browserstack.com
authorization: Basic bmd1eW5hbmhkbmdfUUNySERrOm1OVG50OWJnenhBcWJBRVZ3aDZZ
accept: */*

Response DefaultHttpResponse(decodeResult: success, version: HTTP/1.1)
HTTP/1.1 200 OK
Server: nginx
Date: Mon, 09 May 2022 05:01:12 GMT
Content-Type: application/json;charset=utf-8
Connection: keep-alive
Source-From: 02
expires: Thu, 01 Jan 1970 00:00:00 GMT
cache-control: no-cache, no-cache
temp-header: 3692-5157096893-1-1652072472.867-rproxy-core-001-dcp-apse2a-prod.browserstack.com
content-length: 14

12:01:13.032 [AsyncHttpClient-1-11] DEBUG org.asynchttpclient.netty.channel.ChannelManager - Adding key: http://hub-cloud.browserstack.com:80 for channel [id: 0x2ca4d89b, L:/172.17.19.76:56894 - R:hub-cloud.browserstack.com/173.234.104.3:80]
12:01:13.034 [Forwarding findElement on session 801bdc4a6618ec25752c41909838fe48ee5c77b2 to remote] DEBUG org.asynchttpclient.netty.request.NettyRequestSender - Using pooled Channel '[id: 0x2ca4d89b, L:/172.17.19.76:56894 - R:hub-cloud.browserstack.com/173.234.104.3:80]' for 'POST' to 'http://nguynanhdng_QCrHDk:mNTnt9bgzxAqbAEVwh6Y@hub-cloud.browserstack.com/wd/hub/session/801bdc4a6618ec25752c41909838fe48ee5c77b2/element'
12:01:13.034 [Forwarding findElement on session 801bdc4a6618ec25752c41909838fe48ee5c77b2 to remote] DEBUG org.asynchttpclient.netty.request.NettyRequestSender - Using open Channel [id: 0x2ca4d89b, L:/172.17.19.76:56894 - R:hub-cloud.browserstack.com/173.234.104.3:80] for POST '/wd/hub/session/801bdc4a6618ec25752c41909838fe48ee5c77b2/element'
12:01:13.343 [AsyncHttpClient-1-11] DEBUG org.asynchttpclient.netty.handler.HttpHandler - 

Request DefaultHttpRequest(decodeResult: success, version: HTTP/1.1)
POST /wd/hub/session/801bdc4a6618ec25752c41909838fe48ee5c77b2/element HTTP/1.1
User-Agent: selenium/4.1.3 (java windows)
traceparent: 00-00c87ead8d0fc894c5b76ff04ee70495-bbf4e39c3ea1ed6e-01
Content-Length: 61
Content-Type: application/json; charset=utf-8
host: hub-cloud.browserstack.com
authorization: Basic bmd1eW5hbmhkbmdfUUNySERrOm1OVG50OWJnenhBcWJBRVZ3aDZZ
accept: */*

Response DefaultHttpResponse(decodeResult: success, version: HTTP/1.1)
HTTP/1.1 200 OK
Server: nginx
Date: Mon, 09 May 2022 05:01:13 GMT
Content-Type: application/json;charset=utf-8
Connection: keep-alive
Source-From: 02
expires: Thu, 01 Jan 1970 00:00:00 GMT
cache-control: no-cache, no-cache
temp-header: 3697-5157096983-1-1652072473.168-rproxy-core-001-dcp-apse2a-prod.browserstack.com
content-length: 88

12:01:13.343 [AsyncHttpClient-1-11] DEBUG org.asynchttpclient.netty.channel.ChannelManager - Adding key: http://hub-cloud.browserstack.com:80 for channel [id: 0x2ca4d89b, L:/172.17.19.76:56894 - R:hub-cloud.browserstack.com/173.234.104.3:80]
12:01:13.345 [Forwarding setTimeout on session 801bdc4a6618ec25752c41909838fe48ee5c77b2 to remote] DEBUG org.asynchttpclient.netty.request.NettyRequestSender - Using pooled Channel '[id: 0x2ca4d89b, L:/172.17.19.76:56894 - R:hub-cloud.browserstack.com/173.234.104.3:80]' for 'POST' to 'http://nguynanhdng_QCrHDk:mNTnt9bgzxAqbAEVwh6Y@hub-cloud.browserstack.com/wd/hub/session/801bdc4a6618ec25752c41909838fe48ee5c77b2/timeouts'
12:01:13.345 [Forwarding setTimeout on session 801bdc4a6618ec25752c41909838fe48ee5c77b2 to remote] DEBUG org.asynchttpclient.netty.request.NettyRequestSender - Using open Channel [id: 0x2ca4d89b, L:/172.17.19.76:56894 - R:hub-cloud.browserstack.com/173.234.104.3:80] for POST '/wd/hub/session/801bdc4a6618ec25752c41909838fe48ee5c77b2/timeouts'
12:01:13.661 [AsyncHttpClient-1-11] DEBUG org.asynchttpclient.netty.handler.HttpHandler - 

Request DefaultHttpRequest(decodeResult: success, version: HTTP/1.1)
POST /wd/hub/session/801bdc4a6618ec25752c41909838fe48ee5c77b2/timeouts HTTP/1.1
User-Agent: selenium/4.1.3 (java windows)
traceparent: 00-f4ef3242dc6d81dcbca9179773c4bd27-d57d9739ff55be54-01
Content-Length: 22
Content-Type: application/json; charset=utf-8
host: hub-cloud.browserstack.com
authorization: Basic bmd1eW5hbmhkbmdfUUNySERrOm1OVG50OWJnenhBcWJBRVZ3aDZZ
accept: */*

Response DefaultHttpResponse(decodeResult: success, version: HTTP/1.1)
HTTP/1.1 200 OK
Server: nginx
Date: Mon, 09 May 2022 05:01:13 GMT
Content-Type: application/json;charset=utf-8
Connection: keep-alive
Source-From: 02
expires: Thu, 01 Jan 1970 00:00:00 GMT
cache-control: no-cache, no-cache
temp-header: 2024-2500089575-1-1652072473.458-rproxy-core-002-dcp-apse2a-prod.browserstack.com
content-length: 14

12:01:13.661 [AsyncHttpClient-1-11] DEBUG org.asynchttpclient.netty.channel.ChannelManager - Adding key: http://hub-cloud.browserstack.com:80 for channel [id: 0x2ca4d89b, L:/172.17.19.76:56894 - R:hub-cloud.browserstack.com/173.234.104.3:80]
12:01:13.666 [Forwarding isElementDisplayed on session 801bdc4a6618ec25752c41909838fe48ee5c77b2 to remote] DEBUG org.asynchttpclient.netty.request.NettyRequestSender - Using pooled Channel '[id: 0x2ca4d89b, L:/172.17.19.76:56894 - R:hub-cloud.browserstack.com/173.234.104.3:80]' for 'POST' to 'http://nguynanhdng_QCrHDk:mNTnt9bgzxAqbAEVwh6Y@hub-cloud.browserstack.com/wd/hub/session/801bdc4a6618ec25752c41909838fe48ee5c77b2/execute/sync'
12:01:13.666 [Forwarding isElementDisplayed on session 801bdc4a6618ec25752c41909838fe48ee5c77b2 to remote] DEBUG org.asynchttpclient.netty.request.NettyRequestSender - Using open Channel [id: 0x2ca4d89b, L:/172.17.19.76:56894 - R:hub-cloud.browserstack.com/173.234.104.3:80] for POST '/wd/hub/session/801bdc4a6618ec25752c41909838fe48ee5c77b2/execute/sync'
12:01:14.017 [AsyncHttpClient-1-11] DEBUG org.asynchttpclient.netty.handler.HttpHandler - 

Request DefaultHttpRequest(decodeResult: success, version: HTTP/1.1)
POST /wd/hub/session/801bdc4a6618ec25752c41909838fe48ee5c77b2/execute/sync HTTP/1.1
User-Agent: selenium/4.1.3 (java windows)
traceparent: 00-71e2b2e5d9bf29bc78d0f7580d9f7ea6-2a6739aee954798e-01
Content-Length: 48780
Content-Type: application/json; charset=utf-8
host: hub-cloud.browserstack.com
authorization: Basic bmd1eW5hbmhkbmdfUUNySERrOm1OVG50OWJnenhBcWJBRVZ3aDZZ
accept: */*

Response DefaultHttpResponse(decodeResult: success, version: HTTP/1.1)
HTTP/1.1 200 OK
Server: nginx
Date: Mon, 09 May 2022 05:01:13 GMT
Content-Type: application/json;charset=utf-8
Connection: keep-alive
Source-From: 02
expires: Thu, 01 Jan 1970 00:00:00 GMT
cache-control: no-cache, no-cache
temp-header: 3698-5157097203-1-1652072473.851-rproxy-core-001-dcp-apse2a-prod.browserstack.com
content-length: 14

12:01:14.017 [AsyncHttpClient-1-11] DEBUG org.asynchttpclient.netty.channel.ChannelManager - Adding key: http://hub-cloud.browserstack.com:80 for channel [id: 0x2ca4d89b, L:/172.17.19.76:56894 - R:hub-cloud.browserstack.com/173.234.104.3:80]
12:01:14.022 [Forwarding clearElement on session 801bdc4a6618ec25752c41909838fe48ee5c77b2 to remote] DEBUG org.asynchttpclient.netty.request.NettyRequestSender - Using pooled Channel '[id: 0x2ca4d89b, L:/172.17.19.76:56894 - R:hub-cloud.browserstack.com/173.234.104.3:80]' for 'POST' to 'http://nguynanhdng_QCrHDk:mNTnt9bgzxAqbAEVwh6Y@hub-cloud.browserstack.com/wd/hub/session/801bdc4a6618ec25752c41909838fe48ee5c77b2/element/49e02c28-4b5b-4e76-b00d-3490ac8a7f0f/clear'
12:01:14.022 [Forwarding clearElement on session 801bdc4a6618ec25752c41909838fe48ee5c77b2 to remote] DEBUG org.asynchttpclient.netty.request.NettyRequestSender - Using open Channel [id: 0x2ca4d89b, L:/172.17.19.76:56894 - R:hub-cloud.browserstack.com/173.234.104.3:80] for POST '/wd/hub/session/801bdc4a6618ec25752c41909838fe48ee5c77b2/element/49e02c28-4b5b-4e76-b00d-3490ac8a7f0f/clear'
12:01:14.332 [AsyncHttpClient-1-11] DEBUG org.asynchttpclient.netty.handler.HttpHandler - 

Request DefaultHttpRequest(decodeResult: success, version: HTTP/1.1)
POST /wd/hub/session/801bdc4a6618ec25752c41909838fe48ee5c77b2/element/49e02c28-4b5b-4e76-b00d-3490ac8a7f0f/clear HTTP/1.1
User-Agent: selenium/4.1.3 (java windows)
traceparent: 00-e1093e9d4b2212395a5748743a1b5b92-2c0346077a30f46c-01
Content-Length: 50
Content-Type: application/json; charset=utf-8
host: hub-cloud.browserstack.com
authorization: Basic bmd1eW5hbmhkbmdfUUNySERrOm1OVG50OWJnenhBcWJBRVZ3aDZZ
accept: */*

Response DefaultHttpResponse(decodeResult: success, version: HTTP/1.1)
HTTP/1.1 200 OK
Server: nginx
Date: Mon, 09 May 2022 05:01:14 GMT
Content-Type: application/json;charset=utf-8
Connection: keep-alive
Source-From: 02
expires: Thu, 01 Jan 1970 00:00:00 GMT
cache-control: no-cache, no-cache
temp-header: 3697-5157097339-1-1652072474.169-rproxy-core-001-dcp-apse2a-prod.browserstack.com
content-length: 14

12:01:14.333 [AsyncHttpClient-1-11] DEBUG org.asynchttpclient.netty.channel.ChannelManager - Adding key: http://hub-cloud.browserstack.com:80 for channel [id: 0x2ca4d89b, L:/172.17.19.76:56894 - R:hub-cloud.browserstack.com/173.234.104.3:80]
12:01:14.335 [Forwarding sendKeysToElement on session 801bdc4a6618ec25752c41909838fe48ee5c77b2 to remote] DEBUG org.asynchttpclient.netty.request.NettyRequestSender - Using pooled Channel '[id: 0x2ca4d89b, L:/172.17.19.76:56894 - R:hub-cloud.browserstack.com/173.234.104.3:80]' for 'POST' to 'http://nguynanhdng_QCrHDk:mNTnt9bgzxAqbAEVwh6Y@hub-cloud.browserstack.com/wd/hub/session/801bdc4a6618ec25752c41909838fe48ee5c77b2/element/49e02c28-4b5b-4e76-b00d-3490ac8a7f0f/value'
12:01:14.335 [Forwarding sendKeysToElement on session 801bdc4a6618ec25752c41909838fe48ee5c77b2 to remote] DEBUG org.asynchttpclient.netty.request.NettyRequestSender - Using open Channel [id: 0x2ca4d89b, L:/172.17.19.76:56894 - R:hub-cloud.browserstack.com/173.234.104.3:80] for POST '/wd/hub/session/801bdc4a6618ec25752c41909838fe48ee5c77b2/element/49e02c28-4b5b-4e76-b00d-3490ac8a7f0f/value'
12:01:14.731 [AsyncHttpClient-1-11] DEBUG org.asynchttpclient.netty.handler.HttpHandler - 

Request DefaultHttpRequest(decodeResult: success, version: HTTP/1.1)
POST /wd/hub/session/801bdc4a6618ec25752c41909838fe48ee5c77b2/element/49e02c28-4b5b-4e76-b00d-3490ac8a7f0f/value HTTP/1.1
User-Agent: selenium/4.1.3 (java windows)
traceparent: 00-62048fe1208a58b34862f9d1bd40154f-4ad244337c42ad00-01
Content-Length: 181
Content-Type: application/json; charset=utf-8
host: hub-cloud.browserstack.com
authorization: Basic bmd1eW5hbmhkbmdfUUNySERrOm1OVG50OWJnenhBcWJBRVZ3aDZZ
accept: */*

Response DefaultHttpResponse(decodeResult: success, version: HTTP/1.1)
HTTP/1.1 200 OK
Server: nginx
Date: Mon, 09 May 2022 05:01:14 GMT
Content-Type: application/json;charset=utf-8
Connection: keep-alive
Source-From: 02
expires: Thu, 01 Jan 1970 00:00:00 GMT
cache-control: no-cache, no-cache
temp-header: 3693-5157097445-1-1652072474.553-rproxy-core-001-dcp-apse2a-prod.browserstack.com
content-length: 14

12:01:14.733 [AsyncHttpClient-1-11] DEBUG org.asynchttpclient.netty.channel.ChannelManager - Adding key: http://hub-cloud.browserstack.com:80 for channel [id: 0x2ca4d89b, L:/172.17.19.76:56894 - R:hub-cloud.browserstack.com/173.234.104.3:80]
12:01:14.748 [Forwarding setTimeout on session 801bdc4a6618ec25752c41909838fe48ee5c77b2 to remote] DEBUG org.asynchttpclient.netty.request.NettyRequestSender - Using pooled Channel '[id: 0x2ca4d89b, L:/172.17.19.76:56894 - R:hub-cloud.browserstack.com/173.234.104.3:80]' for 'POST' to 'http://nguynanhdng_QCrHDk:mNTnt9bgzxAqbAEVwh6Y@hub-cloud.browserstack.com/wd/hub/session/801bdc4a6618ec25752c41909838fe48ee5c77b2/timeouts'
12:01:14.748 [Forwarding setTimeout on session 801bdc4a6618ec25752c41909838fe48ee5c77b2 to remote] DEBUG org.asynchttpclient.netty.request.NettyRequestSender - Using open Channel [id: 0x2ca4d89b, L:/172.17.19.76:56894 - R:hub-cloud.browserstack.com/173.234.104.3:80] for POST '/wd/hub/session/801bdc4a6618ec25752c41909838fe48ee5c77b2/timeouts'
12:01:15.016 [AsyncHttpClient-1-11] DEBUG org.asynchttpclient.netty.handler.HttpHandler - 

Request DefaultHttpRequest(decodeResult: success, version: HTTP/1.1)
POST /wd/hub/session/801bdc4a6618ec25752c41909838fe48ee5c77b2/timeouts HTTP/1.1
User-Agent: selenium/4.1.3 (java windows)
traceparent: 00-4385f263dba69e9aa6555849a1197554-e7b2f98983161d6e-01
Content-Length: 19
Content-Type: application/json; charset=utf-8
host: hub-cloud.browserstack.com
authorization: Basic bmd1eW5hbmhkbmdfUUNySERrOm1OVG50OWJnenhBcWJBRVZ3aDZZ
accept: */*

Response DefaultHttpResponse(decodeResult: success, version: HTTP/1.1)
HTTP/1.1 200 OK
Server: nginx
Date: Mon, 09 May 2022 05:01:14 GMT
Content-Type: application/json;charset=utf-8
Connection: keep-alive
Source-From: 02
expires: Thu, 01 Jan 1970 00:00:00 GMT
cache-control: no-cache, no-cache
temp-header: 3694-5157097556-1-1652072474.852-rproxy-core-001-dcp-apse2a-prod.browserstack.com
content-length: 14

12:01:15.016 [AsyncHttpClient-1-11] DEBUG org.asynchttpclient.netty.channel.ChannelManager - Adding key: http://hub-cloud.browserstack.com:80 for channel [id: 0x2ca4d89b, L:/172.17.19.76:56894 - R:hub-cloud.browserstack.com/173.234.104.3:80]
12:01:15.019 [Forwarding findElement on session 801bdc4a6618ec25752c41909838fe48ee5c77b2 to remote] DEBUG org.asynchttpclient.netty.request.NettyRequestSender - Using pooled Channel '[id: 0x2ca4d89b, L:/172.17.19.76:56894 - R:hub-cloud.browserstack.com/173.234.104.3:80]' for 'POST' to 'http://nguynanhdng_QCrHDk:mNTnt9bgzxAqbAEVwh6Y@hub-cloud.browserstack.com/wd/hub/session/801bdc4a6618ec25752c41909838fe48ee5c77b2/element'
12:01:15.019 [Forwarding findElement on session 801bdc4a6618ec25752c41909838fe48ee5c77b2 to remote] DEBUG org.asynchttpclient.netty.request.NettyRequestSender - Using open Channel [id: 0x2ca4d89b, L:/172.17.19.76:56894 - R:hub-cloud.browserstack.com/173.234.104.3:80] for POST '/wd/hub/session/801bdc4a6618ec25752c41909838fe48ee5c77b2/element'
12:01:15.308 [AsyncHttpClient-1-11] DEBUG org.asynchttpclient.netty.handler.HttpHandler - 

Request DefaultHttpRequest(decodeResult: success, version: HTTP/1.1)
POST /wd/hub/session/801bdc4a6618ec25752c41909838fe48ee5c77b2/element HTTP/1.1
User-Agent: selenium/4.1.3 (java windows)
traceparent: 00-384d986753c6c83b057041d422d6f639-22fef42c86575072-01
Content-Length: 66
Content-Type: application/json; charset=utf-8
host: hub-cloud.browserstack.com
authorization: Basic bmd1eW5hbmhkbmdfUUNySERrOm1OVG50OWJnenhBcWJBRVZ3aDZZ
accept: */*

Response DefaultHttpResponse(decodeResult: success, version: HTTP/1.1)
HTTP/1.1 200 OK
Server: nginx
Date: Mon, 09 May 2022 05:01:15 GMT
Content-Type: application/json;charset=utf-8
Connection: keep-alive
Source-From: 02
expires: Thu, 01 Jan 1970 00:00:00 GMT
cache-control: no-cache, no-cache
temp-header: 3698-5157097663-1-1652072475.144-rproxy-core-001-dcp-apse2a-prod.browserstack.com
content-length: 88

12:01:15.308 [AsyncHttpClient-1-11] DEBUG org.asynchttpclient.netty.channel.ChannelManager - Adding key: http://hub-cloud.browserstack.com:80 for channel [id: 0x2ca4d89b, L:/172.17.19.76:56894 - R:hub-cloud.browserstack.com/173.234.104.3:80]
12:01:15.311 [Forwarding setTimeout on session 801bdc4a6618ec25752c41909838fe48ee5c77b2 to remote] DEBUG org.asynchttpclient.netty.request.NettyRequestSender - Using pooled Channel '[id: 0x2ca4d89b, L:/172.17.19.76:56894 - R:hub-cloud.browserstack.com/173.234.104.3:80]' for 'POST' to 'http://nguynanhdng_QCrHDk:mNTnt9bgzxAqbAEVwh6Y@hub-cloud.browserstack.com/wd/hub/session/801bdc4a6618ec25752c41909838fe48ee5c77b2/timeouts'
12:01:15.311 [Forwarding setTimeout on session 801bdc4a6618ec25752c41909838fe48ee5c77b2 to remote] DEBUG org.asynchttpclient.netty.request.NettyRequestSender - Using open Channel [id: 0x2ca4d89b, L:/172.17.19.76:56894 - R:hub-cloud.browserstack.com/173.234.104.3:80] for POST '/wd/hub/session/801bdc4a6618ec25752c41909838fe48ee5c77b2/timeouts'
12:01:15.599 [AsyncHttpClient-1-11] DEBUG org.asynchttpclient.netty.handler.HttpHandler - 

Request DefaultHttpRequest(decodeResult: success, version: HTTP/1.1)
POST /wd/hub/session/801bdc4a6618ec25752c41909838fe48ee5c77b2/timeouts HTTP/1.1
User-Agent: selenium/4.1.3 (java windows)
traceparent: 00-cfe2bd9f8e23afa7fec9a297effc1041-2f2e0302dfaefde5-01
Content-Length: 22
Content-Type: application/json; charset=utf-8
host: hub-cloud.browserstack.com
authorization: Basic bmd1eW5hbmhkbmdfUUNySERrOm1OVG50OWJnenhBcWJBRVZ3aDZZ
accept: */*

Response DefaultHttpResponse(decodeResult: success, version: HTTP/1.1)
HTTP/1.1 200 OK
Server: nginx
Date: Mon, 09 May 2022 05:01:15 GMT
Content-Type: application/json;charset=utf-8
Connection: keep-alive
Source-From: 02
expires: Thu, 01 Jan 1970 00:00:00 GMT
cache-control: no-cache, no-cache
temp-header: 3697-5157097769-1-1652072475.435-rproxy-core-001-dcp-apse2a-prod.browserstack.com
content-length: 14

12:01:15.599 [AsyncHttpClient-1-11] DEBUG org.asynchttpclient.netty.channel.ChannelManager - Adding key: http://hub-cloud.browserstack.com:80 for channel [id: 0x2ca4d89b, L:/172.17.19.76:56894 - R:hub-cloud.browserstack.com/173.234.104.3:80]
12:01:15.606 [Forwarding isElementDisplayed on session 801bdc4a6618ec25752c41909838fe48ee5c77b2 to remote] DEBUG org.asynchttpclient.netty.request.NettyRequestSender - Using pooled Channel '[id: 0x2ca4d89b, L:/172.17.19.76:56894 - R:hub-cloud.browserstack.com/173.234.104.3:80]' for 'POST' to 'http://nguynanhdng_QCrHDk:mNTnt9bgzxAqbAEVwh6Y@hub-cloud.browserstack.com/wd/hub/session/801bdc4a6618ec25752c41909838fe48ee5c77b2/execute/sync'
12:01:15.606 [Forwarding isElementDisplayed on session 801bdc4a6618ec25752c41909838fe48ee5c77b2 to remote] DEBUG org.asynchttpclient.netty.request.NettyRequestSender - Using open Channel [id: 0x2ca4d89b, L:/172.17.19.76:56894 - R:hub-cloud.browserstack.com/173.234.104.3:80] for POST '/wd/hub/session/801bdc4a6618ec25752c41909838fe48ee5c77b2/execute/sync'
12:01:15.928 [AsyncHttpClient-1-11] DEBUG org.asynchttpclient.netty.handler.HttpHandler - 

Request DefaultHttpRequest(decodeResult: success, version: HTTP/1.1)
POST /wd/hub/session/801bdc4a6618ec25752c41909838fe48ee5c77b2/execute/sync HTTP/1.1
User-Agent: selenium/4.1.3 (java windows)
traceparent: 00-c95f7c538f8ed58d096d2d04133083eb-5de24148ca3cc139-01
Content-Length: 48780
Content-Type: application/json; charset=utf-8
host: hub-cloud.browserstack.com
authorization: Basic bmd1eW5hbmhkbmdfUUNySERrOm1OVG50OWJnenhBcWJBRVZ3aDZZ
accept: */*

Response DefaultHttpResponse(decodeResult: success, version: HTTP/1.1)
HTTP/1.1 200 OK
Server: nginx
Date: Mon, 09 May 2022 05:01:15 GMT
Content-Type: application/json;charset=utf-8
Connection: keep-alive
Source-From: 02
expires: Thu, 01 Jan 1970 00:00:00 GMT
cache-control: no-cache, no-cache
temp-header: 3692-5157097858-1-1652072475.734-rproxy-core-001-dcp-apse2a-prod.browserstack.com
content-length: 14

12:01:15.928 [AsyncHttpClient-1-11] DEBUG org.asynchttpclient.netty.channel.ChannelManager - Adding key: http://hub-cloud.browserstack.com:80 for channel [id: 0x2ca4d89b, L:/172.17.19.76:56894 - R:hub-cloud.browserstack.com/173.234.104.3:80]
12:01:15.932 [Forwarding clearElement on session 801bdc4a6618ec25752c41909838fe48ee5c77b2 to remote] DEBUG org.asynchttpclient.netty.request.NettyRequestSender - Using pooled Channel '[id: 0x2ca4d89b, L:/172.17.19.76:56894 - R:hub-cloud.browserstack.com/173.234.104.3:80]' for 'POST' to 'http://nguynanhdng_QCrHDk:mNTnt9bgzxAqbAEVwh6Y@hub-cloud.browserstack.com/wd/hub/session/801bdc4a6618ec25752c41909838fe48ee5c77b2/element/f0e918ef-cc09-4990-901d-7dc601cb36eb/clear'
12:01:15.932 [Forwarding clearElement on session 801bdc4a6618ec25752c41909838fe48ee5c77b2 to remote] DEBUG org.asynchttpclient.netty.request.NettyRequestSender - Using open Channel [id: 0x2ca4d89b, L:/172.17.19.76:56894 - R:hub-cloud.browserstack.com/173.234.104.3:80] for POST '/wd/hub/session/801bdc4a6618ec25752c41909838fe48ee5c77b2/element/f0e918ef-cc09-4990-901d-7dc601cb36eb/clear'
12:01:16.237 [AsyncHttpClient-1-11] DEBUG org.asynchttpclient.netty.handler.HttpHandler - 

Request DefaultHttpRequest(decodeResult: success, version: HTTP/1.1)
POST /wd/hub/session/801bdc4a6618ec25752c41909838fe48ee5c77b2/element/f0e918ef-cc09-4990-901d-7dc601cb36eb/clear HTTP/1.1
User-Agent: selenium/4.1.3 (java windows)
traceparent: 00-96f3c27ba1a4dc113ff0705c448f9de2-3a6c3a43b94c6352-01
Content-Length: 50
Content-Type: application/json; charset=utf-8
host: hub-cloud.browserstack.com
authorization: Basic bmd1eW5hbmhkbmdfUUNySERrOm1OVG50OWJnenhBcWJBRVZ3aDZZ
accept: */*

Response DefaultHttpResponse(decodeResult: success, version: HTTP/1.1)
HTTP/1.1 200 OK
Server: nginx
Date: Mon, 09 May 2022 05:01:16 GMT
Content-Type: application/json;charset=utf-8
Connection: keep-alive
Source-From: 02
expires: Thu, 01 Jan 1970 00:00:00 GMT
cache-control: no-cache, no-cache
temp-header: 3696-5157097970-1-1652072476.073-rproxy-core-001-dcp-apse2a-prod.browserstack.com
content-length: 14

12:01:16.237 [AsyncHttpClient-1-11] DEBUG org.asynchttpclient.netty.channel.ChannelManager - Adding key: http://hub-cloud.browserstack.com:80 for channel [id: 0x2ca4d89b, L:/172.17.19.76:56894 - R:hub-cloud.browserstack.com/173.234.104.3:80]
12:01:16.242 [Forwarding sendKeysToElement on session 801bdc4a6618ec25752c41909838fe48ee5c77b2 to remote] DEBUG org.asynchttpclient.netty.request.NettyRequestSender - Using pooled Channel '[id: 0x2ca4d89b, L:/172.17.19.76:56894 - R:hub-cloud.browserstack.com/173.234.104.3:80]' for 'POST' to 'http://nguynanhdng_QCrHDk:mNTnt9bgzxAqbAEVwh6Y@hub-cloud.browserstack.com/wd/hub/session/801bdc4a6618ec25752c41909838fe48ee5c77b2/element/f0e918ef-cc09-4990-901d-7dc601cb36eb/value'
12:01:16.242 [Forwarding sendKeysToElement on session 801bdc4a6618ec25752c41909838fe48ee5c77b2 to remote] DEBUG org.asynchttpclient.netty.request.NettyRequestSender - Using open Channel [id: 0x2ca4d89b, L:/172.17.19.76:56894 - R:hub-cloud.browserstack.com/173.234.104.3:80] for POST '/wd/hub/session/801bdc4a6618ec25752c41909838fe48ee5c77b2/element/f0e918ef-cc09-4990-901d-7dc601cb36eb/value'
12:01:16.598 [AsyncHttpClient-1-11] DEBUG org.asynchttpclient.netty.handler.HttpHandler - 

Request DefaultHttpRequest(decodeResult: success, version: HTTP/1.1)
POST /wd/hub/session/801bdc4a6618ec25752c41909838fe48ee5c77b2/element/f0e918ef-cc09-4990-901d-7dc601cb36eb/value HTTP/1.1
User-Agent: selenium/4.1.3 (java windows)
traceparent: 00-933052f76210513c7c1da4f7571d7af0-48649bafe921705b-01
Content-Length: 151
Content-Type: application/json; charset=utf-8
host: hub-cloud.browserstack.com
authorization: Basic bmd1eW5hbmhkbmdfUUNySERrOm1OVG50OWJnenhBcWJBRVZ3aDZZ
accept: */*

Response DefaultHttpResponse(decodeResult: success, version: HTTP/1.1)
HTTP/1.1 200 OK
Server: nginx
Date: Mon, 09 May 2022 05:01:16 GMT
Content-Type: application/json;charset=utf-8
Connection: keep-alive
Source-From: 02
expires: Thu, 01 Jan 1970 00:00:00 GMT
cache-control: no-cache, no-cache
temp-header: 3693-5157098082-1-1652072476.434-rproxy-core-001-dcp-apse2a-prod.browserstack.com
content-length: 14

12:01:16.598 [AsyncHttpClient-1-11] DEBUG org.asynchttpclient.netty.channel.ChannelManager - Adding key: http://hub-cloud.browserstack.com:80 for channel [id: 0x2ca4d89b, L:/172.17.19.76:56894 - R:hub-cloud.browserstack.com/173.234.104.3:80]
12:01:16.611 [Forwarding setTimeout on session 801bdc4a6618ec25752c41909838fe48ee5c77b2 to remote] DEBUG org.asynchttpclient.netty.request.NettyRequestSender - Using pooled Channel '[id: 0x2ca4d89b, L:/172.17.19.76:56894 - R:hub-cloud.browserstack.com/173.234.104.3:80]' for 'POST' to 'http://nguynanhdng_QCrHDk:mNTnt9bgzxAqbAEVwh6Y@hub-cloud.browserstack.com/wd/hub/session/801bdc4a6618ec25752c41909838fe48ee5c77b2/timeouts'
12:01:16.611 [Forwarding setTimeout on session 801bdc4a6618ec25752c41909838fe48ee5c77b2 to remote] DEBUG org.asynchttpclient.netty.request.NettyRequestSender - Using open Channel [id: 0x2ca4d89b, L:/172.17.19.76:56894 - R:hub-cloud.browserstack.com/173.234.104.3:80] for POST '/wd/hub/session/801bdc4a6618ec25752c41909838fe48ee5c77b2/timeouts'
12:01:16.923 [AsyncHttpClient-1-11] DEBUG org.asynchttpclient.netty.handler.HttpHandler - 

Request DefaultHttpRequest(decodeResult: success, version: HTTP/1.1)
POST /wd/hub/session/801bdc4a6618ec25752c41909838fe48ee5c77b2/timeouts HTTP/1.1
User-Agent: selenium/4.1.3 (java windows)
traceparent: 00-17bace4209c4577ef5da40c2cd6967a9-650f0474a40bba36-01
Content-Length: 19
Content-Type: application/json; charset=utf-8
host: hub-cloud.browserstack.com
authorization: Basic bmd1eW5hbmhkbmdfUUNySERrOm1OVG50OWJnenhBcWJBRVZ3aDZZ
accept: */*

Response DefaultHttpResponse(decodeResult: success, version: HTTP/1.1)
HTTP/1.1 200 OK
Server: nginx
Date: Mon, 09 May 2022 05:01:16 GMT
Content-Type: application/json;charset=utf-8
Connection: keep-alive
Source-From: 02
expires: Thu, 01 Jan 1970 00:00:00 GMT
cache-control: no-cache, no-cache
temp-header: 3691-5157098239-1-1652072476.749-rproxy-core-001-dcp-apse2a-prod.browserstack.com
content-length: 14

12:01:16.923 [AsyncHttpClient-1-11] DEBUG org.asynchttpclient.netty.channel.ChannelManager - Adding key: http://hub-cloud.browserstack.com:80 for channel [id: 0x2ca4d89b, L:/172.17.19.76:56894 - R:hub-cloud.browserstack.com/173.234.104.3:80]
12:01:16.926 [Forwarding findElement on session 801bdc4a6618ec25752c41909838fe48ee5c77b2 to remote] DEBUG org.asynchttpclient.netty.request.NettyRequestSender - Using pooled Channel '[id: 0x2ca4d89b, L:/172.17.19.76:56894 - R:hub-cloud.browserstack.com/173.234.104.3:80]' for 'POST' to 'http://nguynanhdng_QCrHDk:mNTnt9bgzxAqbAEVwh6Y@hub-cloud.browserstack.com/wd/hub/session/801bdc4a6618ec25752c41909838fe48ee5c77b2/element'
12:01:16.926 [Forwarding findElement on session 801bdc4a6618ec25752c41909838fe48ee5c77b2 to remote] DEBUG org.asynchttpclient.netty.request.NettyRequestSender - Using open Channel [id: 0x2ca4d89b, L:/172.17.19.76:56894 - R:hub-cloud.browserstack.com/173.234.104.3:80] for POST '/wd/hub/session/801bdc4a6618ec25752c41909838fe48ee5c77b2/element'
12:01:17.198 [AsyncHttpClient-1-11] DEBUG org.asynchttpclient.netty.handler.HttpHandler - 

Request DefaultHttpRequest(decodeResult: success, version: HTTP/1.1)
POST /wd/hub/session/801bdc4a6618ec25752c41909838fe48ee5c77b2/element HTTP/1.1
User-Agent: selenium/4.1.3 (java windows)
traceparent: 00-2b6e45eb72c51684a4b25ad8165dd33a-d0f21329c8a40809-01
Content-Length: 64
Content-Type: application/json; charset=utf-8
host: hub-cloud.browserstack.com
authorization: Basic bmd1eW5hbmhkbmdfUUNySERrOm1OVG50OWJnenhBcWJBRVZ3aDZZ
accept: */*

Response DefaultHttpResponse(decodeResult: success, version: HTTP/1.1)
HTTP/1.1 200 OK
Server: nginx
Date: Mon, 09 May 2022 05:01:17 GMT
Content-Type: application/json;charset=utf-8
Connection: keep-alive
Source-From: 02
expires: Thu, 01 Jan 1970 00:00:00 GMT
cache-control: no-cache, no-cache
temp-header: 3692-5157098328-1-1652072477.032-rproxy-core-001-dcp-apse2a-prod.browserstack.com
content-length: 88

12:01:17.198 [AsyncHttpClient-1-11] DEBUG org.asynchttpclient.netty.channel.ChannelManager - Adding key: http://hub-cloud.browserstack.com:80 for channel [id: 0x2ca4d89b, L:/172.17.19.76:56894 - R:hub-cloud.browserstack.com/173.234.104.3:80]
12:01:17.200 [Forwarding setTimeout on session 801bdc4a6618ec25752c41909838fe48ee5c77b2 to remote] DEBUG org.asynchttpclient.netty.request.NettyRequestSender - Using pooled Channel '[id: 0x2ca4d89b, L:/172.17.19.76:56894 - R:hub-cloud.browserstack.com/173.234.104.3:80]' for 'POST' to 'http://nguynanhdng_QCrHDk:mNTnt9bgzxAqbAEVwh6Y@hub-cloud.browserstack.com/wd/hub/session/801bdc4a6618ec25752c41909838fe48ee5c77b2/timeouts'
12:01:17.200 [Forwarding setTimeout on session 801bdc4a6618ec25752c41909838fe48ee5c77b2 to remote] DEBUG org.asynchttpclient.netty.request.NettyRequestSender - Using open Channel [id: 0x2ca4d89b, L:/172.17.19.76:56894 - R:hub-cloud.browserstack.com/173.234.104.3:80] for POST '/wd/hub/session/801bdc4a6618ec25752c41909838fe48ee5c77b2/timeouts'
12:01:17.506 [AsyncHttpClient-1-11] DEBUG org.asynchttpclient.netty.handler.HttpHandler - 

Request DefaultHttpRequest(decodeResult: success, version: HTTP/1.1)
POST /wd/hub/session/801bdc4a6618ec25752c41909838fe48ee5c77b2/timeouts HTTP/1.1
User-Agent: selenium/4.1.3 (java windows)
traceparent: 00-6268a43e7fb91796cee9337ae312686e-307eee69a0c5725e-01
Content-Length: 22
Content-Type: application/json; charset=utf-8
host: hub-cloud.browserstack.com
authorization: Basic bmd1eW5hbmhkbmdfUUNySERrOm1OVG50OWJnenhBcWJBRVZ3aDZZ
accept: */*

Response DefaultHttpResponse(decodeResult: success, version: HTTP/1.1)
HTTP/1.1 200 OK
Server: nginx
Date: Mon, 09 May 2022 05:01:17 GMT
Content-Type: application/json;charset=utf-8
Connection: keep-alive
Source-From: 02
expires: Thu, 01 Jan 1970 00:00:00 GMT
cache-control: no-cache, no-cache
temp-header: 3697-5157098407-1-1652072477.298-rproxy-core-001-dcp-apse2a-prod.browserstack.com
content-length: 14

12:01:17.506 [AsyncHttpClient-1-11] DEBUG org.asynchttpclient.netty.channel.ChannelManager - Adding key: http://hub-cloud.browserstack.com:80 for channel [id: 0x2ca4d89b, L:/172.17.19.76:56894 - R:hub-cloud.browserstack.com/173.234.104.3:80]
12:01:17.512 [Forwarding isElementDisplayed on session 801bdc4a6618ec25752c41909838fe48ee5c77b2 to remote] DEBUG org.asynchttpclient.netty.request.NettyRequestSender - Using pooled Channel '[id: 0x2ca4d89b, L:/172.17.19.76:56894 - R:hub-cloud.browserstack.com/173.234.104.3:80]' for 'POST' to 'http://nguynanhdng_QCrHDk:mNTnt9bgzxAqbAEVwh6Y@hub-cloud.browserstack.com/wd/hub/session/801bdc4a6618ec25752c41909838fe48ee5c77b2/execute/sync'
12:01:17.512 [Forwarding isElementDisplayed on session 801bdc4a6618ec25752c41909838fe48ee5c77b2 to remote] DEBUG org.asynchttpclient.netty.request.NettyRequestSender - Using open Channel [id: 0x2ca4d89b, L:/172.17.19.76:56894 - R:hub-cloud.browserstack.com/173.234.104.3:80] for POST '/wd/hub/session/801bdc4a6618ec25752c41909838fe48ee5c77b2/execute/sync'
12:01:17.812 [AsyncHttpClient-1-11] DEBUG org.asynchttpclient.netty.handler.HttpHandler - 

Request DefaultHttpRequest(decodeResult: success, version: HTTP/1.1)
POST /wd/hub/session/801bdc4a6618ec25752c41909838fe48ee5c77b2/execute/sync HTTP/1.1
User-Agent: selenium/4.1.3 (java windows)
traceparent: 00-75e1de2021d89d23a7f773b229f133b1-6bec98676a40e1f2-01
Content-Length: 48780
Content-Type: application/json; charset=utf-8
host: hub-cloud.browserstack.com
authorization: Basic bmd1eW5hbmhkbmdfUUNySERrOm1OVG50OWJnenhBcWJBRVZ3aDZZ
accept: */*

Response DefaultHttpResponse(decodeResult: success, version: HTTP/1.1)
HTTP/1.1 200 OK
Server: nginx
Date: Mon, 09 May 2022 05:01:17 GMT
Content-Type: application/json;charset=utf-8
Connection: keep-alive
Source-From: 02
expires: Thu, 01 Jan 1970 00:00:00 GMT
cache-control: no-cache, no-cache
temp-header: 3692-5157098510-1-1652072477.649-rproxy-core-001-dcp-apse2a-prod.browserstack.com
content-length: 14

12:01:17.812 [AsyncHttpClient-1-11] DEBUG org.asynchttpclient.netty.channel.ChannelManager - Adding key: http://hub-cloud.browserstack.com:80 for channel [id: 0x2ca4d89b, L:/172.17.19.76:56894 - R:hub-cloud.browserstack.com/173.234.104.3:80]
12:01:17.817 [Forwarding getElementTagName on session 801bdc4a6618ec25752c41909838fe48ee5c77b2 to remote] DEBUG org.asynchttpclient.netty.request.NettyRequestSender - Using pooled Channel '[id: 0x2ca4d89b, L:/172.17.19.76:56894 - R:hub-cloud.browserstack.com/173.234.104.3:80]' for 'GET' to 'http://nguynanhdng_QCrHDk:mNTnt9bgzxAqbAEVwh6Y@hub-cloud.browserstack.com/wd/hub/session/801bdc4a6618ec25752c41909838fe48ee5c77b2/element/7efda9bd-3885-4912-ad6c-a86e4b236573/name'
12:01:17.817 [Forwarding getElementTagName on session 801bdc4a6618ec25752c41909838fe48ee5c77b2 to remote] DEBUG org.asynchttpclient.netty.request.NettyRequestSender - Using open Channel [id: 0x2ca4d89b, L:/172.17.19.76:56894 - R:hub-cloud.browserstack.com/173.234.104.3:80] for GET '/wd/hub/session/801bdc4a6618ec25752c41909838fe48ee5c77b2/element/7efda9bd-3885-4912-ad6c-a86e4b236573/name'
12:01:18.093 [AsyncHttpClient-1-11] DEBUG org.asynchttpclient.netty.handler.HttpHandler - 

Request DefaultFullHttpRequest(decodeResult: success, version: HTTP/1.1, content: EmptyByteBufBE)
GET /wd/hub/session/801bdc4a6618ec25752c41909838fe48ee5c77b2/element/7efda9bd-3885-4912-ad6c-a86e4b236573/name HTTP/1.1
User-Agent: selenium/4.1.3 (java windows)
Cache-Control: no-cache
traceparent: 00-ff6c4213d4273e4f68122bbb80993543-e32d33c819c30da2-01
Content-Type: application/json; charset=utf-8
host: hub-cloud.browserstack.com
authorization: Basic bmd1eW5hbmhkbmdfUUNySERrOm1OVG50OWJnenhBcWJBRVZ3aDZZ
accept: */*

Response DefaultHttpResponse(decodeResult: success, version: HTTP/1.1)
HTTP/1.1 200 OK
Server: nginx
Date: Mon, 09 May 2022 05:01:17 GMT
Content-Type: application/json;charset=utf-8
Connection: keep-alive
Source-From: 02
expires: Thu, 01 Jan 1970 00:00:00 GMT
cache-control: no-cache, no-cache
temp-header: 2024-2500089883-1-1652072477.933-rproxy-core-002-dcp-apse2a-prod.browserstack.com
content-length: 17

12:01:18.094 [AsyncHttpClient-1-11] DEBUG org.asynchttpclient.netty.channel.ChannelManager - Adding key: http://hub-cloud.browserstack.com:80 for channel [id: 0x2ca4d89b, L:/172.17.19.76:56894 - R:hub-cloud.browserstack.com/173.234.104.3:80]
12:01:18.097 [Forwarding getElementTagName on session 801bdc4a6618ec25752c41909838fe48ee5c77b2 to remote] DEBUG org.asynchttpclient.netty.request.NettyRequestSender - Using pooled Channel '[id: 0x2ca4d89b, L:/172.17.19.76:56894 - R:hub-cloud.browserstack.com/173.234.104.3:80]' for 'GET' to 'http://nguynanhdng_QCrHDk:mNTnt9bgzxAqbAEVwh6Y@hub-cloud.browserstack.com/wd/hub/session/801bdc4a6618ec25752c41909838fe48ee5c77b2/element/7efda9bd-3885-4912-ad6c-a86e4b236573/name'
12:01:18.097 [Forwarding getElementTagName on session 801bdc4a6618ec25752c41909838fe48ee5c77b2 to remote] DEBUG org.asynchttpclient.netty.request.NettyRequestSender - Using open Channel [id: 0x2ca4d89b, L:/172.17.19.76:56894 - R:hub-cloud.browserstack.com/173.234.104.3:80] for GET '/wd/hub/session/801bdc4a6618ec25752c41909838fe48ee5c77b2/element/7efda9bd-3885-4912-ad6c-a86e4b236573/name'
12:01:18.375 [AsyncHttpClient-1-11] DEBUG org.asynchttpclient.netty.handler.HttpHandler - 

Request DefaultFullHttpRequest(decodeResult: success, version: HTTP/1.1, content: EmptyByteBufBE)
GET /wd/hub/session/801bdc4a6618ec25752c41909838fe48ee5c77b2/element/7efda9bd-3885-4912-ad6c-a86e4b236573/name HTTP/1.1
User-Agent: selenium/4.1.3 (java windows)
Cache-Control: no-cache
traceparent: 00-0f636316e0cfbc9fe849e45d77c16de4-93f83e5177ee5792-01
Content-Type: application/json; charset=utf-8
host: hub-cloud.browserstack.com
authorization: Basic bmd1eW5hbmhkbmdfUUNySERrOm1OVG50OWJnenhBcWJBRVZ3aDZZ
accept: */*

Response DefaultHttpResponse(decodeResult: success, version: HTTP/1.1)
HTTP/1.1 200 OK
Server: nginx
Date: Mon, 09 May 2022 05:01:18 GMT
Content-Type: application/json;charset=utf-8
Connection: keep-alive
Source-From: 02
expires: Thu, 01 Jan 1970 00:00:00 GMT
cache-control: no-cache, no-cache
temp-header: 2025-2500089901-1-1652072478.212-rproxy-core-002-dcp-apse2a-prod.browserstack.com
content-length: 17

12:01:18.375 [AsyncHttpClient-1-11] DEBUG org.asynchttpclient.netty.channel.ChannelManager - Adding key: http://hub-cloud.browserstack.com:80 for channel [id: 0x2ca4d89b, L:/172.17.19.76:56894 - R:hub-cloud.browserstack.com/173.234.104.3:80]
12:01:18.381 [Forwarding isElementEnabled on session 801bdc4a6618ec25752c41909838fe48ee5c77b2 to remote] DEBUG org.asynchttpclient.netty.request.NettyRequestSender - Using pooled Channel '[id: 0x2ca4d89b, L:/172.17.19.76:56894 - R:hub-cloud.browserstack.com/173.234.104.3:80]' for 'GET' to 'http://nguynanhdng_QCrHDk:mNTnt9bgzxAqbAEVwh6Y@hub-cloud.browserstack.com/wd/hub/session/801bdc4a6618ec25752c41909838fe48ee5c77b2/element/7efda9bd-3885-4912-ad6c-a86e4b236573/enabled'
12:01:18.381 [Forwarding isElementEnabled on session 801bdc4a6618ec25752c41909838fe48ee5c77b2 to remote] DEBUG org.asynchttpclient.netty.request.NettyRequestSender - Using open Channel [id: 0x2ca4d89b, L:/172.17.19.76:56894 - R:hub-cloud.browserstack.com/173.234.104.3:80] for GET '/wd/hub/session/801bdc4a6618ec25752c41909838fe48ee5c77b2/element/7efda9bd-3885-4912-ad6c-a86e4b236573/enabled'
12:01:18.682 [AsyncHttpClient-1-11] DEBUG org.asynchttpclient.netty.handler.HttpHandler - 

Request DefaultFullHttpRequest(decodeResult: success, version: HTTP/1.1, content: EmptyByteBufBE)
GET /wd/hub/session/801bdc4a6618ec25752c41909838fe48ee5c77b2/element/7efda9bd-3885-4912-ad6c-a86e4b236573/enabled HTTP/1.1
User-Agent: selenium/4.1.3 (java windows)
Cache-Control: no-cache
traceparent: 00-bbb636e57c98488b34f72314821fa326-35a8b2b6bc533b89-01
Content-Type: application/json; charset=utf-8
host: hub-cloud.browserstack.com
authorization: Basic bmd1eW5hbmhkbmdfUUNySERrOm1OVG50OWJnenhBcWJBRVZ3aDZZ
accept: */*

Response DefaultHttpResponse(decodeResult: success, version: HTTP/1.1)
HTTP/1.1 200 OK
Server: nginx
Date: Mon, 09 May 2022 05:01:18 GMT
Content-Type: application/json;charset=utf-8
Connection: keep-alive
Source-From: 02
expires: Thu, 01 Jan 1970 00:00:00 GMT
cache-control: no-cache, no-cache
temp-header: 2025-2500089925-1-1652072478.478-rproxy-core-002-dcp-apse2a-prod.browserstack.com
content-length: 14

12:01:18.683 [AsyncHttpClient-1-11] DEBUG org.asynchttpclient.netty.channel.ChannelManager - Adding key: http://hub-cloud.browserstack.com:80 for channel [id: 0x2ca4d89b, L:/172.17.19.76:56894 - R:hub-cloud.browserstack.com/173.234.104.3:80]
12:01:18.687 [Forwarding isElementEnabled on session 801bdc4a6618ec25752c41909838fe48ee5c77b2 to remote] DEBUG org.asynchttpclient.netty.request.NettyRequestSender - Using pooled Channel '[id: 0x2ca4d89b, L:/172.17.19.76:56894 - R:hub-cloud.browserstack.com/173.234.104.3:80]' for 'GET' to 'http://nguynanhdng_QCrHDk:mNTnt9bgzxAqbAEVwh6Y@hub-cloud.browserstack.com/wd/hub/session/801bdc4a6618ec25752c41909838fe48ee5c77b2/element/7efda9bd-3885-4912-ad6c-a86e4b236573/enabled'
12:01:18.687 [Forwarding isElementEnabled on session 801bdc4a6618ec25752c41909838fe48ee5c77b2 to remote] DEBUG org.asynchttpclient.netty.request.NettyRequestSender - Using open Channel [id: 0x2ca4d89b, L:/172.17.19.76:56894 - R:hub-cloud.browserstack.com/173.234.104.3:80] for GET '/wd/hub/session/801bdc4a6618ec25752c41909838fe48ee5c77b2/element/7efda9bd-3885-4912-ad6c-a86e4b236573/enabled'
12:01:18.954 [AsyncHttpClient-1-11] DEBUG org.asynchttpclient.netty.handler.HttpHandler - 

Request DefaultFullHttpRequest(decodeResult: success, version: HTTP/1.1, content: EmptyByteBufBE)
GET /wd/hub/session/801bdc4a6618ec25752c41909838fe48ee5c77b2/element/7efda9bd-3885-4912-ad6c-a86e4b236573/enabled HTTP/1.1
User-Agent: selenium/4.1.3 (java windows)
Cache-Control: no-cache
traceparent: 00-557faf1eec693ee0465fec2634f473ff-e8d44751ee248fa0-01
Content-Type: application/json; charset=utf-8
host: hub-cloud.browserstack.com
authorization: Basic bmd1eW5hbmhkbmdfUUNySERrOm1OVG50OWJnenhBcWJBRVZ3aDZZ
accept: */*

Response DefaultHttpResponse(decodeResult: success, version: HTTP/1.1)
HTTP/1.1 200 OK
Server: nginx
Date: Mon, 09 May 2022 05:01:18 GMT
Content-Type: application/json;charset=utf-8
Connection: keep-alive
Source-From: 02
expires: Thu, 01 Jan 1970 00:00:00 GMT
cache-control: no-cache, no-cache
temp-header: 3697-5157098914-1-1652072478.791-rproxy-core-001-dcp-apse2a-prod.browserstack.com
content-length: 14

12:01:18.954 [AsyncHttpClient-1-11] DEBUG org.asynchttpclient.netty.channel.ChannelManager - Adding key: http://hub-cloud.browserstack.com:80 for channel [id: 0x2ca4d89b, L:/172.17.19.76:56894 - R:hub-cloud.browserstack.com/173.234.104.3:80]
12:01:18.957 [Forwarding clickElement on session 801bdc4a6618ec25752c41909838fe48ee5c77b2 to remote] DEBUG org.asynchttpclient.netty.request.NettyRequestSender - Using pooled Channel '[id: 0x2ca4d89b, L:/172.17.19.76:56894 - R:hub-cloud.browserstack.com/173.234.104.3:80]' for 'POST' to 'http://nguynanhdng_QCrHDk:mNTnt9bgzxAqbAEVwh6Y@hub-cloud.browserstack.com/wd/hub/session/801bdc4a6618ec25752c41909838fe48ee5c77b2/element/7efda9bd-3885-4912-ad6c-a86e4b236573/click'
12:01:18.957 [Forwarding clickElement on session 801bdc4a6618ec25752c41909838fe48ee5c77b2 to remote] DEBUG org.asynchttpclient.netty.request.NettyRequestSender - Using open Channel [id: 0x2ca4d89b, L:/172.17.19.76:56894 - R:hub-cloud.browserstack.com/173.234.104.3:80] for POST '/wd/hub/session/801bdc4a6618ec25752c41909838fe48ee5c77b2/element/7efda9bd-3885-4912-ad6c-a86e4b236573/click'
12:01:20.164 [AsyncHttpClient-1-11] DEBUG org.asynchttpclient.netty.handler.HttpHandler - 

Request DefaultHttpRequest(decodeResult: success, version: HTTP/1.1)
POST /wd/hub/session/801bdc4a6618ec25752c41909838fe48ee5c77b2/element/7efda9bd-3885-4912-ad6c-a86e4b236573/click HTTP/1.1
User-Agent: selenium/4.1.3 (java windows)
traceparent: 00-49f327484deb65863958db7c1242fc26-64978188c1d8436b-01
Content-Length: 50
Content-Type: application/json; charset=utf-8
host: hub-cloud.browserstack.com
authorization: Basic bmd1eW5hbmhkbmdfUUNySERrOm1OVG50OWJnenhBcWJBRVZ3aDZZ
accept: */*

Response DefaultHttpResponse(decodeResult: success, version: HTTP/1.1)
HTTP/1.1 200 OK
Server: nginx
Date: Mon, 09 May 2022 05:01:19 GMT
Content-Type: application/json;charset=utf-8
Connection: keep-alive
Source-From: 02
expires: Thu, 01 Jan 1970 00:00:00 GMT
cache-control: no-cache, no-cache
temp-header: 3699-5157099032-1-1652072479.997-rproxy-core-001-dcp-apse2a-prod.browserstack.com
content-length: 14

12:01:20.164 [AsyncHttpClient-1-11] DEBUG org.asynchttpclient.netty.channel.ChannelManager - Adding key: http://hub-cloud.browserstack.com:80 for channel [id: 0x2ca4d89b, L:/172.17.19.76:56894 - R:hub-cloud.browserstack.com/173.234.104.3:80]
12:01:20.172 [main] DEBUG net.thucydides.core.steps.StepInterceptor - STEP DONE: login
  &amp#27;[32mGiven &amp#27;[0m&amp#27;[32mthe user enters the username &amp#27;[0m&amp#27;[32m&amp#27;[1mmngr398793&amp#27;[0m&amp#27;[32m and password &amp#27;[0m&amp#27;[32m&amp#27;[1mzarAqag&amp#27;[0m &amp#27;[90m# cucumber.LoginStepDefs.the_user_enters_the_username_and_password(java.lang.String,java.lang.String)&amp#27;[0m
12:01:20.184 [main] DEBUG net.thucydides.core.steps.StepInterceptor - STARTING STEP: CommonStepDefs.the_user_is_at_page - isAt
12:01:20.186 [Forwarding findElement on session 801bdc4a6618ec25752c41909838fe48ee5c77b2 to remote] DEBUG org.asynchttpclient.netty.request.NettyRequestSender - Using pooled Channel '[id: 0x2ca4d89b, L:/172.17.19.76:56894 - R:hub-cloud.browserstack.com/173.234.104.3:80]' for 'POST' to 'http://nguynanhdng_QCrHDk:mNTnt9bgzxAqbAEVwh6Y@hub-cloud.browserstack.com/wd/hub/session/801bdc4a6618ec25752c41909838fe48ee5c77b2/element'
12:01:20.186 [Forwarding findElement on session 801bdc4a6618ec25752c41909838fe48ee5c77b2 to remote] DEBUG org.asynchttpclient.netty.request.NettyRequestSender - Using open Channel [id: 0x2ca4d89b, L:/172.17.19.76:56894 - R:hub-cloud.browserstack.com/173.234.104.3:80] for POST '/wd/hub/session/801bdc4a6618ec25752c41909838fe48ee5c77b2/element'
12:01:25.255 [AsyncHttpClient-1-11] DEBUG org.asynchttpclient.netty.handler.HttpHandler - 

Request DefaultHttpRequest(decodeResult: success, version: HTTP/1.1)
POST /wd/hub/session/801bdc4a6618ec25752c41909838fe48ee5c77b2/element HTTP/1.1
User-Agent: selenium/4.1.3 (java windows)
traceparent: 00-9243250957249c7a141a1562efa9812f-d72e128e501a1af4-01
Content-Length: 53
Content-Type: application/json; charset=utf-8
host: hub-cloud.browserstack.com
authorization: Basic bmd1eW5hbmhkbmdfUUNySERrOm1OVG50OWJnenhBcWJBRVZ3aDZZ
accept: */*

Response DefaultHttpResponse(decodeResult: success, version: HTTP/1.1)
HTTP/1.1 404 Not Found
Server: nginx
Date: Mon, 09 May 2022 05:01:25 GMT
Content-Type: application/json;charset=utf-8
Connection: keep-alive
Source-From: 02
expires: Thu, 01 Jan 1970 00:00:00 GMT
cache-control: no-cache, no-cache
content-length: 1002

12:01:25.256 [AsyncHttpClient-1-11] DEBUG org.asynchttpclient.netty.channel.ChannelManager - Adding key: http://hub-cloud.browserstack.com:80 for channel [id: 0x2ca4d89b, L:/172.17.19.76:56894 - R:hub-cloud.browserstack.com/173.234.104.3:80]
12:01:25.766 [AsyncHttpClient-1-1] DEBUG org.asynchttpclient.netty.channel.DefaultChannelPool - Entry count for : http://hub-cloud.browserstack.com:80 : 1
12:01:26.870 [AsyncHttpClient-1-1] DEBUG org.asynchttpclient.netty.channel.DefaultChannelPool - Entry count for : http://hub-cloud.browserstack.com:80 : 1
12:01:27.348 [main] DEBUG net.serenitybdd.core.photography.Darkroom - Opening darkroom
12:01:27.349 [Darkroom Processing Line] DEBUG net.serenitybdd.core.photography.DarkroomProcessingLine - Darkroom processing line starting up
12:01:27.350 [Forwarding screenshot on session 801bdc4a6618ec25752c41909838fe48ee5c77b2 to remote] DEBUG org.asynchttpclient.netty.request.NettyRequestSender - Using pooled Channel '[id: 0x2ca4d89b, L:/172.17.19.76:56894 - R:hub-cloud.browserstack.com/173.234.104.3:80]' for 'GET' to 'http://nguynanhdng_QCrHDk:mNTnt9bgzxAqbAEVwh6Y@hub-cloud.browserstack.com/wd/hub/session/801bdc4a6618ec25752c41909838fe48ee5c77b2/screenshot'
12:01:27.350 [Forwarding screenshot on session 801bdc4a6618ec25752c41909838fe48ee5c77b2 to remote] DEBUG org.asynchttpclient.netty.request.NettyRequestSender - Using open Channel [id: 0x2ca4d89b, L:/172.17.19.76:56894 - R:hub-cloud.browserstack.com/173.234.104.3:80] for GET '/wd/hub/session/801bdc4a6618ec25752c41909838fe48ee5c77b2/screenshot'
12:01:27.886 [AsyncHttpClient-1-11] DEBUG org.asynchttpclient.netty.handler.HttpHandler - 

Request DefaultFullHttpRequest(decodeResult: success, version: HTTP/1.1, content: EmptyByteBufBE)
GET /wd/hub/session/801bdc4a6618ec25752c41909838fe48ee5c77b2/screenshot HTTP/1.1
User-Agent: selenium/4.1.3 (java windows)
Cache-Control: no-cache
traceparent: 00-16996e1d501d87ba57550c3268f16ccc-168e64b35287a8d1-01
Content-Type: application/json; charset=utf-8
host: hub-cloud.browserstack.com
authorization: Basic bmd1eW5hbmhkbmdfUUNySERrOm1OVG50OWJnenhBcWJBRVZ3aDZZ
accept: */*

Response DefaultHttpResponse(decodeResult: success, version: HTTP/1.1)
HTTP/1.1 200 OK
Server: nginx
Date: Mon, 09 May 2022 05:01:27 GMT
Content-Type: application/json;charset=utf-8
Connection: keep-alive
Source-From: 02
expires: Thu, 01 Jan 1970 00:00:00 GMT
cache-control: no-cache, no-cache
temp-header: 2027-2500090870-1-1652072487.633-rproxy-core-002-dcp-apse2a-prod.browserstack.com
content-length: 70600

12:01:29.116 [AsyncHttpClient-1-11] DEBUG org.asynchttpclient.netty.channel.ChannelManager - Adding key: http://hub-cloud.browserstack.com:80 for channel [id: 0x2ca4d89b, L:/172.17.19.76:56894 - R:hub-cloud.browserstack.com/173.234.104.3:80]
12:01:29.128 [main] DEBUG net.serenitybdd.core.photography.Darkroom - Send negative for processing for target\site\serenity\a4b3e91c4124caa5221d93183090ed662ac230b4c460ccc47777ef243dabe910.png
12:01:29.131 [Darkroom Processing Line] DEBUG net.serenitybdd.core.photography.DarkroomProcessingLine - Processing screenshot image in /var/screenshots/screenshot-8610183205349913054
12:01:29.131 [Darkroom Processing Line] DEBUG net.serenitybdd.core.photography.DarkroomProcessingLine - Saving screenshot to target\site\serenity\a4b3e91c4124caa5221d93183090ed662ac230b4c460ccc47777ef243dabe910.png
12:01:29.131 [Forwarding getPageSource on session 801bdc4a6618ec25752c41909838fe48ee5c77b2 to remote] DEBUG org.asynchttpclient.netty.request.NettyRequestSender - Using pooled Channel '[id: 0x2ca4d89b, L:/172.17.19.76:56894 - R:hub-cloud.browserstack.com/173.234.104.3:80]' for 'POST' to 'http://nguynanhdng_QCrHDk:mNTnt9bgzxAqbAEVwh6Y@hub-cloud.browserstack.com/wd/hub/session/801bdc4a6618ec25752c41909838fe48ee5c77b2/execute/sync'
12:01:29.131 [Forwarding getPageSource on session 801bdc4a6618ec25752c41909838fe48ee5c77b2 to remote] DEBUG org.asynchttpclient.netty.request.NettyRequestSender - Using open Channel [id: 0x2ca4d89b, L:/172.17.19.76:56894 - R:hub-cloud.browserstack.com/173.234.104.3:80] for POST '/wd/hub/session/801bdc4a6618ec25752c41909838fe48ee5c77b2/execute/sync'
12:01:29.418 [AsyncHttpClient-1-11] DEBUG org.asynchttpclient.netty.handler.HttpHandler - 

Request DefaultHttpRequest(decodeResult: success, version: HTTP/1.1)
POST /wd/hub/session/801bdc4a6618ec25752c41909838fe48ee5c77b2/execute/sync HTTP/1.1
User-Agent: selenium/4.1.3 (java windows)
traceparent: 00-7956144923b5c43da8b82d2bd4e7a71f-2be5f358cf4298db-01
Content-Length: 176
Content-Type: application/json; charset=utf-8
host: hub-cloud.browserstack.com
authorization: Basic bmd1eW5hbmhkbmdfUUNySERrOm1OVG50OWJnenhBcWJBRVZ3aDZZ
accept: */*

Response DefaultHttpResponse(decodeResult: success, version: HTTP/1.1)
HTTP/1.1 200 OK
Server: nginx
Date: Mon, 09 May 2022 05:01:29 GMT
Content-Type: application/json;charset=utf-8
Connection: keep-alive
Source-From: 02
expires: Thu, 01 Jan 1970 00:00:00 GMT
cache-control: no-cache, no-cache
temp-header: 3694-5157101753-1-1652072489.245-rproxy-core-001-dcp-apse2a-prod.browserstack.com
content-length: 21764

12:01:29.729 [AsyncHttpClient-1-11] DEBUG org.asynchttpclient.netty.channel.ChannelManager - Adding key: http://hub-cloud.browserstack.com:80 for channel [id: 0x2ca4d89b, L:/172.17.19.76:56894 - R:hub-cloud.browserstack.com/173.234.104.3:80]
12:01:29.757 [Forwarding getCurrentUrl on session 801bdc4a6618ec25752c41909838fe48ee5c77b2 to remote] DEBUG org.asynchttpclient.netty.request.NettyRequestSender - Using pooled Channel '[id: 0x2ca4d89b, L:/172.17.19.76:56894 - R:hub-cloud.browserstack.com/173.234.104.3:80]' for 'GET' to 'http://nguynanhdng_QCrHDk:mNTnt9bgzxAqbAEVwh6Y@hub-cloud.browserstack.com/wd/hub/session/801bdc4a6618ec25752c41909838fe48ee5c77b2/url'
12:01:29.757 [Forwarding getCurrentUrl on session 801bdc4a6618ec25752c41909838fe48ee5c77b2 to remote] DEBUG org.asynchttpclient.netty.request.NettyRequestSender - Using open Channel [id: 0x2ca4d89b, L:/172.17.19.76:56894 - R:hub-cloud.browserstack.com/173.234.104.3:80] for GET '/wd/hub/session/801bdc4a6618ec25752c41909838fe48ee5c77b2/url'
12:01:30.023 [AsyncHttpClient-1-11] DEBUG org.asynchttpclient.netty.handler.HttpHandler - 

Request DefaultFullHttpRequest(decodeResult: success, version: HTTP/1.1, content: EmptyByteBufBE)
GET /wd/hub/session/801bdc4a6618ec25752c41909838fe48ee5c77b2/url HTTP/1.1
User-Agent: selenium/4.1.3 (java windows)
Cache-Control: no-cache
traceparent: 00-f50a589927bb57fe2543f6101b16fe23-db5b28201b5d2563-01
Content-Type: application/json; charset=utf-8
host: hub-cloud.browserstack.com
authorization: Basic bmd1eW5hbmhkbmdfUUNySERrOm1OVG50OWJnenhBcWJBRVZ3aDZZ
accept: */*

Response DefaultHttpResponse(decodeResult: success, version: HTTP/1.1)
HTTP/1.1 200 OK
Server: nginx
Date: Mon, 09 May 2022 05:01:29 GMT
Content-Type: application/json;charset=utf-8
Connection: keep-alive
Source-From: 02
expires: Thu, 01 Jan 1970 00:00:00 GMT
cache-control: no-cache, no-cache
temp-header: 3699-5157101881-1-1652072489.859-rproxy-core-001-dcp-apse2a-prod.browserstack.com
content-length: 61

12:01:30.024 [AsyncHttpClient-1-11] DEBUG org.asynchttpclient.netty.channel.ChannelManager - Adding key: http://hub-cloud.browserstack.com:80 for channel [id: 0x2ca4d89b, L:/172.17.19.76:56894 - R:hub-cloud.browserstack.com/173.234.104.3:80]
  &amp#27;[31mThen &amp#27;[0m&amp#27;[31mthe user is at &amp#27;[0m&amp#27;[31m&amp#27;[1m'Home'&amp#27;[0m&amp#27;[31m page&amp#27;[0m                                    &amp#27;[90m# cucumber.CommonStepDefs.the_user_is_at_page(java.lang.String)&amp#27;[0m
      &amp#27;[31morg.openqa.selenium.NoSuchElementException: Timed out after 2 seconds. Element not found
For documentation on this error, please visit: https://selenium.dev/exceptions/#no_such_element
Build info: version: '4.1.3', revision: '7b1ebf28ef'
System info: host: 'LAPDELL-0226', ip: '172.17.19.76', os.name: 'Windows 10', os.arch: 'amd64', os.version: '10.0', java.version: '1.8.0_321'
Driver info: driver.version: unknown
	at net.thucydides.core.annotations.locators.SmartAjaxElementLocator.ajaxFindElement(SmartAjaxElementLocator.java:164)
	at net.thucydides.core.annotations.locators.SmartAjaxElementLocator.findElement(SmartAjaxElementLocator.java:116)
	at net.serenitybdd.core.pages.WebElementResolverByElementLocator.resolveForDriver(WebElementResolverByElementLocator.java:29)
	at net.serenitybdd.core.pages.WebElementFacadeImpl.getResolvedElement(WebElementFacadeImpl.java:189)
	at net.serenitybdd.core.pages.WebElementFacadeImpl.getElement(WebElementFacadeImpl.java:184)
	at net.serenitybdd.core.pages.WebElementFacadeImpl.isDisplayed(WebElementFacadeImpl.java:1291)
	at sun.reflect.NativeMethodAccessorImpl.invoke0(Native Method)
	at sun.reflect.NativeMethodAccessorImpl.invoke(NativeMethodAccessorImpl.java:62)
	at sun.reflect.DelegatingMethodAccessorImpl.invoke(DelegatingMethodAccessorImpl.java:43)
	at java.lang.reflect.Method.invoke(Method.java:498)
	at net.thucydides.core.annotations.locators.AbstractSingleItemHandler.invoke(AbstractSingleItemHandler.java:43)
	at com.sun.proxy.$Proxy56.isDisplayed(Unknown Source)
	at pages.HomePage.isAt(HomePage.java:13)
	at serenity.CommonStepLibraries.isAt(CommonStepLibraries.java:15)
	at serenity.CommonStepLibraries$ByteBuddy$r11EEiKj.isAt$accessor$NdPFqOyJ(Unknown Source)
	at sun.reflect.NativeMethodAccessorImpl.invoke0(Native Method)
	at sun.reflect.NativeMethodAccessorImpl.invoke(NativeMethodAccessorImpl.java:62)
	at sun.reflect.DelegatingMethodAccessorImpl.invoke(DelegatingMethodAccessorImpl.java:43)
	at java.lang.reflect.Method.invoke(Method.java:498)
	at net.thucydides.core.steps.StepInterceptor.invokeMethod(StepInterceptor.java:503)
	at net.thucydides.core.steps.StepInterceptor.executeTestStepMethod(StepInterceptor.java:483)
	at net.thucydides.core.steps.StepInterceptor.runTestStep(StepInterceptor.java:457)
	at net.thucydides.core.steps.StepInterceptor.runOrSkipMethod(StepInterceptor.java:209)
	at net.thucydides.core.steps.StepInterceptor.testStepResult(StepInterceptor.java:196)
	at net.thucydides.core.steps.StepInterceptor.intercept(StepInterceptor.java:84)
	at net.thucydides.core.steps.ProxyConfiguration$InterceptorDispatcher.intercept(ProxyConfiguration.java:51)
	at serenity.CommonStepLibraries$ByteBuddy$r11EEiKj.isAt(Unknown Source)
	at cucumber.CommonStepDefs.the_user_is_at_page(CommonStepDefs.java:15)
	at âœ½.the user is at 'Home' page(file:///D:/Pratice/serenity_homework/src/test/resources/features.login/login_sucess.feature:6)
&amp#27;[0m
]]></system-out>
    <system-err><![CDATA[May 09, 2022 12:00:41 PM org.openqa.selenium.remote.ProtocolHandshake createSession
INFO: Detected dialect: W3C
May 09, 2022 12:00:41 PM org.openqa.selenium.devtools.CdpVersionFinder findNearestMatch
WARNING: Unable to find an exact match for CDP version 101, so returning the closest version found: 99
May 09, 2022 12:00:41 PM org.openqa.selenium.devtools.CdpVersionFinder findNearestMatch
INFO: Found CDP implementation for version 101 of 99
May 09, 2022 12:01:05 PM org.openqa.selenium.devtools.CdpEndpointFinder getCdpEndPoint
WARNING: Unable to connect to determine websocket url: java.net.ConnectException: Connection refused: no further information: localhost/0:0:0:0:0:0:0:1:3984
]]></system-err>
  </testcase>
  <testcase name="user login unsuccessful #1" classname="user login to the page unsuccessful" time="47.575">
    <system-out><![CDATA[12:01:30.067 [main] ERROR  - &amp#27;[91m
  _____   ___   ___   _____     ___   ___   ___    ___    ___ 
 |_   _| | __| / __| |_   _|   | __| | _ \ | _ \  / _ \  | _ \
   | |   | _|  \__ \   | |     | _|  |   / |   / | (_) | |   /
   |_|   |___| |___/   |_|     |___| |_|_\ |_|_\  \___/  |_|_\

user login successful
---------------------------------------------------------------&amp#27;[0m
12:01:30.067 [main] DEBUG  - RELATED ISSUES: 
12:01:30.068 [main] ERROR  - &amp#27;[91m    Test failed at step: Is at: Home&amp#27;[0m
12:01:30.068 [main] ERROR  - &amp#27;[91m    Timed out after 2 seconds. Element not found&amp#27;[0m
12:01:30.072 [Forwarding quit on session 801bdc4a6618ec25752c41909838fe48ee5c77b2 to remote] DEBUG org.asynchttpclient.netty.request.NettyRequestSender - Using pooled Channel '[id: 0x2ca4d89b, L:/172.17.19.76:56894 - R:hub-cloud.browserstack.com/173.234.104.3:80]' for 'DELETE' to 'http://nguynanhdng_QCrHDk:mNTnt9bgzxAqbAEVwh6Y@hub-cloud.browserstack.com/wd/hub/session/801bdc4a6618ec25752c41909838fe48ee5c77b2'
12:01:30.072 [Forwarding quit on session 801bdc4a6618ec25752c41909838fe48ee5c77b2 to remote] DEBUG org.asynchttpclient.netty.request.NettyRequestSender - Using open Channel [id: 0x2ca4d89b, L:/172.17.19.76:56894 - R:hub-cloud.browserstack.com/173.234.104.3:80] for DELETE '/wd/hub/session/801bdc4a6618ec25752c41909838fe48ee5c77b2'
12:01:31.571 [AsyncHttpClient-1-11] DEBUG org.asynchttpclient.netty.handler.HttpHandler - 

Request DefaultFullHttpRequest(decodeResult: success, version: HTTP/1.1, content: EmptyByteBufBE)
DELETE /wd/hub/session/801bdc4a6618ec25752c41909838fe48ee5c77b2 HTTP/1.1
User-Agent: selenium/4.1.3 (java windows)
traceparent: 00-a868e81327952824cd27198505123290-b224b9223f69fb59-01
Content-Type: application/json; charset=utf-8
host: hub-cloud.browserstack.com
authorization: Basic bmd1eW5hbmhkbmdfUUNySERrOm1OVG50OWJnenhBcWJBRVZ3aDZZ
accept: */*

Response DefaultHttpResponse(decodeResult: success, version: HTTP/1.1)
HTTP/1.1 200 OK
Server: nginx
Date: Mon, 09 May 2022 05:01:31 GMT
Content-Type: application/json; charset=utf-8
Transfer-Encoding: chunked
Connection: keep-alive
Source-From: 02
cache-control: no-cache

12:01:31.574 [AsyncHttpClient-1-11] DEBUG org.asynchttpclient.netty.channel.ChannelManager - Adding key: http://hub-cloud.browserstack.com:80 for channel [id: 0x2ca4d89b, L:/172.17.19.76:56894 - R:hub-cloud.browserstack.com/173.234.104.3:80]
12:01:31.579 [main] INFO io.cucumber.core.plugin.SerenityReporter - Running feature from file:///D:/Pratice/serenity_homework/src/test/resources/features.login/login_unsuccess.feature
12:01:31.579 [main] WARN io.cucumber.core.plugin.SerenityReporter - Feature from file:///D:/Pratice/serenity_homework/src/test/resources/features.login/login_unsuccess.feature is not under the 'features' directory. Requirements report will not be correctly generated!
12:01:31.583 [main] DEBUG net.thucydides.core.steps.StepEventBus - Test suite started for story net.thucydides.core.model.Story@d30bc052
12:01:31.583 [main] INFO  - Test Suite Started: user login to the page unsuccessful

@unit
Scenario Outline: user login unsuccessful                          &amp#27;[90m# src/test/resources/features.login/login_unsuccess.feature:9&amp#27;[0m
12:01:31.598 [main] INFO io.cucumber.core.plugin.SerenityReporter - Running feature from file:///D:/Pratice/serenity_homework/src/test/resources/features.login/login_unsuccess.feature
12:01:31.598 [main] WARN io.cucumber.core.plugin.SerenityReporter - Feature from file:///D:/Pratice/serenity_homework/src/test/resources/features.login/login_unsuccess.feature is not under the 'features' directory. Requirements report will not be correctly generated!
12:01:31.602 [main] INFO  - 
  _____   ___   ___   _____     ___   _____     _     ___   _____   ___   ___  
 |_   _| | __| / __| |_   _|   / __| |_   _|   /_\   | _ \ |_   _| | __| |   \ 
   | |   | _|  \__ \   | |     \__ \   | |    / _ \  |   /   | |   | _|  | |) |
   |_|   |___| |___/   |_|     |___/   |_|   /_/ \_\ |_|_\   |_|   |___| |___/ 

user login unsuccessful(user-login-to-the-page-unsuccessful;user-login-unsuccessful)
--------------------------------------------------------------------------------
12:01:31.672 [main] DEBUG io.github.bonigarcia.wdm.cache.ResolutionCache - Resolution chrome=101 in cache (valid until 12:13:55 09/05/2022 ICT)
12:01:31.673 [main] DEBUG io.github.bonigarcia.wdm.cache.ResolutionCache - Resolution chrome101=101.0.4951.41 in cache (valid until 22:55:19 09/05/2022 ICT)
12:01:31.673 [main] INFO io.github.bonigarcia.wdm.WebDriverManager - Using chromedriver 101.0.4951.41 (resolved driver for Chrome 101)
12:01:31.686 [main] DEBUG io.github.bonigarcia.wdm.WebDriverManager - Driver chromedriver 101.0.4951.41 found in cache
12:01:31.687 [main] INFO io.github.bonigarcia.wdm.WebDriverManager - Exporting webdriver.chrome.driver as C:\Users\dung.nguyenanh\.cache\selenium\chromedriver\win32\101.0.4951.41\chromedriver.exe
12:01:31.964 [Forwarding newSession on session null to remote] DEBUG org.asynchttpclient.netty.request.NettyRequestSender - Using pooled Channel '[id: 0x2ca4d89b, L:/172.17.19.76:56894 - R:hub-cloud.browserstack.com/173.234.104.3:80]' for 'POST' to 'http://nguynanhdng_QCrHDk:mNTnt9bgzxAqbAEVwh6Y@hub-cloud.browserstack.com/wd/hub/session'
12:01:31.964 [Forwarding newSession on session null to remote] DEBUG org.asynchttpclient.netty.request.NettyRequestSender - Using open Channel [id: 0x2ca4d89b, L:/172.17.19.76:56894 - R:hub-cloud.browserstack.com/173.234.104.3:80] for POST '/wd/hub/session'
12:01:37.652 [AsyncHttpClient-1-11] DEBUG org.asynchttpclient.netty.handler.HttpHandler - 

Request DefaultHttpRequest(decodeResult: success, version: HTTP/1.1)
POST /wd/hub/session HTTP/1.1
User-Agent: selenium/4.1.3 (java windows)
traceparent: 00-adc31843340bc22a81827feb859f2423-2f29c3a2a4ac8d68-01
Content-Length: 511
Content-Type: application/json; charset=utf-8
host: hub-cloud.browserstack.com
authorization: Basic bmd1eW5hbmhkbmdfUUNySERrOm1OVG50OWJnenhBcWJBRVZ3aDZZ
accept: */*

Response DefaultHttpResponse(decodeResult: success, version: HTTP/1.1)
HTTP/1.1 200 OK
Server: nginx
Date: Mon, 09 May 2022 05:01:37 GMT
Content-Type: application/json; charset=utf-8
Transfer-Encoding: chunked
Connection: keep-alive
Source-From: 02
cache-control: no-cache

12:01:37.652 [AsyncHttpClient-1-11] DEBUG org.asynchttpclient.netty.channel.ChannelManager - Adding key: http://hub-cloud.browserstack.com:80 for channel [id: 0x2ca4d89b, L:/172.17.19.76:56894 - R:hub-cloud.browserstack.com/173.234.104.3:80]
12:01:37.867 [AsyncHttpClient-1-1] DEBUG org.asynchttpclient.netty.channel.DefaultChannelPool - Entry count for : http://hub-cloud.browserstack.com:80 : 1
12:01:38.974 [AsyncHttpClient-1-1] DEBUG org.asynchttpclient.netty.channel.DefaultChannelPool - Entry count for : http://hub-cloud.browserstack.com:80 : 1
12:01:40.065 [AsyncHttpClient-1-1] DEBUG org.asynchttpclient.netty.channel.DefaultChannelPool - Entry count for : http://hub-cloud.browserstack.com:80 : 1
12:01:41.173 [AsyncHttpClient-1-1] DEBUG org.asynchttpclient.netty.channel.DefaultChannelPool - Entry count for : http://hub-cloud.browserstack.com:80 : 1
12:01:41.797 [AsyncHttpClient-1-9] DEBUG org.asynchttpclient.netty.channel.NettyConnectListener - Trying to recover from failing to connect channel [id: 0xd169cc84] with a retry value of true 
12:01:41.797 [AsyncHttpClient-1-9] DEBUG org.asynchttpclient.netty.request.NettyRequestSender - Trying to recover request DefaultFullHttpRequest(decodeResult: success, version: HTTP/1.1, content: EmptyByteBufBE)
GET /json/version HTTP/1.1
User-Agent: selenium/4.1.3 (java windows)
host: localhost:7156
accept: */*

12:01:42.266 [AsyncHttpClient-1-1] DEBUG org.asynchttpclient.netty.channel.DefaultChannelPool - Entry count for : http://hub-cloud.browserstack.com:80 : 1
12:01:43.366 [AsyncHttpClient-1-1] DEBUG org.asynchttpclient.netty.channel.DefaultChannelPool - Entry count for : http://hub-cloud.browserstack.com:80 : 1
12:01:44.465 [AsyncHttpClient-1-1] DEBUG org.asynchttpclient.netty.channel.DefaultChannelPool - Entry count for : http://hub-cloud.browserstack.com:80 : 1
12:01:45.567 [AsyncHttpClient-1-1] DEBUG org.asynchttpclient.netty.channel.DefaultChannelPool - Entry count for : http://hub-cloud.browserstack.com:80 : 1
12:01:45.891 [AsyncHttpClient-1-11] DEBUG org.asynchttpclient.netty.channel.NettyConnectListener - Trying to recover from failing to connect channel [id: 0xdf7bfb32] with a retry value of true 
12:01:45.891 [AsyncHttpClient-1-11] DEBUG org.asynchttpclient.netty.request.NettyRequestSender - Trying to recover request DefaultFullHttpRequest(decodeResult: success, version: HTTP/1.1, content: EmptyByteBufBE)
GET /json/version HTTP/1.1
User-Agent: selenium/4.1.3 (java windows)
host: localhost:7156
accept: */*

12:01:46.666 [AsyncHttpClient-1-1] DEBUG org.asynchttpclient.netty.channel.DefaultChannelPool - Entry count for : http://hub-cloud.browserstack.com:80 : 1
12:01:47.768 [AsyncHttpClient-1-1] DEBUG org.asynchttpclient.netty.channel.DefaultChannelPool - Entry count for : http://hub-cloud.browserstack.com:80 : 1
12:01:48.867 [AsyncHttpClient-1-1] DEBUG org.asynchttpclient.netty.channel.DefaultChannelPool - Entry count for : http://hub-cloud.browserstack.com:80 : 1
12:01:49.970 [AsyncHttpClient-1-1] DEBUG org.asynchttpclient.netty.channel.DefaultChannelPool - Entry count for : http://hub-cloud.browserstack.com:80 : 1
12:01:49.986 [AsyncHttpClient-1-13] DEBUG org.asynchttpclient.netty.channel.NettyConnectListener - Trying to recover from failing to connect channel [id: 0x72c0ccd8] with a retry value of true 
12:01:49.987 [AsyncHttpClient-1-13] DEBUG org.asynchttpclient.netty.request.NettyRequestSender - Trying to recover request DefaultFullHttpRequest(decodeResult: success, version: HTTP/1.1, content: EmptyByteBufBE)
GET /json/version HTTP/1.1
User-Agent: selenium/4.1.3 (java windows)
host: localhost:7156
accept: */*

12:01:51.071 [AsyncHttpClient-1-1] DEBUG org.asynchttpclient.netty.channel.DefaultChannelPool - Entry count for : http://hub-cloud.browserstack.com:80 : 1
12:01:52.169 [AsyncHttpClient-1-1] DEBUG org.asynchttpclient.netty.channel.DefaultChannelPool - Entry count for : http://hub-cloud.browserstack.com:80 : 1
12:01:53.271 [AsyncHttpClient-1-1] DEBUG org.asynchttpclient.netty.channel.DefaultChannelPool - Entry count for : http://hub-cloud.browserstack.com:80 : 1
12:01:54.080 [AsyncHttpClient-1-15] DEBUG org.asynchttpclient.netty.channel.NettyConnectListener - Trying to recover from failing to connect channel [id: 0xfaf2a6d0] with a retry value of true 
12:01:54.080 [AsyncHttpClient-1-15] DEBUG org.asynchttpclient.netty.request.NettyRequestSender - Trying to recover request DefaultFullHttpRequest(decodeResult: success, version: HTTP/1.1, content: EmptyByteBufBE)
GET /json/version HTTP/1.1
User-Agent: selenium/4.1.3 (java windows)
host: localhost:7156
accept: */*

12:01:54.367 [AsyncHttpClient-1-1] DEBUG org.asynchttpclient.netty.channel.DefaultChannelPool - Entry count for : http://hub-cloud.browserstack.com:80 : 1
12:01:55.467 [AsyncHttpClient-1-1] DEBUG org.asynchttpclient.netty.channel.DefaultChannelPool - Entry count for : http://hub-cloud.browserstack.com:80 : 1
12:01:56.566 [AsyncHttpClient-1-1] DEBUG org.asynchttpclient.netty.channel.DefaultChannelPool - Entry count for : http://hub-cloud.browserstack.com:80 : 1
12:01:57.673 [AsyncHttpClient-1-1] DEBUG org.asynchttpclient.netty.channel.DefaultChannelPool - Entry count for : http://hub-cloud.browserstack.com:80 : 1
12:01:58.185 [AsyncHttpClient-1-17] DEBUG org.asynchttpclient.netty.channel.NettyConnectListener - Trying to recover from failing to connect channel [id: 0x3ddde360] with a retry value of true 
12:01:58.185 [AsyncHttpClient-1-17] DEBUG org.asynchttpclient.netty.request.NettyRequestSender - Trying to recover request DefaultFullHttpRequest(decodeResult: success, version: HTTP/1.1, content: EmptyByteBufBE)
GET /json/version HTTP/1.1
User-Agent: selenium/4.1.3 (java windows)
host: localhost:7156
accept: */*

12:01:58.766 [AsyncHttpClient-1-1] DEBUG org.asynchttpclient.netty.channel.DefaultChannelPool - Entry count for : http://hub-cloud.browserstack.com:80 : 1
12:01:59.865 [AsyncHttpClient-1-1] DEBUG org.asynchttpclient.netty.channel.DefaultChannelPool - Entry count for : http://hub-cloud.browserstack.com:80 : 1
12:02:00.965 [AsyncHttpClient-1-1] DEBUG org.asynchttpclient.netty.channel.DefaultChannelPool - Entry count for : http://hub-cloud.browserstack.com:80 : 1
12:02:02.070 [AsyncHttpClient-1-1] DEBUG org.asynchttpclient.netty.channel.DefaultChannelPool - Entry count for : http://hub-cloud.browserstack.com:80 : 1
12:02:02.286 [AsyncHttpClient-1-3] DEBUG org.asynchttpclient.netty.channel.NettyConnectListener - Trying to recover from failing to connect channel [id: 0x2ea04a22] with a retry value of false 
12:02:02.286 [AsyncHttpClient-1-3] DEBUG org.asynchttpclient.netty.channel.NettyConnectListener - Failed to recover from connect exception: io.netty.channel.AbstractChannel$AnnotatedConnectException: Connection refused: no further information: localhost/0:0:0:0:0:0:0:1:7156 with channel [id: 0x2ea04a22]
12:02:02.287 [AsyncHttpClient-1-3] DEBUG org.asynchttpclient.AsyncCompletionHandler - Connection refused: no further information: localhost/0:0:0:0:0:0:0:1:7156
java.net.ConnectException: Connection refused: no further information: localhost/0:0:0:0:0:0:0:1:7156
	at org.asynchttpclient.netty.channel.NettyConnectListener.onFailure(NettyConnectListener.java:179)
	at org.asynchttpclient.netty.channel.NettyChannelConnector$1.onFailure(NettyChannelConnector.java:108)
	at org.asynchttpclient.netty.SimpleChannelFutureListener.operationComplete(SimpleChannelFutureListener.java:28)
	at org.asynchttpclient.netty.SimpleChannelFutureListener.operationComplete(SimpleChannelFutureListener.java:20)
	at io.netty.util.concurrent.DefaultPromise.notifyListener0(DefaultPromise.java:578)
	at io.netty.util.concurrent.DefaultPromise.notifyListeners0(DefaultPromise.java:571)
	at io.netty.util.concurrent.DefaultPromise.notifyListenersNow(DefaultPromise.java:550)
	at io.netty.util.concurrent.DefaultPromise.notifyListeners(DefaultPromise.java:491)
	at io.netty.util.concurrent.DefaultPromise.setValue0(DefaultPromise.java:616)
	at io.netty.util.concurrent.DefaultPromise.setFailure0(DefaultPromise.java:609)
	at io.netty.util.concurrent.DefaultPromise.tryFailure(DefaultPromise.java:117)
	at io.netty.channel.nio.AbstractNioChannel$AbstractNioUnsafe.fulfillConnectPromise(AbstractNioChannel.java:321)
	at io.netty.channel.nio.AbstractNioChannel$AbstractNioUnsafe.finishConnect(AbstractNioChannel.java:337)
	at io.netty.channel.nio.NioEventLoop.processSelectedKey(NioEventLoop.java:710)
	at io.netty.channel.nio.NioEventLoop.processSelectedKeysOptimized(NioEventLoop.java:658)
	at io.netty.channel.nio.NioEventLoop.processSelectedKeys(NioEventLoop.java:584)
	at io.netty.channel.nio.NioEventLoop.run(NioEventLoop.java:496)
	at io.netty.util.concurrent.SingleThreadEventExecutor$4.run(SingleThreadEventExecutor.java:986)
	at io.netty.util.internal.ThreadExecutorMap$2.run(ThreadExecutorMap.java:74)
	at io.netty.util.concurrent.FastThreadLocalRunnable.run(FastThreadLocalRunnable.java:30)
	at java.lang.Thread.run(Thread.java:750)
Caused by: io.netty.channel.AbstractChannel$AnnotatedConnectException: Connection refused: no further information: localhost/0:0:0:0:0:0:0:1:7156
Caused by: java.net.ConnectException: Connection refused: no further information
	at sun.nio.ch.SocketChannelImpl.checkConnect(Native Method)
	at sun.nio.ch.SocketChannelImpl.finishConnect(SocketChannelImpl.java:715)
	at io.netty.channel.socket.nio.NioSocketChannel.doFinishConnect(NioSocketChannel.java:330)
	at io.netty.channel.nio.AbstractNioChannel$AbstractNioUnsafe.finishConnect(AbstractNioChannel.java:334)
	at io.netty.channel.nio.NioEventLoop.processSelectedKey(NioEventLoop.java:710)
	at io.netty.channel.nio.NioEventLoop.processSelectedKeysOptimized(NioEventLoop.java:658)
	at io.netty.channel.nio.NioEventLoop.processSelectedKeys(NioEventLoop.java:584)
	at io.netty.channel.nio.NioEventLoop.run(NioEventLoop.java:496)
	at io.netty.util.concurrent.SingleThreadEventExecutor$4.run(SingleThreadEventExecutor.java:986)
	at io.netty.util.internal.ThreadExecutorMap$2.run(ThreadExecutorMap.java:74)
	at io.netty.util.concurrent.FastThreadLocalRunnable.run(FastThreadLocalRunnable.java:30)
	at java.lang.Thread.run(Thread.java:750)
12:02:02.334 [Forwarding get on session f2a745a73021f465498297146c9258dc42b45f37 to remote] DEBUG org.asynchttpclient.netty.request.NettyRequestSender - Using pooled Channel '[id: 0x2ca4d89b, L:/172.17.19.76:56894 - R:hub-cloud.browserstack.com/173.234.104.3:80]' for 'POST' to 'http://nguynanhdng_QCrHDk:mNTnt9bgzxAqbAEVwh6Y@hub-cloud.browserstack.com/wd/hub/session/f2a745a73021f465498297146c9258dc42b45f37/url'
12:02:02.335 [Forwarding get on session f2a745a73021f465498297146c9258dc42b45f37 to remote] DEBUG org.asynchttpclient.netty.request.NettyRequestSender - Using open Channel [id: 0x2ca4d89b, L:/172.17.19.76:56894 - R:hub-cloud.browserstack.com/173.234.104.3:80] for POST '/wd/hub/session/f2a745a73021f465498297146c9258dc42b45f37/url'
12:02:08.323 [AsyncHttpClient-1-11] DEBUG org.asynchttpclient.netty.handler.HttpHandler - 

Request DefaultHttpRequest(decodeResult: success, version: HTTP/1.1)
POST /wd/hub/session/f2a745a73021f465498297146c9258dc42b45f37/url HTTP/1.1
User-Agent: selenium/4.1.3 (java windows)
traceparent: 00-8db15f980884111fb2a571ffc9d1087e-84944fdbcee2fabc-01
Content-Length: 94
Content-Type: application/json; charset=utf-8
host: hub-cloud.browserstack.com
authorization: Basic bmd1eW5hbmhkbmdfUUNySERrOm1OVG50OWJnenhBcWJBRVZ3aDZZ
accept: */*

Response DefaultHttpResponse(decodeResult: success, version: HTTP/1.1)
HTTP/1.1 200 OK
Server: nginx
Date: Mon, 09 May 2022 05:02:07 GMT
Content-Type: application/json;charset=utf-8
Connection: keep-alive
Source-From: 02
expires: Thu, 01 Jan 1970 00:00:00 GMT
cache-control: no-cache, no-cache
temp-header: 3697-5157107793-1-1652072527.977-rproxy-core-001-dcp-apse2a-prod.browserstack.com
content-length: 14

12:02:08.323 [AsyncHttpClient-1-11] DEBUG org.asynchttpclient.netty.channel.ChannelManager - Adding key: http://hub-cloud.browserstack.com:80 for channel [id: 0x2ca4d89b, L:/172.17.19.76:56894 - R:hub-cloud.browserstack.com/173.234.104.3:80]
12:02:08.326 [Forwarding setTimeout on session f2a745a73021f465498297146c9258dc42b45f37 to remote] DEBUG org.asynchttpclient.netty.request.NettyRequestSender - Using pooled Channel '[id: 0x2ca4d89b, L:/172.17.19.76:56894 - R:hub-cloud.browserstack.com/173.234.104.3:80]' for 'POST' to 'http://nguynanhdng_QCrHDk:mNTnt9bgzxAqbAEVwh6Y@hub-cloud.browserstack.com/wd/hub/session/f2a745a73021f465498297146c9258dc42b45f37/timeouts'
12:02:08.326 [Forwarding setTimeout on session f2a745a73021f465498297146c9258dc42b45f37 to remote] DEBUG org.asynchttpclient.netty.request.NettyRequestSender - Using open Channel [id: 0x2ca4d89b, L:/172.17.19.76:56894 - R:hub-cloud.browserstack.com/173.234.104.3:80] for POST '/wd/hub/session/f2a745a73021f465498297146c9258dc42b45f37/timeouts'
12:02:08.615 [AsyncHttpClient-1-11] DEBUG org.asynchttpclient.netty.handler.HttpHandler - 

Request DefaultHttpRequest(decodeResult: success, version: HTTP/1.1)
POST /wd/hub/session/f2a745a73021f465498297146c9258dc42b45f37/timeouts HTTP/1.1
User-Agent: selenium/4.1.3 (java windows)
traceparent: 00-b0bcd51e62021b9d765b03844040af17-1b51a0b1a3dc4643-01
Content-Length: 22
Content-Type: application/json; charset=utf-8
host: hub-cloud.browserstack.com
authorization: Basic bmd1eW5hbmhkbmdfUUNySERrOm1OVG50OWJnenhBcWJBRVZ3aDZZ
accept: */*

Response DefaultHttpResponse(decodeResult: success, version: HTTP/1.1)
HTTP/1.1 200 OK
Server: nginx
Date: Mon, 09 May 2022 05:02:08 GMT
Content-Type: application/json;charset=utf-8
Connection: keep-alive
Source-From: 02
expires: Thu, 01 Jan 1970 00:00:00 GMT
cache-control: no-cache, no-cache
temp-header: 2025-2500098382-1-1652072528.429-rproxy-core-002-dcp-apse2a-prod.browserstack.com
content-length: 14

12:02:08.615 [AsyncHttpClient-1-11] DEBUG org.asynchttpclient.netty.channel.ChannelManager - Adding key: http://hub-cloud.browserstack.com:80 for channel [id: 0x2ca4d89b, L:/172.17.19.76:56894 - R:hub-cloud.browserstack.com/173.234.104.3:80]
12:02:08.618 [Forwarding getCurrentUrl on session f2a745a73021f465498297146c9258dc42b45f37 to remote] DEBUG org.asynchttpclient.netty.request.NettyRequestSender - Using pooled Channel '[id: 0x2ca4d89b, L:/172.17.19.76:56894 - R:hub-cloud.browserstack.com/173.234.104.3:80]' for 'GET' to 'http://nguynanhdng_QCrHDk:mNTnt9bgzxAqbAEVwh6Y@hub-cloud.browserstack.com/wd/hub/session/f2a745a73021f465498297146c9258dc42b45f37/url'
12:02:08.618 [Forwarding getCurrentUrl on session f2a745a73021f465498297146c9258dc42b45f37 to remote] DEBUG org.asynchttpclient.netty.request.NettyRequestSender - Using open Channel [id: 0x2ca4d89b, L:/172.17.19.76:56894 - R:hub-cloud.browserstack.com/173.234.104.3:80] for GET '/wd/hub/session/f2a745a73021f465498297146c9258dc42b45f37/url'
12:02:08.881 [AsyncHttpClient-1-11] DEBUG org.asynchttpclient.netty.handler.HttpHandler - 

Request DefaultFullHttpRequest(decodeResult: success, version: HTTP/1.1, content: EmptyByteBufBE)
GET /wd/hub/session/f2a745a73021f465498297146c9258dc42b45f37/url HTTP/1.1
User-Agent: selenium/4.1.3 (java windows)
Cache-Control: no-cache
traceparent: 00-d501bffc27b756cc9c38706f48f29645-07aee5d890c6d27b-01
Content-Type: application/json; charset=utf-8
host: hub-cloud.browserstack.com
authorization: Basic bmd1eW5hbmhkbmdfUUNySERrOm1OVG50OWJnenhBcWJBRVZ3aDZZ
accept: */*

Response DefaultHttpResponse(decodeResult: success, version: HTTP/1.1)
HTTP/1.1 200 OK
Server: nginx
Date: Mon, 09 May 2022 05:02:08 GMT
Content-Type: application/json;charset=utf-8
Connection: keep-alive
Source-From: 02
expires: Thu, 01 Jan 1970 00:00:00 GMT
cache-control: no-cache, no-cache
temp-header: 3698-5157108947-1-1652072528.717-rproxy-core-001-dcp-apse2a-prod.browserstack.com
content-length: 61

12:02:08.881 [AsyncHttpClient-1-11] DEBUG org.asynchttpclient.netty.channel.ChannelManager - Adding key: http://hub-cloud.browserstack.com:80 for channel [id: 0x2ca4d89b, L:/172.17.19.76:56894 - R:hub-cloud.browserstack.com/173.234.104.3:80]
12:02:08.884 [Forwarding getCurrentUrl on session f2a745a73021f465498297146c9258dc42b45f37 to remote] DEBUG org.asynchttpclient.netty.request.NettyRequestSender - Using pooled Channel '[id: 0x2ca4d89b, L:/172.17.19.76:56894 - R:hub-cloud.browserstack.com/173.234.104.3:80]' for 'GET' to 'http://nguynanhdng_QCrHDk:mNTnt9bgzxAqbAEVwh6Y@hub-cloud.browserstack.com/wd/hub/session/f2a745a73021f465498297146c9258dc42b45f37/url'
12:02:08.885 [Forwarding getCurrentUrl on session f2a745a73021f465498297146c9258dc42b45f37 to remote] DEBUG org.asynchttpclient.netty.request.NettyRequestSender - Using open Channel [id: 0x2ca4d89b, L:/172.17.19.76:56894 - R:hub-cloud.browserstack.com/173.234.104.3:80] for GET '/wd/hub/session/f2a745a73021f465498297146c9258dc42b45f37/url'
12:02:09.235 [AsyncHttpClient-1-11] DEBUG org.asynchttpclient.netty.handler.HttpHandler - 

Request DefaultFullHttpRequest(decodeResult: success, version: HTTP/1.1, content: EmptyByteBufBE)
GET /wd/hub/session/f2a745a73021f465498297146c9258dc42b45f37/url HTTP/1.1
User-Agent: selenium/4.1.3 (java windows)
Cache-Control: no-cache
traceparent: 00-699088b16f6ea090446f8310daed04be-945690c828ffd8b7-01
Content-Type: application/json; charset=utf-8
host: hub-cloud.browserstack.com
authorization: Basic bmd1eW5hbmhkbmdfUUNySERrOm1OVG50OWJnenhBcWJBRVZ3aDZZ
accept: */*

Response DefaultHttpResponse(decodeResult: success, version: HTTP/1.1)
HTTP/1.1 200 OK
Server: nginx
Date: Mon, 09 May 2022 05:02:09 GMT
Content-Type: application/json;charset=utf-8
Connection: keep-alive
Source-From: 02
expires: Thu, 01 Jan 1970 00:00:00 GMT
cache-control: no-cache, no-cache
temp-header: 3693-5157109001-1-1652072529.061-rproxy-core-001-dcp-apse2a-prod.browserstack.com
content-length: 61

12:02:09.235 [AsyncHttpClient-1-11] DEBUG org.asynchttpclient.netty.channel.ChannelManager - Adding key: http://hub-cloud.browserstack.com:80 for channel [id: 0x2ca4d89b, L:/172.17.19.76:56894 - R:hub-cloud.browserstack.com/173.234.104.3:80]
12:02:09.241 [Forwarding maximizeCurrentWindow on session f2a745a73021f465498297146c9258dc42b45f37 to remote] DEBUG org.asynchttpclient.netty.request.NettyRequestSender - Using pooled Channel '[id: 0x2ca4d89b, L:/172.17.19.76:56894 - R:hub-cloud.browserstack.com/173.234.104.3:80]' for 'POST' to 'http://nguynanhdng_QCrHDk:mNTnt9bgzxAqbAEVwh6Y@hub-cloud.browserstack.com/wd/hub/session/f2a745a73021f465498297146c9258dc42b45f37/window/maximize'
12:02:09.241 [Forwarding maximizeCurrentWindow on session f2a745a73021f465498297146c9258dc42b45f37 to remote] DEBUG org.asynchttpclient.netty.request.NettyRequestSender - Using open Channel [id: 0x2ca4d89b, L:/172.17.19.76:56894 - R:hub-cloud.browserstack.com/173.234.104.3:80] for POST '/wd/hub/session/f2a745a73021f465498297146c9258dc42b45f37/window/maximize'
12:02:09.740 [AsyncHttpClient-1-11] DEBUG org.asynchttpclient.netty.handler.HttpHandler - 

Request DefaultHttpRequest(decodeResult: success, version: HTTP/1.1)
POST /wd/hub/session/f2a745a73021f465498297146c9258dc42b45f37/window/maximize HTTP/1.1
User-Agent: selenium/4.1.3 (java windows)
traceparent: 00-bcaaa16753b66e5bc2e064b10cb3fa37-43e4b0ece4127c4b-01
Content-Length: 3
Content-Type: application/json; charset=utf-8
host: hub-cloud.browserstack.com
authorization: Basic bmd1eW5hbmhkbmdfUUNySERrOm1OVG50OWJnenhBcWJBRVZ3aDZZ
accept: */*

Response DefaultHttpResponse(decodeResult: success, version: HTTP/1.1)
HTTP/1.1 200 OK
Server: nginx
Date: Mon, 09 May 2022 05:02:09 GMT
Content-Type: application/json;charset=utf-8
Connection: keep-alive
Source-From: 02
expires: Thu, 01 Jan 1970 00:00:00 GMT
cache-control: no-cache, no-cache
temp-header: 3695-5157109054-1-1652072529.485-rproxy-core-001-dcp-apse2a-prod.browserstack.com
content-length: 52

12:02:09.740 [AsyncHttpClient-1-11] DEBUG org.asynchttpclient.netty.channel.ChannelManager - Adding key: http://hub-cloud.browserstack.com:80 for channel [id: 0x2ca4d89b, L:/172.17.19.76:56894 - R:hub-cloud.browserstack.com/173.234.104.3:80]
12:02:09.761 [main] DEBUG net.thucydides.core.steps.StepInterceptor - STARTING STEP: LoginStepDefs.the_user_enters_the_username_and_password - login
12:02:09.767 [Forwarding setTimeout on session f2a745a73021f465498297146c9258dc42b45f37 to remote] DEBUG org.asynchttpclient.netty.request.NettyRequestSender - Using pooled Channel '[id: 0x2ca4d89b, L:/172.17.19.76:56894 - R:hub-cloud.browserstack.com/173.234.104.3:80]' for 'POST' to 'http://nguynanhdng_QCrHDk:mNTnt9bgzxAqbAEVwh6Y@hub-cloud.browserstack.com/wd/hub/session/f2a745a73021f465498297146c9258dc42b45f37/timeouts'
12:02:09.767 [Forwarding setTimeout on session f2a745a73021f465498297146c9258dc42b45f37 to remote] DEBUG org.asynchttpclient.netty.request.NettyRequestSender - Using open Channel [id: 0x2ca4d89b, L:/172.17.19.76:56894 - R:hub-cloud.browserstack.com/173.234.104.3:80] for POST '/wd/hub/session/f2a745a73021f465498297146c9258dc42b45f37/timeouts'
12:02:10.086 [AsyncHttpClient-1-11] DEBUG org.asynchttpclient.netty.handler.HttpHandler - 

Request DefaultHttpRequest(decodeResult: success, version: HTTP/1.1)
POST /wd/hub/session/f2a745a73021f465498297146c9258dc42b45f37/timeouts HTTP/1.1
User-Agent: selenium/4.1.3 (java windows)
traceparent: 00-264fb1e8d7b69c86716a7951640a3a35-bd6c62e5cc5548c6-01
Content-Length: 19
Content-Type: application/json; charset=utf-8
host: hub-cloud.browserstack.com
authorization: Basic bmd1eW5hbmhkbmdfUUNySERrOm1OVG50OWJnenhBcWJBRVZ3aDZZ
accept: */*

Response DefaultHttpResponse(decodeResult: success, version: HTTP/1.1)
HTTP/1.1 200 OK
Server: nginx
Date: Mon, 09 May 2022 05:02:09 GMT
Content-Type: application/json;charset=utf-8
Connection: keep-alive
Source-From: 02
expires: Thu, 01 Jan 1970 00:00:00 GMT
cache-control: no-cache, no-cache
temp-header: 2029-2500098911-1-1652072529.925-rproxy-core-002-dcp-apse2a-prod.browserstack.com
content-length: 14

12:02:10.086 [AsyncHttpClient-1-11] DEBUG org.asynchttpclient.netty.channel.ChannelManager - Adding key: http://hub-cloud.browserstack.com:80 for channel [id: 0x2ca4d89b, L:/172.17.19.76:56894 - R:hub-cloud.browserstack.com/173.234.104.3:80]
12:02:10.091 [Forwarding findElement on session f2a745a73021f465498297146c9258dc42b45f37 to remote] DEBUG org.asynchttpclient.netty.request.NettyRequestSender - Using pooled Channel '[id: 0x2ca4d89b, L:/172.17.19.76:56894 - R:hub-cloud.browserstack.com/173.234.104.3:80]' for 'POST' to 'http://nguynanhdng_QCrHDk:mNTnt9bgzxAqbAEVwh6Y@hub-cloud.browserstack.com/wd/hub/session/f2a745a73021f465498297146c9258dc42b45f37/element'
12:02:10.091 [Forwarding findElement on session f2a745a73021f465498297146c9258dc42b45f37 to remote] DEBUG org.asynchttpclient.netty.request.NettyRequestSender - Using open Channel [id: 0x2ca4d89b, L:/172.17.19.76:56894 - R:hub-cloud.browserstack.com/173.234.104.3:80] for POST '/wd/hub/session/f2a745a73021f465498297146c9258dc42b45f37/element'
12:02:10.405 [AsyncHttpClient-1-11] DEBUG org.asynchttpclient.netty.handler.HttpHandler - 

Request DefaultHttpRequest(decodeResult: success, version: HTTP/1.1)
POST /wd/hub/session/f2a745a73021f465498297146c9258dc42b45f37/element HTTP/1.1
User-Agent: selenium/4.1.3 (java windows)
traceparent: 00-12d7726346bb9a3f60f1eced4e3ea7ae-5f5f60d7903bb982-01
Content-Length: 61
Content-Type: application/json; charset=utf-8
host: hub-cloud.browserstack.com
authorization: Basic bmd1eW5hbmhkbmdfUUNySERrOm1OVG50OWJnenhBcWJBRVZ3aDZZ
accept: */*

Response DefaultHttpResponse(decodeResult: success, version: HTTP/1.1)
HTTP/1.1 200 OK
Server: nginx
Date: Mon, 09 May 2022 05:02:10 GMT
Content-Type: application/json;charset=utf-8
Connection: keep-alive
Source-From: 02
expires: Thu, 01 Jan 1970 00:00:00 GMT
cache-control: no-cache, no-cache
temp-header: 3698-5157109208-1-1652072530.240-rproxy-core-001-dcp-apse2a-prod.browserstack.com
content-length: 88

12:02:10.405 [AsyncHttpClient-1-11] DEBUG org.asynchttpclient.netty.channel.ChannelManager - Adding key: http://hub-cloud.browserstack.com:80 for channel [id: 0x2ca4d89b, L:/172.17.19.76:56894 - R:hub-cloud.browserstack.com/173.234.104.3:80]
12:02:10.408 [Forwarding setTimeout on session f2a745a73021f465498297146c9258dc42b45f37 to remote] DEBUG org.asynchttpclient.netty.request.NettyRequestSender - Using pooled Channel '[id: 0x2ca4d89b, L:/172.17.19.76:56894 - R:hub-cloud.browserstack.com/173.234.104.3:80]' for 'POST' to 'http://nguynanhdng_QCrHDk:mNTnt9bgzxAqbAEVwh6Y@hub-cloud.browserstack.com/wd/hub/session/f2a745a73021f465498297146c9258dc42b45f37/timeouts'
12:02:10.408 [Forwarding setTimeout on session f2a745a73021f465498297146c9258dc42b45f37 to remote] DEBUG org.asynchttpclient.netty.request.NettyRequestSender - Using open Channel [id: 0x2ca4d89b, L:/172.17.19.76:56894 - R:hub-cloud.browserstack.com/173.234.104.3:80] for POST '/wd/hub/session/f2a745a73021f465498297146c9258dc42b45f37/timeouts'
12:02:10.670 [AsyncHttpClient-1-11] DEBUG org.asynchttpclient.netty.handler.HttpHandler - 

Request DefaultHttpRequest(decodeResult: success, version: HTTP/1.1)
POST /wd/hub/session/f2a745a73021f465498297146c9258dc42b45f37/timeouts HTTP/1.1
User-Agent: selenium/4.1.3 (java windows)
traceparent: 00-0dc1fb49c924fd5fd2c0d8bb175d1e0a-cb5f69b4f83cefe2-01
Content-Length: 22
Content-Type: application/json; charset=utf-8
host: hub-cloud.browserstack.com
authorization: Basic bmd1eW5hbmhkbmdfUUNySERrOm1OVG50OWJnenhBcWJBRVZ3aDZZ
accept: */*

Response DefaultHttpResponse(decodeResult: success, version: HTTP/1.1)
HTTP/1.1 200 OK
Server: nginx
Date: Mon, 09 May 2022 05:02:10 GMT
Content-Type: application/json;charset=utf-8
Connection: keep-alive
Source-From: 02
expires: Thu, 01 Jan 1970 00:00:00 GMT
cache-control: no-cache, no-cache
temp-header: 2031-2500099121-1-1652072530.507-rproxy-core-002-dcp-apse2a-prod.browserstack.com
content-length: 14

12:02:10.671 [AsyncHttpClient-1-11] DEBUG org.asynchttpclient.netty.channel.ChannelManager - Adding key: http://hub-cloud.browserstack.com:80 for channel [id: 0x2ca4d89b, L:/172.17.19.76:56894 - R:hub-cloud.browserstack.com/173.234.104.3:80]
12:02:10.680 [Forwarding isElementDisplayed on session f2a745a73021f465498297146c9258dc42b45f37 to remote] DEBUG org.asynchttpclient.netty.request.NettyRequestSender - Using pooled Channel '[id: 0x2ca4d89b, L:/172.17.19.76:56894 - R:hub-cloud.browserstack.com/173.234.104.3:80]' for 'POST' to 'http://nguynanhdng_QCrHDk:mNTnt9bgzxAqbAEVwh6Y@hub-cloud.browserstack.com/wd/hub/session/f2a745a73021f465498297146c9258dc42b45f37/execute/sync'
12:02:10.680 [Forwarding isElementDisplayed on session f2a745a73021f465498297146c9258dc42b45f37 to remote] DEBUG org.asynchttpclient.netty.request.NettyRequestSender - Using open Channel [id: 0x2ca4d89b, L:/172.17.19.76:56894 - R:hub-cloud.browserstack.com/173.234.104.3:80] for POST '/wd/hub/session/f2a745a73021f465498297146c9258dc42b45f37/execute/sync'
12:02:10.986 [AsyncHttpClient-1-11] DEBUG org.asynchttpclient.netty.handler.HttpHandler - 

Request DefaultHttpRequest(decodeResult: success, version: HTTP/1.1)
POST /wd/hub/session/f2a745a73021f465498297146c9258dc42b45f37/execute/sync HTTP/1.1
User-Agent: selenium/4.1.3 (java windows)
traceparent: 00-ce9a16b61894ae67d8d5451a8712ce17-edc573fe8651eed1-01
Content-Length: 48780
Content-Type: application/json; charset=utf-8
host: hub-cloud.browserstack.com
authorization: Basic bmd1eW5hbmhkbmdfUUNySERrOm1OVG50OWJnenhBcWJBRVZ3aDZZ
accept: */*

Response DefaultHttpResponse(decodeResult: success, version: HTTP/1.1)
HTTP/1.1 200 OK
Server: nginx
Date: Mon, 09 May 2022 05:02:10 GMT
Content-Type: application/json;charset=utf-8
Connection: keep-alive
Source-From: 02
expires: Thu, 01 Jan 1970 00:00:00 GMT
cache-control: no-cache, no-cache
temp-header: 2026-2500099210-1-1652072530.819-rproxy-core-002-dcp-apse2a-prod.browserstack.com
content-length: 14

12:02:10.986 [AsyncHttpClient-1-11] DEBUG org.asynchttpclient.netty.channel.ChannelManager - Adding key: http://hub-cloud.browserstack.com:80 for channel [id: 0x2ca4d89b, L:/172.17.19.76:56894 - R:hub-cloud.browserstack.com/173.234.104.3:80]
12:02:10.993 [Forwarding clearElement on session f2a745a73021f465498297146c9258dc42b45f37 to remote] DEBUG org.asynchttpclient.netty.request.NettyRequestSender - Using pooled Channel '[id: 0x2ca4d89b, L:/172.17.19.76:56894 - R:hub-cloud.browserstack.com/173.234.104.3:80]' for 'POST' to 'http://nguynanhdng_QCrHDk:mNTnt9bgzxAqbAEVwh6Y@hub-cloud.browserstack.com/wd/hub/session/f2a745a73021f465498297146c9258dc42b45f37/element/4cfb9100-735c-4efc-adb4-ace3fb5cd39e/clear'
12:02:10.993 [Forwarding clearElement on session f2a745a73021f465498297146c9258dc42b45f37 to remote] DEBUG org.asynchttpclient.netty.request.NettyRequestSender - Using open Channel [id: 0x2ca4d89b, L:/172.17.19.76:56894 - R:hub-cloud.browserstack.com/173.234.104.3:80] for POST '/wd/hub/session/f2a745a73021f465498297146c9258dc42b45f37/element/4cfb9100-735c-4efc-adb4-ace3fb5cd39e/clear'
12:02:11.275 [AsyncHttpClient-1-11] DEBUG org.asynchttpclient.netty.handler.HttpHandler - 

Request DefaultHttpRequest(decodeResult: success, version: HTTP/1.1)
POST /wd/hub/session/f2a745a73021f465498297146c9258dc42b45f37/element/4cfb9100-735c-4efc-adb4-ace3fb5cd39e/clear HTTP/1.1
User-Agent: selenium/4.1.3 (java windows)
traceparent: 00-4ec4a4782cfdacef3101b8256b78f0a9-94abcddc30b9cbf7-01
Content-Length: 50
Content-Type: application/json; charset=utf-8
host: hub-cloud.browserstack.com
authorization: Basic bmd1eW5hbmhkbmdfUUNySERrOm1OVG50OWJnenhBcWJBRVZ3aDZZ
accept: */*

Response DefaultHttpResponse(decodeResult: success, version: HTTP/1.1)
HTTP/1.1 200 OK
Server: nginx
Date: Mon, 09 May 2022 05:02:11 GMT
Content-Type: application/json;charset=utf-8
Connection: keep-alive
Source-From: 02
expires: Thu, 01 Jan 1970 00:00:00 GMT
cache-control: no-cache, no-cache
temp-header: 2024-2500099297-1-1652072531.115-rproxy-core-002-dcp-apse2a-prod.browserstack.com
content-length: 14

12:02:11.277 [AsyncHttpClient-1-11] DEBUG org.asynchttpclient.netty.channel.ChannelManager - Adding key: http://hub-cloud.browserstack.com:80 for channel [id: 0x2ca4d89b, L:/172.17.19.76:56894 - R:hub-cloud.browserstack.com/173.234.104.3:80]
12:02:11.281 [Forwarding sendKeysToElement on session f2a745a73021f465498297146c9258dc42b45f37 to remote] DEBUG org.asynchttpclient.netty.request.NettyRequestSender - Using pooled Channel '[id: 0x2ca4d89b, L:/172.17.19.76:56894 - R:hub-cloud.browserstack.com/173.234.104.3:80]' for 'POST' to 'http://nguynanhdng_QCrHDk:mNTnt9bgzxAqbAEVwh6Y@hub-cloud.browserstack.com/wd/hub/session/f2a745a73021f465498297146c9258dc42b45f37/element/4cfb9100-735c-4efc-adb4-ace3fb5cd39e/value'
12:02:11.281 [Forwarding sendKeysToElement on session f2a745a73021f465498297146c9258dc42b45f37 to remote] DEBUG org.asynchttpclient.netty.request.NettyRequestSender - Using open Channel [id: 0x2ca4d89b, L:/172.17.19.76:56894 - R:hub-cloud.browserstack.com/173.234.104.3:80] for POST '/wd/hub/session/f2a745a73021f465498297146c9258dc42b45f37/element/4cfb9100-735c-4efc-adb4-ace3fb5cd39e/value'
12:02:11.644 [AsyncHttpClient-1-11] DEBUG org.asynchttpclient.netty.handler.HttpHandler - 

Request DefaultHttpRequest(decodeResult: success, version: HTTP/1.1)
POST /wd/hub/session/f2a745a73021f465498297146c9258dc42b45f37/element/4cfb9100-735c-4efc-adb4-ace3fb5cd39e/value HTTP/1.1
User-Agent: selenium/4.1.3 (java windows)
traceparent: 00-37e864dc6086488a596f9891925059fe-ffaad9a93d6e50ff-01
Content-Length: 181
Content-Type: application/json; charset=utf-8
host: hub-cloud.browserstack.com
authorization: Basic bmd1eW5hbmhkbmdfUUNySERrOm1OVG50OWJnenhBcWJBRVZ3aDZZ
accept: */*

Response DefaultHttpResponse(decodeResult: success, version: HTTP/1.1)
HTTP/1.1 200 OK
Server: nginx
Date: Mon, 09 May 2022 05:02:11 GMT
Content-Type: application/json;charset=utf-8
Connection: keep-alive
Source-From: 02
expires: Thu, 01 Jan 1970 00:00:00 GMT
cache-control: no-cache, no-cache
temp-header: 3698-5157109368-1-1652072531.479-rproxy-core-001-dcp-apse2a-prod.browserstack.com
content-length: 14

12:02:11.645 [AsyncHttpClient-1-11] DEBUG org.asynchttpclient.netty.channel.ChannelManager - Adding key: http://hub-cloud.browserstack.com:80 for channel [id: 0x2ca4d89b, L:/172.17.19.76:56894 - R:hub-cloud.browserstack.com/173.234.104.3:80]
12:02:11.657 [Forwarding setTimeout on session f2a745a73021f465498297146c9258dc42b45f37 to remote] DEBUG org.asynchttpclient.netty.request.NettyRequestSender - Using pooled Channel '[id: 0x2ca4d89b, L:/172.17.19.76:56894 - R:hub-cloud.browserstack.com/173.234.104.3:80]' for 'POST' to 'http://nguynanhdng_QCrHDk:mNTnt9bgzxAqbAEVwh6Y@hub-cloud.browserstack.com/wd/hub/session/f2a745a73021f465498297146c9258dc42b45f37/timeouts'
12:02:11.657 [Forwarding setTimeout on session f2a745a73021f465498297146c9258dc42b45f37 to remote] DEBUG org.asynchttpclient.netty.request.NettyRequestSender - Using open Channel [id: 0x2ca4d89b, L:/172.17.19.76:56894 - R:hub-cloud.browserstack.com/173.234.104.3:80] for POST '/wd/hub/session/f2a745a73021f465498297146c9258dc42b45f37/timeouts'
12:02:11.921 [AsyncHttpClient-1-11] DEBUG org.asynchttpclient.netty.handler.HttpHandler - 

Request DefaultHttpRequest(decodeResult: success, version: HTTP/1.1)
POST /wd/hub/session/f2a745a73021f465498297146c9258dc42b45f37/timeouts HTTP/1.1
User-Agent: selenium/4.1.3 (java windows)
traceparent: 00-17c40084672657330deda80564c2329f-d09d0be49e7ebac4-01
Content-Length: 19
Content-Type: application/json; charset=utf-8
host: hub-cloud.browserstack.com
authorization: Basic bmd1eW5hbmhkbmdfUUNySERrOm1OVG50OWJnenhBcWJBRVZ3aDZZ
accept: */*

Response DefaultHttpResponse(decodeResult: success, version: HTTP/1.1)
HTTP/1.1 200 OK
Server: nginx
Date: Mon, 09 May 2022 05:02:11 GMT
Content-Type: application/json;charset=utf-8
Connection: keep-alive
Source-From: 02
expires: Thu, 01 Jan 1970 00:00:00 GMT
cache-control: no-cache, no-cache
temp-header: 2031-2500099485-1-1652072531.759-rproxy-core-002-dcp-apse2a-prod.browserstack.com
content-length: 14

12:02:11.921 [AsyncHttpClient-1-11] DEBUG org.asynchttpclient.netty.channel.ChannelManager - Adding key: http://hub-cloud.browserstack.com:80 for channel [id: 0x2ca4d89b, L:/172.17.19.76:56894 - R:hub-cloud.browserstack.com/173.234.104.3:80]
12:02:11.926 [Forwarding findElement on session f2a745a73021f465498297146c9258dc42b45f37 to remote] DEBUG org.asynchttpclient.netty.request.NettyRequestSender - Using pooled Channel '[id: 0x2ca4d89b, L:/172.17.19.76:56894 - R:hub-cloud.browserstack.com/173.234.104.3:80]' for 'POST' to 'http://nguynanhdng_QCrHDk:mNTnt9bgzxAqbAEVwh6Y@hub-cloud.browserstack.com/wd/hub/session/f2a745a73021f465498297146c9258dc42b45f37/element'
12:02:11.926 [Forwarding findElement on session f2a745a73021f465498297146c9258dc42b45f37 to remote] DEBUG org.asynchttpclient.netty.request.NettyRequestSender - Using open Channel [id: 0x2ca4d89b, L:/172.17.19.76:56894 - R:hub-cloud.browserstack.com/173.234.104.3:80] for POST '/wd/hub/session/f2a745a73021f465498297146c9258dc42b45f37/element'
12:02:12.233 [AsyncHttpClient-1-11] DEBUG org.asynchttpclient.netty.handler.HttpHandler - 

Request DefaultHttpRequest(decodeResult: success, version: HTTP/1.1)
POST /wd/hub/session/f2a745a73021f465498297146c9258dc42b45f37/element HTTP/1.1
User-Agent: selenium/4.1.3 (java windows)
traceparent: 00-cfc226a3625039efab830d09d7801947-f7d1d25f1989234b-01
Content-Length: 66
Content-Type: application/json; charset=utf-8
host: hub-cloud.browserstack.com
authorization: Basic bmd1eW5hbmhkbmdfUUNySERrOm1OVG50OWJnenhBcWJBRVZ3aDZZ
accept: */*

Response DefaultHttpResponse(decodeResult: success, version: HTTP/1.1)
HTTP/1.1 200 OK
Server: nginx
Date: Mon, 09 May 2022 05:02:12 GMT
Content-Type: application/json;charset=utf-8
Connection: keep-alive
Source-From: 02
expires: Thu, 01 Jan 1970 00:00:00 GMT
cache-control: no-cache, no-cache
temp-header: 2031-2500099577-1-1652072532.070-rproxy-core-002-dcp-apse2a-prod.browserstack.com
content-length: 88

12:02:12.234 [AsyncHttpClient-1-11] DEBUG org.asynchttpclient.netty.channel.ChannelManager - Adding key: http://hub-cloud.browserstack.com:80 for channel [id: 0x2ca4d89b, L:/172.17.19.76:56894 - R:hub-cloud.browserstack.com/173.234.104.3:80]
12:02:12.236 [Forwarding setTimeout on session f2a745a73021f465498297146c9258dc42b45f37 to remote] DEBUG org.asynchttpclient.netty.request.NettyRequestSender - Using pooled Channel '[id: 0x2ca4d89b, L:/172.17.19.76:56894 - R:hub-cloud.browserstack.com/173.234.104.3:80]' for 'POST' to 'http://nguynanhdng_QCrHDk:mNTnt9bgzxAqbAEVwh6Y@hub-cloud.browserstack.com/wd/hub/session/f2a745a73021f465498297146c9258dc42b45f37/timeouts'
12:02:12.236 [Forwarding setTimeout on session f2a745a73021f465498297146c9258dc42b45f37 to remote] DEBUG org.asynchttpclient.netty.request.NettyRequestSender - Using open Channel [id: 0x2ca4d89b, L:/172.17.19.76:56894 - R:hub-cloud.browserstack.com/173.234.104.3:80] for POST '/wd/hub/session/f2a745a73021f465498297146c9258dc42b45f37/timeouts'
12:02:12.552 [AsyncHttpClient-1-11] DEBUG org.asynchttpclient.netty.handler.HttpHandler - 

Request DefaultHttpRequest(decodeResult: success, version: HTTP/1.1)
POST /wd/hub/session/f2a745a73021f465498297146c9258dc42b45f37/timeouts HTTP/1.1
User-Agent: selenium/4.1.3 (java windows)
traceparent: 00-a30f5b301d549b68a4b886e19aeb9c4e-f5fe88fe421befb6-01
Content-Length: 22
Content-Type: application/json; charset=utf-8
host: hub-cloud.browserstack.com
authorization: Basic bmd1eW5hbmhkbmdfUUNySERrOm1OVG50OWJnenhBcWJBRVZ3aDZZ
accept: */*

Response DefaultHttpResponse(decodeResult: success, version: HTTP/1.1)
HTTP/1.1 200 OK
Server: nginx
Date: Mon, 09 May 2022 05:02:12 GMT
Content-Type: application/json;charset=utf-8
Connection: keep-alive
Source-From: 02
expires: Thu, 01 Jan 1970 00:00:00 GMT
cache-control: no-cache, no-cache
temp-header: 3690-5157109498-1-1652072532.352-rproxy-core-001-dcp-apse2a-prod.browserstack.com
content-length: 14

12:02:12.553 [AsyncHttpClient-1-11] DEBUG org.asynchttpclient.netty.channel.ChannelManager - Adding key: http://hub-cloud.browserstack.com:80 for channel [id: 0x2ca4d89b, L:/172.17.19.76:56894 - R:hub-cloud.browserstack.com/173.234.104.3:80]
12:02:12.560 [Forwarding isElementDisplayed on session f2a745a73021f465498297146c9258dc42b45f37 to remote] DEBUG org.asynchttpclient.netty.request.NettyRequestSender - Using pooled Channel '[id: 0x2ca4d89b, L:/172.17.19.76:56894 - R:hub-cloud.browserstack.com/173.234.104.3:80]' for 'POST' to 'http://nguynanhdng_QCrHDk:mNTnt9bgzxAqbAEVwh6Y@hub-cloud.browserstack.com/wd/hub/session/f2a745a73021f465498297146c9258dc42b45f37/execute/sync'
12:02:12.560 [Forwarding isElementDisplayed on session f2a745a73021f465498297146c9258dc42b45f37 to remote] DEBUG org.asynchttpclient.netty.request.NettyRequestSender - Using open Channel [id: 0x2ca4d89b, L:/172.17.19.76:56894 - R:hub-cloud.browserstack.com/173.234.104.3:80] for POST '/wd/hub/session/f2a745a73021f465498297146c9258dc42b45f37/execute/sync'
12:02:12.913 [AsyncHttpClient-1-11] DEBUG org.asynchttpclient.netty.handler.HttpHandler - 

Request DefaultHttpRequest(decodeResult: success, version: HTTP/1.1)
POST /wd/hub/session/f2a745a73021f465498297146c9258dc42b45f37/execute/sync HTTP/1.1
User-Agent: selenium/4.1.3 (java windows)
traceparent: 00-b4fb978287a43c5bf6f3eafd46e1850e-ff8a5d5b8c7a5431-01
Content-Length: 48780
Content-Type: application/json; charset=utf-8
host: hub-cloud.browserstack.com
authorization: Basic bmd1eW5hbmhkbmdfUUNySERrOm1OVG50OWJnenhBcWJBRVZ3aDZZ
accept: */*

Response DefaultHttpResponse(decodeResult: success, version: HTTP/1.1)
HTTP/1.1 200 OK
Server: nginx
Date: Mon, 09 May 2022 05:02:12 GMT
Content-Type: application/json;charset=utf-8
Connection: keep-alive
Source-From: 02
expires: Thu, 01 Jan 1970 00:00:00 GMT
cache-control: no-cache, no-cache
temp-header: 3695-5157109534-1-1652072532.714-rproxy-core-001-dcp-apse2a-prod.browserstack.com
content-length: 14

12:02:12.913 [AsyncHttpClient-1-11] DEBUG org.asynchttpclient.netty.channel.ChannelManager - Adding key: http://hub-cloud.browserstack.com:80 for channel [id: 0x2ca4d89b, L:/172.17.19.76:56894 - R:hub-cloud.browserstack.com/173.234.104.3:80]
12:02:12.918 [Forwarding clearElement on session f2a745a73021f465498297146c9258dc42b45f37 to remote] DEBUG org.asynchttpclient.netty.request.NettyRequestSender - Using pooled Channel '[id: 0x2ca4d89b, L:/172.17.19.76:56894 - R:hub-cloud.browserstack.com/173.234.104.3:80]' for 'POST' to 'http://nguynanhdng_QCrHDk:mNTnt9bgzxAqbAEVwh6Y@hub-cloud.browserstack.com/wd/hub/session/f2a745a73021f465498297146c9258dc42b45f37/element/bd149224-0d1f-4e66-9655-0f0236074008/clear'
12:02:12.918 [Forwarding clearElement on session f2a745a73021f465498297146c9258dc42b45f37 to remote] DEBUG org.asynchttpclient.netty.request.NettyRequestSender - Using open Channel [id: 0x2ca4d89b, L:/172.17.19.76:56894 - R:hub-cloud.browserstack.com/173.234.104.3:80] for POST '/wd/hub/session/f2a745a73021f465498297146c9258dc42b45f37/element/bd149224-0d1f-4e66-9655-0f0236074008/clear'
12:02:13.250 [AsyncHttpClient-1-11] DEBUG org.asynchttpclient.netty.handler.HttpHandler - 

Request DefaultHttpRequest(decodeResult: success, version: HTTP/1.1)
POST /wd/hub/session/f2a745a73021f465498297146c9258dc42b45f37/element/bd149224-0d1f-4e66-9655-0f0236074008/clear HTTP/1.1
User-Agent: selenium/4.1.3 (java windows)
traceparent: 00-285aee9e0f67e8f6c3accbd36f0a6b21-c6058df7485258b7-01
Content-Length: 50
Content-Type: application/json; charset=utf-8
host: hub-cloud.browserstack.com
authorization: Basic bmd1eW5hbmhkbmdfUUNySERrOm1OVG50OWJnenhBcWJBRVZ3aDZZ
accept: */*

Response DefaultHttpResponse(decodeResult: success, version: HTTP/1.1)
HTTP/1.1 200 OK
Server: nginx
Date: Mon, 09 May 2022 05:02:13 GMT
Content-Type: application/json;charset=utf-8
Connection: keep-alive
Source-From: 02
expires: Thu, 01 Jan 1970 00:00:00 GMT
cache-control: no-cache, no-cache
temp-header: 2024-2500099901-1-1652072533.087-rproxy-core-002-dcp-apse2a-prod.browserstack.com
content-length: 14

12:02:13.251 [AsyncHttpClient-1-11] DEBUG org.asynchttpclient.netty.channel.ChannelManager - Adding key: http://hub-cloud.browserstack.com:80 for channel [id: 0x2ca4d89b, L:/172.17.19.76:56894 - R:hub-cloud.browserstack.com/173.234.104.3:80]
12:02:13.254 [Forwarding sendKeysToElement on session f2a745a73021f465498297146c9258dc42b45f37 to remote] DEBUG org.asynchttpclient.netty.request.NettyRequestSender - Using pooled Channel '[id: 0x2ca4d89b, L:/172.17.19.76:56894 - R:hub-cloud.browserstack.com/173.234.104.3:80]' for 'POST' to 'http://nguynanhdng_QCrHDk:mNTnt9bgzxAqbAEVwh6Y@hub-cloud.browserstack.com/wd/hub/session/f2a745a73021f465498297146c9258dc42b45f37/element/bd149224-0d1f-4e66-9655-0f0236074008/value'
12:02:13.254 [Forwarding sendKeysToElement on session f2a745a73021f465498297146c9258dc42b45f37 to remote] DEBUG org.asynchttpclient.netty.request.NettyRequestSender - Using open Channel [id: 0x2ca4d89b, L:/172.17.19.76:56894 - R:hub-cloud.browserstack.com/173.234.104.3:80] for POST '/wd/hub/session/f2a745a73021f465498297146c9258dc42b45f37/element/bd149224-0d1f-4e66-9655-0f0236074008/value'
12:02:13.575 [AsyncHttpClient-1-11] DEBUG org.asynchttpclient.netty.handler.HttpHandler - 

Request DefaultHttpRequest(decodeResult: success, version: HTTP/1.1)
POST /wd/hub/session/f2a745a73021f465498297146c9258dc42b45f37/element/bd149224-0d1f-4e66-9655-0f0236074008/value HTTP/1.1
User-Agent: selenium/4.1.3 (java windows)
traceparent: 00-0c41620c19e51dbf6b4d1eefbca13c1e-82903c73be0743e0-01
Content-Length: 131
Content-Type: application/json; charset=utf-8
host: hub-cloud.browserstack.com
authorization: Basic bmd1eW5hbmhkbmdfUUNySERrOm1OVG50OWJnenhBcWJBRVZ3aDZZ
accept: */*

Response DefaultHttpResponse(decodeResult: success, version: HTTP/1.1)
HTTP/1.1 200 OK
Server: nginx
Date: Mon, 09 May 2022 05:02:13 GMT
Content-Type: application/json;charset=utf-8
Connection: keep-alive
Source-From: 02
expires: Thu, 01 Jan 1970 00:00:00 GMT
cache-control: no-cache, no-cache
temp-header: 2031-2500100014-1-1652072533.415-rproxy-core-002-dcp-apse2a-prod.browserstack.com
content-length: 14

12:02:13.575 [AsyncHttpClient-1-11] DEBUG org.asynchttpclient.netty.channel.ChannelManager - Adding key: http://hub-cloud.browserstack.com:80 for channel [id: 0x2ca4d89b, L:/172.17.19.76:56894 - R:hub-cloud.browserstack.com/173.234.104.3:80]
12:02:13.588 [Forwarding setTimeout on session f2a745a73021f465498297146c9258dc42b45f37 to remote] DEBUG org.asynchttpclient.netty.request.NettyRequestSender - Using pooled Channel '[id: 0x2ca4d89b, L:/172.17.19.76:56894 - R:hub-cloud.browserstack.com/173.234.104.3:80]' for 'POST' to 'http://nguynanhdng_QCrHDk:mNTnt9bgzxAqbAEVwh6Y@hub-cloud.browserstack.com/wd/hub/session/f2a745a73021f465498297146c9258dc42b45f37/timeouts'
12:02:13.588 [Forwarding setTimeout on session f2a745a73021f465498297146c9258dc42b45f37 to remote] DEBUG org.asynchttpclient.netty.request.NettyRequestSender - Using open Channel [id: 0x2ca4d89b, L:/172.17.19.76:56894 - R:hub-cloud.browserstack.com/173.234.104.3:80] for POST '/wd/hub/session/f2a745a73021f465498297146c9258dc42b45f37/timeouts'
12:02:13.942 [AsyncHttpClient-1-11] DEBUG org.asynchttpclient.netty.handler.HttpHandler - 

Request DefaultHttpRequest(decodeResult: success, version: HTTP/1.1)
POST /wd/hub/session/f2a745a73021f465498297146c9258dc42b45f37/timeouts HTTP/1.1
User-Agent: selenium/4.1.3 (java windows)
traceparent: 00-c4ee6415b0f74d10f1cdfd99cb63a024-8c8b4ed11f0335f3-01
Content-Length: 19
Content-Type: application/json; charset=utf-8
host: hub-cloud.browserstack.com
authorization: Basic bmd1eW5hbmhkbmdfUUNySERrOm1OVG50OWJnenhBcWJBRVZ3aDZZ
accept: */*

Response DefaultHttpResponse(decodeResult: success, version: HTTP/1.1)
HTTP/1.1 200 OK
Server: nginx
Date: Mon, 09 May 2022 05:02:13 GMT
Content-Type: application/json;charset=utf-8
Connection: keep-alive
Source-From: 02
expires: Thu, 01 Jan 1970 00:00:00 GMT
cache-control: no-cache, no-cache
temp-header: 3689-5157109728-1-1652072533.714-rproxy-core-001-dcp-apse2a-prod.browserstack.com
content-length: 14

12:02:13.944 [AsyncHttpClient-1-11] DEBUG org.asynchttpclient.netty.channel.ChannelManager - Adding key: http://hub-cloud.browserstack.com:80 for channel [id: 0x2ca4d89b, L:/172.17.19.76:56894 - R:hub-cloud.browserstack.com/173.234.104.3:80]
12:02:13.948 [Forwarding findElement on session f2a745a73021f465498297146c9258dc42b45f37 to remote] DEBUG org.asynchttpclient.netty.request.NettyRequestSender - Using pooled Channel '[id: 0x2ca4d89b, L:/172.17.19.76:56894 - R:hub-cloud.browserstack.com/173.234.104.3:80]' for 'POST' to 'http://nguynanhdng_QCrHDk:mNTnt9bgzxAqbAEVwh6Y@hub-cloud.browserstack.com/wd/hub/session/f2a745a73021f465498297146c9258dc42b45f37/element'
12:02:13.948 [Forwarding findElement on session f2a745a73021f465498297146c9258dc42b45f37 to remote] DEBUG org.asynchttpclient.netty.request.NettyRequestSender - Using open Channel [id: 0x2ca4d89b, L:/172.17.19.76:56894 - R:hub-cloud.browserstack.com/173.234.104.3:80] for POST '/wd/hub/session/f2a745a73021f465498297146c9258dc42b45f37/element'
12:02:14.243 [AsyncHttpClient-1-11] DEBUG org.asynchttpclient.netty.handler.HttpHandler - 

Request DefaultHttpRequest(decodeResult: success, version: HTTP/1.1)
POST /wd/hub/session/f2a745a73021f465498297146c9258dc42b45f37/element HTTP/1.1
User-Agent: selenium/4.1.3 (java windows)
traceparent: 00-4f2847391d9d1aff6e886b7aff86b00a-ebb8b11230d93ba3-01
Content-Length: 64
Content-Type: application/json; charset=utf-8
host: hub-cloud.browserstack.com
authorization: Basic bmd1eW5hbmhkbmdfUUNySERrOm1OVG50OWJnenhBcWJBRVZ3aDZZ
accept: */*

Response DefaultHttpResponse(decodeResult: success, version: HTTP/1.1)
HTTP/1.1 200 OK
Server: nginx
Date: Mon, 09 May 2022 05:02:14 GMT
Content-Type: application/json;charset=utf-8
Connection: keep-alive
Source-From: 02
expires: Thu, 01 Jan 1970 00:00:00 GMT
cache-control: no-cache, no-cache
temp-header: 2028-2500100269-1-1652072534.073-rproxy-core-002-dcp-apse2a-prod.browserstack.com
content-length: 88

12:02:14.244 [AsyncHttpClient-1-11] DEBUG org.asynchttpclient.netty.channel.ChannelManager - Adding key: http://hub-cloud.browserstack.com:80 for channel [id: 0x2ca4d89b, L:/172.17.19.76:56894 - R:hub-cloud.browserstack.com/173.234.104.3:80]
12:02:14.245 [Forwarding setTimeout on session f2a745a73021f465498297146c9258dc42b45f37 to remote] DEBUG org.asynchttpclient.netty.request.NettyRequestSender - Using pooled Channel '[id: 0x2ca4d89b, L:/172.17.19.76:56894 - R:hub-cloud.browserstack.com/173.234.104.3:80]' for 'POST' to 'http://nguynanhdng_QCrHDk:mNTnt9bgzxAqbAEVwh6Y@hub-cloud.browserstack.com/wd/hub/session/f2a745a73021f465498297146c9258dc42b45f37/timeouts'
12:02:14.245 [Forwarding setTimeout on session f2a745a73021f465498297146c9258dc42b45f37 to remote] DEBUG org.asynchttpclient.netty.request.NettyRequestSender - Using open Channel [id: 0x2ca4d89b, L:/172.17.19.76:56894 - R:hub-cloud.browserstack.com/173.234.104.3:80] for POST '/wd/hub/session/f2a745a73021f465498297146c9258dc42b45f37/timeouts'
12:02:14.549 [AsyncHttpClient-1-11] DEBUG org.asynchttpclient.netty.handler.HttpHandler - 

Request DefaultHttpRequest(decodeResult: success, version: HTTP/1.1)
POST /wd/hub/session/f2a745a73021f465498297146c9258dc42b45f37/timeouts HTTP/1.1
User-Agent: selenium/4.1.3 (java windows)
traceparent: 00-e13e0127d5c4ba502dcfec33571c7ee2-099c98a7efeaf04b-01
Content-Length: 22
Content-Type: application/json; charset=utf-8
host: hub-cloud.browserstack.com
authorization: Basic bmd1eW5hbmhkbmdfUUNySERrOm1OVG50OWJnenhBcWJBRVZ3aDZZ
accept: */*

Response DefaultHttpResponse(decodeResult: success, version: HTTP/1.1)
HTTP/1.1 200 OK
Server: nginx
Date: Mon, 09 May 2022 05:02:14 GMT
Content-Type: application/json;charset=utf-8
Connection: close
Source-From: 02
expires: Thu, 01 Jan 1970 00:00:00 GMT
cache-control: no-cache, no-cache
temp-header: 2034-2500100393-1-1652072534.372-rproxy-core-002-dcp-apse2a-prod.browserstack.com
content-length: 14

12:02:14.549 [AsyncHttpClient-1-11] DEBUG org.asynchttpclient.netty.channel.ChannelManager - Closing Channel [id: 0x2ca4d89b, L:/172.17.19.76:56894 - R:hub-cloud.browserstack.com/173.234.104.3:80] 
12:02:14.549 [AsyncHttpClient-1-11] DEBUG org.asynchttpclient.netty.handler.HttpHandler - Channel Closed: [id: 0x2ca4d89b, L:/172.17.19.76:56894 ! R:hub-cloud.browserstack.com/173.234.104.3:80] with attribute DISCARD
12:02:14.827 [AsyncHttpClient-1-4] DEBUG org.asynchttpclient.netty.channel.NettyConnectListener - Using new Channel '[id: 0x4570a0cd, L:/172.17.19.76:57260 - R:hub-cloud.browserstack.com/173.234.104.3:80]' for 'POST' to '/wd/hub/session/f2a745a73021f465498297146c9258dc42b45f37/execute/sync'
12:02:15.774 [AsyncHttpClient-1-4] DEBUG org.asynchttpclient.netty.handler.HttpHandler - 

Request DefaultHttpRequest(decodeResult: success, version: HTTP/1.1)
POST /wd/hub/session/f2a745a73021f465498297146c9258dc42b45f37/execute/sync HTTP/1.1
User-Agent: selenium/4.1.3 (java windows)
traceparent: 00-b150109bdd7df5efe007a25a9571bcf9-3a8adc0eac96e1ac-01
Content-Length: 48780
Content-Type: application/json; charset=utf-8
host: hub-cloud.browserstack.com
authorization: Basic bmd1eW5hbmhkbmdfUUNySERrOm1OVG50OWJnenhBcWJBRVZ3aDZZ
accept: */*

Response DefaultHttpResponse(decodeResult: success, version: HTTP/1.1)
HTTP/1.1 200 OK
Server: nginx
Date: Mon, 09 May 2022 05:02:15 GMT
Content-Type: application/json;charset=utf-8
Connection: keep-alive
Source-From: 02
expires: Thu, 01 Jan 1970 00:00:00 GMT
cache-control: no-cache, no-cache
temp-header: 2032-2500100751-1-1652072535.480-rproxy-core-002-dcp-apse2a-prod.browserstack.com
content-length: 14

12:02:15.775 [AsyncHttpClient-1-4] DEBUG org.asynchttpclient.netty.channel.ChannelManager - Adding key: http://hub-cloud.browserstack.com:80 for channel [id: 0x4570a0cd, L:/172.17.19.76:57260 - R:hub-cloud.browserstack.com/173.234.104.3:80]
12:02:15.781 [Forwarding getElementTagName on session f2a745a73021f465498297146c9258dc42b45f37 to remote] DEBUG org.asynchttpclient.netty.request.NettyRequestSender - Using pooled Channel '[id: 0x4570a0cd, L:/172.17.19.76:57260 - R:hub-cloud.browserstack.com/173.234.104.3:80]' for 'GET' to 'http://nguynanhdng_QCrHDk:mNTnt9bgzxAqbAEVwh6Y@hub-cloud.browserstack.com/wd/hub/session/f2a745a73021f465498297146c9258dc42b45f37/element/ac064933-e168-482a-98cd-1fc60c960973/name'
12:02:15.781 [Forwarding getElementTagName on session f2a745a73021f465498297146c9258dc42b45f37 to remote] DEBUG org.asynchttpclient.netty.request.NettyRequestSender - Using open Channel [id: 0x4570a0cd, L:/172.17.19.76:57260 - R:hub-cloud.browserstack.com/173.234.104.3:80] for GET '/wd/hub/session/f2a745a73021f465498297146c9258dc42b45f37/element/ac064933-e168-482a-98cd-1fc60c960973/name'
12:02:16.071 [AsyncHttpClient-1-4] DEBUG org.asynchttpclient.netty.handler.HttpHandler - 

Request DefaultFullHttpRequest(decodeResult: success, version: HTTP/1.1, content: EmptyByteBufBE)
GET /wd/hub/session/f2a745a73021f465498297146c9258dc42b45f37/element/ac064933-e168-482a-98cd-1fc60c960973/name HTTP/1.1
User-Agent: selenium/4.1.3 (java windows)
Cache-Control: no-cache
traceparent: 00-0dc8e2ef2ec4df665a6c640787aa33d5-9a11acbb0eaae619-01
Content-Type: application/json; charset=utf-8
host: hub-cloud.browserstack.com
authorization: Basic bmd1eW5hbmhkbmdfUUNySERrOm1OVG50OWJnenhBcWJBRVZ3aDZZ
accept: */*

Response DefaultHttpResponse(decodeResult: success, version: HTTP/1.1)
HTTP/1.1 200 OK
Server: nginx
Date: Mon, 09 May 2022 05:02:15 GMT
Content-Type: application/json;charset=utf-8
Connection: keep-alive
Source-From: 02
expires: Thu, 01 Jan 1970 00:00:00 GMT
cache-control: no-cache, no-cache
temp-header: 3697-5157110054-1-1652072535.888-rproxy-core-001-dcp-apse2a-prod.browserstack.com
content-length: 17

12:02:16.072 [AsyncHttpClient-1-4] DEBUG org.asynchttpclient.netty.channel.ChannelManager - Adding key: http://hub-cloud.browserstack.com:80 for channel [id: 0x4570a0cd, L:/172.17.19.76:57260 - R:hub-cloud.browserstack.com/173.234.104.3:80]
12:02:16.076 [Forwarding getElementTagName on session f2a745a73021f465498297146c9258dc42b45f37 to remote] DEBUG org.asynchttpclient.netty.request.NettyRequestSender - Using pooled Channel '[id: 0x4570a0cd, L:/172.17.19.76:57260 - R:hub-cloud.browserstack.com/173.234.104.3:80]' for 'GET' to 'http://nguynanhdng_QCrHDk:mNTnt9bgzxAqbAEVwh6Y@hub-cloud.browserstack.com/wd/hub/session/f2a745a73021f465498297146c9258dc42b45f37/element/ac064933-e168-482a-98cd-1fc60c960973/name'
12:02:16.076 [Forwarding getElementTagName on session f2a745a73021f465498297146c9258dc42b45f37 to remote] DEBUG org.asynchttpclient.netty.request.NettyRequestSender - Using open Channel [id: 0x4570a0cd, L:/172.17.19.76:57260 - R:hub-cloud.browserstack.com/173.234.104.3:80] for GET '/wd/hub/session/f2a745a73021f465498297146c9258dc42b45f37/element/ac064933-e168-482a-98cd-1fc60c960973/name'
12:02:16.411 [AsyncHttpClient-1-4] DEBUG org.asynchttpclient.netty.handler.HttpHandler - 

Request DefaultFullHttpRequest(decodeResult: success, version: HTTP/1.1, content: EmptyByteBufBE)
GET /wd/hub/session/f2a745a73021f465498297146c9258dc42b45f37/element/ac064933-e168-482a-98cd-1fc60c960973/name HTTP/1.1
User-Agent: selenium/4.1.3 (java windows)
Cache-Control: no-cache
traceparent: 00-ef5cb135a20283c811ca5db1f07aa328-120648cae68fb97e-01
Content-Type: application/json; charset=utf-8
host: hub-cloud.browserstack.com
authorization: Basic bmd1eW5hbmhkbmdfUUNySERrOm1OVG50OWJnenhBcWJBRVZ3aDZZ
accept: */*

Response DefaultHttpResponse(decodeResult: success, version: HTTP/1.1)
HTTP/1.1 200 OK
Server: nginx
Date: Mon, 09 May 2022 05:02:16 GMT
Content-Type: application/json;charset=utf-8
Connection: keep-alive
Source-From: 02
expires: Thu, 01 Jan 1970 00:00:00 GMT
cache-control: no-cache, no-cache
temp-header: 2032-2500101011-1-1652072536.186-rproxy-core-002-dcp-apse2a-prod.browserstack.com
content-length: 17

12:02:16.411 [AsyncHttpClient-1-4] DEBUG org.asynchttpclient.netty.channel.ChannelManager - Adding key: http://hub-cloud.browserstack.com:80 for channel [id: 0x4570a0cd, L:/172.17.19.76:57260 - R:hub-cloud.browserstack.com/173.234.104.3:80]
12:02:16.415 [Forwarding isElementEnabled on session f2a745a73021f465498297146c9258dc42b45f37 to remote] DEBUG org.asynchttpclient.netty.request.NettyRequestSender - Using pooled Channel '[id: 0x4570a0cd, L:/172.17.19.76:57260 - R:hub-cloud.browserstack.com/173.234.104.3:80]' for 'GET' to 'http://nguynanhdng_QCrHDk:mNTnt9bgzxAqbAEVwh6Y@hub-cloud.browserstack.com/wd/hub/session/f2a745a73021f465498297146c9258dc42b45f37/element/ac064933-e168-482a-98cd-1fc60c960973/enabled'
12:02:16.416 [Forwarding isElementEnabled on session f2a745a73021f465498297146c9258dc42b45f37 to remote] DEBUG org.asynchttpclient.netty.request.NettyRequestSender - Using open Channel [id: 0x4570a0cd, L:/172.17.19.76:57260 - R:hub-cloud.browserstack.com/173.234.104.3:80] for GET '/wd/hub/session/f2a745a73021f465498297146c9258dc42b45f37/element/ac064933-e168-482a-98cd-1fc60c960973/enabled'
12:02:16.702 [AsyncHttpClient-1-4] DEBUG org.asynchttpclient.netty.handler.HttpHandler - 

Request DefaultFullHttpRequest(decodeResult: success, version: HTTP/1.1, content: EmptyByteBufBE)
GET /wd/hub/session/f2a745a73021f465498297146c9258dc42b45f37/element/ac064933-e168-482a-98cd-1fc60c960973/enabled HTTP/1.1
User-Agent: selenium/4.1.3 (java windows)
Cache-Control: no-cache
traceparent: 00-d7aeee7e9ec85f0badaf6bad8df92351-ba5841455d91e5e1-01
Content-Type: application/json; charset=utf-8
host: hub-cloud.browserstack.com
authorization: Basic bmd1eW5hbmhkbmdfUUNySERrOm1OVG50OWJnenhBcWJBRVZ3aDZZ
accept: */*

Response DefaultHttpResponse(decodeResult: success, version: HTTP/1.1)
HTTP/1.1 200 OK
Server: nginx
Date: Mon, 09 May 2022 05:02:16 GMT
Content-Type: application/json;charset=utf-8
Connection: keep-alive
Source-From: 02
expires: Thu, 01 Jan 1970 00:00:00 GMT
cache-control: no-cache, no-cache
temp-header: 3692-5157110140-1-1652072536.513-rproxy-core-001-dcp-apse2a-prod.browserstack.com
content-length: 14

12:02:16.702 [AsyncHttpClient-1-4] DEBUG org.asynchttpclient.netty.channel.ChannelManager - Adding key: http://hub-cloud.browserstack.com:80 for channel [id: 0x4570a0cd, L:/172.17.19.76:57260 - R:hub-cloud.browserstack.com/173.234.104.3:80]
12:02:16.705 [Forwarding isElementEnabled on session f2a745a73021f465498297146c9258dc42b45f37 to remote] DEBUG org.asynchttpclient.netty.request.NettyRequestSender - Using pooled Channel '[id: 0x4570a0cd, L:/172.17.19.76:57260 - R:hub-cloud.browserstack.com/173.234.104.3:80]' for 'GET' to 'http://nguynanhdng_QCrHDk:mNTnt9bgzxAqbAEVwh6Y@hub-cloud.browserstack.com/wd/hub/session/f2a745a73021f465498297146c9258dc42b45f37/element/ac064933-e168-482a-98cd-1fc60c960973/enabled'
12:02:16.705 [Forwarding isElementEnabled on session f2a745a73021f465498297146c9258dc42b45f37 to remote] DEBUG org.asynchttpclient.netty.request.NettyRequestSender - Using open Channel [id: 0x4570a0cd, L:/172.17.19.76:57260 - R:hub-cloud.browserstack.com/173.234.104.3:80] for GET '/wd/hub/session/f2a745a73021f465498297146c9258dc42b45f37/element/ac064933-e168-482a-98cd-1fc60c960973/enabled'
12:02:16.974 [AsyncHttpClient-1-4] DEBUG org.asynchttpclient.netty.handler.HttpHandler - 

Request DefaultFullHttpRequest(decodeResult: success, version: HTTP/1.1, content: EmptyByteBufBE)
GET /wd/hub/session/f2a745a73021f465498297146c9258dc42b45f37/element/ac064933-e168-482a-98cd-1fc60c960973/enabled HTTP/1.1
User-Agent: selenium/4.1.3 (java windows)
Cache-Control: no-cache
traceparent: 00-acf217f5d3c1d4cc7a7aa8cf073bb54b-0779e0dc7137a7e3-01
Content-Type: application/json; charset=utf-8
host: hub-cloud.browserstack.com
authorization: Basic bmd1eW5hbmhkbmdfUUNySERrOm1OVG50OWJnenhBcWJBRVZ3aDZZ
accept: */*

Response DefaultHttpResponse(decodeResult: success, version: HTTP/1.1)
HTTP/1.1 200 OK
Server: nginx
Date: Mon, 09 May 2022 05:02:16 GMT
Content-Type: application/json;charset=utf-8
Connection: keep-alive
Source-From: 02
expires: Thu, 01 Jan 1970 00:00:00 GMT
cache-control: no-cache, no-cache
temp-header: 2030-2500101273-1-1652072536.799-rproxy-core-002-dcp-apse2a-prod.browserstack.com
content-length: 14

12:02:16.975 [AsyncHttpClient-1-4] DEBUG org.asynchttpclient.netty.channel.ChannelManager - Adding key: http://hub-cloud.browserstack.com:80 for channel [id: 0x4570a0cd, L:/172.17.19.76:57260 - R:hub-cloud.browserstack.com/173.234.104.3:80]
12:02:16.978 [Forwarding clickElement on session f2a745a73021f465498297146c9258dc42b45f37 to remote] DEBUG org.asynchttpclient.netty.request.NettyRequestSender - Using pooled Channel '[id: 0x4570a0cd, L:/172.17.19.76:57260 - R:hub-cloud.browserstack.com/173.234.104.3:80]' for 'POST' to 'http://nguynanhdng_QCrHDk:mNTnt9bgzxAqbAEVwh6Y@hub-cloud.browserstack.com/wd/hub/session/f2a745a73021f465498297146c9258dc42b45f37/element/ac064933-e168-482a-98cd-1fc60c960973/click'
12:02:16.978 [Forwarding clickElement on session f2a745a73021f465498297146c9258dc42b45f37 to remote] DEBUG org.asynchttpclient.netty.request.NettyRequestSender - Using open Channel [id: 0x4570a0cd, L:/172.17.19.76:57260 - R:hub-cloud.browserstack.com/173.234.104.3:80] for POST '/wd/hub/session/f2a745a73021f465498297146c9258dc42b45f37/element/ac064933-e168-482a-98cd-1fc60c960973/click'
12:02:18.164 [AsyncHttpClient-1-4] DEBUG org.asynchttpclient.netty.handler.HttpHandler - 

Request DefaultHttpRequest(decodeResult: success, version: HTTP/1.1)
POST /wd/hub/session/f2a745a73021f465498297146c9258dc42b45f37/element/ac064933-e168-482a-98cd-1fc60c960973/click HTTP/1.1
User-Agent: selenium/4.1.3 (java windows)
traceparent: 00-486a5cddaa4099f8deacaaf74a818754-68cbed2accc89d7e-01
Content-Length: 50
Content-Type: application/json; charset=utf-8
host: hub-cloud.browserstack.com
authorization: Basic bmd1eW5hbmhkbmdfUUNySERrOm1OVG50OWJnenhBcWJBRVZ3aDZZ
accept: */*

Response DefaultHttpResponse(decodeResult: success, version: HTTP/1.1)
HTTP/1.1 200 OK
Server: nginx
Date: Mon, 09 May 2022 05:02:17 GMT
Content-Type: application/json;charset=utf-8
Connection: keep-alive
Source-From: 02
expires: Thu, 01 Jan 1970 00:00:00 GMT
cache-control: no-cache, no-cache
temp-header: 2029-2500101391-1-1652072537.987-rproxy-core-002-dcp-apse2a-prod.browserstack.com
content-length: 14

12:02:18.164 [AsyncHttpClient-1-4] DEBUG org.asynchttpclient.netty.channel.ChannelManager - Adding key: http://hub-cloud.browserstack.com:80 for channel [id: 0x4570a0cd, L:/172.17.19.76:57260 - R:hub-cloud.browserstack.com/173.234.104.3:80]
12:02:18.169 [main] DEBUG net.thucydides.core.steps.StepInterceptor - STEP DONE: login
  &amp#27;[32mGiven &amp#27;[0m&amp#27;[32mthe user enters the username &amp#27;[0m&amp#27;[32m&amp#27;[1mmngr398793&amp#27;[0m&amp#27;[32m and password &amp#27;[0m&amp#27;[32m&amp#27;[1mmngr3&amp#27;[0m &amp#27;[90m# cucumber.LoginStepDefs.the_user_enters_the_username_and_password(java.lang.String,java.lang.String)&amp#27;[0m
12:02:18.178 [main] DEBUG net.thucydides.core.steps.StepInterceptor - STARTING STEP: LoginStepDefs.the_error_message_user_is_not_valid_is_displayed - checkInvalid
12:02:18.179 [Forwarding getAlertText on session f2a745a73021f465498297146c9258dc42b45f37 to remote] DEBUG org.asynchttpclient.netty.request.NettyRequestSender - Using pooled Channel '[id: 0x4570a0cd, L:/172.17.19.76:57260 - R:hub-cloud.browserstack.com/173.234.104.3:80]' for 'GET' to 'http://nguynanhdng_QCrHDk:mNTnt9bgzxAqbAEVwh6Y@hub-cloud.browserstack.com/wd/hub/session/f2a745a73021f465498297146c9258dc42b45f37/alert/text'
12:02:18.179 [Forwarding getAlertText on session f2a745a73021f465498297146c9258dc42b45f37 to remote] DEBUG org.asynchttpclient.netty.request.NettyRequestSender - Using open Channel [id: 0x4570a0cd, L:/172.17.19.76:57260 - R:hub-cloud.browserstack.com/173.234.104.3:80] for GET '/wd/hub/session/f2a745a73021f465498297146c9258dc42b45f37/alert/text'
12:02:18.502 [AsyncHttpClient-1-4] DEBUG org.asynchttpclient.netty.handler.HttpHandler - 

Request DefaultFullHttpRequest(decodeResult: success, version: HTTP/1.1, content: EmptyByteBufBE)
GET /wd/hub/session/f2a745a73021f465498297146c9258dc42b45f37/alert/text HTTP/1.1
User-Agent: selenium/4.1.3 (java windows)
Cache-Control: no-cache
traceparent: 00-925fedb9bafcc3634dd2666ffcf758bb-cfbc2c3cb329ba6c-01
Content-Type: application/json; charset=utf-8
host: hub-cloud.browserstack.com
authorization: Basic bmd1eW5hbmhkbmdfUUNySERrOm1OVG50OWJnenhBcWJBRVZ3aDZZ
accept: */*

Response DefaultHttpResponse(decodeResult: success, version: HTTP/1.1)
HTTP/1.1 200 OK
Server: nginx
Date: Mon, 09 May 2022 05:02:18 GMT
Content-Type: application/json;charset=utf-8
Connection: keep-alive
Source-From: 02
expires: Thu, 01 Jan 1970 00:00:00 GMT
cache-control: no-cache, no-cache
temp-header: 2023-2500101799-1-1652072538.318-rproxy-core-002-dcp-apse2a-prod.browserstack.com
content-length: 29

12:02:18.502 [AsyncHttpClient-1-4] DEBUG org.asynchttpclient.netty.channel.ChannelManager - Adding key: http://hub-cloud.browserstack.com:80 for channel [id: 0x4570a0cd, L:/172.17.19.76:57260 - R:hub-cloud.browserstack.com/173.234.104.3:80]
12:02:18.504 [Forwarding getAlertText on session f2a745a73021f465498297146c9258dc42b45f37 to remote] DEBUG org.asynchttpclient.netty.request.NettyRequestSender - Using pooled Channel '[id: 0x4570a0cd, L:/172.17.19.76:57260 - R:hub-cloud.browserstack.com/173.234.104.3:80]' for 'GET' to 'http://nguynanhdng_QCrHDk:mNTnt9bgzxAqbAEVwh6Y@hub-cloud.browserstack.com/wd/hub/session/f2a745a73021f465498297146c9258dc42b45f37/alert/text'
12:02:18.504 [Forwarding getAlertText on session f2a745a73021f465498297146c9258dc42b45f37 to remote] DEBUG org.asynchttpclient.netty.request.NettyRequestSender - Using open Channel [id: 0x4570a0cd, L:/172.17.19.76:57260 - R:hub-cloud.browserstack.com/173.234.104.3:80] for GET '/wd/hub/session/f2a745a73021f465498297146c9258dc42b45f37/alert/text'
12:02:18.768 [AsyncHttpClient-1-4] DEBUG org.asynchttpclient.netty.handler.HttpHandler - 

Request DefaultFullHttpRequest(decodeResult: success, version: HTTP/1.1, content: EmptyByteBufBE)
GET /wd/hub/session/f2a745a73021f465498297146c9258dc42b45f37/alert/text HTTP/1.1
User-Agent: selenium/4.1.3 (java windows)
Cache-Control: no-cache
traceparent: 00-eb9f30bc66bb20cf032b3ada269f716f-e462344d126e3a28-01
Content-Type: application/json; charset=utf-8
host: hub-cloud.browserstack.com
authorization: Basic bmd1eW5hbmhkbmdfUUNySERrOm1OVG50OWJnenhBcWJBRVZ3aDZZ
accept: */*

Response DefaultHttpResponse(decodeResult: success, version: HTTP/1.1)
HTTP/1.1 200 OK
Server: nginx
Date: Mon, 09 May 2022 05:02:18 GMT
Content-Type: application/json;charset=utf-8
Connection: keep-alive
Source-From: 02
expires: Thu, 01 Jan 1970 00:00:00 GMT
cache-control: no-cache, no-cache
temp-header: 2023-2500101921-1-1652072538.589-rproxy-core-002-dcp-apse2a-prod.browserstack.com
content-length: 29

12:02:18.769 [AsyncHttpClient-1-4] DEBUG org.asynchttpclient.netty.channel.ChannelManager - Adding key: http://hub-cloud.browserstack.com:80 for channel [id: 0x4570a0cd, L:/172.17.19.76:57260 - R:hub-cloud.browserstack.com/173.234.104.3:80]
12:02:18.771 [Forwarding acceptAlert on session f2a745a73021f465498297146c9258dc42b45f37 to remote] DEBUG org.asynchttpclient.netty.request.NettyRequestSender - Using pooled Channel '[id: 0x4570a0cd, L:/172.17.19.76:57260 - R:hub-cloud.browserstack.com/173.234.104.3:80]' for 'POST' to 'http://nguynanhdng_QCrHDk:mNTnt9bgzxAqbAEVwh6Y@hub-cloud.browserstack.com/wd/hub/session/f2a745a73021f465498297146c9258dc42b45f37/alert/accept'
12:02:18.771 [Forwarding acceptAlert on session f2a745a73021f465498297146c9258dc42b45f37 to remote] DEBUG org.asynchttpclient.netty.request.NettyRequestSender - Using open Channel [id: 0x4570a0cd, L:/172.17.19.76:57260 - R:hub-cloud.browserstack.com/173.234.104.3:80] for POST '/wd/hub/session/f2a745a73021f465498297146c9258dc42b45f37/alert/accept'
12:02:19.127 [AsyncHttpClient-1-4] DEBUG org.asynchttpclient.netty.handler.HttpHandler - 

Request DefaultHttpRequest(decodeResult: success, version: HTTP/1.1)
POST /wd/hub/session/f2a745a73021f465498297146c9258dc42b45f37/alert/accept HTTP/1.1
User-Agent: selenium/4.1.3 (java windows)
traceparent: 00-541d6ad2eeefe3d2dd29db5112b660c1-5200016291b6fb7e-01
Content-Length: 3
Content-Type: application/json; charset=utf-8
host: hub-cloud.browserstack.com
authorization: Basic bmd1eW5hbmhkbmdfUUNySERrOm1OVG50OWJnenhBcWJBRVZ3aDZZ
accept: */*

Response DefaultHttpResponse(decodeResult: success, version: HTTP/1.1)
HTTP/1.1 200 OK
Server: nginx
Date: Mon, 09 May 2022 05:02:18 GMT
Content-Type: application/json;charset=utf-8
Connection: keep-alive
Source-From: 02
expires: Thu, 01 Jan 1970 00:00:00 GMT
cache-control: no-cache, no-cache
temp-header: 2025-2500102039-1-1652072538.895-rproxy-core-002-dcp-apse2a-prod.browserstack.com
content-length: 14

12:02:19.128 [AsyncHttpClient-1-4] DEBUG org.asynchttpclient.netty.channel.ChannelManager - Adding key: http://hub-cloud.browserstack.com:80 for channel [id: 0x4570a0cd, L:/172.17.19.76:57260 - R:hub-cloud.browserstack.com/173.234.104.3:80]
12:02:19.132 [main] DEBUG net.thucydides.core.steps.StepInterceptor - STEP DONE: checkInvalid
  &amp#27;[32mThen &amp#27;[0m&amp#27;[32mthe error message &amp#27;[0m&amp#27;[32m&amp#27;[1m'User is not valid'&amp#27;[0m&amp#27;[32m is displayed&amp#27;[0m          &amp#27;[90m# cucumber.LoginStepDefs.the_error_message_user_is_not_valid_is_displayed(java.lang.String)&amp#27;[0m
12:02:19.140 [main] INFO  - &amp#27;[92m
  _____   ___   ___   _____     ___     _     ___   ___   ___   ___  
 |_   _| | __| / __| |_   _|   | _ \   /_\   / __| / __| | __| |   \ 
   | |   | _|  \__ \   | |     |  _/  / _ \  \__ \ \__ \ | _|  | |) |
   |_|   |___| |___/   |_|     |_|   /_/ \_\ |___/ |___/ |___| |___/ 

user login unsuccessful
----------------------------------------------------------------------&amp#27;[0m
]]></system-out>
    <system-err><![CDATA[May 09, 2022 12:01:37 PM org.openqa.selenium.remote.ProtocolHandshake createSession
INFO: Detected dialect: W3C
May 09, 2022 12:01:37 PM org.openqa.selenium.devtools.CdpVersionFinder findNearestMatch
WARNING: Unable to find an exact match for CDP version 101, so returning the closest version found: 99
May 09, 2022 12:01:37 PM org.openqa.selenium.devtools.CdpVersionFinder findNearestMatch
INFO: Found CDP implementation for version 101 of 99
May 09, 2022 12:02:02 PM org.openqa.selenium.devtools.CdpEndpointFinder getCdpEndPoint
WARNING: Unable to connect to determine websocket url: java.net.ConnectException: Connection refused: no further information: localhost/0:0:0:0:0:0:0:1:7156
]]></system-err>
  </testcase>
  <testcase name="user login unsuccessful #2" classname="user login to the page unsuccessful" time="15.289">
    <system-out><![CDATA[
@unit
Scenario Outline: user login unsuccessful                          &amp#27;[90m# src/test/resources/features.login/login_unsuccess.feature:10&amp#27;[0m
12:02:19.148 [main] INFO io.cucumber.core.plugin.SerenityReporter - Running feature from file:///D:/Pratice/serenity_homework/src/test/resources/features.login/login_unsuccess.feature
12:02:19.148 [main] WARN io.cucumber.core.plugin.SerenityReporter - Feature from file:///D:/Pratice/serenity_homework/src/test/resources/features.login/login_unsuccess.feature is not under the 'features' directory. Requirements report will not be correctly generated!
12:02:19.188 [main] DEBUG io.github.bonigarcia.wdm.cache.ResolutionCache - Resolution chrome=101 in cache (valid until 12:13:55 09/05/2022 ICT)
12:02:19.189 [main] DEBUG io.github.bonigarcia.wdm.cache.ResolutionCache - Resolution chrome101=101.0.4951.41 in cache (valid until 22:55:19 09/05/2022 ICT)
12:02:19.189 [main] INFO io.github.bonigarcia.wdm.WebDriverManager - Using chromedriver 101.0.4951.41 (resolved driver for Chrome 101)
12:02:19.195 [main] DEBUG io.github.bonigarcia.wdm.WebDriverManager - Driver chromedriver 101.0.4951.41 found in cache
12:02:19.196 [main] INFO io.github.bonigarcia.wdm.WebDriverManager - Exporting webdriver.chrome.driver as C:\Users\dung.nguyenanh\.cache\selenium\chromedriver\win32\101.0.4951.41\chromedriver.exe
12:02:19.197 [Forwarding get on session f2a745a73021f465498297146c9258dc42b45f37 to remote] DEBUG org.asynchttpclient.netty.request.NettyRequestSender - Using pooled Channel '[id: 0x4570a0cd, L:/172.17.19.76:57260 - R:hub-cloud.browserstack.com/173.234.104.3:80]' for 'POST' to 'http://nguynanhdng_QCrHDk:mNTnt9bgzxAqbAEVwh6Y@hub-cloud.browserstack.com/wd/hub/session/f2a745a73021f465498297146c9258dc42b45f37/url'
12:02:19.197 [Forwarding get on session f2a745a73021f465498297146c9258dc42b45f37 to remote] DEBUG org.asynchttpclient.netty.request.NettyRequestSender - Using open Channel [id: 0x4570a0cd, L:/172.17.19.76:57260 - R:hub-cloud.browserstack.com/173.234.104.3:80] for POST '/wd/hub/session/f2a745a73021f465498297146c9258dc42b45f37/url'
12:02:24.191 [AsyncHttpClient-1-4] DEBUG org.asynchttpclient.netty.handler.HttpHandler - 

Request DefaultHttpRequest(decodeResult: success, version: HTTP/1.1)
POST /wd/hub/session/f2a745a73021f465498297146c9258dc42b45f37/url HTTP/1.1
User-Agent: selenium/4.1.3 (java windows)
traceparent: 00-1814bcc08caef6f8abbfddda12b01f9f-ba27791ca083df30-01
Content-Length: 94
Content-Type: application/json; charset=utf-8
host: hub-cloud.browserstack.com
authorization: Basic bmd1eW5hbmhkbmdfUUNySERrOm1OVG50OWJnenhBcWJBRVZ3aDZZ
accept: */*

Response DefaultHttpResponse(decodeResult: success, version: HTTP/1.1)
HTTP/1.1 200 OK
Server: nginx
Date: Mon, 09 May 2022 05:02:24 GMT
Content-Type: application/json;charset=utf-8
Connection: keep-alive
Source-From: 02
expires: Thu, 01 Jan 1970 00:00:00 GMT
cache-control: no-cache, no-cache
temp-header: 3696-5157110841-1-1652072543.997-rproxy-core-001-dcp-apse2a-prod.browserstack.com
content-length: 14

12:02:24.191 [AsyncHttpClient-1-4] DEBUG org.asynchttpclient.netty.channel.ChannelManager - Adding key: http://hub-cloud.browserstack.com:80 for channel [id: 0x4570a0cd, L:/172.17.19.76:57260 - R:hub-cloud.browserstack.com/173.234.104.3:80]
12:02:24.194 [Forwarding getCurrentUrl on session f2a745a73021f465498297146c9258dc42b45f37 to remote] DEBUG org.asynchttpclient.netty.request.NettyRequestSender - Using pooled Channel '[id: 0x4570a0cd, L:/172.17.19.76:57260 - R:hub-cloud.browserstack.com/173.234.104.3:80]' for 'GET' to 'http://nguynanhdng_QCrHDk:mNTnt9bgzxAqbAEVwh6Y@hub-cloud.browserstack.com/wd/hub/session/f2a745a73021f465498297146c9258dc42b45f37/url'
12:02:24.194 [Forwarding getCurrentUrl on session f2a745a73021f465498297146c9258dc42b45f37 to remote] DEBUG org.asynchttpclient.netty.request.NettyRequestSender - Using open Channel [id: 0x4570a0cd, L:/172.17.19.76:57260 - R:hub-cloud.browserstack.com/173.234.104.3:80] for GET '/wd/hub/session/f2a745a73021f465498297146c9258dc42b45f37/url'
12:02:24.527 [AsyncHttpClient-1-4] DEBUG org.asynchttpclient.netty.handler.HttpHandler - 

Request DefaultFullHttpRequest(decodeResult: success, version: HTTP/1.1, content: EmptyByteBufBE)
GET /wd/hub/session/f2a745a73021f465498297146c9258dc42b45f37/url HTTP/1.1
User-Agent: selenium/4.1.3 (java windows)
Cache-Control: no-cache
traceparent: 00-f1a0855f994691ed18fe010d3b14b02d-f9b317bbfd9e6ceb-01
Content-Type: application/json; charset=utf-8
host: hub-cloud.browserstack.com
authorization: Basic bmd1eW5hbmhkbmdfUUNySERrOm1OVG50OWJnenhBcWJBRVZ3aDZZ
accept: */*

Response DefaultHttpResponse(decodeResult: success, version: HTTP/1.1)
HTTP/1.1 200 OK
Server: nginx
Date: Mon, 09 May 2022 05:02:24 GMT
Content-Type: application/json;charset=utf-8
Connection: keep-alive
Source-From: 02
expires: Thu, 01 Jan 1970 00:00:00 GMT
cache-control: no-cache, no-cache
temp-header: 2024-2500103955-1-1652072544.338-rproxy-core-002-dcp-apse2a-prod.browserstack.com
content-length: 61

12:02:24.528 [AsyncHttpClient-1-4] DEBUG org.asynchttpclient.netty.channel.ChannelManager - Adding key: http://hub-cloud.browserstack.com:80 for channel [id: 0x4570a0cd, L:/172.17.19.76:57260 - R:hub-cloud.browserstack.com/173.234.104.3:80]
12:02:24.531 [Forwarding getCurrentUrl on session f2a745a73021f465498297146c9258dc42b45f37 to remote] DEBUG org.asynchttpclient.netty.request.NettyRequestSender - Using pooled Channel '[id: 0x4570a0cd, L:/172.17.19.76:57260 - R:hub-cloud.browserstack.com/173.234.104.3:80]' for 'GET' to 'http://nguynanhdng_QCrHDk:mNTnt9bgzxAqbAEVwh6Y@hub-cloud.browserstack.com/wd/hub/session/f2a745a73021f465498297146c9258dc42b45f37/url'
12:02:24.531 [Forwarding getCurrentUrl on session f2a745a73021f465498297146c9258dc42b45f37 to remote] DEBUG org.asynchttpclient.netty.request.NettyRequestSender - Using open Channel [id: 0x4570a0cd, L:/172.17.19.76:57260 - R:hub-cloud.browserstack.com/173.234.104.3:80] for GET '/wd/hub/session/f2a745a73021f465498297146c9258dc42b45f37/url'
12:02:24.849 [AsyncHttpClient-1-4] DEBUG org.asynchttpclient.netty.handler.HttpHandler - 

Request DefaultFullHttpRequest(decodeResult: success, version: HTTP/1.1, content: EmptyByteBufBE)
GET /wd/hub/session/f2a745a73021f465498297146c9258dc42b45f37/url HTTP/1.1
User-Agent: selenium/4.1.3 (java windows)
Cache-Control: no-cache
traceparent: 00-139febbcfd974236d1eb9fe7533cf02b-1b9ca4262dda2b4e-01
Content-Type: application/json; charset=utf-8
host: hub-cloud.browserstack.com
authorization: Basic bmd1eW5hbmhkbmdfUUNySERrOm1OVG50OWJnenhBcWJBRVZ3aDZZ
accept: */*

Response DefaultHttpResponse(decodeResult: success, version: HTTP/1.1)
HTTP/1.1 200 OK
Server: nginx
Date: Mon, 09 May 2022 05:02:24 GMT
Content-Type: application/json;charset=utf-8
Connection: keep-alive
Source-From: 02
expires: Thu, 01 Jan 1970 00:00:00 GMT
cache-control: no-cache, no-cache
temp-header: 3694-5157111601-1-1652072544.634-rproxy-core-001-dcp-apse2a-prod.browserstack.com
content-length: 61

12:02:24.850 [AsyncHttpClient-1-4] DEBUG org.asynchttpclient.netty.channel.ChannelManager - Adding key: http://hub-cloud.browserstack.com:80 for channel [id: 0x4570a0cd, L:/172.17.19.76:57260 - R:hub-cloud.browserstack.com/173.234.104.3:80]
12:02:24.853 [Forwarding maximizeCurrentWindow on session f2a745a73021f465498297146c9258dc42b45f37 to remote] DEBUG org.asynchttpclient.netty.request.NettyRequestSender - Using pooled Channel '[id: 0x4570a0cd, L:/172.17.19.76:57260 - R:hub-cloud.browserstack.com/173.234.104.3:80]' for 'POST' to 'http://nguynanhdng_QCrHDk:mNTnt9bgzxAqbAEVwh6Y@hub-cloud.browserstack.com/wd/hub/session/f2a745a73021f465498297146c9258dc42b45f37/window/maximize'
12:02:24.853 [Forwarding maximizeCurrentWindow on session f2a745a73021f465498297146c9258dc42b45f37 to remote] DEBUG org.asynchttpclient.netty.request.NettyRequestSender - Using open Channel [id: 0x4570a0cd, L:/172.17.19.76:57260 - R:hub-cloud.browserstack.com/173.234.104.3:80] for POST '/wd/hub/session/f2a745a73021f465498297146c9258dc42b45f37/window/maximize'
12:02:25.200 [AsyncHttpClient-1-4] DEBUG org.asynchttpclient.netty.handler.HttpHandler - 

Request DefaultHttpRequest(decodeResult: success, version: HTTP/1.1)
POST /wd/hub/session/f2a745a73021f465498297146c9258dc42b45f37/window/maximize HTTP/1.1
User-Agent: selenium/4.1.3 (java windows)
traceparent: 00-9382c406c372b0821de0cf007a8d58cd-9a2f858abfe4cb2d-01
Content-Length: 3
Content-Type: application/json; charset=utf-8
host: hub-cloud.browserstack.com
authorization: Basic bmd1eW5hbmhkbmdfUUNySERrOm1OVG50OWJnenhBcWJBRVZ3aDZZ
accept: */*

Response DefaultHttpResponse(decodeResult: success, version: HTTP/1.1)
HTTP/1.1 200 OK
Server: nginx
Date: Mon, 09 May 2022 05:02:24 GMT
Content-Type: application/json;charset=utf-8
Connection: keep-alive
Source-From: 02
expires: Thu, 01 Jan 1970 00:00:00 GMT
cache-control: no-cache, no-cache
temp-header: 3689-5157111657-1-1652072544.980-rproxy-core-001-dcp-apse2a-prod.browserstack.com
content-length: 52

12:02:25.201 [AsyncHttpClient-1-4] DEBUG org.asynchttpclient.netty.channel.ChannelManager - Adding key: http://hub-cloud.browserstack.com:80 for channel [id: 0x4570a0cd, L:/172.17.19.76:57260 - R:hub-cloud.browserstack.com/173.234.104.3:80]
12:02:25.216 [main] DEBUG net.thucydides.core.steps.StepInterceptor - STARTING STEP: LoginStepDefs.the_user_enters_the_username_and_password - login
12:02:25.222 [Forwarding setTimeout on session f2a745a73021f465498297146c9258dc42b45f37 to remote] DEBUG org.asynchttpclient.netty.request.NettyRequestSender - Using pooled Channel '[id: 0x4570a0cd, L:/172.17.19.76:57260 - R:hub-cloud.browserstack.com/173.234.104.3:80]' for 'POST' to 'http://nguynanhdng_QCrHDk:mNTnt9bgzxAqbAEVwh6Y@hub-cloud.browserstack.com/wd/hub/session/f2a745a73021f465498297146c9258dc42b45f37/timeouts'
12:02:25.222 [Forwarding setTimeout on session f2a745a73021f465498297146c9258dc42b45f37 to remote] DEBUG org.asynchttpclient.netty.request.NettyRequestSender - Using open Channel [id: 0x4570a0cd, L:/172.17.19.76:57260 - R:hub-cloud.browserstack.com/173.234.104.3:80] for POST '/wd/hub/session/f2a745a73021f465498297146c9258dc42b45f37/timeouts'
12:02:25.541 [AsyncHttpClient-1-4] DEBUG org.asynchttpclient.netty.handler.HttpHandler - 

Request DefaultHttpRequest(decodeResult: success, version: HTTP/1.1)
POST /wd/hub/session/f2a745a73021f465498297146c9258dc42b45f37/timeouts HTTP/1.1
User-Agent: selenium/4.1.3 (java windows)
traceparent: 00-c8f9660d48bf1b3e1dc75c1329b5b441-62cda7eaabeee122-01
Content-Length: 19
Content-Type: application/json; charset=utf-8
host: hub-cloud.browserstack.com
authorization: Basic bmd1eW5hbmhkbmdfUUNySERrOm1OVG50OWJnenhBcWJBRVZ3aDZZ
accept: */*

Response DefaultHttpResponse(decodeResult: success, version: HTTP/1.1)
HTTP/1.1 200 OK
Server: nginx
Date: Mon, 09 May 2022 05:02:25 GMT
Content-Type: application/json;charset=utf-8
Connection: keep-alive
Source-From: 02
expires: Thu, 01 Jan 1970 00:00:00 GMT
cache-control: no-cache, no-cache
temp-header: 2030-2500104275-1-1652072545.352-rproxy-core-002-dcp-apse2a-prod.browserstack.com
content-length: 14

12:02:25.541 [AsyncHttpClient-1-4] DEBUG org.asynchttpclient.netty.channel.ChannelManager - Adding key: http://hub-cloud.browserstack.com:80 for channel [id: 0x4570a0cd, L:/172.17.19.76:57260 - R:hub-cloud.browserstack.com/173.234.104.3:80]
12:02:25.545 [Forwarding findElement on session f2a745a73021f465498297146c9258dc42b45f37 to remote] DEBUG org.asynchttpclient.netty.request.NettyRequestSender - Using pooled Channel '[id: 0x4570a0cd, L:/172.17.19.76:57260 - R:hub-cloud.browserstack.com/173.234.104.3:80]' for 'POST' to 'http://nguynanhdng_QCrHDk:mNTnt9bgzxAqbAEVwh6Y@hub-cloud.browserstack.com/wd/hub/session/f2a745a73021f465498297146c9258dc42b45f37/element'
12:02:25.546 [Forwarding findElement on session f2a745a73021f465498297146c9258dc42b45f37 to remote] DEBUG org.asynchttpclient.netty.request.NettyRequestSender - Using open Channel [id: 0x4570a0cd, L:/172.17.19.76:57260 - R:hub-cloud.browserstack.com/173.234.104.3:80] for POST '/wd/hub/session/f2a745a73021f465498297146c9258dc42b45f37/element'
12:02:25.876 [AsyncHttpClient-1-4] DEBUG org.asynchttpclient.netty.handler.HttpHandler - 

Request DefaultHttpRequest(decodeResult: success, version: HTTP/1.1)
POST /wd/hub/session/f2a745a73021f465498297146c9258dc42b45f37/element HTTP/1.1
User-Agent: selenium/4.1.3 (java windows)
traceparent: 00-1d75a2a1b5d972998dd327ab86350350-7d9ba8da5f475896-01
Content-Length: 61
Content-Type: application/json; charset=utf-8
host: hub-cloud.browserstack.com
authorization: Basic bmd1eW5hbmhkbmdfUUNySERrOm1OVG50OWJnenhBcWJBRVZ3aDZZ
accept: */*

Response DefaultHttpResponse(decodeResult: success, version: HTTP/1.1)
HTTP/1.1 200 OK
Server: nginx
Date: Mon, 09 May 2022 05:02:25 GMT
Content-Type: application/json;charset=utf-8
Connection: keep-alive
Source-From: 02
expires: Thu, 01 Jan 1970 00:00:00 GMT
cache-control: no-cache, no-cache
temp-header: 3694-5157111773-1-1652072545.696-rproxy-core-001-dcp-apse2a-prod.browserstack.com
content-length: 88

12:02:25.876 [AsyncHttpClient-1-4] DEBUG org.asynchttpclient.netty.channel.ChannelManager - Adding key: http://hub-cloud.browserstack.com:80 for channel [id: 0x4570a0cd, L:/172.17.19.76:57260 - R:hub-cloud.browserstack.com/173.234.104.3:80]
12:02:25.880 [Forwarding setTimeout on session f2a745a73021f465498297146c9258dc42b45f37 to remote] DEBUG org.asynchttpclient.netty.request.NettyRequestSender - Using pooled Channel '[id: 0x4570a0cd, L:/172.17.19.76:57260 - R:hub-cloud.browserstack.com/173.234.104.3:80]' for 'POST' to 'http://nguynanhdng_QCrHDk:mNTnt9bgzxAqbAEVwh6Y@hub-cloud.browserstack.com/wd/hub/session/f2a745a73021f465498297146c9258dc42b45f37/timeouts'
12:02:25.880 [Forwarding setTimeout on session f2a745a73021f465498297146c9258dc42b45f37 to remote] DEBUG org.asynchttpclient.netty.request.NettyRequestSender - Using open Channel [id: 0x4570a0cd, L:/172.17.19.76:57260 - R:hub-cloud.browserstack.com/173.234.104.3:80] for POST '/wd/hub/session/f2a745a73021f465498297146c9258dc42b45f37/timeouts'
12:02:26.167 [AsyncHttpClient-1-4] DEBUG org.asynchttpclient.netty.handler.HttpHandler - 

Request DefaultHttpRequest(decodeResult: success, version: HTTP/1.1)
POST /wd/hub/session/f2a745a73021f465498297146c9258dc42b45f37/timeouts HTTP/1.1
User-Agent: selenium/4.1.3 (java windows)
traceparent: 00-9d8db99399466df3ce872506a3c62f50-c361863e203d3436-01
Content-Length: 22
Content-Type: application/json; charset=utf-8
host: hub-cloud.browserstack.com
authorization: Basic bmd1eW5hbmhkbmdfUUNySERrOm1OVG50OWJnenhBcWJBRVZ3aDZZ
accept: */*

Response DefaultHttpResponse(decodeResult: success, version: HTTP/1.1)
HTTP/1.1 200 OK
Server: nginx
Date: Mon, 09 May 2022 05:02:25 GMT
Content-Type: application/json;charset=utf-8
Connection: keep-alive
Source-From: 02
expires: Thu, 01 Jan 1970 00:00:00 GMT
cache-control: no-cache, no-cache
temp-header: 2025-2500104511-1-1652072545.988-rproxy-core-002-dcp-apse2a-prod.browserstack.com
content-length: 14

12:02:26.167 [AsyncHttpClient-1-4] DEBUG org.asynchttpclient.netty.channel.ChannelManager - Adding key: http://hub-cloud.browserstack.com:80 for channel [id: 0x4570a0cd, L:/172.17.19.76:57260 - R:hub-cloud.browserstack.com/173.234.104.3:80]
12:02:26.175 [Forwarding isElementDisplayed on session f2a745a73021f465498297146c9258dc42b45f37 to remote] DEBUG org.asynchttpclient.netty.request.NettyRequestSender - Using pooled Channel '[id: 0x4570a0cd, L:/172.17.19.76:57260 - R:hub-cloud.browserstack.com/173.234.104.3:80]' for 'POST' to 'http://nguynanhdng_QCrHDk:mNTnt9bgzxAqbAEVwh6Y@hub-cloud.browserstack.com/wd/hub/session/f2a745a73021f465498297146c9258dc42b45f37/execute/sync'
12:02:26.175 [Forwarding isElementDisplayed on session f2a745a73021f465498297146c9258dc42b45f37 to remote] DEBUG org.asynchttpclient.netty.request.NettyRequestSender - Using open Channel [id: 0x4570a0cd, L:/172.17.19.76:57260 - R:hub-cloud.browserstack.com/173.234.104.3:80] for POST '/wd/hub/session/f2a745a73021f465498297146c9258dc42b45f37/execute/sync'
12:02:26.726 [AsyncHttpClient-1-4] DEBUG org.asynchttpclient.netty.handler.HttpHandler - 

Request DefaultHttpRequest(decodeResult: success, version: HTTP/1.1)
POST /wd/hub/session/f2a745a73021f465498297146c9258dc42b45f37/execute/sync HTTP/1.1
User-Agent: selenium/4.1.3 (java windows)
traceparent: 00-ed562d0fce47140887b22062ac85e984-ca09be9ae3d7a0d6-01
Content-Length: 48780
Content-Type: application/json; charset=utf-8
host: hub-cloud.browserstack.com
authorization: Basic bmd1eW5hbmhkbmdfUUNySERrOm1OVG50OWJnenhBcWJBRVZ3aDZZ
accept: */*

Response DefaultHttpResponse(decodeResult: success, version: HTTP/1.1)
HTTP/1.1 200 OK
Server: nginx
Date: Mon, 09 May 2022 05:02:26 GMT
Content-Type: application/json;charset=utf-8
Connection: keep-alive
Source-From: 02
expires: Thu, 01 Jan 1970 00:00:00 GMT
cache-control: no-cache, no-cache
temp-header: 2024-2500104713-1-1652072546.544-rproxy-core-002-dcp-apse2a-prod.browserstack.com
content-length: 14

12:02:26.727 [AsyncHttpClient-1-4] DEBUG org.asynchttpclient.netty.channel.ChannelManager - Adding key: http://hub-cloud.browserstack.com:80 for channel [id: 0x4570a0cd, L:/172.17.19.76:57260 - R:hub-cloud.browserstack.com/173.234.104.3:80]
12:02:26.733 [Forwarding clearElement on session f2a745a73021f465498297146c9258dc42b45f37 to remote] DEBUG org.asynchttpclient.netty.request.NettyRequestSender - Using pooled Channel '[id: 0x4570a0cd, L:/172.17.19.76:57260 - R:hub-cloud.browserstack.com/173.234.104.3:80]' for 'POST' to 'http://nguynanhdng_QCrHDk:mNTnt9bgzxAqbAEVwh6Y@hub-cloud.browserstack.com/wd/hub/session/f2a745a73021f465498297146c9258dc42b45f37/element/4f6368a5-10c5-4338-9f19-af0541e8058e/clear'
12:02:26.733 [Forwarding clearElement on session f2a745a73021f465498297146c9258dc42b45f37 to remote] DEBUG org.asynchttpclient.netty.request.NettyRequestSender - Using open Channel [id: 0x4570a0cd, L:/172.17.19.76:57260 - R:hub-cloud.browserstack.com/173.234.104.3:80] for POST '/wd/hub/session/f2a745a73021f465498297146c9258dc42b45f37/element/4f6368a5-10c5-4338-9f19-af0541e8058e/clear'
12:02:27.037 [AsyncHttpClient-1-4] DEBUG org.asynchttpclient.netty.handler.HttpHandler - 

Request DefaultHttpRequest(decodeResult: success, version: HTTP/1.1)
POST /wd/hub/session/f2a745a73021f465498297146c9258dc42b45f37/element/4f6368a5-10c5-4338-9f19-af0541e8058e/clear HTTP/1.1
User-Agent: selenium/4.1.3 (java windows)
traceparent: 00-eaf750af40057251197ea2afdab03b19-00f9f4b6878b5f8a-01
Content-Length: 50
Content-Type: application/json; charset=utf-8
host: hub-cloud.browserstack.com
authorization: Basic bmd1eW5hbmhkbmdfUUNySERrOm1OVG50OWJnenhBcWJBRVZ3aDZZ
accept: */*

Response DefaultHttpResponse(decodeResult: success, version: HTTP/1.1)
HTTP/1.1 200 OK
Server: nginx
Date: Mon, 09 May 2022 05:02:26 GMT
Content-Type: application/json;charset=utf-8
Connection: keep-alive
Source-From: 02
expires: Thu, 01 Jan 1970 00:00:00 GMT
cache-control: no-cache, no-cache
temp-header: 3691-5157112003-1-1652072546.853-rproxy-core-001-dcp-apse2a-prod.browserstack.com
content-length: 14

12:02:27.038 [AsyncHttpClient-1-4] DEBUG org.asynchttpclient.netty.channel.ChannelManager - Adding key: http://hub-cloud.browserstack.com:80 for channel [id: 0x4570a0cd, L:/172.17.19.76:57260 - R:hub-cloud.browserstack.com/173.234.104.3:80]
12:02:27.041 [Forwarding sendKeysToElement on session f2a745a73021f465498297146c9258dc42b45f37 to remote] DEBUG org.asynchttpclient.netty.request.NettyRequestSender - Using pooled Channel '[id: 0x4570a0cd, L:/172.17.19.76:57260 - R:hub-cloud.browserstack.com/173.234.104.3:80]' for 'POST' to 'http://nguynanhdng_QCrHDk:mNTnt9bgzxAqbAEVwh6Y@hub-cloud.browserstack.com/wd/hub/session/f2a745a73021f465498297146c9258dc42b45f37/element/4f6368a5-10c5-4338-9f19-af0541e8058e/value'
12:02:27.041 [Forwarding sendKeysToElement on session f2a745a73021f465498297146c9258dc42b45f37 to remote] DEBUG org.asynchttpclient.netty.request.NettyRequestSender - Using open Channel [id: 0x4570a0cd, L:/172.17.19.76:57260 - R:hub-cloud.browserstack.com/173.234.104.3:80] for POST '/wd/hub/session/f2a745a73021f465498297146c9258dc42b45f37/element/4f6368a5-10c5-4338-9f19-af0541e8058e/value'
12:02:27.382 [AsyncHttpClient-1-4] DEBUG org.asynchttpclient.netty.handler.HttpHandler - 

Request DefaultHttpRequest(decodeResult: success, version: HTTP/1.1)
POST /wd/hub/session/f2a745a73021f465498297146c9258dc42b45f37/element/4f6368a5-10c5-4338-9f19-af0541e8058e/value HTTP/1.1
User-Agent: selenium/4.1.3 (java windows)
traceparent: 00-d33d324c66636905878d4870c8e9bbfb-83d634ee5438d8cc-01
Content-Length: 131
Content-Type: application/json; charset=utf-8
host: hub-cloud.browserstack.com
authorization: Basic bmd1eW5hbmhkbmdfUUNySERrOm1OVG50OWJnenhBcWJBRVZ3aDZZ
accept: */*

Response DefaultHttpResponse(decodeResult: success, version: HTTP/1.1)
HTTP/1.1 200 OK
Server: nginx
Date: Mon, 09 May 2022 05:02:27 GMT
Content-Type: application/json;charset=utf-8
Connection: keep-alive
Source-From: 02
expires: Thu, 01 Jan 1970 00:00:00 GMT
cache-control: no-cache, no-cache
temp-header: 2025-2500104923-1-1652072547.206-rproxy-core-002-dcp-apse2a-prod.browserstack.com
content-length: 14

12:02:27.382 [AsyncHttpClient-1-4] DEBUG org.asynchttpclient.netty.channel.ChannelManager - Adding key: http://hub-cloud.browserstack.com:80 for channel [id: 0x4570a0cd, L:/172.17.19.76:57260 - R:hub-cloud.browserstack.com/173.234.104.3:80]
12:02:27.394 [Forwarding setTimeout on session f2a745a73021f465498297146c9258dc42b45f37 to remote] DEBUG org.asynchttpclient.netty.request.NettyRequestSender - Using pooled Channel '[id: 0x4570a0cd, L:/172.17.19.76:57260 - R:hub-cloud.browserstack.com/173.234.104.3:80]' for 'POST' to 'http://nguynanhdng_QCrHDk:mNTnt9bgzxAqbAEVwh6Y@hub-cloud.browserstack.com/wd/hub/session/f2a745a73021f465498297146c9258dc42b45f37/timeouts'
12:02:27.394 [Forwarding setTimeout on session f2a745a73021f465498297146c9258dc42b45f37 to remote] DEBUG org.asynchttpclient.netty.request.NettyRequestSender - Using open Channel [id: 0x4570a0cd, L:/172.17.19.76:57260 - R:hub-cloud.browserstack.com/173.234.104.3:80] for POST '/wd/hub/session/f2a745a73021f465498297146c9258dc42b45f37/timeouts'
12:02:27.739 [AsyncHttpClient-1-4] DEBUG org.asynchttpclient.netty.handler.HttpHandler - 

Request DefaultHttpRequest(decodeResult: success, version: HTTP/1.1)
POST /wd/hub/session/f2a745a73021f465498297146c9258dc42b45f37/timeouts HTTP/1.1
User-Agent: selenium/4.1.3 (java windows)
traceparent: 00-2a5915fd13c55559b82b723b86138c27-04898e1191ba3c76-01
Content-Length: 19
Content-Type: application/json; charset=utf-8
host: hub-cloud.browserstack.com
authorization: Basic bmd1eW5hbmhkbmdfUUNySERrOm1OVG50OWJnenhBcWJBRVZ3aDZZ
accept: */*

Response DefaultHttpResponse(decodeResult: success, version: HTTP/1.1)
HTTP/1.1 200 OK
Server: nginx
Date: Mon, 09 May 2022 05:02:27 GMT
Content-Type: application/json;charset=utf-8
Connection: keep-alive
Source-From: 02
expires: Thu, 01 Jan 1970 00:00:00 GMT
cache-control: no-cache, no-cache
temp-header: 2027-2500105051-1-1652072547.507-rproxy-core-002-dcp-apse2a-prod.browserstack.com
content-length: 14

12:02:27.740 [AsyncHttpClient-1-4] DEBUG org.asynchttpclient.netty.channel.ChannelManager - Adding key: http://hub-cloud.browserstack.com:80 for channel [id: 0x4570a0cd, L:/172.17.19.76:57260 - R:hub-cloud.browserstack.com/173.234.104.3:80]
12:02:27.744 [Forwarding findElement on session f2a745a73021f465498297146c9258dc42b45f37 to remote] DEBUG org.asynchttpclient.netty.request.NettyRequestSender - Using pooled Channel '[id: 0x4570a0cd, L:/172.17.19.76:57260 - R:hub-cloud.browserstack.com/173.234.104.3:80]' for 'POST' to 'http://nguynanhdng_QCrHDk:mNTnt9bgzxAqbAEVwh6Y@hub-cloud.browserstack.com/wd/hub/session/f2a745a73021f465498297146c9258dc42b45f37/element'
12:02:27.744 [Forwarding findElement on session f2a745a73021f465498297146c9258dc42b45f37 to remote] DEBUG org.asynchttpclient.netty.request.NettyRequestSender - Using open Channel [id: 0x4570a0cd, L:/172.17.19.76:57260 - R:hub-cloud.browserstack.com/173.234.104.3:80] for POST '/wd/hub/session/f2a745a73021f465498297146c9258dc42b45f37/element'
12:02:28.074 [AsyncHttpClient-1-4] DEBUG org.asynchttpclient.netty.handler.HttpHandler - 

Request DefaultHttpRequest(decodeResult: success, version: HTTP/1.1)
POST /wd/hub/session/f2a745a73021f465498297146c9258dc42b45f37/element HTTP/1.1
User-Agent: selenium/4.1.3 (java windows)
traceparent: 00-f25159ecea633ac0ceee8e57cea542ed-b606dc8dd17d40ba-01
Content-Length: 66
Content-Type: application/json; charset=utf-8
host: hub-cloud.browserstack.com
authorization: Basic bmd1eW5hbmhkbmdfUUNySERrOm1OVG50OWJnenhBcWJBRVZ3aDZZ
accept: */*

Response DefaultHttpResponse(decodeResult: success, version: HTTP/1.1)
HTTP/1.1 200 OK
Server: nginx
Date: Mon, 09 May 2022 05:02:27 GMT
Content-Type: application/json;charset=utf-8
Connection: keep-alive
Source-From: 02
expires: Thu, 01 Jan 1970 00:00:00 GMT
cache-control: no-cache, no-cache
temp-header: 2028-2500105201-1-1652072547.896-rproxy-core-002-dcp-apse2a-prod.browserstack.com
content-length: 88

12:02:28.074 [AsyncHttpClient-1-4] DEBUG org.asynchttpclient.netty.channel.ChannelManager - Adding key: http://hub-cloud.browserstack.com:80 for channel [id: 0x4570a0cd, L:/172.17.19.76:57260 - R:hub-cloud.browserstack.com/173.234.104.3:80]
12:02:28.076 [Forwarding setTimeout on session f2a745a73021f465498297146c9258dc42b45f37 to remote] DEBUG org.asynchttpclient.netty.request.NettyRequestSender - Using pooled Channel '[id: 0x4570a0cd, L:/172.17.19.76:57260 - R:hub-cloud.browserstack.com/173.234.104.3:80]' for 'POST' to 'http://nguynanhdng_QCrHDk:mNTnt9bgzxAqbAEVwh6Y@hub-cloud.browserstack.com/wd/hub/session/f2a745a73021f465498297146c9258dc42b45f37/timeouts'
12:02:28.076 [Forwarding setTimeout on session f2a745a73021f465498297146c9258dc42b45f37 to remote] DEBUG org.asynchttpclient.netty.request.NettyRequestSender - Using open Channel [id: 0x4570a0cd, L:/172.17.19.76:57260 - R:hub-cloud.browserstack.com/173.234.104.3:80] for POST '/wd/hub/session/f2a745a73021f465498297146c9258dc42b45f37/timeouts'
12:02:28.384 [AsyncHttpClient-1-4] DEBUG org.asynchttpclient.netty.handler.HttpHandler - 

Request DefaultHttpRequest(decodeResult: success, version: HTTP/1.1)
POST /wd/hub/session/f2a745a73021f465498297146c9258dc42b45f37/timeouts HTTP/1.1
User-Agent: selenium/4.1.3 (java windows)
traceparent: 00-e44978a490779ede81374247ccfab2fc-a2ab91f9c02a7dcf-01
Content-Length: 22
Content-Type: application/json; charset=utf-8
host: hub-cloud.browserstack.com
authorization: Basic bmd1eW5hbmhkbmdfUUNySERrOm1OVG50OWJnenhBcWJBRVZ3aDZZ
accept: */*

Response DefaultHttpResponse(decodeResult: success, version: HTTP/1.1)
HTTP/1.1 200 OK
Server: nginx
Date: Mon, 09 May 2022 05:02:28 GMT
Content-Type: application/json;charset=utf-8
Connection: keep-alive
Source-From: 02
expires: Thu, 01 Jan 1970 00:00:00 GMT
cache-control: no-cache, no-cache
temp-header: 2031-2500105317-1-1652072548.207-rproxy-core-002-dcp-apse2a-prod.browserstack.com
content-length: 14

12:02:28.385 [AsyncHttpClient-1-4] DEBUG org.asynchttpclient.netty.channel.ChannelManager - Adding key: http://hub-cloud.browserstack.com:80 for channel [id: 0x4570a0cd, L:/172.17.19.76:57260 - R:hub-cloud.browserstack.com/173.234.104.3:80]
12:02:28.393 [Forwarding isElementDisplayed on session f2a745a73021f465498297146c9258dc42b45f37 to remote] DEBUG org.asynchttpclient.netty.request.NettyRequestSender - Using pooled Channel '[id: 0x4570a0cd, L:/172.17.19.76:57260 - R:hub-cloud.browserstack.com/173.234.104.3:80]' for 'POST' to 'http://nguynanhdng_QCrHDk:mNTnt9bgzxAqbAEVwh6Y@hub-cloud.browserstack.com/wd/hub/session/f2a745a73021f465498297146c9258dc42b45f37/execute/sync'
12:02:28.394 [Forwarding isElementDisplayed on session f2a745a73021f465498297146c9258dc42b45f37 to remote] DEBUG org.asynchttpclient.netty.request.NettyRequestSender - Using open Channel [id: 0x4570a0cd, L:/172.17.19.76:57260 - R:hub-cloud.browserstack.com/173.234.104.3:80] for POST '/wd/hub/session/f2a745a73021f465498297146c9258dc42b45f37/execute/sync'
12:02:28.703 [AsyncHttpClient-1-4] DEBUG org.asynchttpclient.netty.handler.HttpHandler - 

Request DefaultHttpRequest(decodeResult: success, version: HTTP/1.1)
POST /wd/hub/session/f2a745a73021f465498297146c9258dc42b45f37/execute/sync HTTP/1.1
User-Agent: selenium/4.1.3 (java windows)
traceparent: 00-c1372e2b60edc81f7e7865556c186120-0ac3c4da6b995b44-01
Content-Length: 48780
Content-Type: application/json; charset=utf-8
host: hub-cloud.browserstack.com
authorization: Basic bmd1eW5hbmhkbmdfUUNySERrOm1OVG50OWJnenhBcWJBRVZ3aDZZ
accept: */*

Response DefaultHttpResponse(decodeResult: success, version: HTTP/1.1)
HTTP/1.1 200 OK
Server: nginx
Date: Mon, 09 May 2022 05:02:28 GMT
Content-Type: application/json;charset=utf-8
Connection: keep-alive
Source-From: 02
expires: Thu, 01 Jan 1970 00:00:00 GMT
cache-control: no-cache, no-cache
temp-header: 2025-2500105419-1-1652072548.520-rproxy-core-002-dcp-apse2a-prod.browserstack.com
content-length: 14

12:02:28.704 [AsyncHttpClient-1-4] DEBUG org.asynchttpclient.netty.channel.ChannelManager - Adding key: http://hub-cloud.browserstack.com:80 for channel [id: 0x4570a0cd, L:/172.17.19.76:57260 - R:hub-cloud.browserstack.com/173.234.104.3:80]
12:02:28.710 [Forwarding clearElement on session f2a745a73021f465498297146c9258dc42b45f37 to remote] DEBUG org.asynchttpclient.netty.request.NettyRequestSender - Using pooled Channel '[id: 0x4570a0cd, L:/172.17.19.76:57260 - R:hub-cloud.browserstack.com/173.234.104.3:80]' for 'POST' to 'http://nguynanhdng_QCrHDk:mNTnt9bgzxAqbAEVwh6Y@hub-cloud.browserstack.com/wd/hub/session/f2a745a73021f465498297146c9258dc42b45f37/element/03779f2a-5fbb-4955-b832-20c1bb2f07a2/clear'
12:02:28.710 [Forwarding clearElement on session f2a745a73021f465498297146c9258dc42b45f37 to remote] DEBUG org.asynchttpclient.netty.request.NettyRequestSender - Using open Channel [id: 0x4570a0cd, L:/172.17.19.76:57260 - R:hub-cloud.browserstack.com/173.234.104.3:80] for POST '/wd/hub/session/f2a745a73021f465498297146c9258dc42b45f37/element/03779f2a-5fbb-4955-b832-20c1bb2f07a2/clear'
12:02:29.027 [AsyncHttpClient-1-4] DEBUG org.asynchttpclient.netty.handler.HttpHandler - 

Request DefaultHttpRequest(decodeResult: success, version: HTTP/1.1)
POST /wd/hub/session/f2a745a73021f465498297146c9258dc42b45f37/element/03779f2a-5fbb-4955-b832-20c1bb2f07a2/clear HTTP/1.1
User-Agent: selenium/4.1.3 (java windows)
traceparent: 00-c1aeff6e5a19a7acbe635f1526fc57de-2b4036e4235e1ff1-01
Content-Length: 50
Content-Type: application/json; charset=utf-8
host: hub-cloud.browserstack.com
authorization: Basic bmd1eW5hbmhkbmdfUUNySERrOm1OVG50OWJnenhBcWJBRVZ3aDZZ
accept: */*

Response DefaultHttpResponse(decodeResult: success, version: HTTP/1.1)
HTTP/1.1 200 OK
Server: nginx
Date: Mon, 09 May 2022 05:02:28 GMT
Content-Type: application/json;charset=utf-8
Connection: keep-alive
Source-From: 02
expires: Thu, 01 Jan 1970 00:00:00 GMT
cache-control: no-cache, no-cache
temp-header: 2033-2500105523-1-1652072548.851-rproxy-core-002-dcp-apse2a-prod.browserstack.com
content-length: 14

12:02:29.028 [AsyncHttpClient-1-4] DEBUG org.asynchttpclient.netty.channel.ChannelManager - Adding key: http://hub-cloud.browserstack.com:80 for channel [id: 0x4570a0cd, L:/172.17.19.76:57260 - R:hub-cloud.browserstack.com/173.234.104.3:80]
12:02:29.031 [Forwarding sendKeysToElement on session f2a745a73021f465498297146c9258dc42b45f37 to remote] DEBUG org.asynchttpclient.netty.request.NettyRequestSender - Using pooled Channel '[id: 0x4570a0cd, L:/172.17.19.76:57260 - R:hub-cloud.browserstack.com/173.234.104.3:80]' for 'POST' to 'http://nguynanhdng_QCrHDk:mNTnt9bgzxAqbAEVwh6Y@hub-cloud.browserstack.com/wd/hub/session/f2a745a73021f465498297146c9258dc42b45f37/element/03779f2a-5fbb-4955-b832-20c1bb2f07a2/value'
12:02:29.032 [Forwarding sendKeysToElement on session f2a745a73021f465498297146c9258dc42b45f37 to remote] DEBUG org.asynchttpclient.netty.request.NettyRequestSender - Using open Channel [id: 0x4570a0cd, L:/172.17.19.76:57260 - R:hub-cloud.browserstack.com/173.234.104.3:80] for POST '/wd/hub/session/f2a745a73021f465498297146c9258dc42b45f37/element/03779f2a-5fbb-4955-b832-20c1bb2f07a2/value'
12:02:29.593 [AsyncHttpClient-1-4] DEBUG org.asynchttpclient.netty.handler.HttpHandler - 

Request DefaultHttpRequest(decodeResult: success, version: HTTP/1.1)
POST /wd/hub/session/f2a745a73021f465498297146c9258dc42b45f37/element/03779f2a-5fbb-4955-b832-20c1bb2f07a2/value HTTP/1.1
User-Agent: selenium/4.1.3 (java windows)
traceparent: 00-f26a45acc4c6aab3613aacf383f7e60c-369b72547de53a41-01
Content-Length: 181
Content-Type: application/json; charset=utf-8
host: hub-cloud.browserstack.com
authorization: Basic bmd1eW5hbmhkbmdfUUNySERrOm1OVG50OWJnenhBcWJBRVZ3aDZZ
accept: */*

Response DefaultHttpResponse(decodeResult: success, version: HTTP/1.1)
HTTP/1.1 200 OK
Server: nginx
Date: Mon, 09 May 2022 05:02:29 GMT
Content-Type: application/json;charset=utf-8
Connection: keep-alive
Source-From: 02
expires: Thu, 01 Jan 1970 00:00:00 GMT
cache-control: no-cache, no-cache
temp-header: 3698-5157112469-1-1652072549.277-rproxy-core-001-dcp-apse2a-prod.browserstack.com
content-length: 14

12:02:29.594 [AsyncHttpClient-1-4] DEBUG org.asynchttpclient.netty.channel.ChannelManager - Adding key: http://hub-cloud.browserstack.com:80 for channel [id: 0x4570a0cd, L:/172.17.19.76:57260 - R:hub-cloud.browserstack.com/173.234.104.3:80]
12:02:29.605 [Forwarding setTimeout on session f2a745a73021f465498297146c9258dc42b45f37 to remote] DEBUG org.asynchttpclient.netty.request.NettyRequestSender - Using pooled Channel '[id: 0x4570a0cd, L:/172.17.19.76:57260 - R:hub-cloud.browserstack.com/173.234.104.3:80]' for 'POST' to 'http://nguynanhdng_QCrHDk:mNTnt9bgzxAqbAEVwh6Y@hub-cloud.browserstack.com/wd/hub/session/f2a745a73021f465498297146c9258dc42b45f37/timeouts'
12:02:29.605 [Forwarding setTimeout on session f2a745a73021f465498297146c9258dc42b45f37 to remote] DEBUG org.asynchttpclient.netty.request.NettyRequestSender - Using open Channel [id: 0x4570a0cd, L:/172.17.19.76:57260 - R:hub-cloud.browserstack.com/173.234.104.3:80] for POST '/wd/hub/session/f2a745a73021f465498297146c9258dc42b45f37/timeouts'
12:02:29.903 [AsyncHttpClient-1-4] DEBUG org.asynchttpclient.netty.handler.HttpHandler - 

Request DefaultHttpRequest(decodeResult: success, version: HTTP/1.1)
POST /wd/hub/session/f2a745a73021f465498297146c9258dc42b45f37/timeouts HTTP/1.1
User-Agent: selenium/4.1.3 (java windows)
traceparent: 00-cefededb77b6ac7ff31532119c01a751-33661d7a1a31c166-01
Content-Length: 19
Content-Type: application/json; charset=utf-8
host: hub-cloud.browserstack.com
authorization: Basic bmd1eW5hbmhkbmdfUUNySERrOm1OVG50OWJnenhBcWJBRVZ3aDZZ
accept: */*

Response DefaultHttpResponse(decodeResult: success, version: HTTP/1.1)
HTTP/1.1 200 OK
Server: nginx
Date: Mon, 09 May 2022 05:02:29 GMT
Content-Type: application/json;charset=utf-8
Connection: keep-alive
Source-From: 02
expires: Thu, 01 Jan 1970 00:00:00 GMT
cache-control: no-cache, no-cache
temp-header: 2030-2500105783-1-1652072549.710-rproxy-core-002-dcp-apse2a-prod.browserstack.com
content-length: 14

12:02:29.903 [AsyncHttpClient-1-4] DEBUG org.asynchttpclient.netty.channel.ChannelManager - Adding key: http://hub-cloud.browserstack.com:80 for channel [id: 0x4570a0cd, L:/172.17.19.76:57260 - R:hub-cloud.browserstack.com/173.234.104.3:80]
12:02:29.908 [Forwarding findElement on session f2a745a73021f465498297146c9258dc42b45f37 to remote] DEBUG org.asynchttpclient.netty.request.NettyRequestSender - Using pooled Channel '[id: 0x4570a0cd, L:/172.17.19.76:57260 - R:hub-cloud.browserstack.com/173.234.104.3:80]' for 'POST' to 'http://nguynanhdng_QCrHDk:mNTnt9bgzxAqbAEVwh6Y@hub-cloud.browserstack.com/wd/hub/session/f2a745a73021f465498297146c9258dc42b45f37/element'
12:02:29.909 [Forwarding findElement on session f2a745a73021f465498297146c9258dc42b45f37 to remote] DEBUG org.asynchttpclient.netty.request.NettyRequestSender - Using open Channel [id: 0x4570a0cd, L:/172.17.19.76:57260 - R:hub-cloud.browserstack.com/173.234.104.3:80] for POST '/wd/hub/session/f2a745a73021f465498297146c9258dc42b45f37/element'
12:02:30.188 [AsyncHttpClient-1-4] DEBUG org.asynchttpclient.netty.handler.HttpHandler - 

Request DefaultHttpRequest(decodeResult: success, version: HTTP/1.1)
POST /wd/hub/session/f2a745a73021f465498297146c9258dc42b45f37/element HTTP/1.1
User-Agent: selenium/4.1.3 (java windows)
traceparent: 00-d7eab55e05308944fa7bec8dc7f3aa7f-f51d1a797488e95c-01
Content-Length: 64
Content-Type: application/json; charset=utf-8
host: hub-cloud.browserstack.com
authorization: Basic bmd1eW5hbmhkbmdfUUNySERrOm1OVG50OWJnenhBcWJBRVZ3aDZZ
accept: */*

Response DefaultHttpResponse(decodeResult: success, version: HTTP/1.1)
HTTP/1.1 200 OK
Server: nginx
Date: Mon, 09 May 2022 05:02:30 GMT
Content-Type: application/json;charset=utf-8
Connection: keep-alive
Source-From: 02
expires: Thu, 01 Jan 1970 00:00:00 GMT
cache-control: no-cache, no-cache
temp-header: 3689-5157112671-1-1652072550.008-rproxy-core-001-dcp-apse2a-prod.browserstack.com
content-length: 88

12:02:30.189 [AsyncHttpClient-1-4] DEBUG org.asynchttpclient.netty.channel.ChannelManager - Adding key: http://hub-cloud.browserstack.com:80 for channel [id: 0x4570a0cd, L:/172.17.19.76:57260 - R:hub-cloud.browserstack.com/173.234.104.3:80]
12:02:30.192 [Forwarding setTimeout on session f2a745a73021f465498297146c9258dc42b45f37 to remote] DEBUG org.asynchttpclient.netty.request.NettyRequestSender - Using pooled Channel '[id: 0x4570a0cd, L:/172.17.19.76:57260 - R:hub-cloud.browserstack.com/173.234.104.3:80]' for 'POST' to 'http://nguynanhdng_QCrHDk:mNTnt9bgzxAqbAEVwh6Y@hub-cloud.browserstack.com/wd/hub/session/f2a745a73021f465498297146c9258dc42b45f37/timeouts'
12:02:30.192 [Forwarding setTimeout on session f2a745a73021f465498297146c9258dc42b45f37 to remote] DEBUG org.asynchttpclient.netty.request.NettyRequestSender - Using open Channel [id: 0x4570a0cd, L:/172.17.19.76:57260 - R:hub-cloud.browserstack.com/173.234.104.3:80] for POST '/wd/hub/session/f2a745a73021f465498297146c9258dc42b45f37/timeouts'
12:02:30.508 [AsyncHttpClient-1-4] DEBUG org.asynchttpclient.netty.handler.HttpHandler - 

Request DefaultHttpRequest(decodeResult: success, version: HTTP/1.1)
POST /wd/hub/session/f2a745a73021f465498297146c9258dc42b45f37/timeouts HTTP/1.1
User-Agent: selenium/4.1.3 (java windows)
traceparent: 00-c0481fc6ef3308353783cc0d99b467e0-e2cf735742b59a39-01
Content-Length: 22
Content-Type: application/json; charset=utf-8
host: hub-cloud.browserstack.com
authorization: Basic bmd1eW5hbmhkbmdfUUNySERrOm1OVG50OWJnenhBcWJBRVZ3aDZZ
accept: */*

Response DefaultHttpResponse(decodeResult: success, version: HTTP/1.1)
HTTP/1.1 200 OK
Server: nginx
Date: Mon, 09 May 2022 05:02:30 GMT
Content-Type: application/json;charset=utf-8
Connection: keep-alive
Source-From: 02
expires: Thu, 01 Jan 1970 00:00:00 GMT
cache-control: no-cache, no-cache
temp-header: 2023-2500105918-1-1652072550.287-rproxy-core-002-dcp-apse2a-prod.browserstack.com
content-length: 14

12:02:30.508 [AsyncHttpClient-1-4] DEBUG org.asynchttpclient.netty.channel.ChannelManager - Adding key: http://hub-cloud.browserstack.com:80 for channel [id: 0x4570a0cd, L:/172.17.19.76:57260 - R:hub-cloud.browserstack.com/173.234.104.3:80]
12:02:30.512 [Forwarding isElementDisplayed on session f2a745a73021f465498297146c9258dc42b45f37 to remote] DEBUG org.asynchttpclient.netty.request.NettyRequestSender - Using pooled Channel '[id: 0x4570a0cd, L:/172.17.19.76:57260 - R:hub-cloud.browserstack.com/173.234.104.3:80]' for 'POST' to 'http://nguynanhdng_QCrHDk:mNTnt9bgzxAqbAEVwh6Y@hub-cloud.browserstack.com/wd/hub/session/f2a745a73021f465498297146c9258dc42b45f37/execute/sync'
12:02:30.512 [Forwarding isElementDisplayed on session f2a745a73021f465498297146c9258dc42b45f37 to remote] DEBUG org.asynchttpclient.netty.request.NettyRequestSender - Using open Channel [id: 0x4570a0cd, L:/172.17.19.76:57260 - R:hub-cloud.browserstack.com/173.234.104.3:80] for POST '/wd/hub/session/f2a745a73021f465498297146c9258dc42b45f37/execute/sync'
12:02:30.842 [AsyncHttpClient-1-4] DEBUG org.asynchttpclient.netty.handler.HttpHandler - 

Request DefaultHttpRequest(decodeResult: success, version: HTTP/1.1)
POST /wd/hub/session/f2a745a73021f465498297146c9258dc42b45f37/execute/sync HTTP/1.1
User-Agent: selenium/4.1.3 (java windows)
traceparent: 00-e9809a815daaf3f7fca80e6f16cd6f2f-cc9a5dd78a23a299-01
Content-Length: 48780
Content-Type: application/json; charset=utf-8
host: hub-cloud.browserstack.com
authorization: Basic bmd1eW5hbmhkbmdfUUNySERrOm1OVG50OWJnenhBcWJBRVZ3aDZZ
accept: */*

Response DefaultHttpResponse(decodeResult: success, version: HTTP/1.1)
HTTP/1.1 200 OK
Server: nginx
Date: Mon, 09 May 2022 05:02:30 GMT
Content-Type: application/json;charset=utf-8
Connection: keep-alive
Source-From: 02
expires: Thu, 01 Jan 1970 00:00:00 GMT
cache-control: no-cache, no-cache
temp-header: 3693-5157112809-1-1652072550.620-rproxy-core-001-dcp-apse2a-prod.browserstack.com
content-length: 14

12:02:30.842 [AsyncHttpClient-1-4] DEBUG org.asynchttpclient.netty.channel.ChannelManager - Adding key: http://hub-cloud.browserstack.com:80 for channel [id: 0x4570a0cd, L:/172.17.19.76:57260 - R:hub-cloud.browserstack.com/173.234.104.3:80]
12:02:30.846 [Forwarding getElementTagName on session f2a745a73021f465498297146c9258dc42b45f37 to remote] DEBUG org.asynchttpclient.netty.request.NettyRequestSender - Using pooled Channel '[id: 0x4570a0cd, L:/172.17.19.76:57260 - R:hub-cloud.browserstack.com/173.234.104.3:80]' for 'GET' to 'http://nguynanhdng_QCrHDk:mNTnt9bgzxAqbAEVwh6Y@hub-cloud.browserstack.com/wd/hub/session/f2a745a73021f465498297146c9258dc42b45f37/element/ac490d43-fc76-4f93-a36b-8ec8e50f8d04/name'
12:02:30.846 [Forwarding getElementTagName on session f2a745a73021f465498297146c9258dc42b45f37 to remote] DEBUG org.asynchttpclient.netty.request.NettyRequestSender - Using open Channel [id: 0x4570a0cd, L:/172.17.19.76:57260 - R:hub-cloud.browserstack.com/173.234.104.3:80] for GET '/wd/hub/session/f2a745a73021f465498297146c9258dc42b45f37/element/ac490d43-fc76-4f93-a36b-8ec8e50f8d04/name'
12:02:31.206 [AsyncHttpClient-1-4] DEBUG org.asynchttpclient.netty.handler.HttpHandler - 

Request DefaultFullHttpRequest(decodeResult: success, version: HTTP/1.1, content: EmptyByteBufBE)
GET /wd/hub/session/f2a745a73021f465498297146c9258dc42b45f37/element/ac490d43-fc76-4f93-a36b-8ec8e50f8d04/name HTTP/1.1
User-Agent: selenium/4.1.3 (java windows)
Cache-Control: no-cache
traceparent: 00-7964d993f6ec30c017777c8011867402-6ffa69ec15afeb66-01
Content-Type: application/json; charset=utf-8
host: hub-cloud.browserstack.com
authorization: Basic bmd1eW5hbmhkbmdfUUNySERrOm1OVG50OWJnenhBcWJBRVZ3aDZZ
accept: */*

Response DefaultHttpResponse(decodeResult: success, version: HTTP/1.1)
HTTP/1.1 200 OK
Server: nginx
Date: Mon, 09 May 2022 05:02:30 GMT
Content-Type: application/json;charset=utf-8
Connection: keep-alive
Source-From: 02
expires: Thu, 01 Jan 1970 00:00:00 GMT
cache-control: no-cache, no-cache
temp-header: 2024-2500106085-1-1652072550.947-rproxy-core-002-dcp-apse2a-prod.browserstack.com
content-length: 17

12:02:31.206 [AsyncHttpClient-1-4] DEBUG org.asynchttpclient.netty.channel.ChannelManager - Adding key: http://hub-cloud.browserstack.com:80 for channel [id: 0x4570a0cd, L:/172.17.19.76:57260 - R:hub-cloud.browserstack.com/173.234.104.3:80]
12:02:31.208 [Forwarding getElementTagName on session f2a745a73021f465498297146c9258dc42b45f37 to remote] DEBUG org.asynchttpclient.netty.request.NettyRequestSender - Using pooled Channel '[id: 0x4570a0cd, L:/172.17.19.76:57260 - R:hub-cloud.browserstack.com/173.234.104.3:80]' for 'GET' to 'http://nguynanhdng_QCrHDk:mNTnt9bgzxAqbAEVwh6Y@hub-cloud.browserstack.com/wd/hub/session/f2a745a73021f465498297146c9258dc42b45f37/element/ac490d43-fc76-4f93-a36b-8ec8e50f8d04/name'
12:02:31.208 [Forwarding getElementTagName on session f2a745a73021f465498297146c9258dc42b45f37 to remote] DEBUG org.asynchttpclient.netty.request.NettyRequestSender - Using open Channel [id: 0x4570a0cd, L:/172.17.19.76:57260 - R:hub-cloud.browserstack.com/173.234.104.3:80] for GET '/wd/hub/session/f2a745a73021f465498297146c9258dc42b45f37/element/ac490d43-fc76-4f93-a36b-8ec8e50f8d04/name'
12:02:31.544 [AsyncHttpClient-1-4] DEBUG org.asynchttpclient.netty.handler.HttpHandler - 

Request DefaultFullHttpRequest(decodeResult: success, version: HTTP/1.1, content: EmptyByteBufBE)
GET /wd/hub/session/f2a745a73021f465498297146c9258dc42b45f37/element/ac490d43-fc76-4f93-a36b-8ec8e50f8d04/name HTTP/1.1
User-Agent: selenium/4.1.3 (java windows)
Cache-Control: no-cache
traceparent: 00-f3e8d44580b9bc66e6c0e45a39576de9-a71aca22e962a11e-01
Content-Type: application/json; charset=utf-8
host: hub-cloud.browserstack.com
authorization: Basic bmd1eW5hbmhkbmdfUUNySERrOm1OVG50OWJnenhBcWJBRVZ3aDZZ
accept: */*

Response DefaultHttpResponse(decodeResult: success, version: HTTP/1.1)
HTTP/1.1 200 OK
Server: nginx
Date: Mon, 09 May 2022 05:02:31 GMT
Content-Type: application/json;charset=utf-8
Connection: keep-alive
Source-From: 02
expires: Thu, 01 Jan 1970 00:00:00 GMT
cache-control: no-cache, no-cache
temp-header: 2028-2500106165-1-1652072551.321-rproxy-core-002-dcp-apse2a-prod.browserstack.com
content-length: 17

12:02:31.544 [AsyncHttpClient-1-4] DEBUG org.asynchttpclient.netty.channel.ChannelManager - Adding key: http://hub-cloud.browserstack.com:80 for channel [id: 0x4570a0cd, L:/172.17.19.76:57260 - R:hub-cloud.browserstack.com/173.234.104.3:80]
12:02:31.548 [Forwarding isElementEnabled on session f2a745a73021f465498297146c9258dc42b45f37 to remote] DEBUG org.asynchttpclient.netty.request.NettyRequestSender - Using pooled Channel '[id: 0x4570a0cd, L:/172.17.19.76:57260 - R:hub-cloud.browserstack.com/173.234.104.3:80]' for 'GET' to 'http://nguynanhdng_QCrHDk:mNTnt9bgzxAqbAEVwh6Y@hub-cloud.browserstack.com/wd/hub/session/f2a745a73021f465498297146c9258dc42b45f37/element/ac490d43-fc76-4f93-a36b-8ec8e50f8d04/enabled'
12:02:31.548 [Forwarding isElementEnabled on session f2a745a73021f465498297146c9258dc42b45f37 to remote] DEBUG org.asynchttpclient.netty.request.NettyRequestSender - Using open Channel [id: 0x4570a0cd, L:/172.17.19.76:57260 - R:hub-cloud.browserstack.com/173.234.104.3:80] for GET '/wd/hub/session/f2a745a73021f465498297146c9258dc42b45f37/element/ac490d43-fc76-4f93-a36b-8ec8e50f8d04/enabled'
12:02:31.840 [AsyncHttpClient-1-4] DEBUG org.asynchttpclient.netty.handler.HttpHandler - 

Request DefaultFullHttpRequest(decodeResult: success, version: HTTP/1.1, content: EmptyByteBufBE)
GET /wd/hub/session/f2a745a73021f465498297146c9258dc42b45f37/element/ac490d43-fc76-4f93-a36b-8ec8e50f8d04/enabled HTTP/1.1
User-Agent: selenium/4.1.3 (java windows)
Cache-Control: no-cache
traceparent: 00-a5c31fc1d8fd00484e5ea47f82d38b38-00567afe7dea4d95-01
Content-Type: application/json; charset=utf-8
host: hub-cloud.browserstack.com
authorization: Basic bmd1eW5hbmhkbmdfUUNySERrOm1OVG50OWJnenhBcWJBRVZ3aDZZ
accept: */*

Response DefaultHttpResponse(decodeResult: success, version: HTTP/1.1)
HTTP/1.1 200 OK
Server: nginx
Date: Mon, 09 May 2022 05:02:31 GMT
Content-Type: application/json;charset=utf-8
Connection: keep-alive
Source-From: 02
expires: Thu, 01 Jan 1970 00:00:00 GMT
cache-control: no-cache, no-cache
temp-header: 3699-5157113081-1-1652072551.660-rproxy-core-001-dcp-apse2a-prod.browserstack.com
content-length: 14

12:02:31.841 [AsyncHttpClient-1-4] DEBUG org.asynchttpclient.netty.channel.ChannelManager - Adding key: http://hub-cloud.browserstack.com:80 for channel [id: 0x4570a0cd, L:/172.17.19.76:57260 - R:hub-cloud.browserstack.com/173.234.104.3:80]
12:02:31.842 [Forwarding isElementEnabled on session f2a745a73021f465498297146c9258dc42b45f37 to remote] DEBUG org.asynchttpclient.netty.request.NettyRequestSender - Using pooled Channel '[id: 0x4570a0cd, L:/172.17.19.76:57260 - R:hub-cloud.browserstack.com/173.234.104.3:80]' for 'GET' to 'http://nguynanhdng_QCrHDk:mNTnt9bgzxAqbAEVwh6Y@hub-cloud.browserstack.com/wd/hub/session/f2a745a73021f465498297146c9258dc42b45f37/element/ac490d43-fc76-4f93-a36b-8ec8e50f8d04/enabled'
12:02:31.842 [Forwarding isElementEnabled on session f2a745a73021f465498297146c9258dc42b45f37 to remote] DEBUG org.asynchttpclient.netty.request.NettyRequestSender - Using open Channel [id: 0x4570a0cd, L:/172.17.19.76:57260 - R:hub-cloud.browserstack.com/173.234.104.3:80] for GET '/wd/hub/session/f2a745a73021f465498297146c9258dc42b45f37/element/ac490d43-fc76-4f93-a36b-8ec8e50f8d04/enabled'
12:02:32.152 [AsyncHttpClient-1-4] DEBUG org.asynchttpclient.netty.handler.HttpHandler - 

Request DefaultFullHttpRequest(decodeResult: success, version: HTTP/1.1, content: EmptyByteBufBE)
GET /wd/hub/session/f2a745a73021f465498297146c9258dc42b45f37/element/ac490d43-fc76-4f93-a36b-8ec8e50f8d04/enabled HTTP/1.1
User-Agent: selenium/4.1.3 (java windows)
Cache-Control: no-cache
traceparent: 00-9b95fde617dc6c697ab6968a9ca9a646-267287c27294e92d-01
Content-Type: application/json; charset=utf-8
host: hub-cloud.browserstack.com
authorization: Basic bmd1eW5hbmhkbmdfUUNySERrOm1OVG50OWJnenhBcWJBRVZ3aDZZ
accept: */*

Response DefaultHttpResponse(decodeResult: success, version: HTTP/1.1)
HTTP/1.1 200 OK
Server: nginx
Date: Mon, 09 May 2022 05:02:31 GMT
Content-Type: application/json;charset=utf-8
Connection: keep-alive
Source-From: 02
expires: Thu, 01 Jan 1970 00:00:00 GMT
cache-control: no-cache, no-cache
temp-header: 3696-5157113173-1-1652072551.945-rproxy-core-001-dcp-apse2a-prod.browserstack.com
content-length: 14

12:02:32.152 [AsyncHttpClient-1-4] DEBUG org.asynchttpclient.netty.channel.ChannelManager - Adding key: http://hub-cloud.browserstack.com:80 for channel [id: 0x4570a0cd, L:/172.17.19.76:57260 - R:hub-cloud.browserstack.com/173.234.104.3:80]
12:02:32.154 [Forwarding clickElement on session f2a745a73021f465498297146c9258dc42b45f37 to remote] DEBUG org.asynchttpclient.netty.request.NettyRequestSender - Using pooled Channel '[id: 0x4570a0cd, L:/172.17.19.76:57260 - R:hub-cloud.browserstack.com/173.234.104.3:80]' for 'POST' to 'http://nguynanhdng_QCrHDk:mNTnt9bgzxAqbAEVwh6Y@hub-cloud.browserstack.com/wd/hub/session/f2a745a73021f465498297146c9258dc42b45f37/element/ac490d43-fc76-4f93-a36b-8ec8e50f8d04/click'
12:02:32.154 [Forwarding clickElement on session f2a745a73021f465498297146c9258dc42b45f37 to remote] DEBUG org.asynchttpclient.netty.request.NettyRequestSender - Using open Channel [id: 0x4570a0cd, L:/172.17.19.76:57260 - R:hub-cloud.browserstack.com/173.234.104.3:80] for POST '/wd/hub/session/f2a745a73021f465498297146c9258dc42b45f37/element/ac490d43-fc76-4f93-a36b-8ec8e50f8d04/click'
12:02:33.384 [AsyncHttpClient-1-4] DEBUG org.asynchttpclient.netty.handler.HttpHandler - 

Request DefaultHttpRequest(decodeResult: success, version: HTTP/1.1)
POST /wd/hub/session/f2a745a73021f465498297146c9258dc42b45f37/element/ac490d43-fc76-4f93-a36b-8ec8e50f8d04/click HTTP/1.1
User-Agent: selenium/4.1.3 (java windows)
traceparent: 00-d7180e7306122af8775bba69ded39073-b3b16e55abf4416f-01
Content-Length: 50
Content-Type: application/json; charset=utf-8
host: hub-cloud.browserstack.com
authorization: Basic bmd1eW5hbmhkbmdfUUNySERrOm1OVG50OWJnenhBcWJBRVZ3aDZZ
accept: */*

Response DefaultHttpResponse(decodeResult: success, version: HTTP/1.1)
HTTP/1.1 200 OK
Server: nginx
Date: Mon, 09 May 2022 05:02:33 GMT
Content-Type: application/json;charset=utf-8
Connection: keep-alive
Source-From: 02
expires: Thu, 01 Jan 1970 00:00:00 GMT
cache-control: no-cache, no-cache
temp-header: 2032-2500106375-1-1652072553.208-rproxy-core-002-dcp-apse2a-prod.browserstack.com
content-length: 14

12:02:33.385 [AsyncHttpClient-1-4] DEBUG org.asynchttpclient.netty.channel.ChannelManager - Adding key: http://hub-cloud.browserstack.com:80 for channel [id: 0x4570a0cd, L:/172.17.19.76:57260 - R:hub-cloud.browserstack.com/173.234.104.3:80]
12:02:33.390 [main] DEBUG net.thucydides.core.steps.StepInterceptor - STEP DONE: login
  &amp#27;[32mGiven &amp#27;[0m&amp#27;[32mthe user enters the username &amp#27;[0m&amp#27;[32m&amp#27;[1mmngr3&amp#27;[0m&amp#27;[32m and password &amp#27;[0m&amp#27;[32m&amp#27;[1mmngr398793&amp#27;[0m &amp#27;[90m# cucumber.LoginStepDefs.the_user_enters_the_username_and_password(java.lang.String,java.lang.String)&amp#27;[0m
12:02:33.401 [main] DEBUG net.thucydides.core.steps.StepInterceptor - STARTING STEP: LoginStepDefs.the_error_message_user_is_not_valid_is_displayed - checkInvalid
12:02:33.402 [Forwarding getAlertText on session f2a745a73021f465498297146c9258dc42b45f37 to remote] DEBUG org.asynchttpclient.netty.request.NettyRequestSender - Using pooled Channel '[id: 0x4570a0cd, L:/172.17.19.76:57260 - R:hub-cloud.browserstack.com/173.234.104.3:80]' for 'GET' to 'http://nguynanhdng_QCrHDk:mNTnt9bgzxAqbAEVwh6Y@hub-cloud.browserstack.com/wd/hub/session/f2a745a73021f465498297146c9258dc42b45f37/alert/text'
12:02:33.402 [Forwarding getAlertText on session f2a745a73021f465498297146c9258dc42b45f37 to remote] DEBUG org.asynchttpclient.netty.request.NettyRequestSender - Using open Channel [id: 0x4570a0cd, L:/172.17.19.76:57260 - R:hub-cloud.browserstack.com/173.234.104.3:80] for GET '/wd/hub/session/f2a745a73021f465498297146c9258dc42b45f37/alert/text'
12:02:33.669 [AsyncHttpClient-1-4] DEBUG org.asynchttpclient.netty.handler.HttpHandler - 

Request DefaultFullHttpRequest(decodeResult: success, version: HTTP/1.1, content: EmptyByteBufBE)
GET /wd/hub/session/f2a745a73021f465498297146c9258dc42b45f37/alert/text HTTP/1.1
User-Agent: selenium/4.1.3 (java windows)
Cache-Control: no-cache
traceparent: 00-7b7ed9d1427edddd1f71ab47b9ba0bf7-d4435ce503d1cf40-01
Content-Type: application/json; charset=utf-8
host: hub-cloud.browserstack.com
authorization: Basic bmd1eW5hbmhkbmdfUUNySERrOm1OVG50OWJnenhBcWJBRVZ3aDZZ
accept: */*

Response DefaultHttpResponse(decodeResult: success, version: HTTP/1.1)
HTTP/1.1 200 OK
Server: nginx
Date: Mon, 09 May 2022 05:02:33 GMT
Content-Type: application/json;charset=utf-8
Connection: keep-alive
Source-From: 02
expires: Thu, 01 Jan 1970 00:00:00 GMT
cache-control: no-cache, no-cache
temp-header: 3697-5157113483-1-1652072553.489-rproxy-core-001-dcp-apse2a-prod.browserstack.com
content-length: 29

12:02:33.669 [AsyncHttpClient-1-4] DEBUG org.asynchttpclient.netty.channel.ChannelManager - Adding key: http://hub-cloud.browserstack.com:80 for channel [id: 0x4570a0cd, L:/172.17.19.76:57260 - R:hub-cloud.browserstack.com/173.234.104.3:80]
12:02:33.671 [Forwarding getAlertText on session f2a745a73021f465498297146c9258dc42b45f37 to remote] DEBUG org.asynchttpclient.netty.request.NettyRequestSender - Using pooled Channel '[id: 0x4570a0cd, L:/172.17.19.76:57260 - R:hub-cloud.browserstack.com/173.234.104.3:80]' for 'GET' to 'http://nguynanhdng_QCrHDk:mNTnt9bgzxAqbAEVwh6Y@hub-cloud.browserstack.com/wd/hub/session/f2a745a73021f465498297146c9258dc42b45f37/alert/text'
12:02:33.671 [Forwarding getAlertText on session f2a745a73021f465498297146c9258dc42b45f37 to remote] DEBUG org.asynchttpclient.netty.request.NettyRequestSender - Using open Channel [id: 0x4570a0cd, L:/172.17.19.76:57260 - R:hub-cloud.browserstack.com/173.234.104.3:80] for GET '/wd/hub/session/f2a745a73021f465498297146c9258dc42b45f37/alert/text'
12:02:34.094 [AsyncHttpClient-1-4] DEBUG org.asynchttpclient.netty.handler.HttpHandler - 

Request DefaultFullHttpRequest(decodeResult: success, version: HTTP/1.1, content: EmptyByteBufBE)
GET /wd/hub/session/f2a745a73021f465498297146c9258dc42b45f37/alert/text HTTP/1.1
User-Agent: selenium/4.1.3 (java windows)
Cache-Control: no-cache
traceparent: 00-627f7ae134de5343ad99542e3d411ee5-c8489f87596e1a77-01
Content-Type: application/json; charset=utf-8
host: hub-cloud.browserstack.com
authorization: Basic bmd1eW5hbmhkbmdfUUNySERrOm1OVG50OWJnenhBcWJBRVZ3aDZZ
accept: */*

Response DefaultHttpResponse(decodeResult: success, version: HTTP/1.1)
HTTP/1.1 200 OK
Server: nginx
Date: Mon, 09 May 2022 05:02:33 GMT
Content-Type: application/json;charset=utf-8
Connection: keep-alive
Source-From: 02
expires: Thu, 01 Jan 1970 00:00:00 GMT
cache-control: no-cache, no-cache
temp-header: 3691-5157113551-1-1652072553.788-rproxy-core-001-dcp-apse2a-prod.browserstack.com
content-length: 29

12:02:34.094 [AsyncHttpClient-1-4] DEBUG org.asynchttpclient.netty.channel.ChannelManager - Adding key: http://hub-cloud.browserstack.com:80 for channel [id: 0x4570a0cd, L:/172.17.19.76:57260 - R:hub-cloud.browserstack.com/173.234.104.3:80]
12:02:34.097 [Forwarding acceptAlert on session f2a745a73021f465498297146c9258dc42b45f37 to remote] DEBUG org.asynchttpclient.netty.request.NettyRequestSender - Using pooled Channel '[id: 0x4570a0cd, L:/172.17.19.76:57260 - R:hub-cloud.browserstack.com/173.234.104.3:80]' for 'POST' to 'http://nguynanhdng_QCrHDk:mNTnt9bgzxAqbAEVwh6Y@hub-cloud.browserstack.com/wd/hub/session/f2a745a73021f465498297146c9258dc42b45f37/alert/accept'
12:02:34.097 [Forwarding acceptAlert on session f2a745a73021f465498297146c9258dc42b45f37 to remote] DEBUG org.asynchttpclient.netty.request.NettyRequestSender - Using open Channel [id: 0x4570a0cd, L:/172.17.19.76:57260 - R:hub-cloud.browserstack.com/173.234.104.3:80] for POST '/wd/hub/session/f2a745a73021f465498297146c9258dc42b45f37/alert/accept'
12:02:34.429 [AsyncHttpClient-1-4] DEBUG org.asynchttpclient.netty.handler.HttpHandler - 

Request DefaultHttpRequest(decodeResult: success, version: HTTP/1.1)
POST /wd/hub/session/f2a745a73021f465498297146c9258dc42b45f37/alert/accept HTTP/1.1
User-Agent: selenium/4.1.3 (java windows)
traceparent: 00-6ab2549790087cebf256c10b3e85571d-b912f42f78117af3-01
Content-Length: 3
Content-Type: application/json; charset=utf-8
host: hub-cloud.browserstack.com
authorization: Basic bmd1eW5hbmhkbmdfUUNySERrOm1OVG50OWJnenhBcWJBRVZ3aDZZ
accept: */*

Response DefaultHttpResponse(decodeResult: success, version: HTTP/1.1)
HTTP/1.1 200 OK
Server: nginx
Date: Mon, 09 May 2022 05:02:34 GMT
Content-Type: application/json;charset=utf-8
Connection: keep-alive
Source-From: 02
expires: Thu, 01 Jan 1970 00:00:00 GMT
cache-control: no-cache, no-cache
temp-header: 2028-2500106871-1-1652072554.228-rproxy-core-002-dcp-apse2a-prod.browserstack.com
content-length: 14

12:02:34.429 [AsyncHttpClient-1-4] DEBUG org.asynchttpclient.netty.channel.ChannelManager - Adding key: http://hub-cloud.browserstack.com:80 for channel [id: 0x4570a0cd, L:/172.17.19.76:57260 - R:hub-cloud.browserstack.com/173.234.104.3:80]
12:02:34.433 [main] DEBUG net.thucydides.core.steps.StepInterceptor - STEP DONE: checkInvalid
  &amp#27;[32mThen &amp#27;[0m&amp#27;[32mthe error message &amp#27;[0m&amp#27;[32m&amp#27;[1m'User is not valid'&amp#27;[0m&amp#27;[32m is displayed&amp#27;[0m          &amp#27;[90m# cucumber.LoginStepDefs.the_error_message_user_is_not_valid_is_displayed(java.lang.String)&amp#27;[0m
]]></system-out>
  </testcase>
  <testcase name="user login unsuccessful #3" classname="user login to the page unsuccessful" time="16.753">
    <system-out><![CDATA[
@unit
Scenario Outline: user login unsuccessful                       &amp#27;[90m# src/test/resources/features.login/login_unsuccess.feature:11&amp#27;[0m
12:02:34.449 [main] INFO io.cucumber.core.plugin.SerenityReporter - Running feature from file:///D:/Pratice/serenity_homework/src/test/resources/features.login/login_unsuccess.feature
12:02:34.449 [main] WARN io.cucumber.core.plugin.SerenityReporter - Feature from file:///D:/Pratice/serenity_homework/src/test/resources/features.login/login_unsuccess.feature is not under the 'features' directory. Requirements report will not be correctly generated!
12:02:34.473 [main] DEBUG io.github.bonigarcia.wdm.cache.ResolutionCache - Resolution chrome=101 in cache (valid until 12:13:55 09/05/2022 ICT)
12:02:34.473 [main] DEBUG io.github.bonigarcia.wdm.cache.ResolutionCache - Resolution chrome101=101.0.4951.41 in cache (valid until 22:55:19 09/05/2022 ICT)
12:02:34.473 [main] INFO io.github.bonigarcia.wdm.WebDriverManager - Using chromedriver 101.0.4951.41 (resolved driver for Chrome 101)
12:02:34.479 [main] DEBUG io.github.bonigarcia.wdm.WebDriverManager - Driver chromedriver 101.0.4951.41 found in cache
12:02:34.479 [main] INFO io.github.bonigarcia.wdm.WebDriverManager - Exporting webdriver.chrome.driver as C:\Users\dung.nguyenanh\.cache\selenium\chromedriver\win32\101.0.4951.41\chromedriver.exe
12:02:34.481 [Forwarding get on session f2a745a73021f465498297146c9258dc42b45f37 to remote] DEBUG org.asynchttpclient.netty.request.NettyRequestSender - Using pooled Channel '[id: 0x4570a0cd, L:/172.17.19.76:57260 - R:hub-cloud.browserstack.com/173.234.104.3:80]' for 'POST' to 'http://nguynanhdng_QCrHDk:mNTnt9bgzxAqbAEVwh6Y@hub-cloud.browserstack.com/wd/hub/session/f2a745a73021f465498297146c9258dc42b45f37/url'
12:02:34.481 [Forwarding get on session f2a745a73021f465498297146c9258dc42b45f37 to remote] DEBUG org.asynchttpclient.netty.request.NettyRequestSender - Using open Channel [id: 0x4570a0cd, L:/172.17.19.76:57260 - R:hub-cloud.browserstack.com/173.234.104.3:80] for POST '/wd/hub/session/f2a745a73021f465498297146c9258dc42b45f37/url'
12:02:41.158 [AsyncHttpClient-1-4] DEBUG org.asynchttpclient.netty.handler.HttpHandler - 

Request DefaultHttpRequest(decodeResult: success, version: HTTP/1.1)
POST /wd/hub/session/f2a745a73021f465498297146c9258dc42b45f37/url HTTP/1.1
User-Agent: selenium/4.1.3 (java windows)
traceparent: 00-faf86e1caa03e237aa2d12d484f31027-e5e30dc496ae9cd8-01
Content-Length: 94
Content-Type: application/json; charset=utf-8
host: hub-cloud.browserstack.com
authorization: Basic bmd1eW5hbmhkbmdfUUNySERrOm1OVG50OWJnenhBcWJBRVZ3aDZZ
accept: */*

Response DefaultHttpResponse(decodeResult: success, version: HTTP/1.1)
HTTP/1.1 200 OK
Server: nginx
Date: Mon, 09 May 2022 05:02:40 GMT
Content-Type: application/json;charset=utf-8
Connection: keep-alive
Source-From: 02
expires: Thu, 01 Jan 1970 00:00:00 GMT
cache-control: no-cache, no-cache
temp-header: 2026-2500107804-1-1652072560.873-rproxy-core-002-dcp-apse2a-prod.browserstack.com
content-length: 14

12:02:41.158 [AsyncHttpClient-1-4] DEBUG org.asynchttpclient.netty.channel.ChannelManager - Adding key: http://hub-cloud.browserstack.com:80 for channel [id: 0x4570a0cd, L:/172.17.19.76:57260 - R:hub-cloud.browserstack.com/173.234.104.3:80]
12:02:41.161 [Forwarding getCurrentUrl on session f2a745a73021f465498297146c9258dc42b45f37 to remote] DEBUG org.asynchttpclient.netty.request.NettyRequestSender - Using pooled Channel '[id: 0x4570a0cd, L:/172.17.19.76:57260 - R:hub-cloud.browserstack.com/173.234.104.3:80]' for 'GET' to 'http://nguynanhdng_QCrHDk:mNTnt9bgzxAqbAEVwh6Y@hub-cloud.browserstack.com/wd/hub/session/f2a745a73021f465498297146c9258dc42b45f37/url'
12:02:41.162 [Forwarding getCurrentUrl on session f2a745a73021f465498297146c9258dc42b45f37 to remote] DEBUG org.asynchttpclient.netty.request.NettyRequestSender - Using open Channel [id: 0x4570a0cd, L:/172.17.19.76:57260 - R:hub-cloud.browserstack.com/173.234.104.3:80] for GET '/wd/hub/session/f2a745a73021f465498297146c9258dc42b45f37/url'
12:02:41.526 [AsyncHttpClient-1-4] DEBUG org.asynchttpclient.netty.handler.HttpHandler - 

Request DefaultFullHttpRequest(decodeResult: success, version: HTTP/1.1, content: EmptyByteBufBE)
GET /wd/hub/session/f2a745a73021f465498297146c9258dc42b45f37/url HTTP/1.1
User-Agent: selenium/4.1.3 (java windows)
Cache-Control: no-cache
traceparent: 00-5dc0656900ff4edcbd80c161db6004d8-7d9dd23eb50f1385-01
Content-Type: application/json; charset=utf-8
host: hub-cloud.browserstack.com
authorization: Basic bmd1eW5hbmhkbmdfUUNySERrOm1OVG50OWJnenhBcWJBRVZ3aDZZ
accept: */*

Response DefaultHttpResponse(decodeResult: success, version: HTTP/1.1)
HTTP/1.1 200 OK
Server: nginx
Date: Mon, 09 May 2022 05:02:41 GMT
Content-Type: application/json;charset=utf-8
Connection: keep-alive
Source-From: 02
expires: Thu, 01 Jan 1970 00:00:00 GMT
cache-control: no-cache, no-cache
temp-header: 3694-5157115586-1-1652072561.347-rproxy-core-001-dcp-apse2a-prod.browserstack.com
content-length: 61

12:02:41.526 [AsyncHttpClient-1-4] DEBUG org.asynchttpclient.netty.channel.ChannelManager - Adding key: http://hub-cloud.browserstack.com:80 for channel [id: 0x4570a0cd, L:/172.17.19.76:57260 - R:hub-cloud.browserstack.com/173.234.104.3:80]
12:02:41.529 [Forwarding getCurrentUrl on session f2a745a73021f465498297146c9258dc42b45f37 to remote] DEBUG org.asynchttpclient.netty.request.NettyRequestSender - Using pooled Channel '[id: 0x4570a0cd, L:/172.17.19.76:57260 - R:hub-cloud.browserstack.com/173.234.104.3:80]' for 'GET' to 'http://nguynanhdng_QCrHDk:mNTnt9bgzxAqbAEVwh6Y@hub-cloud.browserstack.com/wd/hub/session/f2a745a73021f465498297146c9258dc42b45f37/url'
12:02:41.529 [Forwarding getCurrentUrl on session f2a745a73021f465498297146c9258dc42b45f37 to remote] DEBUG org.asynchttpclient.netty.request.NettyRequestSender - Using open Channel [id: 0x4570a0cd, L:/172.17.19.76:57260 - R:hub-cloud.browserstack.com/173.234.104.3:80] for GET '/wd/hub/session/f2a745a73021f465498297146c9258dc42b45f37/url'
12:02:41.874 [AsyncHttpClient-1-4] DEBUG org.asynchttpclient.netty.handler.HttpHandler - 

Request DefaultFullHttpRequest(decodeResult: success, version: HTTP/1.1, content: EmptyByteBufBE)
GET /wd/hub/session/f2a745a73021f465498297146c9258dc42b45f37/url HTTP/1.1
User-Agent: selenium/4.1.3 (java windows)
Cache-Control: no-cache
traceparent: 00-254ee0a232d60cb1c211f0ff5a6f598d-e24ac9cfe5a009c9-01
Content-Type: application/json; charset=utf-8
host: hub-cloud.browserstack.com
authorization: Basic bmd1eW5hbmhkbmdfUUNySERrOm1OVG50OWJnenhBcWJBRVZ3aDZZ
accept: */*

Response DefaultHttpResponse(decodeResult: success, version: HTTP/1.1)
HTTP/1.1 200 OK
Server: nginx
Date: Mon, 09 May 2022 05:02:41 GMT
Content-Type: application/json;charset=utf-8
Connection: keep-alive
Source-From: 02
expires: Thu, 01 Jan 1970 00:00:00 GMT
cache-control: no-cache, no-cache
temp-header: 2029-2500108794-1-1652072561.660-rproxy-core-002-dcp-apse2a-prod.browserstack.com
content-length: 61

12:02:41.874 [AsyncHttpClient-1-4] DEBUG org.asynchttpclient.netty.channel.ChannelManager - Adding key: http://hub-cloud.browserstack.com:80 for channel [id: 0x4570a0cd, L:/172.17.19.76:57260 - R:hub-cloud.browserstack.com/173.234.104.3:80]
12:02:41.878 [Forwarding maximizeCurrentWindow on session f2a745a73021f465498297146c9258dc42b45f37 to remote] DEBUG org.asynchttpclient.netty.request.NettyRequestSender - Using pooled Channel '[id: 0x4570a0cd, L:/172.17.19.76:57260 - R:hub-cloud.browserstack.com/173.234.104.3:80]' for 'POST' to 'http://nguynanhdng_QCrHDk:mNTnt9bgzxAqbAEVwh6Y@hub-cloud.browserstack.com/wd/hub/session/f2a745a73021f465498297146c9258dc42b45f37/window/maximize'
12:02:41.878 [Forwarding maximizeCurrentWindow on session f2a745a73021f465498297146c9258dc42b45f37 to remote] DEBUG org.asynchttpclient.netty.request.NettyRequestSender - Using open Channel [id: 0x4570a0cd, L:/172.17.19.76:57260 - R:hub-cloud.browserstack.com/173.234.104.3:80] for POST '/wd/hub/session/f2a745a73021f465498297146c9258dc42b45f37/window/maximize'
12:02:42.183 [AsyncHttpClient-1-4] DEBUG org.asynchttpclient.netty.handler.HttpHandler - 

Request DefaultHttpRequest(decodeResult: success, version: HTTP/1.1)
POST /wd/hub/session/f2a745a73021f465498297146c9258dc42b45f37/window/maximize HTTP/1.1
User-Agent: selenium/4.1.3 (java windows)
traceparent: 00-aefa58221f6df5445c1e401bad793a85-f6a7b20eca32c123-01
Content-Length: 3
Content-Type: application/json; charset=utf-8
host: hub-cloud.browserstack.com
authorization: Basic bmd1eW5hbmhkbmdfUUNySERrOm1OVG50OWJnenhBcWJBRVZ3aDZZ
accept: */*

Response DefaultHttpResponse(decodeResult: success, version: HTTP/1.1)
HTTP/1.1 200 OK
Server: nginx
Date: Mon, 09 May 2022 05:02:41 GMT
Content-Type: application/json;charset=utf-8
Connection: keep-alive
Source-From: 02
expires: Thu, 01 Jan 1970 00:00:00 GMT
cache-control: no-cache, no-cache
temp-header: 3695-5157115774-1-1652072561.992-rproxy-core-001-dcp-apse2a-prod.browserstack.com
content-length: 52

12:02:42.184 [AsyncHttpClient-1-4] DEBUG org.asynchttpclient.netty.channel.ChannelManager - Adding key: http://hub-cloud.browserstack.com:80 for channel [id: 0x4570a0cd, L:/172.17.19.76:57260 - R:hub-cloud.browserstack.com/173.234.104.3:80]
12:02:42.198 [main] DEBUG net.thucydides.core.steps.StepInterceptor - STARTING STEP: LoginStepDefs.the_user_enters_the_username_and_password - login
12:02:42.201 [Forwarding setTimeout on session f2a745a73021f465498297146c9258dc42b45f37 to remote] DEBUG org.asynchttpclient.netty.request.NettyRequestSender - Using pooled Channel '[id: 0x4570a0cd, L:/172.17.19.76:57260 - R:hub-cloud.browserstack.com/173.234.104.3:80]' for 'POST' to 'http://nguynanhdng_QCrHDk:mNTnt9bgzxAqbAEVwh6Y@hub-cloud.browserstack.com/wd/hub/session/f2a745a73021f465498297146c9258dc42b45f37/timeouts'
12:02:42.201 [Forwarding setTimeout on session f2a745a73021f465498297146c9258dc42b45f37 to remote] DEBUG org.asynchttpclient.netty.request.NettyRequestSender - Using open Channel [id: 0x4570a0cd, L:/172.17.19.76:57260 - R:hub-cloud.browserstack.com/173.234.104.3:80] for POST '/wd/hub/session/f2a745a73021f465498297146c9258dc42b45f37/timeouts'
12:02:42.507 [AsyncHttpClient-1-4] DEBUG org.asynchttpclient.netty.handler.HttpHandler - 

Request DefaultHttpRequest(decodeResult: success, version: HTTP/1.1)
POST /wd/hub/session/f2a745a73021f465498297146c9258dc42b45f37/timeouts HTTP/1.1
User-Agent: selenium/4.1.3 (java windows)
traceparent: 00-83c8138aefe1ac65039749ebcb3bd811-8ddb4fa8837e237f-01
Content-Length: 19
Content-Type: application/json; charset=utf-8
host: hub-cloud.browserstack.com
authorization: Basic bmd1eW5hbmhkbmdfUUNySERrOm1OVG50OWJnenhBcWJBRVZ3aDZZ
accept: */*

Response DefaultHttpResponse(decodeResult: success, version: HTTP/1.1)
HTTP/1.1 200 OK
Server: nginx
Date: Mon, 09 May 2022 05:02:42 GMT
Content-Type: application/json;charset=utf-8
Connection: keep-alive
Source-From: 02
expires: Thu, 01 Jan 1970 00:00:00 GMT
cache-control: no-cache, no-cache
temp-header: 3692-5157115896-1-1652072562.326-rproxy-core-001-dcp-apse2a-prod.browserstack.com
content-length: 14

12:02:42.507 [AsyncHttpClient-1-4] DEBUG org.asynchttpclient.netty.channel.ChannelManager - Adding key: http://hub-cloud.browserstack.com:80 for channel [id: 0x4570a0cd, L:/172.17.19.76:57260 - R:hub-cloud.browserstack.com/173.234.104.3:80]
12:02:42.512 [Forwarding findElement on session f2a745a73021f465498297146c9258dc42b45f37 to remote] DEBUG org.asynchttpclient.netty.request.NettyRequestSender - Using pooled Channel '[id: 0x4570a0cd, L:/172.17.19.76:57260 - R:hub-cloud.browserstack.com/173.234.104.3:80]' for 'POST' to 'http://nguynanhdng_QCrHDk:mNTnt9bgzxAqbAEVwh6Y@hub-cloud.browserstack.com/wd/hub/session/f2a745a73021f465498297146c9258dc42b45f37/element'
12:02:42.512 [Forwarding findElement on session f2a745a73021f465498297146c9258dc42b45f37 to remote] DEBUG org.asynchttpclient.netty.request.NettyRequestSender - Using open Channel [id: 0x4570a0cd, L:/172.17.19.76:57260 - R:hub-cloud.browserstack.com/173.234.104.3:80] for POST '/wd/hub/session/f2a745a73021f465498297146c9258dc42b45f37/element'
12:02:42.791 [AsyncHttpClient-1-4] DEBUG org.asynchttpclient.netty.handler.HttpHandler - 

Request DefaultHttpRequest(decodeResult: success, version: HTTP/1.1)
POST /wd/hub/session/f2a745a73021f465498297146c9258dc42b45f37/element HTTP/1.1
User-Agent: selenium/4.1.3 (java windows)
traceparent: 00-982210f2cca4b4120ea9f9b39a91390f-21a915b82d6fc1e7-01
Content-Length: 61
Content-Type: application/json; charset=utf-8
host: hub-cloud.browserstack.com
authorization: Basic bmd1eW5hbmhkbmdfUUNySERrOm1OVG50OWJnenhBcWJBRVZ3aDZZ
accept: */*

Response DefaultHttpResponse(decodeResult: success, version: HTTP/1.1)
HTTP/1.1 200 OK
Server: nginx
Date: Mon, 09 May 2022 05:02:42 GMT
Content-Type: application/json;charset=utf-8
Connection: keep-alive
Source-From: 02
expires: Thu, 01 Jan 1970 00:00:00 GMT
cache-control: no-cache, no-cache
temp-header: 3692-5157116002-1-1652072562.611-rproxy-core-001-dcp-apse2a-prod.browserstack.com
content-length: 88

12:02:42.792 [AsyncHttpClient-1-4] DEBUG org.asynchttpclient.netty.channel.ChannelManager - Adding key: http://hub-cloud.browserstack.com:80 for channel [id: 0x4570a0cd, L:/172.17.19.76:57260 - R:hub-cloud.browserstack.com/173.234.104.3:80]
12:02:42.794 [Forwarding setTimeout on session f2a745a73021f465498297146c9258dc42b45f37 to remote] DEBUG org.asynchttpclient.netty.request.NettyRequestSender - Using pooled Channel '[id: 0x4570a0cd, L:/172.17.19.76:57260 - R:hub-cloud.browserstack.com/173.234.104.3:80]' for 'POST' to 'http://nguynanhdng_QCrHDk:mNTnt9bgzxAqbAEVwh6Y@hub-cloud.browserstack.com/wd/hub/session/f2a745a73021f465498297146c9258dc42b45f37/timeouts'
12:02:42.794 [Forwarding setTimeout on session f2a745a73021f465498297146c9258dc42b45f37 to remote] DEBUG org.asynchttpclient.netty.request.NettyRequestSender - Using open Channel [id: 0x4570a0cd, L:/172.17.19.76:57260 - R:hub-cloud.browserstack.com/173.234.104.3:80] for POST '/wd/hub/session/f2a745a73021f465498297146c9258dc42b45f37/timeouts'
12:02:43.121 [AsyncHttpClient-1-4] DEBUG org.asynchttpclient.netty.handler.HttpHandler - 

Request DefaultHttpRequest(decodeResult: success, version: HTTP/1.1)
POST /wd/hub/session/f2a745a73021f465498297146c9258dc42b45f37/timeouts HTTP/1.1
User-Agent: selenium/4.1.3 (java windows)
traceparent: 00-20bb8972988191815d87e24c8075a358-2a92737c0e69761c-01
Content-Length: 22
Content-Type: application/json; charset=utf-8
host: hub-cloud.browserstack.com
authorization: Basic bmd1eW5hbmhkbmdfUUNySERrOm1OVG50OWJnenhBcWJBRVZ3aDZZ
accept: */*

Response DefaultHttpResponse(decodeResult: success, version: HTTP/1.1)
HTTP/1.1 200 OK
Server: nginx
Date: Mon, 09 May 2022 05:02:42 GMT
Content-Type: application/json;charset=utf-8
Connection: keep-alive
Source-From: 02
expires: Thu, 01 Jan 1970 00:00:00 GMT
cache-control: no-cache, no-cache
temp-header: 3700-5157116064-1-1652072562.888-rproxy-core-001-dcp-apse2a-prod.browserstack.com
content-length: 14

12:02:43.121 [AsyncHttpClient-1-4] DEBUG org.asynchttpclient.netty.channel.ChannelManager - Adding key: http://hub-cloud.browserstack.com:80 for channel [id: 0x4570a0cd, L:/172.17.19.76:57260 - R:hub-cloud.browserstack.com/173.234.104.3:80]
12:02:43.130 [Forwarding isElementDisplayed on session f2a745a73021f465498297146c9258dc42b45f37 to remote] DEBUG org.asynchttpclient.netty.request.NettyRequestSender - Using pooled Channel '[id: 0x4570a0cd, L:/172.17.19.76:57260 - R:hub-cloud.browserstack.com/173.234.104.3:80]' for 'POST' to 'http://nguynanhdng_QCrHDk:mNTnt9bgzxAqbAEVwh6Y@hub-cloud.browserstack.com/wd/hub/session/f2a745a73021f465498297146c9258dc42b45f37/execute/sync'
12:02:43.131 [Forwarding isElementDisplayed on session f2a745a73021f465498297146c9258dc42b45f37 to remote] DEBUG org.asynchttpclient.netty.request.NettyRequestSender - Using open Channel [id: 0x4570a0cd, L:/172.17.19.76:57260 - R:hub-cloud.browserstack.com/173.234.104.3:80] for POST '/wd/hub/session/f2a745a73021f465498297146c9258dc42b45f37/execute/sync'
12:02:43.480 [AsyncHttpClient-1-4] DEBUG org.asynchttpclient.netty.handler.HttpHandler - 

Request DefaultHttpRequest(decodeResult: success, version: HTTP/1.1)
POST /wd/hub/session/f2a745a73021f465498297146c9258dc42b45f37/execute/sync HTTP/1.1
User-Agent: selenium/4.1.3 (java windows)
traceparent: 00-e7393aa7e88930f3312f517c18010148-7161a1b388dbefa2-01
Content-Length: 48780
Content-Type: application/json; charset=utf-8
host: hub-cloud.browserstack.com
authorization: Basic bmd1eW5hbmhkbmdfUUNySERrOm1OVG50OWJnenhBcWJBRVZ3aDZZ
accept: */*

Response DefaultHttpResponse(decodeResult: success, version: HTTP/1.1)
HTTP/1.1 200 OK
Server: nginx
Date: Mon, 09 May 2022 05:02:43 GMT
Content-Type: application/json;charset=utf-8
Connection: keep-alive
Source-From: 02
expires: Thu, 01 Jan 1970 00:00:00 GMT
cache-control: no-cache, no-cache
temp-header: 3700-5157116147-1-1652072563.299-rproxy-core-001-dcp-apse2a-prod.browserstack.com
content-length: 14

12:02:43.481 [AsyncHttpClient-1-4] DEBUG org.asynchttpclient.netty.channel.ChannelManager - Adding key: http://hub-cloud.browserstack.com:80 for channel [id: 0x4570a0cd, L:/172.17.19.76:57260 - R:hub-cloud.browserstack.com/173.234.104.3:80]
12:02:43.485 [Forwarding clearElement on session f2a745a73021f465498297146c9258dc42b45f37 to remote] DEBUG org.asynchttpclient.netty.request.NettyRequestSender - Using pooled Channel '[id: 0x4570a0cd, L:/172.17.19.76:57260 - R:hub-cloud.browserstack.com/173.234.104.3:80]' for 'POST' to 'http://nguynanhdng_QCrHDk:mNTnt9bgzxAqbAEVwh6Y@hub-cloud.browserstack.com/wd/hub/session/f2a745a73021f465498297146c9258dc42b45f37/element/2898f9c6-9073-4e37-922f-05fced99ddc9/clear'
12:02:43.485 [Forwarding clearElement on session f2a745a73021f465498297146c9258dc42b45f37 to remote] DEBUG org.asynchttpclient.netty.request.NettyRequestSender - Using open Channel [id: 0x4570a0cd, L:/172.17.19.76:57260 - R:hub-cloud.browserstack.com/173.234.104.3:80] for POST '/wd/hub/session/f2a745a73021f465498297146c9258dc42b45f37/element/2898f9c6-9073-4e37-922f-05fced99ddc9/clear'
12:02:43.815 [AsyncHttpClient-1-4] DEBUG org.asynchttpclient.netty.handler.HttpHandler - 

Request DefaultHttpRequest(decodeResult: success, version: HTTP/1.1)
POST /wd/hub/session/f2a745a73021f465498297146c9258dc42b45f37/element/2898f9c6-9073-4e37-922f-05fced99ddc9/clear HTTP/1.1
User-Agent: selenium/4.1.3 (java windows)
traceparent: 00-4d092af59df8047eea6f14058ab9a13f-52547a993b724be0-01
Content-Length: 50
Content-Type: application/json; charset=utf-8
host: hub-cloud.browserstack.com
authorization: Basic bmd1eW5hbmhkbmdfUUNySERrOm1OVG50OWJnenhBcWJBRVZ3aDZZ
accept: */*

Response DefaultHttpResponse(decodeResult: success, version: HTTP/1.1)
HTTP/1.1 200 OK
Server: nginx
Date: Mon, 09 May 2022 05:02:43 GMT
Content-Type: application/json;charset=utf-8
Connection: keep-alive
Source-From: 02
expires: Thu, 01 Jan 1970 00:00:00 GMT
cache-control: no-cache, no-cache
temp-header: 2028-2500109022-1-1652072563.607-rproxy-core-002-dcp-apse2a-prod.browserstack.com
content-length: 14

12:02:43.815 [AsyncHttpClient-1-4] DEBUG org.asynchttpclient.netty.channel.ChannelManager - Adding key: http://hub-cloud.browserstack.com:80 for channel [id: 0x4570a0cd, L:/172.17.19.76:57260 - R:hub-cloud.browserstack.com/173.234.104.3:80]
12:02:43.818 [Forwarding sendKeysToElement on session f2a745a73021f465498297146c9258dc42b45f37 to remote] DEBUG org.asynchttpclient.netty.request.NettyRequestSender - Using pooled Channel '[id: 0x4570a0cd, L:/172.17.19.76:57260 - R:hub-cloud.browserstack.com/173.234.104.3:80]' for 'POST' to 'http://nguynanhdng_QCrHDk:mNTnt9bgzxAqbAEVwh6Y@hub-cloud.browserstack.com/wd/hub/session/f2a745a73021f465498297146c9258dc42b45f37/element/2898f9c6-9073-4e37-922f-05fced99ddc9/value'
12:02:43.818 [Forwarding sendKeysToElement on session f2a745a73021f465498297146c9258dc42b45f37 to remote] DEBUG org.asynchttpclient.netty.request.NettyRequestSender - Using open Channel [id: 0x4570a0cd, L:/172.17.19.76:57260 - R:hub-cloud.browserstack.com/173.234.104.3:80] for POST '/wd/hub/session/f2a745a73021f465498297146c9258dc42b45f37/element/2898f9c6-9073-4e37-922f-05fced99ddc9/value'
12:02:44.184 [AsyncHttpClient-1-4] DEBUG org.asynchttpclient.netty.handler.HttpHandler - 

Request DefaultHttpRequest(decodeResult: success, version: HTTP/1.1)
POST /wd/hub/session/f2a745a73021f465498297146c9258dc42b45f37/element/2898f9c6-9073-4e37-922f-05fced99ddc9/value HTTP/1.1
User-Agent: selenium/4.1.3 (java windows)
traceparent: 00-b1200bd196ea34c8c942f453901fd48c-06deac9d9f74ae78-01
Content-Length: 105
Content-Type: application/json; charset=utf-8
host: hub-cloud.browserstack.com
authorization: Basic bmd1eW5hbmhkbmdfUUNySERrOm1OVG50OWJnenhBcWJBRVZ3aDZZ
accept: */*

Response DefaultHttpResponse(decodeResult: success, version: HTTP/1.1)
HTTP/1.1 200 OK
Server: nginx
Date: Mon, 09 May 2022 05:02:43 GMT
Content-Type: application/json;charset=utf-8
Connection: keep-alive
Source-From: 02
expires: Thu, 01 Jan 1970 00:00:00 GMT
cache-control: no-cache, no-cache
temp-header: 2032-2500109074-1-1652072563.981-rproxy-core-002-dcp-apse2a-prod.browserstack.com
content-length: 14

12:02:44.185 [AsyncHttpClient-1-4] DEBUG org.asynchttpclient.netty.channel.ChannelManager - Adding key: http://hub-cloud.browserstack.com:80 for channel [id: 0x4570a0cd, L:/172.17.19.76:57260 - R:hub-cloud.browserstack.com/173.234.104.3:80]
12:02:44.196 [Forwarding setTimeout on session f2a745a73021f465498297146c9258dc42b45f37 to remote] DEBUG org.asynchttpclient.netty.request.NettyRequestSender - Using pooled Channel '[id: 0x4570a0cd, L:/172.17.19.76:57260 - R:hub-cloud.browserstack.com/173.234.104.3:80]' for 'POST' to 'http://nguynanhdng_QCrHDk:mNTnt9bgzxAqbAEVwh6Y@hub-cloud.browserstack.com/wd/hub/session/f2a745a73021f465498297146c9258dc42b45f37/timeouts'
12:02:44.196 [Forwarding setTimeout on session f2a745a73021f465498297146c9258dc42b45f37 to remote] DEBUG org.asynchttpclient.netty.request.NettyRequestSender - Using open Channel [id: 0x4570a0cd, L:/172.17.19.76:57260 - R:hub-cloud.browserstack.com/173.234.104.3:80] for POST '/wd/hub/session/f2a745a73021f465498297146c9258dc42b45f37/timeouts'
12:02:44.533 [AsyncHttpClient-1-4] DEBUG org.asynchttpclient.netty.handler.HttpHandler - 

Request DefaultHttpRequest(decodeResult: success, version: HTTP/1.1)
POST /wd/hub/session/f2a745a73021f465498297146c9258dc42b45f37/timeouts HTTP/1.1
User-Agent: selenium/4.1.3 (java windows)
traceparent: 00-e87a05ef370c9c5bd8d3c6578f9f0c99-2e72b9954242a0fe-01
Content-Length: 19
Content-Type: application/json; charset=utf-8
host: hub-cloud.browserstack.com
authorization: Basic bmd1eW5hbmhkbmdfUUNySERrOm1OVG50OWJnenhBcWJBRVZ3aDZZ
accept: */*

Response DefaultHttpResponse(decodeResult: success, version: HTTP/1.1)
HTTP/1.1 200 OK
Server: nginx
Date: Mon, 09 May 2022 05:02:44 GMT
Content-Type: application/json;charset=utf-8
Connection: keep-alive
Source-From: 02
expires: Thu, 01 Jan 1970 00:00:00 GMT
cache-control: no-cache, no-cache
temp-header: 3700-5157116480-1-1652072564.296-rproxy-core-001-dcp-apse2a-prod.browserstack.com
content-length: 14

12:02:44.533 [AsyncHttpClient-1-4] DEBUG org.asynchttpclient.netty.channel.ChannelManager - Adding key: http://hub-cloud.browserstack.com:80 for channel [id: 0x4570a0cd, L:/172.17.19.76:57260 - R:hub-cloud.browserstack.com/173.234.104.3:80]
12:02:44.536 [Forwarding findElement on session f2a745a73021f465498297146c9258dc42b45f37 to remote] DEBUG org.asynchttpclient.netty.request.NettyRequestSender - Using pooled Channel '[id: 0x4570a0cd, L:/172.17.19.76:57260 - R:hub-cloud.browserstack.com/173.234.104.3:80]' for 'POST' to 'http://nguynanhdng_QCrHDk:mNTnt9bgzxAqbAEVwh6Y@hub-cloud.browserstack.com/wd/hub/session/f2a745a73021f465498297146c9258dc42b45f37/element'
12:02:44.536 [Forwarding findElement on session f2a745a73021f465498297146c9258dc42b45f37 to remote] DEBUG org.asynchttpclient.netty.request.NettyRequestSender - Using open Channel [id: 0x4570a0cd, L:/172.17.19.76:57260 - R:hub-cloud.browserstack.com/173.234.104.3:80] for POST '/wd/hub/session/f2a745a73021f465498297146c9258dc42b45f37/element'
12:02:44.820 [AsyncHttpClient-1-4] DEBUG org.asynchttpclient.netty.handler.HttpHandler - 

Request DefaultHttpRequest(decodeResult: success, version: HTTP/1.1)
POST /wd/hub/session/f2a745a73021f465498297146c9258dc42b45f37/element HTTP/1.1
User-Agent: selenium/4.1.3 (java windows)
traceparent: 00-67dd6dcadc1ee3cbf6798f55f8fd7a54-b17212f91ed65666-01
Content-Length: 66
Content-Type: application/json; charset=utf-8
host: hub-cloud.browserstack.com
authorization: Basic bmd1eW5hbmhkbmdfUUNySERrOm1OVG50OWJnenhBcWJBRVZ3aDZZ
accept: */*

Response DefaultHttpResponse(decodeResult: success, version: HTTP/1.1)
HTTP/1.1 200 OK
Server: nginx
Date: Mon, 09 May 2022 05:02:44 GMT
Content-Type: application/json;charset=utf-8
Connection: keep-alive
Source-From: 02
expires: Thu, 01 Jan 1970 00:00:00 GMT
cache-control: no-cache, no-cache
temp-header: 2033-2500109210-1-1652072564.643-rproxy-core-002-dcp-apse2a-prod.browserstack.com
content-length: 88

12:02:44.821 [AsyncHttpClient-1-4] DEBUG org.asynchttpclient.netty.channel.ChannelManager - Adding key: http://hub-cloud.browserstack.com:80 for channel [id: 0x4570a0cd, L:/172.17.19.76:57260 - R:hub-cloud.browserstack.com/173.234.104.3:80]
12:02:44.824 [Forwarding setTimeout on session f2a745a73021f465498297146c9258dc42b45f37 to remote] DEBUG org.asynchttpclient.netty.request.NettyRequestSender - Using pooled Channel '[id: 0x4570a0cd, L:/172.17.19.76:57260 - R:hub-cloud.browserstack.com/173.234.104.3:80]' for 'POST' to 'http://nguynanhdng_QCrHDk:mNTnt9bgzxAqbAEVwh6Y@hub-cloud.browserstack.com/wd/hub/session/f2a745a73021f465498297146c9258dc42b45f37/timeouts'
12:02:44.824 [Forwarding setTimeout on session f2a745a73021f465498297146c9258dc42b45f37 to remote] DEBUG org.asynchttpclient.netty.request.NettyRequestSender - Using open Channel [id: 0x4570a0cd, L:/172.17.19.76:57260 - R:hub-cloud.browserstack.com/173.234.104.3:80] for POST '/wd/hub/session/f2a745a73021f465498297146c9258dc42b45f37/timeouts'
12:02:45.155 [AsyncHttpClient-1-4] DEBUG org.asynchttpclient.netty.handler.HttpHandler - 

Request DefaultHttpRequest(decodeResult: success, version: HTTP/1.1)
POST /wd/hub/session/f2a745a73021f465498297146c9258dc42b45f37/timeouts HTTP/1.1
User-Agent: selenium/4.1.3 (java windows)
traceparent: 00-84b21463ab30386d1e7ad3b3e866afb2-d8ec4f7cf8a36a86-01
Content-Length: 22
Content-Type: application/json; charset=utf-8
host: hub-cloud.browserstack.com
authorization: Basic bmd1eW5hbmhkbmdfUUNySERrOm1OVG50OWJnenhBcWJBRVZ3aDZZ
accept: */*

Response DefaultHttpResponse(decodeResult: success, version: HTTP/1.1)
HTTP/1.1 200 OK
Server: nginx
Date: Mon, 09 May 2022 05:02:44 GMT
Content-Type: application/json;charset=utf-8
Connection: keep-alive
Source-From: 02
expires: Thu, 01 Jan 1970 00:00:00 GMT
cache-control: no-cache, no-cache
temp-header: 2033-2500109256-1-1652072564.929-rproxy-core-002-dcp-apse2a-prod.browserstack.com
content-length: 14

12:02:45.156 [AsyncHttpClient-1-4] DEBUG org.asynchttpclient.netty.channel.ChannelManager - Adding key: http://hub-cloud.browserstack.com:80 for channel [id: 0x4570a0cd, L:/172.17.19.76:57260 - R:hub-cloud.browserstack.com/173.234.104.3:80]
12:02:45.163 [Forwarding isElementDisplayed on session f2a745a73021f465498297146c9258dc42b45f37 to remote] DEBUG org.asynchttpclient.netty.request.NettyRequestSender - Using pooled Channel '[id: 0x4570a0cd, L:/172.17.19.76:57260 - R:hub-cloud.browserstack.com/173.234.104.3:80]' for 'POST' to 'http://nguynanhdng_QCrHDk:mNTnt9bgzxAqbAEVwh6Y@hub-cloud.browserstack.com/wd/hub/session/f2a745a73021f465498297146c9258dc42b45f37/execute/sync'
12:02:45.163 [Forwarding isElementDisplayed on session f2a745a73021f465498297146c9258dc42b45f37 to remote] DEBUG org.asynchttpclient.netty.request.NettyRequestSender - Using open Channel [id: 0x4570a0cd, L:/172.17.19.76:57260 - R:hub-cloud.browserstack.com/173.234.104.3:80] for POST '/wd/hub/session/f2a745a73021f465498297146c9258dc42b45f37/execute/sync'
12:02:45.456 [AsyncHttpClient-1-4] DEBUG org.asynchttpclient.netty.handler.HttpHandler - 

Request DefaultHttpRequest(decodeResult: success, version: HTTP/1.1)
POST /wd/hub/session/f2a745a73021f465498297146c9258dc42b45f37/execute/sync HTTP/1.1
User-Agent: selenium/4.1.3 (java windows)
traceparent: 00-a3ec5b9a30242666f927c194dd6bc36d-33530769628cb733-01
Content-Length: 48780
Content-Type: application/json; charset=utf-8
host: hub-cloud.browserstack.com
authorization: Basic bmd1eW5hbmhkbmdfUUNySERrOm1OVG50OWJnenhBcWJBRVZ3aDZZ
accept: */*

Response DefaultHttpResponse(decodeResult: success, version: HTTP/1.1)
HTTP/1.1 200 OK
Server: nginx
Date: Mon, 09 May 2022 05:02:45 GMT
Content-Type: application/json;charset=utf-8
Connection: keep-alive
Source-From: 02
expires: Thu, 01 Jan 1970 00:00:00 GMT
cache-control: no-cache, no-cache
temp-header: 2023-2500109326-1-1652072565.270-rproxy-core-002-dcp-apse2a-prod.browserstack.com
content-length: 14

12:02:45.456 [AsyncHttpClient-1-4] DEBUG org.asynchttpclient.netty.channel.ChannelManager - Adding key: http://hub-cloud.browserstack.com:80 for channel [id: 0x4570a0cd, L:/172.17.19.76:57260 - R:hub-cloud.browserstack.com/173.234.104.3:80]
12:02:45.460 [Forwarding clearElement on session f2a745a73021f465498297146c9258dc42b45f37 to remote] DEBUG org.asynchttpclient.netty.request.NettyRequestSender - Using pooled Channel '[id: 0x4570a0cd, L:/172.17.19.76:57260 - R:hub-cloud.browserstack.com/173.234.104.3:80]' for 'POST' to 'http://nguynanhdng_QCrHDk:mNTnt9bgzxAqbAEVwh6Y@hub-cloud.browserstack.com/wd/hub/session/f2a745a73021f465498297146c9258dc42b45f37/element/e4db0680-0918-4d5e-a878-577b9362c878/clear'
12:02:45.460 [Forwarding clearElement on session f2a745a73021f465498297146c9258dc42b45f37 to remote] DEBUG org.asynchttpclient.netty.request.NettyRequestSender - Using open Channel [id: 0x4570a0cd, L:/172.17.19.76:57260 - R:hub-cloud.browserstack.com/173.234.104.3:80] for POST '/wd/hub/session/f2a745a73021f465498297146c9258dc42b45f37/element/e4db0680-0918-4d5e-a878-577b9362c878/clear'
12:02:45.768 [AsyncHttpClient-1-4] DEBUG org.asynchttpclient.netty.handler.HttpHandler - 

Request DefaultHttpRequest(decodeResult: success, version: HTTP/1.1)
POST /wd/hub/session/f2a745a73021f465498297146c9258dc42b45f37/element/e4db0680-0918-4d5e-a878-577b9362c878/clear HTTP/1.1
User-Agent: selenium/4.1.3 (java windows)
traceparent: 00-f6a9ac42fd17a5503decd1398f706be3-6cb1ba1dde952c67-01
Content-Length: 50
Content-Type: application/json; charset=utf-8
host: hub-cloud.browserstack.com
authorization: Basic bmd1eW5hbmhkbmdfUUNySERrOm1OVG50OWJnenhBcWJBRVZ3aDZZ
accept: */*

Response DefaultHttpResponse(decodeResult: success, version: HTTP/1.1)
HTTP/1.1 200 OK
Server: nginx
Date: Mon, 09 May 2022 05:02:45 GMT
Content-Type: application/json;charset=utf-8
Connection: keep-alive
Source-From: 02
expires: Thu, 01 Jan 1970 00:00:00 GMT
cache-control: no-cache, no-cache
temp-header: 3691-5157116914-1-1652072565.589-rproxy-core-001-dcp-apse2a-prod.browserstack.com
content-length: 14

12:02:45.768 [AsyncHttpClient-1-4] DEBUG org.asynchttpclient.netty.channel.ChannelManager - Adding key: http://hub-cloud.browserstack.com:80 for channel [id: 0x4570a0cd, L:/172.17.19.76:57260 - R:hub-cloud.browserstack.com/173.234.104.3:80]
12:02:45.773 [Forwarding sendKeysToElement on session f2a745a73021f465498297146c9258dc42b45f37 to remote] DEBUG org.asynchttpclient.netty.request.NettyRequestSender - Using pooled Channel '[id: 0x4570a0cd, L:/172.17.19.76:57260 - R:hub-cloud.browserstack.com/173.234.104.3:80]' for 'POST' to 'http://nguynanhdng_QCrHDk:mNTnt9bgzxAqbAEVwh6Y@hub-cloud.browserstack.com/wd/hub/session/f2a745a73021f465498297146c9258dc42b45f37/element/e4db0680-0918-4d5e-a878-577b9362c878/value'
12:02:45.774 [Forwarding sendKeysToElement on session f2a745a73021f465498297146c9258dc42b45f37 to remote] DEBUG org.asynchttpclient.netty.request.NettyRequestSender - Using open Channel [id: 0x4570a0cd, L:/172.17.19.76:57260 - R:hub-cloud.browserstack.com/173.234.104.3:80] for POST '/wd/hub/session/f2a745a73021f465498297146c9258dc42b45f37/element/e4db0680-0918-4d5e-a878-577b9362c878/value'
12:02:46.274 [AsyncHttpClient-1-4] DEBUG org.asynchttpclient.netty.handler.HttpHandler - 

Request DefaultHttpRequest(decodeResult: success, version: HTTP/1.1)
POST /wd/hub/session/f2a745a73021f465498297146c9258dc42b45f37/element/e4db0680-0918-4d5e-a878-577b9362c878/value HTTP/1.1
User-Agent: selenium/4.1.3 (java windows)
traceparent: 00-8114beaa4b716f0045a31d281c76b731-1743398ca3da3016-01
Content-Length: 181
Content-Type: application/json; charset=utf-8
host: hub-cloud.browserstack.com
authorization: Basic bmd1eW5hbmhkbmdfUUNySERrOm1OVG50OWJnenhBcWJBRVZ3aDZZ
accept: */*

Response DefaultHttpResponse(decodeResult: success, version: HTTP/1.1)
HTTP/1.1 200 OK
Server: nginx
Date: Mon, 09 May 2022 05:02:45 GMT
Content-Type: application/json;charset=utf-8
Connection: keep-alive
Source-From: 02
expires: Thu, 01 Jan 1970 00:00:00 GMT
cache-control: no-cache, no-cache
temp-header: 3696-5157117042-1-1652072566.001-rproxy-core-001-dcp-apse2a-prod.browserstack.com
content-length: 14

12:02:46.275 [AsyncHttpClient-1-4] DEBUG org.asynchttpclient.netty.channel.ChannelManager - Adding key: http://hub-cloud.browserstack.com:80 for channel [id: 0x4570a0cd, L:/172.17.19.76:57260 - R:hub-cloud.browserstack.com/173.234.104.3:80]
12:02:46.286 [Forwarding setTimeout on session f2a745a73021f465498297146c9258dc42b45f37 to remote] DEBUG org.asynchttpclient.netty.request.NettyRequestSender - Using pooled Channel '[id: 0x4570a0cd, L:/172.17.19.76:57260 - R:hub-cloud.browserstack.com/173.234.104.3:80]' for 'POST' to 'http://nguynanhdng_QCrHDk:mNTnt9bgzxAqbAEVwh6Y@hub-cloud.browserstack.com/wd/hub/session/f2a745a73021f465498297146c9258dc42b45f37/timeouts'
12:02:46.286 [Forwarding setTimeout on session f2a745a73021f465498297146c9258dc42b45f37 to remote] DEBUG org.asynchttpclient.netty.request.NettyRequestSender - Using open Channel [id: 0x4570a0cd, L:/172.17.19.76:57260 - R:hub-cloud.browserstack.com/173.234.104.3:80] for POST '/wd/hub/session/f2a745a73021f465498297146c9258dc42b45f37/timeouts'
12:02:46.592 [AsyncHttpClient-1-4] DEBUG org.asynchttpclient.netty.handler.HttpHandler - 

Request DefaultHttpRequest(decodeResult: success, version: HTTP/1.1)
POST /wd/hub/session/f2a745a73021f465498297146c9258dc42b45f37/timeouts HTTP/1.1
User-Agent: selenium/4.1.3 (java windows)
traceparent: 00-946f1e011c10fbd5d03666a31fa30280-8f2af3e3eeb68c91-01
Content-Length: 19
Content-Type: application/json; charset=utf-8
host: hub-cloud.browserstack.com
authorization: Basic bmd1eW5hbmhkbmdfUUNySERrOm1OVG50OWJnenhBcWJBRVZ3aDZZ
accept: */*

Response DefaultHttpResponse(decodeResult: success, version: HTTP/1.1)
HTTP/1.1 200 OK
Server: nginx
Date: Mon, 09 May 2022 05:02:46 GMT
Content-Type: application/json;charset=utf-8
Connection: keep-alive
Source-From: 02
expires: Thu, 01 Jan 1970 00:00:00 GMT
cache-control: no-cache, no-cache
temp-header: 3693-5157117211-1-1652072566.377-rproxy-core-001-dcp-apse2a-prod.browserstack.com
content-length: 14

12:02:46.592 [AsyncHttpClient-1-4] DEBUG org.asynchttpclient.netty.channel.ChannelManager - Adding key: http://hub-cloud.browserstack.com:80 for channel [id: 0x4570a0cd, L:/172.17.19.76:57260 - R:hub-cloud.browserstack.com/173.234.104.3:80]
12:02:46.597 [Forwarding findElement on session f2a745a73021f465498297146c9258dc42b45f37 to remote] DEBUG org.asynchttpclient.netty.request.NettyRequestSender - Using pooled Channel '[id: 0x4570a0cd, L:/172.17.19.76:57260 - R:hub-cloud.browserstack.com/173.234.104.3:80]' for 'POST' to 'http://nguynanhdng_QCrHDk:mNTnt9bgzxAqbAEVwh6Y@hub-cloud.browserstack.com/wd/hub/session/f2a745a73021f465498297146c9258dc42b45f37/element'
12:02:46.597 [Forwarding findElement on session f2a745a73021f465498297146c9258dc42b45f37 to remote] DEBUG org.asynchttpclient.netty.request.NettyRequestSender - Using open Channel [id: 0x4570a0cd, L:/172.17.19.76:57260 - R:hub-cloud.browserstack.com/173.234.104.3:80] for POST '/wd/hub/session/f2a745a73021f465498297146c9258dc42b45f37/element'
12:02:46.881 [AsyncHttpClient-1-4] DEBUG org.asynchttpclient.netty.handler.HttpHandler - 

Request DefaultHttpRequest(decodeResult: success, version: HTTP/1.1)
POST /wd/hub/session/f2a745a73021f465498297146c9258dc42b45f37/element HTTP/1.1
User-Agent: selenium/4.1.3 (java windows)
traceparent: 00-f59de54670c8d6c34aa3d39363df2f42-c297c42ca0e6dec9-01
Content-Length: 64
Content-Type: application/json; charset=utf-8
host: hub-cloud.browserstack.com
authorization: Basic bmd1eW5hbmhkbmdfUUNySERrOm1OVG50OWJnenhBcWJBRVZ3aDZZ
accept: */*

Response DefaultHttpResponse(decodeResult: success, version: HTTP/1.1)
HTTP/1.1 200 OK
Server: nginx
Date: Mon, 09 May 2022 05:02:46 GMT
Content-Type: application/json;charset=utf-8
Connection: keep-alive
Source-From: 02
expires: Thu, 01 Jan 1970 00:00:00 GMT
cache-control: no-cache, no-cache
temp-header: 3694-5157117328-1-1652072566.697-rproxy-core-001-dcp-apse2a-prod.browserstack.com
content-length: 88

12:02:46.881 [AsyncHttpClient-1-4] DEBUG org.asynchttpclient.netty.channel.ChannelManager - Adding key: http://hub-cloud.browserstack.com:80 for channel [id: 0x4570a0cd, L:/172.17.19.76:57260 - R:hub-cloud.browserstack.com/173.234.104.3:80]
12:02:46.884 [Forwarding setTimeout on session f2a745a73021f465498297146c9258dc42b45f37 to remote] DEBUG org.asynchttpclient.netty.request.NettyRequestSender - Using pooled Channel '[id: 0x4570a0cd, L:/172.17.19.76:57260 - R:hub-cloud.browserstack.com/173.234.104.3:80]' for 'POST' to 'http://nguynanhdng_QCrHDk:mNTnt9bgzxAqbAEVwh6Y@hub-cloud.browserstack.com/wd/hub/session/f2a745a73021f465498297146c9258dc42b45f37/timeouts'
12:02:46.884 [Forwarding setTimeout on session f2a745a73021f465498297146c9258dc42b45f37 to remote] DEBUG org.asynchttpclient.netty.request.NettyRequestSender - Using open Channel [id: 0x4570a0cd, L:/172.17.19.76:57260 - R:hub-cloud.browserstack.com/173.234.104.3:80] for POST '/wd/hub/session/f2a745a73021f465498297146c9258dc42b45f37/timeouts'
12:02:47.195 [AsyncHttpClient-1-4] DEBUG org.asynchttpclient.netty.handler.HttpHandler - 

Request DefaultHttpRequest(decodeResult: success, version: HTTP/1.1)
POST /wd/hub/session/f2a745a73021f465498297146c9258dc42b45f37/timeouts HTTP/1.1
User-Agent: selenium/4.1.3 (java windows)
traceparent: 00-4389f22460af7415cd2e41d4effa5127-cb60045bb66eb4d5-01
Content-Length: 22
Content-Type: application/json; charset=utf-8
host: hub-cloud.browserstack.com
authorization: Basic bmd1eW5hbmhkbmdfUUNySERrOm1OVG50OWJnenhBcWJBRVZ3aDZZ
accept: */*

Response DefaultHttpResponse(decodeResult: success, version: HTTP/1.1)
HTTP/1.1 200 OK
Server: nginx
Date: Mon, 09 May 2022 05:02:46 GMT
Content-Type: application/json;charset=utf-8
Connection: keep-alive
Source-From: 02
expires: Thu, 01 Jan 1970 00:00:00 GMT
cache-control: no-cache, no-cache
temp-header: 3695-5157117438-1-1652072566.993-rproxy-core-001-dcp-apse2a-prod.browserstack.com
content-length: 14

12:02:47.196 [AsyncHttpClient-1-4] DEBUG org.asynchttpclient.netty.channel.ChannelManager - Adding key: http://hub-cloud.browserstack.com:80 for channel [id: 0x4570a0cd, L:/172.17.19.76:57260 - R:hub-cloud.browserstack.com/173.234.104.3:80]
12:02:47.206 [Forwarding isElementDisplayed on session f2a745a73021f465498297146c9258dc42b45f37 to remote] DEBUG org.asynchttpclient.netty.request.NettyRequestSender - Using pooled Channel '[id: 0x4570a0cd, L:/172.17.19.76:57260 - R:hub-cloud.browserstack.com/173.234.104.3:80]' for 'POST' to 'http://nguynanhdng_QCrHDk:mNTnt9bgzxAqbAEVwh6Y@hub-cloud.browserstack.com/wd/hub/session/f2a745a73021f465498297146c9258dc42b45f37/execute/sync'
12:02:47.206 [Forwarding isElementDisplayed on session f2a745a73021f465498297146c9258dc42b45f37 to remote] DEBUG org.asynchttpclient.netty.request.NettyRequestSender - Using open Channel [id: 0x4570a0cd, L:/172.17.19.76:57260 - R:hub-cloud.browserstack.com/173.234.104.3:80] for POST '/wd/hub/session/f2a745a73021f465498297146c9258dc42b45f37/execute/sync'
12:02:47.507 [AsyncHttpClient-1-4] DEBUG org.asynchttpclient.netty.handler.HttpHandler - 

Request DefaultHttpRequest(decodeResult: success, version: HTTP/1.1)
POST /wd/hub/session/f2a745a73021f465498297146c9258dc42b45f37/execute/sync HTTP/1.1
User-Agent: selenium/4.1.3 (java windows)
traceparent: 00-7c193fc876efcbd975658f4ce54cdd29-7be8fb501458c92a-01
Content-Length: 48780
Content-Type: application/json; charset=utf-8
host: hub-cloud.browserstack.com
authorization: Basic bmd1eW5hbmhkbmdfUUNySERrOm1OVG50OWJnenhBcWJBRVZ3aDZZ
accept: */*

Response DefaultHttpResponse(decodeResult: success, version: HTTP/1.1)
HTTP/1.1 200 OK
Server: nginx
Date: Mon, 09 May 2022 05:02:47 GMT
Content-Type: application/json;charset=utf-8
Connection: keep-alive
Source-From: 02
expires: Thu, 01 Jan 1970 00:00:00 GMT
cache-control: no-cache, no-cache
temp-header: 2026-2500109674-1-1652072567.315-rproxy-core-002-dcp-apse2a-prod.browserstack.com
content-length: 14

12:02:47.507 [AsyncHttpClient-1-4] DEBUG org.asynchttpclient.netty.channel.ChannelManager - Adding key: http://hub-cloud.browserstack.com:80 for channel [id: 0x4570a0cd, L:/172.17.19.76:57260 - R:hub-cloud.browserstack.com/173.234.104.3:80]
12:02:47.512 [Forwarding getElementTagName on session f2a745a73021f465498297146c9258dc42b45f37 to remote] DEBUG org.asynchttpclient.netty.request.NettyRequestSender - Using pooled Channel '[id: 0x4570a0cd, L:/172.17.19.76:57260 - R:hub-cloud.browserstack.com/173.234.104.3:80]' for 'GET' to 'http://nguynanhdng_QCrHDk:mNTnt9bgzxAqbAEVwh6Y@hub-cloud.browserstack.com/wd/hub/session/f2a745a73021f465498297146c9258dc42b45f37/element/0e657307-725c-445d-8cdc-59f021afa065/name'
12:02:47.512 [Forwarding getElementTagName on session f2a745a73021f465498297146c9258dc42b45f37 to remote] DEBUG org.asynchttpclient.netty.request.NettyRequestSender - Using open Channel [id: 0x4570a0cd, L:/172.17.19.76:57260 - R:hub-cloud.browserstack.com/173.234.104.3:80] for GET '/wd/hub/session/f2a745a73021f465498297146c9258dc42b45f37/element/0e657307-725c-445d-8cdc-59f021afa065/name'
12:02:47.808 [AsyncHttpClient-1-4] DEBUG org.asynchttpclient.netty.handler.HttpHandler - 

Request DefaultFullHttpRequest(decodeResult: success, version: HTTP/1.1, content: EmptyByteBufBE)
GET /wd/hub/session/f2a745a73021f465498297146c9258dc42b45f37/element/0e657307-725c-445d-8cdc-59f021afa065/name HTTP/1.1
User-Agent: selenium/4.1.3 (java windows)
Cache-Control: no-cache
traceparent: 00-f9fd792c6e7d3d95711577d4bc8a9943-933a4791862dee47-01
Content-Type: application/json; charset=utf-8
host: hub-cloud.browserstack.com
authorization: Basic bmd1eW5hbmhkbmdfUUNySERrOm1OVG50OWJnenhBcWJBRVZ3aDZZ
accept: */*

Response DefaultHttpResponse(decodeResult: success, version: HTTP/1.1)
HTTP/1.1 200 OK
Server: nginx
Date: Mon, 09 May 2022 05:02:47 GMT
Content-Type: application/json;charset=utf-8
Connection: keep-alive
Source-From: 02
expires: Thu, 01 Jan 1970 00:00:00 GMT
cache-control: no-cache, no-cache
temp-header: 2027-2500109738-1-1652072567.619-rproxy-core-002-dcp-apse2a-prod.browserstack.com
content-length: 17

12:02:47.808 [AsyncHttpClient-1-4] DEBUG org.asynchttpclient.netty.channel.ChannelManager - Adding key: http://hub-cloud.browserstack.com:80 for channel [id: 0x4570a0cd, L:/172.17.19.76:57260 - R:hub-cloud.browserstack.com/173.234.104.3:80]
12:02:47.811 [Forwarding getElementTagName on session f2a745a73021f465498297146c9258dc42b45f37 to remote] DEBUG org.asynchttpclient.netty.request.NettyRequestSender - Using pooled Channel '[id: 0x4570a0cd, L:/172.17.19.76:57260 - R:hub-cloud.browserstack.com/173.234.104.3:80]' for 'GET' to 'http://nguynanhdng_QCrHDk:mNTnt9bgzxAqbAEVwh6Y@hub-cloud.browserstack.com/wd/hub/session/f2a745a73021f465498297146c9258dc42b45f37/element/0e657307-725c-445d-8cdc-59f021afa065/name'
12:02:47.811 [Forwarding getElementTagName on session f2a745a73021f465498297146c9258dc42b45f37 to remote] DEBUG org.asynchttpclient.netty.request.NettyRequestSender - Using open Channel [id: 0x4570a0cd, L:/172.17.19.76:57260 - R:hub-cloud.browserstack.com/173.234.104.3:80] for GET '/wd/hub/session/f2a745a73021f465498297146c9258dc42b45f37/element/0e657307-725c-445d-8cdc-59f021afa065/name'
12:02:48.321 [AsyncHttpClient-1-4] DEBUG org.asynchttpclient.netty.handler.HttpHandler - 

Request DefaultFullHttpRequest(decodeResult: success, version: HTTP/1.1, content: EmptyByteBufBE)
GET /wd/hub/session/f2a745a73021f465498297146c9258dc42b45f37/element/0e657307-725c-445d-8cdc-59f021afa065/name HTTP/1.1
User-Agent: selenium/4.1.3 (java windows)
Cache-Control: no-cache
traceparent: 00-f13679c669532aae44c041666b5f1fee-9a43a796e7c07835-01
Content-Type: application/json; charset=utf-8
host: hub-cloud.browserstack.com
authorization: Basic bmd1eW5hbmhkbmdfUUNySERrOm1OVG50OWJnenhBcWJBRVZ3aDZZ
accept: */*

Response DefaultHttpResponse(decodeResult: success, version: HTTP/1.1)
HTTP/1.1 200 OK
Server: nginx
Date: Mon, 09 May 2022 05:02:48 GMT
Content-Type: application/json;charset=utf-8
Connection: keep-alive
Source-From: 02
expires: Thu, 01 Jan 1970 00:00:00 GMT
cache-control: no-cache, no-cache
temp-header: 3699-5157117813-1-1652072568.019-rproxy-core-001-dcp-apse2a-prod.browserstack.com
content-length: 17

12:02:48.321 [AsyncHttpClient-1-4] DEBUG org.asynchttpclient.netty.channel.ChannelManager - Adding key: http://hub-cloud.browserstack.com:80 for channel [id: 0x4570a0cd, L:/172.17.19.76:57260 - R:hub-cloud.browserstack.com/173.234.104.3:80]
12:02:48.326 [Forwarding isElementEnabled on session f2a745a73021f465498297146c9258dc42b45f37 to remote] DEBUG org.asynchttpclient.netty.request.NettyRequestSender - Using pooled Channel '[id: 0x4570a0cd, L:/172.17.19.76:57260 - R:hub-cloud.browserstack.com/173.234.104.3:80]' for 'GET' to 'http://nguynanhdng_QCrHDk:mNTnt9bgzxAqbAEVwh6Y@hub-cloud.browserstack.com/wd/hub/session/f2a745a73021f465498297146c9258dc42b45f37/element/0e657307-725c-445d-8cdc-59f021afa065/enabled'
12:02:48.326 [Forwarding isElementEnabled on session f2a745a73021f465498297146c9258dc42b45f37 to remote] DEBUG org.asynchttpclient.netty.request.NettyRequestSender - Using open Channel [id: 0x4570a0cd, L:/172.17.19.76:57260 - R:hub-cloud.browserstack.com/173.234.104.3:80] for GET '/wd/hub/session/f2a745a73021f465498297146c9258dc42b45f37/element/0e657307-725c-445d-8cdc-59f021afa065/enabled'
12:02:48.630 [AsyncHttpClient-1-4] DEBUG org.asynchttpclient.netty.handler.HttpHandler - 

Request DefaultFullHttpRequest(decodeResult: success, version: HTTP/1.1, content: EmptyByteBufBE)
GET /wd/hub/session/f2a745a73021f465498297146c9258dc42b45f37/element/0e657307-725c-445d-8cdc-59f021afa065/enabled HTTP/1.1
User-Agent: selenium/4.1.3 (java windows)
Cache-Control: no-cache
traceparent: 00-0c9698c752cfe6dfa21408ab497c4bd1-21c30f6e29ffab6f-01
Content-Type: application/json; charset=utf-8
host: hub-cloud.browserstack.com
authorization: Basic bmd1eW5hbmhkbmdfUUNySERrOm1OVG50OWJnenhBcWJBRVZ3aDZZ
accept: */*

Response DefaultHttpResponse(decodeResult: success, version: HTTP/1.1)
HTTP/1.1 200 OK
Server: nginx
Date: Mon, 09 May 2022 05:02:48 GMT
Content-Type: application/json;charset=utf-8
Connection: keep-alive
Source-From: 02
expires: Thu, 01 Jan 1970 00:00:00 GMT
cache-control: no-cache, no-cache
temp-header: 2025-2500109876-1-1652072568.433-rproxy-core-002-dcp-apse2a-prod.browserstack.com
content-length: 14

12:02:48.631 [AsyncHttpClient-1-4] DEBUG org.asynchttpclient.netty.channel.ChannelManager - Adding key: http://hub-cloud.browserstack.com:80 for channel [id: 0x4570a0cd, L:/172.17.19.76:57260 - R:hub-cloud.browserstack.com/173.234.104.3:80]
12:02:48.634 [Forwarding isElementEnabled on session f2a745a73021f465498297146c9258dc42b45f37 to remote] DEBUG org.asynchttpclient.netty.request.NettyRequestSender - Using pooled Channel '[id: 0x4570a0cd, L:/172.17.19.76:57260 - R:hub-cloud.browserstack.com/173.234.104.3:80]' for 'GET' to 'http://nguynanhdng_QCrHDk:mNTnt9bgzxAqbAEVwh6Y@hub-cloud.browserstack.com/wd/hub/session/f2a745a73021f465498297146c9258dc42b45f37/element/0e657307-725c-445d-8cdc-59f021afa065/enabled'
12:02:48.634 [Forwarding isElementEnabled on session f2a745a73021f465498297146c9258dc42b45f37 to remote] DEBUG org.asynchttpclient.netty.request.NettyRequestSender - Using open Channel [id: 0x4570a0cd, L:/172.17.19.76:57260 - R:hub-cloud.browserstack.com/173.234.104.3:80] for GET '/wd/hub/session/f2a745a73021f465498297146c9258dc42b45f37/element/0e657307-725c-445d-8cdc-59f021afa065/enabled'
12:02:48.910 [AsyncHttpClient-1-4] DEBUG org.asynchttpclient.netty.handler.HttpHandler - 

Request DefaultFullHttpRequest(decodeResult: success, version: HTTP/1.1, content: EmptyByteBufBE)
GET /wd/hub/session/f2a745a73021f465498297146c9258dc42b45f37/element/0e657307-725c-445d-8cdc-59f021afa065/enabled HTTP/1.1
User-Agent: selenium/4.1.3 (java windows)
Cache-Control: no-cache
traceparent: 00-3de1a710f92a76021aacd0569f21e4f5-31ca97d945311be1-01
Content-Type: application/json; charset=utf-8
host: hub-cloud.browserstack.com
authorization: Basic bmd1eW5hbmhkbmdfUUNySERrOm1OVG50OWJnenhBcWJBRVZ3aDZZ
accept: */*

Response DefaultHttpResponse(decodeResult: success, version: HTTP/1.1)
HTTP/1.1 200 OK
Server: nginx
Date: Mon, 09 May 2022 05:02:48 GMT
Content-Type: application/json;charset=utf-8
Connection: keep-alive
Source-From: 02
expires: Thu, 01 Jan 1970 00:00:00 GMT
cache-control: no-cache, no-cache
temp-header: 3697-5157118066-1-1652072568.727-rproxy-core-001-dcp-apse2a-prod.browserstack.com
content-length: 14

12:02:48.911 [AsyncHttpClient-1-4] DEBUG org.asynchttpclient.netty.channel.ChannelManager - Adding key: http://hub-cloud.browserstack.com:80 for channel [id: 0x4570a0cd, L:/172.17.19.76:57260 - R:hub-cloud.browserstack.com/173.234.104.3:80]
12:02:48.914 [Forwarding clickElement on session f2a745a73021f465498297146c9258dc42b45f37 to remote] DEBUG org.asynchttpclient.netty.request.NettyRequestSender - Using pooled Channel '[id: 0x4570a0cd, L:/172.17.19.76:57260 - R:hub-cloud.browserstack.com/173.234.104.3:80]' for 'POST' to 'http://nguynanhdng_QCrHDk:mNTnt9bgzxAqbAEVwh6Y@hub-cloud.browserstack.com/wd/hub/session/f2a745a73021f465498297146c9258dc42b45f37/element/0e657307-725c-445d-8cdc-59f021afa065/click'
12:02:48.914 [Forwarding clickElement on session f2a745a73021f465498297146c9258dc42b45f37 to remote] DEBUG org.asynchttpclient.netty.request.NettyRequestSender - Using open Channel [id: 0x4570a0cd, L:/172.17.19.76:57260 - R:hub-cloud.browserstack.com/173.234.104.3:80] for POST '/wd/hub/session/f2a745a73021f465498297146c9258dc42b45f37/element/0e657307-725c-445d-8cdc-59f021afa065/click'
12:02:50.265 [AsyncHttpClient-1-4] DEBUG org.asynchttpclient.netty.handler.HttpHandler - 

Request DefaultHttpRequest(decodeResult: success, version: HTTP/1.1)
POST /wd/hub/session/f2a745a73021f465498297146c9258dc42b45f37/element/0e657307-725c-445d-8cdc-59f021afa065/click HTTP/1.1
User-Agent: selenium/4.1.3 (java windows)
traceparent: 00-2d6f03a2499a3fbe8f3e9ef16ca8d6ec-5277c03f5fb36ebd-01
Content-Length: 50
Content-Type: application/json; charset=utf-8
host: hub-cloud.browserstack.com
authorization: Basic bmd1eW5hbmhkbmdfUUNySERrOm1OVG50OWJnenhBcWJBRVZ3aDZZ
accept: */*

Response DefaultHttpResponse(decodeResult: success, version: HTTP/1.1)
HTTP/1.1 200 OK
Server: nginx
Date: Mon, 09 May 2022 05:02:50 GMT
Content-Type: application/json;charset=utf-8
Connection: keep-alive
Source-From: 02
expires: Thu, 01 Jan 1970 00:00:00 GMT
cache-control: no-cache, no-cache
temp-header: 3689-5157118175-1-1652072570.020-rproxy-core-001-dcp-apse2a-prod.browserstack.com
content-length: 14

12:02:50.265 [AsyncHttpClient-1-4] DEBUG org.asynchttpclient.netty.channel.ChannelManager - Adding key: http://hub-cloud.browserstack.com:80 for channel [id: 0x4570a0cd, L:/172.17.19.76:57260 - R:hub-cloud.browserstack.com/173.234.104.3:80]
12:02:50.268 [main] DEBUG net.thucydides.core.steps.StepInterceptor - STEP DONE: login
  &amp#27;[32mGiven &amp#27;[0m&amp#27;[32mthe user enters the username &amp#27;[0m&amp#27;[32m&amp#27;[1m""&amp#27;[0m&amp#27;[32m and password &amp#27;[0m&amp#27;[32m&amp#27;[1mmngr398793&amp#27;[0m &amp#27;[90m# cucumber.LoginStepDefs.the_user_enters_the_username_and_password(java.lang.String,java.lang.String)&amp#27;[0m
12:02:50.274 [main] DEBUG net.thucydides.core.steps.StepInterceptor - STARTING STEP: LoginStepDefs.the_error_message_user_is_not_valid_is_displayed - checkInvalid
12:02:50.274 [Forwarding getAlertText on session f2a745a73021f465498297146c9258dc42b45f37 to remote] DEBUG org.asynchttpclient.netty.request.NettyRequestSender - Using pooled Channel '[id: 0x4570a0cd, L:/172.17.19.76:57260 - R:hub-cloud.browserstack.com/173.234.104.3:80]' for 'GET' to 'http://nguynanhdng_QCrHDk:mNTnt9bgzxAqbAEVwh6Y@hub-cloud.browserstack.com/wd/hub/session/f2a745a73021f465498297146c9258dc42b45f37/alert/text'
12:02:50.274 [Forwarding getAlertText on session f2a745a73021f465498297146c9258dc42b45f37 to remote] DEBUG org.asynchttpclient.netty.request.NettyRequestSender - Using open Channel [id: 0x4570a0cd, L:/172.17.19.76:57260 - R:hub-cloud.browserstack.com/173.234.104.3:80] for GET '/wd/hub/session/f2a745a73021f465498297146c9258dc42b45f37/alert/text'
12:02:50.593 [AsyncHttpClient-1-4] DEBUG org.asynchttpclient.netty.handler.HttpHandler - 

Request DefaultFullHttpRequest(decodeResult: success, version: HTTP/1.1, content: EmptyByteBufBE)
GET /wd/hub/session/f2a745a73021f465498297146c9258dc42b45f37/alert/text HTTP/1.1
User-Agent: selenium/4.1.3 (java windows)
Cache-Control: no-cache
traceparent: 00-ca3dbd6b657bafcc763a63fb3a956644-6083167c66f742b8-01
Content-Type: application/json; charset=utf-8
host: hub-cloud.browserstack.com
authorization: Basic bmd1eW5hbmhkbmdfUUNySERrOm1OVG50OWJnenhBcWJBRVZ3aDZZ
accept: */*

Response DefaultHttpResponse(decodeResult: success, version: HTTP/1.1)
HTTP/1.1 200 OK
Server: nginx
Date: Mon, 09 May 2022 05:02:50 GMT
Content-Type: application/json;charset=utf-8
Connection: keep-alive
Source-From: 02
expires: Thu, 01 Jan 1970 00:00:00 GMT
cache-control: no-cache, no-cache
temp-header: 3698-5157118673-1-1652072570.379-rproxy-core-001-dcp-apse2a-prod.browserstack.com
content-length: 29

12:02:50.594 [AsyncHttpClient-1-4] DEBUG org.asynchttpclient.netty.channel.ChannelManager - Adding key: http://hub-cloud.browserstack.com:80 for channel [id: 0x4570a0cd, L:/172.17.19.76:57260 - R:hub-cloud.browserstack.com/173.234.104.3:80]
12:02:50.595 [Forwarding getAlertText on session f2a745a73021f465498297146c9258dc42b45f37 to remote] DEBUG org.asynchttpclient.netty.request.NettyRequestSender - Using pooled Channel '[id: 0x4570a0cd, L:/172.17.19.76:57260 - R:hub-cloud.browserstack.com/173.234.104.3:80]' for 'GET' to 'http://nguynanhdng_QCrHDk:mNTnt9bgzxAqbAEVwh6Y@hub-cloud.browserstack.com/wd/hub/session/f2a745a73021f465498297146c9258dc42b45f37/alert/text'
12:02:50.596 [Forwarding getAlertText on session f2a745a73021f465498297146c9258dc42b45f37 to remote] DEBUG org.asynchttpclient.netty.request.NettyRequestSender - Using open Channel [id: 0x4570a0cd, L:/172.17.19.76:57260 - R:hub-cloud.browserstack.com/173.234.104.3:80] for GET '/wd/hub/session/f2a745a73021f465498297146c9258dc42b45f37/alert/text'
12:02:50.880 [AsyncHttpClient-1-4] DEBUG org.asynchttpclient.netty.handler.HttpHandler - 

Request DefaultFullHttpRequest(decodeResult: success, version: HTTP/1.1, content: EmptyByteBufBE)
GET /wd/hub/session/f2a745a73021f465498297146c9258dc42b45f37/alert/text HTTP/1.1
User-Agent: selenium/4.1.3 (java windows)
Cache-Control: no-cache
traceparent: 00-a0248a7b865fbe998c8ff0cab6e5383c-118331703633a8f0-01
Content-Type: application/json; charset=utf-8
host: hub-cloud.browserstack.com
authorization: Basic bmd1eW5hbmhkbmdfUUNySERrOm1OVG50OWJnenhBcWJBRVZ3aDZZ
accept: */*

Response DefaultHttpResponse(decodeResult: success, version: HTTP/1.1)
HTTP/1.1 200 OK
Server: nginx
Date: Mon, 09 May 2022 05:02:50 GMT
Content-Type: application/json;charset=utf-8
Connection: keep-alive
Source-From: 02
expires: Thu, 01 Jan 1970 00:00:00 GMT
cache-control: no-cache, no-cache
temp-header: 3692-5157118772-1-1652072570.680-rproxy-core-001-dcp-apse2a-prod.browserstack.com
content-length: 29

12:02:50.881 [AsyncHttpClient-1-4] DEBUG org.asynchttpclient.netty.channel.ChannelManager - Adding key: http://hub-cloud.browserstack.com:80 for channel [id: 0x4570a0cd, L:/172.17.19.76:57260 - R:hub-cloud.browserstack.com/173.234.104.3:80]
12:02:50.882 [Forwarding acceptAlert on session f2a745a73021f465498297146c9258dc42b45f37 to remote] DEBUG org.asynchttpclient.netty.request.NettyRequestSender - Using pooled Channel '[id: 0x4570a0cd, L:/172.17.19.76:57260 - R:hub-cloud.browserstack.com/173.234.104.3:80]' for 'POST' to 'http://nguynanhdng_QCrHDk:mNTnt9bgzxAqbAEVwh6Y@hub-cloud.browserstack.com/wd/hub/session/f2a745a73021f465498297146c9258dc42b45f37/alert/accept'
12:02:50.882 [Forwarding acceptAlert on session f2a745a73021f465498297146c9258dc42b45f37 to remote] DEBUG org.asynchttpclient.netty.request.NettyRequestSender - Using open Channel [id: 0x4570a0cd, L:/172.17.19.76:57260 - R:hub-cloud.browserstack.com/173.234.104.3:80] for POST '/wd/hub/session/f2a745a73021f465498297146c9258dc42b45f37/alert/accept'
12:02:51.183 [AsyncHttpClient-1-4] DEBUG org.asynchttpclient.netty.handler.HttpHandler - 

Request DefaultHttpRequest(decodeResult: success, version: HTTP/1.1)
POST /wd/hub/session/f2a745a73021f465498297146c9258dc42b45f37/alert/accept HTTP/1.1
User-Agent: selenium/4.1.3 (java windows)
traceparent: 00-240f1ff17037ef0f864f1ae48e1f27bf-034a46abccbda7ee-01
Content-Length: 3
Content-Type: application/json; charset=utf-8
host: hub-cloud.browserstack.com
authorization: Basic bmd1eW5hbmhkbmdfUUNySERrOm1OVG50OWJnenhBcWJBRVZ3aDZZ
accept: */*

Response DefaultHttpResponse(decodeResult: success, version: HTTP/1.1)
HTTP/1.1 200 OK
Server: nginx
Date: Mon, 09 May 2022 05:02:50 GMT
Content-Type: application/json;charset=utf-8
Connection: keep-alive
Source-From: 02
expires: Thu, 01 Jan 1970 00:00:00 GMT
cache-control: no-cache, no-cache
temp-header: 3697-5157118876-1-1652072570.974-rproxy-core-001-dcp-apse2a-prod.browserstack.com
content-length: 14

12:02:51.184 [AsyncHttpClient-1-4] DEBUG org.asynchttpclient.netty.channel.ChannelManager - Adding key: http://hub-cloud.browserstack.com:80 for channel [id: 0x4570a0cd, L:/172.17.19.76:57260 - R:hub-cloud.browserstack.com/173.234.104.3:80]
12:02:51.187 [main] DEBUG net.thucydides.core.steps.StepInterceptor - STEP DONE: checkInvalid
  &amp#27;[32mThen &amp#27;[0m&amp#27;[32mthe error message &amp#27;[0m&amp#27;[32m&amp#27;[1m'User is not valid'&amp#27;[0m&amp#27;[32m is displayed&amp#27;[0m       &amp#27;[90m# cucumber.LoginStepDefs.the_error_message_user_is_not_valid_is_displayed(java.lang.String)&amp#27;[0m
]]></system-out>
  </testcase>
  <testcase name="user login unsuccessful #4" classname="user login to the page unsuccessful" time="17.288">
    <system-out><![CDATA[
@unit
Scenario Outline: user login unsuccessful                       &amp#27;[90m# src/test/resources/features.login/login_unsuccess.feature:12&amp#27;[0m
12:02:51.202 [main] INFO io.cucumber.core.plugin.SerenityReporter - Running feature from file:///D:/Pratice/serenity_homework/src/test/resources/features.login/login_unsuccess.feature
12:02:51.202 [main] WARN io.cucumber.core.plugin.SerenityReporter - Feature from file:///D:/Pratice/serenity_homework/src/test/resources/features.login/login_unsuccess.feature is not under the 'features' directory. Requirements report will not be correctly generated!
12:02:51.226 [main] DEBUG io.github.bonigarcia.wdm.cache.ResolutionCache - Resolution chrome=101 in cache (valid until 12:13:55 09/05/2022 ICT)
12:02:51.227 [main] DEBUG io.github.bonigarcia.wdm.cache.ResolutionCache - Resolution chrome101=101.0.4951.41 in cache (valid until 22:55:19 09/05/2022 ICT)
12:02:51.227 [main] INFO io.github.bonigarcia.wdm.WebDriverManager - Using chromedriver 101.0.4951.41 (resolved driver for Chrome 101)
12:02:51.231 [main] DEBUG io.github.bonigarcia.wdm.WebDriverManager - Driver chromedriver 101.0.4951.41 found in cache
12:02:51.231 [main] INFO io.github.bonigarcia.wdm.WebDriverManager - Exporting webdriver.chrome.driver as C:\Users\dung.nguyenanh\.cache\selenium\chromedriver\win32\101.0.4951.41\chromedriver.exe
12:02:51.232 [Forwarding get on session f2a745a73021f465498297146c9258dc42b45f37 to remote] DEBUG org.asynchttpclient.netty.request.NettyRequestSender - Using pooled Channel '[id: 0x4570a0cd, L:/172.17.19.76:57260 - R:hub-cloud.browserstack.com/173.234.104.3:80]' for 'POST' to 'http://nguynanhdng_QCrHDk:mNTnt9bgzxAqbAEVwh6Y@hub-cloud.browserstack.com/wd/hub/session/f2a745a73021f465498297146c9258dc42b45f37/url'
12:02:51.232 [Forwarding get on session f2a745a73021f465498297146c9258dc42b45f37 to remote] DEBUG org.asynchttpclient.netty.request.NettyRequestSender - Using open Channel [id: 0x4570a0cd, L:/172.17.19.76:57260 - R:hub-cloud.browserstack.com/173.234.104.3:80] for POST '/wd/hub/session/f2a745a73021f465498297146c9258dc42b45f37/url'
12:02:56.105 [AsyncHttpClient-1-4] DEBUG org.asynchttpclient.netty.handler.HttpHandler - 

Request DefaultHttpRequest(decodeResult: success, version: HTTP/1.1)
POST /wd/hub/session/f2a745a73021f465498297146c9258dc42b45f37/url HTTP/1.1
User-Agent: selenium/4.1.3 (java windows)
traceparent: 00-689b875f57ee4ab29964f9b8624020b3-51b3a36101f8111e-01
Content-Length: 94
Content-Type: application/json; charset=utf-8
host: hub-cloud.browserstack.com
authorization: Basic bmd1eW5hbmhkbmdfUUNySERrOm1OVG50OWJnenhBcWJBRVZ3aDZZ
accept: */*

Response DefaultHttpResponse(decodeResult: success, version: HTTP/1.1)
HTTP/1.1 200 OK
Server: nginx
Date: Mon, 09 May 2022 05:02:55 GMT
Content-Type: application/json;charset=utf-8
Connection: keep-alive
Source-From: 02
expires: Thu, 01 Jan 1970 00:00:00 GMT
cache-control: no-cache, no-cache
temp-header: 3696-5157119748-1-1652072575.926-rproxy-core-001-dcp-apse2a-prod.browserstack.com
content-length: 14

12:02:56.106 [AsyncHttpClient-1-4] DEBUG org.asynchttpclient.netty.channel.ChannelManager - Adding key: http://hub-cloud.browserstack.com:80 for channel [id: 0x4570a0cd, L:/172.17.19.76:57260 - R:hub-cloud.browserstack.com/173.234.104.3:80]
12:02:56.108 [Forwarding getCurrentUrl on session f2a745a73021f465498297146c9258dc42b45f37 to remote] DEBUG org.asynchttpclient.netty.request.NettyRequestSender - Using pooled Channel '[id: 0x4570a0cd, L:/172.17.19.76:57260 - R:hub-cloud.browserstack.com/173.234.104.3:80]' for 'GET' to 'http://nguynanhdng_QCrHDk:mNTnt9bgzxAqbAEVwh6Y@hub-cloud.browserstack.com/wd/hub/session/f2a745a73021f465498297146c9258dc42b45f37/url'
12:02:56.109 [Forwarding getCurrentUrl on session f2a745a73021f465498297146c9258dc42b45f37 to remote] DEBUG org.asynchttpclient.netty.request.NettyRequestSender - Using open Channel [id: 0x4570a0cd, L:/172.17.19.76:57260 - R:hub-cloud.browserstack.com/173.234.104.3:80] for GET '/wd/hub/session/f2a745a73021f465498297146c9258dc42b45f37/url'
12:02:57.225 [AsyncHttpClient-1-4] DEBUG org.asynchttpclient.netty.handler.HttpHandler - 

Request DefaultFullHttpRequest(decodeResult: success, version: HTTP/1.1, content: EmptyByteBufBE)
GET /wd/hub/session/f2a745a73021f465498297146c9258dc42b45f37/url HTTP/1.1
User-Agent: selenium/4.1.3 (java windows)
Cache-Control: no-cache
traceparent: 00-2ee12025b0860c6fe0bee1613f3f0d53-8fe8289e30015c6d-01
Content-Type: application/json; charset=utf-8
host: hub-cloud.browserstack.com
authorization: Basic bmd1eW5hbmhkbmdfUUNySERrOm1OVG50OWJnenhBcWJBRVZ3aDZZ
accept: */*

Response DefaultHttpResponse(decodeResult: success, version: HTTP/1.1)
HTTP/1.1 200 OK
Server: nginx
Date: Mon, 09 May 2022 05:02:56 GMT
Content-Type: application/json;charset=utf-8
Connection: keep-alive
Source-From: 02
expires: Thu, 01 Jan 1970 00:00:00 GMT
cache-control: no-cache, no-cache
temp-header: 3692-5157120825-1-1652072576.951-rproxy-core-001-dcp-apse2a-prod.browserstack.com
content-length: 61

12:02:57.226 [AsyncHttpClient-1-4] DEBUG org.asynchttpclient.netty.channel.ChannelManager - Adding key: http://hub-cloud.browserstack.com:80 for channel [id: 0x4570a0cd, L:/172.17.19.76:57260 - R:hub-cloud.browserstack.com/173.234.104.3:80]
12:02:57.228 [Forwarding getCurrentUrl on session f2a745a73021f465498297146c9258dc42b45f37 to remote] DEBUG org.asynchttpclient.netty.request.NettyRequestSender - Using pooled Channel '[id: 0x4570a0cd, L:/172.17.19.76:57260 - R:hub-cloud.browserstack.com/173.234.104.3:80]' for 'GET' to 'http://nguynanhdng_QCrHDk:mNTnt9bgzxAqbAEVwh6Y@hub-cloud.browserstack.com/wd/hub/session/f2a745a73021f465498297146c9258dc42b45f37/url'
12:02:57.228 [Forwarding getCurrentUrl on session f2a745a73021f465498297146c9258dc42b45f37 to remote] DEBUG org.asynchttpclient.netty.request.NettyRequestSender - Using open Channel [id: 0x4570a0cd, L:/172.17.19.76:57260 - R:hub-cloud.browserstack.com/173.234.104.3:80] for GET '/wd/hub/session/f2a745a73021f465498297146c9258dc42b45f37/url'
12:02:57.530 [AsyncHttpClient-1-4] DEBUG org.asynchttpclient.netty.handler.HttpHandler - 

Request DefaultFullHttpRequest(decodeResult: success, version: HTTP/1.1, content: EmptyByteBufBE)
GET /wd/hub/session/f2a745a73021f465498297146c9258dc42b45f37/url HTTP/1.1
User-Agent: selenium/4.1.3 (java windows)
Cache-Control: no-cache
traceparent: 00-a1a8b4063bc4303e42ea1066ca448b99-ee5ced4c9f0e60ec-01
Content-Type: application/json; charset=utf-8
host: hub-cloud.browserstack.com
authorization: Basic bmd1eW5hbmhkbmdfUUNySERrOm1OVG50OWJnenhBcWJBRVZ3aDZZ
accept: */*

Response DefaultHttpResponse(decodeResult: success, version: HTTP/1.1)
HTTP/1.1 200 OK
Server: nginx
Date: Mon, 09 May 2022 05:02:57 GMT
Content-Type: application/json;charset=utf-8
Connection: keep-alive
Source-From: 02
expires: Thu, 01 Jan 1970 00:00:00 GMT
cache-control: no-cache, no-cache
temp-header: 2029-2500111150-1-1652072577.344-rproxy-core-002-dcp-apse2a-prod.browserstack.com
content-length: 61

12:02:57.530 [AsyncHttpClient-1-4] DEBUG org.asynchttpclient.netty.channel.ChannelManager - Adding key: http://hub-cloud.browserstack.com:80 for channel [id: 0x4570a0cd, L:/172.17.19.76:57260 - R:hub-cloud.browserstack.com/173.234.104.3:80]
12:02:57.533 [Forwarding maximizeCurrentWindow on session f2a745a73021f465498297146c9258dc42b45f37 to remote] DEBUG org.asynchttpclient.netty.request.NettyRequestSender - Using pooled Channel '[id: 0x4570a0cd, L:/172.17.19.76:57260 - R:hub-cloud.browserstack.com/173.234.104.3:80]' for 'POST' to 'http://nguynanhdng_QCrHDk:mNTnt9bgzxAqbAEVwh6Y@hub-cloud.browserstack.com/wd/hub/session/f2a745a73021f465498297146c9258dc42b45f37/window/maximize'
12:02:57.534 [Forwarding maximizeCurrentWindow on session f2a745a73021f465498297146c9258dc42b45f37 to remote] DEBUG org.asynchttpclient.netty.request.NettyRequestSender - Using open Channel [id: 0x4570a0cd, L:/172.17.19.76:57260 - R:hub-cloud.browserstack.com/173.234.104.3:80] for POST '/wd/hub/session/f2a745a73021f465498297146c9258dc42b45f37/window/maximize'
12:02:57.905 [AsyncHttpClient-1-4] DEBUG org.asynchttpclient.netty.handler.HttpHandler - 

Request DefaultHttpRequest(decodeResult: success, version: HTTP/1.1)
POST /wd/hub/session/f2a745a73021f465498297146c9258dc42b45f37/window/maximize HTTP/1.1
User-Agent: selenium/4.1.3 (java windows)
traceparent: 00-58fdd75a3ff905ade51c7a63def1b991-566ac7529a4ebbe9-01
Content-Length: 3
Content-Type: application/json; charset=utf-8
host: hub-cloud.browserstack.com
authorization: Basic bmd1eW5hbmhkbmdfUUNySERrOm1OVG50OWJnenhBcWJBRVZ3aDZZ
accept: */*

Response DefaultHttpResponse(decodeResult: success, version: HTTP/1.1)
HTTP/1.1 200 OK
Server: nginx
Date: Mon, 09 May 2022 05:02:57 GMT
Content-Type: application/json;charset=utf-8
Connection: keep-alive
Source-From: 02
expires: Thu, 01 Jan 1970 00:00:00 GMT
cache-control: no-cache, no-cache
temp-header: 3689-5157121061-1-1652072577.724-rproxy-core-001-dcp-apse2a-prod.browserstack.com
content-length: 52

12:02:57.906 [AsyncHttpClient-1-4] DEBUG org.asynchttpclient.netty.channel.ChannelManager - Adding key: http://hub-cloud.browserstack.com:80 for channel [id: 0x4570a0cd, L:/172.17.19.76:57260 - R:hub-cloud.browserstack.com/173.234.104.3:80]
12:02:57.922 [main] DEBUG net.thucydides.core.steps.StepInterceptor - STARTING STEP: LoginStepDefs.the_user_enters_the_username_and_password - login
12:02:57.927 [Forwarding setTimeout on session f2a745a73021f465498297146c9258dc42b45f37 to remote] DEBUG org.asynchttpclient.netty.request.NettyRequestSender - Using pooled Channel '[id: 0x4570a0cd, L:/172.17.19.76:57260 - R:hub-cloud.browserstack.com/173.234.104.3:80]' for 'POST' to 'http://nguynanhdng_QCrHDk:mNTnt9bgzxAqbAEVwh6Y@hub-cloud.browserstack.com/wd/hub/session/f2a745a73021f465498297146c9258dc42b45f37/timeouts'
12:02:57.928 [Forwarding setTimeout on session f2a745a73021f465498297146c9258dc42b45f37 to remote] DEBUG org.asynchttpclient.netty.request.NettyRequestSender - Using open Channel [id: 0x4570a0cd, L:/172.17.19.76:57260 - R:hub-cloud.browserstack.com/173.234.104.3:80] for POST '/wd/hub/session/f2a745a73021f465498297146c9258dc42b45f37/timeouts'
12:02:58.208 [AsyncHttpClient-1-4] DEBUG org.asynchttpclient.netty.handler.HttpHandler - 

Request DefaultHttpRequest(decodeResult: success, version: HTTP/1.1)
POST /wd/hub/session/f2a745a73021f465498297146c9258dc42b45f37/timeouts HTTP/1.1
User-Agent: selenium/4.1.3 (java windows)
traceparent: 00-0e6d2085d1fb55fca9f2e407f32459df-ae302091658ff904-01
Content-Length: 19
Content-Type: application/json; charset=utf-8
host: hub-cloud.browserstack.com
authorization: Basic bmd1eW5hbmhkbmdfUUNySERrOm1OVG50OWJnenhBcWJBRVZ3aDZZ
accept: */*

Response DefaultHttpResponse(decodeResult: success, version: HTTP/1.1)
HTTP/1.1 200 OK
Server: nginx
Date: Mon, 09 May 2022 05:02:58 GMT
Content-Type: application/json;charset=utf-8
Connection: keep-alive
Source-From: 02
expires: Thu, 01 Jan 1970 00:00:00 GMT
cache-control: no-cache, no-cache
temp-header: 3694-5157121187-1-1652072578.024-rproxy-core-001-dcp-apse2a-prod.browserstack.com
content-length: 14

12:02:58.208 [AsyncHttpClient-1-4] DEBUG org.asynchttpclient.netty.channel.ChannelManager - Adding key: http://hub-cloud.browserstack.com:80 for channel [id: 0x4570a0cd, L:/172.17.19.76:57260 - R:hub-cloud.browserstack.com/173.234.104.3:80]
12:02:58.212 [Forwarding findElement on session f2a745a73021f465498297146c9258dc42b45f37 to remote] DEBUG org.asynchttpclient.netty.request.NettyRequestSender - Using pooled Channel '[id: 0x4570a0cd, L:/172.17.19.76:57260 - R:hub-cloud.browserstack.com/173.234.104.3:80]' for 'POST' to 'http://nguynanhdng_QCrHDk:mNTnt9bgzxAqbAEVwh6Y@hub-cloud.browserstack.com/wd/hub/session/f2a745a73021f465498297146c9258dc42b45f37/element'
12:02:58.212 [Forwarding findElement on session f2a745a73021f465498297146c9258dc42b45f37 to remote] DEBUG org.asynchttpclient.netty.request.NettyRequestSender - Using open Channel [id: 0x4570a0cd, L:/172.17.19.76:57260 - R:hub-cloud.browserstack.com/173.234.104.3:80] for POST '/wd/hub/session/f2a745a73021f465498297146c9258dc42b45f37/element'
12:02:58.560 [AsyncHttpClient-1-4] DEBUG org.asynchttpclient.netty.handler.HttpHandler - 

Request DefaultHttpRequest(decodeResult: success, version: HTTP/1.1)
POST /wd/hub/session/f2a745a73021f465498297146c9258dc42b45f37/element HTTP/1.1
User-Agent: selenium/4.1.3 (java windows)
traceparent: 00-8d140302ff7737a527101db984cff457-5e21fe3f6a3afcd1-01
Content-Length: 61
Content-Type: application/json; charset=utf-8
host: hub-cloud.browserstack.com
authorization: Basic bmd1eW5hbmhkbmdfUUNySERrOm1OVG50OWJnenhBcWJBRVZ3aDZZ
accept: */*

Response DefaultHttpResponse(decodeResult: success, version: HTTP/1.1)
HTTP/1.1 200 OK
Server: nginx
Date: Mon, 09 May 2022 05:02:58 GMT
Content-Type: application/json;charset=utf-8
Connection: keep-alive
Source-From: 02
expires: Thu, 01 Jan 1970 00:00:00 GMT
cache-control: no-cache, no-cache
temp-header: 3691-5157121289-1-1652072578.337-rproxy-core-001-dcp-apse2a-prod.browserstack.com
content-length: 88

12:02:58.560 [AsyncHttpClient-1-4] DEBUG org.asynchttpclient.netty.channel.ChannelManager - Adding key: http://hub-cloud.browserstack.com:80 for channel [id: 0x4570a0cd, L:/172.17.19.76:57260 - R:hub-cloud.browserstack.com/173.234.104.3:80]
12:02:58.563 [Forwarding setTimeout on session f2a745a73021f465498297146c9258dc42b45f37 to remote] DEBUG org.asynchttpclient.netty.request.NettyRequestSender - Using pooled Channel '[id: 0x4570a0cd, L:/172.17.19.76:57260 - R:hub-cloud.browserstack.com/173.234.104.3:80]' for 'POST' to 'http://nguynanhdng_QCrHDk:mNTnt9bgzxAqbAEVwh6Y@hub-cloud.browserstack.com/wd/hub/session/f2a745a73021f465498297146c9258dc42b45f37/timeouts'
12:02:58.563 [Forwarding setTimeout on session f2a745a73021f465498297146c9258dc42b45f37 to remote] DEBUG org.asynchttpclient.netty.request.NettyRequestSender - Using open Channel [id: 0x4570a0cd, L:/172.17.19.76:57260 - R:hub-cloud.browserstack.com/173.234.104.3:80] for POST '/wd/hub/session/f2a745a73021f465498297146c9258dc42b45f37/timeouts'
12:02:58.866 [AsyncHttpClient-1-4] DEBUG org.asynchttpclient.netty.handler.HttpHandler - 

Request DefaultHttpRequest(decodeResult: success, version: HTTP/1.1)
POST /wd/hub/session/f2a745a73021f465498297146c9258dc42b45f37/timeouts HTTP/1.1
User-Agent: selenium/4.1.3 (java windows)
traceparent: 00-a82d771aaca05e57a524067485f00bdd-8baf7358f63bb135-01
Content-Length: 22
Content-Type: application/json; charset=utf-8
host: hub-cloud.browserstack.com
authorization: Basic bmd1eW5hbmhkbmdfUUNySERrOm1OVG50OWJnenhBcWJBRVZ3aDZZ
accept: */*

Response DefaultHttpResponse(decodeResult: success, version: HTTP/1.1)
HTTP/1.1 200 OK
Server: nginx
Date: Mon, 09 May 2022 05:02:58 GMT
Content-Type: application/json;charset=utf-8
Connection: keep-alive
Source-From: 02
expires: Thu, 01 Jan 1970 00:00:00 GMT
cache-control: no-cache, no-cache
temp-header: 3700-5157121405-1-1652072578.673-rproxy-core-001-dcp-apse2a-prod.browserstack.com
content-length: 14

12:02:58.866 [AsyncHttpClient-1-4] DEBUG org.asynchttpclient.netty.channel.ChannelManager - Adding key: http://hub-cloud.browserstack.com:80 for channel [id: 0x4570a0cd, L:/172.17.19.76:57260 - R:hub-cloud.browserstack.com/173.234.104.3:80]
12:02:58.873 [Forwarding isElementDisplayed on session f2a745a73021f465498297146c9258dc42b45f37 to remote] DEBUG org.asynchttpclient.netty.request.NettyRequestSender - Using pooled Channel '[id: 0x4570a0cd, L:/172.17.19.76:57260 - R:hub-cloud.browserstack.com/173.234.104.3:80]' for 'POST' to 'http://nguynanhdng_QCrHDk:mNTnt9bgzxAqbAEVwh6Y@hub-cloud.browserstack.com/wd/hub/session/f2a745a73021f465498297146c9258dc42b45f37/execute/sync'
12:02:58.873 [Forwarding isElementDisplayed on session f2a745a73021f465498297146c9258dc42b45f37 to remote] DEBUG org.asynchttpclient.netty.request.NettyRequestSender - Using open Channel [id: 0x4570a0cd, L:/172.17.19.76:57260 - R:hub-cloud.browserstack.com/173.234.104.3:80] for POST '/wd/hub/session/f2a745a73021f465498297146c9258dc42b45f37/execute/sync'
12:02:59.205 [AsyncHttpClient-1-4] DEBUG org.asynchttpclient.netty.handler.HttpHandler - 

Request DefaultHttpRequest(decodeResult: success, version: HTTP/1.1)
POST /wd/hub/session/f2a745a73021f465498297146c9258dc42b45f37/execute/sync HTTP/1.1
User-Agent: selenium/4.1.3 (java windows)
traceparent: 00-f62a7995343641074d0a8f561649fcad-458e54477b827f85-01
Content-Length: 48780
Content-Type: application/json; charset=utf-8
host: hub-cloud.browserstack.com
authorization: Basic bmd1eW5hbmhkbmdfUUNySERrOm1OVG50OWJnenhBcWJBRVZ3aDZZ
accept: */*

Response DefaultHttpResponse(decodeResult: success, version: HTTP/1.1)
HTTP/1.1 200 OK
Server: nginx
Date: Mon, 09 May 2022 05:02:59 GMT
Content-Type: application/json;charset=utf-8
Connection: keep-alive
Source-From: 02
expires: Thu, 01 Jan 1970 00:00:00 GMT
cache-control: no-cache, no-cache
temp-header: 3690-5157121535-1-1652072579.025-rproxy-core-001-dcp-apse2a-prod.browserstack.com
content-length: 14

12:02:59.206 [AsyncHttpClient-1-4] DEBUG org.asynchttpclient.netty.channel.ChannelManager - Adding key: http://hub-cloud.browserstack.com:80 for channel [id: 0x4570a0cd, L:/172.17.19.76:57260 - R:hub-cloud.browserstack.com/173.234.104.3:80]
12:02:59.210 [Forwarding clearElement on session f2a745a73021f465498297146c9258dc42b45f37 to remote] DEBUG org.asynchttpclient.netty.request.NettyRequestSender - Using pooled Channel '[id: 0x4570a0cd, L:/172.17.19.76:57260 - R:hub-cloud.browserstack.com/173.234.104.3:80]' for 'POST' to 'http://nguynanhdng_QCrHDk:mNTnt9bgzxAqbAEVwh6Y@hub-cloud.browserstack.com/wd/hub/session/f2a745a73021f465498297146c9258dc42b45f37/element/29806f08-6017-4c04-b5ce-8fa1d51e0629/clear'
12:02:59.210 [Forwarding clearElement on session f2a745a73021f465498297146c9258dc42b45f37 to remote] DEBUG org.asynchttpclient.netty.request.NettyRequestSender - Using open Channel [id: 0x4570a0cd, L:/172.17.19.76:57260 - R:hub-cloud.browserstack.com/173.234.104.3:80] for POST '/wd/hub/session/f2a745a73021f465498297146c9258dc42b45f37/element/29806f08-6017-4c04-b5ce-8fa1d51e0629/clear'
12:02:59.555 [AsyncHttpClient-1-4] DEBUG org.asynchttpclient.netty.handler.HttpHandler - 

Request DefaultHttpRequest(decodeResult: success, version: HTTP/1.1)
POST /wd/hub/session/f2a745a73021f465498297146c9258dc42b45f37/element/29806f08-6017-4c04-b5ce-8fa1d51e0629/clear HTTP/1.1
User-Agent: selenium/4.1.3 (java windows)
traceparent: 00-184065fef438111ac5b4a692b38e3538-62492d9a9a84758e-01
Content-Length: 50
Content-Type: application/json; charset=utf-8
host: hub-cloud.browserstack.com
authorization: Basic bmd1eW5hbmhkbmdfUUNySERrOm1OVG50OWJnenhBcWJBRVZ3aDZZ
accept: */*

Response DefaultHttpResponse(decodeResult: success, version: HTTP/1.1)
HTTP/1.1 200 OK
Server: nginx
Date: Mon, 09 May 2022 05:02:59 GMT
Content-Type: application/json;charset=utf-8
Connection: keep-alive
Source-From: 02
expires: Thu, 01 Jan 1970 00:00:00 GMT
cache-control: no-cache, no-cache
temp-header: 3692-5157121703-1-1652072579.377-rproxy-core-001-dcp-apse2a-prod.browserstack.com
content-length: 14

12:02:59.555 [AsyncHttpClient-1-4] DEBUG org.asynchttpclient.netty.channel.ChannelManager - Adding key: http://hub-cloud.browserstack.com:80 for channel [id: 0x4570a0cd, L:/172.17.19.76:57260 - R:hub-cloud.browserstack.com/173.234.104.3:80]
12:02:59.559 [Forwarding sendKeysToElement on session f2a745a73021f465498297146c9258dc42b45f37 to remote] DEBUG org.asynchttpclient.netty.request.NettyRequestSender - Using pooled Channel '[id: 0x4570a0cd, L:/172.17.19.76:57260 - R:hub-cloud.browserstack.com/173.234.104.3:80]' for 'POST' to 'http://nguynanhdng_QCrHDk:mNTnt9bgzxAqbAEVwh6Y@hub-cloud.browserstack.com/wd/hub/session/f2a745a73021f465498297146c9258dc42b45f37/element/29806f08-6017-4c04-b5ce-8fa1d51e0629/value'
12:02:59.559 [Forwarding sendKeysToElement on session f2a745a73021f465498297146c9258dc42b45f37 to remote] DEBUG org.asynchttpclient.netty.request.NettyRequestSender - Using open Channel [id: 0x4570a0cd, L:/172.17.19.76:57260 - R:hub-cloud.browserstack.com/173.234.104.3:80] for POST '/wd/hub/session/f2a745a73021f465498297146c9258dc42b45f37/element/29806f08-6017-4c04-b5ce-8fa1d51e0629/value'
12:03:00.036 [AsyncHttpClient-1-4] DEBUG org.asynchttpclient.netty.handler.HttpHandler - 

Request DefaultHttpRequest(decodeResult: success, version: HTTP/1.1)
POST /wd/hub/session/f2a745a73021f465498297146c9258dc42b45f37/element/29806f08-6017-4c04-b5ce-8fa1d51e0629/value HTTP/1.1
User-Agent: selenium/4.1.3 (java windows)
traceparent: 00-32f8579cfb3e09b32c739eb493b0d604-66cb0d689eaf7f8f-01
Content-Length: 181
Content-Type: application/json; charset=utf-8
host: hub-cloud.browserstack.com
authorization: Basic bmd1eW5hbmhkbmdfUUNySERrOm1OVG50OWJnenhBcWJBRVZ3aDZZ
accept: */*

Response DefaultHttpResponse(decodeResult: success, version: HTTP/1.1)
HTTP/1.1 200 OK
Server: nginx
Date: Mon, 09 May 2022 05:02:59 GMT
Content-Type: application/json;charset=utf-8
Connection: keep-alive
Source-From: 02
expires: Thu, 01 Jan 1970 00:00:00 GMT
cache-control: no-cache, no-cache
temp-header: 3699-5157121843-1-1652072579.855-rproxy-core-001-dcp-apse2a-prod.browserstack.com
content-length: 14

12:03:00.037 [AsyncHttpClient-1-4] DEBUG org.asynchttpclient.netty.channel.ChannelManager - Adding key: http://hub-cloud.browserstack.com:80 for channel [id: 0x4570a0cd, L:/172.17.19.76:57260 - R:hub-cloud.browserstack.com/173.234.104.3:80]
12:03:00.047 [Forwarding setTimeout on session f2a745a73021f465498297146c9258dc42b45f37 to remote] DEBUG org.asynchttpclient.netty.request.NettyRequestSender - Using pooled Channel '[id: 0x4570a0cd, L:/172.17.19.76:57260 - R:hub-cloud.browserstack.com/173.234.104.3:80]' for 'POST' to 'http://nguynanhdng_QCrHDk:mNTnt9bgzxAqbAEVwh6Y@hub-cloud.browserstack.com/wd/hub/session/f2a745a73021f465498297146c9258dc42b45f37/timeouts'
12:03:00.047 [Forwarding setTimeout on session f2a745a73021f465498297146c9258dc42b45f37 to remote] DEBUG org.asynchttpclient.netty.request.NettyRequestSender - Using open Channel [id: 0x4570a0cd, L:/172.17.19.76:57260 - R:hub-cloud.browserstack.com/173.234.104.3:80] for POST '/wd/hub/session/f2a745a73021f465498297146c9258dc42b45f37/timeouts'
12:03:00.358 [AsyncHttpClient-1-4] DEBUG org.asynchttpclient.netty.handler.HttpHandler - 

Request DefaultHttpRequest(decodeResult: success, version: HTTP/1.1)
POST /wd/hub/session/f2a745a73021f465498297146c9258dc42b45f37/timeouts HTTP/1.1
User-Agent: selenium/4.1.3 (java windows)
traceparent: 00-d7179de7269c5c7b51310dd24f7e4e78-6f5f030841d57059-01
Content-Length: 19
Content-Type: application/json; charset=utf-8
host: hub-cloud.browserstack.com
authorization: Basic bmd1eW5hbmhkbmdfUUNySERrOm1OVG50OWJnenhBcWJBRVZ3aDZZ
accept: */*

Response DefaultHttpResponse(decodeResult: success, version: HTTP/1.1)
HTTP/1.1 200 OK
Server: nginx
Date: Mon, 09 May 2022 05:03:00 GMT
Content-Type: application/json;charset=utf-8
Connection: keep-alive
Source-From: 02
expires: Thu, 01 Jan 1970 00:00:00 GMT
cache-control: no-cache, no-cache
temp-header: 3695-5157122033-1-1652072580.177-rproxy-core-001-dcp-apse2a-prod.browserstack.com
content-length: 14

12:03:00.358 [AsyncHttpClient-1-4] DEBUG org.asynchttpclient.netty.channel.ChannelManager - Adding key: http://hub-cloud.browserstack.com:80 for channel [id: 0x4570a0cd, L:/172.17.19.76:57260 - R:hub-cloud.browserstack.com/173.234.104.3:80]
12:03:00.362 [Forwarding findElement on session f2a745a73021f465498297146c9258dc42b45f37 to remote] DEBUG org.asynchttpclient.netty.request.NettyRequestSender - Using pooled Channel '[id: 0x4570a0cd, L:/172.17.19.76:57260 - R:hub-cloud.browserstack.com/173.234.104.3:80]' for 'POST' to 'http://nguynanhdng_QCrHDk:mNTnt9bgzxAqbAEVwh6Y@hub-cloud.browserstack.com/wd/hub/session/f2a745a73021f465498297146c9258dc42b45f37/element'
12:03:00.362 [Forwarding findElement on session f2a745a73021f465498297146c9258dc42b45f37 to remote] DEBUG org.asynchttpclient.netty.request.NettyRequestSender - Using open Channel [id: 0x4570a0cd, L:/172.17.19.76:57260 - R:hub-cloud.browserstack.com/173.234.104.3:80] for POST '/wd/hub/session/f2a745a73021f465498297146c9258dc42b45f37/element'
12:03:00.738 [AsyncHttpClient-1-4] DEBUG org.asynchttpclient.netty.handler.HttpHandler - 

Request DefaultHttpRequest(decodeResult: success, version: HTTP/1.1)
POST /wd/hub/session/f2a745a73021f465498297146c9258dc42b45f37/element HTTP/1.1
User-Agent: selenium/4.1.3 (java windows)
traceparent: 00-a2fe01585effcc5335146d28c57ca2a8-d145d5226195dba0-01
Content-Length: 66
Content-Type: application/json; charset=utf-8
host: hub-cloud.browserstack.com
authorization: Basic bmd1eW5hbmhkbmdfUUNySERrOm1OVG50OWJnenhBcWJBRVZ3aDZZ
accept: */*

Response DefaultHttpResponse(decodeResult: success, version: HTTP/1.1)
HTTP/1.1 200 OK
Server: nginx
Date: Mon, 09 May 2022 05:03:00 GMT
Content-Type: application/json;charset=utf-8
Connection: keep-alive
Source-From: 02
expires: Thu, 01 Jan 1970 00:00:00 GMT
cache-control: no-cache, no-cache
temp-header: 3696-5157122165-1-1652072580.501-rproxy-core-001-dcp-apse2a-prod.browserstack.com
content-length: 88

12:03:00.739 [AsyncHttpClient-1-4] DEBUG org.asynchttpclient.netty.channel.ChannelManager - Adding key: http://hub-cloud.browserstack.com:80 for channel [id: 0x4570a0cd, L:/172.17.19.76:57260 - R:hub-cloud.browserstack.com/173.234.104.3:80]
12:03:00.742 [Forwarding setTimeout on session f2a745a73021f465498297146c9258dc42b45f37 to remote] DEBUG org.asynchttpclient.netty.request.NettyRequestSender - Using pooled Channel '[id: 0x4570a0cd, L:/172.17.19.76:57260 - R:hub-cloud.browserstack.com/173.234.104.3:80]' for 'POST' to 'http://nguynanhdng_QCrHDk:mNTnt9bgzxAqbAEVwh6Y@hub-cloud.browserstack.com/wd/hub/session/f2a745a73021f465498297146c9258dc42b45f37/timeouts'
12:03:00.742 [Forwarding setTimeout on session f2a745a73021f465498297146c9258dc42b45f37 to remote] DEBUG org.asynchttpclient.netty.request.NettyRequestSender - Using open Channel [id: 0x4570a0cd, L:/172.17.19.76:57260 - R:hub-cloud.browserstack.com/173.234.104.3:80] for POST '/wd/hub/session/f2a745a73021f465498297146c9258dc42b45f37/timeouts'
12:03:01.016 [AsyncHttpClient-1-4] DEBUG org.asynchttpclient.netty.handler.HttpHandler - 

Request DefaultHttpRequest(decodeResult: success, version: HTTP/1.1)
POST /wd/hub/session/f2a745a73021f465498297146c9258dc42b45f37/timeouts HTTP/1.1
User-Agent: selenium/4.1.3 (java windows)
traceparent: 00-fe425373044d6907117d00e51c96508c-6bedf361dbe80971-01
Content-Length: 22
Content-Type: application/json; charset=utf-8
host: hub-cloud.browserstack.com
authorization: Basic bmd1eW5hbmhkbmdfUUNySERrOm1OVG50OWJnenhBcWJBRVZ3aDZZ
accept: */*

Response DefaultHttpResponse(decodeResult: success, version: HTTP/1.1)
HTTP/1.1 200 OK
Server: nginx
Date: Mon, 09 May 2022 05:03:00 GMT
Content-Type: application/json;charset=utf-8
Connection: keep-alive
Source-From: 02
expires: Thu, 01 Jan 1970 00:00:00 GMT
cache-control: no-cache, no-cache
temp-header: 3694-5157122287-1-1652072580.838-rproxy-core-001-dcp-apse2a-prod.browserstack.com
content-length: 14

12:03:01.017 [AsyncHttpClient-1-4] DEBUG org.asynchttpclient.netty.channel.ChannelManager - Adding key: http://hub-cloud.browserstack.com:80 for channel [id: 0x4570a0cd, L:/172.17.19.76:57260 - R:hub-cloud.browserstack.com/173.234.104.3:80]
12:03:01.025 [Forwarding isElementDisplayed on session f2a745a73021f465498297146c9258dc42b45f37 to remote] DEBUG org.asynchttpclient.netty.request.NettyRequestSender - Using pooled Channel '[id: 0x4570a0cd, L:/172.17.19.76:57260 - R:hub-cloud.browserstack.com/173.234.104.3:80]' for 'POST' to 'http://nguynanhdng_QCrHDk:mNTnt9bgzxAqbAEVwh6Y@hub-cloud.browserstack.com/wd/hub/session/f2a745a73021f465498297146c9258dc42b45f37/execute/sync'
12:03:01.025 [Forwarding isElementDisplayed on session f2a745a73021f465498297146c9258dc42b45f37 to remote] DEBUG org.asynchttpclient.netty.request.NettyRequestSender - Using open Channel [id: 0x4570a0cd, L:/172.17.19.76:57260 - R:hub-cloud.browserstack.com/173.234.104.3:80] for POST '/wd/hub/session/f2a745a73021f465498297146c9258dc42b45f37/execute/sync'
12:03:01.320 [AsyncHttpClient-1-4] DEBUG org.asynchttpclient.netty.handler.HttpHandler - 

Request DefaultHttpRequest(decodeResult: success, version: HTTP/1.1)
POST /wd/hub/session/f2a745a73021f465498297146c9258dc42b45f37/execute/sync HTTP/1.1
User-Agent: selenium/4.1.3 (java windows)
traceparent: 00-25d76003d14f8834a0c5f7b2d3aded01-b60f104ed474ed00-01
Content-Length: 48780
Content-Type: application/json; charset=utf-8
host: hub-cloud.browserstack.com
authorization: Basic bmd1eW5hbmhkbmdfUUNySERrOm1OVG50OWJnenhBcWJBRVZ3aDZZ
accept: */*

Response DefaultHttpResponse(decodeResult: success, version: HTTP/1.1)
HTTP/1.1 200 OK
Server: nginx
Date: Mon, 09 May 2022 05:03:01 GMT
Content-Type: application/json;charset=utf-8
Connection: keep-alive
Source-From: 02
expires: Thu, 01 Jan 1970 00:00:00 GMT
cache-control: no-cache, no-cache
temp-header: 3694-5157122371-1-1652072581.136-rproxy-core-001-dcp-apse2a-prod.browserstack.com
content-length: 14

12:03:01.321 [AsyncHttpClient-1-4] DEBUG org.asynchttpclient.netty.channel.ChannelManager - Adding key: http://hub-cloud.browserstack.com:80 for channel [id: 0x4570a0cd, L:/172.17.19.76:57260 - R:hub-cloud.browserstack.com/173.234.104.3:80]
12:03:01.326 [Forwarding clearElement on session f2a745a73021f465498297146c9258dc42b45f37 to remote] DEBUG org.asynchttpclient.netty.request.NettyRequestSender - Using pooled Channel '[id: 0x4570a0cd, L:/172.17.19.76:57260 - R:hub-cloud.browserstack.com/173.234.104.3:80]' for 'POST' to 'http://nguynanhdng_QCrHDk:mNTnt9bgzxAqbAEVwh6Y@hub-cloud.browserstack.com/wd/hub/session/f2a745a73021f465498297146c9258dc42b45f37/element/21adb8fb-105d-4636-859e-920cf72761df/clear'
12:03:01.326 [Forwarding clearElement on session f2a745a73021f465498297146c9258dc42b45f37 to remote] DEBUG org.asynchttpclient.netty.request.NettyRequestSender - Using open Channel [id: 0x4570a0cd, L:/172.17.19.76:57260 - R:hub-cloud.browserstack.com/173.234.104.3:80] for POST '/wd/hub/session/f2a745a73021f465498297146c9258dc42b45f37/element/21adb8fb-105d-4636-859e-920cf72761df/clear'
12:03:01.675 [AsyncHttpClient-1-4] DEBUG org.asynchttpclient.netty.handler.HttpHandler - 

Request DefaultHttpRequest(decodeResult: success, version: HTTP/1.1)
POST /wd/hub/session/f2a745a73021f465498297146c9258dc42b45f37/element/21adb8fb-105d-4636-859e-920cf72761df/clear HTTP/1.1
User-Agent: selenium/4.1.3 (java windows)
traceparent: 00-d165ac965dc0b60b606dcd63ed8d3e0a-dc96a80b7553d9f3-01
Content-Length: 50
Content-Type: application/json; charset=utf-8
host: hub-cloud.browserstack.com
authorization: Basic bmd1eW5hbmhkbmdfUUNySERrOm1OVG50OWJnenhBcWJBRVZ3aDZZ
accept: */*

Response DefaultHttpResponse(decodeResult: success, version: HTTP/1.1)
HTTP/1.1 200 OK
Server: nginx
Date: Mon, 09 May 2022 05:03:01 GMT
Content-Type: application/json;charset=utf-8
Connection: keep-alive
Source-From: 02
expires: Thu, 01 Jan 1970 00:00:00 GMT
cache-control: no-cache, no-cache
temp-header: 3692-5157122453-1-1652072581.481-rproxy-core-001-dcp-apse2a-prod.browserstack.com
content-length: 14

12:03:01.675 [AsyncHttpClient-1-4] DEBUG org.asynchttpclient.netty.channel.ChannelManager - Adding key: http://hub-cloud.browserstack.com:80 for channel [id: 0x4570a0cd, L:/172.17.19.76:57260 - R:hub-cloud.browserstack.com/173.234.104.3:80]
12:03:01.679 [Forwarding sendKeysToElement on session f2a745a73021f465498297146c9258dc42b45f37 to remote] DEBUG org.asynchttpclient.netty.request.NettyRequestSender - Using pooled Channel '[id: 0x4570a0cd, L:/172.17.19.76:57260 - R:hub-cloud.browserstack.com/173.234.104.3:80]' for 'POST' to 'http://nguynanhdng_QCrHDk:mNTnt9bgzxAqbAEVwh6Y@hub-cloud.browserstack.com/wd/hub/session/f2a745a73021f465498297146c9258dc42b45f37/element/21adb8fb-105d-4636-859e-920cf72761df/value'
12:03:01.679 [Forwarding sendKeysToElement on session f2a745a73021f465498297146c9258dc42b45f37 to remote] DEBUG org.asynchttpclient.netty.request.NettyRequestSender - Using open Channel [id: 0x4570a0cd, L:/172.17.19.76:57260 - R:hub-cloud.browserstack.com/173.234.104.3:80] for POST '/wd/hub/session/f2a745a73021f465498297146c9258dc42b45f37/element/21adb8fb-105d-4636-859e-920cf72761df/value'
12:03:02.063 [AsyncHttpClient-1-4] DEBUG org.asynchttpclient.netty.handler.HttpHandler - 

Request DefaultHttpRequest(decodeResult: success, version: HTTP/1.1)
POST /wd/hub/session/f2a745a73021f465498297146c9258dc42b45f37/element/21adb8fb-105d-4636-859e-920cf72761df/value HTTP/1.1
User-Agent: selenium/4.1.3 (java windows)
traceparent: 00-2982a5c1fa2927e751516fd83c174b27-4f6dd1ede6fb9711-01
Content-Length: 105
Content-Type: application/json; charset=utf-8
host: hub-cloud.browserstack.com
authorization: Basic bmd1eW5hbmhkbmdfUUNySERrOm1OVG50OWJnenhBcWJBRVZ3aDZZ
accept: */*

Response DefaultHttpResponse(decodeResult: success, version: HTTP/1.1)
HTTP/1.1 200 OK
Server: nginx
Date: Mon, 09 May 2022 05:03:01 GMT
Content-Type: application/json;charset=utf-8
Connection: keep-alive
Source-From: 02
expires: Thu, 01 Jan 1970 00:00:00 GMT
cache-control: no-cache, no-cache
temp-header: 3692-5157122607-1-1652072581.881-rproxy-core-001-dcp-apse2a-prod.browserstack.com
content-length: 14

12:03:02.063 [AsyncHttpClient-1-4] DEBUG org.asynchttpclient.netty.channel.ChannelManager - Adding key: http://hub-cloud.browserstack.com:80 for channel [id: 0x4570a0cd, L:/172.17.19.76:57260 - R:hub-cloud.browserstack.com/173.234.104.3:80]
12:03:02.076 [Forwarding setTimeout on session f2a745a73021f465498297146c9258dc42b45f37 to remote] DEBUG org.asynchttpclient.netty.request.NettyRequestSender - Using pooled Channel '[id: 0x4570a0cd, L:/172.17.19.76:57260 - R:hub-cloud.browserstack.com/173.234.104.3:80]' for 'POST' to 'http://nguynanhdng_QCrHDk:mNTnt9bgzxAqbAEVwh6Y@hub-cloud.browserstack.com/wd/hub/session/f2a745a73021f465498297146c9258dc42b45f37/timeouts'
12:03:02.076 [Forwarding setTimeout on session f2a745a73021f465498297146c9258dc42b45f37 to remote] DEBUG org.asynchttpclient.netty.request.NettyRequestSender - Using open Channel [id: 0x4570a0cd, L:/172.17.19.76:57260 - R:hub-cloud.browserstack.com/173.234.104.3:80] for POST '/wd/hub/session/f2a745a73021f465498297146c9258dc42b45f37/timeouts'
12:03:02.378 [AsyncHttpClient-1-4] DEBUG org.asynchttpclient.netty.handler.HttpHandler - 

Request DefaultHttpRequest(decodeResult: success, version: HTTP/1.1)
POST /wd/hub/session/f2a745a73021f465498297146c9258dc42b45f37/timeouts HTTP/1.1
User-Agent: selenium/4.1.3 (java windows)
traceparent: 00-c804752919b5805f1dc841ebb0e6b52d-5c0a54460ab568cf-01
Content-Length: 19
Content-Type: application/json; charset=utf-8
host: hub-cloud.browserstack.com
authorization: Basic bmd1eW5hbmhkbmdfUUNySERrOm1OVG50OWJnenhBcWJBRVZ3aDZZ
accept: */*

Response DefaultHttpResponse(decodeResult: success, version: HTTP/1.1)
HTTP/1.1 200 OK
Server: nginx
Date: Mon, 09 May 2022 05:03:02 GMT
Content-Type: application/json;charset=utf-8
Connection: keep-alive
Source-From: 02
expires: Thu, 01 Jan 1970 00:00:00 GMT
cache-control: no-cache, no-cache
temp-header: 3690-5157122779-1-1652072582.199-rproxy-core-001-dcp-apse2a-prod.browserstack.com
content-length: 14

12:03:02.378 [AsyncHttpClient-1-4] DEBUG org.asynchttpclient.netty.channel.ChannelManager - Adding key: http://hub-cloud.browserstack.com:80 for channel [id: 0x4570a0cd, L:/172.17.19.76:57260 - R:hub-cloud.browserstack.com/173.234.104.3:80]
12:03:02.382 [Forwarding findElement on session f2a745a73021f465498297146c9258dc42b45f37 to remote] DEBUG org.asynchttpclient.netty.request.NettyRequestSender - Using pooled Channel '[id: 0x4570a0cd, L:/172.17.19.76:57260 - R:hub-cloud.browserstack.com/173.234.104.3:80]' for 'POST' to 'http://nguynanhdng_QCrHDk:mNTnt9bgzxAqbAEVwh6Y@hub-cloud.browserstack.com/wd/hub/session/f2a745a73021f465498297146c9258dc42b45f37/element'
12:03:02.382 [Forwarding findElement on session f2a745a73021f465498297146c9258dc42b45f37 to remote] DEBUG org.asynchttpclient.netty.request.NettyRequestSender - Using open Channel [id: 0x4570a0cd, L:/172.17.19.76:57260 - R:hub-cloud.browserstack.com/173.234.104.3:80] for POST '/wd/hub/session/f2a745a73021f465498297146c9258dc42b45f37/element'
12:03:02.674 [AsyncHttpClient-1-4] DEBUG org.asynchttpclient.netty.handler.HttpHandler - 

Request DefaultHttpRequest(decodeResult: success, version: HTTP/1.1)
POST /wd/hub/session/f2a745a73021f465498297146c9258dc42b45f37/element HTTP/1.1
User-Agent: selenium/4.1.3 (java windows)
traceparent: 00-b4876dfedd73dba263b91a7d5d52a774-24bbef8a6711f33e-01
Content-Length: 64
Content-Type: application/json; charset=utf-8
host: hub-cloud.browserstack.com
authorization: Basic bmd1eW5hbmhkbmdfUUNySERrOm1OVG50OWJnenhBcWJBRVZ3aDZZ
accept: */*

Response DefaultHttpResponse(decodeResult: success, version: HTTP/1.1)
HTTP/1.1 200 OK
Server: nginx
Date: Mon, 09 May 2022 05:03:02 GMT
Content-Type: application/json;charset=utf-8
Connection: keep-alive
Source-From: 02
expires: Thu, 01 Jan 1970 00:00:00 GMT
cache-control: no-cache, no-cache
temp-header: 3697-5157122883-1-1652072582.495-rproxy-core-001-dcp-apse2a-prod.browserstack.com
content-length: 88

12:03:02.674 [AsyncHttpClient-1-4] DEBUG org.asynchttpclient.netty.channel.ChannelManager - Adding key: http://hub-cloud.browserstack.com:80 for channel [id: 0x4570a0cd, L:/172.17.19.76:57260 - R:hub-cloud.browserstack.com/173.234.104.3:80]
12:03:02.677 [Forwarding setTimeout on session f2a745a73021f465498297146c9258dc42b45f37 to remote] DEBUG org.asynchttpclient.netty.request.NettyRequestSender - Using pooled Channel '[id: 0x4570a0cd, L:/172.17.19.76:57260 - R:hub-cloud.browserstack.com/173.234.104.3:80]' for 'POST' to 'http://nguynanhdng_QCrHDk:mNTnt9bgzxAqbAEVwh6Y@hub-cloud.browserstack.com/wd/hub/session/f2a745a73021f465498297146c9258dc42b45f37/timeouts'
12:03:02.677 [Forwarding setTimeout on session f2a745a73021f465498297146c9258dc42b45f37 to remote] DEBUG org.asynchttpclient.netty.request.NettyRequestSender - Using open Channel [id: 0x4570a0cd, L:/172.17.19.76:57260 - R:hub-cloud.browserstack.com/173.234.104.3:80] for POST '/wd/hub/session/f2a745a73021f465498297146c9258dc42b45f37/timeouts'
12:03:03.040 [AsyncHttpClient-1-4] DEBUG org.asynchttpclient.netty.handler.HttpHandler - 

Request DefaultHttpRequest(decodeResult: success, version: HTTP/1.1)
POST /wd/hub/session/f2a745a73021f465498297146c9258dc42b45f37/timeouts HTTP/1.1
User-Agent: selenium/4.1.3 (java windows)
traceparent: 00-2ad23a9af6a4fcd20755fe6392efe0e8-b3c6b4539d762414-01
Content-Length: 22
Content-Type: application/json; charset=utf-8
host: hub-cloud.browserstack.com
authorization: Basic bmd1eW5hbmhkbmdfUUNySERrOm1OVG50OWJnenhBcWJBRVZ3aDZZ
accept: */*

Response DefaultHttpResponse(decodeResult: success, version: HTTP/1.1)
HTTP/1.1 200 OK
Server: nginx
Date: Mon, 09 May 2022 05:03:02 GMT
Content-Type: application/json;charset=utf-8
Connection: keep-alive
Source-From: 02
expires: Thu, 01 Jan 1970 00:00:00 GMT
cache-control: no-cache, no-cache
temp-header: 3691-5157123032-1-1652072582.853-rproxy-core-001-dcp-apse2a-prod.browserstack.com
content-length: 14

12:03:03.040 [AsyncHttpClient-1-4] DEBUG org.asynchttpclient.netty.channel.ChannelManager - Adding key: http://hub-cloud.browserstack.com:80 for channel [id: 0x4570a0cd, L:/172.17.19.76:57260 - R:hub-cloud.browserstack.com/173.234.104.3:80]
12:03:03.046 [Forwarding isElementDisplayed on session f2a745a73021f465498297146c9258dc42b45f37 to remote] DEBUG org.asynchttpclient.netty.request.NettyRequestSender - Using pooled Channel '[id: 0x4570a0cd, L:/172.17.19.76:57260 - R:hub-cloud.browserstack.com/173.234.104.3:80]' for 'POST' to 'http://nguynanhdng_QCrHDk:mNTnt9bgzxAqbAEVwh6Y@hub-cloud.browserstack.com/wd/hub/session/f2a745a73021f465498297146c9258dc42b45f37/execute/sync'
12:03:03.046 [Forwarding isElementDisplayed on session f2a745a73021f465498297146c9258dc42b45f37 to remote] DEBUG org.asynchttpclient.netty.request.NettyRequestSender - Using open Channel [id: 0x4570a0cd, L:/172.17.19.76:57260 - R:hub-cloud.browserstack.com/173.234.104.3:80] for POST '/wd/hub/session/f2a745a73021f465498297146c9258dc42b45f37/execute/sync'
12:03:03.386 [AsyncHttpClient-1-4] DEBUG org.asynchttpclient.netty.handler.HttpHandler - 

Request DefaultHttpRequest(decodeResult: success, version: HTTP/1.1)
POST /wd/hub/session/f2a745a73021f465498297146c9258dc42b45f37/execute/sync HTTP/1.1
User-Agent: selenium/4.1.3 (java windows)
traceparent: 00-7098bc28c7e332f517cc72baebb8bf06-b08616e16b5c4c7d-01
Content-Length: 48780
Content-Type: application/json; charset=utf-8
host: hub-cloud.browserstack.com
authorization: Basic bmd1eW5hbmhkbmdfUUNySERrOm1OVG50OWJnenhBcWJBRVZ3aDZZ
accept: */*

Response DefaultHttpResponse(decodeResult: success, version: HTTP/1.1)
HTTP/1.1 200 OK
Server: nginx
Date: Mon, 09 May 2022 05:03:03 GMT
Content-Type: application/json;charset=utf-8
Connection: keep-alive
Source-From: 02
expires: Thu, 01 Jan 1970 00:00:00 GMT
cache-control: no-cache, no-cache
temp-header: 3695-5157123163-1-1652072583.198-rproxy-core-001-dcp-apse2a-prod.browserstack.com
content-length: 14

12:03:03.386 [AsyncHttpClient-1-4] DEBUG org.asynchttpclient.netty.channel.ChannelManager - Adding key: http://hub-cloud.browserstack.com:80 for channel [id: 0x4570a0cd, L:/172.17.19.76:57260 - R:hub-cloud.browserstack.com/173.234.104.3:80]
12:03:03.390 [Forwarding getElementTagName on session f2a745a73021f465498297146c9258dc42b45f37 to remote] DEBUG org.asynchttpclient.netty.request.NettyRequestSender - Using pooled Channel '[id: 0x4570a0cd, L:/172.17.19.76:57260 - R:hub-cloud.browserstack.com/173.234.104.3:80]' for 'GET' to 'http://nguynanhdng_QCrHDk:mNTnt9bgzxAqbAEVwh6Y@hub-cloud.browserstack.com/wd/hub/session/f2a745a73021f465498297146c9258dc42b45f37/element/9bd1b45c-a6f8-4575-abb5-4868a21cf554/name'
12:03:03.391 [Forwarding getElementTagName on session f2a745a73021f465498297146c9258dc42b45f37 to remote] DEBUG org.asynchttpclient.netty.request.NettyRequestSender - Using open Channel [id: 0x4570a0cd, L:/172.17.19.76:57260 - R:hub-cloud.browserstack.com/173.234.104.3:80] for GET '/wd/hub/session/f2a745a73021f465498297146c9258dc42b45f37/element/9bd1b45c-a6f8-4575-abb5-4868a21cf554/name'
12:03:03.687 [AsyncHttpClient-1-4] DEBUG org.asynchttpclient.netty.handler.HttpHandler - 

Request DefaultFullHttpRequest(decodeResult: success, version: HTTP/1.1, content: EmptyByteBufBE)
GET /wd/hub/session/f2a745a73021f465498297146c9258dc42b45f37/element/9bd1b45c-a6f8-4575-abb5-4868a21cf554/name HTTP/1.1
User-Agent: selenium/4.1.3 (java windows)
Cache-Control: no-cache
traceparent: 00-208e6dc8ce7eb6219864e5dbce59fb28-8f69e836ea22494a-01
Content-Type: application/json; charset=utf-8
host: hub-cloud.browserstack.com
authorization: Basic bmd1eW5hbmhkbmdfUUNySERrOm1OVG50OWJnenhBcWJBRVZ3aDZZ
accept: */*

Response DefaultHttpResponse(decodeResult: success, version: HTTP/1.1)
HTTP/1.1 200 OK
Server: nginx
Date: Mon, 09 May 2022 05:03:03 GMT
Content-Type: application/json;charset=utf-8
Connection: keep-alive
Source-From: 02
expires: Thu, 01 Jan 1970 00:00:00 GMT
cache-control: no-cache, no-cache
temp-header: 3695-5157123309-1-1652072583.494-rproxy-core-001-dcp-apse2a-prod.browserstack.com
content-length: 17

12:03:03.688 [AsyncHttpClient-1-4] DEBUG org.asynchttpclient.netty.channel.ChannelManager - Adding key: http://hub-cloud.browserstack.com:80 for channel [id: 0x4570a0cd, L:/172.17.19.76:57260 - R:hub-cloud.browserstack.com/173.234.104.3:80]
12:03:03.691 [Forwarding getElementTagName on session f2a745a73021f465498297146c9258dc42b45f37 to remote] DEBUG org.asynchttpclient.netty.request.NettyRequestSender - Using pooled Channel '[id: 0x4570a0cd, L:/172.17.19.76:57260 - R:hub-cloud.browserstack.com/173.234.104.3:80]' for 'GET' to 'http://nguynanhdng_QCrHDk:mNTnt9bgzxAqbAEVwh6Y@hub-cloud.browserstack.com/wd/hub/session/f2a745a73021f465498297146c9258dc42b45f37/element/9bd1b45c-a6f8-4575-abb5-4868a21cf554/name'
12:03:03.691 [Forwarding getElementTagName on session f2a745a73021f465498297146c9258dc42b45f37 to remote] DEBUG org.asynchttpclient.netty.request.NettyRequestSender - Using open Channel [id: 0x4570a0cd, L:/172.17.19.76:57260 - R:hub-cloud.browserstack.com/173.234.104.3:80] for GET '/wd/hub/session/f2a745a73021f465498297146c9258dc42b45f37/element/9bd1b45c-a6f8-4575-abb5-4868a21cf554/name'
12:03:04.134 [AsyncHttpClient-1-4] DEBUG org.asynchttpclient.netty.handler.HttpHandler - 

Request DefaultFullHttpRequest(decodeResult: success, version: HTTP/1.1, content: EmptyByteBufBE)
GET /wd/hub/session/f2a745a73021f465498297146c9258dc42b45f37/element/9bd1b45c-a6f8-4575-abb5-4868a21cf554/name HTTP/1.1
User-Agent: selenium/4.1.3 (java windows)
Cache-Control: no-cache
traceparent: 00-057367d4636f2dcf75cd0d53af008a9c-1b28c976971744ca-01
Content-Type: application/json; charset=utf-8
host: hub-cloud.browserstack.com
authorization: Basic bmd1eW5hbmhkbmdfUUNySERrOm1OVG50OWJnenhBcWJBRVZ3aDZZ
accept: */*

Response DefaultHttpResponse(decodeResult: success, version: HTTP/1.1)
HTTP/1.1 200 OK
Server: nginx
Date: Mon, 09 May 2022 05:03:03 GMT
Content-Type: application/json;charset=utf-8
Connection: keep-alive
Source-From: 02
expires: Thu, 01 Jan 1970 00:00:00 GMT
cache-control: no-cache, no-cache
temp-header: 3693-5157123428-1-1652072583.821-rproxy-core-001-dcp-apse2a-prod.browserstack.com
content-length: 17

12:03:04.135 [AsyncHttpClient-1-4] DEBUG org.asynchttpclient.netty.channel.ChannelManager - Adding key: http://hub-cloud.browserstack.com:80 for channel [id: 0x4570a0cd, L:/172.17.19.76:57260 - R:hub-cloud.browserstack.com/173.234.104.3:80]
12:03:04.139 [Forwarding isElementEnabled on session f2a745a73021f465498297146c9258dc42b45f37 to remote] DEBUG org.asynchttpclient.netty.request.NettyRequestSender - Using pooled Channel '[id: 0x4570a0cd, L:/172.17.19.76:57260 - R:hub-cloud.browserstack.com/173.234.104.3:80]' for 'GET' to 'http://nguynanhdng_QCrHDk:mNTnt9bgzxAqbAEVwh6Y@hub-cloud.browserstack.com/wd/hub/session/f2a745a73021f465498297146c9258dc42b45f37/element/9bd1b45c-a6f8-4575-abb5-4868a21cf554/enabled'
12:03:04.139 [Forwarding isElementEnabled on session f2a745a73021f465498297146c9258dc42b45f37 to remote] DEBUG org.asynchttpclient.netty.request.NettyRequestSender - Using open Channel [id: 0x4570a0cd, L:/172.17.19.76:57260 - R:hub-cloud.browserstack.com/173.234.104.3:80] for GET '/wd/hub/session/f2a745a73021f465498297146c9258dc42b45f37/element/9bd1b45c-a6f8-4575-abb5-4868a21cf554/enabled'
12:03:04.412 [AsyncHttpClient-1-4] DEBUG org.asynchttpclient.netty.handler.HttpHandler - 

Request DefaultFullHttpRequest(decodeResult: success, version: HTTP/1.1, content: EmptyByteBufBE)
GET /wd/hub/session/f2a745a73021f465498297146c9258dc42b45f37/element/9bd1b45c-a6f8-4575-abb5-4868a21cf554/enabled HTTP/1.1
User-Agent: selenium/4.1.3 (java windows)
Cache-Control: no-cache
traceparent: 00-6a1427ffde41667e15fdc2bfe9507b86-f0221dae59778b3e-01
Content-Type: application/json; charset=utf-8
host: hub-cloud.browserstack.com
authorization: Basic bmd1eW5hbmhkbmdfUUNySERrOm1OVG50OWJnenhBcWJBRVZ3aDZZ
accept: */*

Response DefaultHttpResponse(decodeResult: success, version: HTTP/1.1)
HTTP/1.1 200 OK
Server: nginx
Date: Mon, 09 May 2022 05:03:04 GMT
Content-Type: application/json;charset=utf-8
Connection: keep-alive
Source-From: 02
expires: Thu, 01 Jan 1970 00:00:00 GMT
cache-control: no-cache, no-cache
temp-header: 3698-5157123574-1-1652072584.232-rproxy-core-001-dcp-apse2a-prod.browserstack.com
content-length: 14

12:03:04.412 [AsyncHttpClient-1-4] DEBUG org.asynchttpclient.netty.channel.ChannelManager - Adding key: http://hub-cloud.browserstack.com:80 for channel [id: 0x4570a0cd, L:/172.17.19.76:57260 - R:hub-cloud.browserstack.com/173.234.104.3:80]
12:03:04.415 [Forwarding isElementEnabled on session f2a745a73021f465498297146c9258dc42b45f37 to remote] DEBUG org.asynchttpclient.netty.request.NettyRequestSender - Using pooled Channel '[id: 0x4570a0cd, L:/172.17.19.76:57260 - R:hub-cloud.browserstack.com/173.234.104.3:80]' for 'GET' to 'http://nguynanhdng_QCrHDk:mNTnt9bgzxAqbAEVwh6Y@hub-cloud.browserstack.com/wd/hub/session/f2a745a73021f465498297146c9258dc42b45f37/element/9bd1b45c-a6f8-4575-abb5-4868a21cf554/enabled'
12:03:04.415 [Forwarding isElementEnabled on session f2a745a73021f465498297146c9258dc42b45f37 to remote] DEBUG org.asynchttpclient.netty.request.NettyRequestSender - Using open Channel [id: 0x4570a0cd, L:/172.17.19.76:57260 - R:hub-cloud.browserstack.com/173.234.104.3:80] for GET '/wd/hub/session/f2a745a73021f465498297146c9258dc42b45f37/element/9bd1b45c-a6f8-4575-abb5-4868a21cf554/enabled'
12:03:04.798 [AsyncHttpClient-1-4] DEBUG org.asynchttpclient.netty.handler.HttpHandler - 

Request DefaultFullHttpRequest(decodeResult: success, version: HTTP/1.1, content: EmptyByteBufBE)
GET /wd/hub/session/f2a745a73021f465498297146c9258dc42b45f37/element/9bd1b45c-a6f8-4575-abb5-4868a21cf554/enabled HTTP/1.1
User-Agent: selenium/4.1.3 (java windows)
Cache-Control: no-cache
traceparent: 00-9f29c2484665ac7c682eb93cc592543c-0ab7c1fcd1fb1d3a-01
Content-Type: application/json; charset=utf-8
host: hub-cloud.browserstack.com
authorization: Basic bmd1eW5hbmhkbmdfUUNySERrOm1OVG50OWJnenhBcWJBRVZ3aDZZ
accept: */*

Response DefaultHttpResponse(decodeResult: success, version: HTTP/1.1)
HTTP/1.1 200 OK
Server: nginx
Date: Mon, 09 May 2022 05:03:04 GMT
Content-Type: application/json;charset=utf-8
Connection: keep-alive
Source-From: 02
expires: Thu, 01 Jan 1970 00:00:00 GMT
cache-control: no-cache, no-cache
temp-header: 3692-5157123705-1-1652072584.502-rproxy-core-001-dcp-apse2a-prod.browserstack.com
content-length: 14

12:03:04.798 [AsyncHttpClient-1-4] DEBUG org.asynchttpclient.netty.channel.ChannelManager - Adding key: http://hub-cloud.browserstack.com:80 for channel [id: 0x4570a0cd, L:/172.17.19.76:57260 - R:hub-cloud.browserstack.com/173.234.104.3:80]
12:03:04.801 [Forwarding clickElement on session f2a745a73021f465498297146c9258dc42b45f37 to remote] DEBUG org.asynchttpclient.netty.request.NettyRequestSender - Using pooled Channel '[id: 0x4570a0cd, L:/172.17.19.76:57260 - R:hub-cloud.browserstack.com/173.234.104.3:80]' for 'POST' to 'http://nguynanhdng_QCrHDk:mNTnt9bgzxAqbAEVwh6Y@hub-cloud.browserstack.com/wd/hub/session/f2a745a73021f465498297146c9258dc42b45f37/element/9bd1b45c-a6f8-4575-abb5-4868a21cf554/click'
12:03:04.801 [Forwarding clickElement on session f2a745a73021f465498297146c9258dc42b45f37 to remote] DEBUG org.asynchttpclient.netty.request.NettyRequestSender - Using open Channel [id: 0x4570a0cd, L:/172.17.19.76:57260 - R:hub-cloud.browserstack.com/173.234.104.3:80] for POST '/wd/hub/session/f2a745a73021f465498297146c9258dc42b45f37/element/9bd1b45c-a6f8-4575-abb5-4868a21cf554/click'
12:03:05.919 [AsyncHttpClient-1-4] DEBUG org.asynchttpclient.netty.handler.HttpHandler - 

Request DefaultHttpRequest(decodeResult: success, version: HTTP/1.1)
POST /wd/hub/session/f2a745a73021f465498297146c9258dc42b45f37/element/9bd1b45c-a6f8-4575-abb5-4868a21cf554/click HTTP/1.1
User-Agent: selenium/4.1.3 (java windows)
traceparent: 00-4f8c61ab0b42a599984ae01b2c4fe3e9-8e0994ecee420bc8-01
Content-Length: 50
Content-Type: application/json; charset=utf-8
host: hub-cloud.browserstack.com
authorization: Basic bmd1eW5hbmhkbmdfUUNySERrOm1OVG50OWJnenhBcWJBRVZ3aDZZ
accept: */*

Response DefaultHttpResponse(decodeResult: success, version: HTTP/1.1)
HTTP/1.1 200 OK
Server: nginx
Date: Mon, 09 May 2022 05:03:05 GMT
Content-Type: application/json;charset=utf-8
Connection: keep-alive
Source-From: 02
expires: Thu, 01 Jan 1970 00:00:00 GMT
cache-control: no-cache, no-cache
temp-header: 3695-5157123846-1-1652072585.675-rproxy-core-001-dcp-apse2a-prod.browserstack.com
content-length: 14

12:03:05.920 [AsyncHttpClient-1-4] DEBUG org.asynchttpclient.netty.channel.ChannelManager - Adding key: http://hub-cloud.browserstack.com:80 for channel [id: 0x4570a0cd, L:/172.17.19.76:57260 - R:hub-cloud.browserstack.com/173.234.104.3:80]
12:03:05.925 [main] DEBUG net.thucydides.core.steps.StepInterceptor - STEP DONE: login
  &amp#27;[32mGiven &amp#27;[0m&amp#27;[32mthe user enters the username &amp#27;[0m&amp#27;[32m&amp#27;[1mmngr398793&amp#27;[0m&amp#27;[32m and password &amp#27;[0m&amp#27;[32m&amp#27;[1m""&amp#27;[0m &amp#27;[90m# cucumber.LoginStepDefs.the_user_enters_the_username_and_password(java.lang.String,java.lang.String)&amp#27;[0m
12:03:05.929 [main] DEBUG net.thucydides.core.steps.StepInterceptor - STARTING STEP: LoginStepDefs.the_error_message_user_is_not_valid_is_displayed - checkInvalid
12:03:05.929 [Forwarding getAlertText on session f2a745a73021f465498297146c9258dc42b45f37 to remote] DEBUG org.asynchttpclient.netty.request.NettyRequestSender - Using pooled Channel '[id: 0x4570a0cd, L:/172.17.19.76:57260 - R:hub-cloud.browserstack.com/173.234.104.3:80]' for 'GET' to 'http://nguynanhdng_QCrHDk:mNTnt9bgzxAqbAEVwh6Y@hub-cloud.browserstack.com/wd/hub/session/f2a745a73021f465498297146c9258dc42b45f37/alert/text'
12:03:05.929 [Forwarding getAlertText on session f2a745a73021f465498297146c9258dc42b45f37 to remote] DEBUG org.asynchttpclient.netty.request.NettyRequestSender - Using open Channel [id: 0x4570a0cd, L:/172.17.19.76:57260 - R:hub-cloud.browserstack.com/173.234.104.3:80] for GET '/wd/hub/session/f2a745a73021f465498297146c9258dc42b45f37/alert/text'
12:03:06.337 [AsyncHttpClient-1-4] DEBUG org.asynchttpclient.netty.handler.HttpHandler - 

Request DefaultFullHttpRequest(decodeResult: success, version: HTTP/1.1, content: EmptyByteBufBE)
GET /wd/hub/session/f2a745a73021f465498297146c9258dc42b45f37/alert/text HTTP/1.1
User-Agent: selenium/4.1.3 (java windows)
Cache-Control: no-cache
traceparent: 00-ef062254561f13b18efea4445b743ee1-410df2aee9efd8e9-01
Content-Type: application/json; charset=utf-8
host: hub-cloud.browserstack.com
authorization: Basic bmd1eW5hbmhkbmdfUUNySERrOm1OVG50OWJnenhBcWJBRVZ3aDZZ
accept: */*

Response DefaultHttpResponse(decodeResult: success, version: HTTP/1.1)
HTTP/1.1 200 OK
Server: nginx
Date: Mon, 09 May 2022 05:03:06 GMT
Content-Type: application/json;charset=utf-8
Connection: keep-alive
Source-From: 02
expires: Thu, 01 Jan 1970 00:00:00 GMT
cache-control: no-cache, no-cache
temp-header: 3694-5157124262-1-1652072586.008-rproxy-core-001-dcp-apse2a-prod.browserstack.com
content-length: 29

12:03:06.337 [AsyncHttpClient-1-4] DEBUG org.asynchttpclient.netty.channel.ChannelManager - Adding key: http://hub-cloud.browserstack.com:80 for channel [id: 0x4570a0cd, L:/172.17.19.76:57260 - R:hub-cloud.browserstack.com/173.234.104.3:80]
12:03:06.339 [Forwarding getAlertText on session f2a745a73021f465498297146c9258dc42b45f37 to remote] DEBUG org.asynchttpclient.netty.request.NettyRequestSender - Using pooled Channel '[id: 0x4570a0cd, L:/172.17.19.76:57260 - R:hub-cloud.browserstack.com/173.234.104.3:80]' for 'GET' to 'http://nguynanhdng_QCrHDk:mNTnt9bgzxAqbAEVwh6Y@hub-cloud.browserstack.com/wd/hub/session/f2a745a73021f465498297146c9258dc42b45f37/alert/text'
12:03:06.339 [Forwarding getAlertText on session f2a745a73021f465498297146c9258dc42b45f37 to remote] DEBUG org.asynchttpclient.netty.request.NettyRequestSender - Using open Channel [id: 0x4570a0cd, L:/172.17.19.76:57260 - R:hub-cloud.browserstack.com/173.234.104.3:80] for GET '/wd/hub/session/f2a745a73021f465498297146c9258dc42b45f37/alert/text'
12:03:06.621 [AsyncHttpClient-1-4] DEBUG org.asynchttpclient.netty.handler.HttpHandler - 

Request DefaultFullHttpRequest(decodeResult: success, version: HTTP/1.1, content: EmptyByteBufBE)
GET /wd/hub/session/f2a745a73021f465498297146c9258dc42b45f37/alert/text HTTP/1.1
User-Agent: selenium/4.1.3 (java windows)
Cache-Control: no-cache
traceparent: 00-16d75f3eaf885636bbfb9c2196a64fab-7846dfb00271d0bc-01
Content-Type: application/json; charset=utf-8
host: hub-cloud.browserstack.com
authorization: Basic bmd1eW5hbmhkbmdfUUNySERrOm1OVG50OWJnenhBcWJBRVZ3aDZZ
accept: */*

Response DefaultHttpResponse(decodeResult: success, version: HTTP/1.1)
HTTP/1.1 200 OK
Server: nginx
Date: Mon, 09 May 2022 05:03:06 GMT
Content-Type: application/json;charset=utf-8
Connection: keep-alive
Source-From: 02
expires: Thu, 01 Jan 1970 00:00:00 GMT
cache-control: no-cache, no-cache
temp-header: 3689-5157124414-1-1652072586.435-rproxy-core-001-dcp-apse2a-prod.browserstack.com
content-length: 29

12:03:06.622 [AsyncHttpClient-1-4] DEBUG org.asynchttpclient.netty.channel.ChannelManager - Adding key: http://hub-cloud.browserstack.com:80 for channel [id: 0x4570a0cd, L:/172.17.19.76:57260 - R:hub-cloud.browserstack.com/173.234.104.3:80]
12:03:06.624 [Forwarding acceptAlert on session f2a745a73021f465498297146c9258dc42b45f37 to remote] DEBUG org.asynchttpclient.netty.request.NettyRequestSender - Using pooled Channel '[id: 0x4570a0cd, L:/172.17.19.76:57260 - R:hub-cloud.browserstack.com/173.234.104.3:80]' for 'POST' to 'http://nguynanhdng_QCrHDk:mNTnt9bgzxAqbAEVwh6Y@hub-cloud.browserstack.com/wd/hub/session/f2a745a73021f465498297146c9258dc42b45f37/alert/accept'
12:03:06.624 [Forwarding acceptAlert on session f2a745a73021f465498297146c9258dc42b45f37 to remote] DEBUG org.asynchttpclient.netty.request.NettyRequestSender - Using open Channel [id: 0x4570a0cd, L:/172.17.19.76:57260 - R:hub-cloud.browserstack.com/173.234.104.3:80] for POST '/wd/hub/session/f2a745a73021f465498297146c9258dc42b45f37/alert/accept'
12:03:06.946 [AsyncHttpClient-1-4] DEBUG org.asynchttpclient.netty.handler.HttpHandler - 

Request DefaultHttpRequest(decodeResult: success, version: HTTP/1.1)
POST /wd/hub/session/f2a745a73021f465498297146c9258dc42b45f37/alert/accept HTTP/1.1
User-Agent: selenium/4.1.3 (java windows)
traceparent: 00-6b9e5459eb14a33d3add2378d679fa54-a1c1eb16593e7252-01
Content-Length: 3
Content-Type: application/json; charset=utf-8
host: hub-cloud.browserstack.com
authorization: Basic bmd1eW5hbmhkbmdfUUNySERrOm1OVG50OWJnenhBcWJBRVZ3aDZZ
accept: */*

Response DefaultHttpResponse(decodeResult: success, version: HTTP/1.1)
HTTP/1.1 200 OK
Server: nginx
Date: Mon, 09 May 2022 05:03:06 GMT
Content-Type: application/json;charset=utf-8
Connection: keep-alive
Source-From: 02
expires: Thu, 01 Jan 1970 00:00:00 GMT
cache-control: no-cache, no-cache
temp-header: 3693-5157124466-1-1652072586.739-rproxy-core-001-dcp-apse2a-prod.browserstack.com
content-length: 14

12:03:06.946 [AsyncHttpClient-1-4] DEBUG org.asynchttpclient.netty.channel.ChannelManager - Adding key: http://hub-cloud.browserstack.com:80 for channel [id: 0x4570a0cd, L:/172.17.19.76:57260 - R:hub-cloud.browserstack.com/173.234.104.3:80]
12:03:06.950 [main] DEBUG net.thucydides.core.steps.StepInterceptor - STEP DONE: checkInvalid
  &amp#27;[32mThen &amp#27;[0m&amp#27;[32mthe error message &amp#27;[0m&amp#27;[32m&amp#27;[1m'User is not valid'&amp#27;[0m&amp#27;[32m is displayed&amp#27;[0m       &amp#27;[90m# cucumber.LoginStepDefs.the_error_message_user_is_not_valid_is_displayed(java.lang.String)&amp#27;[0m
12:03:06.960 [Forwarding quit on session f2a745a73021f465498297146c9258dc42b45f37 to remote] DEBUG org.asynchttpclient.netty.request.NettyRequestSender - Using pooled Channel '[id: 0x4570a0cd, L:/172.17.19.76:57260 - R:hub-cloud.browserstack.com/173.234.104.3:80]' for 'DELETE' to 'http://nguynanhdng_QCrHDk:mNTnt9bgzxAqbAEVwh6Y@hub-cloud.browserstack.com/wd/hub/session/f2a745a73021f465498297146c9258dc42b45f37'
12:03:06.960 [Forwarding quit on session f2a745a73021f465498297146c9258dc42b45f37 to remote] DEBUG org.asynchttpclient.netty.request.NettyRequestSender - Using open Channel [id: 0x4570a0cd, L:/172.17.19.76:57260 - R:hub-cloud.browserstack.com/173.234.104.3:80] for DELETE '/wd/hub/session/f2a745a73021f465498297146c9258dc42b45f37'
12:03:08.477 [AsyncHttpClient-1-4] DEBUG org.asynchttpclient.netty.handler.HttpHandler - 

Request DefaultFullHttpRequest(decodeResult: success, version: HTTP/1.1, content: EmptyByteBufBE)
DELETE /wd/hub/session/f2a745a73021f465498297146c9258dc42b45f37 HTTP/1.1
User-Agent: selenium/4.1.3 (java windows)
traceparent: 00-964c9982759ef2e5dfc120e08cc1fac6-9875f429aa2aed27-01
Content-Type: application/json; charset=utf-8
host: hub-cloud.browserstack.com
authorization: Basic bmd1eW5hbmhkbmdfUUNySERrOm1OVG50OWJnenhBcWJBRVZ3aDZZ
accept: */*

Response DefaultHttpResponse(decodeResult: success, version: HTTP/1.1)
HTTP/1.1 200 OK
Server: nginx
Date: Mon, 09 May 2022 05:03:08 GMT
Content-Type: application/json; charset=utf-8
Transfer-Encoding: chunked
Connection: keep-alive
Source-From: 02
cache-control: no-cache

12:03:08.478 [AsyncHttpClient-1-4] DEBUG org.asynchttpclient.netty.channel.ChannelManager - Adding key: http://hub-cloud.browserstack.com:80 for channel [id: 0x4570a0cd, L:/172.17.19.76:57260 - R:hub-cloud.browserstack.com/173.234.104.3:80]
]]></system-out>
  </testcase>
</testsuite>