<?xml version="1.0" encoding="UTF-8"?>
<testsuite xmlns:xsi="http://www.w3.org/2001/XMLSchema-instance" xsi:noNamespaceSchemaLocation="https://maven.apache.org/surefire/maven-failsafe-plugin/xsd/failsafe-test-report-3.0.xsd" version="3.0" name="runners.Runner" time="41.464" tests="5" errors="1" skipped="0" failures="0">
  <properties>
    <property name="sun.desktop" value="windows"/>
    <property name="awt.toolkit" value="sun.awt.windows.WToolkit"/>
    <property name="file.encoding.pkg" value="sun.io"/>
    <property name="java.specification.version" value="1.8"/>
    <property name="sun.cpu.isalist" value="amd64"/>
    <property name="sun.jnu.encoding" value="Cp1252"/>
    <property name="java.class.path" value="D:\Pratice\serenity_homework\target\test-classes;D:\Pratice\serenity_homework\target\serenity_homework-1.0-SNAPSHOT.jar;C:\Users\dung.nguyenanh\.m2\repository\net\serenity-bdd\serenity-core\3.2.3\serenity-core-3.2.3.jar;C:\Users\dung.nguyenanh\.m2\repository\net\serenity-bdd\serenity-model\3.2.3\serenity-model-3.2.3.jar;C:\Users\dung.nguyenanh\.m2\repository\org\apache\commons\commons-text\1.9\commons-text-1.9.jar;C:\Users\dung.nguyenanh\.m2\repository\commons-net\commons-net\3.8.0\commons-net-3.8.0.jar;C:\Users\dung.nguyenanh\.m2\repository\com\google\guava\guava\31.1-jre\guava-31.1-jre.jar;C:\Users\dung.nguyenanh\.m2\repository\com\google\guava\failureaccess\1.0.1\failureaccess-1.0.1.jar;C:\Users\dung.nguyenanh\.m2\repository\com\google\guava\listenablefuture\9999.0-empty-to-avoid-conflict-with-guava\listenablefuture-9999.0-empty-to-avoid-conflict-with-guava.jar;C:\Users\dung.nguyenanh\.m2\repository\com\google\code\findbugs\jsr305\3.0.2\jsr305-3.0.2.jar;C:\Users\dung.nguyenanh\.m2\repository\org\checkerframework\checker-qual\3.12.0\checker-qual-3.12.0.jar;C:\Users\dung.nguyenanh\.m2\repository\com\google\errorprone\error_prone_annotations\2.11.0\error_prone_annotations-2.11.0.jar;C:\Users\dung.nguyenanh\.m2\repository\com\google\j2objc\j2objc-annotations\1.3\j2objc-annotations-1.3.jar;C:\Users\dung.nguyenanh\.m2\repository\com\google\inject\guice\5.1.0\guice-5.1.0.jar;C:\Users\dung.nguyenanh\.m2\repository\javax\inject\javax.inject\1\javax.inject-1.jar;C:\Users\dung.nguyenanh\.m2\repository\aopalliance\aopalliance\1.0\aopalliance-1.0.jar;C:\Users\dung.nguyenanh\.m2\repository\org\jsoup\jsoup\1.14.3\jsoup-1.14.3.jar;C:\Users\dung.nguyenanh\.m2\repository\com\thoughtworks\xstream\xstream\1.4.19\xstream-1.4.19.jar;C:\Users\dung.nguyenanh\.m2\repository\io\github\x-stream\mxparser\1.2.2\mxparser-1.2.2.jar;C:\Users\dung.nguyenanh\.m2\repository\xmlpull\xmlpull\1.1.3.1\xmlpull-1.1.3.1.jar;C:\Users\dung.nguyenanh\.m2\repository\io\cucumber\cucumber-java\7.2.3\cucumber-java-7.2.3.jar;C:\Users\dung.nguyenanh\.m2\repository\com\typesafe\config\1.4.2\config-1.4.2.jar;C:\Users\dung.nguyenanh\.m2\repository\org\imgscalr\imgscalr-lib\4.2\imgscalr-lib-4.2.jar;C:\Users\dung.nguyenanh\.m2\repository\org\awaitility\awaitility\4.2.0\awaitility-4.2.0.jar;C:\Users\dung.nguyenanh\.m2\repository\org\freemarker\freemarker\2.3.31\freemarker-2.3.31.jar;C:\Users\dung.nguyenanh\.m2\repository\io\github\classgraph\classgraph\4.8.138\classgraph-4.8.138.jar;C:\Users\dung.nguyenanh\.m2\repository\net\sourceforge\jexcelapi\jxl\2.6.12\jxl-2.6.12.jar;C:\Users\dung.nguyenanh\.m2\repository\net\bytebuddy\byte-buddy\1.12.8\byte-buddy-1.12.8.jar;C:\Users\dung.nguyenanh\.m2\repository\net\bytebuddy\byte-buddy-agent\1.12.8\byte-buddy-agent-1.12.8.jar;C:\Users\dung.nguyenanh\.m2\repository\org\objenesis\objenesis\3.1\objenesis-3.1.jar;C:\Users\dung.nguyenanh\.m2\repository\net\serenity-bdd\serenity-reports\3.2.3\serenity-reports-3.2.3.jar;C:\Users\dung.nguyenanh\.m2\repository\net\serenity-bdd\serenity-stats\3.2.3\serenity-stats-3.2.3.jar;C:\Users\dung.nguyenanh\.m2\repository\net\serenity-bdd\serenity-reports-configuration\3.2.3\serenity-reports-configuration-3.2.3.jar;C:\Users\dung.nguyenanh\.m2\repository\com\vladsch\flexmark\flexmark-all\0.34.30\flexmark-all-0.34.30.jar;C:\Users\dung.nguyenanh\.m2\repository\com\vladsch\flexmark\flexmark\0.34.30\flexmark-0.34.30.jar;C:\Users\dung.nguyenanh\.m2\repository\com\vladsch\flexmark\flexmark-ext-abbreviation\0.34.30\flexmark-ext-abbreviation-0.34.30.jar;C:\Users\dung.nguyenanh\.m2\repository\com\vladsch\flexmark\flexmark-ext-admonition\0.34.30\flexmark-ext-admonition-0.34.30.jar;C:\Users\dung.nguyenanh\.m2\repository\com\vladsch\flexmark\flexmark-ext-anchorlink\0.34.30\flexmark-ext-anchorlink-0.34.30.jar;C:\Users\dung.nguyenanh\.m2\repository\com\vladsch\flexmark\flexmark-ext-aside\0.34.30\flexmark-ext-aside-0.34.30.jar;C:\Users\dung.nguyenanh\.m2\repository\com\vladsch\flexmark\flexmark-ext-attributes\0.34.30\flexmark-ext-attributes-0.34.30.jar;C:\Users\dung.nguyenanh\.m2\repository\com\vladsch\flexmark\flexmark-ext-autolink\0.34.30\flexmark-ext-autolink-0.34.30.jar;C:\Users\dung.nguyenanh\.m2\repository\org\nibor\autolink\autolink\0.6.0\autolink-0.6.0.jar;C:\Users\dung.nguyenanh\.m2\repository\com\vladsch\flexmark\flexmark-ext-definition\0.34.30\flexmark-ext-definition-0.34.30.jar;C:\Users\dung.nguyenanh\.m2\repository\com\vladsch\flexmark\flexmark-ext-emoji\0.34.30\flexmark-ext-emoji-0.34.30.jar;C:\Users\dung.nguyenanh\.m2\repository\com\vladsch\flexmark\flexmark-ext-enumerated-reference\0.34.30\flexmark-ext-enumerated-reference-0.34.30.jar;C:\Users\dung.nguyenanh\.m2\repository\com\vladsch\flexmark\flexmark-ext-escaped-character\0.34.30\flexmark-ext-escaped-character-0.34.30.jar;C:\Users\dung.nguyenanh\.m2\repository\com\vladsch\flexmark\flexmark-ext-footnotes\0.34.30\flexmark-ext-footnotes-0.34.30.jar;C:\Users\dung.nguyenanh\.m2\repository\com\vladsch\flexmark\flexmark-ext-gfm-issues\0.34.30\flexmark-ext-gfm-issues-0.34.30.jar;C:\Users\dung.nguyenanh\.m2\repository\com\vladsch\flexmark\flexmark-ext-gfm-strikethrough\0.34.30\flexmark-ext-gfm-strikethrough-0.34.30.jar;C:\Users\dung.nguyenanh\.m2\repository\com\vladsch\flexmark\flexmark-ext-gfm-tables\0.34.30\flexmark-ext-gfm-tables-0.34.30.jar;C:\Users\dung.nguyenanh\.m2\repository\com\vladsch\flexmark\flexmark-ext-gfm-tasklist\0.34.30\flexmark-ext-gfm-tasklist-0.34.30.jar;C:\Users\dung.nguyenanh\.m2\repository\com\vladsch\flexmark\flexmark-ext-gfm-users\0.34.30\flexmark-ext-gfm-users-0.34.30.jar;C:\Users\dung.nguyenanh\.m2\repository\com\vladsch\flexmark\flexmark-ext-gitlab\0.34.30\flexmark-ext-gitlab-0.34.30.jar;C:\Users\dung.nguyenanh\.m2\repository\com\vladsch\flexmark\flexmark-ext-jekyll-front-matter\0.34.30\flexmark-ext-jekyll-front-matter-0.34.30.jar;C:\Users\dung.nguyenanh\.m2\repository\com\vladsch\flexmark\flexmark-ext-jekyll-tag\0.34.30\flexmark-ext-jekyll-tag-0.34.30.jar;C:\Users\dung.nguyenanh\.m2\repository\com\vladsch\flexmark\flexmark-ext-media-tags\0.34.30\flexmark-ext-media-tags-0.34.30.jar;C:\Users\dung.nguyenanh\.m2\repository\com\vladsch\flexmark\flexmark-test-util\0.34.30\flexmark-test-util-0.34.30.jar;C:\Users\dung.nguyenanh\.m2\repository\com\vladsch\flexmark\flexmark-ext-ins\0.34.30\flexmark-ext-ins-0.34.30.jar;C:\Users\dung.nguyenanh\.m2\repository\com\vladsch\flexmark\flexmark-ext-xwiki-macros\0.34.30\flexmark-ext-xwiki-macros-0.34.30.jar;C:\Users\dung.nguyenanh\.m2\repository\com\vladsch\flexmark\flexmark-ext-superscript\0.34.30\flexmark-ext-superscript-0.34.30.jar;C:\Users\dung.nguyenanh\.m2\repository\com\vladsch\flexmark\flexmark-ext-tables\0.34.30\flexmark-ext-tables-0.34.30.jar;C:\Users\dung.nguyenanh\.m2\repository\com\vladsch\flexmark\flexmark-ext-toc\0.34.30\flexmark-ext-toc-0.34.30.jar;C:\Users\dung.nguyenanh\.m2\repository\com\vladsch\flexmark\flexmark-ext-typographic\0.34.30\flexmark-ext-typographic-0.34.30.jar;C:\Users\dung.nguyenanh\.m2\repository\com\vladsch\flexmark\flexmark-ext-wikilink\0.34.30\flexmark-ext-wikilink-0.34.30.jar;C:\Users\dung.nguyenanh\.m2\repository\com\vladsch\flexmark\flexmark-ext-yaml-front-matter\0.34.30\flexmark-ext-yaml-front-matter-0.34.30.jar;C:\Users\dung.nguyenanh\.m2\repository\com\vladsch\flexmark\flexmark-ext-youtube-embedded\0.34.30\flexmark-ext-youtube-embedded-0.34.30.jar;C:\Users\dung.nguyenanh\.m2\repository\com\vladsch\flexmark\flexmark-formatter\0.34.30\flexmark-formatter-0.34.30.jar;C:\Users\dung.nguyenanh\.m2\repository\com\vladsch\flexmark\flexmark-html-parser\0.34.30\flexmark-html-parser-0.34.30.jar;C:\Users\dung.nguyenanh\.m2\repository\com\vladsch\flexmark\flexmark-jira-converter\0.34.30\flexmark-jira-converter-0.34.30.jar;C:\Users\dung.nguyenanh\.m2\repository\com\vladsch\flexmark\flexmark-pdf-converter\0.34.30\flexmark-pdf-converter-0.34.30.jar;C:\Users\dung.nguyenanh\.m2\repository\com\openhtmltopdf\openhtmltopdf-core\0.0.1-RC13\openhtmltopdf-core-0.0.1-RC13.jar;C:\Users\dung.nguyenanh\.m2\repository\com\openhtmltopdf\openhtmltopdf-pdfbox\0.0.1-RC13\openhtmltopdf-pdfbox-0.0.1-RC13.jar;C:\Users\dung.nguyenanh\.m2\repository\org\apache\pdfbox\pdfbox\2.0.8\pdfbox-2.0.8.jar;C:\Users\dung.nguyenanh\.m2\repository\org\apache\pdfbox\fontbox\2.0.8\fontbox-2.0.8.jar;C:\Users\dung.nguyenanh\.m2\repository\commons-logging\commons-logging\1.2\commons-logging-1.2.jar;C:\Users\dung.nguyenanh\.m2\repository\org\apache\pdfbox\xmpbox\2.0.8\xmpbox-2.0.8.jar;C:\Users\dung.nguyenanh\.m2\repository\de\rototor\pdfbox\graphics2d\0.12\graphics2d-0.12.jar;C:\Users\dung.nguyenanh\.m2\repository\com\openhtmltopdf\openhtmltopdf-rtl-support\0.0.1-RC13\openhtmltopdf-rtl-support-0.0.1-RC13.jar;C:\Users\dung.nguyenanh\.m2\repository\com\ibm\icu\icu4j\59.1\icu4j-59.1.jar;C:\Users\dung.nguyenanh\.m2\repository\com\openhtmltopdf\openhtmltopdf-jsoup-dom-converter\0.0.1-RC13\openhtmltopdf-jsoup-dom-converter-0.0.1-RC13.jar;C:\Users\dung.nguyenanh\.m2\repository\com\vladsch\flexmark\flexmark-profile-pegdown\0.34.30\flexmark-profile-pegdown-0.34.30.jar;C:\Users\dung.nguyenanh\.m2\repository\com\vladsch\flexmark\flexmark-util\0.34.30\flexmark-util-0.34.30.jar;C:\Users\dung.nguyenanh\.m2\repository\com\vladsch\flexmark\flexmark-youtrack-converter\0.34.30\flexmark-youtrack-converter-0.34.30.jar;C:\Users\dung.nguyenanh\.m2\repository\es\nitaur\markdown\txtmark\0.16\txtmark-0.16.jar;C:\Users\dung.nguyenanh\.m2\repository\net\serenity-bdd\serenity-report-resources\3.2.3\serenity-report-resources-3.2.3.jar;C:\Users\dung.nguyenanh\.m2\repository\com\google\code\gson\gson\2.9.0\gson-2.9.0.jar;C:\Users\dung.nguyenanh\.m2\repository\com\fasterxml\jackson\core\jackson-core\2.13.2\jackson-core-2.13.2.jar;C:\Users\dung.nguyenanh\.m2\repository\com\fasterxml\jackson\core\jackson-databind\2.13.2\jackson-databind-2.13.2.jar;C:\Users\dung.nguyenanh\.m2\repository\com\fasterxml\jackson\core\jackson-annotations\2.13.2\jackson-annotations-2.13.2.jar;C:\Users\dung.nguyenanh\.m2\repository\commons-codec\commons-codec\1.15\commons-codec-1.15.jar;C:\Users\dung.nguyenanh\.m2\repository\commons-io\commons-io\2.11.0\commons-io-2.11.0.jar;C:\Users\dung.nguyenanh\.m2\repository\org\seleniumhq\selenium\selenium-java\4.1.3\selenium-java-4.1.3.jar;C:\Users\dung.nguyenanh\.m2\repository\org\seleniumhq\selenium\selenium-devtools-v85\4.1.3\selenium-devtools-v85-4.1.3.jar;C:\Users\dung.nguyenanh\.m2\repository\org\seleniumhq\selenium\selenium-devtools-v97\4.1.3\selenium-devtools-v97-4.1.3.jar;C:\Users\dung.nguyenanh\.m2\repository\org\seleniumhq\selenium\selenium-devtools-v98\4.1.3\selenium-devtools-v98-4.1.3.jar;C:\Users\dung.nguyenanh\.m2\repository\org\seleniumhq\selenium\selenium-devtools-v99\4.1.3\selenium-devtools-v99-4.1.3.jar;C:\Users\dung.nguyenanh\.m2\repository\org\seleniumhq\selenium\selenium-opera-driver\4.1.3\selenium-opera-driver-4.1.3.jar;C:\Users\dung.nguyenanh\.m2\repository\org\seleniumhq\selenium\selenium-remote-driver\4.1.3\selenium-remote-driver-4.1.3.jar;C:\Users\dung.nguyenanh\.m2\repository\com\beust\jcommander\1.82\jcommander-1.82.jar;C:\Users\dung.nguyenanh\.m2\repository\io\netty\netty-buffer\4.1.75.Final\netty-buffer-4.1.75.Final.jar;C:\Users\dung.nguyenanh\.m2\repository\io\netty\netty-codec-http\4.1.75.Final\netty-codec-http-4.1.75.Final.jar;C:\Users\dung.nguyenanh\.m2\repository\io\netty\netty-codec\4.1.75.Final\netty-codec-4.1.75.Final.jar;C:\Users\dung.nguyenanh\.m2\repository\io\netty\netty-handler\4.1.75.Final\netty-handler-4.1.75.Final.jar;C:\Users\dung.nguyenanh\.m2\repository\io\netty\netty-common\4.1.75.Final\netty-common-4.1.75.Final.jar;C:\Users\dung.nguyenanh\.m2\repository\io\netty\netty-transport-classes-epoll\4.1.75.Final\netty-transport-classes-epoll-4.1.75.Final.jar;C:\Users\dung.nguyenanh\.m2\repository\io\netty\netty-transport-classes-kqueue\4.1.75.Final\netty-transport-classes-kqueue-4.1.75.Final.jar;C:\Users\dung.nguyenanh\.m2\repository\io\netty\netty-transport-native-epoll\4.1.75.Final\netty-transport-native-epoll-4.1.75.Final.jar;C:\Users\dung.nguyenanh\.m2\repository\io\netty\netty-transport-native-kqueue\4.1.75.Final\netty-transport-native-kqueue-4.1.75.Final.jar;C:\Users\dung.nguyenanh\.m2\repository\io\netty\netty-transport-native-unix-common\4.1.75.Final\netty-transport-native-unix-common-4.1.75.Final.jar;C:\Users\dung.nguyenanh\.m2\repository\io\netty\netty-transport\4.1.75.Final\netty-transport-4.1.75.Final.jar;C:\Users\dung.nguyenanh\.m2\repository\io\netty\netty-resolver\4.1.75.Final\netty-resolver-4.1.75.Final.jar;C:\Users\dung.nguyenanh\.m2\repository\io\opentelemetry\opentelemetry-api\1.12.0\opentelemetry-api-1.12.0.jar;C:\Users\dung.nguyenanh\.m2\repository\io\opentelemetry\opentelemetry-context\1.12.0\opentelemetry-context-1.12.0.jar;C:\Users\dung.nguyenanh\.m2\repository\io\opentelemetry\opentelemetry-exporter-logging\1.12.0\opentelemetry-exporter-logging-1.12.0.jar;C:\Users\dung.nguyenanh\.m2\repository\io\opentelemetry\opentelemetry-sdk-metrics\1.12.0-alpha\opentelemetry-sdk-metrics-1.12.0-alpha.jar;C:\Users\dung.nguyenanh\.m2\repository\io\opentelemetry\opentelemetry-sdk-logs\1.12.0-alpha\opentelemetry-sdk-logs-1.12.0-alpha.jar;C:\Users\dung.nguyenanh\.m2\repository\io\opentelemetry\opentelemetry-sdk-common\1.12.0\opentelemetry-sdk-common-1.12.0.jar;C:\Users\dung.nguyenanh\.m2\repository\io\opentelemetry\opentelemetry-sdk-extension-autoconfigure-spi\1.12.0\opentelemetry-sdk-extension-autoconfigure-spi-1.12.0.jar;C:\Users\dung.nguyenanh\.m2\repository\io\opentelemetry\opentelemetry-sdk-extension-autoconfigure\1.12.0-alpha\opentelemetry-sdk-extension-autoconfigure-1.12.0-alpha.jar;C:\Users\dung.nguyenanh\.m2\repository\io\opentelemetry\opentelemetry-sdk-trace\1.12.0\opentelemetry-sdk-trace-1.12.0.jar;C:\Users\dung.nguyenanh\.m2\repository\io\opentelemetry\opentelemetry-sdk\1.12.0\opentelemetry-sdk-1.12.0.jar;C:\Users\dung.nguyenanh\.m2\repository\io\opentelemetry\opentelemetry-semconv\1.12.0-alpha\opentelemetry-semconv-1.12.0-alpha.jar;C:\Users\dung.nguyenanh\.m2\repository\io\ous\jtoml\2.0.0\jtoml-2.0.0.jar;C:\Users\dung.nguyenanh\.m2\repository\org\apache\commons\commons-exec\1.3\commons-exec-1.3.jar;C:\Users\dung.nguyenanh\.m2\repository\org\asynchttpclient\async-http-client\2.12.3\async-http-client-2.12.3.jar;C:\Users\dung.nguyenanh\.m2\repository\org\asynchttpclient\async-http-client-netty-utils\2.12.3\async-http-client-netty-utils-2.12.3.jar;C:\Users\dung.nguyenanh\.m2\repository\io\netty\netty-codec-socks\4.1.60.Final\netty-codec-socks-4.1.60.Final.jar;C:\Users\dung.nguyenanh\.m2\repository\io\netty\netty-handler-proxy\4.1.60.Final\netty-handler-proxy-4.1.60.Final.jar;C:\Users\dung.nguyenanh\.m2\repository\io\netty\netty-transport-native-epoll\4.1.60.Final\netty-transport-native-epoll-4.1.60.Final-linux-x86_64.jar;C:\Users\dung.nguyenanh\.m2\repository\io\netty\netty-transport-native-kqueue\4.1.60.Final\netty-transport-native-kqueue-4.1.60.Final-osx-x86_64.jar;C:\Users\dung.nguyenanh\.m2\repository\org\reactivestreams\reactive-streams\1.0.3\reactive-streams-1.0.3.jar;C:\Users\dung.nguyenanh\.m2\repository\com\typesafe\netty\netty-reactive-streams\2.0.4\netty-reactive-streams-2.0.4.jar;C:\Users\dung.nguyenanh\.m2\repository\org\seleniumhq\selenium\selenium-http\4.1.3\selenium-http-4.1.3.jar;C:\Users\dung.nguyenanh\.m2\repository\dev\failsafe\failsafe\3.2.3\failsafe-3.2.3.jar;C:\Users\dung.nguyenanh\.m2\repository\org\seleniumhq\selenium\selenium-safari-driver\4.1.3\selenium-safari-driver-4.1.3.jar;C:\Users\dung.nguyenanh\.m2\repository\org\seleniumhq\selenium\selenium-api\4.1.3\selenium-api-4.1.3.jar;C:\Users\dung.nguyenanh\.m2\repository\org\seleniumhq\selenium\selenium-support\4.1.3\selenium-support-4.1.3.jar;C:\Users\dung.nguyenanh\.m2\repository\com\google\auto\service\auto-service-annotations\1.0.1\auto-service-annotations-1.0.1.jar;C:\Users\dung.nguyenanh\.m2\repository\com\google\auto\service\auto-service\1.0.1\auto-service-1.0.1.jar;C:\Users\dung.nguyenanh\.m2\repository\com\google\auto\auto-common\1.2\auto-common-1.2.jar;C:\Users\dung.nguyenanh\.m2\repository\org\seleniumhq\selenium\selenium-json\4.1.3\selenium-json-4.1.3.jar;C:\Users\dung.nguyenanh\.m2\repository\org\seleniumhq\selenium\selenium-chrome-driver\4.1.3\selenium-chrome-driver-4.1.3.jar;C:\Users\dung.nguyenanh\.m2\repository\org\seleniumhq\selenium\selenium-chromium-driver\4.1.3\selenium-chromium-driver-4.1.3.jar;C:\Users\dung.nguyenanh\.m2\repository\org\seleniumhq\selenium\selenium-firefox-driver\4.1.3\selenium-firefox-driver-4.1.3.jar;C:\Users\dung.nguyenanh\.m2\repository\org\seleniumhq\selenium\selenium-edge-driver\4.1.3\selenium-edge-driver-4.1.3.jar;C:\Users\dung.nguyenanh\.m2\repository\org\seleniumhq\selenium\selenium-ie-driver\4.1.3\selenium-ie-driver-4.1.3.jar;C:\Users\dung.nguyenanh\.m2\repository\io\appium\java-client\8.0.0\java-client-8.0.0.jar;C:\Users\dung.nguyenanh\.m2\repository\commons-validator\commons-validator\1.7\commons-validator-1.7.jar;C:\Users\dung.nguyenanh\.m2\repository\commons-digester\commons-digester\2.1\commons-digester-2.1.jar;C:\Users\dung.nguyenanh\.m2\repository\org\aspectj\aspectjweaver\1.9.8\aspectjweaver-1.9.8.jar;C:\Users\dung.nguyenanh\.m2\repository\org\codehaus\groovy\groovy\3.0.10\groovy-3.0.10.jar;C:\Users\dung.nguyenanh\.m2\repository\net\sf\opencsv\opencsv\2.0\opencsv-2.0.jar;C:\Users\dung.nguyenanh\.m2\repository\commons-beanutils\commons-beanutils\1.9.4\commons-beanutils-1.9.4.jar;C:\Users\dung.nguyenanh\.m2\repository\org\apache\commons\commons-lang3\3.12.0\commons-lang3-3.12.0.jar;C:\Users\dung.nguyenanh\.m2\repository\commons-collections\commons-collections\3.2.2\commons-collections-3.2.2.jar;C:\Users\dung.nguyenanh\.m2\repository\org\fluentlenium\fluentlenium-core\0.10.2\fluentlenium-core-0.10.2.jar;C:\Users\dung.nguyenanh\.m2\repository\com\jhlabs\filters\2.0.235\filters-2.0.235.jar;C:\Users\dung.nguyenanh\.m2\repository\com\paulhammant\ngwebdriver\1.1.6\ngwebdriver-1.1.6.jar;C:\Users\dung.nguyenanh\.m2\repository\joda-time\joda-time\2.8.2\joda-time-2.8.2.jar;C:\Users\dung.nguyenanh\.m2\repository\org\hamcrest\hamcrest\2.2\hamcrest-2.2.jar;C:\Users\dung.nguyenanh\.m2\repository\com\google\jimfs\jimfs\1.2\jimfs-1.2.jar;C:\Users\dung.nguyenanh\.m2\repository\org\mockito\mockito-core\3.3.3\mockito-core-3.3.3.jar;C:\Users\dung.nguyenanh\.m2\repository\javax\xml\bind\jaxb-api\2.3.1\jaxb-api-2.3.1.jar;C:\Users\dung.nguyenanh\.m2\repository\javax\activation\javax.activation-api\1.2.0\javax.activation-api-1.2.0.jar;C:\Users\dung.nguyenanh\.m2\repository\com\sun\xml\bind\jaxb-core\2.3.0.1\jaxb-core-2.3.0.1.jar;C:\Users\dung.nguyenanh\.m2\repository\com\sun\xml\bind\jaxb-impl\2.3.3\jaxb-impl-2.3.3.jar;C:\Users\dung.nguyenanh\.m2\repository\jakarta\xml\bind\jakarta.xml.bind-api\2.3.3\jakarta.xml.bind-api-2.3.3.jar;C:\Users\dung.nguyenanh\.m2\repository\com\sun\activation\jakarta.activation\1.2.2\jakarta.activation-1.2.2.jar;C:\Users\dung.nguyenanh\.m2\repository\javax\activation\activation\1.1.1\activation-1.1.1.jar;C:\Users\dung.nguyenanh\.m2\repository\net\serenity-bdd\serenity-cucumber\3.2.3\serenity-cucumber-3.2.3.jar;C:\Users\dung.nguyenanh\.m2\repository\io\cucumber\cucumber-core\7.2.3\cucumber-core-7.2.3.jar;C:\Users\dung.nguyenanh\.m2\repository\io\cucumber\cucumber-gherkin\7.2.3\cucumber-gherkin-7.2.3.jar;C:\Users\dung.nguyenanh\.m2\repository\io\cucumber\cucumber-gherkin-messages\7.2.3\cucumber-gherkin-messages-7.2.3.jar;C:\Users\dung.nguyenanh\.m2\repository\io\cucumber\messages\17.1.1\messages-17.1.1.jar;C:\Users\dung.nguyenanh\.m2\repository\io\cucumber\tag-expressions\4.1.0\tag-expressions-4.1.0.jar;C:\Users\dung.nguyenanh\.m2\repository\io\cucumber\cucumber-expressions\15.0.1\cucumber-expressions-15.0.1.jar;C:\Users\dung.nguyenanh\.m2\repository\io\cucumber\datatable\7.2.3\datatable-7.2.3.jar;C:\Users\dung.nguyenanh\.m2\repository\io\cucumber\cucumber-plugin\7.2.3\cucumber-plugin-7.2.3.jar;C:\Users\dung.nguyenanh\.m2\repository\io\cucumber\docstring\7.2.3\docstring-7.2.3.jar;C:\Users\dung.nguyenanh\.m2\repository\io\cucumber\html-formatter\17.0.0\html-formatter-17.0.0.jar;C:\Users\dung.nguyenanh\.m2\repository\io\cucumber\ci-environment\8.1.0\ci-environment-8.1.0.jar;C:\Users\dung.nguyenanh\.m2\repository\io\cucumber\cucumber-junit\7.2.3\cucumber-junit-7.2.3.jar;C:\Users\dung.nguyenanh\.m2\repository\org\apiguardian\apiguardian-api\1.1.2\apiguardian-api-1.1.2.jar;C:\Users\dung.nguyenanh\.m2\repository\org\apache\commons\commons-csv\1.5\commons-csv-1.5.jar;C:\Users\dung.nguyenanh\.m2\repository\net\serenity-bdd\serenity-screenplay\3.2.3\serenity-screenplay-3.2.3.jar;C:\Users\dung.nguyenanh\.m2\repository\net\serenity-bdd\serenity-screenplay-webdriver\3.2.3\serenity-screenplay-webdriver-3.2.3.jar;C:\Users\dung.nguyenanh\.m2\repository\net\serenity-bdd\serenity-ensure\3.2.3\serenity-ensure-3.2.3.jar;C:\Users\dung.nguyenanh\.m2\repository\net\serenity-bdd\serenity-junit\3.2.3\serenity-junit-3.2.3.jar;C:\Users\dung.nguyenanh\.m2\repository\org\jetbrains\kotlin\kotlin-stdlib\1.6.0\kotlin-stdlib-1.6.0.jar;C:\Users\dung.nguyenanh\.m2\repository\org\jetbrains\annotations\13.0\annotations-13.0.jar;C:\Users\dung.nguyenanh\.m2\repository\org\jetbrains\kotlin\kotlin-stdlib-common\1.6.0\kotlin-stdlib-common-1.6.0.jar;C:\Users\dung.nguyenanh\.m2\repository\junit\junit\4.13.2\junit-4.13.2.jar;C:\Users\dung.nguyenanh\.m2\repository\org\hamcrest\hamcrest-core\1.3\hamcrest-core-1.3.jar;C:\Users\dung.nguyenanh\.m2\repository\org\projectlombok\lombok\1.18.22\lombok-1.18.22.jar;C:\Users\dung.nguyenanh\.m2\repository\ch\qos\logback\logback-classic\1.2.11\logback-classic-1.2.11.jar;C:\Users\dung.nguyenanh\.m2\repository\ch\qos\logback\logback-core\1.2.11\logback-core-1.2.11.jar;C:\Users\dung.nguyenanh\.m2\repository\org\slf4j\slf4j-api\1.7.32\slf4j-api-1.7.32.jar;C:\Users\dung.nguyenanh\.m2\repository\org\assertj\assertj-core\3.22.0\assertj-core-3.22.0.jar;C:\Users\dung.nguyenanh\.m2\repository\io\github\bonigarcia\webdrivermanager\5.1.1\webdrivermanager-5.1.1.jar;C:\Users\dung.nguyenanh\.m2\repository\com\github\docker-java\docker-java\3.2.13\docker-java-3.2.13.jar;C:\Users\dung.nguyenanh\.m2\repository\com\github\docker-java\docker-java-core\3.2.13\docker-java-core-3.2.13.jar;C:\Users\dung.nguyenanh\.m2\repository\com\github\docker-java\docker-java-api\3.2.13\docker-java-api-3.2.13.jar;C:\Users\dung.nguyenanh\.m2\repository\org\apache\commons\commons-compress\1.21\commons-compress-1.21.jar;C:\Users\dung.nguyenanh\.m2\repository\org\bouncycastle\bcpkix-jdk15on\1.64\bcpkix-jdk15on-1.64.jar;C:\Users\dung.nguyenanh\.m2\repository\org\bouncycastle\bcprov-jdk15on\1.64\bcprov-jdk15on-1.64.jar;C:\Users\dung.nguyenanh\.m2\repository\org\slf4j\jcl-over-slf4j\1.7.30\jcl-over-slf4j-1.7.30.jar;C:\Users\dung.nguyenanh\.m2\repository\com\github\docker-java\docker-java-transport-httpclient5\3.2.13\docker-java-transport-httpclient5-3.2.13.jar;C:\Users\dung.nguyenanh\.m2\repository\com\github\docker-java\docker-java-transport\3.2.13\docker-java-transport-3.2.13.jar;C:\Users\dung.nguyenanh\.m2\repository\net\java\dev\jna\jna\5.8.0\jna-5.8.0.jar;C:\Users\dung.nguyenanh\.m2\repository\org\brotli\dec\0.1.2\dec-0.1.2.jar;C:\Users\dung.nguyenanh\.m2\repository\org\apache\httpcomponents\client5\httpclient5\5.1.3\httpclient5-5.1.3.jar;C:\Users\dung.nguyenanh\.m2\repository\org\apache\httpcomponents\core5\httpcore5\5.1.3\httpcore5-5.1.3.jar;C:\Users\dung.nguyenanh\.m2\repository\org\apache\httpcomponents\core5\httpcore5-h2\5.1.3\httpcore5-h2-5.1.3.jar;C:\Users\dung.nguyenanh\.m2\repository\org\hamcrest\hamcrest-all\1.3\hamcrest-all-1.3.jar;C:\Users\dung.nguyenanh\.m2\repository\org\apache\maven\plugins\maven-failsafe-plugin\3.0.0-M5\maven-failsafe-plugin-3.0.0-M5.jar;C:\Users\dung.nguyenanh\.m2\repository\org\apache\maven\surefire\maven-surefire-common\3.0.0-M5\maven-surefire-common-3.0.0-M5.jar;C:\Users\dung.nguyenanh\.m2\repository\org\apache\maven\surefire\surefire-api\3.0.0-M5\surefire-api-3.0.0-M5.jar;C:\Users\dung.nguyenanh\.m2\repository\org\apache\maven\surefire\surefire-logger-api\3.0.0-M5\surefire-logger-api-3.0.0-M5.jar;C:\Users\dung.nguyenanh\.m2\repository\org\apache\maven\surefire\surefire-extensions-api\3.0.0-M5\surefire-extensions-api-3.0.0-M5.jar;C:\Users\dung.nguyenanh\.m2\repository\org\apache\maven\surefire\surefire-booter\3.0.0-M5\surefire-booter-3.0.0-M5.jar;C:\Users\dung.nguyenanh\.m2\repository\org\apache\maven\surefire\surefire-extensions-spi\3.0.0-M5\surefire-extensions-spi-3.0.0-M5.jar;C:\Users\dung.nguyenanh\.m2\repository\org\apache\maven\maven-toolchain\3.0-alpha-2\maven-toolchain-3.0-alpha-2.jar;C:\Users\dung.nguyenanh\.m2\repository\org\apache\maven\shared\maven-artifact-transfer\0.11.0\maven-artifact-transfer-0.11.0.jar;C:\Users\dung.nguyenanh\.m2\repository\org\apache\maven\shared\maven-common-artifact-filters\3.0.1\maven-common-artifact-filters-3.0.1.jar;C:\Users\dung.nguyenanh\.m2\repository\org\apache\maven\maven-model\3.0\maven-model-3.0.jar;C:\Users\dung.nguyenanh\.m2\repository\org\apache\maven\maven-plugin-api\3.0\maven-plugin-api-3.0.jar;C:\Users\dung.nguyenanh\.m2\repository\org\sonatype\sisu\sisu-inject-plexus\1.4.2\sisu-inject-plexus-1.4.2.jar;C:\Users\dung.nguyenanh\.m2\repository\org\codehaus\plexus\plexus-classworlds\2.2.3\plexus-classworlds-2.2.3.jar;C:\Users\dung.nguyenanh\.m2\repository\org\sonatype\sisu\sisu-inject-bean\1.4.2\sisu-inject-bean-1.4.2.jar;C:\Users\dung.nguyenanh\.m2\repository\org\sonatype\sisu\sisu-guice\2.1.7\sisu-guice-2.1.7-noaop.jar;C:\Users\dung.nguyenanh\.m2\repository\org\apache\maven\shared\maven-shared-utils\3.1.0\maven-shared-utils-3.1.0.jar;C:\Users\dung.nguyenanh\.m2\repository\org\codehaus\plexus\plexus-java\1.0.5\plexus-java-1.0.5.jar;C:\Users\dung.nguyenanh\.m2\repository\org\ow2\asm\asm\7.2\asm-7.2.jar;C:\Users\dung.nguyenanh\.m2\repository\com\thoughtworks\qdox\qdox\2.0-M9\qdox-2.0-M9.jar;C:\Users\dung.nguyenanh\.m2\repository\org\apache\maven\surefire\surefire-shared-utils\3.0.0-M4\surefire-shared-utils-3.0.0-M4.jar;"/>
    <property name="java.vm.vendor" value="Oracle Corporation"/>
    <property name="sun.arch.data.model" value="64"/>
    <property name="user.variant" value=""/>
    <property name="java.vendor.url" value="http://java.oracle.com/"/>
    <property name="user.timezone" value="Asia/Bangkok"/>
    <property name="java.vm.specification.version" value="1.8"/>
    <property name="os.name" value="Windows 10"/>
    <property name="user.country" value="US"/>
    <property name="sun.java.launcher" value="SUN_STANDARD"/>
    <property name="sun.boot.library.path" value="C:\Program Files\Java\jdk1.8.0_321\jre\bin"/>
    <property name="sun.java.command" value="C:\Users\dung.nguyenanh\AppData\Local\Temp\surefire1310026987014523621\surefirebooter1193716919533943266.jar C:\Users\dung.nguyenanh\AppData\Local\Temp\surefire1310026987014523621 2022-04-21T02-10-27_410-jvmRun1 surefire4599927043851530917tmp surefire_0545524629329297977tmp"/>
    <property name="surefire.test.class.path" value="D:\Pratice\serenity_homework\target\test-classes;D:\Pratice\serenity_homework\target\serenity_homework-1.0-SNAPSHOT.jar;C:\Users\dung.nguyenanh\.m2\repository\net\serenity-bdd\serenity-core\3.2.3\serenity-core-3.2.3.jar;C:\Users\dung.nguyenanh\.m2\repository\net\serenity-bdd\serenity-model\3.2.3\serenity-model-3.2.3.jar;C:\Users\dung.nguyenanh\.m2\repository\org\apache\commons\commons-text\1.9\commons-text-1.9.jar;C:\Users\dung.nguyenanh\.m2\repository\commons-net\commons-net\3.8.0\commons-net-3.8.0.jar;C:\Users\dung.nguyenanh\.m2\repository\com\google\guava\guava\31.1-jre\guava-31.1-jre.jar;C:\Users\dung.nguyenanh\.m2\repository\com\google\guava\failureaccess\1.0.1\failureaccess-1.0.1.jar;C:\Users\dung.nguyenanh\.m2\repository\com\google\guava\listenablefuture\9999.0-empty-to-avoid-conflict-with-guava\listenablefuture-9999.0-empty-to-avoid-conflict-with-guava.jar;C:\Users\dung.nguyenanh\.m2\repository\com\google\code\findbugs\jsr305\3.0.2\jsr305-3.0.2.jar;C:\Users\dung.nguyenanh\.m2\repository\org\checkerframework\checker-qual\3.12.0\checker-qual-3.12.0.jar;C:\Users\dung.nguyenanh\.m2\repository\com\google\errorprone\error_prone_annotations\2.11.0\error_prone_annotations-2.11.0.jar;C:\Users\dung.nguyenanh\.m2\repository\com\google\j2objc\j2objc-annotations\1.3\j2objc-annotations-1.3.jar;C:\Users\dung.nguyenanh\.m2\repository\com\google\inject\guice\5.1.0\guice-5.1.0.jar;C:\Users\dung.nguyenanh\.m2\repository\javax\inject\javax.inject\1\javax.inject-1.jar;C:\Users\dung.nguyenanh\.m2\repository\aopalliance\aopalliance\1.0\aopalliance-1.0.jar;C:\Users\dung.nguyenanh\.m2\repository\org\jsoup\jsoup\1.14.3\jsoup-1.14.3.jar;C:\Users\dung.nguyenanh\.m2\repository\com\thoughtworks\xstream\xstream\1.4.19\xstream-1.4.19.jar;C:\Users\dung.nguyenanh\.m2\repository\io\github\x-stream\mxparser\1.2.2\mxparser-1.2.2.jar;C:\Users\dung.nguyenanh\.m2\repository\xmlpull\xmlpull\1.1.3.1\xmlpull-1.1.3.1.jar;C:\Users\dung.nguyenanh\.m2\repository\io\cucumber\cucumber-java\7.2.3\cucumber-java-7.2.3.jar;C:\Users\dung.nguyenanh\.m2\repository\com\typesafe\config\1.4.2\config-1.4.2.jar;C:\Users\dung.nguyenanh\.m2\repository\org\imgscalr\imgscalr-lib\4.2\imgscalr-lib-4.2.jar;C:\Users\dung.nguyenanh\.m2\repository\org\awaitility\awaitility\4.2.0\awaitility-4.2.0.jar;C:\Users\dung.nguyenanh\.m2\repository\org\freemarker\freemarker\2.3.31\freemarker-2.3.31.jar;C:\Users\dung.nguyenanh\.m2\repository\io\github\classgraph\classgraph\4.8.138\classgraph-4.8.138.jar;C:\Users\dung.nguyenanh\.m2\repository\net\sourceforge\jexcelapi\jxl\2.6.12\jxl-2.6.12.jar;C:\Users\dung.nguyenanh\.m2\repository\net\bytebuddy\byte-buddy\1.12.8\byte-buddy-1.12.8.jar;C:\Users\dung.nguyenanh\.m2\repository\net\bytebuddy\byte-buddy-agent\1.12.8\byte-buddy-agent-1.12.8.jar;C:\Users\dung.nguyenanh\.m2\repository\org\objenesis\objenesis\3.1\objenesis-3.1.jar;C:\Users\dung.nguyenanh\.m2\repository\net\serenity-bdd\serenity-reports\3.2.3\serenity-reports-3.2.3.jar;C:\Users\dung.nguyenanh\.m2\repository\net\serenity-bdd\serenity-stats\3.2.3\serenity-stats-3.2.3.jar;C:\Users\dung.nguyenanh\.m2\repository\net\serenity-bdd\serenity-reports-configuration\3.2.3\serenity-reports-configuration-3.2.3.jar;C:\Users\dung.nguyenanh\.m2\repository\com\vladsch\flexmark\flexmark-all\0.34.30\flexmark-all-0.34.30.jar;C:\Users\dung.nguyenanh\.m2\repository\com\vladsch\flexmark\flexmark\0.34.30\flexmark-0.34.30.jar;C:\Users\dung.nguyenanh\.m2\repository\com\vladsch\flexmark\flexmark-ext-abbreviation\0.34.30\flexmark-ext-abbreviation-0.34.30.jar;C:\Users\dung.nguyenanh\.m2\repository\com\vladsch\flexmark\flexmark-ext-admonition\0.34.30\flexmark-ext-admonition-0.34.30.jar;C:\Users\dung.nguyenanh\.m2\repository\com\vladsch\flexmark\flexmark-ext-anchorlink\0.34.30\flexmark-ext-anchorlink-0.34.30.jar;C:\Users\dung.nguyenanh\.m2\repository\com\vladsch\flexmark\flexmark-ext-aside\0.34.30\flexmark-ext-aside-0.34.30.jar;C:\Users\dung.nguyenanh\.m2\repository\com\vladsch\flexmark\flexmark-ext-attributes\0.34.30\flexmark-ext-attributes-0.34.30.jar;C:\Users\dung.nguyenanh\.m2\repository\com\vladsch\flexmark\flexmark-ext-autolink\0.34.30\flexmark-ext-autolink-0.34.30.jar;C:\Users\dung.nguyenanh\.m2\repository\org\nibor\autolink\autolink\0.6.0\autolink-0.6.0.jar;C:\Users\dung.nguyenanh\.m2\repository\com\vladsch\flexmark\flexmark-ext-definition\0.34.30\flexmark-ext-definition-0.34.30.jar;C:\Users\dung.nguyenanh\.m2\repository\com\vladsch\flexmark\flexmark-ext-emoji\0.34.30\flexmark-ext-emoji-0.34.30.jar;C:\Users\dung.nguyenanh\.m2\repository\com\vladsch\flexmark\flexmark-ext-enumerated-reference\0.34.30\flexmark-ext-enumerated-reference-0.34.30.jar;C:\Users\dung.nguyenanh\.m2\repository\com\vladsch\flexmark\flexmark-ext-escaped-character\0.34.30\flexmark-ext-escaped-character-0.34.30.jar;C:\Users\dung.nguyenanh\.m2\repository\com\vladsch\flexmark\flexmark-ext-footnotes\0.34.30\flexmark-ext-footnotes-0.34.30.jar;C:\Users\dung.nguyenanh\.m2\repository\com\vladsch\flexmark\flexmark-ext-gfm-issues\0.34.30\flexmark-ext-gfm-issues-0.34.30.jar;C:\Users\dung.nguyenanh\.m2\repository\com\vladsch\flexmark\flexmark-ext-gfm-strikethrough\0.34.30\flexmark-ext-gfm-strikethrough-0.34.30.jar;C:\Users\dung.nguyenanh\.m2\repository\com\vladsch\flexmark\flexmark-ext-gfm-tables\0.34.30\flexmark-ext-gfm-tables-0.34.30.jar;C:\Users\dung.nguyenanh\.m2\repository\com\vladsch\flexmark\flexmark-ext-gfm-tasklist\0.34.30\flexmark-ext-gfm-tasklist-0.34.30.jar;C:\Users\dung.nguyenanh\.m2\repository\com\vladsch\flexmark\flexmark-ext-gfm-users\0.34.30\flexmark-ext-gfm-users-0.34.30.jar;C:\Users\dung.nguyenanh\.m2\repository\com\vladsch\flexmark\flexmark-ext-gitlab\0.34.30\flexmark-ext-gitlab-0.34.30.jar;C:\Users\dung.nguyenanh\.m2\repository\com\vladsch\flexmark\flexmark-ext-jekyll-front-matter\0.34.30\flexmark-ext-jekyll-front-matter-0.34.30.jar;C:\Users\dung.nguyenanh\.m2\repository\com\vladsch\flexmark\flexmark-ext-jekyll-tag\0.34.30\flexmark-ext-jekyll-tag-0.34.30.jar;C:\Users\dung.nguyenanh\.m2\repository\com\vladsch\flexmark\flexmark-ext-media-tags\0.34.30\flexmark-ext-media-tags-0.34.30.jar;C:\Users\dung.nguyenanh\.m2\repository\com\vladsch\flexmark\flexmark-test-util\0.34.30\flexmark-test-util-0.34.30.jar;C:\Users\dung.nguyenanh\.m2\repository\com\vladsch\flexmark\flexmark-ext-ins\0.34.30\flexmark-ext-ins-0.34.30.jar;C:\Users\dung.nguyenanh\.m2\repository\com\vladsch\flexmark\flexmark-ext-xwiki-macros\0.34.30\flexmark-ext-xwiki-macros-0.34.30.jar;C:\Users\dung.nguyenanh\.m2\repository\com\vladsch\flexmark\flexmark-ext-superscript\0.34.30\flexmark-ext-superscript-0.34.30.jar;C:\Users\dung.nguyenanh\.m2\repository\com\vladsch\flexmark\flexmark-ext-tables\0.34.30\flexmark-ext-tables-0.34.30.jar;C:\Users\dung.nguyenanh\.m2\repository\com\vladsch\flexmark\flexmark-ext-toc\0.34.30\flexmark-ext-toc-0.34.30.jar;C:\Users\dung.nguyenanh\.m2\repository\com\vladsch\flexmark\flexmark-ext-typographic\0.34.30\flexmark-ext-typographic-0.34.30.jar;C:\Users\dung.nguyenanh\.m2\repository\com\vladsch\flexmark\flexmark-ext-wikilink\0.34.30\flexmark-ext-wikilink-0.34.30.jar;C:\Users\dung.nguyenanh\.m2\repository\com\vladsch\flexmark\flexmark-ext-yaml-front-matter\0.34.30\flexmark-ext-yaml-front-matter-0.34.30.jar;C:\Users\dung.nguyenanh\.m2\repository\com\vladsch\flexmark\flexmark-ext-youtube-embedded\0.34.30\flexmark-ext-youtube-embedded-0.34.30.jar;C:\Users\dung.nguyenanh\.m2\repository\com\vladsch\flexmark\flexmark-formatter\0.34.30\flexmark-formatter-0.34.30.jar;C:\Users\dung.nguyenanh\.m2\repository\com\vladsch\flexmark\flexmark-html-parser\0.34.30\flexmark-html-parser-0.34.30.jar;C:\Users\dung.nguyenanh\.m2\repository\com\vladsch\flexmark\flexmark-jira-converter\0.34.30\flexmark-jira-converter-0.34.30.jar;C:\Users\dung.nguyenanh\.m2\repository\com\vladsch\flexmark\flexmark-pdf-converter\0.34.30\flexmark-pdf-converter-0.34.30.jar;C:\Users\dung.nguyenanh\.m2\repository\com\openhtmltopdf\openhtmltopdf-core\0.0.1-RC13\openhtmltopdf-core-0.0.1-RC13.jar;C:\Users\dung.nguyenanh\.m2\repository\com\openhtmltopdf\openhtmltopdf-pdfbox\0.0.1-RC13\openhtmltopdf-pdfbox-0.0.1-RC13.jar;C:\Users\dung.nguyenanh\.m2\repository\org\apache\pdfbox\pdfbox\2.0.8\pdfbox-2.0.8.jar;C:\Users\dung.nguyenanh\.m2\repository\org\apache\pdfbox\fontbox\2.0.8\fontbox-2.0.8.jar;C:\Users\dung.nguyenanh\.m2\repository\commons-logging\commons-logging\1.2\commons-logging-1.2.jar;C:\Users\dung.nguyenanh\.m2\repository\org\apache\pdfbox\xmpbox\2.0.8\xmpbox-2.0.8.jar;C:\Users\dung.nguyenanh\.m2\repository\de\rototor\pdfbox\graphics2d\0.12\graphics2d-0.12.jar;C:\Users\dung.nguyenanh\.m2\repository\com\openhtmltopdf\openhtmltopdf-rtl-support\0.0.1-RC13\openhtmltopdf-rtl-support-0.0.1-RC13.jar;C:\Users\dung.nguyenanh\.m2\repository\com\ibm\icu\icu4j\59.1\icu4j-59.1.jar;C:\Users\dung.nguyenanh\.m2\repository\com\openhtmltopdf\openhtmltopdf-jsoup-dom-converter\0.0.1-RC13\openhtmltopdf-jsoup-dom-converter-0.0.1-RC13.jar;C:\Users\dung.nguyenanh\.m2\repository\com\vladsch\flexmark\flexmark-profile-pegdown\0.34.30\flexmark-profile-pegdown-0.34.30.jar;C:\Users\dung.nguyenanh\.m2\repository\com\vladsch\flexmark\flexmark-util\0.34.30\flexmark-util-0.34.30.jar;C:\Users\dung.nguyenanh\.m2\repository\com\vladsch\flexmark\flexmark-youtrack-converter\0.34.30\flexmark-youtrack-converter-0.34.30.jar;C:\Users\dung.nguyenanh\.m2\repository\es\nitaur\markdown\txtmark\0.16\txtmark-0.16.jar;C:\Users\dung.nguyenanh\.m2\repository\net\serenity-bdd\serenity-report-resources\3.2.3\serenity-report-resources-3.2.3.jar;C:\Users\dung.nguyenanh\.m2\repository\com\google\code\gson\gson\2.9.0\gson-2.9.0.jar;C:\Users\dung.nguyenanh\.m2\repository\com\fasterxml\jackson\core\jackson-core\2.13.2\jackson-core-2.13.2.jar;C:\Users\dung.nguyenanh\.m2\repository\com\fasterxml\jackson\core\jackson-databind\2.13.2\jackson-databind-2.13.2.jar;C:\Users\dung.nguyenanh\.m2\repository\com\fasterxml\jackson\core\jackson-annotations\2.13.2\jackson-annotations-2.13.2.jar;C:\Users\dung.nguyenanh\.m2\repository\commons-codec\commons-codec\1.15\commons-codec-1.15.jar;C:\Users\dung.nguyenanh\.m2\repository\commons-io\commons-io\2.11.0\commons-io-2.11.0.jar;C:\Users\dung.nguyenanh\.m2\repository\org\seleniumhq\selenium\selenium-java\4.1.3\selenium-java-4.1.3.jar;C:\Users\dung.nguyenanh\.m2\repository\org\seleniumhq\selenium\selenium-devtools-v85\4.1.3\selenium-devtools-v85-4.1.3.jar;C:\Users\dung.nguyenanh\.m2\repository\org\seleniumhq\selenium\selenium-devtools-v97\4.1.3\selenium-devtools-v97-4.1.3.jar;C:\Users\dung.nguyenanh\.m2\repository\org\seleniumhq\selenium\selenium-devtools-v98\4.1.3\selenium-devtools-v98-4.1.3.jar;C:\Users\dung.nguyenanh\.m2\repository\org\seleniumhq\selenium\selenium-devtools-v99\4.1.3\selenium-devtools-v99-4.1.3.jar;C:\Users\dung.nguyenanh\.m2\repository\org\seleniumhq\selenium\selenium-opera-driver\4.1.3\selenium-opera-driver-4.1.3.jar;C:\Users\dung.nguyenanh\.m2\repository\org\seleniumhq\selenium\selenium-remote-driver\4.1.3\selenium-remote-driver-4.1.3.jar;C:\Users\dung.nguyenanh\.m2\repository\com\beust\jcommander\1.82\jcommander-1.82.jar;C:\Users\dung.nguyenanh\.m2\repository\io\netty\netty-buffer\4.1.75.Final\netty-buffer-4.1.75.Final.jar;C:\Users\dung.nguyenanh\.m2\repository\io\netty\netty-codec-http\4.1.75.Final\netty-codec-http-4.1.75.Final.jar;C:\Users\dung.nguyenanh\.m2\repository\io\netty\netty-codec\4.1.75.Final\netty-codec-4.1.75.Final.jar;C:\Users\dung.nguyenanh\.m2\repository\io\netty\netty-handler\4.1.75.Final\netty-handler-4.1.75.Final.jar;C:\Users\dung.nguyenanh\.m2\repository\io\netty\netty-common\4.1.75.Final\netty-common-4.1.75.Final.jar;C:\Users\dung.nguyenanh\.m2\repository\io\netty\netty-transport-classes-epoll\4.1.75.Final\netty-transport-classes-epoll-4.1.75.Final.jar;C:\Users\dung.nguyenanh\.m2\repository\io\netty\netty-transport-classes-kqueue\4.1.75.Final\netty-transport-classes-kqueue-4.1.75.Final.jar;C:\Users\dung.nguyenanh\.m2\repository\io\netty\netty-transport-native-epoll\4.1.75.Final\netty-transport-native-epoll-4.1.75.Final.jar;C:\Users\dung.nguyenanh\.m2\repository\io\netty\netty-transport-native-kqueue\4.1.75.Final\netty-transport-native-kqueue-4.1.75.Final.jar;C:\Users\dung.nguyenanh\.m2\repository\io\netty\netty-transport-native-unix-common\4.1.75.Final\netty-transport-native-unix-common-4.1.75.Final.jar;C:\Users\dung.nguyenanh\.m2\repository\io\netty\netty-transport\4.1.75.Final\netty-transport-4.1.75.Final.jar;C:\Users\dung.nguyenanh\.m2\repository\io\netty\netty-resolver\4.1.75.Final\netty-resolver-4.1.75.Final.jar;C:\Users\dung.nguyenanh\.m2\repository\io\opentelemetry\opentelemetry-api\1.12.0\opentelemetry-api-1.12.0.jar;C:\Users\dung.nguyenanh\.m2\repository\io\opentelemetry\opentelemetry-context\1.12.0\opentelemetry-context-1.12.0.jar;C:\Users\dung.nguyenanh\.m2\repository\io\opentelemetry\opentelemetry-exporter-logging\1.12.0\opentelemetry-exporter-logging-1.12.0.jar;C:\Users\dung.nguyenanh\.m2\repository\io\opentelemetry\opentelemetry-sdk-metrics\1.12.0-alpha\opentelemetry-sdk-metrics-1.12.0-alpha.jar;C:\Users\dung.nguyenanh\.m2\repository\io\opentelemetry\opentelemetry-sdk-logs\1.12.0-alpha\opentelemetry-sdk-logs-1.12.0-alpha.jar;C:\Users\dung.nguyenanh\.m2\repository\io\opentelemetry\opentelemetry-sdk-common\1.12.0\opentelemetry-sdk-common-1.12.0.jar;C:\Users\dung.nguyenanh\.m2\repository\io\opentelemetry\opentelemetry-sdk-extension-autoconfigure-spi\1.12.0\opentelemetry-sdk-extension-autoconfigure-spi-1.12.0.jar;C:\Users\dung.nguyenanh\.m2\repository\io\opentelemetry\opentelemetry-sdk-extension-autoconfigure\1.12.0-alpha\opentelemetry-sdk-extension-autoconfigure-1.12.0-alpha.jar;C:\Users\dung.nguyenanh\.m2\repository\io\opentelemetry\opentelemetry-sdk-trace\1.12.0\opentelemetry-sdk-trace-1.12.0.jar;C:\Users\dung.nguyenanh\.m2\repository\io\opentelemetry\opentelemetry-sdk\1.12.0\opentelemetry-sdk-1.12.0.jar;C:\Users\dung.nguyenanh\.m2\repository\io\opentelemetry\opentelemetry-semconv\1.12.0-alpha\opentelemetry-semconv-1.12.0-alpha.jar;C:\Users\dung.nguyenanh\.m2\repository\io\ous\jtoml\2.0.0\jtoml-2.0.0.jar;C:\Users\dung.nguyenanh\.m2\repository\org\apache\commons\commons-exec\1.3\commons-exec-1.3.jar;C:\Users\dung.nguyenanh\.m2\repository\org\asynchttpclient\async-http-client\2.12.3\async-http-client-2.12.3.jar;C:\Users\dung.nguyenanh\.m2\repository\org\asynchttpclient\async-http-client-netty-utils\2.12.3\async-http-client-netty-utils-2.12.3.jar;C:\Users\dung.nguyenanh\.m2\repository\io\netty\netty-codec-socks\4.1.60.Final\netty-codec-socks-4.1.60.Final.jar;C:\Users\dung.nguyenanh\.m2\repository\io\netty\netty-handler-proxy\4.1.60.Final\netty-handler-proxy-4.1.60.Final.jar;C:\Users\dung.nguyenanh\.m2\repository\io\netty\netty-transport-native-epoll\4.1.60.Final\netty-transport-native-epoll-4.1.60.Final-linux-x86_64.jar;C:\Users\dung.nguyenanh\.m2\repository\io\netty\netty-transport-native-kqueue\4.1.60.Final\netty-transport-native-kqueue-4.1.60.Final-osx-x86_64.jar;C:\Users\dung.nguyenanh\.m2\repository\org\reactivestreams\reactive-streams\1.0.3\reactive-streams-1.0.3.jar;C:\Users\dung.nguyenanh\.m2\repository\com\typesafe\netty\netty-reactive-streams\2.0.4\netty-reactive-streams-2.0.4.jar;C:\Users\dung.nguyenanh\.m2\repository\org\seleniumhq\selenium\selenium-http\4.1.3\selenium-http-4.1.3.jar;C:\Users\dung.nguyenanh\.m2\repository\dev\failsafe\failsafe\3.2.3\failsafe-3.2.3.jar;C:\Users\dung.nguyenanh\.m2\repository\org\seleniumhq\selenium\selenium-safari-driver\4.1.3\selenium-safari-driver-4.1.3.jar;C:\Users\dung.nguyenanh\.m2\repository\org\seleniumhq\selenium\selenium-api\4.1.3\selenium-api-4.1.3.jar;C:\Users\dung.nguyenanh\.m2\repository\org\seleniumhq\selenium\selenium-support\4.1.3\selenium-support-4.1.3.jar;C:\Users\dung.nguyenanh\.m2\repository\com\google\auto\service\auto-service-annotations\1.0.1\auto-service-annotations-1.0.1.jar;C:\Users\dung.nguyenanh\.m2\repository\com\google\auto\service\auto-service\1.0.1\auto-service-1.0.1.jar;C:\Users\dung.nguyenanh\.m2\repository\com\google\auto\auto-common\1.2\auto-common-1.2.jar;C:\Users\dung.nguyenanh\.m2\repository\org\seleniumhq\selenium\selenium-json\4.1.3\selenium-json-4.1.3.jar;C:\Users\dung.nguyenanh\.m2\repository\org\seleniumhq\selenium\selenium-chrome-driver\4.1.3\selenium-chrome-driver-4.1.3.jar;C:\Users\dung.nguyenanh\.m2\repository\org\seleniumhq\selenium\selenium-chromium-driver\4.1.3\selenium-chromium-driver-4.1.3.jar;C:\Users\dung.nguyenanh\.m2\repository\org\seleniumhq\selenium\selenium-firefox-driver\4.1.3\selenium-firefox-driver-4.1.3.jar;C:\Users\dung.nguyenanh\.m2\repository\org\seleniumhq\selenium\selenium-edge-driver\4.1.3\selenium-edge-driver-4.1.3.jar;C:\Users\dung.nguyenanh\.m2\repository\org\seleniumhq\selenium\selenium-ie-driver\4.1.3\selenium-ie-driver-4.1.3.jar;C:\Users\dung.nguyenanh\.m2\repository\io\appium\java-client\8.0.0\java-client-8.0.0.jar;C:\Users\dung.nguyenanh\.m2\repository\commons-validator\commons-validator\1.7\commons-validator-1.7.jar;C:\Users\dung.nguyenanh\.m2\repository\commons-digester\commons-digester\2.1\commons-digester-2.1.jar;C:\Users\dung.nguyenanh\.m2\repository\org\aspectj\aspectjweaver\1.9.8\aspectjweaver-1.9.8.jar;C:\Users\dung.nguyenanh\.m2\repository\org\codehaus\groovy\groovy\3.0.10\groovy-3.0.10.jar;C:\Users\dung.nguyenanh\.m2\repository\net\sf\opencsv\opencsv\2.0\opencsv-2.0.jar;C:\Users\dung.nguyenanh\.m2\repository\commons-beanutils\commons-beanutils\1.9.4\commons-beanutils-1.9.4.jar;C:\Users\dung.nguyenanh\.m2\repository\org\apache\commons\commons-lang3\3.12.0\commons-lang3-3.12.0.jar;C:\Users\dung.nguyenanh\.m2\repository\commons-collections\commons-collections\3.2.2\commons-collections-3.2.2.jar;C:\Users\dung.nguyenanh\.m2\repository\org\fluentlenium\fluentlenium-core\0.10.2\fluentlenium-core-0.10.2.jar;C:\Users\dung.nguyenanh\.m2\repository\com\jhlabs\filters\2.0.235\filters-2.0.235.jar;C:\Users\dung.nguyenanh\.m2\repository\com\paulhammant\ngwebdriver\1.1.6\ngwebdriver-1.1.6.jar;C:\Users\dung.nguyenanh\.m2\repository\joda-time\joda-time\2.8.2\joda-time-2.8.2.jar;C:\Users\dung.nguyenanh\.m2\repository\org\hamcrest\hamcrest\2.2\hamcrest-2.2.jar;C:\Users\dung.nguyenanh\.m2\repository\com\google\jimfs\jimfs\1.2\jimfs-1.2.jar;C:\Users\dung.nguyenanh\.m2\repository\org\mockito\mockito-core\3.3.3\mockito-core-3.3.3.jar;C:\Users\dung.nguyenanh\.m2\repository\javax\xml\bind\jaxb-api\2.3.1\jaxb-api-2.3.1.jar;C:\Users\dung.nguyenanh\.m2\repository\javax\activation\javax.activation-api\1.2.0\javax.activation-api-1.2.0.jar;C:\Users\dung.nguyenanh\.m2\repository\com\sun\xml\bind\jaxb-core\2.3.0.1\jaxb-core-2.3.0.1.jar;C:\Users\dung.nguyenanh\.m2\repository\com\sun\xml\bind\jaxb-impl\2.3.3\jaxb-impl-2.3.3.jar;C:\Users\dung.nguyenanh\.m2\repository\jakarta\xml\bind\jakarta.xml.bind-api\2.3.3\jakarta.xml.bind-api-2.3.3.jar;C:\Users\dung.nguyenanh\.m2\repository\com\sun\activation\jakarta.activation\1.2.2\jakarta.activation-1.2.2.jar;C:\Users\dung.nguyenanh\.m2\repository\javax\activation\activation\1.1.1\activation-1.1.1.jar;C:\Users\dung.nguyenanh\.m2\repository\net\serenity-bdd\serenity-cucumber\3.2.3\serenity-cucumber-3.2.3.jar;C:\Users\dung.nguyenanh\.m2\repository\io\cucumber\cucumber-core\7.2.3\cucumber-core-7.2.3.jar;C:\Users\dung.nguyenanh\.m2\repository\io\cucumber\cucumber-gherkin\7.2.3\cucumber-gherkin-7.2.3.jar;C:\Users\dung.nguyenanh\.m2\repository\io\cucumber\cucumber-gherkin-messages\7.2.3\cucumber-gherkin-messages-7.2.3.jar;C:\Users\dung.nguyenanh\.m2\repository\io\cucumber\messages\17.1.1\messages-17.1.1.jar;C:\Users\dung.nguyenanh\.m2\repository\io\cucumber\tag-expressions\4.1.0\tag-expressions-4.1.0.jar;C:\Users\dung.nguyenanh\.m2\repository\io\cucumber\cucumber-expressions\15.0.1\cucumber-expressions-15.0.1.jar;C:\Users\dung.nguyenanh\.m2\repository\io\cucumber\datatable\7.2.3\datatable-7.2.3.jar;C:\Users\dung.nguyenanh\.m2\repository\io\cucumber\cucumber-plugin\7.2.3\cucumber-plugin-7.2.3.jar;C:\Users\dung.nguyenanh\.m2\repository\io\cucumber\docstring\7.2.3\docstring-7.2.3.jar;C:\Users\dung.nguyenanh\.m2\repository\io\cucumber\html-formatter\17.0.0\html-formatter-17.0.0.jar;C:\Users\dung.nguyenanh\.m2\repository\io\cucumber\ci-environment\8.1.0\ci-environment-8.1.0.jar;C:\Users\dung.nguyenanh\.m2\repository\io\cucumber\cucumber-junit\7.2.3\cucumber-junit-7.2.3.jar;C:\Users\dung.nguyenanh\.m2\repository\org\apiguardian\apiguardian-api\1.1.2\apiguardian-api-1.1.2.jar;C:\Users\dung.nguyenanh\.m2\repository\org\apache\commons\commons-csv\1.5\commons-csv-1.5.jar;C:\Users\dung.nguyenanh\.m2\repository\net\serenity-bdd\serenity-screenplay\3.2.3\serenity-screenplay-3.2.3.jar;C:\Users\dung.nguyenanh\.m2\repository\net\serenity-bdd\serenity-screenplay-webdriver\3.2.3\serenity-screenplay-webdriver-3.2.3.jar;C:\Users\dung.nguyenanh\.m2\repository\net\serenity-bdd\serenity-ensure\3.2.3\serenity-ensure-3.2.3.jar;C:\Users\dung.nguyenanh\.m2\repository\net\serenity-bdd\serenity-junit\3.2.3\serenity-junit-3.2.3.jar;C:\Users\dung.nguyenanh\.m2\repository\org\jetbrains\kotlin\kotlin-stdlib\1.6.0\kotlin-stdlib-1.6.0.jar;C:\Users\dung.nguyenanh\.m2\repository\org\jetbrains\annotations\13.0\annotations-13.0.jar;C:\Users\dung.nguyenanh\.m2\repository\org\jetbrains\kotlin\kotlin-stdlib-common\1.6.0\kotlin-stdlib-common-1.6.0.jar;C:\Users\dung.nguyenanh\.m2\repository\junit\junit\4.13.2\junit-4.13.2.jar;C:\Users\dung.nguyenanh\.m2\repository\org\hamcrest\hamcrest-core\1.3\hamcrest-core-1.3.jar;C:\Users\dung.nguyenanh\.m2\repository\org\projectlombok\lombok\1.18.22\lombok-1.18.22.jar;C:\Users\dung.nguyenanh\.m2\repository\ch\qos\logback\logback-classic\1.2.11\logback-classic-1.2.11.jar;C:\Users\dung.nguyenanh\.m2\repository\ch\qos\logback\logback-core\1.2.11\logback-core-1.2.11.jar;C:\Users\dung.nguyenanh\.m2\repository\org\slf4j\slf4j-api\1.7.32\slf4j-api-1.7.32.jar;C:\Users\dung.nguyenanh\.m2\repository\org\assertj\assertj-core\3.22.0\assertj-core-3.22.0.jar;C:\Users\dung.nguyenanh\.m2\repository\io\github\bonigarcia\webdrivermanager\5.1.1\webdrivermanager-5.1.1.jar;C:\Users\dung.nguyenanh\.m2\repository\com\github\docker-java\docker-java\3.2.13\docker-java-3.2.13.jar;C:\Users\dung.nguyenanh\.m2\repository\com\github\docker-java\docker-java-core\3.2.13\docker-java-core-3.2.13.jar;C:\Users\dung.nguyenanh\.m2\repository\com\github\docker-java\docker-java-api\3.2.13\docker-java-api-3.2.13.jar;C:\Users\dung.nguyenanh\.m2\repository\org\apache\commons\commons-compress\1.21\commons-compress-1.21.jar;C:\Users\dung.nguyenanh\.m2\repository\org\bouncycastle\bcpkix-jdk15on\1.64\bcpkix-jdk15on-1.64.jar;C:\Users\dung.nguyenanh\.m2\repository\org\bouncycastle\bcprov-jdk15on\1.64\bcprov-jdk15on-1.64.jar;C:\Users\dung.nguyenanh\.m2\repository\org\slf4j\jcl-over-slf4j\1.7.30\jcl-over-slf4j-1.7.30.jar;C:\Users\dung.nguyenanh\.m2\repository\com\github\docker-java\docker-java-transport-httpclient5\3.2.13\docker-java-transport-httpclient5-3.2.13.jar;C:\Users\dung.nguyenanh\.m2\repository\com\github\docker-java\docker-java-transport\3.2.13\docker-java-transport-3.2.13.jar;C:\Users\dung.nguyenanh\.m2\repository\net\java\dev\jna\jna\5.8.0\jna-5.8.0.jar;C:\Users\dung.nguyenanh\.m2\repository\org\brotli\dec\0.1.2\dec-0.1.2.jar;C:\Users\dung.nguyenanh\.m2\repository\org\apache\httpcomponents\client5\httpclient5\5.1.3\httpclient5-5.1.3.jar;C:\Users\dung.nguyenanh\.m2\repository\org\apache\httpcomponents\core5\httpcore5\5.1.3\httpcore5-5.1.3.jar;C:\Users\dung.nguyenanh\.m2\repository\org\apache\httpcomponents\core5\httpcore5-h2\5.1.3\httpcore5-h2-5.1.3.jar;C:\Users\dung.nguyenanh\.m2\repository\org\hamcrest\hamcrest-all\1.3\hamcrest-all-1.3.jar;C:\Users\dung.nguyenanh\.m2\repository\org\apache\maven\plugins\maven-failsafe-plugin\3.0.0-M5\maven-failsafe-plugin-3.0.0-M5.jar;C:\Users\dung.nguyenanh\.m2\repository\org\apache\maven\surefire\maven-surefire-common\3.0.0-M5\maven-surefire-common-3.0.0-M5.jar;C:\Users\dung.nguyenanh\.m2\repository\org\apache\maven\surefire\surefire-api\3.0.0-M5\surefire-api-3.0.0-M5.jar;C:\Users\dung.nguyenanh\.m2\repository\org\apache\maven\surefire\surefire-logger-api\3.0.0-M5\surefire-logger-api-3.0.0-M5.jar;C:\Users\dung.nguyenanh\.m2\repository\org\apache\maven\surefire\surefire-extensions-api\3.0.0-M5\surefire-extensions-api-3.0.0-M5.jar;C:\Users\dung.nguyenanh\.m2\repository\org\apache\maven\surefire\surefire-booter\3.0.0-M5\surefire-booter-3.0.0-M5.jar;C:\Users\dung.nguyenanh\.m2\repository\org\apache\maven\surefire\surefire-extensions-spi\3.0.0-M5\surefire-extensions-spi-3.0.0-M5.jar;C:\Users\dung.nguyenanh\.m2\repository\org\apache\maven\maven-toolchain\3.0-alpha-2\maven-toolchain-3.0-alpha-2.jar;C:\Users\dung.nguyenanh\.m2\repository\org\apache\maven\shared\maven-artifact-transfer\0.11.0\maven-artifact-transfer-0.11.0.jar;C:\Users\dung.nguyenanh\.m2\repository\org\apache\maven\shared\maven-common-artifact-filters\3.0.1\maven-common-artifact-filters-3.0.1.jar;C:\Users\dung.nguyenanh\.m2\repository\org\apache\maven\maven-model\3.0\maven-model-3.0.jar;C:\Users\dung.nguyenanh\.m2\repository\org\apache\maven\maven-plugin-api\3.0\maven-plugin-api-3.0.jar;C:\Users\dung.nguyenanh\.m2\repository\org\sonatype\sisu\sisu-inject-plexus\1.4.2\sisu-inject-plexus-1.4.2.jar;C:\Users\dung.nguyenanh\.m2\repository\org\codehaus\plexus\plexus-classworlds\2.2.3\plexus-classworlds-2.2.3.jar;C:\Users\dung.nguyenanh\.m2\repository\org\sonatype\sisu\sisu-inject-bean\1.4.2\sisu-inject-bean-1.4.2.jar;C:\Users\dung.nguyenanh\.m2\repository\org\sonatype\sisu\sisu-guice\2.1.7\sisu-guice-2.1.7-noaop.jar;C:\Users\dung.nguyenanh\.m2\repository\org\apache\maven\shared\maven-shared-utils\3.1.0\maven-shared-utils-3.1.0.jar;C:\Users\dung.nguyenanh\.m2\repository\org\codehaus\plexus\plexus-java\1.0.5\plexus-java-1.0.5.jar;C:\Users\dung.nguyenanh\.m2\repository\org\ow2\asm\asm\7.2\asm-7.2.jar;C:\Users\dung.nguyenanh\.m2\repository\com\thoughtworks\qdox\qdox\2.0-M9\qdox-2.0-M9.jar;C:\Users\dung.nguyenanh\.m2\repository\org\apache\maven\surefire\surefire-shared-utils\3.0.0-M4\surefire-shared-utils-3.0.0-M4.jar;"/>
    <property name="sun.cpu.endian" value="little"/>
    <property name="user.home" value="C:\Users\dung.nguyenanh"/>
    <property name="user.language" value="en"/>
    <property name="java.specification.vendor" value="Oracle Corporation"/>
    <property name="java.home" value="C:\Program Files\Java\jdk1.8.0_321\jre"/>
    <property name="basedir" value="D:\Pratice\serenity_homework"/>
    <property name="file.separator" value="\"/>
    <property name="line.separator" value="&#10;"/>
    <property name="java.vm.specification.vendor" value="Oracle Corporation"/>
    <property name="java.specification.name" value="Java Platform API Specification"/>
    <property name="driver" value=""/>
    <property name="java.awt.graphicsenv" value="sun.awt.Win32GraphicsEnvironment"/>
    <property name="surefire.real.class.path" value="C:\Users\dung.nguyenanh\AppData\Local\Temp\surefire1310026987014523621\surefirebooter1193716919533943266.jar"/>
    <property name="sun.boot.class.path" value="C:\Program Files\Java\jdk1.8.0_321\jre\lib\resources.jar;C:\Program Files\Java\jdk1.8.0_321\jre\lib\rt.jar;C:\Program Files\Java\jdk1.8.0_321\jre\lib\sunrsasign.jar;C:\Program Files\Java\jdk1.8.0_321\jre\lib\jsse.jar;C:\Program Files\Java\jdk1.8.0_321\jre\lib\jce.jar;C:\Program Files\Java\jdk1.8.0_321\jre\lib\charsets.jar;C:\Program Files\Java\jdk1.8.0_321\jre\lib\jfr.jar;C:\Program Files\Java\jdk1.8.0_321\jre\classes"/>
    <property name="user.script" value=""/>
    <property name="sun.management.compiler" value="HotSpot 64-Bit Tiered Compilers"/>
    <property name="java.runtime.version" value="1.8.0_321-b07"/>
    <property name="user.name" value="dung.nguyenanh"/>
    <property name="path.separator" value=";"/>
    <property name="os.version" value="10.0"/>
    <property name="java.endorsed.dirs" value="C:\Program Files\Java\jdk1.8.0_321\jre\lib\endorsed"/>
    <property name="java.runtime.name" value="Java(TM) SE Runtime Environment"/>
    <property name="file.encoding" value="Cp1252"/>
    <property name="java.vm.name" value="Java HotSpot(TM) 64-Bit Server VM"/>
    <property name="localRepository" value="C:\Users\dung.nguyenanh\.m2\repository"/>
    <property name="java.vendor.url.bug" value="http://bugreport.sun.com/bugreport/"/>
    <property name="java.io.tmpdir" value="C:\Users\DUNG~1.NGU\AppData\Local\Temp\"/>
    <property name="java.version" value="1.8.0_321"/>
    <property name="user.dir" value="D:\Pratice\serenity_homework"/>
    <property name="os.arch" value="amd64"/>
    <property name="java.vm.specification.name" value="Java Virtual Machine Specification"/>
    <property name="java.awt.printerjob" value="sun.awt.windows.WPrinterJob"/>
    <property name="sun.os.patch.level" value=""/>
    <property name="java.library.path" value="C:\Program Files\Java\jdk1.8.0_321\jre\bin;C:\Windows\Sun\Java\bin;C:\Windows\system32;C:\Windows;C:\Program Files\Common Files\Oracle\Java\javapath;C:\Program Files (x86)\Common Files\Oracle\Java\javapath;C:\Windows\system32;C:\Windows;C:\Windows\System32\Wbem;C:\Windows\System32\WindowsPowerShell\v1.0\;C:\Windows\System32\OpenSSH\;%JAVE_HOME%\bin;C:\Program Files\apache-maven-3.8.5\bin;C:\Program Files\Git\cmd;C:\Users\dung.nguyenanh\AppData\Local\Microsoft\WindowsApps;C:\Program Files (x86)\Sophos\Sophos SSL VPN Client\bin;C:\Users\dung.nguyenanh\AppData\Local\Programs\Microsoft VS Code\bin;%JAVE_HOME%\bin;C:\Program Files\apache-maven-3.8.5\bin;;."/>
    <property name="java.vm.info" value="mixed mode"/>
    <property name="java.vendor" value="Oracle Corporation"/>
    <property name="java.vm.version" value="25.321-b07"/>
    <property name="java.ext.dirs" value="C:\Program Files\Java\jdk1.8.0_321\jre\lib\ext;C:\Windows\Sun\Java\lib\ext"/>
    <property name="sun.io.unicode.encoding" value="UnicodeLittle"/>
    <property name="java.class.version" value="52.0"/>
  </properties>
  <testcase name="user login successful" classname="user login to the page successful" time="17.81">
    <error message="Timed out after 2 seconds. Element not found&#10;For documentation on this error, please visit: https://selenium.dev/exceptions/#no_such_element&#10;Build info: version: &apos;4.1.3&apos;, revision: &apos;7b1ebf28ef&apos;&#10;System info: host: &apos;LAPDELL-0226&apos;, ip: &apos;192.168.137.230&apos;, os.name: &apos;Windows 10&apos;, os.arch: &apos;amd64&apos;, os.version: &apos;10.0&apos;, java.version: &apos;1.8.0_321&apos;&#10;Driver info: driver.version: unknown" type="org.openqa.selenium.NoSuchElementException"><![CDATA[org.openqa.selenium.NoSuchElementException: 
Timed out after 2 seconds. Element not found
For documentation on this error, please visit: https://selenium.dev/exceptions/#no_such_element
Build info: version: '4.1.3', revision: '7b1ebf28ef'
System info: host: 'LAPDELL-0226', ip: '192.168.137.230', os.name: 'Windows 10', os.arch: 'amd64', os.version: '10.0', java.version: '1.8.0_321'
Driver info: driver.version: unknown
]]></error>
    <system-out><![CDATA[02:10:29.570 [main] INFO io.cucumber.core.plugin.SerenityReporter - Running feature from file:///D:/Pratice/serenity_homework/src/test/resources/features.login/login_sucess.feature
02:10:29.572 [main] WARN io.cucumber.core.plugin.SerenityReporter - Feature from file:///D:/Pratice/serenity_homework/src/test/resources/features.login/login_sucess.feature is not under the 'features' directory. Requirements report will not be correctly generated!
02:10:29.704 [main] INFO  - &amp#27;[96m

-------------------------------------------------------------------------------------
     _______. _______ .______       _______ .__   __.  __  .___________.____    ____ 
    /       ||   ____||   _  \     |   ____||  \ |  | |  | |           |\   \  /   / 
   |   (----`|  |__   |  |_)  |    |  |__   |   \|  | |  | `---|  |----` \   \/   /  
    \   \    |   __|  |      /     |   __|  |  . `  | |  |     |  |       \_    _/   
.----)   |   |  |____ |  |\  \----.|  |____ |  |\   | |  |     |  |         |  |     
|_______/    |_______|| _| `._____||_______||__| \__| |__|     |__|         |__|    
                                                                                     
 News and tutorials at http://www.serenity-bdd.info                                  
 Documentation at https://wakaleo.gitbooks.io/the-serenity-book/content/             
 Join the Serenity Community on Gitter: https://gitter.im/serenity-bdd/serenity-core 
 Serenity BDD Support and Training at http://serenity-bdd.info/#/trainingandsupport  
-------------------------------------------------------------------------------------
&amp#27;[0m
02:10:29.706 [main] DEBUG net.thucydides.core.steps.StepEventBus - Test suite started for story net.thucydides.core.model.Story@b5de0373
02:10:29.708 [main] INFO  - Test Suite Started: user login to the page successful
02:10:29.719 [main] INFO io.cucumber.core.plugin.SerenityReporter - Running feature from file:///D:/Pratice/serenity_homework/src/test/resources/features.login/login_unsuccess.feature
02:10:29.719 [main] WARN io.cucumber.core.plugin.SerenityReporter - Feature from file:///D:/Pratice/serenity_homework/src/test/resources/features.login/login_unsuccess.feature is not under the 'features' directory. Requirements report will not be correctly generated!
02:10:29.722 [main] DEBUG net.thucydides.core.steps.StepEventBus - Test suite started for story net.thucydides.core.model.Story@d30bc052
02:10:29.723 [main] INFO  - Test Suite Started: user login to the page unsuccessful
02:10:29.723 [main] INFO io.cucumber.core.plugin.SerenityReporter - Running feature from file:///D:/Pratice/serenity_homework/src/test/resources/features.login/login_sucess.feature
02:10:29.724 [main] WARN io.cucumber.core.plugin.SerenityReporter - Feature from file:///D:/Pratice/serenity_homework/src/test/resources/features.login/login_sucess.feature is not under the 'features' directory. Requirements report will not be correctly generated!
02:10:29.725 [main] DEBUG net.thucydides.core.steps.StepEventBus - Test suite started for story net.thucydides.core.model.Story@b5de0373
02:10:29.725 [main] INFO  - Test Suite Started: user login to the page successful

@unit123
Scenario Outline: user login successful                              &amp#27;[90m# src/test/resources/features.login/login_sucess.feature:9&amp#27;[0m
02:10:29.796 [main] INFO io.cucumber.core.plugin.SerenityReporter - Running feature from file:///D:/Pratice/serenity_homework/src/test/resources/features.login/login_sucess.feature
02:10:29.796 [main] WARN io.cucumber.core.plugin.SerenityReporter - Feature from file:///D:/Pratice/serenity_homework/src/test/resources/features.login/login_sucess.feature is not under the 'features' directory. Requirements report will not be correctly generated!
02:10:29.904 [main] INFO  - 
  _____   ___   ___   _____     ___   _____     _     ___   _____   ___   ___  
 |_   _| | __| / __| |_   _|   / __| |_   _|   /_\   | _ \ |_   _| | __| |   \ 
   | |   | _|  \__ \   | |     \__ \   | |    / _ \  |   /   | |   | _|  | |) |
   |_|   |___| |___/   |_|     |___/   |_|   /_/ \_\ |_|_\   |_|   |___| |___/ 

user login successful(user-login-to-the-page-successful;user-login-successful)
--------------------------------------------------------------------------------
02:10:30.515 [main] DEBUG io.github.bonigarcia.wdm.cache.ResolutionCache - Resolution chrome=100 in cache (valid until 02:23:33 21/04/2022 ICT)
02:10:30.516 [main] DEBUG io.github.bonigarcia.wdm.cache.ResolutionCache - Resolution chrome100=100.0.4896.60 in cache (valid until 15:25:50 21/04/2022 ICT)
02:10:30.516 [main] INFO io.github.bonigarcia.wdm.WebDriverManager - Using chromedriver 100.0.4896.60 (resolved driver for Chrome 100)
02:10:30.533 [main] DEBUG io.github.bonigarcia.wdm.WebDriverManager - Driver chromedriver 100.0.4896.60 found in cache
02:10:30.533 [main] INFO io.github.bonigarcia.wdm.WebDriverManager - Exporting webdriver.chrome.driver as C:\Users\dung.nguyenanh\.cache\selenium\chromedriver\win32\100.0.4896.60\chromedriver.exe
02:10:30.557 [main] INFO net.serenitybdd.core.webdriver.driverproviders.ChromeDriverProvider - Using automatically driver download
02:10:30.931 [main] DEBUG io.github.bonigarcia.wdm.cache.ResolutionCache - Resolution chrome=100 in cache (valid until 02:23:33 21/04/2022 ICT)
02:10:30.932 [main] DEBUG io.github.bonigarcia.wdm.cache.ResolutionCache - Resolution chrome100=100.0.4896.60 in cache (valid until 15:25:50 21/04/2022 ICT)
02:10:30.932 [main] INFO io.github.bonigarcia.wdm.WebDriverManager - Using chromedriver 100.0.4896.60 (resolved driver for Chrome 100)
02:10:30.937 [main] DEBUG io.github.bonigarcia.wdm.WebDriverManager - Driver chromedriver 100.0.4896.60 found in cache
02:10:30.938 [main] INFO io.github.bonigarcia.wdm.WebDriverManager - Exporting webdriver.chrome.driver as C:\Users\dung.nguyenanh\.cache\selenium\chromedriver\win32\100.0.4896.60\chromedriver.exe
02:10:31.055 [main] DEBUG net.thucydides.core.reflection.ClassFinder - Could not load class .cucumber.CommonStepDefs
02:10:31.055 [main] DEBUG net.thucydides.core.reflection.ClassFinder - Could not load class .cucumber.HomeStepDefs
02:10:31.055 [main] DEBUG net.thucydides.core.reflection.ClassFinder - Could not load class .cucumber.Hooks
02:10:31.055 [main] DEBUG net.thucydides.core.reflection.ClassFinder - Could not load class .cucumber.LoginStepDefs
02:10:31.055 [main] DEBUG net.thucydides.core.reflection.ClassFinder - Could not load class .pages.HomePage
02:10:31.055 [main] DEBUG net.thucydides.core.reflection.ClassFinder - Could not load class .pages.LoginPage
02:10:31.056 [main] DEBUG net.thucydides.core.reflection.ClassFinder - Could not load class .runners.Runner
02:10:31.056 [main] DEBUG net.thucydides.core.reflection.ClassFinder - Could not load class .runners.UnitTestRunner
02:10:31.056 [main] DEBUG net.thucydides.core.reflection.ClassFinder - Could not load class .serenity.CommonStepLibraries
02:10:31.056 [main] DEBUG net.thucydides.core.reflection.ClassFinder - Could not load class .serenity.HomeStepLibraries
02:10:31.056 [main] DEBUG net.thucydides.core.reflection.ClassFinder - Could not load class .serenity.LoginStepLibraries
02:10:31.056 [main] DEBUG net.thucydides.core.reflection.ClassFinder - Could not load class .serenity.test
02:10:31.151 [main] DEBUG net.serenitybdd.core.webdriver.driverproviders.ProvideNewDriver - Instantiating driver
02:10:31.151 [main] DEBUG net.serenitybdd.core.webdriver.driverproviders.ProvideNewDriver - Driver capabilities: Capabilities {acceptInsecureCerts: false, autodownload: true, base.url: https://demo.guru99.com/V1/..., browserName: chrome, goog:chromeOptions: {args: [], extensions: []}}
02:10:31.221 [main] DEBUG io.netty.util.internal.logging.InternalLoggerFactory - Using SLF4J as the default logging framework
02:10:31.223 [main] DEBUG io.netty.util.ResourceLeakDetector - -Dio.netty.leakDetection.level: simple
02:10:31.223 [main] DEBUG io.netty.util.ResourceLeakDetector - -Dio.netty.leakDetection.targetRecords: 4
02:10:31.226 [main] DEBUG io.netty.util.ResourceLeakDetectorFactory - Loaded default ResourceLeakDetector: io.netty.util.ResourceLeakDetector@4821aa9f
02:10:31.241 [main] DEBUG io.netty.util.internal.PlatformDependent0 - -Dio.netty.noUnsafe: false
02:10:31.241 [main] DEBUG io.netty.util.internal.PlatformDependent0 - Java version: 8
02:10:31.242 [main] DEBUG io.netty.util.internal.PlatformDependent0 - sun.misc.Unsafe.theUnsafe: available
02:10:31.242 [main] DEBUG io.netty.util.internal.PlatformDependent0 - sun.misc.Unsafe.copyMemory: available
02:10:31.243 [main] DEBUG io.netty.util.internal.PlatformDependent0 - java.nio.Buffer.address: available
02:10:31.243 [main] DEBUG io.netty.util.internal.PlatformDependent0 - direct buffer constructor: available
02:10:31.243 [main] DEBUG io.netty.util.internal.PlatformDependent0 - java.nio.Bits.unaligned: available, true
02:10:31.243 [main] DEBUG io.netty.util.internal.PlatformDependent0 - jdk.internal.misc.Unsafe.allocateUninitializedArray(int): unavailable prior to Java9
02:10:31.243 [main] DEBUG io.netty.util.internal.PlatformDependent0 - java.nio.DirectByteBuffer.<init>(long, int): available
02:10:31.244 [main] DEBUG io.netty.util.internal.PlatformDependent - sun.misc.Unsafe: available
02:10:31.244 [main] DEBUG io.netty.util.internal.PlatformDependent - -Dio.netty.tmpdir: C:\Users\DUNG~1.NGU\AppData\Local\Temp (java.io.tmpdir)
02:10:31.244 [main] DEBUG io.netty.util.internal.PlatformDependent - -Dio.netty.bitMode: 64 (sun.arch.data.model)
02:10:31.244 [main] DEBUG io.netty.util.internal.PlatformDependent - Platform: Windows
02:10:31.245 [main] DEBUG io.netty.util.internal.PlatformDependent - -Dio.netty.maxDirectMemory: 5667028992 bytes
02:10:31.245 [main] DEBUG io.netty.util.internal.PlatformDependent - -Dio.netty.uninitializedArrayAllocationThreshold: -1
02:10:31.245 [main] DEBUG io.netty.util.internal.CleanerJava6 - java.nio.ByteBuffer.cleaner(): available
02:10:31.245 [main] DEBUG io.netty.util.internal.PlatformDependent - -Dio.netty.noPreferDirect: false
02:10:31.251 [main] DEBUG io.netty.util.internal.PlatformDependent - org.jctools-core.MpscChunkedArrayQueue: available
02:10:31.269 [main] DEBUG io.netty.util.internal.InternalThreadLocalMap - -Dio.netty.threadLocalMap.stringBuilder.initialSize: 1024
02:10:31.269 [main] DEBUG io.netty.util.internal.InternalThreadLocalMap - -Dio.netty.threadLocalMap.stringBuilder.maxSize: 4096
02:10:31.291 [main] DEBUG io.netty.handler.ssl.JdkSslContext - Default protocols (JDK): [TLSv1.2] 
02:10:31.291 [main] DEBUG io.netty.handler.ssl.JdkSslContext - Default cipher suites (JDK): [TLS_ECDHE_ECDSA_WITH_AES_256_GCM_SHA384, TLS_ECDHE_ECDSA_WITH_AES_128_GCM_SHA256, TLS_ECDHE_RSA_WITH_AES_128_GCM_SHA256, TLS_ECDHE_RSA_WITH_AES_256_GCM_SHA384, TLS_ECDHE_RSA_WITH_AES_128_CBC_SHA, TLS_ECDHE_RSA_WITH_AES_256_CBC_SHA, TLS_RSA_WITH_AES_128_GCM_SHA256, TLS_RSA_WITH_AES_128_CBC_SHA, TLS_RSA_WITH_AES_256_CBC_SHA, TLS_AES_128_GCM_SHA256, TLS_AES_256_GCM_SHA384]
02:10:31.322 [main] DEBUG io.netty.channel.MultithreadEventLoopGroup - -Dio.netty.eventLoopThreads: 16
02:10:31.328 [main] DEBUG io.netty.channel.nio.NioEventLoop - -Dio.netty.noKeySetOptimization: false
02:10:31.328 [main] DEBUG io.netty.channel.nio.NioEventLoop - -Dio.netty.selectorAutoRebuildThreshold: 512
02:10:31.360 [main] DEBUG io.netty.buffer.PooledByteBufAllocator - -Dio.netty.allocator.numHeapArenas: 16
02:10:31.361 [main] DEBUG io.netty.buffer.PooledByteBufAllocator - -Dio.netty.allocator.numDirectArenas: 16
02:10:31.361 [main] DEBUG io.netty.buffer.PooledByteBufAllocator - -Dio.netty.allocator.pageSize: 8192
02:10:31.361 [main] DEBUG io.netty.buffer.PooledByteBufAllocator - -Dio.netty.allocator.maxOrder: 9
02:10:31.361 [main] DEBUG io.netty.buffer.PooledByteBufAllocator - -Dio.netty.allocator.chunkSize: 4194304
02:10:31.361 [main] DEBUG io.netty.buffer.PooledByteBufAllocator - -Dio.netty.allocator.smallCacheSize: 256
02:10:31.361 [main] DEBUG io.netty.buffer.PooledByteBufAllocator - -Dio.netty.allocator.normalCacheSize: 64
02:10:31.361 [main] DEBUG io.netty.buffer.PooledByteBufAllocator - -Dio.netty.allocator.maxCachedBufferCapacity: 32768
02:10:31.361 [main] DEBUG io.netty.buffer.PooledByteBufAllocator - -Dio.netty.allocator.cacheTrimInterval: 8192
02:10:31.361 [main] DEBUG io.netty.buffer.PooledByteBufAllocator - -Dio.netty.allocator.cacheTrimIntervalMillis: 0
02:10:31.361 [main] DEBUG io.netty.buffer.PooledByteBufAllocator - -Dio.netty.allocator.useCacheForAllThreads: false
02:10:31.361 [main] DEBUG io.netty.buffer.PooledByteBufAllocator - -Dio.netty.allocator.maxCachedByteBuffersPerChunk: 1023
02:10:31.370 [main] DEBUG io.netty.buffer.ByteBufUtil - -Dio.netty.allocator.type: pooled
02:10:31.370 [main] DEBUG io.netty.buffer.ByteBufUtil - -Dio.netty.threadLocalDirectBufferSize: 0
02:10:31.370 [main] DEBUG io.netty.buffer.ByteBufUtil - -Dio.netty.maxThreadLocalCharBufferSize: 16384
02:10:32.135 [Forwarding newSession on session null to remote] DEBUG io.netty.channel.DefaultChannelId - -Dio.netty.processId: 27592 (auto-detected)
02:10:32.137 [Forwarding newSession on session null to remote] DEBUG io.netty.util.NetUtil - -Djava.net.preferIPv4Stack: false
02:10:32.137 [Forwarding newSession on session null to remote] DEBUG io.netty.util.NetUtil - -Djava.net.preferIPv6Addresses: false
02:10:32.280 [Forwarding newSession on session null to remote] DEBUG io.netty.util.NetUtilInitializations - Loopback interface: lo (Software Loopback Interface 1, 127.0.0.1)
02:10:32.281 [Forwarding newSession on session null to remote] DEBUG io.netty.util.NetUtil - Failed to get SOMAXCONN from sysctl and file \proc\sys\net\core\somaxconn. Default: 200
02:10:32.436 [Forwarding newSession on session null to remote] DEBUG io.netty.channel.DefaultChannelId - -Dio.netty.machineId: bc:09:1b:ff:fe:5e:eb:29 (auto-detected)
02:10:32.481 [AsyncHttpClient-1-2] DEBUG io.netty.buffer.AbstractByteBuf - -Dio.netty.buffer.checkAccessible: true
02:10:32.481 [AsyncHttpClient-1-2] DEBUG io.netty.buffer.AbstractByteBuf - -Dio.netty.buffer.checkBounds: true
02:10:32.481 [AsyncHttpClient-1-2] DEBUG io.netty.util.ResourceLeakDetectorFactory - Loaded default ResourceLeakDetector: io.netty.util.ResourceLeakDetector@7240ad6f
02:10:32.493 [AsyncHttpClient-1-2] DEBUG org.asynchttpclient.netty.channel.NettyConnectListener - Using new Channel '[id: 0x22613f47, L:/127.0.0.1:61402 - R:localhost/127.0.0.1:50442]' for 'POST' to '/session'
02:10:32.507 [AsyncHttpClient-1-2] DEBUG io.netty.util.Recycler - -Dio.netty.recycler.maxCapacityPerThread: 4096
02:10:32.507 [AsyncHttpClient-1-2] DEBUG io.netty.util.Recycler - -Dio.netty.recycler.ratio: 8
02:10:32.507 [AsyncHttpClient-1-2] DEBUG io.netty.util.Recycler - -Dio.netty.recycler.chunkSize: 32
02:10:32.507 [AsyncHttpClient-1-2] DEBUG io.netty.util.Recycler - -Dio.netty.recycler.blocking: false
02:10:33.280 [AsyncHttpClient-1-2] DEBUG io.netty.handler.codec.compression.Brotli - brotli4j not in the classpath; Brotli support will be unavailable.
02:10:33.280 [AsyncHttpClient-1-2] DEBUG org.asynchttpclient.netty.handler.HttpHandler - 

Request DefaultHttpRequest(decodeResult: success, version: HTTP/1.1)
POST /session HTTP/1.1
User-Agent: selenium/4.1.3 (java windows)
Content-Length: 539
Content-Type: application/json; charset=utf-8
host: localhost:50442
accept: */*

Response DefaultHttpResponse(decodeResult: success, version: HTTP/1.1)
HTTP/1.1 200 OK
Content-Type: application/json; charset=utf-8
cache-control: no-cache
content-length: 795

02:10:33.303 [AsyncHttpClient-1-2] DEBUG org.asynchttpclient.netty.channel.ChannelManager - Adding key: http://localhost:50442 for channel [id: 0x22613f47, L:/127.0.0.1:61402 - R:localhost/127.0.0.1:50442]
02:10:33.457 [AsyncHttpClient-1-1] DEBUG org.asynchttpclient.netty.channel.DefaultChannelPool - Entry count for : http://localhost:50442 : 1
02:10:33.503 [AsyncHttpClient-1-3] DEBUG org.asynchttpclient.netty.channel.NettyConnectListener - Using new Channel '[id: 0x1cfe433e, L:/127.0.0.1:61412 - R:localhost/127.0.0.1:61403]' for 'GET' to '/json/version'
02:10:33.507 [AsyncHttpClient-1-3] DEBUG org.asynchttpclient.netty.handler.HttpHandler - 

Request DefaultFullHttpRequest(decodeResult: success, version: HTTP/1.1, content: EmptyByteBufBE)
GET /json/version HTTP/1.1
User-Agent: selenium/4.1.3 (java windows)
host: localhost:61403
accept: */*

Response DefaultHttpResponse(decodeResult: success, version: HTTP/1.1)
HTTP/1.1 200 OK
Content-Type: application/json; charset=UTF-8
content-length: 429

02:10:33.508 [AsyncHttpClient-1-3] DEBUG org.asynchttpclient.netty.channel.ChannelManager - Adding key: http://localhost:61403 for channel [id: 0x1cfe433e, L:/127.0.0.1:61412 - R:localhost/127.0.0.1:61403]
02:10:33.533 [main] DEBUG io.netty.util.internal.ThreadLocalRandom - -Dio.netty.initialSeedUniquifier: 0xc23de6701609d336
02:10:33.544 [AsyncHttpClient-1-4] DEBUG org.asynchttpclient.netty.channel.NettyConnectListener - Using new Channel '[id: 0xed79a3fd, L:/127.0.0.1:61413 - R:localhost/127.0.0.1:61403]' for 'GET' to '/devtools/browser/973f4202-1250-4c8a-a0c1-dc861db50e63'
02:10:33.548 [AsyncHttpClient-1-4] DEBUG org.asynchttpclient.netty.handler.WebSocketHandler - 

Request DefaultFullHttpRequest(decodeResult: success, version: HTTP/1.1, content: EmptyByteBufBE)
GET /devtools/browser/973f4202-1250-4c8a-a0c1-dc861db50e63 HTTP/1.1
upgrade: websocket
connection: upgrade
sec-websocket-key: lmOsQ0GAcfZ1Z2k+ExAveg==
sec-websocket-version: 13
origin: http://localhost:61403
host: localhost:61403
accept: */*
user-agent: AHC/2.1

Response DefaultHttpResponse(decodeResult: success, version: HTTP/1.1)
HTTP/1.1 101 WebSocket Protocol Handshake
Upgrade: WebSocket
Connection: Upgrade
Sec-WebSocket-Accept: es4m1ULzFzNhYd+vucb74H1oqc8=

02:10:33.978 [main] DEBUG net.thucydides.core.reflection.ClassFinder - Could not load class .cucumber.CommonStepDefs
02:10:33.978 [main] DEBUG net.thucydides.core.reflection.ClassFinder - Could not load class .cucumber.HomeStepDefs
02:10:33.978 [main] DEBUG net.thucydides.core.reflection.ClassFinder - Could not load class .cucumber.Hooks
02:10:33.978 [main] DEBUG net.thucydides.core.reflection.ClassFinder - Could not load class .cucumber.LoginStepDefs
02:10:33.978 [main] DEBUG net.thucydides.core.reflection.ClassFinder - Could not load class .pages.HomePage
02:10:33.978 [main] DEBUG net.thucydides.core.reflection.ClassFinder - Could not load class .pages.LoginPage
02:10:33.978 [main] DEBUG net.thucydides.core.reflection.ClassFinder - Could not load class .runners.Runner
02:10:33.978 [main] DEBUG net.thucydides.core.reflection.ClassFinder - Could not load class .runners.UnitTestRunner
02:10:33.978 [main] DEBUG net.thucydides.core.reflection.ClassFinder - Could not load class .serenity.CommonStepLibraries
02:10:33.978 [main] DEBUG net.thucydides.core.reflection.ClassFinder - Could not load class .serenity.HomeStepLibraries
02:10:33.978 [main] DEBUG net.thucydides.core.reflection.ClassFinder - Could not load class .serenity.LoginStepLibraries
02:10:33.978 [main] DEBUG net.thucydides.core.reflection.ClassFinder - Could not load class .serenity.test
02:10:33.992 [Forwarding get on session a6e25fc5b9a1023ef6dc413e453a2b6e to remote] DEBUG org.asynchttpclient.netty.request.NettyRequestSender - Using pooled Channel '[id: 0x22613f47, L:/127.0.0.1:61402 - R:localhost/127.0.0.1:50442]' for 'POST' to 'http://localhost:50442/session/a6e25fc5b9a1023ef6dc413e453a2b6e/url'
02:10:33.992 [Forwarding get on session a6e25fc5b9a1023ef6dc413e453a2b6e to remote] DEBUG org.asynchttpclient.netty.request.NettyRequestSender - Using open Channel [id: 0x22613f47, L:/127.0.0.1:61402 - R:localhost/127.0.0.1:50442] for POST '/session/a6e25fc5b9a1023ef6dc413e453a2b6e/url'
02:10:34.559 [AsyncHttpClient-1-1] DEBUG org.asynchttpclient.netty.channel.DefaultChannelPool - Entry count for : http://localhost:61403 : 1
02:10:35.656 [AsyncHttpClient-1-1] DEBUG org.asynchttpclient.netty.channel.DefaultChannelPool - Entry count for : http://localhost:61403 : 1
02:10:36.756 [AsyncHttpClient-1-1] DEBUG org.asynchttpclient.netty.channel.DefaultChannelPool - Entry count for : http://localhost:61403 : 1
02:10:37.856 [AsyncHttpClient-1-1] DEBUG org.asynchttpclient.netty.channel.DefaultChannelPool - Entry count for : http://localhost:61403 : 1
02:10:38.054 [AsyncHttpClient-1-2] DEBUG org.asynchttpclient.netty.handler.HttpHandler - 

Request DefaultHttpRequest(decodeResult: success, version: HTTP/1.1)
POST /session/a6e25fc5b9a1023ef6dc413e453a2b6e/url HTTP/1.1
User-Agent: selenium/4.1.3 (java windows)
Content-Length: 94
Content-Type: application/json; charset=utf-8
host: localhost:50442
accept: */*

Response DefaultHttpResponse(decodeResult: success, version: HTTP/1.1)
HTTP/1.1 200 OK
Content-Type: application/json; charset=utf-8
cache-control: no-cache
content-length: 14

02:10:38.056 [AsyncHttpClient-1-2] DEBUG org.asynchttpclient.netty.channel.ChannelManager - Adding key: http://localhost:50442 for channel [id: 0x22613f47, L:/127.0.0.1:61402 - R:localhost/127.0.0.1:50442]
02:10:38.066 [Forwarding setTimeout on session a6e25fc5b9a1023ef6dc413e453a2b6e to remote] DEBUG org.asynchttpclient.netty.request.NettyRequestSender - Using pooled Channel '[id: 0x22613f47, L:/127.0.0.1:61402 - R:localhost/127.0.0.1:50442]' for 'POST' to 'http://localhost:50442/session/a6e25fc5b9a1023ef6dc413e453a2b6e/timeouts'
02:10:38.066 [Forwarding setTimeout on session a6e25fc5b9a1023ef6dc413e453a2b6e to remote] DEBUG org.asynchttpclient.netty.request.NettyRequestSender - Using open Channel [id: 0x22613f47, L:/127.0.0.1:61402 - R:localhost/127.0.0.1:50442] for POST '/session/a6e25fc5b9a1023ef6dc413e453a2b6e/timeouts'
02:10:38.070 [AsyncHttpClient-1-2] DEBUG org.asynchttpclient.netty.handler.HttpHandler - 

Request DefaultHttpRequest(decodeResult: success, version: HTTP/1.1)
POST /session/a6e25fc5b9a1023ef6dc413e453a2b6e/timeouts HTTP/1.1
User-Agent: selenium/4.1.3 (java windows)
Content-Length: 22
Content-Type: application/json; charset=utf-8
host: localhost:50442
accept: */*

Response DefaultHttpResponse(decodeResult: success, version: HTTP/1.1)
HTTP/1.1 200 OK
Content-Type: application/json; charset=utf-8
cache-control: no-cache
content-length: 14

02:10:38.070 [AsyncHttpClient-1-2] DEBUG org.asynchttpclient.netty.channel.ChannelManager - Adding key: http://localhost:50442 for channel [id: 0x22613f47, L:/127.0.0.1:61402 - R:localhost/127.0.0.1:50442]
02:10:38.080 [Forwarding getCurrentUrl on session a6e25fc5b9a1023ef6dc413e453a2b6e to remote] DEBUG org.asynchttpclient.netty.request.NettyRequestSender - Using pooled Channel '[id: 0x22613f47, L:/127.0.0.1:61402 - R:localhost/127.0.0.1:50442]' for 'GET' to 'http://localhost:50442/session/a6e25fc5b9a1023ef6dc413e453a2b6e/url'
02:10:38.081 [Forwarding getCurrentUrl on session a6e25fc5b9a1023ef6dc413e453a2b6e to remote] DEBUG org.asynchttpclient.netty.request.NettyRequestSender - Using open Channel [id: 0x22613f47, L:/127.0.0.1:61402 - R:localhost/127.0.0.1:50442] for GET '/session/a6e25fc5b9a1023ef6dc413e453a2b6e/url'
02:10:38.097 [AsyncHttpClient-1-2] DEBUG org.asynchttpclient.netty.handler.HttpHandler - 

Request DefaultFullHttpRequest(decodeResult: success, version: HTTP/1.1, content: EmptyByteBufBE)
GET /session/a6e25fc5b9a1023ef6dc413e453a2b6e/url HTTP/1.1
User-Agent: selenium/4.1.3 (java windows)
Cache-Control: no-cache
Content-Type: application/json; charset=utf-8
host: localhost:50442
accept: */*

Response DefaultHttpResponse(decodeResult: success, version: HTTP/1.1)
HTTP/1.1 200 OK
Content-Type: application/json; charset=utf-8
cache-control: no-cache
content-length: 61

02:10:38.098 [AsyncHttpClient-1-2] DEBUG org.asynchttpclient.netty.channel.ChannelManager - Adding key: http://localhost:50442 for channel [id: 0x22613f47, L:/127.0.0.1:61402 - R:localhost/127.0.0.1:50442]
02:10:38.105 [Forwarding getCurrentUrl on session a6e25fc5b9a1023ef6dc413e453a2b6e to remote] DEBUG org.asynchttpclient.netty.request.NettyRequestSender - Using pooled Channel '[id: 0x22613f47, L:/127.0.0.1:61402 - R:localhost/127.0.0.1:50442]' for 'GET' to 'http://localhost:50442/session/a6e25fc5b9a1023ef6dc413e453a2b6e/url'
02:10:38.105 [Forwarding getCurrentUrl on session a6e25fc5b9a1023ef6dc413e453a2b6e to remote] DEBUG org.asynchttpclient.netty.request.NettyRequestSender - Using open Channel [id: 0x22613f47, L:/127.0.0.1:61402 - R:localhost/127.0.0.1:50442] for GET '/session/a6e25fc5b9a1023ef6dc413e453a2b6e/url'
02:10:38.112 [AsyncHttpClient-1-2] DEBUG org.asynchttpclient.netty.handler.HttpHandler - 

Request DefaultFullHttpRequest(decodeResult: success, version: HTTP/1.1, content: EmptyByteBufBE)
GET /session/a6e25fc5b9a1023ef6dc413e453a2b6e/url HTTP/1.1
User-Agent: selenium/4.1.3 (java windows)
Cache-Control: no-cache
Content-Type: application/json; charset=utf-8
host: localhost:50442
accept: */*

Response DefaultHttpResponse(decodeResult: success, version: HTTP/1.1)
HTTP/1.1 200 OK
Content-Type: application/json; charset=utf-8
cache-control: no-cache
content-length: 61

02:10:38.113 [AsyncHttpClient-1-2] DEBUG org.asynchttpclient.netty.channel.ChannelManager - Adding key: http://localhost:50442 for channel [id: 0x22613f47, L:/127.0.0.1:61402 - R:localhost/127.0.0.1:50442]
02:10:38.134 [Forwarding maximizeCurrentWindow on session a6e25fc5b9a1023ef6dc413e453a2b6e to remote] DEBUG org.asynchttpclient.netty.request.NettyRequestSender - Using pooled Channel '[id: 0x22613f47, L:/127.0.0.1:61402 - R:localhost/127.0.0.1:50442]' for 'POST' to 'http://localhost:50442/session/a6e25fc5b9a1023ef6dc413e453a2b6e/window/maximize'
02:10:38.134 [Forwarding maximizeCurrentWindow on session a6e25fc5b9a1023ef6dc413e453a2b6e to remote] DEBUG org.asynchttpclient.netty.request.NettyRequestSender - Using open Channel [id: 0x22613f47, L:/127.0.0.1:61402 - R:localhost/127.0.0.1:50442] for POST '/session/a6e25fc5b9a1023ef6dc413e453a2b6e/window/maximize'
02:10:38.261 [AsyncHttpClient-1-2] DEBUG org.asynchttpclient.netty.handler.HttpHandler - 

Request DefaultHttpRequest(decodeResult: success, version: HTTP/1.1)
POST /session/a6e25fc5b9a1023ef6dc413e453a2b6e/window/maximize HTTP/1.1
User-Agent: selenium/4.1.3 (java windows)
Content-Length: 3
Content-Type: application/json; charset=utf-8
host: localhost:50442
accept: */*

Response DefaultHttpResponse(decodeResult: success, version: HTTP/1.1)
HTTP/1.1 200 OK
Content-Type: application/json; charset=utf-8
cache-control: no-cache
content-length: 51

02:10:38.262 [AsyncHttpClient-1-2] DEBUG org.asynchttpclient.netty.channel.ChannelManager - Adding key: http://localhost:50442 for channel [id: 0x22613f47, L:/127.0.0.1:61402 - R:localhost/127.0.0.1:50442]
02:10:38.956 [AsyncHttpClient-1-1] DEBUG org.asynchttpclient.netty.channel.DefaultChannelPool - Entry count for : http://localhost:61403 : 1
02:10:38.956 [AsyncHttpClient-1-1] DEBUG org.asynchttpclient.netty.channel.DefaultChannelPool - Entry count for : http://localhost:50442 : 1
02:10:38.974 [main] DEBUG net.thucydides.core.steps.StepInterceptor - STARTING STEP: LoginStepDefs.the_user_enters_the_username_and_password - login
02:10:39.001 [Forwarding setTimeout on session a6e25fc5b9a1023ef6dc413e453a2b6e to remote] DEBUG org.asynchttpclient.netty.request.NettyRequestSender - Using pooled Channel '[id: 0x22613f47, L:/127.0.0.1:61402 - R:localhost/127.0.0.1:50442]' for 'POST' to 'http://localhost:50442/session/a6e25fc5b9a1023ef6dc413e453a2b6e/timeouts'
02:10:39.002 [Forwarding setTimeout on session a6e25fc5b9a1023ef6dc413e453a2b6e to remote] DEBUG org.asynchttpclient.netty.request.NettyRequestSender - Using open Channel [id: 0x22613f47, L:/127.0.0.1:61402 - R:localhost/127.0.0.1:50442] for POST '/session/a6e25fc5b9a1023ef6dc413e453a2b6e/timeouts'
02:10:39.004 [AsyncHttpClient-1-2] DEBUG org.asynchttpclient.netty.handler.HttpHandler - 

Request DefaultHttpRequest(decodeResult: success, version: HTTP/1.1)
POST /session/a6e25fc5b9a1023ef6dc413e453a2b6e/timeouts HTTP/1.1
User-Agent: selenium/4.1.3 (java windows)
Content-Length: 19
Content-Type: application/json; charset=utf-8
host: localhost:50442
accept: */*

Response DefaultHttpResponse(decodeResult: success, version: HTTP/1.1)
HTTP/1.1 200 OK
Content-Type: application/json; charset=utf-8
cache-control: no-cache
content-length: 14

02:10:39.004 [AsyncHttpClient-1-2] DEBUG org.asynchttpclient.netty.channel.ChannelManager - Adding key: http://localhost:50442 for channel [id: 0x22613f47, L:/127.0.0.1:61402 - R:localhost/127.0.0.1:50442]
02:10:39.012 [Forwarding findElement on session a6e25fc5b9a1023ef6dc413e453a2b6e to remote] DEBUG org.asynchttpclient.netty.request.NettyRequestSender - Using pooled Channel '[id: 0x22613f47, L:/127.0.0.1:61402 - R:localhost/127.0.0.1:50442]' for 'POST' to 'http://localhost:50442/session/a6e25fc5b9a1023ef6dc413e453a2b6e/element'
02:10:39.013 [Forwarding findElement on session a6e25fc5b9a1023ef6dc413e453a2b6e to remote] DEBUG org.asynchttpclient.netty.request.NettyRequestSender - Using open Channel [id: 0x22613f47, L:/127.0.0.1:61402 - R:localhost/127.0.0.1:50442] for POST '/session/a6e25fc5b9a1023ef6dc413e453a2b6e/element'
02:10:39.059 [AsyncHttpClient-1-2] DEBUG org.asynchttpclient.netty.handler.HttpHandler - 

Request DefaultHttpRequest(decodeResult: success, version: HTTP/1.1)
POST /session/a6e25fc5b9a1023ef6dc413e453a2b6e/element HTTP/1.1
User-Agent: selenium/4.1.3 (java windows)
Content-Length: 61
Content-Type: application/json; charset=utf-8
host: localhost:50442
accept: */*

Response DefaultHttpResponse(decodeResult: success, version: HTTP/1.1)
HTTP/1.1 200 OK
Content-Type: application/json; charset=utf-8
cache-control: no-cache
content-length: 88

02:10:39.060 [AsyncHttpClient-1-2] DEBUG org.asynchttpclient.netty.channel.ChannelManager - Adding key: http://localhost:50442 for channel [id: 0x22613f47, L:/127.0.0.1:61402 - R:localhost/127.0.0.1:50442]
02:10:39.066 [Forwarding setTimeout on session a6e25fc5b9a1023ef6dc413e453a2b6e to remote] DEBUG org.asynchttpclient.netty.request.NettyRequestSender - Using pooled Channel '[id: 0x22613f47, L:/127.0.0.1:61402 - R:localhost/127.0.0.1:50442]' for 'POST' to 'http://localhost:50442/session/a6e25fc5b9a1023ef6dc413e453a2b6e/timeouts'
02:10:39.066 [Forwarding setTimeout on session a6e25fc5b9a1023ef6dc413e453a2b6e to remote] DEBUG org.asynchttpclient.netty.request.NettyRequestSender - Using open Channel [id: 0x22613f47, L:/127.0.0.1:61402 - R:localhost/127.0.0.1:50442] for POST '/session/a6e25fc5b9a1023ef6dc413e453a2b6e/timeouts'
02:10:39.069 [AsyncHttpClient-1-2] DEBUG org.asynchttpclient.netty.handler.HttpHandler - 

Request DefaultHttpRequest(decodeResult: success, version: HTTP/1.1)
POST /session/a6e25fc5b9a1023ef6dc413e453a2b6e/timeouts HTTP/1.1
User-Agent: selenium/4.1.3 (java windows)
Content-Length: 22
Content-Type: application/json; charset=utf-8
host: localhost:50442
accept: */*

Response DefaultHttpResponse(decodeResult: success, version: HTTP/1.1)
HTTP/1.1 200 OK
Content-Type: application/json; charset=utf-8
cache-control: no-cache
content-length: 14

02:10:39.070 [AsyncHttpClient-1-2] DEBUG org.asynchttpclient.netty.channel.ChannelManager - Adding key: http://localhost:50442 for channel [id: 0x22613f47, L:/127.0.0.1:61402 - R:localhost/127.0.0.1:50442]
02:10:39.113 [Forwarding isElementDisplayed on session a6e25fc5b9a1023ef6dc413e453a2b6e to remote] DEBUG org.asynchttpclient.netty.request.NettyRequestSender - Using pooled Channel '[id: 0x22613f47, L:/127.0.0.1:61402 - R:localhost/127.0.0.1:50442]' for 'POST' to 'http://localhost:50442/session/a6e25fc5b9a1023ef6dc413e453a2b6e/execute/sync'
02:10:39.114 [Forwarding isElementDisplayed on session a6e25fc5b9a1023ef6dc413e453a2b6e to remote] DEBUG org.asynchttpclient.netty.request.NettyRequestSender - Using open Channel [id: 0x22613f47, L:/127.0.0.1:61402 - R:localhost/127.0.0.1:50442] for POST '/session/a6e25fc5b9a1023ef6dc413e453a2b6e/execute/sync'
02:10:39.345 [AsyncHttpClient-1-2] DEBUG org.asynchttpclient.netty.handler.HttpHandler - 

Request DefaultHttpRequest(decodeResult: success, version: HTTP/1.1)
POST /session/a6e25fc5b9a1023ef6dc413e453a2b6e/execute/sync HTTP/1.1
User-Agent: selenium/4.1.3 (java windows)
Content-Length: 48780
Content-Type: application/json; charset=utf-8
host: localhost:50442
accept: */*

Response DefaultHttpResponse(decodeResult: success, version: HTTP/1.1)
HTTP/1.1 200 OK
Content-Type: application/json; charset=utf-8
cache-control: no-cache
content-length: 14

02:10:39.346 [AsyncHttpClient-1-2] DEBUG org.asynchttpclient.netty.channel.ChannelManager - Adding key: http://localhost:50442 for channel [id: 0x22613f47, L:/127.0.0.1:61402 - R:localhost/127.0.0.1:50442]
02:10:39.357 [Forwarding clearElement on session a6e25fc5b9a1023ef6dc413e453a2b6e to remote] DEBUG org.asynchttpclient.netty.request.NettyRequestSender - Using pooled Channel '[id: 0x22613f47, L:/127.0.0.1:61402 - R:localhost/127.0.0.1:50442]' for 'POST' to 'http://localhost:50442/session/a6e25fc5b9a1023ef6dc413e453a2b6e/element/6c46ff29-50e9-445e-9c73-090e2fcfa9a9/clear'
02:10:39.357 [Forwarding clearElement on session a6e25fc5b9a1023ef6dc413e453a2b6e to remote] DEBUG org.asynchttpclient.netty.request.NettyRequestSender - Using open Channel [id: 0x22613f47, L:/127.0.0.1:61402 - R:localhost/127.0.0.1:50442] for POST '/session/a6e25fc5b9a1023ef6dc413e453a2b6e/element/6c46ff29-50e9-445e-9c73-090e2fcfa9a9/clear'
02:10:39.411 [AsyncHttpClient-1-2] DEBUG org.asynchttpclient.netty.handler.HttpHandler - 

Request DefaultHttpRequest(decodeResult: success, version: HTTP/1.1)
POST /session/a6e25fc5b9a1023ef6dc413e453a2b6e/element/6c46ff29-50e9-445e-9c73-090e2fcfa9a9/clear HTTP/1.1
User-Agent: selenium/4.1.3 (java windows)
Content-Length: 50
Content-Type: application/json; charset=utf-8
host: localhost:50442
accept: */*

Response DefaultHttpResponse(decodeResult: success, version: HTTP/1.1)
HTTP/1.1 200 OK
Content-Type: application/json; charset=utf-8
cache-control: no-cache
content-length: 14

02:10:39.412 [AsyncHttpClient-1-2] DEBUG org.asynchttpclient.netty.channel.ChannelManager - Adding key: http://localhost:50442 for channel [id: 0x22613f47, L:/127.0.0.1:61402 - R:localhost/127.0.0.1:50442]
02:10:39.422 [Forwarding sendKeysToElement on session a6e25fc5b9a1023ef6dc413e453a2b6e to remote] DEBUG org.asynchttpclient.netty.request.NettyRequestSender - Using pooled Channel '[id: 0x22613f47, L:/127.0.0.1:61402 - R:localhost/127.0.0.1:50442]' for 'POST' to 'http://localhost:50442/session/a6e25fc5b9a1023ef6dc413e453a2b6e/element/6c46ff29-50e9-445e-9c73-090e2fcfa9a9/value'
02:10:39.423 [Forwarding sendKeysToElement on session a6e25fc5b9a1023ef6dc413e453a2b6e to remote] DEBUG org.asynchttpclient.netty.request.NettyRequestSender - Using open Channel [id: 0x22613f47, L:/127.0.0.1:61402 - R:localhost/127.0.0.1:50442] for POST '/session/a6e25fc5b9a1023ef6dc413e453a2b6e/element/6c46ff29-50e9-445e-9c73-090e2fcfa9a9/value'
02:10:39.496 [AsyncHttpClient-1-2] DEBUG org.asynchttpclient.netty.handler.HttpHandler - 

Request DefaultHttpRequest(decodeResult: success, version: HTTP/1.1)
POST /session/a6e25fc5b9a1023ef6dc413e453a2b6e/element/6c46ff29-50e9-445e-9c73-090e2fcfa9a9/value HTTP/1.1
User-Agent: selenium/4.1.3 (java windows)
Content-Length: 181
Content-Type: application/json; charset=utf-8
host: localhost:50442
accept: */*

Response DefaultHttpResponse(decodeResult: success, version: HTTP/1.1)
HTTP/1.1 200 OK
Content-Type: application/json; charset=utf-8
cache-control: no-cache
content-length: 14

02:10:39.497 [AsyncHttpClient-1-2] DEBUG org.asynchttpclient.netty.channel.ChannelManager - Adding key: http://localhost:50442 for channel [id: 0x22613f47, L:/127.0.0.1:61402 - R:localhost/127.0.0.1:50442]
02:10:39.514 [Forwarding setTimeout on session a6e25fc5b9a1023ef6dc413e453a2b6e to remote] DEBUG org.asynchttpclient.netty.request.NettyRequestSender - Using pooled Channel '[id: 0x22613f47, L:/127.0.0.1:61402 - R:localhost/127.0.0.1:50442]' for 'POST' to 'http://localhost:50442/session/a6e25fc5b9a1023ef6dc413e453a2b6e/timeouts'
02:10:39.514 [Forwarding setTimeout on session a6e25fc5b9a1023ef6dc413e453a2b6e to remote] DEBUG org.asynchttpclient.netty.request.NettyRequestSender - Using open Channel [id: 0x22613f47, L:/127.0.0.1:61402 - R:localhost/127.0.0.1:50442] for POST '/session/a6e25fc5b9a1023ef6dc413e453a2b6e/timeouts'
02:10:39.518 [AsyncHttpClient-1-2] DEBUG org.asynchttpclient.netty.handler.HttpHandler - 

Request DefaultHttpRequest(decodeResult: success, version: HTTP/1.1)
POST /session/a6e25fc5b9a1023ef6dc413e453a2b6e/timeouts HTTP/1.1
User-Agent: selenium/4.1.3 (java windows)
Content-Length: 19
Content-Type: application/json; charset=utf-8
host: localhost:50442
accept: */*

Response DefaultHttpResponse(decodeResult: success, version: HTTP/1.1)
HTTP/1.1 200 OK
Content-Type: application/json; charset=utf-8
cache-control: no-cache
content-length: 14

02:10:39.518 [AsyncHttpClient-1-2] DEBUG org.asynchttpclient.netty.channel.ChannelManager - Adding key: http://localhost:50442 for channel [id: 0x22613f47, L:/127.0.0.1:61402 - R:localhost/127.0.0.1:50442]
02:10:39.524 [Forwarding findElement on session a6e25fc5b9a1023ef6dc413e453a2b6e to remote] DEBUG org.asynchttpclient.netty.request.NettyRequestSender - Using pooled Channel '[id: 0x22613f47, L:/127.0.0.1:61402 - R:localhost/127.0.0.1:50442]' for 'POST' to 'http://localhost:50442/session/a6e25fc5b9a1023ef6dc413e453a2b6e/element'
02:10:39.525 [Forwarding findElement on session a6e25fc5b9a1023ef6dc413e453a2b6e to remote] DEBUG org.asynchttpclient.netty.request.NettyRequestSender - Using open Channel [id: 0x22613f47, L:/127.0.0.1:61402 - R:localhost/127.0.0.1:50442] for POST '/session/a6e25fc5b9a1023ef6dc413e453a2b6e/element'
02:10:39.542 [AsyncHttpClient-1-2] DEBUG org.asynchttpclient.netty.handler.HttpHandler - 

Request DefaultHttpRequest(decodeResult: success, version: HTTP/1.1)
POST /session/a6e25fc5b9a1023ef6dc413e453a2b6e/element HTTP/1.1
User-Agent: selenium/4.1.3 (java windows)
Content-Length: 66
Content-Type: application/json; charset=utf-8
host: localhost:50442
accept: */*

Response DefaultHttpResponse(decodeResult: success, version: HTTP/1.1)
HTTP/1.1 200 OK
Content-Type: application/json; charset=utf-8
cache-control: no-cache
content-length: 88

02:10:39.542 [AsyncHttpClient-1-2] DEBUG org.asynchttpclient.netty.channel.ChannelManager - Adding key: http://localhost:50442 for channel [id: 0x22613f47, L:/127.0.0.1:61402 - R:localhost/127.0.0.1:50442]
02:10:39.544 [Forwarding setTimeout on session a6e25fc5b9a1023ef6dc413e453a2b6e to remote] DEBUG org.asynchttpclient.netty.request.NettyRequestSender - Using pooled Channel '[id: 0x22613f47, L:/127.0.0.1:61402 - R:localhost/127.0.0.1:50442]' for 'POST' to 'http://localhost:50442/session/a6e25fc5b9a1023ef6dc413e453a2b6e/timeouts'
02:10:39.544 [Forwarding setTimeout on session a6e25fc5b9a1023ef6dc413e453a2b6e to remote] DEBUG org.asynchttpclient.netty.request.NettyRequestSender - Using open Channel [id: 0x22613f47, L:/127.0.0.1:61402 - R:localhost/127.0.0.1:50442] for POST '/session/a6e25fc5b9a1023ef6dc413e453a2b6e/timeouts'
02:10:39.548 [AsyncHttpClient-1-2] DEBUG org.asynchttpclient.netty.handler.HttpHandler - 

Request DefaultHttpRequest(decodeResult: success, version: HTTP/1.1)
POST /session/a6e25fc5b9a1023ef6dc413e453a2b6e/timeouts HTTP/1.1
User-Agent: selenium/4.1.3 (java windows)
Content-Length: 22
Content-Type: application/json; charset=utf-8
host: localhost:50442
accept: */*

Response DefaultHttpResponse(decodeResult: success, version: HTTP/1.1)
HTTP/1.1 200 OK
Content-Type: application/json; charset=utf-8
cache-control: no-cache
content-length: 14

02:10:39.549 [AsyncHttpClient-1-2] DEBUG org.asynchttpclient.netty.channel.ChannelManager - Adding key: http://localhost:50442 for channel [id: 0x22613f47, L:/127.0.0.1:61402 - R:localhost/127.0.0.1:50442]
02:10:39.563 [Forwarding isElementDisplayed on session a6e25fc5b9a1023ef6dc413e453a2b6e to remote] DEBUG org.asynchttpclient.netty.request.NettyRequestSender - Using pooled Channel '[id: 0x22613f47, L:/127.0.0.1:61402 - R:localhost/127.0.0.1:50442]' for 'POST' to 'http://localhost:50442/session/a6e25fc5b9a1023ef6dc413e453a2b6e/execute/sync'
02:10:39.563 [Forwarding isElementDisplayed on session a6e25fc5b9a1023ef6dc413e453a2b6e to remote] DEBUG org.asynchttpclient.netty.request.NettyRequestSender - Using open Channel [id: 0x22613f47, L:/127.0.0.1:61402 - R:localhost/127.0.0.1:50442] for POST '/session/a6e25fc5b9a1023ef6dc413e453a2b6e/execute/sync'
02:10:39.584 [AsyncHttpClient-1-2] DEBUG org.asynchttpclient.netty.handler.HttpHandler - 

Request DefaultHttpRequest(decodeResult: success, version: HTTP/1.1)
POST /session/a6e25fc5b9a1023ef6dc413e453a2b6e/execute/sync HTTP/1.1
User-Agent: selenium/4.1.3 (java windows)
Content-Length: 48780
Content-Type: application/json; charset=utf-8
host: localhost:50442
accept: */*

Response DefaultHttpResponse(decodeResult: success, version: HTTP/1.1)
HTTP/1.1 200 OK
Content-Type: application/json; charset=utf-8
cache-control: no-cache
content-length: 14

02:10:39.585 [AsyncHttpClient-1-2] DEBUG org.asynchttpclient.netty.channel.ChannelManager - Adding key: http://localhost:50442 for channel [id: 0x22613f47, L:/127.0.0.1:61402 - R:localhost/127.0.0.1:50442]
02:10:39.593 [Forwarding clearElement on session a6e25fc5b9a1023ef6dc413e453a2b6e to remote] DEBUG org.asynchttpclient.netty.request.NettyRequestSender - Using pooled Channel '[id: 0x22613f47, L:/127.0.0.1:61402 - R:localhost/127.0.0.1:50442]' for 'POST' to 'http://localhost:50442/session/a6e25fc5b9a1023ef6dc413e453a2b6e/element/777f6a2c-de19-449c-8ec6-f833e8ca0fdc/clear'
02:10:39.593 [Forwarding clearElement on session a6e25fc5b9a1023ef6dc413e453a2b6e to remote] DEBUG org.asynchttpclient.netty.request.NettyRequestSender - Using open Channel [id: 0x22613f47, L:/127.0.0.1:61402 - R:localhost/127.0.0.1:50442] for POST '/session/a6e25fc5b9a1023ef6dc413e453a2b6e/element/777f6a2c-de19-449c-8ec6-f833e8ca0fdc/clear'
02:10:39.626 [AsyncHttpClient-1-2] DEBUG org.asynchttpclient.netty.handler.HttpHandler - 

Request DefaultHttpRequest(decodeResult: success, version: HTTP/1.1)
POST /session/a6e25fc5b9a1023ef6dc413e453a2b6e/element/777f6a2c-de19-449c-8ec6-f833e8ca0fdc/clear HTTP/1.1
User-Agent: selenium/4.1.3 (java windows)
Content-Length: 50
Content-Type: application/json; charset=utf-8
host: localhost:50442
accept: */*

Response DefaultHttpResponse(decodeResult: success, version: HTTP/1.1)
HTTP/1.1 200 OK
Content-Type: application/json; charset=utf-8
cache-control: no-cache
content-length: 14

02:10:39.627 [AsyncHttpClient-1-2] DEBUG org.asynchttpclient.netty.channel.ChannelManager - Adding key: http://localhost:50442 for channel [id: 0x22613f47, L:/127.0.0.1:61402 - R:localhost/127.0.0.1:50442]
02:10:39.634 [Forwarding sendKeysToElement on session a6e25fc5b9a1023ef6dc413e453a2b6e to remote] DEBUG org.asynchttpclient.netty.request.NettyRequestSender - Using pooled Channel '[id: 0x22613f47, L:/127.0.0.1:61402 - R:localhost/127.0.0.1:50442]' for 'POST' to 'http://localhost:50442/session/a6e25fc5b9a1023ef6dc413e453a2b6e/element/777f6a2c-de19-449c-8ec6-f833e8ca0fdc/value'
02:10:39.634 [Forwarding sendKeysToElement on session a6e25fc5b9a1023ef6dc413e453a2b6e to remote] DEBUG org.asynchttpclient.netty.request.NettyRequestSender - Using open Channel [id: 0x22613f47, L:/127.0.0.1:61402 - R:localhost/127.0.0.1:50442] for POST '/session/a6e25fc5b9a1023ef6dc413e453a2b6e/element/777f6a2c-de19-449c-8ec6-f833e8ca0fdc/value'
02:10:39.701 [AsyncHttpClient-1-2] DEBUG org.asynchttpclient.netty.handler.HttpHandler - 

Request DefaultHttpRequest(decodeResult: success, version: HTTP/1.1)
POST /session/a6e25fc5b9a1023ef6dc413e453a2b6e/element/777f6a2c-de19-449c-8ec6-f833e8ca0fdc/value HTTP/1.1
User-Agent: selenium/4.1.3 (java windows)
Content-Length: 151
Content-Type: application/json; charset=utf-8
host: localhost:50442
accept: */*

Response DefaultHttpResponse(decodeResult: success, version: HTTP/1.1)
HTTP/1.1 200 OK
Content-Type: application/json; charset=utf-8
cache-control: no-cache
content-length: 14

02:10:39.703 [AsyncHttpClient-1-2] DEBUG org.asynchttpclient.netty.channel.ChannelManager - Adding key: http://localhost:50442 for channel [id: 0x22613f47, L:/127.0.0.1:61402 - R:localhost/127.0.0.1:50442]
02:10:39.718 [Forwarding setTimeout on session a6e25fc5b9a1023ef6dc413e453a2b6e to remote] DEBUG org.asynchttpclient.netty.request.NettyRequestSender - Using pooled Channel '[id: 0x22613f47, L:/127.0.0.1:61402 - R:localhost/127.0.0.1:50442]' for 'POST' to 'http://localhost:50442/session/a6e25fc5b9a1023ef6dc413e453a2b6e/timeouts'
02:10:39.719 [Forwarding setTimeout on session a6e25fc5b9a1023ef6dc413e453a2b6e to remote] DEBUG org.asynchttpclient.netty.request.NettyRequestSender - Using open Channel [id: 0x22613f47, L:/127.0.0.1:61402 - R:localhost/127.0.0.1:50442] for POST '/session/a6e25fc5b9a1023ef6dc413e453a2b6e/timeouts'
02:10:39.722 [AsyncHttpClient-1-2] DEBUG org.asynchttpclient.netty.handler.HttpHandler - 

Request DefaultHttpRequest(decodeResult: success, version: HTTP/1.1)
POST /session/a6e25fc5b9a1023ef6dc413e453a2b6e/timeouts HTTP/1.1
User-Agent: selenium/4.1.3 (java windows)
Content-Length: 19
Content-Type: application/json; charset=utf-8
host: localhost:50442
accept: */*

Response DefaultHttpResponse(decodeResult: success, version: HTTP/1.1)
HTTP/1.1 200 OK
Content-Type: application/json; charset=utf-8
cache-control: no-cache
content-length: 14

02:10:39.722 [AsyncHttpClient-1-2] DEBUG org.asynchttpclient.netty.channel.ChannelManager - Adding key: http://localhost:50442 for channel [id: 0x22613f47, L:/127.0.0.1:61402 - R:localhost/127.0.0.1:50442]
02:10:39.726 [Forwarding findElement on session a6e25fc5b9a1023ef6dc413e453a2b6e to remote] DEBUG org.asynchttpclient.netty.request.NettyRequestSender - Using pooled Channel '[id: 0x22613f47, L:/127.0.0.1:61402 - R:localhost/127.0.0.1:50442]' for 'POST' to 'http://localhost:50442/session/a6e25fc5b9a1023ef6dc413e453a2b6e/element'
02:10:39.727 [Forwarding findElement on session a6e25fc5b9a1023ef6dc413e453a2b6e to remote] DEBUG org.asynchttpclient.netty.request.NettyRequestSender - Using open Channel [id: 0x22613f47, L:/127.0.0.1:61402 - R:localhost/127.0.0.1:50442] for POST '/session/a6e25fc5b9a1023ef6dc413e453a2b6e/element'
02:10:39.750 [AsyncHttpClient-1-2] DEBUG org.asynchttpclient.netty.handler.HttpHandler - 

Request DefaultHttpRequest(decodeResult: success, version: HTTP/1.1)
POST /session/a6e25fc5b9a1023ef6dc413e453a2b6e/element HTTP/1.1
User-Agent: selenium/4.1.3 (java windows)
Content-Length: 64
Content-Type: application/json; charset=utf-8
host: localhost:50442
accept: */*

Response DefaultHttpResponse(decodeResult: success, version: HTTP/1.1)
HTTP/1.1 200 OK
Content-Type: application/json; charset=utf-8
cache-control: no-cache
content-length: 88

02:10:39.751 [AsyncHttpClient-1-2] DEBUG org.asynchttpclient.netty.channel.ChannelManager - Adding key: http://localhost:50442 for channel [id: 0x22613f47, L:/127.0.0.1:61402 - R:localhost/127.0.0.1:50442]
02:10:39.754 [Forwarding setTimeout on session a6e25fc5b9a1023ef6dc413e453a2b6e to remote] DEBUG org.asynchttpclient.netty.request.NettyRequestSender - Using pooled Channel '[id: 0x22613f47, L:/127.0.0.1:61402 - R:localhost/127.0.0.1:50442]' for 'POST' to 'http://localhost:50442/session/a6e25fc5b9a1023ef6dc413e453a2b6e/timeouts'
02:10:39.755 [Forwarding setTimeout on session a6e25fc5b9a1023ef6dc413e453a2b6e to remote] DEBUG org.asynchttpclient.netty.request.NettyRequestSender - Using open Channel [id: 0x22613f47, L:/127.0.0.1:61402 - R:localhost/127.0.0.1:50442] for POST '/session/a6e25fc5b9a1023ef6dc413e453a2b6e/timeouts'
02:10:39.758 [AsyncHttpClient-1-2] DEBUG org.asynchttpclient.netty.handler.HttpHandler - 

Request DefaultHttpRequest(decodeResult: success, version: HTTP/1.1)
POST /session/a6e25fc5b9a1023ef6dc413e453a2b6e/timeouts HTTP/1.1
User-Agent: selenium/4.1.3 (java windows)
Content-Length: 22
Content-Type: application/json; charset=utf-8
host: localhost:50442
accept: */*

Response DefaultHttpResponse(decodeResult: success, version: HTTP/1.1)
HTTP/1.1 200 OK
Content-Type: application/json; charset=utf-8
cache-control: no-cache
content-length: 14

02:10:39.759 [AsyncHttpClient-1-2] DEBUG org.asynchttpclient.netty.channel.ChannelManager - Adding key: http://localhost:50442 for channel [id: 0x22613f47, L:/127.0.0.1:61402 - R:localhost/127.0.0.1:50442]
02:10:39.770 [Forwarding isElementDisplayed on session a6e25fc5b9a1023ef6dc413e453a2b6e to remote] DEBUG org.asynchttpclient.netty.request.NettyRequestSender - Using pooled Channel '[id: 0x22613f47, L:/127.0.0.1:61402 - R:localhost/127.0.0.1:50442]' for 'POST' to 'http://localhost:50442/session/a6e25fc5b9a1023ef6dc413e453a2b6e/execute/sync'
02:10:39.770 [Forwarding isElementDisplayed on session a6e25fc5b9a1023ef6dc413e453a2b6e to remote] DEBUG org.asynchttpclient.netty.request.NettyRequestSender - Using open Channel [id: 0x22613f47, L:/127.0.0.1:61402 - R:localhost/127.0.0.1:50442] for POST '/session/a6e25fc5b9a1023ef6dc413e453a2b6e/execute/sync'
02:10:39.793 [AsyncHttpClient-1-2] DEBUG org.asynchttpclient.netty.handler.HttpHandler - 

Request DefaultHttpRequest(decodeResult: success, version: HTTP/1.1)
POST /session/a6e25fc5b9a1023ef6dc413e453a2b6e/execute/sync HTTP/1.1
User-Agent: selenium/4.1.3 (java windows)
Content-Length: 48780
Content-Type: application/json; charset=utf-8
host: localhost:50442
accept: */*

Response DefaultHttpResponse(decodeResult: success, version: HTTP/1.1)
HTTP/1.1 200 OK
Content-Type: application/json; charset=utf-8
cache-control: no-cache
content-length: 14

02:10:39.793 [AsyncHttpClient-1-2] DEBUG org.asynchttpclient.netty.channel.ChannelManager - Adding key: http://localhost:50442 for channel [id: 0x22613f47, L:/127.0.0.1:61402 - R:localhost/127.0.0.1:50442]
02:10:39.807 [Forwarding getElementTagName on session a6e25fc5b9a1023ef6dc413e453a2b6e to remote] DEBUG org.asynchttpclient.netty.request.NettyRequestSender - Using pooled Channel '[id: 0x22613f47, L:/127.0.0.1:61402 - R:localhost/127.0.0.1:50442]' for 'GET' to 'http://localhost:50442/session/a6e25fc5b9a1023ef6dc413e453a2b6e/element/fb191362-5c76-4f40-ac7c-c851428c2fb4/name'
02:10:39.807 [Forwarding getElementTagName on session a6e25fc5b9a1023ef6dc413e453a2b6e to remote] DEBUG org.asynchttpclient.netty.request.NettyRequestSender - Using open Channel [id: 0x22613f47, L:/127.0.0.1:61402 - R:localhost/127.0.0.1:50442] for GET '/session/a6e25fc5b9a1023ef6dc413e453a2b6e/element/fb191362-5c76-4f40-ac7c-c851428c2fb4/name'
02:10:39.817 [AsyncHttpClient-1-2] DEBUG org.asynchttpclient.netty.handler.HttpHandler - 

Request DefaultFullHttpRequest(decodeResult: success, version: HTTP/1.1, content: EmptyByteBufBE)
GET /session/a6e25fc5b9a1023ef6dc413e453a2b6e/element/fb191362-5c76-4f40-ac7c-c851428c2fb4/name HTTP/1.1
User-Agent: selenium/4.1.3 (java windows)
Cache-Control: no-cache
Content-Type: application/json; charset=utf-8
host: localhost:50442
accept: */*

Response DefaultHttpResponse(decodeResult: success, version: HTTP/1.1)
HTTP/1.1 200 OK
Content-Type: application/json; charset=utf-8
cache-control: no-cache
content-length: 17

02:10:39.818 [AsyncHttpClient-1-2] DEBUG org.asynchttpclient.netty.channel.ChannelManager - Adding key: http://localhost:50442 for channel [id: 0x22613f47, L:/127.0.0.1:61402 - R:localhost/127.0.0.1:50442]
02:10:39.824 [Forwarding getElementTagName on session a6e25fc5b9a1023ef6dc413e453a2b6e to remote] DEBUG org.asynchttpclient.netty.request.NettyRequestSender - Using pooled Channel '[id: 0x22613f47, L:/127.0.0.1:61402 - R:localhost/127.0.0.1:50442]' for 'GET' to 'http://localhost:50442/session/a6e25fc5b9a1023ef6dc413e453a2b6e/element/fb191362-5c76-4f40-ac7c-c851428c2fb4/name'
02:10:39.824 [Forwarding getElementTagName on session a6e25fc5b9a1023ef6dc413e453a2b6e to remote] DEBUG org.asynchttpclient.netty.request.NettyRequestSender - Using open Channel [id: 0x22613f47, L:/127.0.0.1:61402 - R:localhost/127.0.0.1:50442] for GET '/session/a6e25fc5b9a1023ef6dc413e453a2b6e/element/fb191362-5c76-4f40-ac7c-c851428c2fb4/name'
02:10:39.832 [AsyncHttpClient-1-2] DEBUG org.asynchttpclient.netty.handler.HttpHandler - 

Request DefaultFullHttpRequest(decodeResult: success, version: HTTP/1.1, content: EmptyByteBufBE)
GET /session/a6e25fc5b9a1023ef6dc413e453a2b6e/element/fb191362-5c76-4f40-ac7c-c851428c2fb4/name HTTP/1.1
User-Agent: selenium/4.1.3 (java windows)
Cache-Control: no-cache
Content-Type: application/json; charset=utf-8
host: localhost:50442
accept: */*

Response DefaultHttpResponse(decodeResult: success, version: HTTP/1.1)
HTTP/1.1 200 OK
Content-Type: application/json; charset=utf-8
cache-control: no-cache
content-length: 17

02:10:39.833 [AsyncHttpClient-1-2] DEBUG org.asynchttpclient.netty.channel.ChannelManager - Adding key: http://localhost:50442 for channel [id: 0x22613f47, L:/127.0.0.1:61402 - R:localhost/127.0.0.1:50442]
02:10:39.840 [Forwarding isElementEnabled on session a6e25fc5b9a1023ef6dc413e453a2b6e to remote] DEBUG org.asynchttpclient.netty.request.NettyRequestSender - Using pooled Channel '[id: 0x22613f47, L:/127.0.0.1:61402 - R:localhost/127.0.0.1:50442]' for 'GET' to 'http://localhost:50442/session/a6e25fc5b9a1023ef6dc413e453a2b6e/element/fb191362-5c76-4f40-ac7c-c851428c2fb4/enabled'
02:10:39.840 [Forwarding isElementEnabled on session a6e25fc5b9a1023ef6dc413e453a2b6e to remote] DEBUG org.asynchttpclient.netty.request.NettyRequestSender - Using open Channel [id: 0x22613f47, L:/127.0.0.1:61402 - R:localhost/127.0.0.1:50442] for GET '/session/a6e25fc5b9a1023ef6dc413e453a2b6e/element/fb191362-5c76-4f40-ac7c-c851428c2fb4/enabled'
02:10:39.858 [AsyncHttpClient-1-2] DEBUG org.asynchttpclient.netty.handler.HttpHandler - 

Request DefaultFullHttpRequest(decodeResult: success, version: HTTP/1.1, content: EmptyByteBufBE)
GET /session/a6e25fc5b9a1023ef6dc413e453a2b6e/element/fb191362-5c76-4f40-ac7c-c851428c2fb4/enabled HTTP/1.1
User-Agent: selenium/4.1.3 (java windows)
Cache-Control: no-cache
Content-Type: application/json; charset=utf-8
host: localhost:50442
accept: */*

Response DefaultHttpResponse(decodeResult: success, version: HTTP/1.1)
HTTP/1.1 200 OK
Content-Type: application/json; charset=utf-8
cache-control: no-cache
content-length: 14

02:10:39.859 [AsyncHttpClient-1-2] DEBUG org.asynchttpclient.netty.channel.ChannelManager - Adding key: http://localhost:50442 for channel [id: 0x22613f47, L:/127.0.0.1:61402 - R:localhost/127.0.0.1:50442]
02:10:39.863 [Forwarding isElementEnabled on session a6e25fc5b9a1023ef6dc413e453a2b6e to remote] DEBUG org.asynchttpclient.netty.request.NettyRequestSender - Using pooled Channel '[id: 0x22613f47, L:/127.0.0.1:61402 - R:localhost/127.0.0.1:50442]' for 'GET' to 'http://localhost:50442/session/a6e25fc5b9a1023ef6dc413e453a2b6e/element/fb191362-5c76-4f40-ac7c-c851428c2fb4/enabled'
02:10:39.863 [Forwarding isElementEnabled on session a6e25fc5b9a1023ef6dc413e453a2b6e to remote] DEBUG org.asynchttpclient.netty.request.NettyRequestSender - Using open Channel [id: 0x22613f47, L:/127.0.0.1:61402 - R:localhost/127.0.0.1:50442] for GET '/session/a6e25fc5b9a1023ef6dc413e453a2b6e/element/fb191362-5c76-4f40-ac7c-c851428c2fb4/enabled'
02:10:39.876 [AsyncHttpClient-1-2] DEBUG org.asynchttpclient.netty.handler.HttpHandler - 

Request DefaultFullHttpRequest(decodeResult: success, version: HTTP/1.1, content: EmptyByteBufBE)
GET /session/a6e25fc5b9a1023ef6dc413e453a2b6e/element/fb191362-5c76-4f40-ac7c-c851428c2fb4/enabled HTTP/1.1
User-Agent: selenium/4.1.3 (java windows)
Cache-Control: no-cache
Content-Type: application/json; charset=utf-8
host: localhost:50442
accept: */*

Response DefaultHttpResponse(decodeResult: success, version: HTTP/1.1)
HTTP/1.1 200 OK
Content-Type: application/json; charset=utf-8
cache-control: no-cache
content-length: 14

02:10:39.877 [AsyncHttpClient-1-2] DEBUG org.asynchttpclient.netty.channel.ChannelManager - Adding key: http://localhost:50442 for channel [id: 0x22613f47, L:/127.0.0.1:61402 - R:localhost/127.0.0.1:50442]
02:10:39.881 [Forwarding clickElement on session a6e25fc5b9a1023ef6dc413e453a2b6e to remote] DEBUG org.asynchttpclient.netty.request.NettyRequestSender - Using pooled Channel '[id: 0x22613f47, L:/127.0.0.1:61402 - R:localhost/127.0.0.1:50442]' for 'POST' to 'http://localhost:50442/session/a6e25fc5b9a1023ef6dc413e453a2b6e/element/fb191362-5c76-4f40-ac7c-c851428c2fb4/click'
02:10:39.881 [Forwarding clickElement on session a6e25fc5b9a1023ef6dc413e453a2b6e to remote] DEBUG org.asynchttpclient.netty.request.NettyRequestSender - Using open Channel [id: 0x22613f47, L:/127.0.0.1:61402 - R:localhost/127.0.0.1:50442] for POST '/session/a6e25fc5b9a1023ef6dc413e453a2b6e/element/fb191362-5c76-4f40-ac7c-c851428c2fb4/click'
02:10:40.057 [AsyncHttpClient-1-1] DEBUG org.asynchttpclient.netty.channel.DefaultChannelPool - Entry count for : http://localhost:61403 : 1
02:10:41.156 [AsyncHttpClient-1-1] DEBUG org.asynchttpclient.netty.channel.DefaultChannelPool - Entry count for : http://localhost:61403 : 1
02:10:42.257 [AsyncHttpClient-1-1] DEBUG org.asynchttpclient.netty.channel.DefaultChannelPool - Entry count for : http://localhost:61403 : 1
02:10:42.338 [AsyncHttpClient-1-2] DEBUG org.asynchttpclient.netty.handler.HttpHandler - 

Request DefaultHttpRequest(decodeResult: success, version: HTTP/1.1)
POST /session/a6e25fc5b9a1023ef6dc413e453a2b6e/element/fb191362-5c76-4f40-ac7c-c851428c2fb4/click HTTP/1.1
User-Agent: selenium/4.1.3 (java windows)
Content-Length: 50
Content-Type: application/json; charset=utf-8
host: localhost:50442
accept: */*

Response DefaultHttpResponse(decodeResult: success, version: HTTP/1.1)
HTTP/1.1 200 OK
Content-Type: application/json; charset=utf-8
cache-control: no-cache
content-length: 14

02:10:42.339 [AsyncHttpClient-1-2] DEBUG org.asynchttpclient.netty.channel.ChannelManager - Adding key: http://localhost:50442 for channel [id: 0x22613f47, L:/127.0.0.1:61402 - R:localhost/127.0.0.1:50442]
02:10:42.360 [main] DEBUG net.thucydides.core.steps.StepInterceptor - STEP DONE: login
  &amp#27;[32mGiven &amp#27;[0m&amp#27;[32mthe user enters the username &amp#27;[0m&amp#27;[32m&amp#27;[1mmngr398793&amp#27;[0m&amp#27;[32m and password &amp#27;[0m&amp#27;[32m&amp#27;[1mzarAqag&amp#27;[0m &amp#27;[90m# cucumber.LoginStepDefs.the_user_enters_the_username_and_password(java.lang.String,java.lang.String)&amp#27;[0m
02:10:42.418 [main] DEBUG net.thucydides.core.steps.StepInterceptor - STARTING STEP: CommonStepDefs.the_user_is_at_page - isAt
02:10:42.429 [Forwarding findElement on session a6e25fc5b9a1023ef6dc413e453a2b6e to remote] DEBUG org.asynchttpclient.netty.request.NettyRequestSender - Using pooled Channel '[id: 0x22613f47, L:/127.0.0.1:61402 - R:localhost/127.0.0.1:50442]' for 'POST' to 'http://localhost:50442/session/a6e25fc5b9a1023ef6dc413e453a2b6e/element'
02:10:42.430 [Forwarding findElement on session a6e25fc5b9a1023ef6dc413e453a2b6e to remote] DEBUG org.asynchttpclient.netty.request.NettyRequestSender - Using open Channel [id: 0x22613f47, L:/127.0.0.1:61402 - R:localhost/127.0.0.1:50442] for POST '/session/a6e25fc5b9a1023ef6dc413e453a2b6e/element'
02:10:43.358 [AsyncHttpClient-1-1] DEBUG org.asynchttpclient.netty.channel.DefaultChannelPool - Entry count for : http://localhost:61403 : 1
02:10:44.457 [AsyncHttpClient-1-1] DEBUG org.asynchttpclient.netty.channel.DefaultChannelPool - Entry count for : http://localhost:61403 : 1
02:10:44.552 [AsyncHttpClient-1-2] DEBUG org.asynchttpclient.netty.handler.HttpHandler - 

Request DefaultHttpRequest(decodeResult: success, version: HTTP/1.1)
POST /session/a6e25fc5b9a1023ef6dc413e453a2b6e/element HTTP/1.1
User-Agent: selenium/4.1.3 (java windows)
Content-Length: 53
Content-Type: application/json; charset=utf-8
host: localhost:50442
accept: */*

Response DefaultHttpResponse(decodeResult: success, version: HTTP/1.1)
HTTP/1.1 404 Not Found
Content-Type: application/json; charset=utf-8
cache-control: no-cache
content-length: 1023

02:10:44.553 [AsyncHttpClient-1-2] DEBUG org.asynchttpclient.netty.channel.ChannelManager - Adding key: http://localhost:50442 for channel [id: 0x22613f47, L:/127.0.0.1:61402 - R:localhost/127.0.0.1:50442]
02:10:45.563 [AsyncHttpClient-1-1] DEBUG org.asynchttpclient.netty.channel.DefaultChannelPool - Entry count for : http://localhost:61403 : 1
02:10:45.563 [AsyncHttpClient-1-1] DEBUG org.asynchttpclient.netty.channel.DefaultChannelPool - Entry count for : http://localhost:50442 : 1
02:10:46.657 [AsyncHttpClient-1-1] DEBUG org.asynchttpclient.netty.channel.DefaultChannelPool - Entry count for : http://localhost:61403 : 1
02:10:46.657 [AsyncHttpClient-1-1] DEBUG org.asynchttpclient.netty.channel.DefaultChannelPool - Entry count for : http://localhost:50442 : 1
02:10:46.684 [main] DEBUG net.serenitybdd.core.photography.Darkroom - Opening darkroom
02:10:46.685 [Darkroom Processing Line] DEBUG net.serenitybdd.core.photography.DarkroomProcessingLine - Darkroom processing line starting up
02:10:46.687 [Forwarding screenshot on session a6e25fc5b9a1023ef6dc413e453a2b6e to remote] DEBUG org.asynchttpclient.netty.request.NettyRequestSender - Using pooled Channel '[id: 0x22613f47, L:/127.0.0.1:61402 - R:localhost/127.0.0.1:50442]' for 'GET' to 'http://localhost:50442/session/a6e25fc5b9a1023ef6dc413e453a2b6e/screenshot'
02:10:46.688 [Forwarding screenshot on session a6e25fc5b9a1023ef6dc413e453a2b6e to remote] DEBUG org.asynchttpclient.netty.request.NettyRequestSender - Using open Channel [id: 0x22613f47, L:/127.0.0.1:61402 - R:localhost/127.0.0.1:50442] for GET '/session/a6e25fc5b9a1023ef6dc413e453a2b6e/screenshot'
02:10:46.841 [AsyncHttpClient-1-2] DEBUG org.asynchttpclient.netty.handler.HttpHandler - 

Request DefaultFullHttpRequest(decodeResult: success, version: HTTP/1.1, content: EmptyByteBufBE)
GET /session/a6e25fc5b9a1023ef6dc413e453a2b6e/screenshot HTTP/1.1
User-Agent: selenium/4.1.3 (java windows)
Cache-Control: no-cache
Content-Type: application/json; charset=utf-8
host: localhost:50442
accept: */*

Response DefaultHttpResponse(decodeResult: success, version: HTTP/1.1)
HTTP/1.1 200 OK
Content-Type: application/json; charset=utf-8
cache-control: no-cache
content-length: 42512

02:10:46.843 [AsyncHttpClient-1-2] DEBUG org.asynchttpclient.netty.channel.ChannelManager - Adding key: http://localhost:50442 for channel [id: 0x22613f47, L:/127.0.0.1:61402 - R:localhost/127.0.0.1:50442]
02:10:46.985 [main] DEBUG net.serenitybdd.core.photography.Darkroom - Send negative for processing for target\site\serenity\c81b7f674e2e6f809da8d667fabb050b33e890bf95fff8fe7129586c92041d0e.png
02:10:46.986 [Darkroom Processing Line] DEBUG net.serenitybdd.core.photography.DarkroomProcessingLine - Processing screenshot image in /var/screenshots/screenshot-2475640675722488363
02:10:46.986 [Darkroom Processing Line] DEBUG net.serenitybdd.core.photography.DarkroomProcessingLine - Saving screenshot to target\site\serenity\c81b7f674e2e6f809da8d667fabb050b33e890bf95fff8fe7129586c92041d0e.png
02:10:46.992 [Forwarding getPageSource on session a6e25fc5b9a1023ef6dc413e453a2b6e to remote] DEBUG org.asynchttpclient.netty.request.NettyRequestSender - Using pooled Channel '[id: 0x22613f47, L:/127.0.0.1:61402 - R:localhost/127.0.0.1:50442]' for 'POST' to 'http://localhost:50442/session/a6e25fc5b9a1023ef6dc413e453a2b6e/execute/sync'
02:10:46.992 [Forwarding getPageSource on session a6e25fc5b9a1023ef6dc413e453a2b6e to remote] DEBUG org.asynchttpclient.netty.request.NettyRequestSender - Using open Channel [id: 0x22613f47, L:/127.0.0.1:61402 - R:localhost/127.0.0.1:50442] for POST '/session/a6e25fc5b9a1023ef6dc413e453a2b6e/execute/sync'
02:10:47.001 [AsyncHttpClient-1-2] DEBUG org.asynchttpclient.netty.handler.HttpHandler - 

Request DefaultHttpRequest(decodeResult: success, version: HTTP/1.1)
POST /session/a6e25fc5b9a1023ef6dc413e453a2b6e/execute/sync HTTP/1.1
User-Agent: selenium/4.1.3 (java windows)
Content-Length: 176
Content-Type: application/json; charset=utf-8
host: localhost:50442
accept: */*

Response DefaultHttpResponse(decodeResult: success, version: HTTP/1.1)
HTTP/1.1 200 OK
Content-Type: application/json; charset=utf-8
cache-control: no-cache
content-length: 23874

02:10:47.001 [AsyncHttpClient-1-2] DEBUG org.asynchttpclient.netty.channel.ChannelManager - Adding key: http://localhost:50442 for channel [id: 0x22613f47, L:/127.0.0.1:61402 - R:localhost/127.0.0.1:50442]
02:10:47.277 [Forwarding getCurrentUrl on session a6e25fc5b9a1023ef6dc413e453a2b6e to remote] DEBUG org.asynchttpclient.netty.request.NettyRequestSender - Using pooled Channel '[id: 0x22613f47, L:/127.0.0.1:61402 - R:localhost/127.0.0.1:50442]' for 'GET' to 'http://localhost:50442/session/a6e25fc5b9a1023ef6dc413e453a2b6e/url'
02:10:47.277 [Forwarding getCurrentUrl on session a6e25fc5b9a1023ef6dc413e453a2b6e to remote] DEBUG org.asynchttpclient.netty.request.NettyRequestSender - Using open Channel [id: 0x22613f47, L:/127.0.0.1:61402 - R:localhost/127.0.0.1:50442] for GET '/session/a6e25fc5b9a1023ef6dc413e453a2b6e/url'
02:10:47.281 [AsyncHttpClient-1-2] DEBUG org.asynchttpclient.netty.handler.HttpHandler - 

Request DefaultFullHttpRequest(decodeResult: success, version: HTTP/1.1, content: EmptyByteBufBE)
GET /session/a6e25fc5b9a1023ef6dc413e453a2b6e/url HTTP/1.1
User-Agent: selenium/4.1.3 (java windows)
Cache-Control: no-cache
Content-Type: application/json; charset=utf-8
host: localhost:50442
accept: */*

Response DefaultHttpResponse(decodeResult: success, version: HTTP/1.1)
HTTP/1.1 200 OK
Content-Type: application/json; charset=utf-8
cache-control: no-cache
content-length: 76

02:10:47.282 [AsyncHttpClient-1-2] DEBUG org.asynchttpclient.netty.channel.ChannelManager - Adding key: http://localhost:50442 for channel [id: 0x22613f47, L:/127.0.0.1:61402 - R:localhost/127.0.0.1:50442]
  &amp#27;[31mThen &amp#27;[0m&amp#27;[31mthe user is at &amp#27;[0m&amp#27;[31m&amp#27;[1m'Home'&amp#27;[0m&amp#27;[31m page&amp#27;[0m                                    &amp#27;[90m# cucumber.CommonStepDefs.the_user_is_at_page(java.lang.String)&amp#27;[0m
      &amp#27;[31morg.openqa.selenium.NoSuchElementException: Timed out after 2 seconds. Element not found
For documentation on this error, please visit: https://selenium.dev/exceptions/#no_such_element
Build info: version: '4.1.3', revision: '7b1ebf28ef'
System info: host: 'LAPDELL-0226', ip: '192.168.137.230', os.name: 'Windows 10', os.arch: 'amd64', os.version: '10.0', java.version: '1.8.0_321'
Driver info: driver.version: unknown
	at net.thucydides.core.annotations.locators.SmartAjaxElementLocator.ajaxFindElement(SmartAjaxElementLocator.java:164)
	at net.thucydides.core.annotations.locators.SmartAjaxElementLocator.findElement(SmartAjaxElementLocator.java:116)
	at net.serenitybdd.core.pages.WebElementResolverByElementLocator.resolveForDriver(WebElementResolverByElementLocator.java:29)
	at net.serenitybdd.core.pages.WebElementFacadeImpl.getResolvedElement(WebElementFacadeImpl.java:189)
	at net.serenitybdd.core.pages.WebElementFacadeImpl.getElement(WebElementFacadeImpl.java:184)
	at net.serenitybdd.core.pages.WebElementFacadeImpl.isDisplayed(WebElementFacadeImpl.java:1291)
	at sun.reflect.NativeMethodAccessorImpl.invoke0(Native Method)
	at sun.reflect.NativeMethodAccessorImpl.invoke(NativeMethodAccessorImpl.java:62)
	at sun.reflect.DelegatingMethodAccessorImpl.invoke(DelegatingMethodAccessorImpl.java:43)
	at java.lang.reflect.Method.invoke(Method.java:498)
	at net.thucydides.core.annotations.locators.AbstractSingleItemHandler.invoke(AbstractSingleItemHandler.java:43)
	at com.sun.proxy.$Proxy54.isDisplayed(Unknown Source)
	at pages.HomePage.isAt(HomePage.java:13)
	at serenity.CommonStepLibraries.isAt(CommonStepLibraries.java:15)
	at serenity.CommonStepLibraries$ByteBuddy$K3SNw3j5.isAt$accessor$47e44EhQ(Unknown Source)
	at sun.reflect.NativeMethodAccessorImpl.invoke0(Native Method)
	at sun.reflect.NativeMethodAccessorImpl.invoke(NativeMethodAccessorImpl.java:62)
	at sun.reflect.DelegatingMethodAccessorImpl.invoke(DelegatingMethodAccessorImpl.java:43)
	at java.lang.reflect.Method.invoke(Method.java:498)
	at net.thucydides.core.steps.StepInterceptor.invokeMethod(StepInterceptor.java:503)
	at net.thucydides.core.steps.StepInterceptor.executeTestStepMethod(StepInterceptor.java:483)
	at net.thucydides.core.steps.StepInterceptor.runTestStep(StepInterceptor.java:457)
	at net.thucydides.core.steps.StepInterceptor.runOrSkipMethod(StepInterceptor.java:209)
	at net.thucydides.core.steps.StepInterceptor.testStepResult(StepInterceptor.java:196)
	at net.thucydides.core.steps.StepInterceptor.intercept(StepInterceptor.java:84)
	at net.thucydides.core.steps.ProxyConfiguration$InterceptorDispatcher.intercept(ProxyConfiguration.java:51)
	at serenity.CommonStepLibraries$ByteBuddy$K3SNw3j5.isAt(Unknown Source)
	at cucumber.CommonStepDefs.the_user_is_at_page(CommonStepDefs.java:15)
	at âœ½.the user is at 'Home' page(file:///D:/Pratice/serenity_homework/src/test/resources/features.login/login_sucess.feature:6)
&amp#27;[0m
]]></system-out>
    <system-err><![CDATA[Starting ChromeDriver 100.0.4896.60 (6a5d10861ce8de5fce22564658033b43cb7de047-refs/branch-heads/4896@{#875}) on port 50442
Only local connections are allowed.
Please see https://chromedriver.chromium.org/security-considerations for suggestions on keeping ChromeDriver safe.
ChromeDriver was started successfully.
Apr 21, 2022 2:10:33 AM org.openqa.selenium.remote.ProtocolHandshake createSession
INFO: Detected dialect: W3C
Apr 21, 2022 2:10:33 AM org.openqa.selenium.devtools.CdpVersionFinder findNearestMatch
WARNING: Unable to find an exact match for CDP version 100, so returning the closest version found: 99
Apr 21, 2022 2:10:33 AM org.openqa.selenium.devtools.CdpVersionFinder findNearestMatch
INFO: Found CDP implementation for version 100 of 99
]]></system-err>
  </testcase>
  <testcase name="user login unsuccessful #1" classname="user login to the page unsuccessful" time="6.701">
    <system-out><![CDATA[02:10:47.699 [main] ERROR  - &amp#27;[91m
  _____   ___   ___   _____     ___   ___   ___    ___    ___ 
 |_   _| | __| / __| |_   _|   | __| | _ \ | _ \  / _ \  | _ \
   | |   | _|  \__ \   | |     | _|  |   / |   / | (_) | |   /
   |_|   |___| |___/   |_|     |___| |_|_\ |_|_\  \___/  |_|_\

user login successful
---------------------------------------------------------------&amp#27;[0m
02:10:47.704 [main] DEBUG  - RELATED ISSUES: 
02:10:47.706 [main] ERROR  - &amp#27;[91m    Test failed at step: Is at: Home&amp#27;[0m
02:10:47.706 [main] ERROR  - &amp#27;[91m    Timed out after 2 seconds. Element not found&amp#27;[0m
02:10:47.717 [Driver Command Executor] DEBUG org.asynchttpclient.netty.request.NettyRequestSender - Using pooled Channel '[id: 0x22613f47, L:/127.0.0.1:61402 - R:localhost/127.0.0.1:50442]' for 'DELETE' to 'http://localhost:50442/session/a6e25fc5b9a1023ef6dc413e453a2b6e'
02:10:47.717 [Driver Command Executor] DEBUG org.asynchttpclient.netty.request.NettyRequestSender - Using open Channel [id: 0x22613f47, L:/127.0.0.1:61402 - R:localhost/127.0.0.1:50442] for DELETE '/session/a6e25fc5b9a1023ef6dc413e453a2b6e'
02:10:47.756 [AsyncHttpClient-1-1] DEBUG org.asynchttpclient.netty.channel.DefaultChannelPool - Entry count for : http://localhost:61403 : 1
02:10:47.802 [AsyncHttpClient-1-4] DEBUG org.asynchttpclient.netty.handler.WebSocketHandler - Unexpected I/O exception on channel [id: 0xed79a3fd, L:/127.0.0.1:61413 - R:localhost/127.0.0.1:61403]
java.io.IOException: An existing connection was forcibly closed by the remote host
	at sun.nio.ch.SocketDispatcher.read0(Native Method)
	at sun.nio.ch.SocketDispatcher.read(SocketDispatcher.java:43)
	at sun.nio.ch.IOUtil.readIntoNativeBuffer(IOUtil.java:223)
	at sun.nio.ch.IOUtil.read(IOUtil.java:192)
	at sun.nio.ch.SocketChannelImpl.read(SocketChannelImpl.java:378)
	at io.netty.buffer.PooledByteBuf.setBytes(PooledByteBuf.java:258)
	at io.netty.buffer.AbstractByteBuf.writeBytes(AbstractByteBuf.java:1132)
	at io.netty.channel.socket.nio.NioSocketChannel.doReadBytes(NioSocketChannel.java:350)
	at io.netty.channel.nio.AbstractNioByteChannel$NioByteUnsafe.read(AbstractNioByteChannel.java:151)
	at io.netty.channel.nio.NioEventLoop.processSelectedKey(NioEventLoop.java:722)
	at io.netty.channel.nio.NioEventLoop.processSelectedKeysOptimized(NioEventLoop.java:658)
	at io.netty.channel.nio.NioEventLoop.processSelectedKeys(NioEventLoop.java:584)
	at io.netty.channel.nio.NioEventLoop.run(NioEventLoop.java:496)
	at io.netty.util.concurrent.SingleThreadEventExecutor$4.run(SingleThreadEventExecutor.java:986)
	at io.netty.util.internal.ThreadExecutorMap$2.run(ThreadExecutorMap.java:74)
	at io.netty.util.concurrent.FastThreadLocalRunnable.run(FastThreadLocalRunnable.java:30)
	at java.lang.Thread.run(Thread.java:750)
02:10:47.802 [AsyncHttpClient-1-3] DEBUG org.asynchttpclient.netty.handler.HttpHandler - Unexpected I/O exception on channel [id: 0x1cfe433e, L:/127.0.0.1:61412 - R:localhost/127.0.0.1:61403]
java.io.IOException: An existing connection was forcibly closed by the remote host
	at sun.nio.ch.SocketDispatcher.read0(Native Method)
	at sun.nio.ch.SocketDispatcher.read(SocketDispatcher.java:43)
	at sun.nio.ch.IOUtil.readIntoNativeBuffer(IOUtil.java:223)
	at sun.nio.ch.IOUtil.read(IOUtil.java:192)
	at sun.nio.ch.SocketChannelImpl.read(SocketChannelImpl.java:378)
	at io.netty.buffer.PooledByteBuf.setBytes(PooledByteBuf.java:258)
	at io.netty.buffer.AbstractByteBuf.writeBytes(AbstractByteBuf.java:1132)
	at io.netty.channel.socket.nio.NioSocketChannel.doReadBytes(NioSocketChannel.java:350)
	at io.netty.channel.nio.AbstractNioByteChannel$NioByteUnsafe.read(AbstractNioByteChannel.java:151)
	at io.netty.channel.nio.NioEventLoop.processSelectedKey(NioEventLoop.java:722)
	at io.netty.channel.nio.NioEventLoop.processSelectedKeysOptimized(NioEventLoop.java:658)
	at io.netty.channel.nio.NioEventLoop.processSelectedKeys(NioEventLoop.java:584)
	at io.netty.channel.nio.NioEventLoop.run(NioEventLoop.java:496)
	at io.netty.util.concurrent.SingleThreadEventExecutor$4.run(SingleThreadEventExecutor.java:986)
	at io.netty.util.internal.ThreadExecutorMap$2.run(ThreadExecutorMap.java:74)
	at io.netty.util.concurrent.FastThreadLocalRunnable.run(FastThreadLocalRunnable.java:30)
	at java.lang.Thread.run(Thread.java:750)
02:10:47.803 [AsyncHttpClient-1-3] DEBUG org.asynchttpclient.netty.channel.ChannelManager - Closing Channel [id: 0x1cfe433e, L:/127.0.0.1:61412 - R:localhost/127.0.0.1:61403] 
02:10:47.803 [AsyncHttpClient-1-4] DEBUG org.asynchttpclient.netty.handler.WebSocketHandler - Trying to recover from dead Channel: [id: 0xed79a3fd, L:/127.0.0.1:61413 - R:localhost/127.0.0.1:61403]
02:10:47.804 [AsyncHttpClient-1-4] DEBUG org.asynchttpclient.netty.handler.WebSocketHandler - Channel Closed: [id: 0xed79a3fd, L:/127.0.0.1:61413 ! R:localhost/127.0.0.1:61403] with attribute NettyResponseFuture{currentRetry=5,
	isDone=1,
	isCancelled=0,
	asyncHandler=org.asynchttpclient.ws.WebSocketUpgradeHandler@2d066425,
	nettyRequest=org.asynchttpclient.netty.request.NettyRequest@7e87bf13,
	future=java.util.concurrent.CompletableFuture@1a33669e[Completed normally],
	uri=ws://localhost:61403/devtools/browser/973f4202-1250-4c8a-a0c1-dc861db50e63,
	keepAlive=true,
	redirectCount=0,
	timeoutsHolder=null,
	inAuth=0,
	touch=1650481847802}
02:10:47.804 [AsyncHttpClient-1-4] DEBUG org.asynchttpclient.netty.channel.ChannelManager - Closing Channel [id: 0xed79a3fd, L:/127.0.0.1:61413 ! R:localhost/127.0.0.1:61403] 
02:10:47.805 [AsyncHttpClient-1-3] DEBUG org.asynchttpclient.netty.handler.HttpHandler - Channel Closed: [id: 0x1cfe433e, L:/127.0.0.1:61412 ! R:localhost/127.0.0.1:61403] with attribute DISCARD
02:10:47.822 [AsyncHttpClient-1-2] DEBUG org.asynchttpclient.netty.handler.HttpHandler - 

Request DefaultFullHttpRequest(decodeResult: success, version: HTTP/1.1, content: EmptyByteBufBE)
DELETE /session/a6e25fc5b9a1023ef6dc413e453a2b6e HTTP/1.1
User-Agent: selenium/4.1.3 (java windows)
Content-Type: application/json; charset=utf-8
host: localhost:50442
accept: */*

Response DefaultHttpResponse(decodeResult: success, version: HTTP/1.1)
HTTP/1.1 200 OK
Content-Type: application/json; charset=utf-8
cache-control: no-cache
content-length: 14

02:10:47.822 [AsyncHttpClient-1-2] DEBUG org.asynchttpclient.netty.channel.ChannelManager - Adding key: http://localhost:50442 for channel [id: 0x22613f47, L:/127.0.0.1:61402 - R:localhost/127.0.0.1:50442]
02:10:47.886 [AsyncHttpClient-1-2] DEBUG org.asynchttpclient.netty.handler.HttpHandler - Channel Closed: [id: 0x22613f47, L:/127.0.0.1:61402 ! R:localhost/127.0.0.1:50442] with attribute DISCARD
02:10:48.428 [main] INFO io.cucumber.core.plugin.SerenityReporter - Running feature from file:///D:/Pratice/serenity_homework/src/test/resources/features.login/login_unsuccess.feature
02:10:48.428 [main] WARN io.cucumber.core.plugin.SerenityReporter - Feature from file:///D:/Pratice/serenity_homework/src/test/resources/features.login/login_unsuccess.feature is not under the 'features' directory. Requirements report will not be correctly generated!
02:10:48.432 [main] DEBUG net.thucydides.core.steps.StepEventBus - Test suite started for story net.thucydides.core.model.Story@d30bc052
02:10:48.432 [main] INFO  - Test Suite Started: user login to the page unsuccessful

@unit
Scenario Outline: user login unsuccessful                          &amp#27;[90m# src/test/resources/features.login/login_unsuccess.feature:9&amp#27;[0m
02:10:48.437 [main] INFO io.cucumber.core.plugin.SerenityReporter - Running feature from file:///D:/Pratice/serenity_homework/src/test/resources/features.login/login_unsuccess.feature
02:10:48.437 [main] WARN io.cucumber.core.plugin.SerenityReporter - Feature from file:///D:/Pratice/serenity_homework/src/test/resources/features.login/login_unsuccess.feature is not under the 'features' directory. Requirements report will not be correctly generated!
02:10:48.439 [main] INFO  - 
  _____   ___   ___   _____     ___   _____     _     ___   _____   ___   ___  
 |_   _| | __| / __| |_   _|   / __| |_   _|   /_\   | _ \ |_   _| | __| |   \ 
   | |   | _|  \__ \   | |     \__ \   | |    / _ \  |   /   | |   | _|  | |) |
   |_|   |___| |___/   |_|     |___/   |_|   /_/ \_\ |_|_\   |_|   |___| |___/ 

user login unsuccessful(user-login-to-the-page-unsuccessful;user-login-unsuccessful)
--------------------------------------------------------------------------------
02:10:48.465 [main] DEBUG io.github.bonigarcia.wdm.cache.ResolutionCache - Resolution chrome=100 in cache (valid until 02:23:33 21/04/2022 ICT)
02:10:48.465 [main] DEBUG io.github.bonigarcia.wdm.cache.ResolutionCache - Resolution chrome100=100.0.4896.60 in cache (valid until 15:25:50 21/04/2022 ICT)
02:10:48.465 [main] INFO io.github.bonigarcia.wdm.WebDriverManager - Using chromedriver 100.0.4896.60 (resolved driver for Chrome 100)
02:10:48.472 [main] DEBUG io.github.bonigarcia.wdm.WebDriverManager - Driver chromedriver 100.0.4896.60 found in cache
02:10:48.472 [main] INFO io.github.bonigarcia.wdm.WebDriverManager - Exporting webdriver.chrome.driver as C:\Users\dung.nguyenanh\.cache\selenium\chromedriver\win32\100.0.4896.60\chromedriver.exe
02:10:48.473 [main] INFO net.serenitybdd.core.webdriver.driverproviders.ChromeDriverProvider - Using automatically driver download
02:10:48.567 [main] DEBUG io.github.bonigarcia.wdm.cache.ResolutionCache - Resolution chrome=100 in cache (valid until 02:23:33 21/04/2022 ICT)
02:10:48.567 [main] DEBUG io.github.bonigarcia.wdm.cache.ResolutionCache - Resolution chrome100=100.0.4896.60 in cache (valid until 15:25:50 21/04/2022 ICT)
02:10:48.567 [main] INFO io.github.bonigarcia.wdm.WebDriverManager - Using chromedriver 100.0.4896.60 (resolved driver for Chrome 100)
02:10:48.572 [main] DEBUG io.github.bonigarcia.wdm.WebDriverManager - Driver chromedriver 100.0.4896.60 found in cache
02:10:48.572 [main] INFO io.github.bonigarcia.wdm.WebDriverManager - Exporting webdriver.chrome.driver as C:\Users\dung.nguyenanh\.cache\selenium\chromedriver\win32\100.0.4896.60\chromedriver.exe
02:10:48.677 [main] DEBUG net.serenitybdd.core.webdriver.driverproviders.ProvideNewDriver - Instantiating driver
02:10:48.677 [main] DEBUG net.serenitybdd.core.webdriver.driverproviders.ProvideNewDriver - Driver capabilities: Capabilities {acceptInsecureCerts: false, autodownload: true, base.url: https://demo.guru99.com/V1/..., browserName: chrome, goog:chromeOptions: {args: [], extensions: []}}
02:10:48.859 [AsyncHttpClient-1-1] DEBUG org.asynchttpclient.netty.channel.DefaultChannelPool - Entry count for : http://localhost:61403 : 1
02:10:48.859 [AsyncHttpClient-1-1] DEBUG org.asynchttpclient.netty.channel.DefaultChannelPool - Entry count for : http://localhost:50442 : 1
02:10:48.859 [AsyncHttpClient-1-1] DEBUG org.asynchttpclient.netty.channel.DefaultChannelPool - Adding Candidate expired Channel [id: 0x1cfe433e, L:/127.0.0.1:61412 ! R:localhost/127.0.0.1:61403] isIdleTimeoutExpired=false isRemotelyClosed=true isTtlExpired=false
02:10:48.859 [AsyncHttpClient-1-1] DEBUG org.asynchttpclient.netty.channel.DefaultChannelPool - Closing Idle Channel [id: 0x1cfe433e, L:/127.0.0.1:61412 ! R:localhost/127.0.0.1:61403]
02:10:48.859 [AsyncHttpClient-1-1] DEBUG org.asynchttpclient.netty.channel.DefaultChannelPool - Adding Candidate expired Channel [id: 0x22613f47, L:/127.0.0.1:61402 ! R:localhost/127.0.0.1:50442] isIdleTimeoutExpired=false isRemotelyClosed=true isTtlExpired=false
02:10:48.859 [AsyncHttpClient-1-1] DEBUG org.asynchttpclient.netty.channel.DefaultChannelPool - Closing Idle Channel [id: 0x22613f47, L:/127.0.0.1:61402 ! R:localhost/127.0.0.1:50442]
02:10:48.860 [AsyncHttpClient-1-1] DEBUG org.asynchttpclient.netty.channel.DefaultChannelPool - Closed 2 connections out of 2 in 1 ms
02:10:49.224 [AsyncHttpClient-1-5] DEBUG org.asynchttpclient.netty.channel.NettyConnectListener - Using new Channel '[id: 0x0db44d37, L:/127.0.0.1:61505 - R:localhost/127.0.0.1:52206]' for 'POST' to '/session'
02:10:49.974 [AsyncHttpClient-1-5] DEBUG org.asynchttpclient.netty.handler.HttpHandler - 

Request DefaultHttpRequest(decodeResult: success, version: HTTP/1.1)
POST /session HTTP/1.1
User-Agent: selenium/4.1.3 (java windows)
Content-Length: 539
Content-Type: application/json; charset=utf-8
host: localhost:52206
accept: */*

Response DefaultHttpResponse(decodeResult: success, version: HTTP/1.1)
HTTP/1.1 200 OK
Content-Type: application/json; charset=utf-8
cache-control: no-cache
content-length: 795

02:10:49.974 [AsyncHttpClient-1-5] DEBUG org.asynchttpclient.netty.channel.ChannelManager - Adding key: http://localhost:52206 for channel [id: 0x0db44d37, L:/127.0.0.1:61505 - R:localhost/127.0.0.1:52206]
02:10:49.986 [AsyncHttpClient-1-6] DEBUG org.asynchttpclient.netty.channel.NettyConnectListener - Using new Channel '[id: 0x8ca0dfbe, L:/127.0.0.1:61514 - R:localhost/127.0.0.1:61506]' for 'GET' to '/json/version'
02:10:49.988 [AsyncHttpClient-1-6] DEBUG org.asynchttpclient.netty.handler.HttpHandler - 

Request DefaultFullHttpRequest(decodeResult: success, version: HTTP/1.1, content: EmptyByteBufBE)
GET /json/version HTTP/1.1
User-Agent: selenium/4.1.3 (java windows)
host: localhost:61506
accept: */*

Response DefaultHttpResponse(decodeResult: success, version: HTTP/1.1)
HTTP/1.1 200 OK
Content-Type: application/json; charset=UTF-8
content-length: 429

02:10:49.988 [AsyncHttpClient-1-6] DEBUG org.asynchttpclient.netty.channel.ChannelManager - Adding key: http://localhost:61506 for channel [id: 0x8ca0dfbe, L:/127.0.0.1:61514 - R:localhost/127.0.0.1:61506]
02:10:49.992 [AsyncHttpClient-1-7] DEBUG org.asynchttpclient.netty.channel.NettyConnectListener - Using new Channel '[id: 0xb0180ff7, L:/127.0.0.1:61515 - R:localhost/127.0.0.1:61506]' for 'GET' to '/devtools/browser/092330db-7d97-443b-b701-8457bc061201'
02:10:49.993 [AsyncHttpClient-1-7] DEBUG org.asynchttpclient.netty.handler.WebSocketHandler - 

Request DefaultFullHttpRequest(decodeResult: success, version: HTTP/1.1, content: EmptyByteBufBE)
GET /devtools/browser/092330db-7d97-443b-b701-8457bc061201 HTTP/1.1
upgrade: websocket
connection: upgrade
sec-websocket-key: xRLraXicqsBAtu45fYFong==
sec-websocket-version: 13
origin: http://localhost:61506
host: localhost:61506
accept: */*
user-agent: AHC/2.1

Response DefaultHttpResponse(decodeResult: success, version: HTTP/1.1)
HTTP/1.1 101 WebSocket Protocol Handshake
Upgrade: WebSocket
Connection: Upgrade
Sec-WebSocket-Accept: Oky9wI536sdcUEh+DCyqnhi/T2c=

02:10:49.998 [Forwarding get on session 387fa352d2e5ddb4763df9a51b617041 to remote] DEBUG org.asynchttpclient.netty.request.NettyRequestSender - Using pooled Channel '[id: 0x0db44d37, L:/127.0.0.1:61505 - R:localhost/127.0.0.1:52206]' for 'POST' to 'http://localhost:52206/session/387fa352d2e5ddb4763df9a51b617041/url'
02:10:49.998 [Forwarding get on session 387fa352d2e5ddb4763df9a51b617041 to remote] DEBUG org.asynchttpclient.netty.request.NettyRequestSender - Using open Channel [id: 0x0db44d37, L:/127.0.0.1:61505 - R:localhost/127.0.0.1:52206] for POST '/session/387fa352d2e5ddb4763df9a51b617041/url'
02:10:51.063 [AsyncHttpClient-1-1] DEBUG org.asynchttpclient.netty.channel.DefaultChannelPool - Entry count for : http://localhost:61506 : 1
02:10:52.156 [AsyncHttpClient-1-1] DEBUG org.asynchttpclient.netty.channel.DefaultChannelPool - Entry count for : http://localhost:61506 : 1
02:10:53.256 [AsyncHttpClient-1-1] DEBUG org.asynchttpclient.netty.channel.DefaultChannelPool - Entry count for : http://localhost:61506 : 1
02:10:53.959 [AsyncHttpClient-1-5] DEBUG org.asynchttpclient.netty.handler.HttpHandler - 

Request DefaultHttpRequest(decodeResult: success, version: HTTP/1.1)
POST /session/387fa352d2e5ddb4763df9a51b617041/url HTTP/1.1
User-Agent: selenium/4.1.3 (java windows)
Content-Length: 94
Content-Type: application/json; charset=utf-8
host: localhost:52206
accept: */*

Response DefaultHttpResponse(decodeResult: success, version: HTTP/1.1)
HTTP/1.1 200 OK
Content-Type: application/json; charset=utf-8
cache-control: no-cache
content-length: 14

02:10:53.959 [AsyncHttpClient-1-5] DEBUG org.asynchttpclient.netty.channel.ChannelManager - Adding key: http://localhost:52206 for channel [id: 0x0db44d37, L:/127.0.0.1:61505 - R:localhost/127.0.0.1:52206]
02:10:53.966 [Forwarding setTimeout on session 387fa352d2e5ddb4763df9a51b617041 to remote] DEBUG org.asynchttpclient.netty.request.NettyRequestSender - Using pooled Channel '[id: 0x0db44d37, L:/127.0.0.1:61505 - R:localhost/127.0.0.1:52206]' for 'POST' to 'http://localhost:52206/session/387fa352d2e5ddb4763df9a51b617041/timeouts'
02:10:53.966 [Forwarding setTimeout on session 387fa352d2e5ddb4763df9a51b617041 to remote] DEBUG org.asynchttpclient.netty.request.NettyRequestSender - Using open Channel [id: 0x0db44d37, L:/127.0.0.1:61505 - R:localhost/127.0.0.1:52206] for POST '/session/387fa352d2e5ddb4763df9a51b617041/timeouts'
02:10:53.968 [AsyncHttpClient-1-5] DEBUG org.asynchttpclient.netty.handler.HttpHandler - 

Request DefaultHttpRequest(decodeResult: success, version: HTTP/1.1)
POST /session/387fa352d2e5ddb4763df9a51b617041/timeouts HTTP/1.1
User-Agent: selenium/4.1.3 (java windows)
Content-Length: 22
Content-Type: application/json; charset=utf-8
host: localhost:52206
accept: */*

Response DefaultHttpResponse(decodeResult: success, version: HTTP/1.1)
HTTP/1.1 200 OK
Content-Type: application/json; charset=utf-8
cache-control: no-cache
content-length: 14

02:10:53.969 [AsyncHttpClient-1-5] DEBUG org.asynchttpclient.netty.channel.ChannelManager - Adding key: http://localhost:52206 for channel [id: 0x0db44d37, L:/127.0.0.1:61505 - R:localhost/127.0.0.1:52206]
02:10:53.972 [Forwarding getCurrentUrl on session 387fa352d2e5ddb4763df9a51b617041 to remote] DEBUG org.asynchttpclient.netty.request.NettyRequestSender - Using pooled Channel '[id: 0x0db44d37, L:/127.0.0.1:61505 - R:localhost/127.0.0.1:52206]' for 'GET' to 'http://localhost:52206/session/387fa352d2e5ddb4763df9a51b617041/url'
02:10:53.972 [Forwarding getCurrentUrl on session 387fa352d2e5ddb4763df9a51b617041 to remote] DEBUG org.asynchttpclient.netty.request.NettyRequestSender - Using open Channel [id: 0x0db44d37, L:/127.0.0.1:61505 - R:localhost/127.0.0.1:52206] for GET '/session/387fa352d2e5ddb4763df9a51b617041/url'
02:10:53.985 [AsyncHttpClient-1-5] DEBUG org.asynchttpclient.netty.handler.HttpHandler - 

Request DefaultFullHttpRequest(decodeResult: success, version: HTTP/1.1, content: EmptyByteBufBE)
GET /session/387fa352d2e5ddb4763df9a51b617041/url HTTP/1.1
User-Agent: selenium/4.1.3 (java windows)
Cache-Control: no-cache
Content-Type: application/json; charset=utf-8
host: localhost:52206
accept: */*

Response DefaultHttpResponse(decodeResult: success, version: HTTP/1.1)
HTTP/1.1 200 OK
Content-Type: application/json; charset=utf-8
cache-control: no-cache
content-length: 61

02:10:53.985 [AsyncHttpClient-1-5] DEBUG org.asynchttpclient.netty.channel.ChannelManager - Adding key: http://localhost:52206 for channel [id: 0x0db44d37, L:/127.0.0.1:61505 - R:localhost/127.0.0.1:52206]
02:10:53.988 [Forwarding getCurrentUrl on session 387fa352d2e5ddb4763df9a51b617041 to remote] DEBUG org.asynchttpclient.netty.request.NettyRequestSender - Using pooled Channel '[id: 0x0db44d37, L:/127.0.0.1:61505 - R:localhost/127.0.0.1:52206]' for 'GET' to 'http://localhost:52206/session/387fa352d2e5ddb4763df9a51b617041/url'
02:10:53.988 [Forwarding getCurrentUrl on session 387fa352d2e5ddb4763df9a51b617041 to remote] DEBUG org.asynchttpclient.netty.request.NettyRequestSender - Using open Channel [id: 0x0db44d37, L:/127.0.0.1:61505 - R:localhost/127.0.0.1:52206] for GET '/session/387fa352d2e5ddb4763df9a51b617041/url'
02:10:53.996 [AsyncHttpClient-1-5] DEBUG org.asynchttpclient.netty.handler.HttpHandler - 

Request DefaultFullHttpRequest(decodeResult: success, version: HTTP/1.1, content: EmptyByteBufBE)
GET /session/387fa352d2e5ddb4763df9a51b617041/url HTTP/1.1
User-Agent: selenium/4.1.3 (java windows)
Cache-Control: no-cache
Content-Type: application/json; charset=utf-8
host: localhost:52206
accept: */*

Response DefaultHttpResponse(decodeResult: success, version: HTTP/1.1)
HTTP/1.1 200 OK
Content-Type: application/json; charset=utf-8
cache-control: no-cache
content-length: 61

02:10:53.997 [AsyncHttpClient-1-5] DEBUG org.asynchttpclient.netty.channel.ChannelManager - Adding key: http://localhost:52206 for channel [id: 0x0db44d37, L:/127.0.0.1:61505 - R:localhost/127.0.0.1:52206]
02:10:54.001 [Forwarding maximizeCurrentWindow on session 387fa352d2e5ddb4763df9a51b617041 to remote] DEBUG org.asynchttpclient.netty.request.NettyRequestSender - Using pooled Channel '[id: 0x0db44d37, L:/127.0.0.1:61505 - R:localhost/127.0.0.1:52206]' for 'POST' to 'http://localhost:52206/session/387fa352d2e5ddb4763df9a51b617041/window/maximize'
02:10:54.001 [Forwarding maximizeCurrentWindow on session 387fa352d2e5ddb4763df9a51b617041 to remote] DEBUG org.asynchttpclient.netty.request.NettyRequestSender - Using open Channel [id: 0x0db44d37, L:/127.0.0.1:61505 - R:localhost/127.0.0.1:52206] for POST '/session/387fa352d2e5ddb4763df9a51b617041/window/maximize'
02:10:54.152 [AsyncHttpClient-1-5] DEBUG org.asynchttpclient.netty.handler.HttpHandler - 

Request DefaultHttpRequest(decodeResult: success, version: HTTP/1.1)
POST /session/387fa352d2e5ddb4763df9a51b617041/window/maximize HTTP/1.1
User-Agent: selenium/4.1.3 (java windows)
Content-Length: 3
Content-Type: application/json; charset=utf-8
host: localhost:52206
accept: */*

Response DefaultHttpResponse(decodeResult: success, version: HTTP/1.1)
HTTP/1.1 200 OK
Content-Type: application/json; charset=utf-8
cache-control: no-cache
content-length: 51

02:10:54.153 [AsyncHttpClient-1-5] DEBUG org.asynchttpclient.netty.channel.ChannelManager - Adding key: http://localhost:52206 for channel [id: 0x0db44d37, L:/127.0.0.1:61505 - R:localhost/127.0.0.1:52206]
02:10:54.165 [main] DEBUG net.thucydides.core.steps.StepInterceptor - STARTING STEP: LoginStepDefs.the_user_enters_the_username_and_password - login
02:10:54.171 [Forwarding setTimeout on session 387fa352d2e5ddb4763df9a51b617041 to remote] DEBUG org.asynchttpclient.netty.request.NettyRequestSender - Using pooled Channel '[id: 0x0db44d37, L:/127.0.0.1:61505 - R:localhost/127.0.0.1:52206]' for 'POST' to 'http://localhost:52206/session/387fa352d2e5ddb4763df9a51b617041/timeouts'
02:10:54.171 [Forwarding setTimeout on session 387fa352d2e5ddb4763df9a51b617041 to remote] DEBUG org.asynchttpclient.netty.request.NettyRequestSender - Using open Channel [id: 0x0db44d37, L:/127.0.0.1:61505 - R:localhost/127.0.0.1:52206] for POST '/session/387fa352d2e5ddb4763df9a51b617041/timeouts'
02:10:54.172 [AsyncHttpClient-1-5] DEBUG org.asynchttpclient.netty.handler.HttpHandler - 

Request DefaultHttpRequest(decodeResult: success, version: HTTP/1.1)
POST /session/387fa352d2e5ddb4763df9a51b617041/timeouts HTTP/1.1
User-Agent: selenium/4.1.3 (java windows)
Content-Length: 19
Content-Type: application/json; charset=utf-8
host: localhost:52206
accept: */*

Response DefaultHttpResponse(decodeResult: success, version: HTTP/1.1)
HTTP/1.1 200 OK
Content-Type: application/json; charset=utf-8
cache-control: no-cache
content-length: 14

02:10:54.173 [AsyncHttpClient-1-5] DEBUG org.asynchttpclient.netty.channel.ChannelManager - Adding key: http://localhost:52206 for channel [id: 0x0db44d37, L:/127.0.0.1:61505 - R:localhost/127.0.0.1:52206]
02:10:54.176 [Forwarding findElement on session 387fa352d2e5ddb4763df9a51b617041 to remote] DEBUG org.asynchttpclient.netty.request.NettyRequestSender - Using pooled Channel '[id: 0x0db44d37, L:/127.0.0.1:61505 - R:localhost/127.0.0.1:52206]' for 'POST' to 'http://localhost:52206/session/387fa352d2e5ddb4763df9a51b617041/element'
02:10:54.176 [Forwarding findElement on session 387fa352d2e5ddb4763df9a51b617041 to remote] DEBUG org.asynchttpclient.netty.request.NettyRequestSender - Using open Channel [id: 0x0db44d37, L:/127.0.0.1:61505 - R:localhost/127.0.0.1:52206] for POST '/session/387fa352d2e5ddb4763df9a51b617041/element'
02:10:54.190 [AsyncHttpClient-1-5] DEBUG org.asynchttpclient.netty.handler.HttpHandler - 

Request DefaultHttpRequest(decodeResult: success, version: HTTP/1.1)
POST /session/387fa352d2e5ddb4763df9a51b617041/element HTTP/1.1
User-Agent: selenium/4.1.3 (java windows)
Content-Length: 61
Content-Type: application/json; charset=utf-8
host: localhost:52206
accept: */*

Response DefaultHttpResponse(decodeResult: success, version: HTTP/1.1)
HTTP/1.1 200 OK
Content-Type: application/json; charset=utf-8
cache-control: no-cache
content-length: 88

02:10:54.191 [AsyncHttpClient-1-5] DEBUG org.asynchttpclient.netty.channel.ChannelManager - Adding key: http://localhost:52206 for channel [id: 0x0db44d37, L:/127.0.0.1:61505 - R:localhost/127.0.0.1:52206]
02:10:54.192 [Forwarding setTimeout on session 387fa352d2e5ddb4763df9a51b617041 to remote] DEBUG org.asynchttpclient.netty.request.NettyRequestSender - Using pooled Channel '[id: 0x0db44d37, L:/127.0.0.1:61505 - R:localhost/127.0.0.1:52206]' for 'POST' to 'http://localhost:52206/session/387fa352d2e5ddb4763df9a51b617041/timeouts'
02:10:54.192 [Forwarding setTimeout on session 387fa352d2e5ddb4763df9a51b617041 to remote] DEBUG org.asynchttpclient.netty.request.NettyRequestSender - Using open Channel [id: 0x0db44d37, L:/127.0.0.1:61505 - R:localhost/127.0.0.1:52206] for POST '/session/387fa352d2e5ddb4763df9a51b617041/timeouts'
02:10:54.193 [AsyncHttpClient-1-5] DEBUG org.asynchttpclient.netty.handler.HttpHandler - 

Request DefaultHttpRequest(decodeResult: success, version: HTTP/1.1)
POST /session/387fa352d2e5ddb4763df9a51b617041/timeouts HTTP/1.1
User-Agent: selenium/4.1.3 (java windows)
Content-Length: 22
Content-Type: application/json; charset=utf-8
host: localhost:52206
accept: */*

Response DefaultHttpResponse(decodeResult: success, version: HTTP/1.1)
HTTP/1.1 200 OK
Content-Type: application/json; charset=utf-8
cache-control: no-cache
content-length: 14

02:10:54.194 [AsyncHttpClient-1-5] DEBUG org.asynchttpclient.netty.channel.ChannelManager - Adding key: http://localhost:52206 for channel [id: 0x0db44d37, L:/127.0.0.1:61505 - R:localhost/127.0.0.1:52206]
02:10:54.201 [Forwarding isElementDisplayed on session 387fa352d2e5ddb4763df9a51b617041 to remote] DEBUG org.asynchttpclient.netty.request.NettyRequestSender - Using pooled Channel '[id: 0x0db44d37, L:/127.0.0.1:61505 - R:localhost/127.0.0.1:52206]' for 'POST' to 'http://localhost:52206/session/387fa352d2e5ddb4763df9a51b617041/execute/sync'
02:10:54.202 [Forwarding isElementDisplayed on session 387fa352d2e5ddb4763df9a51b617041 to remote] DEBUG org.asynchttpclient.netty.request.NettyRequestSender - Using open Channel [id: 0x0db44d37, L:/127.0.0.1:61505 - R:localhost/127.0.0.1:52206] for POST '/session/387fa352d2e5ddb4763df9a51b617041/execute/sync'
02:10:54.218 [AsyncHttpClient-1-5] DEBUG org.asynchttpclient.netty.handler.HttpHandler - 

Request DefaultHttpRequest(decodeResult: success, version: HTTP/1.1)
POST /session/387fa352d2e5ddb4763df9a51b617041/execute/sync HTTP/1.1
User-Agent: selenium/4.1.3 (java windows)
Content-Length: 48780
Content-Type: application/json; charset=utf-8
host: localhost:52206
accept: */*

Response DefaultHttpResponse(decodeResult: success, version: HTTP/1.1)
HTTP/1.1 200 OK
Content-Type: application/json; charset=utf-8
cache-control: no-cache
content-length: 14

02:10:54.219 [AsyncHttpClient-1-5] DEBUG org.asynchttpclient.netty.channel.ChannelManager - Adding key: http://localhost:52206 for channel [id: 0x0db44d37, L:/127.0.0.1:61505 - R:localhost/127.0.0.1:52206]
02:10:54.221 [Forwarding clearElement on session 387fa352d2e5ddb4763df9a51b617041 to remote] DEBUG org.asynchttpclient.netty.request.NettyRequestSender - Using pooled Channel '[id: 0x0db44d37, L:/127.0.0.1:61505 - R:localhost/127.0.0.1:52206]' for 'POST' to 'http://localhost:52206/session/387fa352d2e5ddb4763df9a51b617041/element/4c0962f5-fbc0-4a5b-a12d-3e47c0a3874d/clear'
02:10:54.221 [Forwarding clearElement on session 387fa352d2e5ddb4763df9a51b617041 to remote] DEBUG org.asynchttpclient.netty.request.NettyRequestSender - Using open Channel [id: 0x0db44d37, L:/127.0.0.1:61505 - R:localhost/127.0.0.1:52206] for POST '/session/387fa352d2e5ddb4763df9a51b617041/element/4c0962f5-fbc0-4a5b-a12d-3e47c0a3874d/clear'
02:10:54.255 [AsyncHttpClient-1-5] DEBUG org.asynchttpclient.netty.handler.HttpHandler - 

Request DefaultHttpRequest(decodeResult: success, version: HTTP/1.1)
POST /session/387fa352d2e5ddb4763df9a51b617041/element/4c0962f5-fbc0-4a5b-a12d-3e47c0a3874d/clear HTTP/1.1
User-Agent: selenium/4.1.3 (java windows)
Content-Length: 50
Content-Type: application/json; charset=utf-8
host: localhost:52206
accept: */*

Response DefaultHttpResponse(decodeResult: success, version: HTTP/1.1)
HTTP/1.1 200 OK
Content-Type: application/json; charset=utf-8
cache-control: no-cache
content-length: 14

02:10:54.255 [AsyncHttpClient-1-5] DEBUG org.asynchttpclient.netty.channel.ChannelManager - Adding key: http://localhost:52206 for channel [id: 0x0db44d37, L:/127.0.0.1:61505 - R:localhost/127.0.0.1:52206]
02:10:54.258 [Forwarding sendKeysToElement on session 387fa352d2e5ddb4763df9a51b617041 to remote] DEBUG org.asynchttpclient.netty.request.NettyRequestSender - Using pooled Channel '[id: 0x0db44d37, L:/127.0.0.1:61505 - R:localhost/127.0.0.1:52206]' for 'POST' to 'http://localhost:52206/session/387fa352d2e5ddb4763df9a51b617041/element/4c0962f5-fbc0-4a5b-a12d-3e47c0a3874d/value'
02:10:54.258 [Forwarding sendKeysToElement on session 387fa352d2e5ddb4763df9a51b617041 to remote] DEBUG org.asynchttpclient.netty.request.NettyRequestSender - Using open Channel [id: 0x0db44d37, L:/127.0.0.1:61505 - R:localhost/127.0.0.1:52206] for POST '/session/387fa352d2e5ddb4763df9a51b617041/element/4c0962f5-fbc0-4a5b-a12d-3e47c0a3874d/value'
02:10:54.313 [AsyncHttpClient-1-5] DEBUG org.asynchttpclient.netty.handler.HttpHandler - 

Request DefaultHttpRequest(decodeResult: success, version: HTTP/1.1)
POST /session/387fa352d2e5ddb4763df9a51b617041/element/4c0962f5-fbc0-4a5b-a12d-3e47c0a3874d/value HTTP/1.1
User-Agent: selenium/4.1.3 (java windows)
Content-Length: 181
Content-Type: application/json; charset=utf-8
host: localhost:52206
accept: */*

Response DefaultHttpResponse(decodeResult: success, version: HTTP/1.1)
HTTP/1.1 200 OK
Content-Type: application/json; charset=utf-8
cache-control: no-cache
content-length: 14

02:10:54.313 [AsyncHttpClient-1-5] DEBUG org.asynchttpclient.netty.channel.ChannelManager - Adding key: http://localhost:52206 for channel [id: 0x0db44d37, L:/127.0.0.1:61505 - R:localhost/127.0.0.1:52206]
02:10:54.321 [Forwarding setTimeout on session 387fa352d2e5ddb4763df9a51b617041 to remote] DEBUG org.asynchttpclient.netty.request.NettyRequestSender - Using pooled Channel '[id: 0x0db44d37, L:/127.0.0.1:61505 - R:localhost/127.0.0.1:52206]' for 'POST' to 'http://localhost:52206/session/387fa352d2e5ddb4763df9a51b617041/timeouts'
02:10:54.321 [Forwarding setTimeout on session 387fa352d2e5ddb4763df9a51b617041 to remote] DEBUG org.asynchttpclient.netty.request.NettyRequestSender - Using open Channel [id: 0x0db44d37, L:/127.0.0.1:61505 - R:localhost/127.0.0.1:52206] for POST '/session/387fa352d2e5ddb4763df9a51b617041/timeouts'
02:10:54.322 [AsyncHttpClient-1-5] DEBUG org.asynchttpclient.netty.handler.HttpHandler - 

Request DefaultHttpRequest(decodeResult: success, version: HTTP/1.1)
POST /session/387fa352d2e5ddb4763df9a51b617041/timeouts HTTP/1.1
User-Agent: selenium/4.1.3 (java windows)
Content-Length: 19
Content-Type: application/json; charset=utf-8
host: localhost:52206
accept: */*

Response DefaultHttpResponse(decodeResult: success, version: HTTP/1.1)
HTTP/1.1 200 OK
Content-Type: application/json; charset=utf-8
cache-control: no-cache
content-length: 14

02:10:54.322 [AsyncHttpClient-1-5] DEBUG org.asynchttpclient.netty.channel.ChannelManager - Adding key: http://localhost:52206 for channel [id: 0x0db44d37, L:/127.0.0.1:61505 - R:localhost/127.0.0.1:52206]
02:10:54.324 [Forwarding findElement on session 387fa352d2e5ddb4763df9a51b617041 to remote] DEBUG org.asynchttpclient.netty.request.NettyRequestSender - Using pooled Channel '[id: 0x0db44d37, L:/127.0.0.1:61505 - R:localhost/127.0.0.1:52206]' for 'POST' to 'http://localhost:52206/session/387fa352d2e5ddb4763df9a51b617041/element'
02:10:54.324 [Forwarding findElement on session 387fa352d2e5ddb4763df9a51b617041 to remote] DEBUG org.asynchttpclient.netty.request.NettyRequestSender - Using open Channel [id: 0x0db44d37, L:/127.0.0.1:61505 - R:localhost/127.0.0.1:52206] for POST '/session/387fa352d2e5ddb4763df9a51b617041/element'
02:10:54.362 [AsyncHttpClient-1-1] DEBUG org.asynchttpclient.netty.channel.DefaultChannelPool - Entry count for : http://localhost:61506 : 1
02:10:54.454 [AsyncHttpClient-1-5] DEBUG org.asynchttpclient.netty.handler.HttpHandler - 

Request DefaultHttpRequest(decodeResult: success, version: HTTP/1.1)
POST /session/387fa352d2e5ddb4763df9a51b617041/element HTTP/1.1
User-Agent: selenium/4.1.3 (java windows)
Content-Length: 66
Content-Type: application/json; charset=utf-8
host: localhost:52206
accept: */*

Response DefaultHttpResponse(decodeResult: success, version: HTTP/1.1)
HTTP/1.1 200 OK
Content-Type: application/json; charset=utf-8
cache-control: no-cache
content-length: 88

02:10:54.454 [AsyncHttpClient-1-5] DEBUG org.asynchttpclient.netty.channel.ChannelManager - Adding key: http://localhost:52206 for channel [id: 0x0db44d37, L:/127.0.0.1:61505 - R:localhost/127.0.0.1:52206]
02:10:54.455 [Forwarding setTimeout on session 387fa352d2e5ddb4763df9a51b617041 to remote] DEBUG org.asynchttpclient.netty.request.NettyRequestSender - Using pooled Channel '[id: 0x0db44d37, L:/127.0.0.1:61505 - R:localhost/127.0.0.1:52206]' for 'POST' to 'http://localhost:52206/session/387fa352d2e5ddb4763df9a51b617041/timeouts'
02:10:54.456 [Forwarding setTimeout on session 387fa352d2e5ddb4763df9a51b617041 to remote] DEBUG org.asynchttpclient.netty.request.NettyRequestSender - Using open Channel [id: 0x0db44d37, L:/127.0.0.1:61505 - R:localhost/127.0.0.1:52206] for POST '/session/387fa352d2e5ddb4763df9a51b617041/timeouts'
02:10:54.456 [AsyncHttpClient-1-5] DEBUG org.asynchttpclient.netty.handler.HttpHandler - 

Request DefaultHttpRequest(decodeResult: success, version: HTTP/1.1)
POST /session/387fa352d2e5ddb4763df9a51b617041/timeouts HTTP/1.1
User-Agent: selenium/4.1.3 (java windows)
Content-Length: 22
Content-Type: application/json; charset=utf-8
host: localhost:52206
accept: */*

Response DefaultHttpResponse(decodeResult: success, version: HTTP/1.1)
HTTP/1.1 200 OK
Content-Type: application/json; charset=utf-8
cache-control: no-cache
content-length: 14

02:10:54.456 [AsyncHttpClient-1-5] DEBUG org.asynchttpclient.netty.channel.ChannelManager - Adding key: http://localhost:52206 for channel [id: 0x0db44d37, L:/127.0.0.1:61505 - R:localhost/127.0.0.1:52206]
02:10:54.459 [Forwarding isElementDisplayed on session 387fa352d2e5ddb4763df9a51b617041 to remote] DEBUG org.asynchttpclient.netty.request.NettyRequestSender - Using pooled Channel '[id: 0x0db44d37, L:/127.0.0.1:61505 - R:localhost/127.0.0.1:52206]' for 'POST' to 'http://localhost:52206/session/387fa352d2e5ddb4763df9a51b617041/execute/sync'
02:10:54.459 [Forwarding isElementDisplayed on session 387fa352d2e5ddb4763df9a51b617041 to remote] DEBUG org.asynchttpclient.netty.request.NettyRequestSender - Using open Channel [id: 0x0db44d37, L:/127.0.0.1:61505 - R:localhost/127.0.0.1:52206] for POST '/session/387fa352d2e5ddb4763df9a51b617041/execute/sync'
02:10:54.471 [AsyncHttpClient-1-5] DEBUG org.asynchttpclient.netty.handler.HttpHandler - 

Request DefaultHttpRequest(decodeResult: success, version: HTTP/1.1)
POST /session/387fa352d2e5ddb4763df9a51b617041/execute/sync HTTP/1.1
User-Agent: selenium/4.1.3 (java windows)
Content-Length: 48780
Content-Type: application/json; charset=utf-8
host: localhost:52206
accept: */*

Response DefaultHttpResponse(decodeResult: success, version: HTTP/1.1)
HTTP/1.1 200 OK
Content-Type: application/json; charset=utf-8
cache-control: no-cache
content-length: 14

02:10:54.471 [AsyncHttpClient-1-5] DEBUG org.asynchttpclient.netty.channel.ChannelManager - Adding key: http://localhost:52206 for channel [id: 0x0db44d37, L:/127.0.0.1:61505 - R:localhost/127.0.0.1:52206]
02:10:54.473 [Forwarding clearElement on session 387fa352d2e5ddb4763df9a51b617041 to remote] DEBUG org.asynchttpclient.netty.request.NettyRequestSender - Using pooled Channel '[id: 0x0db44d37, L:/127.0.0.1:61505 - R:localhost/127.0.0.1:52206]' for 'POST' to 'http://localhost:52206/session/387fa352d2e5ddb4763df9a51b617041/element/ace6ba7f-f863-4fc1-af31-30c1b4070ec5/clear'
02:10:54.473 [Forwarding clearElement on session 387fa352d2e5ddb4763df9a51b617041 to remote] DEBUG org.asynchttpclient.netty.request.NettyRequestSender - Using open Channel [id: 0x0db44d37, L:/127.0.0.1:61505 - R:localhost/127.0.0.1:52206] for POST '/session/387fa352d2e5ddb4763df9a51b617041/element/ace6ba7f-f863-4fc1-af31-30c1b4070ec5/clear'
02:10:54.501 [AsyncHttpClient-1-5] DEBUG org.asynchttpclient.netty.handler.HttpHandler - 

Request DefaultHttpRequest(decodeResult: success, version: HTTP/1.1)
POST /session/387fa352d2e5ddb4763df9a51b617041/element/ace6ba7f-f863-4fc1-af31-30c1b4070ec5/clear HTTP/1.1
User-Agent: selenium/4.1.3 (java windows)
Content-Length: 50
Content-Type: application/json; charset=utf-8
host: localhost:52206
accept: */*

Response DefaultHttpResponse(decodeResult: success, version: HTTP/1.1)
HTTP/1.1 200 OK
Content-Type: application/json; charset=utf-8
cache-control: no-cache
content-length: 14

02:10:54.501 [AsyncHttpClient-1-5] DEBUG org.asynchttpclient.netty.channel.ChannelManager - Adding key: http://localhost:52206 for channel [id: 0x0db44d37, L:/127.0.0.1:61505 - R:localhost/127.0.0.1:52206]
02:10:54.502 [Forwarding sendKeysToElement on session 387fa352d2e5ddb4763df9a51b617041 to remote] DEBUG org.asynchttpclient.netty.request.NettyRequestSender - Using pooled Channel '[id: 0x0db44d37, L:/127.0.0.1:61505 - R:localhost/127.0.0.1:52206]' for 'POST' to 'http://localhost:52206/session/387fa352d2e5ddb4763df9a51b617041/element/ace6ba7f-f863-4fc1-af31-30c1b4070ec5/value'
02:10:54.503 [Forwarding sendKeysToElement on session 387fa352d2e5ddb4763df9a51b617041 to remote] DEBUG org.asynchttpclient.netty.request.NettyRequestSender - Using open Channel [id: 0x0db44d37, L:/127.0.0.1:61505 - R:localhost/127.0.0.1:52206] for POST '/session/387fa352d2e5ddb4763df9a51b617041/element/ace6ba7f-f863-4fc1-af31-30c1b4070ec5/value'
02:10:54.557 [AsyncHttpClient-1-5] DEBUG org.asynchttpclient.netty.handler.HttpHandler - 

Request DefaultHttpRequest(decodeResult: success, version: HTTP/1.1)
POST /session/387fa352d2e5ddb4763df9a51b617041/element/ace6ba7f-f863-4fc1-af31-30c1b4070ec5/value HTTP/1.1
User-Agent: selenium/4.1.3 (java windows)
Content-Length: 131
Content-Type: application/json; charset=utf-8
host: localhost:52206
accept: */*

Response DefaultHttpResponse(decodeResult: success, version: HTTP/1.1)
HTTP/1.1 200 OK
Content-Type: application/json; charset=utf-8
cache-control: no-cache
content-length: 14

02:10:54.557 [AsyncHttpClient-1-5] DEBUG org.asynchttpclient.netty.channel.ChannelManager - Adding key: http://localhost:52206 for channel [id: 0x0db44d37, L:/127.0.0.1:61505 - R:localhost/127.0.0.1:52206]
02:10:54.561 [Forwarding setTimeout on session 387fa352d2e5ddb4763df9a51b617041 to remote] DEBUG org.asynchttpclient.netty.request.NettyRequestSender - Using pooled Channel '[id: 0x0db44d37, L:/127.0.0.1:61505 - R:localhost/127.0.0.1:52206]' for 'POST' to 'http://localhost:52206/session/387fa352d2e5ddb4763df9a51b617041/timeouts'
02:10:54.561 [Forwarding setTimeout on session 387fa352d2e5ddb4763df9a51b617041 to remote] DEBUG org.asynchttpclient.netty.request.NettyRequestSender - Using open Channel [id: 0x0db44d37, L:/127.0.0.1:61505 - R:localhost/127.0.0.1:52206] for POST '/session/387fa352d2e5ddb4763df9a51b617041/timeouts'
02:10:54.562 [AsyncHttpClient-1-5] DEBUG org.asynchttpclient.netty.handler.HttpHandler - 

Request DefaultHttpRequest(decodeResult: success, version: HTTP/1.1)
POST /session/387fa352d2e5ddb4763df9a51b617041/timeouts HTTP/1.1
User-Agent: selenium/4.1.3 (java windows)
Content-Length: 19
Content-Type: application/json; charset=utf-8
host: localhost:52206
accept: */*

Response DefaultHttpResponse(decodeResult: success, version: HTTP/1.1)
HTTP/1.1 200 OK
Content-Type: application/json; charset=utf-8
cache-control: no-cache
content-length: 14

02:10:54.562 [AsyncHttpClient-1-5] DEBUG org.asynchttpclient.netty.channel.ChannelManager - Adding key: http://localhost:52206 for channel [id: 0x0db44d37, L:/127.0.0.1:61505 - R:localhost/127.0.0.1:52206]
02:10:54.566 [Forwarding findElement on session 387fa352d2e5ddb4763df9a51b617041 to remote] DEBUG org.asynchttpclient.netty.request.NettyRequestSender - Using pooled Channel '[id: 0x0db44d37, L:/127.0.0.1:61505 - R:localhost/127.0.0.1:52206]' for 'POST' to 'http://localhost:52206/session/387fa352d2e5ddb4763df9a51b617041/element'
02:10:54.567 [Forwarding findElement on session 387fa352d2e5ddb4763df9a51b617041 to remote] DEBUG org.asynchttpclient.netty.request.NettyRequestSender - Using open Channel [id: 0x0db44d37, L:/127.0.0.1:61505 - R:localhost/127.0.0.1:52206] for POST '/session/387fa352d2e5ddb4763df9a51b617041/element'
02:10:54.643 [AsyncHttpClient-1-5] DEBUG org.asynchttpclient.netty.handler.HttpHandler - 

Request DefaultHttpRequest(decodeResult: success, version: HTTP/1.1)
POST /session/387fa352d2e5ddb4763df9a51b617041/element HTTP/1.1
User-Agent: selenium/4.1.3 (java windows)
Content-Length: 64
Content-Type: application/json; charset=utf-8
host: localhost:52206
accept: */*

Response DefaultHttpResponse(decodeResult: success, version: HTTP/1.1)
HTTP/1.1 200 OK
Content-Type: application/json; charset=utf-8
cache-control: no-cache
content-length: 88

02:10:54.643 [AsyncHttpClient-1-5] DEBUG org.asynchttpclient.netty.channel.ChannelManager - Adding key: http://localhost:52206 for channel [id: 0x0db44d37, L:/127.0.0.1:61505 - R:localhost/127.0.0.1:52206]
02:10:54.644 [Forwarding setTimeout on session 387fa352d2e5ddb4763df9a51b617041 to remote] DEBUG org.asynchttpclient.netty.request.NettyRequestSender - Using pooled Channel '[id: 0x0db44d37, L:/127.0.0.1:61505 - R:localhost/127.0.0.1:52206]' for 'POST' to 'http://localhost:52206/session/387fa352d2e5ddb4763df9a51b617041/timeouts'
02:10:54.644 [Forwarding setTimeout on session 387fa352d2e5ddb4763df9a51b617041 to remote] DEBUG org.asynchttpclient.netty.request.NettyRequestSender - Using open Channel [id: 0x0db44d37, L:/127.0.0.1:61505 - R:localhost/127.0.0.1:52206] for POST '/session/387fa352d2e5ddb4763df9a51b617041/timeouts'
02:10:54.645 [AsyncHttpClient-1-5] DEBUG org.asynchttpclient.netty.handler.HttpHandler - 

Request DefaultHttpRequest(decodeResult: success, version: HTTP/1.1)
POST /session/387fa352d2e5ddb4763df9a51b617041/timeouts HTTP/1.1
User-Agent: selenium/4.1.3 (java windows)
Content-Length: 22
Content-Type: application/json; charset=utf-8
host: localhost:52206
accept: */*

Response DefaultHttpResponse(decodeResult: success, version: HTTP/1.1)
HTTP/1.1 200 OK
Content-Type: application/json; charset=utf-8
cache-control: no-cache
content-length: 14

02:10:54.645 [AsyncHttpClient-1-5] DEBUG org.asynchttpclient.netty.channel.ChannelManager - Adding key: http://localhost:52206 for channel [id: 0x0db44d37, L:/127.0.0.1:61505 - R:localhost/127.0.0.1:52206]
02:10:54.649 [Forwarding isElementDisplayed on session 387fa352d2e5ddb4763df9a51b617041 to remote] DEBUG org.asynchttpclient.netty.request.NettyRequestSender - Using pooled Channel '[id: 0x0db44d37, L:/127.0.0.1:61505 - R:localhost/127.0.0.1:52206]' for 'POST' to 'http://localhost:52206/session/387fa352d2e5ddb4763df9a51b617041/execute/sync'
02:10:54.649 [Forwarding isElementDisplayed on session 387fa352d2e5ddb4763df9a51b617041 to remote] DEBUG org.asynchttpclient.netty.request.NettyRequestSender - Using open Channel [id: 0x0db44d37, L:/127.0.0.1:61505 - R:localhost/127.0.0.1:52206] for POST '/session/387fa352d2e5ddb4763df9a51b617041/execute/sync'
02:10:54.659 [AsyncHttpClient-1-5] DEBUG org.asynchttpclient.netty.handler.HttpHandler - 

Request DefaultHttpRequest(decodeResult: success, version: HTTP/1.1)
POST /session/387fa352d2e5ddb4763df9a51b617041/execute/sync HTTP/1.1
User-Agent: selenium/4.1.3 (java windows)
Content-Length: 48780
Content-Type: application/json; charset=utf-8
host: localhost:52206
accept: */*

Response DefaultHttpResponse(decodeResult: success, version: HTTP/1.1)
HTTP/1.1 200 OK
Content-Type: application/json; charset=utf-8
cache-control: no-cache
content-length: 14

02:10:54.659 [AsyncHttpClient-1-5] DEBUG org.asynchttpclient.netty.channel.ChannelManager - Adding key: http://localhost:52206 for channel [id: 0x0db44d37, L:/127.0.0.1:61505 - R:localhost/127.0.0.1:52206]
02:10:54.661 [Forwarding getElementTagName on session 387fa352d2e5ddb4763df9a51b617041 to remote] DEBUG org.asynchttpclient.netty.request.NettyRequestSender - Using pooled Channel '[id: 0x0db44d37, L:/127.0.0.1:61505 - R:localhost/127.0.0.1:52206]' for 'GET' to 'http://localhost:52206/session/387fa352d2e5ddb4763df9a51b617041/element/d51db33c-d266-423f-ab6b-5b32194ce72e/name'
02:10:54.661 [Forwarding getElementTagName on session 387fa352d2e5ddb4763df9a51b617041 to remote] DEBUG org.asynchttpclient.netty.request.NettyRequestSender - Using open Channel [id: 0x0db44d37, L:/127.0.0.1:61505 - R:localhost/127.0.0.1:52206] for GET '/session/387fa352d2e5ddb4763df9a51b617041/element/d51db33c-d266-423f-ab6b-5b32194ce72e/name'
02:10:54.667 [AsyncHttpClient-1-5] DEBUG org.asynchttpclient.netty.handler.HttpHandler - 

Request DefaultFullHttpRequest(decodeResult: success, version: HTTP/1.1, content: EmptyByteBufBE)
GET /session/387fa352d2e5ddb4763df9a51b617041/element/d51db33c-d266-423f-ab6b-5b32194ce72e/name HTTP/1.1
User-Agent: selenium/4.1.3 (java windows)
Cache-Control: no-cache
Content-Type: application/json; charset=utf-8
host: localhost:52206
accept: */*

Response DefaultHttpResponse(decodeResult: success, version: HTTP/1.1)
HTTP/1.1 200 OK
Content-Type: application/json; charset=utf-8
cache-control: no-cache
content-length: 17

02:10:54.667 [AsyncHttpClient-1-5] DEBUG org.asynchttpclient.netty.channel.ChannelManager - Adding key: http://localhost:52206 for channel [id: 0x0db44d37, L:/127.0.0.1:61505 - R:localhost/127.0.0.1:52206]
02:10:54.668 [Forwarding getElementTagName on session 387fa352d2e5ddb4763df9a51b617041 to remote] DEBUG org.asynchttpclient.netty.request.NettyRequestSender - Using pooled Channel '[id: 0x0db44d37, L:/127.0.0.1:61505 - R:localhost/127.0.0.1:52206]' for 'GET' to 'http://localhost:52206/session/387fa352d2e5ddb4763df9a51b617041/element/d51db33c-d266-423f-ab6b-5b32194ce72e/name'
02:10:54.668 [Forwarding getElementTagName on session 387fa352d2e5ddb4763df9a51b617041 to remote] DEBUG org.asynchttpclient.netty.request.NettyRequestSender - Using open Channel [id: 0x0db44d37, L:/127.0.0.1:61505 - R:localhost/127.0.0.1:52206] for GET '/session/387fa352d2e5ddb4763df9a51b617041/element/d51db33c-d266-423f-ab6b-5b32194ce72e/name'
02:10:54.671 [AsyncHttpClient-1-5] DEBUG org.asynchttpclient.netty.handler.HttpHandler - 

Request DefaultFullHttpRequest(decodeResult: success, version: HTTP/1.1, content: EmptyByteBufBE)
GET /session/387fa352d2e5ddb4763df9a51b617041/element/d51db33c-d266-423f-ab6b-5b32194ce72e/name HTTP/1.1
User-Agent: selenium/4.1.3 (java windows)
Cache-Control: no-cache
Content-Type: application/json; charset=utf-8
host: localhost:52206
accept: */*

Response DefaultHttpResponse(decodeResult: success, version: HTTP/1.1)
HTTP/1.1 200 OK
Content-Type: application/json; charset=utf-8
cache-control: no-cache
content-length: 17

02:10:54.671 [AsyncHttpClient-1-5] DEBUG org.asynchttpclient.netty.channel.ChannelManager - Adding key: http://localhost:52206 for channel [id: 0x0db44d37, L:/127.0.0.1:61505 - R:localhost/127.0.0.1:52206]
02:10:54.673 [Forwarding isElementEnabled on session 387fa352d2e5ddb4763df9a51b617041 to remote] DEBUG org.asynchttpclient.netty.request.NettyRequestSender - Using pooled Channel '[id: 0x0db44d37, L:/127.0.0.1:61505 - R:localhost/127.0.0.1:52206]' for 'GET' to 'http://localhost:52206/session/387fa352d2e5ddb4763df9a51b617041/element/d51db33c-d266-423f-ab6b-5b32194ce72e/enabled'
02:10:54.673 [Forwarding isElementEnabled on session 387fa352d2e5ddb4763df9a51b617041 to remote] DEBUG org.asynchttpclient.netty.request.NettyRequestSender - Using open Channel [id: 0x0db44d37, L:/127.0.0.1:61505 - R:localhost/127.0.0.1:52206] for GET '/session/387fa352d2e5ddb4763df9a51b617041/element/d51db33c-d266-423f-ab6b-5b32194ce72e/enabled'
02:10:54.679 [AsyncHttpClient-1-5] DEBUG org.asynchttpclient.netty.handler.HttpHandler - 

Request DefaultFullHttpRequest(decodeResult: success, version: HTTP/1.1, content: EmptyByteBufBE)
GET /session/387fa352d2e5ddb4763df9a51b617041/element/d51db33c-d266-423f-ab6b-5b32194ce72e/enabled HTTP/1.1
User-Agent: selenium/4.1.3 (java windows)
Cache-Control: no-cache
Content-Type: application/json; charset=utf-8
host: localhost:52206
accept: */*

Response DefaultHttpResponse(decodeResult: success, version: HTTP/1.1)
HTTP/1.1 200 OK
Content-Type: application/json; charset=utf-8
cache-control: no-cache
content-length: 14

02:10:54.680 [AsyncHttpClient-1-5] DEBUG org.asynchttpclient.netty.channel.ChannelManager - Adding key: http://localhost:52206 for channel [id: 0x0db44d37, L:/127.0.0.1:61505 - R:localhost/127.0.0.1:52206]
02:10:54.683 [Forwarding isElementEnabled on session 387fa352d2e5ddb4763df9a51b617041 to remote] DEBUG org.asynchttpclient.netty.request.NettyRequestSender - Using pooled Channel '[id: 0x0db44d37, L:/127.0.0.1:61505 - R:localhost/127.0.0.1:52206]' for 'GET' to 'http://localhost:52206/session/387fa352d2e5ddb4763df9a51b617041/element/d51db33c-d266-423f-ab6b-5b32194ce72e/enabled'
02:10:54.683 [Forwarding isElementEnabled on session 387fa352d2e5ddb4763df9a51b617041 to remote] DEBUG org.asynchttpclient.netty.request.NettyRequestSender - Using open Channel [id: 0x0db44d37, L:/127.0.0.1:61505 - R:localhost/127.0.0.1:52206] for GET '/session/387fa352d2e5ddb4763df9a51b617041/element/d51db33c-d266-423f-ab6b-5b32194ce72e/enabled'
02:10:54.688 [AsyncHttpClient-1-5] DEBUG org.asynchttpclient.netty.handler.HttpHandler - 

Request DefaultFullHttpRequest(decodeResult: success, version: HTTP/1.1, content: EmptyByteBufBE)
GET /session/387fa352d2e5ddb4763df9a51b617041/element/d51db33c-d266-423f-ab6b-5b32194ce72e/enabled HTTP/1.1
User-Agent: selenium/4.1.3 (java windows)
Cache-Control: no-cache
Content-Type: application/json; charset=utf-8
host: localhost:52206
accept: */*

Response DefaultHttpResponse(decodeResult: success, version: HTTP/1.1)
HTTP/1.1 200 OK
Content-Type: application/json; charset=utf-8
cache-control: no-cache
content-length: 14

02:10:54.688 [AsyncHttpClient-1-5] DEBUG org.asynchttpclient.netty.channel.ChannelManager - Adding key: http://localhost:52206 for channel [id: 0x0db44d37, L:/127.0.0.1:61505 - R:localhost/127.0.0.1:52206]
02:10:54.691 [Forwarding clickElement on session 387fa352d2e5ddb4763df9a51b617041 to remote] DEBUG org.asynchttpclient.netty.request.NettyRequestSender - Using pooled Channel '[id: 0x0db44d37, L:/127.0.0.1:61505 - R:localhost/127.0.0.1:52206]' for 'POST' to 'http://localhost:52206/session/387fa352d2e5ddb4763df9a51b617041/element/d51db33c-d266-423f-ab6b-5b32194ce72e/click'
02:10:54.691 [Forwarding clickElement on session 387fa352d2e5ddb4763df9a51b617041 to remote] DEBUG org.asynchttpclient.netty.request.NettyRequestSender - Using open Channel [id: 0x0db44d37, L:/127.0.0.1:61505 - R:localhost/127.0.0.1:52206] for POST '/session/387fa352d2e5ddb4763df9a51b617041/element/d51db33c-d266-423f-ab6b-5b32194ce72e/click'
02:10:55.076 [AsyncHttpClient-1-5] DEBUG org.asynchttpclient.netty.handler.HttpHandler - 

Request DefaultHttpRequest(decodeResult: success, version: HTTP/1.1)
POST /session/387fa352d2e5ddb4763df9a51b617041/element/d51db33c-d266-423f-ab6b-5b32194ce72e/click HTTP/1.1
User-Agent: selenium/4.1.3 (java windows)
Content-Length: 50
Content-Type: application/json; charset=utf-8
host: localhost:52206
accept: */*

Response DefaultHttpResponse(decodeResult: success, version: HTTP/1.1)
HTTP/1.1 200 OK
Content-Type: application/json; charset=utf-8
cache-control: no-cache
content-length: 14

02:10:55.076 [AsyncHttpClient-1-5] DEBUG org.asynchttpclient.netty.channel.ChannelManager - Adding key: http://localhost:52206 for channel [id: 0x0db44d37, L:/127.0.0.1:61505 - R:localhost/127.0.0.1:52206]
02:10:55.079 [main] DEBUG net.thucydides.core.steps.StepInterceptor - STEP DONE: login
  &amp#27;[32mGiven &amp#27;[0m&amp#27;[32mthe user enters the username &amp#27;[0m&amp#27;[32m&amp#27;[1mmngr398793&amp#27;[0m&amp#27;[32m and password &amp#27;[0m&amp#27;[32m&amp#27;[1mmngr3&amp#27;[0m &amp#27;[90m# cucumber.LoginStepDefs.the_user_enters_the_username_and_password(java.lang.String,java.lang.String)&amp#27;[0m
02:10:55.087 [main] DEBUG net.thucydides.core.steps.StepInterceptor - STARTING STEP: LoginStepDefs.the_error_message_user_is_not_valid_is_displayed - checkInvalid
02:10:55.089 [Forwarding getAlertText on session 387fa352d2e5ddb4763df9a51b617041 to remote] DEBUG org.asynchttpclient.netty.request.NettyRequestSender - Using pooled Channel '[id: 0x0db44d37, L:/127.0.0.1:61505 - R:localhost/127.0.0.1:52206]' for 'GET' to 'http://localhost:52206/session/387fa352d2e5ddb4763df9a51b617041/alert/text'
02:10:55.089 [Forwarding getAlertText on session 387fa352d2e5ddb4763df9a51b617041 to remote] DEBUG org.asynchttpclient.netty.request.NettyRequestSender - Using open Channel [id: 0x0db44d37, L:/127.0.0.1:61505 - R:localhost/127.0.0.1:52206] for GET '/session/387fa352d2e5ddb4763df9a51b617041/alert/text'
02:10:55.090 [AsyncHttpClient-1-5] DEBUG org.asynchttpclient.netty.handler.HttpHandler - 

Request DefaultFullHttpRequest(decodeResult: success, version: HTTP/1.1, content: EmptyByteBufBE)
GET /session/387fa352d2e5ddb4763df9a51b617041/alert/text HTTP/1.1
User-Agent: selenium/4.1.3 (java windows)
Cache-Control: no-cache
Content-Type: application/json; charset=utf-8
host: localhost:52206
accept: */*

Response DefaultHttpResponse(decodeResult: success, version: HTTP/1.1)
HTTP/1.1 200 OK
Content-Type: application/json; charset=utf-8
cache-control: no-cache
content-length: 29

02:10:55.090 [AsyncHttpClient-1-5] DEBUG org.asynchttpclient.netty.channel.ChannelManager - Adding key: http://localhost:52206 for channel [id: 0x0db44d37, L:/127.0.0.1:61505 - R:localhost/127.0.0.1:52206]
02:10:55.093 [Forwarding getAlertText on session 387fa352d2e5ddb4763df9a51b617041 to remote] DEBUG org.asynchttpclient.netty.request.NettyRequestSender - Using pooled Channel '[id: 0x0db44d37, L:/127.0.0.1:61505 - R:localhost/127.0.0.1:52206]' for 'GET' to 'http://localhost:52206/session/387fa352d2e5ddb4763df9a51b617041/alert/text'
02:10:55.093 [Forwarding getAlertText on session 387fa352d2e5ddb4763df9a51b617041 to remote] DEBUG org.asynchttpclient.netty.request.NettyRequestSender - Using open Channel [id: 0x0db44d37, L:/127.0.0.1:61505 - R:localhost/127.0.0.1:52206] for GET '/session/387fa352d2e5ddb4763df9a51b617041/alert/text'
02:10:55.094 [AsyncHttpClient-1-5] DEBUG org.asynchttpclient.netty.handler.HttpHandler - 

Request DefaultFullHttpRequest(decodeResult: success, version: HTTP/1.1, content: EmptyByteBufBE)
GET /session/387fa352d2e5ddb4763df9a51b617041/alert/text HTTP/1.1
User-Agent: selenium/4.1.3 (java windows)
Cache-Control: no-cache
Content-Type: application/json; charset=utf-8
host: localhost:52206
accept: */*

Response DefaultHttpResponse(decodeResult: success, version: HTTP/1.1)
HTTP/1.1 200 OK
Content-Type: application/json; charset=utf-8
cache-control: no-cache
content-length: 29

02:10:55.094 [AsyncHttpClient-1-5] DEBUG org.asynchttpclient.netty.channel.ChannelManager - Adding key: http://localhost:52206 for channel [id: 0x0db44d37, L:/127.0.0.1:61505 - R:localhost/127.0.0.1:52206]
02:10:55.095 [Forwarding acceptAlert on session 387fa352d2e5ddb4763df9a51b617041 to remote] DEBUG org.asynchttpclient.netty.request.NettyRequestSender - Using pooled Channel '[id: 0x0db44d37, L:/127.0.0.1:61505 - R:localhost/127.0.0.1:52206]' for 'POST' to 'http://localhost:52206/session/387fa352d2e5ddb4763df9a51b617041/alert/accept'
02:10:55.095 [Forwarding acceptAlert on session 387fa352d2e5ddb4763df9a51b617041 to remote] DEBUG org.asynchttpclient.netty.request.NettyRequestSender - Using open Channel [id: 0x0db44d37, L:/127.0.0.1:61505 - R:localhost/127.0.0.1:52206] for POST '/session/387fa352d2e5ddb4763df9a51b617041/alert/accept'
02:10:55.099 [AsyncHttpClient-1-5] DEBUG org.asynchttpclient.netty.handler.HttpHandler - 

Request DefaultHttpRequest(decodeResult: success, version: HTTP/1.1)
POST /session/387fa352d2e5ddb4763df9a51b617041/alert/accept HTTP/1.1
User-Agent: selenium/4.1.3 (java windows)
Content-Length: 3
Content-Type: application/json; charset=utf-8
host: localhost:52206
accept: */*

Response DefaultHttpResponse(decodeResult: success, version: HTTP/1.1)
HTTP/1.1 200 OK
Content-Type: application/json; charset=utf-8
cache-control: no-cache
content-length: 14

02:10:55.099 [AsyncHttpClient-1-5] DEBUG org.asynchttpclient.netty.channel.ChannelManager - Adding key: http://localhost:52206 for channel [id: 0x0db44d37, L:/127.0.0.1:61505 - R:localhost/127.0.0.1:52206]
02:10:55.102 [main] DEBUG net.thucydides.core.steps.StepInterceptor - STEP DONE: checkInvalid
  &amp#27;[32mThen &amp#27;[0m&amp#27;[32mthe error message &amp#27;[0m&amp#27;[32m&amp#27;[1m'User is not valid'&amp#27;[0m&amp#27;[32m is displayed&amp#27;[0m          &amp#27;[90m# cucumber.LoginStepDefs.the_error_message_user_is_not_valid_is_displayed(java.lang.String)&amp#27;[0m
02:10:55.107 [main] INFO  - &amp#27;[92m
  _____   ___   ___   _____     ___     _     ___   ___   ___   ___  
 |_   _| | __| / __| |_   _|   | _ \   /_\   / __| / __| | __| |   \ 
   | |   | _|  \__ \   | |     |  _/  / _ \  \__ \ \__ \ | _|  | |) |
   |_|   |___| |___/   |_|     |_|   /_/ \_\ |___/ |___/ |___| |___/ 

user login unsuccessful
----------------------------------------------------------------------&amp#27;[0m
]]></system-out>
    <system-err><![CDATA[Starting ChromeDriver 100.0.4896.60 (6a5d10861ce8de5fce22564658033b43cb7de047-refs/branch-heads/4896@{#875}) on port 52206
Only local connections are allowed.
Please see https://chromedriver.chromium.org/security-considerations for suggestions on keeping ChromeDriver safe.
ChromeDriver was started successfully.
Apr 21, 2022 2:10:49 AM org.openqa.selenium.remote.ProtocolHandshake createSession
INFO: Detected dialect: W3C
Apr 21, 2022 2:10:49 AM org.openqa.selenium.devtools.CdpVersionFinder findNearestMatch
WARNING: Unable to find an exact match for CDP version 100, so returning the closest version found: 99
Apr 21, 2022 2:10:49 AM org.openqa.selenium.devtools.CdpVersionFinder findNearestMatch
INFO: Found CDP implementation for version 100 of 99
]]></system-err>
  </testcase>
  <testcase name="user login unsuccessful #2" classname="user login to the page unsuccessful" time="3.447">
    <system-out><![CDATA[
@unit
Scenario Outline: user login unsuccessful                          &amp#27;[90m# src/test/resources/features.login/login_unsuccess.feature:10&amp#27;[0m
02:10:55.112 [main] INFO io.cucumber.core.plugin.SerenityReporter - Running feature from file:///D:/Pratice/serenity_homework/src/test/resources/features.login/login_unsuccess.feature
02:10:55.112 [main] WARN io.cucumber.core.plugin.SerenityReporter - Feature from file:///D:/Pratice/serenity_homework/src/test/resources/features.login/login_unsuccess.feature is not under the 'features' directory. Requirements report will not be correctly generated!
02:10:55.145 [main] DEBUG io.github.bonigarcia.wdm.cache.ResolutionCache - Resolution chrome=100 in cache (valid until 02:23:33 21/04/2022 ICT)
02:10:55.145 [main] DEBUG io.github.bonigarcia.wdm.cache.ResolutionCache - Resolution chrome100=100.0.4896.60 in cache (valid until 15:25:50 21/04/2022 ICT)
02:10:55.145 [main] INFO io.github.bonigarcia.wdm.WebDriverManager - Using chromedriver 100.0.4896.60 (resolved driver for Chrome 100)
02:10:55.155 [main] DEBUG io.github.bonigarcia.wdm.WebDriverManager - Driver chromedriver 100.0.4896.60 found in cache
02:10:55.156 [main] INFO io.github.bonigarcia.wdm.WebDriverManager - Exporting webdriver.chrome.driver as C:\Users\dung.nguyenanh\.cache\selenium\chromedriver\win32\100.0.4896.60\chromedriver.exe
02:10:55.157 [Forwarding get on session 387fa352d2e5ddb4763df9a51b617041 to remote] DEBUG org.asynchttpclient.netty.request.NettyRequestSender - Using pooled Channel '[id: 0x0db44d37, L:/127.0.0.1:61505 - R:localhost/127.0.0.1:52206]' for 'POST' to 'http://localhost:52206/session/387fa352d2e5ddb4763df9a51b617041/url'
02:10:55.157 [Forwarding get on session 387fa352d2e5ddb4763df9a51b617041 to remote] DEBUG org.asynchttpclient.netty.request.NettyRequestSender - Using open Channel [id: 0x0db44d37, L:/127.0.0.1:61505 - R:localhost/127.0.0.1:52206] for POST '/session/387fa352d2e5ddb4763df9a51b617041/url'
02:10:55.457 [AsyncHttpClient-1-1] DEBUG org.asynchttpclient.netty.channel.DefaultChannelPool - Entry count for : http://localhost:61506 : 1
02:10:56.562 [AsyncHttpClient-1-1] DEBUG org.asynchttpclient.netty.channel.DefaultChannelPool - Entry count for : http://localhost:61506 : 1
02:10:56.956 [AsyncHttpClient-1-5] DEBUG org.asynchttpclient.netty.handler.HttpHandler - 

Request DefaultHttpRequest(decodeResult: success, version: HTTP/1.1)
POST /session/387fa352d2e5ddb4763df9a51b617041/url HTTP/1.1
User-Agent: selenium/4.1.3 (java windows)
Content-Length: 94
Content-Type: application/json; charset=utf-8
host: localhost:52206
accept: */*

Response DefaultHttpResponse(decodeResult: success, version: HTTP/1.1)
HTTP/1.1 200 OK
Content-Type: application/json; charset=utf-8
cache-control: no-cache
content-length: 14

02:10:56.956 [AsyncHttpClient-1-5] DEBUG org.asynchttpclient.netty.channel.ChannelManager - Adding key: http://localhost:52206 for channel [id: 0x0db44d37, L:/127.0.0.1:61505 - R:localhost/127.0.0.1:52206]
02:10:56.959 [Forwarding getCurrentUrl on session 387fa352d2e5ddb4763df9a51b617041 to remote] DEBUG org.asynchttpclient.netty.request.NettyRequestSender - Using pooled Channel '[id: 0x0db44d37, L:/127.0.0.1:61505 - R:localhost/127.0.0.1:52206]' for 'GET' to 'http://localhost:52206/session/387fa352d2e5ddb4763df9a51b617041/url'
02:10:56.959 [Forwarding getCurrentUrl on session 387fa352d2e5ddb4763df9a51b617041 to remote] DEBUG org.asynchttpclient.netty.request.NettyRequestSender - Using open Channel [id: 0x0db44d37, L:/127.0.0.1:61505 - R:localhost/127.0.0.1:52206] for GET '/session/387fa352d2e5ddb4763df9a51b617041/url'
02:10:56.968 [AsyncHttpClient-1-5] DEBUG org.asynchttpclient.netty.handler.HttpHandler - 

Request DefaultFullHttpRequest(decodeResult: success, version: HTTP/1.1, content: EmptyByteBufBE)
GET /session/387fa352d2e5ddb4763df9a51b617041/url HTTP/1.1
User-Agent: selenium/4.1.3 (java windows)
Cache-Control: no-cache
Content-Type: application/json; charset=utf-8
host: localhost:52206
accept: */*

Response DefaultHttpResponse(decodeResult: success, version: HTTP/1.1)
HTTP/1.1 200 OK
Content-Type: application/json; charset=utf-8
cache-control: no-cache
content-length: 61

02:10:56.968 [AsyncHttpClient-1-5] DEBUG org.asynchttpclient.netty.channel.ChannelManager - Adding key: http://localhost:52206 for channel [id: 0x0db44d37, L:/127.0.0.1:61505 - R:localhost/127.0.0.1:52206]
02:10:56.972 [Forwarding getCurrentUrl on session 387fa352d2e5ddb4763df9a51b617041 to remote] DEBUG org.asynchttpclient.netty.request.NettyRequestSender - Using pooled Channel '[id: 0x0db44d37, L:/127.0.0.1:61505 - R:localhost/127.0.0.1:52206]' for 'GET' to 'http://localhost:52206/session/387fa352d2e5ddb4763df9a51b617041/url'
02:10:56.972 [Forwarding getCurrentUrl on session 387fa352d2e5ddb4763df9a51b617041 to remote] DEBUG org.asynchttpclient.netty.request.NettyRequestSender - Using open Channel [id: 0x0db44d37, L:/127.0.0.1:61505 - R:localhost/127.0.0.1:52206] for GET '/session/387fa352d2e5ddb4763df9a51b617041/url'
02:10:56.979 [AsyncHttpClient-1-5] DEBUG org.asynchttpclient.netty.handler.HttpHandler - 

Request DefaultFullHttpRequest(decodeResult: success, version: HTTP/1.1, content: EmptyByteBufBE)
GET /session/387fa352d2e5ddb4763df9a51b617041/url HTTP/1.1
User-Agent: selenium/4.1.3 (java windows)
Cache-Control: no-cache
Content-Type: application/json; charset=utf-8
host: localhost:52206
accept: */*

Response DefaultHttpResponse(decodeResult: success, version: HTTP/1.1)
HTTP/1.1 200 OK
Content-Type: application/json; charset=utf-8
cache-control: no-cache
content-length: 61

02:10:56.979 [AsyncHttpClient-1-5] DEBUG org.asynchttpclient.netty.channel.ChannelManager - Adding key: http://localhost:52206 for channel [id: 0x0db44d37, L:/127.0.0.1:61505 - R:localhost/127.0.0.1:52206]
02:10:56.983 [Forwarding maximizeCurrentWindow on session 387fa352d2e5ddb4763df9a51b617041 to remote] DEBUG org.asynchttpclient.netty.request.NettyRequestSender - Using pooled Channel '[id: 0x0db44d37, L:/127.0.0.1:61505 - R:localhost/127.0.0.1:52206]' for 'POST' to 'http://localhost:52206/session/387fa352d2e5ddb4763df9a51b617041/window/maximize'
02:10:56.983 [Forwarding maximizeCurrentWindow on session 387fa352d2e5ddb4763df9a51b617041 to remote] DEBUG org.asynchttpclient.netty.request.NettyRequestSender - Using open Channel [id: 0x0db44d37, L:/127.0.0.1:61505 - R:localhost/127.0.0.1:52206] for POST '/session/387fa352d2e5ddb4763df9a51b617041/window/maximize'
02:10:56.990 [AsyncHttpClient-1-5] DEBUG org.asynchttpclient.netty.handler.HttpHandler - 

Request DefaultHttpRequest(decodeResult: success, version: HTTP/1.1)
POST /session/387fa352d2e5ddb4763df9a51b617041/window/maximize HTTP/1.1
User-Agent: selenium/4.1.3 (java windows)
Content-Length: 3
Content-Type: application/json; charset=utf-8
host: localhost:52206
accept: */*

Response DefaultHttpResponse(decodeResult: success, version: HTTP/1.1)
HTTP/1.1 200 OK
Content-Type: application/json; charset=utf-8
cache-control: no-cache
content-length: 51

02:10:56.991 [AsyncHttpClient-1-5] DEBUG org.asynchttpclient.netty.channel.ChannelManager - Adding key: http://localhost:52206 for channel [id: 0x0db44d37, L:/127.0.0.1:61505 - R:localhost/127.0.0.1:52206]
02:10:57.010 [main] DEBUG net.thucydides.core.steps.StepInterceptor - STARTING STEP: LoginStepDefs.the_user_enters_the_username_and_password - login
02:10:57.016 [Forwarding setTimeout on session 387fa352d2e5ddb4763df9a51b617041 to remote] DEBUG org.asynchttpclient.netty.request.NettyRequestSender - Using pooled Channel '[id: 0x0db44d37, L:/127.0.0.1:61505 - R:localhost/127.0.0.1:52206]' for 'POST' to 'http://localhost:52206/session/387fa352d2e5ddb4763df9a51b617041/timeouts'
02:10:57.016 [Forwarding setTimeout on session 387fa352d2e5ddb4763df9a51b617041 to remote] DEBUG org.asynchttpclient.netty.request.NettyRequestSender - Using open Channel [id: 0x0db44d37, L:/127.0.0.1:61505 - R:localhost/127.0.0.1:52206] for POST '/session/387fa352d2e5ddb4763df9a51b617041/timeouts'
02:10:57.018 [AsyncHttpClient-1-5] DEBUG org.asynchttpclient.netty.handler.HttpHandler - 

Request DefaultHttpRequest(decodeResult: success, version: HTTP/1.1)
POST /session/387fa352d2e5ddb4763df9a51b617041/timeouts HTTP/1.1
User-Agent: selenium/4.1.3 (java windows)
Content-Length: 19
Content-Type: application/json; charset=utf-8
host: localhost:52206
accept: */*

Response DefaultHttpResponse(decodeResult: success, version: HTTP/1.1)
HTTP/1.1 200 OK
Content-Type: application/json; charset=utf-8
cache-control: no-cache
content-length: 14

02:10:57.018 [AsyncHttpClient-1-5] DEBUG org.asynchttpclient.netty.channel.ChannelManager - Adding key: http://localhost:52206 for channel [id: 0x0db44d37, L:/127.0.0.1:61505 - R:localhost/127.0.0.1:52206]
02:10:57.021 [Forwarding findElement on session 387fa352d2e5ddb4763df9a51b617041 to remote] DEBUG org.asynchttpclient.netty.request.NettyRequestSender - Using pooled Channel '[id: 0x0db44d37, L:/127.0.0.1:61505 - R:localhost/127.0.0.1:52206]' for 'POST' to 'http://localhost:52206/session/387fa352d2e5ddb4763df9a51b617041/element'
02:10:57.021 [Forwarding findElement on session 387fa352d2e5ddb4763df9a51b617041 to remote] DEBUG org.asynchttpclient.netty.request.NettyRequestSender - Using open Channel [id: 0x0db44d37, L:/127.0.0.1:61505 - R:localhost/127.0.0.1:52206] for POST '/session/387fa352d2e5ddb4763df9a51b617041/element'
02:10:57.035 [AsyncHttpClient-1-5] DEBUG org.asynchttpclient.netty.handler.HttpHandler - 

Request DefaultHttpRequest(decodeResult: success, version: HTTP/1.1)
POST /session/387fa352d2e5ddb4763df9a51b617041/element HTTP/1.1
User-Agent: selenium/4.1.3 (java windows)
Content-Length: 61
Content-Type: application/json; charset=utf-8
host: localhost:52206
accept: */*

Response DefaultHttpResponse(decodeResult: success, version: HTTP/1.1)
HTTP/1.1 200 OK
Content-Type: application/json; charset=utf-8
cache-control: no-cache
content-length: 88

02:10:57.036 [AsyncHttpClient-1-5] DEBUG org.asynchttpclient.netty.channel.ChannelManager - Adding key: http://localhost:52206 for channel [id: 0x0db44d37, L:/127.0.0.1:61505 - R:localhost/127.0.0.1:52206]
02:10:57.038 [Forwarding setTimeout on session 387fa352d2e5ddb4763df9a51b617041 to remote] DEBUG org.asynchttpclient.netty.request.NettyRequestSender - Using pooled Channel '[id: 0x0db44d37, L:/127.0.0.1:61505 - R:localhost/127.0.0.1:52206]' for 'POST' to 'http://localhost:52206/session/387fa352d2e5ddb4763df9a51b617041/timeouts'
02:10:57.038 [Forwarding setTimeout on session 387fa352d2e5ddb4763df9a51b617041 to remote] DEBUG org.asynchttpclient.netty.request.NettyRequestSender - Using open Channel [id: 0x0db44d37, L:/127.0.0.1:61505 - R:localhost/127.0.0.1:52206] for POST '/session/387fa352d2e5ddb4763df9a51b617041/timeouts'
02:10:57.040 [AsyncHttpClient-1-5] DEBUG org.asynchttpclient.netty.handler.HttpHandler - 

Request DefaultHttpRequest(decodeResult: success, version: HTTP/1.1)
POST /session/387fa352d2e5ddb4763df9a51b617041/timeouts HTTP/1.1
User-Agent: selenium/4.1.3 (java windows)
Content-Length: 22
Content-Type: application/json; charset=utf-8
host: localhost:52206
accept: */*

Response DefaultHttpResponse(decodeResult: success, version: HTTP/1.1)
HTTP/1.1 200 OK
Content-Type: application/json; charset=utf-8
cache-control: no-cache
content-length: 14

02:10:57.040 [AsyncHttpClient-1-5] DEBUG org.asynchttpclient.netty.channel.ChannelManager - Adding key: http://localhost:52206 for channel [id: 0x0db44d37, L:/127.0.0.1:61505 - R:localhost/127.0.0.1:52206]
02:10:57.049 [Forwarding isElementDisplayed on session 387fa352d2e5ddb4763df9a51b617041 to remote] DEBUG org.asynchttpclient.netty.request.NettyRequestSender - Using pooled Channel '[id: 0x0db44d37, L:/127.0.0.1:61505 - R:localhost/127.0.0.1:52206]' for 'POST' to 'http://localhost:52206/session/387fa352d2e5ddb4763df9a51b617041/execute/sync'
02:10:57.050 [Forwarding isElementDisplayed on session 387fa352d2e5ddb4763df9a51b617041 to remote] DEBUG org.asynchttpclient.netty.request.NettyRequestSender - Using open Channel [id: 0x0db44d37, L:/127.0.0.1:61505 - R:localhost/127.0.0.1:52206] for POST '/session/387fa352d2e5ddb4763df9a51b617041/execute/sync'
02:10:57.470 [AsyncHttpClient-1-5] DEBUG org.asynchttpclient.netty.handler.HttpHandler - 

Request DefaultHttpRequest(decodeResult: success, version: HTTP/1.1)
POST /session/387fa352d2e5ddb4763df9a51b617041/execute/sync HTTP/1.1
User-Agent: selenium/4.1.3 (java windows)
Content-Length: 48780
Content-Type: application/json; charset=utf-8
host: localhost:52206
accept: */*

Response DefaultHttpResponse(decodeResult: success, version: HTTP/1.1)
HTTP/1.1 200 OK
Content-Type: application/json; charset=utf-8
cache-control: no-cache
content-length: 14

02:10:57.471 [AsyncHttpClient-1-5] DEBUG org.asynchttpclient.netty.channel.ChannelManager - Adding key: http://localhost:52206 for channel [id: 0x0db44d37, L:/127.0.0.1:61505 - R:localhost/127.0.0.1:52206]
02:10:57.475 [Forwarding clearElement on session 387fa352d2e5ddb4763df9a51b617041 to remote] DEBUG org.asynchttpclient.netty.request.NettyRequestSender - Using pooled Channel '[id: 0x0db44d37, L:/127.0.0.1:61505 - R:localhost/127.0.0.1:52206]' for 'POST' to 'http://localhost:52206/session/387fa352d2e5ddb4763df9a51b617041/element/df834aa7-6303-4947-847c-d17e7650b39f/clear'
02:10:57.476 [Forwarding clearElement on session 387fa352d2e5ddb4763df9a51b617041 to remote] DEBUG org.asynchttpclient.netty.request.NettyRequestSender - Using open Channel [id: 0x0db44d37, L:/127.0.0.1:61505 - R:localhost/127.0.0.1:52206] for POST '/session/387fa352d2e5ddb4763df9a51b617041/element/df834aa7-6303-4947-847c-d17e7650b39f/clear'
02:10:57.513 [AsyncHttpClient-1-5] DEBUG org.asynchttpclient.netty.handler.HttpHandler - 

Request DefaultHttpRequest(decodeResult: success, version: HTTP/1.1)
POST /session/387fa352d2e5ddb4763df9a51b617041/element/df834aa7-6303-4947-847c-d17e7650b39f/clear HTTP/1.1
User-Agent: selenium/4.1.3 (java windows)
Content-Length: 50
Content-Type: application/json; charset=utf-8
host: localhost:52206
accept: */*

Response DefaultHttpResponse(decodeResult: success, version: HTTP/1.1)
HTTP/1.1 200 OK
Content-Type: application/json; charset=utf-8
cache-control: no-cache
content-length: 14

02:10:57.514 [AsyncHttpClient-1-5] DEBUG org.asynchttpclient.netty.channel.ChannelManager - Adding key: http://localhost:52206 for channel [id: 0x0db44d37, L:/127.0.0.1:61505 - R:localhost/127.0.0.1:52206]
02:10:57.519 [Forwarding sendKeysToElement on session 387fa352d2e5ddb4763df9a51b617041 to remote] DEBUG org.asynchttpclient.netty.request.NettyRequestSender - Using pooled Channel '[id: 0x0db44d37, L:/127.0.0.1:61505 - R:localhost/127.0.0.1:52206]' for 'POST' to 'http://localhost:52206/session/387fa352d2e5ddb4763df9a51b617041/element/df834aa7-6303-4947-847c-d17e7650b39f/value'
02:10:57.519 [Forwarding sendKeysToElement on session 387fa352d2e5ddb4763df9a51b617041 to remote] DEBUG org.asynchttpclient.netty.request.NettyRequestSender - Using open Channel [id: 0x0db44d37, L:/127.0.0.1:61505 - R:localhost/127.0.0.1:52206] for POST '/session/387fa352d2e5ddb4763df9a51b617041/element/df834aa7-6303-4947-847c-d17e7650b39f/value'
02:10:57.611 [AsyncHttpClient-1-5] DEBUG org.asynchttpclient.netty.handler.HttpHandler - 

Request DefaultHttpRequest(decodeResult: success, version: HTTP/1.1)
POST /session/387fa352d2e5ddb4763df9a51b617041/element/df834aa7-6303-4947-847c-d17e7650b39f/value HTTP/1.1
User-Agent: selenium/4.1.3 (java windows)
Content-Length: 131
Content-Type: application/json; charset=utf-8
host: localhost:52206
accept: */*

Response DefaultHttpResponse(decodeResult: success, version: HTTP/1.1)
HTTP/1.1 200 OK
Content-Type: application/json; charset=utf-8
cache-control: no-cache
content-length: 14

02:10:57.613 [AsyncHttpClient-1-5] DEBUG org.asynchttpclient.netty.channel.ChannelManager - Adding key: http://localhost:52206 for channel [id: 0x0db44d37, L:/127.0.0.1:61505 - R:localhost/127.0.0.1:52206]
02:10:57.624 [Forwarding setTimeout on session 387fa352d2e5ddb4763df9a51b617041 to remote] DEBUG org.asynchttpclient.netty.request.NettyRequestSender - Using pooled Channel '[id: 0x0db44d37, L:/127.0.0.1:61505 - R:localhost/127.0.0.1:52206]' for 'POST' to 'http://localhost:52206/session/387fa352d2e5ddb4763df9a51b617041/timeouts'
02:10:57.624 [Forwarding setTimeout on session 387fa352d2e5ddb4763df9a51b617041 to remote] DEBUG org.asynchttpclient.netty.request.NettyRequestSender - Using open Channel [id: 0x0db44d37, L:/127.0.0.1:61505 - R:localhost/127.0.0.1:52206] for POST '/session/387fa352d2e5ddb4763df9a51b617041/timeouts'
02:10:57.626 [AsyncHttpClient-1-5] DEBUG org.asynchttpclient.netty.handler.HttpHandler - 

Request DefaultHttpRequest(decodeResult: success, version: HTTP/1.1)
POST /session/387fa352d2e5ddb4763df9a51b617041/timeouts HTTP/1.1
User-Agent: selenium/4.1.3 (java windows)
Content-Length: 19
Content-Type: application/json; charset=utf-8
host: localhost:52206
accept: */*

Response DefaultHttpResponse(decodeResult: success, version: HTTP/1.1)
HTTP/1.1 200 OK
Content-Type: application/json; charset=utf-8
cache-control: no-cache
content-length: 14

02:10:57.626 [AsyncHttpClient-1-5] DEBUG org.asynchttpclient.netty.channel.ChannelManager - Adding key: http://localhost:52206 for channel [id: 0x0db44d37, L:/127.0.0.1:61505 - R:localhost/127.0.0.1:52206]
02:10:57.629 [Forwarding findElement on session 387fa352d2e5ddb4763df9a51b617041 to remote] DEBUG org.asynchttpclient.netty.request.NettyRequestSender - Using pooled Channel '[id: 0x0db44d37, L:/127.0.0.1:61505 - R:localhost/127.0.0.1:52206]' for 'POST' to 'http://localhost:52206/session/387fa352d2e5ddb4763df9a51b617041/element'
02:10:57.630 [Forwarding findElement on session 387fa352d2e5ddb4763df9a51b617041 to remote] DEBUG org.asynchttpclient.netty.request.NettyRequestSender - Using open Channel [id: 0x0db44d37, L:/127.0.0.1:61505 - R:localhost/127.0.0.1:52206] for POST '/session/387fa352d2e5ddb4763df9a51b617041/element'
02:10:57.642 [AsyncHttpClient-1-5] DEBUG org.asynchttpclient.netty.handler.HttpHandler - 

Request DefaultHttpRequest(decodeResult: success, version: HTTP/1.1)
POST /session/387fa352d2e5ddb4763df9a51b617041/element HTTP/1.1
User-Agent: selenium/4.1.3 (java windows)
Content-Length: 66
Content-Type: application/json; charset=utf-8
host: localhost:52206
accept: */*

Response DefaultHttpResponse(decodeResult: success, version: HTTP/1.1)
HTTP/1.1 200 OK
Content-Type: application/json; charset=utf-8
cache-control: no-cache
content-length: 88

02:10:57.643 [AsyncHttpClient-1-5] DEBUG org.asynchttpclient.netty.channel.ChannelManager - Adding key: http://localhost:52206 for channel [id: 0x0db44d37, L:/127.0.0.1:61505 - R:localhost/127.0.0.1:52206]
02:10:57.645 [Forwarding setTimeout on session 387fa352d2e5ddb4763df9a51b617041 to remote] DEBUG org.asynchttpclient.netty.request.NettyRequestSender - Using pooled Channel '[id: 0x0db44d37, L:/127.0.0.1:61505 - R:localhost/127.0.0.1:52206]' for 'POST' to 'http://localhost:52206/session/387fa352d2e5ddb4763df9a51b617041/timeouts'
02:10:57.645 [Forwarding setTimeout on session 387fa352d2e5ddb4763df9a51b617041 to remote] DEBUG org.asynchttpclient.netty.request.NettyRequestSender - Using open Channel [id: 0x0db44d37, L:/127.0.0.1:61505 - R:localhost/127.0.0.1:52206] for POST '/session/387fa352d2e5ddb4763df9a51b617041/timeouts'
02:10:57.648 [AsyncHttpClient-1-5] DEBUG org.asynchttpclient.netty.handler.HttpHandler - 

Request DefaultHttpRequest(decodeResult: success, version: HTTP/1.1)
POST /session/387fa352d2e5ddb4763df9a51b617041/timeouts HTTP/1.1
User-Agent: selenium/4.1.3 (java windows)
Content-Length: 22
Content-Type: application/json; charset=utf-8
host: localhost:52206
accept: */*

Response DefaultHttpResponse(decodeResult: success, version: HTTP/1.1)
HTTP/1.1 200 OK
Content-Type: application/json; charset=utf-8
cache-control: no-cache
content-length: 14

02:10:57.649 [AsyncHttpClient-1-5] DEBUG org.asynchttpclient.netty.channel.ChannelManager - Adding key: http://localhost:52206 for channel [id: 0x0db44d37, L:/127.0.0.1:61505 - R:localhost/127.0.0.1:52206]
02:10:57.655 [Forwarding isElementDisplayed on session 387fa352d2e5ddb4763df9a51b617041 to remote] DEBUG org.asynchttpclient.netty.request.NettyRequestSender - Using pooled Channel '[id: 0x0db44d37, L:/127.0.0.1:61505 - R:localhost/127.0.0.1:52206]' for 'POST' to 'http://localhost:52206/session/387fa352d2e5ddb4763df9a51b617041/execute/sync'
02:10:57.656 [Forwarding isElementDisplayed on session 387fa352d2e5ddb4763df9a51b617041 to remote] DEBUG org.asynchttpclient.netty.request.NettyRequestSender - Using open Channel [id: 0x0db44d37, L:/127.0.0.1:61505 - R:localhost/127.0.0.1:52206] for POST '/session/387fa352d2e5ddb4763df9a51b617041/execute/sync'
02:10:57.661 [AsyncHttpClient-1-1] DEBUG org.asynchttpclient.netty.channel.DefaultChannelPool - Entry count for : http://localhost:61506 : 1
02:10:57.676 [AsyncHttpClient-1-5] DEBUG org.asynchttpclient.netty.handler.HttpHandler - 

Request DefaultHttpRequest(decodeResult: success, version: HTTP/1.1)
POST /session/387fa352d2e5ddb4763df9a51b617041/execute/sync HTTP/1.1
User-Agent: selenium/4.1.3 (java windows)
Content-Length: 48780
Content-Type: application/json; charset=utf-8
host: localhost:52206
accept: */*

Response DefaultHttpResponse(decodeResult: success, version: HTTP/1.1)
HTTP/1.1 200 OK
Content-Type: application/json; charset=utf-8
cache-control: no-cache
content-length: 14

02:10:57.677 [AsyncHttpClient-1-5] DEBUG org.asynchttpclient.netty.channel.ChannelManager - Adding key: http://localhost:52206 for channel [id: 0x0db44d37, L:/127.0.0.1:61505 - R:localhost/127.0.0.1:52206]
02:10:57.681 [Forwarding clearElement on session 387fa352d2e5ddb4763df9a51b617041 to remote] DEBUG org.asynchttpclient.netty.request.NettyRequestSender - Using pooled Channel '[id: 0x0db44d37, L:/127.0.0.1:61505 - R:localhost/127.0.0.1:52206]' for 'POST' to 'http://localhost:52206/session/387fa352d2e5ddb4763df9a51b617041/element/47ec57cf-7364-46bc-a765-dfa641e8c756/clear'
02:10:57.682 [Forwarding clearElement on session 387fa352d2e5ddb4763df9a51b617041 to remote] DEBUG org.asynchttpclient.netty.request.NettyRequestSender - Using open Channel [id: 0x0db44d37, L:/127.0.0.1:61505 - R:localhost/127.0.0.1:52206] for POST '/session/387fa352d2e5ddb4763df9a51b617041/element/47ec57cf-7364-46bc-a765-dfa641e8c756/clear'
02:10:57.740 [AsyncHttpClient-1-5] DEBUG org.asynchttpclient.netty.handler.HttpHandler - 

Request DefaultHttpRequest(decodeResult: success, version: HTTP/1.1)
POST /session/387fa352d2e5ddb4763df9a51b617041/element/47ec57cf-7364-46bc-a765-dfa641e8c756/clear HTTP/1.1
User-Agent: selenium/4.1.3 (java windows)
Content-Length: 50
Content-Type: application/json; charset=utf-8
host: localhost:52206
accept: */*

Response DefaultHttpResponse(decodeResult: success, version: HTTP/1.1)
HTTP/1.1 200 OK
Content-Type: application/json; charset=utf-8
cache-control: no-cache
content-length: 14

02:10:57.740 [AsyncHttpClient-1-5] DEBUG org.asynchttpclient.netty.channel.ChannelManager - Adding key: http://localhost:52206 for channel [id: 0x0db44d37, L:/127.0.0.1:61505 - R:localhost/127.0.0.1:52206]
02:10:57.745 [Forwarding sendKeysToElement on session 387fa352d2e5ddb4763df9a51b617041 to remote] DEBUG org.asynchttpclient.netty.request.NettyRequestSender - Using pooled Channel '[id: 0x0db44d37, L:/127.0.0.1:61505 - R:localhost/127.0.0.1:52206]' for 'POST' to 'http://localhost:52206/session/387fa352d2e5ddb4763df9a51b617041/element/47ec57cf-7364-46bc-a765-dfa641e8c756/value'
02:10:57.746 [Forwarding sendKeysToElement on session 387fa352d2e5ddb4763df9a51b617041 to remote] DEBUG org.asynchttpclient.netty.request.NettyRequestSender - Using open Channel [id: 0x0db44d37, L:/127.0.0.1:61505 - R:localhost/127.0.0.1:52206] for POST '/session/387fa352d2e5ddb4763df9a51b617041/element/47ec57cf-7364-46bc-a765-dfa641e8c756/value'
02:10:57.834 [AsyncHttpClient-1-5] DEBUG org.asynchttpclient.netty.handler.HttpHandler - 

Request DefaultHttpRequest(decodeResult: success, version: HTTP/1.1)
POST /session/387fa352d2e5ddb4763df9a51b617041/element/47ec57cf-7364-46bc-a765-dfa641e8c756/value HTTP/1.1
User-Agent: selenium/4.1.3 (java windows)
Content-Length: 181
Content-Type: application/json; charset=utf-8
host: localhost:52206
accept: */*

Response DefaultHttpResponse(decodeResult: success, version: HTTP/1.1)
HTTP/1.1 200 OK
Content-Type: application/json; charset=utf-8
cache-control: no-cache
content-length: 14

02:10:57.835 [AsyncHttpClient-1-5] DEBUG org.asynchttpclient.netty.channel.ChannelManager - Adding key: http://localhost:52206 for channel [id: 0x0db44d37, L:/127.0.0.1:61505 - R:localhost/127.0.0.1:52206]
02:10:57.849 [Forwarding setTimeout on session 387fa352d2e5ddb4763df9a51b617041 to remote] DEBUG org.asynchttpclient.netty.request.NettyRequestSender - Using pooled Channel '[id: 0x0db44d37, L:/127.0.0.1:61505 - R:localhost/127.0.0.1:52206]' for 'POST' to 'http://localhost:52206/session/387fa352d2e5ddb4763df9a51b617041/timeouts'
02:10:57.849 [Forwarding setTimeout on session 387fa352d2e5ddb4763df9a51b617041 to remote] DEBUG org.asynchttpclient.netty.request.NettyRequestSender - Using open Channel [id: 0x0db44d37, L:/127.0.0.1:61505 - R:localhost/127.0.0.1:52206] for POST '/session/387fa352d2e5ddb4763df9a51b617041/timeouts'
02:10:57.851 [AsyncHttpClient-1-5] DEBUG org.asynchttpclient.netty.handler.HttpHandler - 

Request DefaultHttpRequest(decodeResult: success, version: HTTP/1.1)
POST /session/387fa352d2e5ddb4763df9a51b617041/timeouts HTTP/1.1
User-Agent: selenium/4.1.3 (java windows)
Content-Length: 19
Content-Type: application/json; charset=utf-8
host: localhost:52206
accept: */*

Response DefaultHttpResponse(decodeResult: success, version: HTTP/1.1)
HTTP/1.1 200 OK
Content-Type: application/json; charset=utf-8
cache-control: no-cache
content-length: 14

02:10:57.852 [AsyncHttpClient-1-5] DEBUG org.asynchttpclient.netty.channel.ChannelManager - Adding key: http://localhost:52206 for channel [id: 0x0db44d37, L:/127.0.0.1:61505 - R:localhost/127.0.0.1:52206]
02:10:57.856 [Forwarding findElement on session 387fa352d2e5ddb4763df9a51b617041 to remote] DEBUG org.asynchttpclient.netty.request.NettyRequestSender - Using pooled Channel '[id: 0x0db44d37, L:/127.0.0.1:61505 - R:localhost/127.0.0.1:52206]' for 'POST' to 'http://localhost:52206/session/387fa352d2e5ddb4763df9a51b617041/element'
02:10:57.856 [Forwarding findElement on session 387fa352d2e5ddb4763df9a51b617041 to remote] DEBUG org.asynchttpclient.netty.request.NettyRequestSender - Using open Channel [id: 0x0db44d37, L:/127.0.0.1:61505 - R:localhost/127.0.0.1:52206] for POST '/session/387fa352d2e5ddb4763df9a51b617041/element'
02:10:57.869 [AsyncHttpClient-1-5] DEBUG org.asynchttpclient.netty.handler.HttpHandler - 

Request DefaultHttpRequest(decodeResult: success, version: HTTP/1.1)
POST /session/387fa352d2e5ddb4763df9a51b617041/element HTTP/1.1
User-Agent: selenium/4.1.3 (java windows)
Content-Length: 64
Content-Type: application/json; charset=utf-8
host: localhost:52206
accept: */*

Response DefaultHttpResponse(decodeResult: success, version: HTTP/1.1)
HTTP/1.1 200 OK
Content-Type: application/json; charset=utf-8
cache-control: no-cache
content-length: 88

02:10:57.869 [AsyncHttpClient-1-5] DEBUG org.asynchttpclient.netty.channel.ChannelManager - Adding key: http://localhost:52206 for channel [id: 0x0db44d37, L:/127.0.0.1:61505 - R:localhost/127.0.0.1:52206]
02:10:57.873 [Forwarding setTimeout on session 387fa352d2e5ddb4763df9a51b617041 to remote] DEBUG org.asynchttpclient.netty.request.NettyRequestSender - Using pooled Channel '[id: 0x0db44d37, L:/127.0.0.1:61505 - R:localhost/127.0.0.1:52206]' for 'POST' to 'http://localhost:52206/session/387fa352d2e5ddb4763df9a51b617041/timeouts'
02:10:57.873 [Forwarding setTimeout on session 387fa352d2e5ddb4763df9a51b617041 to remote] DEBUG org.asynchttpclient.netty.request.NettyRequestSender - Using open Channel [id: 0x0db44d37, L:/127.0.0.1:61505 - R:localhost/127.0.0.1:52206] for POST '/session/387fa352d2e5ddb4763df9a51b617041/timeouts'
02:10:57.875 [AsyncHttpClient-1-5] DEBUG org.asynchttpclient.netty.handler.HttpHandler - 

Request DefaultHttpRequest(decodeResult: success, version: HTTP/1.1)
POST /session/387fa352d2e5ddb4763df9a51b617041/timeouts HTTP/1.1
User-Agent: selenium/4.1.3 (java windows)
Content-Length: 22
Content-Type: application/json; charset=utf-8
host: localhost:52206
accept: */*

Response DefaultHttpResponse(decodeResult: success, version: HTTP/1.1)
HTTP/1.1 200 OK
Content-Type: application/json; charset=utf-8
cache-control: no-cache
content-length: 14

02:10:57.875 [AsyncHttpClient-1-5] DEBUG org.asynchttpclient.netty.channel.ChannelManager - Adding key: http://localhost:52206 for channel [id: 0x0db44d37, L:/127.0.0.1:61505 - R:localhost/127.0.0.1:52206]
02:10:57.884 [Forwarding isElementDisplayed on session 387fa352d2e5ddb4763df9a51b617041 to remote] DEBUG org.asynchttpclient.netty.request.NettyRequestSender - Using pooled Channel '[id: 0x0db44d37, L:/127.0.0.1:61505 - R:localhost/127.0.0.1:52206]' for 'POST' to 'http://localhost:52206/session/387fa352d2e5ddb4763df9a51b617041/execute/sync'
02:10:57.885 [Forwarding isElementDisplayed on session 387fa352d2e5ddb4763df9a51b617041 to remote] DEBUG org.asynchttpclient.netty.request.NettyRequestSender - Using open Channel [id: 0x0db44d37, L:/127.0.0.1:61505 - R:localhost/127.0.0.1:52206] for POST '/session/387fa352d2e5ddb4763df9a51b617041/execute/sync'
02:10:57.902 [AsyncHttpClient-1-5] DEBUG org.asynchttpclient.netty.handler.HttpHandler - 

Request DefaultHttpRequest(decodeResult: success, version: HTTP/1.1)
POST /session/387fa352d2e5ddb4763df9a51b617041/execute/sync HTTP/1.1
User-Agent: selenium/4.1.3 (java windows)
Content-Length: 48780
Content-Type: application/json; charset=utf-8
host: localhost:52206
accept: */*

Response DefaultHttpResponse(decodeResult: success, version: HTTP/1.1)
HTTP/1.1 200 OK
Content-Type: application/json; charset=utf-8
cache-control: no-cache
content-length: 14

02:10:57.902 [AsyncHttpClient-1-5] DEBUG org.asynchttpclient.netty.channel.ChannelManager - Adding key: http://localhost:52206 for channel [id: 0x0db44d37, L:/127.0.0.1:61505 - R:localhost/127.0.0.1:52206]
02:10:57.907 [Forwarding getElementTagName on session 387fa352d2e5ddb4763df9a51b617041 to remote] DEBUG org.asynchttpclient.netty.request.NettyRequestSender - Using pooled Channel '[id: 0x0db44d37, L:/127.0.0.1:61505 - R:localhost/127.0.0.1:52206]' for 'GET' to 'http://localhost:52206/session/387fa352d2e5ddb4763df9a51b617041/element/dcc4aab9-7aad-4a83-8c7e-4b46162b746a/name'
02:10:57.907 [Forwarding getElementTagName on session 387fa352d2e5ddb4763df9a51b617041 to remote] DEBUG org.asynchttpclient.netty.request.NettyRequestSender - Using open Channel [id: 0x0db44d37, L:/127.0.0.1:61505 - R:localhost/127.0.0.1:52206] for GET '/session/387fa352d2e5ddb4763df9a51b617041/element/dcc4aab9-7aad-4a83-8c7e-4b46162b746a/name'
02:10:57.915 [AsyncHttpClient-1-5] DEBUG org.asynchttpclient.netty.handler.HttpHandler - 

Request DefaultFullHttpRequest(decodeResult: success, version: HTTP/1.1, content: EmptyByteBufBE)
GET /session/387fa352d2e5ddb4763df9a51b617041/element/dcc4aab9-7aad-4a83-8c7e-4b46162b746a/name HTTP/1.1
User-Agent: selenium/4.1.3 (java windows)
Cache-Control: no-cache
Content-Type: application/json; charset=utf-8
host: localhost:52206
accept: */*

Response DefaultHttpResponse(decodeResult: success, version: HTTP/1.1)
HTTP/1.1 200 OK
Content-Type: application/json; charset=utf-8
cache-control: no-cache
content-length: 17

02:10:57.915 [AsyncHttpClient-1-5] DEBUG org.asynchttpclient.netty.channel.ChannelManager - Adding key: http://localhost:52206 for channel [id: 0x0db44d37, L:/127.0.0.1:61505 - R:localhost/127.0.0.1:52206]
02:10:57.918 [Forwarding getElementTagName on session 387fa352d2e5ddb4763df9a51b617041 to remote] DEBUG org.asynchttpclient.netty.request.NettyRequestSender - Using pooled Channel '[id: 0x0db44d37, L:/127.0.0.1:61505 - R:localhost/127.0.0.1:52206]' for 'GET' to 'http://localhost:52206/session/387fa352d2e5ddb4763df9a51b617041/element/dcc4aab9-7aad-4a83-8c7e-4b46162b746a/name'
02:10:57.918 [Forwarding getElementTagName on session 387fa352d2e5ddb4763df9a51b617041 to remote] DEBUG org.asynchttpclient.netty.request.NettyRequestSender - Using open Channel [id: 0x0db44d37, L:/127.0.0.1:61505 - R:localhost/127.0.0.1:52206] for GET '/session/387fa352d2e5ddb4763df9a51b617041/element/dcc4aab9-7aad-4a83-8c7e-4b46162b746a/name'
02:10:57.924 [AsyncHttpClient-1-5] DEBUG org.asynchttpclient.netty.handler.HttpHandler - 

Request DefaultFullHttpRequest(decodeResult: success, version: HTTP/1.1, content: EmptyByteBufBE)
GET /session/387fa352d2e5ddb4763df9a51b617041/element/dcc4aab9-7aad-4a83-8c7e-4b46162b746a/name HTTP/1.1
User-Agent: selenium/4.1.3 (java windows)
Cache-Control: no-cache
Content-Type: application/json; charset=utf-8
host: localhost:52206
accept: */*

Response DefaultHttpResponse(decodeResult: success, version: HTTP/1.1)
HTTP/1.1 200 OK
Content-Type: application/json; charset=utf-8
cache-control: no-cache
content-length: 17

02:10:57.925 [AsyncHttpClient-1-5] DEBUG org.asynchttpclient.netty.channel.ChannelManager - Adding key: http://localhost:52206 for channel [id: 0x0db44d37, L:/127.0.0.1:61505 - R:localhost/127.0.0.1:52206]
02:10:57.931 [Forwarding isElementEnabled on session 387fa352d2e5ddb4763df9a51b617041 to remote] DEBUG org.asynchttpclient.netty.request.NettyRequestSender - Using pooled Channel '[id: 0x0db44d37, L:/127.0.0.1:61505 - R:localhost/127.0.0.1:52206]' for 'GET' to 'http://localhost:52206/session/387fa352d2e5ddb4763df9a51b617041/element/dcc4aab9-7aad-4a83-8c7e-4b46162b746a/enabled'
02:10:57.931 [Forwarding isElementEnabled on session 387fa352d2e5ddb4763df9a51b617041 to remote] DEBUG org.asynchttpclient.netty.request.NettyRequestSender - Using open Channel [id: 0x0db44d37, L:/127.0.0.1:61505 - R:localhost/127.0.0.1:52206] for GET '/session/387fa352d2e5ddb4763df9a51b617041/element/dcc4aab9-7aad-4a83-8c7e-4b46162b746a/enabled'
02:10:57.949 [AsyncHttpClient-1-5] DEBUG org.asynchttpclient.netty.handler.HttpHandler - 

Request DefaultFullHttpRequest(decodeResult: success, version: HTTP/1.1, content: EmptyByteBufBE)
GET /session/387fa352d2e5ddb4763df9a51b617041/element/dcc4aab9-7aad-4a83-8c7e-4b46162b746a/enabled HTTP/1.1
User-Agent: selenium/4.1.3 (java windows)
Cache-Control: no-cache
Content-Type: application/json; charset=utf-8
host: localhost:52206
accept: */*

Response DefaultHttpResponse(decodeResult: success, version: HTTP/1.1)
HTTP/1.1 200 OK
Content-Type: application/json; charset=utf-8
cache-control: no-cache
content-length: 14

02:10:57.949 [AsyncHttpClient-1-5] DEBUG org.asynchttpclient.netty.channel.ChannelManager - Adding key: http://localhost:52206 for channel [id: 0x0db44d37, L:/127.0.0.1:61505 - R:localhost/127.0.0.1:52206]
02:10:57.952 [Forwarding isElementEnabled on session 387fa352d2e5ddb4763df9a51b617041 to remote] DEBUG org.asynchttpclient.netty.request.NettyRequestSender - Using pooled Channel '[id: 0x0db44d37, L:/127.0.0.1:61505 - R:localhost/127.0.0.1:52206]' for 'GET' to 'http://localhost:52206/session/387fa352d2e5ddb4763df9a51b617041/element/dcc4aab9-7aad-4a83-8c7e-4b46162b746a/enabled'
02:10:57.952 [Forwarding isElementEnabled on session 387fa352d2e5ddb4763df9a51b617041 to remote] DEBUG org.asynchttpclient.netty.request.NettyRequestSender - Using open Channel [id: 0x0db44d37, L:/127.0.0.1:61505 - R:localhost/127.0.0.1:52206] for GET '/session/387fa352d2e5ddb4763df9a51b617041/element/dcc4aab9-7aad-4a83-8c7e-4b46162b746a/enabled'
02:10:57.960 [AsyncHttpClient-1-5] DEBUG org.asynchttpclient.netty.handler.HttpHandler - 

Request DefaultFullHttpRequest(decodeResult: success, version: HTTP/1.1, content: EmptyByteBufBE)
GET /session/387fa352d2e5ddb4763df9a51b617041/element/dcc4aab9-7aad-4a83-8c7e-4b46162b746a/enabled HTTP/1.1
User-Agent: selenium/4.1.3 (java windows)
Cache-Control: no-cache
Content-Type: application/json; charset=utf-8
host: localhost:52206
accept: */*

Response DefaultHttpResponse(decodeResult: success, version: HTTP/1.1)
HTTP/1.1 200 OK
Content-Type: application/json; charset=utf-8
cache-control: no-cache
content-length: 14

02:10:57.961 [AsyncHttpClient-1-5] DEBUG org.asynchttpclient.netty.channel.ChannelManager - Adding key: http://localhost:52206 for channel [id: 0x0db44d37, L:/127.0.0.1:61505 - R:localhost/127.0.0.1:52206]
02:10:57.965 [Forwarding clickElement on session 387fa352d2e5ddb4763df9a51b617041 to remote] DEBUG org.asynchttpclient.netty.request.NettyRequestSender - Using pooled Channel '[id: 0x0db44d37, L:/127.0.0.1:61505 - R:localhost/127.0.0.1:52206]' for 'POST' to 'http://localhost:52206/session/387fa352d2e5ddb4763df9a51b617041/element/dcc4aab9-7aad-4a83-8c7e-4b46162b746a/click'
02:10:57.965 [Forwarding clickElement on session 387fa352d2e5ddb4763df9a51b617041 to remote] DEBUG org.asynchttpclient.netty.request.NettyRequestSender - Using open Channel [id: 0x0db44d37, L:/127.0.0.1:61505 - R:localhost/127.0.0.1:52206] for POST '/session/387fa352d2e5ddb4763df9a51b617041/element/dcc4aab9-7aad-4a83-8c7e-4b46162b746a/click'
02:10:58.402 [AsyncHttpClient-1-5] DEBUG org.asynchttpclient.netty.handler.HttpHandler - 

Request DefaultHttpRequest(decodeResult: success, version: HTTP/1.1)
POST /session/387fa352d2e5ddb4763df9a51b617041/element/dcc4aab9-7aad-4a83-8c7e-4b46162b746a/click HTTP/1.1
User-Agent: selenium/4.1.3 (java windows)
Content-Length: 50
Content-Type: application/json; charset=utf-8
host: localhost:52206
accept: */*

Response DefaultHttpResponse(decodeResult: success, version: HTTP/1.1)
HTTP/1.1 200 OK
Content-Type: application/json; charset=utf-8
cache-control: no-cache
content-length: 14

02:10:58.403 [AsyncHttpClient-1-5] DEBUG org.asynchttpclient.netty.channel.ChannelManager - Adding key: http://localhost:52206 for channel [id: 0x0db44d37, L:/127.0.0.1:61505 - R:localhost/127.0.0.1:52206]
02:10:58.410 [main] DEBUG net.thucydides.core.steps.StepInterceptor - STEP DONE: login
  &amp#27;[32mGiven &amp#27;[0m&amp#27;[32mthe user enters the username &amp#27;[0m&amp#27;[32m&amp#27;[1mmngr3&amp#27;[0m&amp#27;[32m and password &amp#27;[0m&amp#27;[32m&amp#27;[1mmngr398793&amp#27;[0m &amp#27;[90m# cucumber.LoginStepDefs.the_user_enters_the_username_and_password(java.lang.String,java.lang.String)&amp#27;[0m
02:10:58.425 [main] DEBUG net.thucydides.core.steps.StepInterceptor - STARTING STEP: LoginStepDefs.the_error_message_user_is_not_valid_is_displayed - checkInvalid
02:10:58.427 [Forwarding getAlertText on session 387fa352d2e5ddb4763df9a51b617041 to remote] DEBUG org.asynchttpclient.netty.request.NettyRequestSender - Using pooled Channel '[id: 0x0db44d37, L:/127.0.0.1:61505 - R:localhost/127.0.0.1:52206]' for 'GET' to 'http://localhost:52206/session/387fa352d2e5ddb4763df9a51b617041/alert/text'
02:10:58.427 [Forwarding getAlertText on session 387fa352d2e5ddb4763df9a51b617041 to remote] DEBUG org.asynchttpclient.netty.request.NettyRequestSender - Using open Channel [id: 0x0db44d37, L:/127.0.0.1:61505 - R:localhost/127.0.0.1:52206] for GET '/session/387fa352d2e5ddb4763df9a51b617041/alert/text'
02:10:58.429 [AsyncHttpClient-1-5] DEBUG org.asynchttpclient.netty.handler.HttpHandler - 

Request DefaultFullHttpRequest(decodeResult: success, version: HTTP/1.1, content: EmptyByteBufBE)
GET /session/387fa352d2e5ddb4763df9a51b617041/alert/text HTTP/1.1
User-Agent: selenium/4.1.3 (java windows)
Cache-Control: no-cache
Content-Type: application/json; charset=utf-8
host: localhost:52206
accept: */*

Response DefaultHttpResponse(decodeResult: success, version: HTTP/1.1)
HTTP/1.1 200 OK
Content-Type: application/json; charset=utf-8
cache-control: no-cache
content-length: 29

02:10:58.430 [AsyncHttpClient-1-5] DEBUG org.asynchttpclient.netty.channel.ChannelManager - Adding key: http://localhost:52206 for channel [id: 0x0db44d37, L:/127.0.0.1:61505 - R:localhost/127.0.0.1:52206]
02:10:58.433 [Forwarding getAlertText on session 387fa352d2e5ddb4763df9a51b617041 to remote] DEBUG org.asynchttpclient.netty.request.NettyRequestSender - Using pooled Channel '[id: 0x0db44d37, L:/127.0.0.1:61505 - R:localhost/127.0.0.1:52206]' for 'GET' to 'http://localhost:52206/session/387fa352d2e5ddb4763df9a51b617041/alert/text'
02:10:58.433 [Forwarding getAlertText on session 387fa352d2e5ddb4763df9a51b617041 to remote] DEBUG org.asynchttpclient.netty.request.NettyRequestSender - Using open Channel [id: 0x0db44d37, L:/127.0.0.1:61505 - R:localhost/127.0.0.1:52206] for GET '/session/387fa352d2e5ddb4763df9a51b617041/alert/text'
02:10:58.435 [AsyncHttpClient-1-5] DEBUG org.asynchttpclient.netty.handler.HttpHandler - 

Request DefaultFullHttpRequest(decodeResult: success, version: HTTP/1.1, content: EmptyByteBufBE)
GET /session/387fa352d2e5ddb4763df9a51b617041/alert/text HTTP/1.1
User-Agent: selenium/4.1.3 (java windows)
Cache-Control: no-cache
Content-Type: application/json; charset=utf-8
host: localhost:52206
accept: */*

Response DefaultHttpResponse(decodeResult: success, version: HTTP/1.1)
HTTP/1.1 200 OK
Content-Type: application/json; charset=utf-8
cache-control: no-cache
content-length: 29

02:10:58.436 [AsyncHttpClient-1-5] DEBUG org.asynchttpclient.netty.channel.ChannelManager - Adding key: http://localhost:52206 for channel [id: 0x0db44d37, L:/127.0.0.1:61505 - R:localhost/127.0.0.1:52206]
02:10:58.438 [Forwarding acceptAlert on session 387fa352d2e5ddb4763df9a51b617041 to remote] DEBUG org.asynchttpclient.netty.request.NettyRequestSender - Using pooled Channel '[id: 0x0db44d37, L:/127.0.0.1:61505 - R:localhost/127.0.0.1:52206]' for 'POST' to 'http://localhost:52206/session/387fa352d2e5ddb4763df9a51b617041/alert/accept'
02:10:58.438 [Forwarding acceptAlert on session 387fa352d2e5ddb4763df9a51b617041 to remote] DEBUG org.asynchttpclient.netty.request.NettyRequestSender - Using open Channel [id: 0x0db44d37, L:/127.0.0.1:61505 - R:localhost/127.0.0.1:52206] for POST '/session/387fa352d2e5ddb4763df9a51b617041/alert/accept'
02:10:58.442 [AsyncHttpClient-1-5] DEBUG org.asynchttpclient.netty.handler.HttpHandler - 

Request DefaultHttpRequest(decodeResult: success, version: HTTP/1.1)
POST /session/387fa352d2e5ddb4763df9a51b617041/alert/accept HTTP/1.1
User-Agent: selenium/4.1.3 (java windows)
Content-Length: 3
Content-Type: application/json; charset=utf-8
host: localhost:52206
accept: */*

Response DefaultHttpResponse(decodeResult: success, version: HTTP/1.1)
HTTP/1.1 200 OK
Content-Type: application/json; charset=utf-8
cache-control: no-cache
content-length: 14

02:10:58.442 [AsyncHttpClient-1-5] DEBUG org.asynchttpclient.netty.channel.ChannelManager - Adding key: http://localhost:52206 for channel [id: 0x0db44d37, L:/127.0.0.1:61505 - R:localhost/127.0.0.1:52206]
02:10:58.446 [main] DEBUG net.thucydides.core.steps.StepInterceptor - STEP DONE: checkInvalid
  &amp#27;[32mThen &amp#27;[0m&amp#27;[32mthe error message &amp#27;[0m&amp#27;[32m&amp#27;[1m'User is not valid'&amp#27;[0m&amp#27;[32m is displayed&amp#27;[0m          &amp#27;[90m# cucumber.LoginStepDefs.the_error_message_user_is_not_valid_is_displayed(java.lang.String)&amp#27;[0m
02:10:58.459 [main] INFO  - &amp#27;[92m
  _____   ___   ___   _____     ___     _     ___   ___   ___   ___  
 |_   _| | __| / __| |_   _|   | _ \   /_\   / __| / __| | __| |   \ 
   | |   | _|  \__ \   | |     |  _/  / _ \  \__ \ \__ \ | _|  | |) |
   |_|   |___| |___/   |_|     |_|   /_/ \_\ |___/ |___/ |___| |___/ 

user login unsuccessful
----------------------------------------------------------------------&amp#27;[0m
]]></system-out>
  </testcase>
  <testcase name="user login unsuccessful #3" classname="user login to the page unsuccessful" time="2.952">
    <system-out><![CDATA[
@unit
Scenario Outline: user login unsuccessful                       &amp#27;[90m# src/test/resources/features.login/login_unsuccess.feature:11&amp#27;[0m
02:10:58.474 [main] INFO io.cucumber.core.plugin.SerenityReporter - Running feature from file:///D:/Pratice/serenity_homework/src/test/resources/features.login/login_unsuccess.feature
02:10:58.474 [main] WARN io.cucumber.core.plugin.SerenityReporter - Feature from file:///D:/Pratice/serenity_homework/src/test/resources/features.login/login_unsuccess.feature is not under the 'features' directory. Requirements report will not be correctly generated!
02:10:58.529 [main] DEBUG io.github.bonigarcia.wdm.cache.ResolutionCache - Resolution chrome=100 in cache (valid until 02:23:33 21/04/2022 ICT)
02:10:58.531 [main] DEBUG io.github.bonigarcia.wdm.cache.ResolutionCache - Resolution chrome100=100.0.4896.60 in cache (valid until 15:25:50 21/04/2022 ICT)
02:10:58.532 [main] INFO io.github.bonigarcia.wdm.WebDriverManager - Using chromedriver 100.0.4896.60 (resolved driver for Chrome 100)
02:10:58.547 [main] DEBUG io.github.bonigarcia.wdm.WebDriverManager - Driver chromedriver 100.0.4896.60 found in cache
02:10:58.550 [main] INFO io.github.bonigarcia.wdm.WebDriverManager - Exporting webdriver.chrome.driver as C:\Users\dung.nguyenanh\.cache\selenium\chromedriver\win32\100.0.4896.60\chromedriver.exe
02:10:58.553 [Forwarding get on session 387fa352d2e5ddb4763df9a51b617041 to remote] DEBUG org.asynchttpclient.netty.request.NettyRequestSender - Using pooled Channel '[id: 0x0db44d37, L:/127.0.0.1:61505 - R:localhost/127.0.0.1:52206]' for 'POST' to 'http://localhost:52206/session/387fa352d2e5ddb4763df9a51b617041/url'
02:10:58.553 [Forwarding get on session 387fa352d2e5ddb4763df9a51b617041 to remote] DEBUG org.asynchttpclient.netty.request.NettyRequestSender - Using open Channel [id: 0x0db44d37, L:/127.0.0.1:61505 - R:localhost/127.0.0.1:52206] for POST '/session/387fa352d2e5ddb4763df9a51b617041/url'
02:10:58.762 [AsyncHttpClient-1-1] DEBUG org.asynchttpclient.netty.channel.DefaultChannelPool - Entry count for : http://localhost:61506 : 1
02:10:59.859 [AsyncHttpClient-1-1] DEBUG org.asynchttpclient.netty.channel.DefaultChannelPool - Entry count for : http://localhost:61506 : 1
02:11:00.129 [AsyncHttpClient-1-5] DEBUG org.asynchttpclient.netty.handler.HttpHandler - 

Request DefaultHttpRequest(decodeResult: success, version: HTTP/1.1)
POST /session/387fa352d2e5ddb4763df9a51b617041/url HTTP/1.1
User-Agent: selenium/4.1.3 (java windows)
Content-Length: 94
Content-Type: application/json; charset=utf-8
host: localhost:52206
accept: */*

Response DefaultHttpResponse(decodeResult: success, version: HTTP/1.1)
HTTP/1.1 200 OK
Content-Type: application/json; charset=utf-8
cache-control: no-cache
content-length: 14

02:11:00.129 [AsyncHttpClient-1-5] DEBUG org.asynchttpclient.netty.channel.ChannelManager - Adding key: http://localhost:52206 for channel [id: 0x0db44d37, L:/127.0.0.1:61505 - R:localhost/127.0.0.1:52206]
02:11:00.133 [Forwarding getCurrentUrl on session 387fa352d2e5ddb4763df9a51b617041 to remote] DEBUG org.asynchttpclient.netty.request.NettyRequestSender - Using pooled Channel '[id: 0x0db44d37, L:/127.0.0.1:61505 - R:localhost/127.0.0.1:52206]' for 'GET' to 'http://localhost:52206/session/387fa352d2e5ddb4763df9a51b617041/url'
02:11:00.133 [Forwarding getCurrentUrl on session 387fa352d2e5ddb4763df9a51b617041 to remote] DEBUG org.asynchttpclient.netty.request.NettyRequestSender - Using open Channel [id: 0x0db44d37, L:/127.0.0.1:61505 - R:localhost/127.0.0.1:52206] for GET '/session/387fa352d2e5ddb4763df9a51b617041/url'
02:11:00.139 [AsyncHttpClient-1-5] DEBUG org.asynchttpclient.netty.handler.HttpHandler - 

Request DefaultFullHttpRequest(decodeResult: success, version: HTTP/1.1, content: EmptyByteBufBE)
GET /session/387fa352d2e5ddb4763df9a51b617041/url HTTP/1.1
User-Agent: selenium/4.1.3 (java windows)
Cache-Control: no-cache
Content-Type: application/json; charset=utf-8
host: localhost:52206
accept: */*

Response DefaultHttpResponse(decodeResult: success, version: HTTP/1.1)
HTTP/1.1 200 OK
Content-Type: application/json; charset=utf-8
cache-control: no-cache
content-length: 61

02:11:00.139 [AsyncHttpClient-1-5] DEBUG org.asynchttpclient.netty.channel.ChannelManager - Adding key: http://localhost:52206 for channel [id: 0x0db44d37, L:/127.0.0.1:61505 - R:localhost/127.0.0.1:52206]
02:11:00.142 [Forwarding getCurrentUrl on session 387fa352d2e5ddb4763df9a51b617041 to remote] DEBUG org.asynchttpclient.netty.request.NettyRequestSender - Using pooled Channel '[id: 0x0db44d37, L:/127.0.0.1:61505 - R:localhost/127.0.0.1:52206]' for 'GET' to 'http://localhost:52206/session/387fa352d2e5ddb4763df9a51b617041/url'
02:11:00.142 [Forwarding getCurrentUrl on session 387fa352d2e5ddb4763df9a51b617041 to remote] DEBUG org.asynchttpclient.netty.request.NettyRequestSender - Using open Channel [id: 0x0db44d37, L:/127.0.0.1:61505 - R:localhost/127.0.0.1:52206] for GET '/session/387fa352d2e5ddb4763df9a51b617041/url'
02:11:00.146 [AsyncHttpClient-1-5] DEBUG org.asynchttpclient.netty.handler.HttpHandler - 

Request DefaultFullHttpRequest(decodeResult: success, version: HTTP/1.1, content: EmptyByteBufBE)
GET /session/387fa352d2e5ddb4763df9a51b617041/url HTTP/1.1
User-Agent: selenium/4.1.3 (java windows)
Cache-Control: no-cache
Content-Type: application/json; charset=utf-8
host: localhost:52206
accept: */*

Response DefaultHttpResponse(decodeResult: success, version: HTTP/1.1)
HTTP/1.1 200 OK
Content-Type: application/json; charset=utf-8
cache-control: no-cache
content-length: 61

02:11:00.148 [AsyncHttpClient-1-5] DEBUG org.asynchttpclient.netty.channel.ChannelManager - Adding key: http://localhost:52206 for channel [id: 0x0db44d37, L:/127.0.0.1:61505 - R:localhost/127.0.0.1:52206]
02:11:00.151 [Forwarding maximizeCurrentWindow on session 387fa352d2e5ddb4763df9a51b617041 to remote] DEBUG org.asynchttpclient.netty.request.NettyRequestSender - Using pooled Channel '[id: 0x0db44d37, L:/127.0.0.1:61505 - R:localhost/127.0.0.1:52206]' for 'POST' to 'http://localhost:52206/session/387fa352d2e5ddb4763df9a51b617041/window/maximize'
02:11:00.152 [Forwarding maximizeCurrentWindow on session 387fa352d2e5ddb4763df9a51b617041 to remote] DEBUG org.asynchttpclient.netty.request.NettyRequestSender - Using open Channel [id: 0x0db44d37, L:/127.0.0.1:61505 - R:localhost/127.0.0.1:52206] for POST '/session/387fa352d2e5ddb4763df9a51b617041/window/maximize'
02:11:00.155 [AsyncHttpClient-1-5] DEBUG org.asynchttpclient.netty.handler.HttpHandler - 

Request DefaultHttpRequest(decodeResult: success, version: HTTP/1.1)
POST /session/387fa352d2e5ddb4763df9a51b617041/window/maximize HTTP/1.1
User-Agent: selenium/4.1.3 (java windows)
Content-Length: 3
Content-Type: application/json; charset=utf-8
host: localhost:52206
accept: */*

Response DefaultHttpResponse(decodeResult: success, version: HTTP/1.1)
HTTP/1.1 200 OK
Content-Type: application/json; charset=utf-8
cache-control: no-cache
content-length: 51

02:11:00.156 [AsyncHttpClient-1-5] DEBUG org.asynchttpclient.netty.channel.ChannelManager - Adding key: http://localhost:52206 for channel [id: 0x0db44d37, L:/127.0.0.1:61505 - R:localhost/127.0.0.1:52206]
02:11:00.185 [main] DEBUG net.thucydides.core.steps.StepInterceptor - STARTING STEP: LoginStepDefs.the_user_enters_the_username_and_password - login
02:11:00.194 [Forwarding setTimeout on session 387fa352d2e5ddb4763df9a51b617041 to remote] DEBUG org.asynchttpclient.netty.request.NettyRequestSender - Using pooled Channel '[id: 0x0db44d37, L:/127.0.0.1:61505 - R:localhost/127.0.0.1:52206]' for 'POST' to 'http://localhost:52206/session/387fa352d2e5ddb4763df9a51b617041/timeouts'
02:11:00.194 [Forwarding setTimeout on session 387fa352d2e5ddb4763df9a51b617041 to remote] DEBUG org.asynchttpclient.netty.request.NettyRequestSender - Using open Channel [id: 0x0db44d37, L:/127.0.0.1:61505 - R:localhost/127.0.0.1:52206] for POST '/session/387fa352d2e5ddb4763df9a51b617041/timeouts'
02:11:00.196 [AsyncHttpClient-1-5] DEBUG org.asynchttpclient.netty.handler.HttpHandler - 

Request DefaultHttpRequest(decodeResult: success, version: HTTP/1.1)
POST /session/387fa352d2e5ddb4763df9a51b617041/timeouts HTTP/1.1
User-Agent: selenium/4.1.3 (java windows)
Content-Length: 19
Content-Type: application/json; charset=utf-8
host: localhost:52206
accept: */*

Response DefaultHttpResponse(decodeResult: success, version: HTTP/1.1)
HTTP/1.1 200 OK
Content-Type: application/json; charset=utf-8
cache-control: no-cache
content-length: 14

02:11:00.197 [AsyncHttpClient-1-5] DEBUG org.asynchttpclient.netty.channel.ChannelManager - Adding key: http://localhost:52206 for channel [id: 0x0db44d37, L:/127.0.0.1:61505 - R:localhost/127.0.0.1:52206]
02:11:00.201 [Forwarding findElement on session 387fa352d2e5ddb4763df9a51b617041 to remote] DEBUG org.asynchttpclient.netty.request.NettyRequestSender - Using pooled Channel '[id: 0x0db44d37, L:/127.0.0.1:61505 - R:localhost/127.0.0.1:52206]' for 'POST' to 'http://localhost:52206/session/387fa352d2e5ddb4763df9a51b617041/element'
02:11:00.201 [Forwarding findElement on session 387fa352d2e5ddb4763df9a51b617041 to remote] DEBUG org.asynchttpclient.netty.request.NettyRequestSender - Using open Channel [id: 0x0db44d37, L:/127.0.0.1:61505 - R:localhost/127.0.0.1:52206] for POST '/session/387fa352d2e5ddb4763df9a51b617041/element'
02:11:00.212 [AsyncHttpClient-1-5] DEBUG org.asynchttpclient.netty.handler.HttpHandler - 

Request DefaultHttpRequest(decodeResult: success, version: HTTP/1.1)
POST /session/387fa352d2e5ddb4763df9a51b617041/element HTTP/1.1
User-Agent: selenium/4.1.3 (java windows)
Content-Length: 61
Content-Type: application/json; charset=utf-8
host: localhost:52206
accept: */*

Response DefaultHttpResponse(decodeResult: success, version: HTTP/1.1)
HTTP/1.1 200 OK
Content-Type: application/json; charset=utf-8
cache-control: no-cache
content-length: 88

02:11:00.212 [AsyncHttpClient-1-5] DEBUG org.asynchttpclient.netty.channel.ChannelManager - Adding key: http://localhost:52206 for channel [id: 0x0db44d37, L:/127.0.0.1:61505 - R:localhost/127.0.0.1:52206]
02:11:00.217 [Forwarding setTimeout on session 387fa352d2e5ddb4763df9a51b617041 to remote] DEBUG org.asynchttpclient.netty.request.NettyRequestSender - Using pooled Channel '[id: 0x0db44d37, L:/127.0.0.1:61505 - R:localhost/127.0.0.1:52206]' for 'POST' to 'http://localhost:52206/session/387fa352d2e5ddb4763df9a51b617041/timeouts'
02:11:00.217 [Forwarding setTimeout on session 387fa352d2e5ddb4763df9a51b617041 to remote] DEBUG org.asynchttpclient.netty.request.NettyRequestSender - Using open Channel [id: 0x0db44d37, L:/127.0.0.1:61505 - R:localhost/127.0.0.1:52206] for POST '/session/387fa352d2e5ddb4763df9a51b617041/timeouts'
02:11:00.218 [AsyncHttpClient-1-5] DEBUG org.asynchttpclient.netty.handler.HttpHandler - 

Request DefaultHttpRequest(decodeResult: success, version: HTTP/1.1)
POST /session/387fa352d2e5ddb4763df9a51b617041/timeouts HTTP/1.1
User-Agent: selenium/4.1.3 (java windows)
Content-Length: 22
Content-Type: application/json; charset=utf-8
host: localhost:52206
accept: */*

Response DefaultHttpResponse(decodeResult: success, version: HTTP/1.1)
HTTP/1.1 200 OK
Content-Type: application/json; charset=utf-8
cache-control: no-cache
content-length: 14

02:11:00.218 [AsyncHttpClient-1-5] DEBUG org.asynchttpclient.netty.channel.ChannelManager - Adding key: http://localhost:52206 for channel [id: 0x0db44d37, L:/127.0.0.1:61505 - R:localhost/127.0.0.1:52206]
02:11:00.227 [Forwarding isElementDisplayed on session 387fa352d2e5ddb4763df9a51b617041 to remote] DEBUG org.asynchttpclient.netty.request.NettyRequestSender - Using pooled Channel '[id: 0x0db44d37, L:/127.0.0.1:61505 - R:localhost/127.0.0.1:52206]' for 'POST' to 'http://localhost:52206/session/387fa352d2e5ddb4763df9a51b617041/execute/sync'
02:11:00.228 [Forwarding isElementDisplayed on session 387fa352d2e5ddb4763df9a51b617041 to remote] DEBUG org.asynchttpclient.netty.request.NettyRequestSender - Using open Channel [id: 0x0db44d37, L:/127.0.0.1:61505 - R:localhost/127.0.0.1:52206] for POST '/session/387fa352d2e5ddb4763df9a51b617041/execute/sync'
02:11:00.525 [AsyncHttpClient-1-5] DEBUG org.asynchttpclient.netty.handler.HttpHandler - 

Request DefaultHttpRequest(decodeResult: success, version: HTTP/1.1)
POST /session/387fa352d2e5ddb4763df9a51b617041/execute/sync HTTP/1.1
User-Agent: selenium/4.1.3 (java windows)
Content-Length: 48780
Content-Type: application/json; charset=utf-8
host: localhost:52206
accept: */*

Response DefaultHttpResponse(decodeResult: success, version: HTTP/1.1)
HTTP/1.1 200 OK
Content-Type: application/json; charset=utf-8
cache-control: no-cache
content-length: 14

02:11:00.526 [AsyncHttpClient-1-5] DEBUG org.asynchttpclient.netty.channel.ChannelManager - Adding key: http://localhost:52206 for channel [id: 0x0db44d37, L:/127.0.0.1:61505 - R:localhost/127.0.0.1:52206]
02:11:00.533 [Forwarding clearElement on session 387fa352d2e5ddb4763df9a51b617041 to remote] DEBUG org.asynchttpclient.netty.request.NettyRequestSender - Using pooled Channel '[id: 0x0db44d37, L:/127.0.0.1:61505 - R:localhost/127.0.0.1:52206]' for 'POST' to 'http://localhost:52206/session/387fa352d2e5ddb4763df9a51b617041/element/a2c647b6-7b14-4d84-9cbb-e09bb6037586/clear'
02:11:00.533 [Forwarding clearElement on session 387fa352d2e5ddb4763df9a51b617041 to remote] DEBUG org.asynchttpclient.netty.request.NettyRequestSender - Using open Channel [id: 0x0db44d37, L:/127.0.0.1:61505 - R:localhost/127.0.0.1:52206] for POST '/session/387fa352d2e5ddb4763df9a51b617041/element/a2c647b6-7b14-4d84-9cbb-e09bb6037586/clear'
02:11:00.573 [AsyncHttpClient-1-5] DEBUG org.asynchttpclient.netty.handler.HttpHandler - 

Request DefaultHttpRequest(decodeResult: success, version: HTTP/1.1)
POST /session/387fa352d2e5ddb4763df9a51b617041/element/a2c647b6-7b14-4d84-9cbb-e09bb6037586/clear HTTP/1.1
User-Agent: selenium/4.1.3 (java windows)
Content-Length: 50
Content-Type: application/json; charset=utf-8
host: localhost:52206
accept: */*

Response DefaultHttpResponse(decodeResult: success, version: HTTP/1.1)
HTTP/1.1 200 OK
Content-Type: application/json; charset=utf-8
cache-control: no-cache
content-length: 14

02:11:00.573 [AsyncHttpClient-1-5] DEBUG org.asynchttpclient.netty.channel.ChannelManager - Adding key: http://localhost:52206 for channel [id: 0x0db44d37, L:/127.0.0.1:61505 - R:localhost/127.0.0.1:52206]
02:11:00.578 [Forwarding sendKeysToElement on session 387fa352d2e5ddb4763df9a51b617041 to remote] DEBUG org.asynchttpclient.netty.request.NettyRequestSender - Using pooled Channel '[id: 0x0db44d37, L:/127.0.0.1:61505 - R:localhost/127.0.0.1:52206]' for 'POST' to 'http://localhost:52206/session/387fa352d2e5ddb4763df9a51b617041/element/a2c647b6-7b14-4d84-9cbb-e09bb6037586/value'
02:11:00.578 [Forwarding sendKeysToElement on session 387fa352d2e5ddb4763df9a51b617041 to remote] DEBUG org.asynchttpclient.netty.request.NettyRequestSender - Using open Channel [id: 0x0db44d37, L:/127.0.0.1:61505 - R:localhost/127.0.0.1:52206] for POST '/session/387fa352d2e5ddb4763df9a51b617041/element/a2c647b6-7b14-4d84-9cbb-e09bb6037586/value'
02:11:00.635 [AsyncHttpClient-1-5] DEBUG org.asynchttpclient.netty.handler.HttpHandler - 

Request DefaultHttpRequest(decodeResult: success, version: HTTP/1.1)
POST /session/387fa352d2e5ddb4763df9a51b617041/element/a2c647b6-7b14-4d84-9cbb-e09bb6037586/value HTTP/1.1
User-Agent: selenium/4.1.3 (java windows)
Content-Length: 105
Content-Type: application/json; charset=utf-8
host: localhost:52206
accept: */*

Response DefaultHttpResponse(decodeResult: success, version: HTTP/1.1)
HTTP/1.1 200 OK
Content-Type: application/json; charset=utf-8
cache-control: no-cache
content-length: 14

02:11:00.635 [AsyncHttpClient-1-5] DEBUG org.asynchttpclient.netty.channel.ChannelManager - Adding key: http://localhost:52206 for channel [id: 0x0db44d37, L:/127.0.0.1:61505 - R:localhost/127.0.0.1:52206]
02:11:00.649 [Forwarding setTimeout on session 387fa352d2e5ddb4763df9a51b617041 to remote] DEBUG org.asynchttpclient.netty.request.NettyRequestSender - Using pooled Channel '[id: 0x0db44d37, L:/127.0.0.1:61505 - R:localhost/127.0.0.1:52206]' for 'POST' to 'http://localhost:52206/session/387fa352d2e5ddb4763df9a51b617041/timeouts'
02:11:00.650 [Forwarding setTimeout on session 387fa352d2e5ddb4763df9a51b617041 to remote] DEBUG org.asynchttpclient.netty.request.NettyRequestSender - Using open Channel [id: 0x0db44d37, L:/127.0.0.1:61505 - R:localhost/127.0.0.1:52206] for POST '/session/387fa352d2e5ddb4763df9a51b617041/timeouts'
02:11:00.651 [AsyncHttpClient-1-5] DEBUG org.asynchttpclient.netty.handler.HttpHandler - 

Request DefaultHttpRequest(decodeResult: success, version: HTTP/1.1)
POST /session/387fa352d2e5ddb4763df9a51b617041/timeouts HTTP/1.1
User-Agent: selenium/4.1.3 (java windows)
Content-Length: 19
Content-Type: application/json; charset=utf-8
host: localhost:52206
accept: */*

Response DefaultHttpResponse(decodeResult: success, version: HTTP/1.1)
HTTP/1.1 200 OK
Content-Type: application/json; charset=utf-8
cache-control: no-cache
content-length: 14

02:11:00.652 [AsyncHttpClient-1-5] DEBUG org.asynchttpclient.netty.channel.ChannelManager - Adding key: http://localhost:52206 for channel [id: 0x0db44d37, L:/127.0.0.1:61505 - R:localhost/127.0.0.1:52206]
02:11:00.653 [Forwarding findElement on session 387fa352d2e5ddb4763df9a51b617041 to remote] DEBUG org.asynchttpclient.netty.request.NettyRequestSender - Using pooled Channel '[id: 0x0db44d37, L:/127.0.0.1:61505 - R:localhost/127.0.0.1:52206]' for 'POST' to 'http://localhost:52206/session/387fa352d2e5ddb4763df9a51b617041/element'
02:11:00.654 [Forwarding findElement on session 387fa352d2e5ddb4763df9a51b617041 to remote] DEBUG org.asynchttpclient.netty.request.NettyRequestSender - Using open Channel [id: 0x0db44d37, L:/127.0.0.1:61505 - R:localhost/127.0.0.1:52206] for POST '/session/387fa352d2e5ddb4763df9a51b617041/element'
02:11:00.662 [AsyncHttpClient-1-5] DEBUG org.asynchttpclient.netty.handler.HttpHandler - 

Request DefaultHttpRequest(decodeResult: success, version: HTTP/1.1)
POST /session/387fa352d2e5ddb4763df9a51b617041/element HTTP/1.1
User-Agent: selenium/4.1.3 (java windows)
Content-Length: 66
Content-Type: application/json; charset=utf-8
host: localhost:52206
accept: */*

Response DefaultHttpResponse(decodeResult: success, version: HTTP/1.1)
HTTP/1.1 200 OK
Content-Type: application/json; charset=utf-8
cache-control: no-cache
content-length: 88

02:11:00.665 [AsyncHttpClient-1-5] DEBUG org.asynchttpclient.netty.channel.ChannelManager - Adding key: http://localhost:52206 for channel [id: 0x0db44d37, L:/127.0.0.1:61505 - R:localhost/127.0.0.1:52206]
02:11:00.667 [Forwarding setTimeout on session 387fa352d2e5ddb4763df9a51b617041 to remote] DEBUG org.asynchttpclient.netty.request.NettyRequestSender - Using pooled Channel '[id: 0x0db44d37, L:/127.0.0.1:61505 - R:localhost/127.0.0.1:52206]' for 'POST' to 'http://localhost:52206/session/387fa352d2e5ddb4763df9a51b617041/timeouts'
02:11:00.667 [Forwarding setTimeout on session 387fa352d2e5ddb4763df9a51b617041 to remote] DEBUG org.asynchttpclient.netty.request.NettyRequestSender - Using open Channel [id: 0x0db44d37, L:/127.0.0.1:61505 - R:localhost/127.0.0.1:52206] for POST '/session/387fa352d2e5ddb4763df9a51b617041/timeouts'
02:11:00.668 [AsyncHttpClient-1-5] DEBUG org.asynchttpclient.netty.handler.HttpHandler - 

Request DefaultHttpRequest(decodeResult: success, version: HTTP/1.1)
POST /session/387fa352d2e5ddb4763df9a51b617041/timeouts HTTP/1.1
User-Agent: selenium/4.1.3 (java windows)
Content-Length: 22
Content-Type: application/json; charset=utf-8
host: localhost:52206
accept: */*

Response DefaultHttpResponse(decodeResult: success, version: HTTP/1.1)
HTTP/1.1 200 OK
Content-Type: application/json; charset=utf-8
cache-control: no-cache
content-length: 14

02:11:00.668 [AsyncHttpClient-1-5] DEBUG org.asynchttpclient.netty.channel.ChannelManager - Adding key: http://localhost:52206 for channel [id: 0x0db44d37, L:/127.0.0.1:61505 - R:localhost/127.0.0.1:52206]
02:11:00.675 [Forwarding isElementDisplayed on session 387fa352d2e5ddb4763df9a51b617041 to remote] DEBUG org.asynchttpclient.netty.request.NettyRequestSender - Using pooled Channel '[id: 0x0db44d37, L:/127.0.0.1:61505 - R:localhost/127.0.0.1:52206]' for 'POST' to 'http://localhost:52206/session/387fa352d2e5ddb4763df9a51b617041/execute/sync'
02:11:00.675 [Forwarding isElementDisplayed on session 387fa352d2e5ddb4763df9a51b617041 to remote] DEBUG org.asynchttpclient.netty.request.NettyRequestSender - Using open Channel [id: 0x0db44d37, L:/127.0.0.1:61505 - R:localhost/127.0.0.1:52206] for POST '/session/387fa352d2e5ddb4763df9a51b617041/execute/sync'
02:11:00.691 [AsyncHttpClient-1-5] DEBUG org.asynchttpclient.netty.handler.HttpHandler - 

Request DefaultHttpRequest(decodeResult: success, version: HTTP/1.1)
POST /session/387fa352d2e5ddb4763df9a51b617041/execute/sync HTTP/1.1
User-Agent: selenium/4.1.3 (java windows)
Content-Length: 48780
Content-Type: application/json; charset=utf-8
host: localhost:52206
accept: */*

Response DefaultHttpResponse(decodeResult: success, version: HTTP/1.1)
HTTP/1.1 200 OK
Content-Type: application/json; charset=utf-8
cache-control: no-cache
content-length: 14

02:11:00.692 [AsyncHttpClient-1-5] DEBUG org.asynchttpclient.netty.channel.ChannelManager - Adding key: http://localhost:52206 for channel [id: 0x0db44d37, L:/127.0.0.1:61505 - R:localhost/127.0.0.1:52206]
02:11:00.695 [Forwarding clearElement on session 387fa352d2e5ddb4763df9a51b617041 to remote] DEBUG org.asynchttpclient.netty.request.NettyRequestSender - Using pooled Channel '[id: 0x0db44d37, L:/127.0.0.1:61505 - R:localhost/127.0.0.1:52206]' for 'POST' to 'http://localhost:52206/session/387fa352d2e5ddb4763df9a51b617041/element/3d59eeac-9de1-46b7-8f2a-8b2afbe7d992/clear'
02:11:00.696 [Forwarding clearElement on session 387fa352d2e5ddb4763df9a51b617041 to remote] DEBUG org.asynchttpclient.netty.request.NettyRequestSender - Using open Channel [id: 0x0db44d37, L:/127.0.0.1:61505 - R:localhost/127.0.0.1:52206] for POST '/session/387fa352d2e5ddb4763df9a51b617041/element/3d59eeac-9de1-46b7-8f2a-8b2afbe7d992/clear'
02:11:00.747 [AsyncHttpClient-1-5] DEBUG org.asynchttpclient.netty.handler.HttpHandler - 

Request DefaultHttpRequest(decodeResult: success, version: HTTP/1.1)
POST /session/387fa352d2e5ddb4763df9a51b617041/element/3d59eeac-9de1-46b7-8f2a-8b2afbe7d992/clear HTTP/1.1
User-Agent: selenium/4.1.3 (java windows)
Content-Length: 50
Content-Type: application/json; charset=utf-8
host: localhost:52206
accept: */*

Response DefaultHttpResponse(decodeResult: success, version: HTTP/1.1)
HTTP/1.1 200 OK
Content-Type: application/json; charset=utf-8
cache-control: no-cache
content-length: 14

02:11:00.748 [AsyncHttpClient-1-5] DEBUG org.asynchttpclient.netty.channel.ChannelManager - Adding key: http://localhost:52206 for channel [id: 0x0db44d37, L:/127.0.0.1:61505 - R:localhost/127.0.0.1:52206]
02:11:00.753 [Forwarding sendKeysToElement on session 387fa352d2e5ddb4763df9a51b617041 to remote] DEBUG org.asynchttpclient.netty.request.NettyRequestSender - Using pooled Channel '[id: 0x0db44d37, L:/127.0.0.1:61505 - R:localhost/127.0.0.1:52206]' for 'POST' to 'http://localhost:52206/session/387fa352d2e5ddb4763df9a51b617041/element/3d59eeac-9de1-46b7-8f2a-8b2afbe7d992/value'
02:11:00.753 [Forwarding sendKeysToElement on session 387fa352d2e5ddb4763df9a51b617041 to remote] DEBUG org.asynchttpclient.netty.request.NettyRequestSender - Using open Channel [id: 0x0db44d37, L:/127.0.0.1:61505 - R:localhost/127.0.0.1:52206] for POST '/session/387fa352d2e5ddb4763df9a51b617041/element/3d59eeac-9de1-46b7-8f2a-8b2afbe7d992/value'
02:11:00.807 [AsyncHttpClient-1-5] DEBUG org.asynchttpclient.netty.handler.HttpHandler - 

Request DefaultHttpRequest(decodeResult: success, version: HTTP/1.1)
POST /session/387fa352d2e5ddb4763df9a51b617041/element/3d59eeac-9de1-46b7-8f2a-8b2afbe7d992/value HTTP/1.1
User-Agent: selenium/4.1.3 (java windows)
Content-Length: 181
Content-Type: application/json; charset=utf-8
host: localhost:52206
accept: */*

Response DefaultHttpResponse(decodeResult: success, version: HTTP/1.1)
HTTP/1.1 200 OK
Content-Type: application/json; charset=utf-8
cache-control: no-cache
content-length: 14

02:11:00.808 [AsyncHttpClient-1-5] DEBUG org.asynchttpclient.netty.channel.ChannelManager - Adding key: http://localhost:52206 for channel [id: 0x0db44d37, L:/127.0.0.1:61505 - R:localhost/127.0.0.1:52206]
02:11:00.818 [Forwarding setTimeout on session 387fa352d2e5ddb4763df9a51b617041 to remote] DEBUG org.asynchttpclient.netty.request.NettyRequestSender - Using pooled Channel '[id: 0x0db44d37, L:/127.0.0.1:61505 - R:localhost/127.0.0.1:52206]' for 'POST' to 'http://localhost:52206/session/387fa352d2e5ddb4763df9a51b617041/timeouts'
02:11:00.819 [Forwarding setTimeout on session 387fa352d2e5ddb4763df9a51b617041 to remote] DEBUG org.asynchttpclient.netty.request.NettyRequestSender - Using open Channel [id: 0x0db44d37, L:/127.0.0.1:61505 - R:localhost/127.0.0.1:52206] for POST '/session/387fa352d2e5ddb4763df9a51b617041/timeouts'
02:11:00.820 [AsyncHttpClient-1-5] DEBUG org.asynchttpclient.netty.handler.HttpHandler - 

Request DefaultHttpRequest(decodeResult: success, version: HTTP/1.1)
POST /session/387fa352d2e5ddb4763df9a51b617041/timeouts HTTP/1.1
User-Agent: selenium/4.1.3 (java windows)
Content-Length: 19
Content-Type: application/json; charset=utf-8
host: localhost:52206
accept: */*

Response DefaultHttpResponse(decodeResult: success, version: HTTP/1.1)
HTTP/1.1 200 OK
Content-Type: application/json; charset=utf-8
cache-control: no-cache
content-length: 14

02:11:00.820 [AsyncHttpClient-1-5] DEBUG org.asynchttpclient.netty.channel.ChannelManager - Adding key: http://localhost:52206 for channel [id: 0x0db44d37, L:/127.0.0.1:61505 - R:localhost/127.0.0.1:52206]
02:11:00.823 [Forwarding findElement on session 387fa352d2e5ddb4763df9a51b617041 to remote] DEBUG org.asynchttpclient.netty.request.NettyRequestSender - Using pooled Channel '[id: 0x0db44d37, L:/127.0.0.1:61505 - R:localhost/127.0.0.1:52206]' for 'POST' to 'http://localhost:52206/session/387fa352d2e5ddb4763df9a51b617041/element'
02:11:00.823 [Forwarding findElement on session 387fa352d2e5ddb4763df9a51b617041 to remote] DEBUG org.asynchttpclient.netty.request.NettyRequestSender - Using open Channel [id: 0x0db44d37, L:/127.0.0.1:61505 - R:localhost/127.0.0.1:52206] for POST '/session/387fa352d2e5ddb4763df9a51b617041/element'
02:11:00.834 [AsyncHttpClient-1-5] DEBUG org.asynchttpclient.netty.handler.HttpHandler - 

Request DefaultHttpRequest(decodeResult: success, version: HTTP/1.1)
POST /session/387fa352d2e5ddb4763df9a51b617041/element HTTP/1.1
User-Agent: selenium/4.1.3 (java windows)
Content-Length: 64
Content-Type: application/json; charset=utf-8
host: localhost:52206
accept: */*

Response DefaultHttpResponse(decodeResult: success, version: HTTP/1.1)
HTTP/1.1 200 OK
Content-Type: application/json; charset=utf-8
cache-control: no-cache
content-length: 88

02:11:00.834 [AsyncHttpClient-1-5] DEBUG org.asynchttpclient.netty.channel.ChannelManager - Adding key: http://localhost:52206 for channel [id: 0x0db44d37, L:/127.0.0.1:61505 - R:localhost/127.0.0.1:52206]
02:11:00.837 [Forwarding setTimeout on session 387fa352d2e5ddb4763df9a51b617041 to remote] DEBUG org.asynchttpclient.netty.request.NettyRequestSender - Using pooled Channel '[id: 0x0db44d37, L:/127.0.0.1:61505 - R:localhost/127.0.0.1:52206]' for 'POST' to 'http://localhost:52206/session/387fa352d2e5ddb4763df9a51b617041/timeouts'
02:11:00.837 [Forwarding setTimeout on session 387fa352d2e5ddb4763df9a51b617041 to remote] DEBUG org.asynchttpclient.netty.request.NettyRequestSender - Using open Channel [id: 0x0db44d37, L:/127.0.0.1:61505 - R:localhost/127.0.0.1:52206] for POST '/session/387fa352d2e5ddb4763df9a51b617041/timeouts'
02:11:00.838 [AsyncHttpClient-1-5] DEBUG org.asynchttpclient.netty.handler.HttpHandler - 

Request DefaultHttpRequest(decodeResult: success, version: HTTP/1.1)
POST /session/387fa352d2e5ddb4763df9a51b617041/timeouts HTTP/1.1
User-Agent: selenium/4.1.3 (java windows)
Content-Length: 22
Content-Type: application/json; charset=utf-8
host: localhost:52206
accept: */*

Response DefaultHttpResponse(decodeResult: success, version: HTTP/1.1)
HTTP/1.1 200 OK
Content-Type: application/json; charset=utf-8
cache-control: no-cache
content-length: 14

02:11:00.839 [AsyncHttpClient-1-5] DEBUG org.asynchttpclient.netty.channel.ChannelManager - Adding key: http://localhost:52206 for channel [id: 0x0db44d37, L:/127.0.0.1:61505 - R:localhost/127.0.0.1:52206]
02:11:00.849 [Forwarding isElementDisplayed on session 387fa352d2e5ddb4763df9a51b617041 to remote] DEBUG org.asynchttpclient.netty.request.NettyRequestSender - Using pooled Channel '[id: 0x0db44d37, L:/127.0.0.1:61505 - R:localhost/127.0.0.1:52206]' for 'POST' to 'http://localhost:52206/session/387fa352d2e5ddb4763df9a51b617041/execute/sync'
02:11:00.849 [Forwarding isElementDisplayed on session 387fa352d2e5ddb4763df9a51b617041 to remote] DEBUG org.asynchttpclient.netty.request.NettyRequestSender - Using open Channel [id: 0x0db44d37, L:/127.0.0.1:61505 - R:localhost/127.0.0.1:52206] for POST '/session/387fa352d2e5ddb4763df9a51b617041/execute/sync'
02:11:00.867 [AsyncHttpClient-1-5] DEBUG org.asynchttpclient.netty.handler.HttpHandler - 

Request DefaultHttpRequest(decodeResult: success, version: HTTP/1.1)
POST /session/387fa352d2e5ddb4763df9a51b617041/execute/sync HTTP/1.1
User-Agent: selenium/4.1.3 (java windows)
Content-Length: 48780
Content-Type: application/json; charset=utf-8
host: localhost:52206
accept: */*

Response DefaultHttpResponse(decodeResult: success, version: HTTP/1.1)
HTTP/1.1 200 OK
Content-Type: application/json; charset=utf-8
cache-control: no-cache
content-length: 14

02:11:00.867 [AsyncHttpClient-1-5] DEBUG org.asynchttpclient.netty.channel.ChannelManager - Adding key: http://localhost:52206 for channel [id: 0x0db44d37, L:/127.0.0.1:61505 - R:localhost/127.0.0.1:52206]
02:11:00.872 [Forwarding getElementTagName on session 387fa352d2e5ddb4763df9a51b617041 to remote] DEBUG org.asynchttpclient.netty.request.NettyRequestSender - Using pooled Channel '[id: 0x0db44d37, L:/127.0.0.1:61505 - R:localhost/127.0.0.1:52206]' for 'GET' to 'http://localhost:52206/session/387fa352d2e5ddb4763df9a51b617041/element/380ac917-9a15-4e93-bc5a-82fbaf8129bf/name'
02:11:00.872 [Forwarding getElementTagName on session 387fa352d2e5ddb4763df9a51b617041 to remote] DEBUG org.asynchttpclient.netty.request.NettyRequestSender - Using open Channel [id: 0x0db44d37, L:/127.0.0.1:61505 - R:localhost/127.0.0.1:52206] for GET '/session/387fa352d2e5ddb4763df9a51b617041/element/380ac917-9a15-4e93-bc5a-82fbaf8129bf/name'
02:11:00.878 [AsyncHttpClient-1-5] DEBUG org.asynchttpclient.netty.handler.HttpHandler - 

Request DefaultFullHttpRequest(decodeResult: success, version: HTTP/1.1, content: EmptyByteBufBE)
GET /session/387fa352d2e5ddb4763df9a51b617041/element/380ac917-9a15-4e93-bc5a-82fbaf8129bf/name HTTP/1.1
User-Agent: selenium/4.1.3 (java windows)
Cache-Control: no-cache
Content-Type: application/json; charset=utf-8
host: localhost:52206
accept: */*

Response DefaultHttpResponse(decodeResult: success, version: HTTP/1.1)
HTTP/1.1 200 OK
Content-Type: application/json; charset=utf-8
cache-control: no-cache
content-length: 17

02:11:00.879 [AsyncHttpClient-1-5] DEBUG org.asynchttpclient.netty.channel.ChannelManager - Adding key: http://localhost:52206 for channel [id: 0x0db44d37, L:/127.0.0.1:61505 - R:localhost/127.0.0.1:52206]
02:11:00.883 [Forwarding getElementTagName on session 387fa352d2e5ddb4763df9a51b617041 to remote] DEBUG org.asynchttpclient.netty.request.NettyRequestSender - Using pooled Channel '[id: 0x0db44d37, L:/127.0.0.1:61505 - R:localhost/127.0.0.1:52206]' for 'GET' to 'http://localhost:52206/session/387fa352d2e5ddb4763df9a51b617041/element/380ac917-9a15-4e93-bc5a-82fbaf8129bf/name'
02:11:00.883 [Forwarding getElementTagName on session 387fa352d2e5ddb4763df9a51b617041 to remote] DEBUG org.asynchttpclient.netty.request.NettyRequestSender - Using open Channel [id: 0x0db44d37, L:/127.0.0.1:61505 - R:localhost/127.0.0.1:52206] for GET '/session/387fa352d2e5ddb4763df9a51b617041/element/380ac917-9a15-4e93-bc5a-82fbaf8129bf/name'
02:11:00.889 [AsyncHttpClient-1-5] DEBUG org.asynchttpclient.netty.handler.HttpHandler - 

Request DefaultFullHttpRequest(decodeResult: success, version: HTTP/1.1, content: EmptyByteBufBE)
GET /session/387fa352d2e5ddb4763df9a51b617041/element/380ac917-9a15-4e93-bc5a-82fbaf8129bf/name HTTP/1.1
User-Agent: selenium/4.1.3 (java windows)
Cache-Control: no-cache
Content-Type: application/json; charset=utf-8
host: localhost:52206
accept: */*

Response DefaultHttpResponse(decodeResult: success, version: HTTP/1.1)
HTTP/1.1 200 OK
Content-Type: application/json; charset=utf-8
cache-control: no-cache
content-length: 17

02:11:00.889 [AsyncHttpClient-1-5] DEBUG org.asynchttpclient.netty.channel.ChannelManager - Adding key: http://localhost:52206 for channel [id: 0x0db44d37, L:/127.0.0.1:61505 - R:localhost/127.0.0.1:52206]
02:11:00.894 [Forwarding isElementEnabled on session 387fa352d2e5ddb4763df9a51b617041 to remote] DEBUG org.asynchttpclient.netty.request.NettyRequestSender - Using pooled Channel '[id: 0x0db44d37, L:/127.0.0.1:61505 - R:localhost/127.0.0.1:52206]' for 'GET' to 'http://localhost:52206/session/387fa352d2e5ddb4763df9a51b617041/element/380ac917-9a15-4e93-bc5a-82fbaf8129bf/enabled'
02:11:00.895 [Forwarding isElementEnabled on session 387fa352d2e5ddb4763df9a51b617041 to remote] DEBUG org.asynchttpclient.netty.request.NettyRequestSender - Using open Channel [id: 0x0db44d37, L:/127.0.0.1:61505 - R:localhost/127.0.0.1:52206] for GET '/session/387fa352d2e5ddb4763df9a51b617041/element/380ac917-9a15-4e93-bc5a-82fbaf8129bf/enabled'
02:11:00.916 [AsyncHttpClient-1-5] DEBUG org.asynchttpclient.netty.handler.HttpHandler - 

Request DefaultFullHttpRequest(decodeResult: success, version: HTTP/1.1, content: EmptyByteBufBE)
GET /session/387fa352d2e5ddb4763df9a51b617041/element/380ac917-9a15-4e93-bc5a-82fbaf8129bf/enabled HTTP/1.1
User-Agent: selenium/4.1.3 (java windows)
Cache-Control: no-cache
Content-Type: application/json; charset=utf-8
host: localhost:52206
accept: */*

Response DefaultHttpResponse(decodeResult: success, version: HTTP/1.1)
HTTP/1.1 200 OK
Content-Type: application/json; charset=utf-8
cache-control: no-cache
content-length: 14

02:11:00.916 [AsyncHttpClient-1-5] DEBUG org.asynchttpclient.netty.channel.ChannelManager - Adding key: http://localhost:52206 for channel [id: 0x0db44d37, L:/127.0.0.1:61505 - R:localhost/127.0.0.1:52206]
02:11:00.919 [Forwarding isElementEnabled on session 387fa352d2e5ddb4763df9a51b617041 to remote] DEBUG org.asynchttpclient.netty.request.NettyRequestSender - Using pooled Channel '[id: 0x0db44d37, L:/127.0.0.1:61505 - R:localhost/127.0.0.1:52206]' for 'GET' to 'http://localhost:52206/session/387fa352d2e5ddb4763df9a51b617041/element/380ac917-9a15-4e93-bc5a-82fbaf8129bf/enabled'
02:11:00.919 [Forwarding isElementEnabled on session 387fa352d2e5ddb4763df9a51b617041 to remote] DEBUG org.asynchttpclient.netty.request.NettyRequestSender - Using open Channel [id: 0x0db44d37, L:/127.0.0.1:61505 - R:localhost/127.0.0.1:52206] for GET '/session/387fa352d2e5ddb4763df9a51b617041/element/380ac917-9a15-4e93-bc5a-82fbaf8129bf/enabled'
02:11:00.926 [AsyncHttpClient-1-5] DEBUG org.asynchttpclient.netty.handler.HttpHandler - 

Request DefaultFullHttpRequest(decodeResult: success, version: HTTP/1.1, content: EmptyByteBufBE)
GET /session/387fa352d2e5ddb4763df9a51b617041/element/380ac917-9a15-4e93-bc5a-82fbaf8129bf/enabled HTTP/1.1
User-Agent: selenium/4.1.3 (java windows)
Cache-Control: no-cache
Content-Type: application/json; charset=utf-8
host: localhost:52206
accept: */*

Response DefaultHttpResponse(decodeResult: success, version: HTTP/1.1)
HTTP/1.1 200 OK
Content-Type: application/json; charset=utf-8
cache-control: no-cache
content-length: 14

02:11:00.926 [AsyncHttpClient-1-5] DEBUG org.asynchttpclient.netty.channel.ChannelManager - Adding key: http://localhost:52206 for channel [id: 0x0db44d37, L:/127.0.0.1:61505 - R:localhost/127.0.0.1:52206]
02:11:00.929 [Forwarding clickElement on session 387fa352d2e5ddb4763df9a51b617041 to remote] DEBUG org.asynchttpclient.netty.request.NettyRequestSender - Using pooled Channel '[id: 0x0db44d37, L:/127.0.0.1:61505 - R:localhost/127.0.0.1:52206]' for 'POST' to 'http://localhost:52206/session/387fa352d2e5ddb4763df9a51b617041/element/380ac917-9a15-4e93-bc5a-82fbaf8129bf/click'
02:11:00.930 [Forwarding clickElement on session 387fa352d2e5ddb4763df9a51b617041 to remote] DEBUG org.asynchttpclient.netty.request.NettyRequestSender - Using open Channel [id: 0x0db44d37, L:/127.0.0.1:61505 - R:localhost/127.0.0.1:52206] for POST '/session/387fa352d2e5ddb4763df9a51b617041/element/380ac917-9a15-4e93-bc5a-82fbaf8129bf/click'
02:11:00.956 [AsyncHttpClient-1-1] DEBUG org.asynchttpclient.netty.channel.DefaultChannelPool - Entry count for : http://localhost:61506 : 1
02:11:01.357 [AsyncHttpClient-1-5] DEBUG org.asynchttpclient.netty.handler.HttpHandler - 

Request DefaultHttpRequest(decodeResult: success, version: HTTP/1.1)
POST /session/387fa352d2e5ddb4763df9a51b617041/element/380ac917-9a15-4e93-bc5a-82fbaf8129bf/click HTTP/1.1
User-Agent: selenium/4.1.3 (java windows)
Content-Length: 50
Content-Type: application/json; charset=utf-8
host: localhost:52206
accept: */*

Response DefaultHttpResponse(decodeResult: success, version: HTTP/1.1)
HTTP/1.1 200 OK
Content-Type: application/json; charset=utf-8
cache-control: no-cache
content-length: 14

02:11:01.357 [AsyncHttpClient-1-5] DEBUG org.asynchttpclient.netty.channel.ChannelManager - Adding key: http://localhost:52206 for channel [id: 0x0db44d37, L:/127.0.0.1:61505 - R:localhost/127.0.0.1:52206]
02:11:01.362 [main] DEBUG net.thucydides.core.steps.StepInterceptor - STEP DONE: login
  &amp#27;[32mGiven &amp#27;[0m&amp#27;[32mthe user enters the username &amp#27;[0m&amp#27;[32m&amp#27;[1m""&amp#27;[0m&amp#27;[32m and password &amp#27;[0m&amp#27;[32m&amp#27;[1mmngr398793&amp#27;[0m &amp#27;[90m# cucumber.LoginStepDefs.the_user_enters_the_username_and_password(java.lang.String,java.lang.String)&amp#27;[0m
02:11:01.376 [main] DEBUG net.thucydides.core.steps.StepInterceptor - STARTING STEP: LoginStepDefs.the_error_message_user_is_not_valid_is_displayed - checkInvalid
02:11:01.378 [Forwarding getAlertText on session 387fa352d2e5ddb4763df9a51b617041 to remote] DEBUG org.asynchttpclient.netty.request.NettyRequestSender - Using pooled Channel '[id: 0x0db44d37, L:/127.0.0.1:61505 - R:localhost/127.0.0.1:52206]' for 'GET' to 'http://localhost:52206/session/387fa352d2e5ddb4763df9a51b617041/alert/text'
02:11:01.378 [Forwarding getAlertText on session 387fa352d2e5ddb4763df9a51b617041 to remote] DEBUG org.asynchttpclient.netty.request.NettyRequestSender - Using open Channel [id: 0x0db44d37, L:/127.0.0.1:61505 - R:localhost/127.0.0.1:52206] for GET '/session/387fa352d2e5ddb4763df9a51b617041/alert/text'
02:11:01.380 [AsyncHttpClient-1-5] DEBUG org.asynchttpclient.netty.handler.HttpHandler - 

Request DefaultFullHttpRequest(decodeResult: success, version: HTTP/1.1, content: EmptyByteBufBE)
GET /session/387fa352d2e5ddb4763df9a51b617041/alert/text HTTP/1.1
User-Agent: selenium/4.1.3 (java windows)
Cache-Control: no-cache
Content-Type: application/json; charset=utf-8
host: localhost:52206
accept: */*

Response DefaultHttpResponse(decodeResult: success, version: HTTP/1.1)
HTTP/1.1 200 OK
Content-Type: application/json; charset=utf-8
cache-control: no-cache
content-length: 29

02:11:01.380 [AsyncHttpClient-1-5] DEBUG org.asynchttpclient.netty.channel.ChannelManager - Adding key: http://localhost:52206 for channel [id: 0x0db44d37, L:/127.0.0.1:61505 - R:localhost/127.0.0.1:52206]
02:11:01.384 [Forwarding getAlertText on session 387fa352d2e5ddb4763df9a51b617041 to remote] DEBUG org.asynchttpclient.netty.request.NettyRequestSender - Using pooled Channel '[id: 0x0db44d37, L:/127.0.0.1:61505 - R:localhost/127.0.0.1:52206]' for 'GET' to 'http://localhost:52206/session/387fa352d2e5ddb4763df9a51b617041/alert/text'
02:11:01.384 [Forwarding getAlertText on session 387fa352d2e5ddb4763df9a51b617041 to remote] DEBUG org.asynchttpclient.netty.request.NettyRequestSender - Using open Channel [id: 0x0db44d37, L:/127.0.0.1:61505 - R:localhost/127.0.0.1:52206] for GET '/session/387fa352d2e5ddb4763df9a51b617041/alert/text'
02:11:01.386 [AsyncHttpClient-1-5] DEBUG org.asynchttpclient.netty.handler.HttpHandler - 

Request DefaultFullHttpRequest(decodeResult: success, version: HTTP/1.1, content: EmptyByteBufBE)
GET /session/387fa352d2e5ddb4763df9a51b617041/alert/text HTTP/1.1
User-Agent: selenium/4.1.3 (java windows)
Cache-Control: no-cache
Content-Type: application/json; charset=utf-8
host: localhost:52206
accept: */*

Response DefaultHttpResponse(decodeResult: success, version: HTTP/1.1)
HTTP/1.1 200 OK
Content-Type: application/json; charset=utf-8
cache-control: no-cache
content-length: 29

02:11:01.386 [AsyncHttpClient-1-5] DEBUG org.asynchttpclient.netty.channel.ChannelManager - Adding key: http://localhost:52206 for channel [id: 0x0db44d37, L:/127.0.0.1:61505 - R:localhost/127.0.0.1:52206]
02:11:01.389 [Forwarding acceptAlert on session 387fa352d2e5ddb4763df9a51b617041 to remote] DEBUG org.asynchttpclient.netty.request.NettyRequestSender - Using pooled Channel '[id: 0x0db44d37, L:/127.0.0.1:61505 - R:localhost/127.0.0.1:52206]' for 'POST' to 'http://localhost:52206/session/387fa352d2e5ddb4763df9a51b617041/alert/accept'
02:11:01.389 [Forwarding acceptAlert on session 387fa352d2e5ddb4763df9a51b617041 to remote] DEBUG org.asynchttpclient.netty.request.NettyRequestSender - Using open Channel [id: 0x0db44d37, L:/127.0.0.1:61505 - R:localhost/127.0.0.1:52206] for POST '/session/387fa352d2e5ddb4763df9a51b617041/alert/accept'
02:11:01.392 [AsyncHttpClient-1-5] DEBUG org.asynchttpclient.netty.handler.HttpHandler - 

Request DefaultHttpRequest(decodeResult: success, version: HTTP/1.1)
POST /session/387fa352d2e5ddb4763df9a51b617041/alert/accept HTTP/1.1
User-Agent: selenium/4.1.3 (java windows)
Content-Length: 3
Content-Type: application/json; charset=utf-8
host: localhost:52206
accept: */*

Response DefaultHttpResponse(decodeResult: success, version: HTTP/1.1)
HTTP/1.1 200 OK
Content-Type: application/json; charset=utf-8
cache-control: no-cache
content-length: 14

02:11:01.393 [AsyncHttpClient-1-5] DEBUG org.asynchttpclient.netty.channel.ChannelManager - Adding key: http://localhost:52206 for channel [id: 0x0db44d37, L:/127.0.0.1:61505 - R:localhost/127.0.0.1:52206]
02:11:01.395 [main] DEBUG net.thucydides.core.steps.StepInterceptor - STEP DONE: checkInvalid
  &amp#27;[32mThen &amp#27;[0m&amp#27;[32mthe error message &amp#27;[0m&amp#27;[32m&amp#27;[1m'User is not valid'&amp#27;[0m&amp#27;[32m is displayed&amp#27;[0m       &amp#27;[90m# cucumber.LoginStepDefs.the_error_message_user_is_not_valid_is_displayed(java.lang.String)&amp#27;[0m
]]></system-out>
  </testcase>
  <testcase name="user login unsuccessful #4" classname="user login to the page unsuccessful" time="3.296">
    <system-out><![CDATA[
@unit
Scenario Outline: user login unsuccessful                       &amp#27;[90m# src/test/resources/features.login/login_unsuccess.feature:12&amp#27;[0m
02:11:01.418 [main] INFO io.cucumber.core.plugin.SerenityReporter - Running feature from file:///D:/Pratice/serenity_homework/src/test/resources/features.login/login_unsuccess.feature
02:11:01.418 [main] WARN io.cucumber.core.plugin.SerenityReporter - Feature from file:///D:/Pratice/serenity_homework/src/test/resources/features.login/login_unsuccess.feature is not under the 'features' directory. Requirements report will not be correctly generated!
02:11:01.486 [main] DEBUG io.github.bonigarcia.wdm.cache.ResolutionCache - Resolution chrome=100 in cache (valid until 02:23:33 21/04/2022 ICT)
02:11:01.488 [main] DEBUG io.github.bonigarcia.wdm.cache.ResolutionCache - Resolution chrome100=100.0.4896.60 in cache (valid until 15:25:50 21/04/2022 ICT)
02:11:01.488 [main] INFO io.github.bonigarcia.wdm.WebDriverManager - Using chromedriver 100.0.4896.60 (resolved driver for Chrome 100)
02:11:01.508 [main] DEBUG io.github.bonigarcia.wdm.WebDriverManager - Driver chromedriver 100.0.4896.60 found in cache
02:11:01.510 [main] INFO io.github.bonigarcia.wdm.WebDriverManager - Exporting webdriver.chrome.driver as C:\Users\dung.nguyenanh\.cache\selenium\chromedriver\win32\100.0.4896.60\chromedriver.exe
02:11:01.512 [Forwarding get on session 387fa352d2e5ddb4763df9a51b617041 to remote] DEBUG org.asynchttpclient.netty.request.NettyRequestSender - Using pooled Channel '[id: 0x0db44d37, L:/127.0.0.1:61505 - R:localhost/127.0.0.1:52206]' for 'POST' to 'http://localhost:52206/session/387fa352d2e5ddb4763df9a51b617041/url'
02:11:01.512 [Forwarding get on session 387fa352d2e5ddb4763df9a51b617041 to remote] DEBUG org.asynchttpclient.netty.request.NettyRequestSender - Using open Channel [id: 0x0db44d37, L:/127.0.0.1:61505 - R:localhost/127.0.0.1:52206] for POST '/session/387fa352d2e5ddb4763df9a51b617041/url'
02:11:02.056 [AsyncHttpClient-1-1] DEBUG org.asynchttpclient.netty.channel.DefaultChannelPool - Entry count for : http://localhost:61506 : 1
02:11:03.007 [AsyncHttpClient-1-5] DEBUG org.asynchttpclient.netty.handler.HttpHandler - 

Request DefaultHttpRequest(decodeResult: success, version: HTTP/1.1)
POST /session/387fa352d2e5ddb4763df9a51b617041/url HTTP/1.1
User-Agent: selenium/4.1.3 (java windows)
Content-Length: 94
Content-Type: application/json; charset=utf-8
host: localhost:52206
accept: */*

Response DefaultHttpResponse(decodeResult: success, version: HTTP/1.1)
HTTP/1.1 200 OK
Content-Type: application/json; charset=utf-8
cache-control: no-cache
content-length: 14

02:11:03.008 [AsyncHttpClient-1-5] DEBUG org.asynchttpclient.netty.channel.ChannelManager - Adding key: http://localhost:52206 for channel [id: 0x0db44d37, L:/127.0.0.1:61505 - R:localhost/127.0.0.1:52206]
02:11:03.010 [Forwarding getCurrentUrl on session 387fa352d2e5ddb4763df9a51b617041 to remote] DEBUG org.asynchttpclient.netty.request.NettyRequestSender - Using pooled Channel '[id: 0x0db44d37, L:/127.0.0.1:61505 - R:localhost/127.0.0.1:52206]' for 'GET' to 'http://localhost:52206/session/387fa352d2e5ddb4763df9a51b617041/url'
02:11:03.010 [Forwarding getCurrentUrl on session 387fa352d2e5ddb4763df9a51b617041 to remote] DEBUG org.asynchttpclient.netty.request.NettyRequestSender - Using open Channel [id: 0x0db44d37, L:/127.0.0.1:61505 - R:localhost/127.0.0.1:52206] for GET '/session/387fa352d2e5ddb4763df9a51b617041/url'
02:11:03.019 [AsyncHttpClient-1-5] DEBUG org.asynchttpclient.netty.handler.HttpHandler - 

Request DefaultFullHttpRequest(decodeResult: success, version: HTTP/1.1, content: EmptyByteBufBE)
GET /session/387fa352d2e5ddb4763df9a51b617041/url HTTP/1.1
User-Agent: selenium/4.1.3 (java windows)
Cache-Control: no-cache
Content-Type: application/json; charset=utf-8
host: localhost:52206
accept: */*

Response DefaultHttpResponse(decodeResult: success, version: HTTP/1.1)
HTTP/1.1 200 OK
Content-Type: application/json; charset=utf-8
cache-control: no-cache
content-length: 61

02:11:03.020 [AsyncHttpClient-1-5] DEBUG org.asynchttpclient.netty.channel.ChannelManager - Adding key: http://localhost:52206 for channel [id: 0x0db44d37, L:/127.0.0.1:61505 - R:localhost/127.0.0.1:52206]
02:11:03.023 [Forwarding getCurrentUrl on session 387fa352d2e5ddb4763df9a51b617041 to remote] DEBUG org.asynchttpclient.netty.request.NettyRequestSender - Using pooled Channel '[id: 0x0db44d37, L:/127.0.0.1:61505 - R:localhost/127.0.0.1:52206]' for 'GET' to 'http://localhost:52206/session/387fa352d2e5ddb4763df9a51b617041/url'
02:11:03.023 [Forwarding getCurrentUrl on session 387fa352d2e5ddb4763df9a51b617041 to remote] DEBUG org.asynchttpclient.netty.request.NettyRequestSender - Using open Channel [id: 0x0db44d37, L:/127.0.0.1:61505 - R:localhost/127.0.0.1:52206] for GET '/session/387fa352d2e5ddb4763df9a51b617041/url'
02:11:03.028 [AsyncHttpClient-1-5] DEBUG org.asynchttpclient.netty.handler.HttpHandler - 

Request DefaultFullHttpRequest(decodeResult: success, version: HTTP/1.1, content: EmptyByteBufBE)
GET /session/387fa352d2e5ddb4763df9a51b617041/url HTTP/1.1
User-Agent: selenium/4.1.3 (java windows)
Cache-Control: no-cache
Content-Type: application/json; charset=utf-8
host: localhost:52206
accept: */*

Response DefaultHttpResponse(decodeResult: success, version: HTTP/1.1)
HTTP/1.1 200 OK
Content-Type: application/json; charset=utf-8
cache-control: no-cache
content-length: 61

02:11:03.028 [AsyncHttpClient-1-5] DEBUG org.asynchttpclient.netty.channel.ChannelManager - Adding key: http://localhost:52206 for channel [id: 0x0db44d37, L:/127.0.0.1:61505 - R:localhost/127.0.0.1:52206]
02:11:03.034 [Forwarding maximizeCurrentWindow on session 387fa352d2e5ddb4763df9a51b617041 to remote] DEBUG org.asynchttpclient.netty.request.NettyRequestSender - Using pooled Channel '[id: 0x0db44d37, L:/127.0.0.1:61505 - R:localhost/127.0.0.1:52206]' for 'POST' to 'http://localhost:52206/session/387fa352d2e5ddb4763df9a51b617041/window/maximize'
02:11:03.034 [Forwarding maximizeCurrentWindow on session 387fa352d2e5ddb4763df9a51b617041 to remote] DEBUG org.asynchttpclient.netty.request.NettyRequestSender - Using open Channel [id: 0x0db44d37, L:/127.0.0.1:61505 - R:localhost/127.0.0.1:52206] for POST '/session/387fa352d2e5ddb4763df9a51b617041/window/maximize'
02:11:03.038 [AsyncHttpClient-1-5] DEBUG org.asynchttpclient.netty.handler.HttpHandler - 

Request DefaultHttpRequest(decodeResult: success, version: HTTP/1.1)
POST /session/387fa352d2e5ddb4763df9a51b617041/window/maximize HTTP/1.1
User-Agent: selenium/4.1.3 (java windows)
Content-Length: 3
Content-Type: application/json; charset=utf-8
host: localhost:52206
accept: */*

Response DefaultHttpResponse(decodeResult: success, version: HTTP/1.1)
HTTP/1.1 200 OK
Content-Type: application/json; charset=utf-8
cache-control: no-cache
content-length: 51

02:11:03.038 [AsyncHttpClient-1-5] DEBUG org.asynchttpclient.netty.channel.ChannelManager - Adding key: http://localhost:52206 for channel [id: 0x0db44d37, L:/127.0.0.1:61505 - R:localhost/127.0.0.1:52206]
02:11:03.056 [main] DEBUG net.thucydides.core.steps.StepInterceptor - STARTING STEP: LoginStepDefs.the_user_enters_the_username_and_password - login
02:11:03.060 [Forwarding setTimeout on session 387fa352d2e5ddb4763df9a51b617041 to remote] DEBUG org.asynchttpclient.netty.request.NettyRequestSender - Using pooled Channel '[id: 0x0db44d37, L:/127.0.0.1:61505 - R:localhost/127.0.0.1:52206]' for 'POST' to 'http://localhost:52206/session/387fa352d2e5ddb4763df9a51b617041/timeouts'
02:11:03.060 [Forwarding setTimeout on session 387fa352d2e5ddb4763df9a51b617041 to remote] DEBUG org.asynchttpclient.netty.request.NettyRequestSender - Using open Channel [id: 0x0db44d37, L:/127.0.0.1:61505 - R:localhost/127.0.0.1:52206] for POST '/session/387fa352d2e5ddb4763df9a51b617041/timeouts'
02:11:03.061 [AsyncHttpClient-1-5] DEBUG org.asynchttpclient.netty.handler.HttpHandler - 

Request DefaultHttpRequest(decodeResult: success, version: HTTP/1.1)
POST /session/387fa352d2e5ddb4763df9a51b617041/timeouts HTTP/1.1
User-Agent: selenium/4.1.3 (java windows)
Content-Length: 19
Content-Type: application/json; charset=utf-8
host: localhost:52206
accept: */*

Response DefaultHttpResponse(decodeResult: success, version: HTTP/1.1)
HTTP/1.1 200 OK
Content-Type: application/json; charset=utf-8
cache-control: no-cache
content-length: 14

02:11:03.061 [AsyncHttpClient-1-5] DEBUG org.asynchttpclient.netty.channel.ChannelManager - Adding key: http://localhost:52206 for channel [id: 0x0db44d37, L:/127.0.0.1:61505 - R:localhost/127.0.0.1:52206]
02:11:03.066 [Forwarding findElement on session 387fa352d2e5ddb4763df9a51b617041 to remote] DEBUG org.asynchttpclient.netty.request.NettyRequestSender - Using pooled Channel '[id: 0x0db44d37, L:/127.0.0.1:61505 - R:localhost/127.0.0.1:52206]' for 'POST' to 'http://localhost:52206/session/387fa352d2e5ddb4763df9a51b617041/element'
02:11:03.066 [Forwarding findElement on session 387fa352d2e5ddb4763df9a51b617041 to remote] DEBUG org.asynchttpclient.netty.request.NettyRequestSender - Using open Channel [id: 0x0db44d37, L:/127.0.0.1:61505 - R:localhost/127.0.0.1:52206] for POST '/session/387fa352d2e5ddb4763df9a51b617041/element'
02:11:03.074 [AsyncHttpClient-1-5] DEBUG org.asynchttpclient.netty.handler.HttpHandler - 

Request DefaultHttpRequest(decodeResult: success, version: HTTP/1.1)
POST /session/387fa352d2e5ddb4763df9a51b617041/element HTTP/1.1
User-Agent: selenium/4.1.3 (java windows)
Content-Length: 61
Content-Type: application/json; charset=utf-8
host: localhost:52206
accept: */*

Response DefaultHttpResponse(decodeResult: success, version: HTTP/1.1)
HTTP/1.1 200 OK
Content-Type: application/json; charset=utf-8
cache-control: no-cache
content-length: 88

02:11:03.075 [AsyncHttpClient-1-5] DEBUG org.asynchttpclient.netty.channel.ChannelManager - Adding key: http://localhost:52206 for channel [id: 0x0db44d37, L:/127.0.0.1:61505 - R:localhost/127.0.0.1:52206]
02:11:03.078 [Forwarding setTimeout on session 387fa352d2e5ddb4763df9a51b617041 to remote] DEBUG org.asynchttpclient.netty.request.NettyRequestSender - Using pooled Channel '[id: 0x0db44d37, L:/127.0.0.1:61505 - R:localhost/127.0.0.1:52206]' for 'POST' to 'http://localhost:52206/session/387fa352d2e5ddb4763df9a51b617041/timeouts'
02:11:03.078 [Forwarding setTimeout on session 387fa352d2e5ddb4763df9a51b617041 to remote] DEBUG org.asynchttpclient.netty.request.NettyRequestSender - Using open Channel [id: 0x0db44d37, L:/127.0.0.1:61505 - R:localhost/127.0.0.1:52206] for POST '/session/387fa352d2e5ddb4763df9a51b617041/timeouts'
02:11:03.079 [AsyncHttpClient-1-5] DEBUG org.asynchttpclient.netty.handler.HttpHandler - 

Request DefaultHttpRequest(decodeResult: success, version: HTTP/1.1)
POST /session/387fa352d2e5ddb4763df9a51b617041/timeouts HTTP/1.1
User-Agent: selenium/4.1.3 (java windows)
Content-Length: 22
Content-Type: application/json; charset=utf-8
host: localhost:52206
accept: */*

Response DefaultHttpResponse(decodeResult: success, version: HTTP/1.1)
HTTP/1.1 200 OK
Content-Type: application/json; charset=utf-8
cache-control: no-cache
content-length: 14

02:11:03.079 [AsyncHttpClient-1-5] DEBUG org.asynchttpclient.netty.channel.ChannelManager - Adding key: http://localhost:52206 for channel [id: 0x0db44d37, L:/127.0.0.1:61505 - R:localhost/127.0.0.1:52206]
02:11:03.089 [Forwarding isElementDisplayed on session 387fa352d2e5ddb4763df9a51b617041 to remote] DEBUG org.asynchttpclient.netty.request.NettyRequestSender - Using pooled Channel '[id: 0x0db44d37, L:/127.0.0.1:61505 - R:localhost/127.0.0.1:52206]' for 'POST' to 'http://localhost:52206/session/387fa352d2e5ddb4763df9a51b617041/execute/sync'
02:11:03.089 [Forwarding isElementDisplayed on session 387fa352d2e5ddb4763df9a51b617041 to remote] DEBUG org.asynchttpclient.netty.request.NettyRequestSender - Using open Channel [id: 0x0db44d37, L:/127.0.0.1:61505 - R:localhost/127.0.0.1:52206] for POST '/session/387fa352d2e5ddb4763df9a51b617041/execute/sync'
02:11:03.162 [AsyncHttpClient-1-1] DEBUG org.asynchttpclient.netty.channel.DefaultChannelPool - Entry count for : http://localhost:61506 : 1
02:11:03.325 [AsyncHttpClient-1-5] DEBUG org.asynchttpclient.netty.handler.HttpHandler - 

Request DefaultHttpRequest(decodeResult: success, version: HTTP/1.1)
POST /session/387fa352d2e5ddb4763df9a51b617041/execute/sync HTTP/1.1
User-Agent: selenium/4.1.3 (java windows)
Content-Length: 48780
Content-Type: application/json; charset=utf-8
host: localhost:52206
accept: */*

Response DefaultHttpResponse(decodeResult: success, version: HTTP/1.1)
HTTP/1.1 200 OK
Content-Type: application/json; charset=utf-8
cache-control: no-cache
content-length: 14

02:11:03.326 [AsyncHttpClient-1-5] DEBUG org.asynchttpclient.netty.channel.ChannelManager - Adding key: http://localhost:52206 for channel [id: 0x0db44d37, L:/127.0.0.1:61505 - R:localhost/127.0.0.1:52206]
02:11:03.329 [Forwarding clearElement on session 387fa352d2e5ddb4763df9a51b617041 to remote] DEBUG org.asynchttpclient.netty.request.NettyRequestSender - Using pooled Channel '[id: 0x0db44d37, L:/127.0.0.1:61505 - R:localhost/127.0.0.1:52206]' for 'POST' to 'http://localhost:52206/session/387fa352d2e5ddb4763df9a51b617041/element/e87a42c1-908c-4032-87b6-ba03dd635570/clear'
02:11:03.330 [Forwarding clearElement on session 387fa352d2e5ddb4763df9a51b617041 to remote] DEBUG org.asynchttpclient.netty.request.NettyRequestSender - Using open Channel [id: 0x0db44d37, L:/127.0.0.1:61505 - R:localhost/127.0.0.1:52206] for POST '/session/387fa352d2e5ddb4763df9a51b617041/element/e87a42c1-908c-4032-87b6-ba03dd635570/clear'
02:11:03.371 [AsyncHttpClient-1-5] DEBUG org.asynchttpclient.netty.handler.HttpHandler - 

Request DefaultHttpRequest(decodeResult: success, version: HTTP/1.1)
POST /session/387fa352d2e5ddb4763df9a51b617041/element/e87a42c1-908c-4032-87b6-ba03dd635570/clear HTTP/1.1
User-Agent: selenium/4.1.3 (java windows)
Content-Length: 50
Content-Type: application/json; charset=utf-8
host: localhost:52206
accept: */*

Response DefaultHttpResponse(decodeResult: success, version: HTTP/1.1)
HTTP/1.1 200 OK
Content-Type: application/json; charset=utf-8
cache-control: no-cache
content-length: 14

02:11:03.372 [AsyncHttpClient-1-5] DEBUG org.asynchttpclient.netty.channel.ChannelManager - Adding key: http://localhost:52206 for channel [id: 0x0db44d37, L:/127.0.0.1:61505 - R:localhost/127.0.0.1:52206]
02:11:03.374 [Forwarding sendKeysToElement on session 387fa352d2e5ddb4763df9a51b617041 to remote] DEBUG org.asynchttpclient.netty.request.NettyRequestSender - Using pooled Channel '[id: 0x0db44d37, L:/127.0.0.1:61505 - R:localhost/127.0.0.1:52206]' for 'POST' to 'http://localhost:52206/session/387fa352d2e5ddb4763df9a51b617041/element/e87a42c1-908c-4032-87b6-ba03dd635570/value'
02:11:03.375 [Forwarding sendKeysToElement on session 387fa352d2e5ddb4763df9a51b617041 to remote] DEBUG org.asynchttpclient.netty.request.NettyRequestSender - Using open Channel [id: 0x0db44d37, L:/127.0.0.1:61505 - R:localhost/127.0.0.1:52206] for POST '/session/387fa352d2e5ddb4763df9a51b617041/element/e87a42c1-908c-4032-87b6-ba03dd635570/value'
02:11:03.426 [AsyncHttpClient-1-5] DEBUG org.asynchttpclient.netty.handler.HttpHandler - 

Request DefaultHttpRequest(decodeResult: success, version: HTTP/1.1)
POST /session/387fa352d2e5ddb4763df9a51b617041/element/e87a42c1-908c-4032-87b6-ba03dd635570/value HTTP/1.1
User-Agent: selenium/4.1.3 (java windows)
Content-Length: 181
Content-Type: application/json; charset=utf-8
host: localhost:52206
accept: */*

Response DefaultHttpResponse(decodeResult: success, version: HTTP/1.1)
HTTP/1.1 200 OK
Content-Type: application/json; charset=utf-8
cache-control: no-cache
content-length: 14

02:11:03.426 [AsyncHttpClient-1-5] DEBUG org.asynchttpclient.netty.channel.ChannelManager - Adding key: http://localhost:52206 for channel [id: 0x0db44d37, L:/127.0.0.1:61505 - R:localhost/127.0.0.1:52206]
02:11:03.440 [Forwarding setTimeout on session 387fa352d2e5ddb4763df9a51b617041 to remote] DEBUG org.asynchttpclient.netty.request.NettyRequestSender - Using pooled Channel '[id: 0x0db44d37, L:/127.0.0.1:61505 - R:localhost/127.0.0.1:52206]' for 'POST' to 'http://localhost:52206/session/387fa352d2e5ddb4763df9a51b617041/timeouts'
02:11:03.440 [Forwarding setTimeout on session 387fa352d2e5ddb4763df9a51b617041 to remote] DEBUG org.asynchttpclient.netty.request.NettyRequestSender - Using open Channel [id: 0x0db44d37, L:/127.0.0.1:61505 - R:localhost/127.0.0.1:52206] for POST '/session/387fa352d2e5ddb4763df9a51b617041/timeouts'
02:11:03.442 [AsyncHttpClient-1-5] DEBUG org.asynchttpclient.netty.handler.HttpHandler - 

Request DefaultHttpRequest(decodeResult: success, version: HTTP/1.1)
POST /session/387fa352d2e5ddb4763df9a51b617041/timeouts HTTP/1.1
User-Agent: selenium/4.1.3 (java windows)
Content-Length: 19
Content-Type: application/json; charset=utf-8
host: localhost:52206
accept: */*

Response DefaultHttpResponse(decodeResult: success, version: HTTP/1.1)
HTTP/1.1 200 OK
Content-Type: application/json; charset=utf-8
cache-control: no-cache
content-length: 14

02:11:03.442 [AsyncHttpClient-1-5] DEBUG org.asynchttpclient.netty.channel.ChannelManager - Adding key: http://localhost:52206 for channel [id: 0x0db44d37, L:/127.0.0.1:61505 - R:localhost/127.0.0.1:52206]
02:11:03.444 [Forwarding findElement on session 387fa352d2e5ddb4763df9a51b617041 to remote] DEBUG org.asynchttpclient.netty.request.NettyRequestSender - Using pooled Channel '[id: 0x0db44d37, L:/127.0.0.1:61505 - R:localhost/127.0.0.1:52206]' for 'POST' to 'http://localhost:52206/session/387fa352d2e5ddb4763df9a51b617041/element'
02:11:03.444 [Forwarding findElement on session 387fa352d2e5ddb4763df9a51b617041 to remote] DEBUG org.asynchttpclient.netty.request.NettyRequestSender - Using open Channel [id: 0x0db44d37, L:/127.0.0.1:61505 - R:localhost/127.0.0.1:52206] for POST '/session/387fa352d2e5ddb4763df9a51b617041/element'
02:11:03.452 [AsyncHttpClient-1-5] DEBUG org.asynchttpclient.netty.handler.HttpHandler - 

Request DefaultHttpRequest(decodeResult: success, version: HTTP/1.1)
POST /session/387fa352d2e5ddb4763df9a51b617041/element HTTP/1.1
User-Agent: selenium/4.1.3 (java windows)
Content-Length: 66
Content-Type: application/json; charset=utf-8
host: localhost:52206
accept: */*

Response DefaultHttpResponse(decodeResult: success, version: HTTP/1.1)
HTTP/1.1 200 OK
Content-Type: application/json; charset=utf-8
cache-control: no-cache
content-length: 88

02:11:03.452 [AsyncHttpClient-1-5] DEBUG org.asynchttpclient.netty.channel.ChannelManager - Adding key: http://localhost:52206 for channel [id: 0x0db44d37, L:/127.0.0.1:61505 - R:localhost/127.0.0.1:52206]
02:11:03.455 [Forwarding setTimeout on session 387fa352d2e5ddb4763df9a51b617041 to remote] DEBUG org.asynchttpclient.netty.request.NettyRequestSender - Using pooled Channel '[id: 0x0db44d37, L:/127.0.0.1:61505 - R:localhost/127.0.0.1:52206]' for 'POST' to 'http://localhost:52206/session/387fa352d2e5ddb4763df9a51b617041/timeouts'
02:11:03.455 [Forwarding setTimeout on session 387fa352d2e5ddb4763df9a51b617041 to remote] DEBUG org.asynchttpclient.netty.request.NettyRequestSender - Using open Channel [id: 0x0db44d37, L:/127.0.0.1:61505 - R:localhost/127.0.0.1:52206] for POST '/session/387fa352d2e5ddb4763df9a51b617041/timeouts'
02:11:03.456 [AsyncHttpClient-1-5] DEBUG org.asynchttpclient.netty.handler.HttpHandler - 

Request DefaultHttpRequest(decodeResult: success, version: HTTP/1.1)
POST /session/387fa352d2e5ddb4763df9a51b617041/timeouts HTTP/1.1
User-Agent: selenium/4.1.3 (java windows)
Content-Length: 22
Content-Type: application/json; charset=utf-8
host: localhost:52206
accept: */*

Response DefaultHttpResponse(decodeResult: success, version: HTTP/1.1)
HTTP/1.1 200 OK
Content-Type: application/json; charset=utf-8
cache-control: no-cache
content-length: 14

02:11:03.457 [AsyncHttpClient-1-5] DEBUG org.asynchttpclient.netty.channel.ChannelManager - Adding key: http://localhost:52206 for channel [id: 0x0db44d37, L:/127.0.0.1:61505 - R:localhost/127.0.0.1:52206]
02:11:03.465 [Forwarding isElementDisplayed on session 387fa352d2e5ddb4763df9a51b617041 to remote] DEBUG org.asynchttpclient.netty.request.NettyRequestSender - Using pooled Channel '[id: 0x0db44d37, L:/127.0.0.1:61505 - R:localhost/127.0.0.1:52206]' for 'POST' to 'http://localhost:52206/session/387fa352d2e5ddb4763df9a51b617041/execute/sync'
02:11:03.465 [Forwarding isElementDisplayed on session 387fa352d2e5ddb4763df9a51b617041 to remote] DEBUG org.asynchttpclient.netty.request.NettyRequestSender - Using open Channel [id: 0x0db44d37, L:/127.0.0.1:61505 - R:localhost/127.0.0.1:52206] for POST '/session/387fa352d2e5ddb4763df9a51b617041/execute/sync'
02:11:03.480 [AsyncHttpClient-1-5] DEBUG org.asynchttpclient.netty.handler.HttpHandler - 

Request DefaultHttpRequest(decodeResult: success, version: HTTP/1.1)
POST /session/387fa352d2e5ddb4763df9a51b617041/execute/sync HTTP/1.1
User-Agent: selenium/4.1.3 (java windows)
Content-Length: 48780
Content-Type: application/json; charset=utf-8
host: localhost:52206
accept: */*

Response DefaultHttpResponse(decodeResult: success, version: HTTP/1.1)
HTTP/1.1 200 OK
Content-Type: application/json; charset=utf-8
cache-control: no-cache
content-length: 14

02:11:03.480 [AsyncHttpClient-1-5] DEBUG org.asynchttpclient.netty.channel.ChannelManager - Adding key: http://localhost:52206 for channel [id: 0x0db44d37, L:/127.0.0.1:61505 - R:localhost/127.0.0.1:52206]
02:11:03.484 [Forwarding clearElement on session 387fa352d2e5ddb4763df9a51b617041 to remote] DEBUG org.asynchttpclient.netty.request.NettyRequestSender - Using pooled Channel '[id: 0x0db44d37, L:/127.0.0.1:61505 - R:localhost/127.0.0.1:52206]' for 'POST' to 'http://localhost:52206/session/387fa352d2e5ddb4763df9a51b617041/element/5758eddf-835a-496d-bdb3-4f02c15ed6b3/clear'
02:11:03.484 [Forwarding clearElement on session 387fa352d2e5ddb4763df9a51b617041 to remote] DEBUG org.asynchttpclient.netty.request.NettyRequestSender - Using open Channel [id: 0x0db44d37, L:/127.0.0.1:61505 - R:localhost/127.0.0.1:52206] for POST '/session/387fa352d2e5ddb4763df9a51b617041/element/5758eddf-835a-496d-bdb3-4f02c15ed6b3/clear'
02:11:03.517 [AsyncHttpClient-1-5] DEBUG org.asynchttpclient.netty.handler.HttpHandler - 

Request DefaultHttpRequest(decodeResult: success, version: HTTP/1.1)
POST /session/387fa352d2e5ddb4763df9a51b617041/element/5758eddf-835a-496d-bdb3-4f02c15ed6b3/clear HTTP/1.1
User-Agent: selenium/4.1.3 (java windows)
Content-Length: 50
Content-Type: application/json; charset=utf-8
host: localhost:52206
accept: */*

Response DefaultHttpResponse(decodeResult: success, version: HTTP/1.1)
HTTP/1.1 200 OK
Content-Type: application/json; charset=utf-8
cache-control: no-cache
content-length: 14

02:11:03.518 [AsyncHttpClient-1-5] DEBUG org.asynchttpclient.netty.channel.ChannelManager - Adding key: http://localhost:52206 for channel [id: 0x0db44d37, L:/127.0.0.1:61505 - R:localhost/127.0.0.1:52206]
02:11:03.521 [Forwarding sendKeysToElement on session 387fa352d2e5ddb4763df9a51b617041 to remote] DEBUG org.asynchttpclient.netty.request.NettyRequestSender - Using pooled Channel '[id: 0x0db44d37, L:/127.0.0.1:61505 - R:localhost/127.0.0.1:52206]' for 'POST' to 'http://localhost:52206/session/387fa352d2e5ddb4763df9a51b617041/element/5758eddf-835a-496d-bdb3-4f02c15ed6b3/value'
02:11:03.521 [Forwarding sendKeysToElement on session 387fa352d2e5ddb4763df9a51b617041 to remote] DEBUG org.asynchttpclient.netty.request.NettyRequestSender - Using open Channel [id: 0x0db44d37, L:/127.0.0.1:61505 - R:localhost/127.0.0.1:52206] for POST '/session/387fa352d2e5ddb4763df9a51b617041/element/5758eddf-835a-496d-bdb3-4f02c15ed6b3/value'
02:11:03.570 [AsyncHttpClient-1-5] DEBUG org.asynchttpclient.netty.handler.HttpHandler - 

Request DefaultHttpRequest(decodeResult: success, version: HTTP/1.1)
POST /session/387fa352d2e5ddb4763df9a51b617041/element/5758eddf-835a-496d-bdb3-4f02c15ed6b3/value HTTP/1.1
User-Agent: selenium/4.1.3 (java windows)
Content-Length: 105
Content-Type: application/json; charset=utf-8
host: localhost:52206
accept: */*

Response DefaultHttpResponse(decodeResult: success, version: HTTP/1.1)
HTTP/1.1 200 OK
Content-Type: application/json; charset=utf-8
cache-control: no-cache
content-length: 14

02:11:03.570 [AsyncHttpClient-1-5] DEBUG org.asynchttpclient.netty.channel.ChannelManager - Adding key: http://localhost:52206 for channel [id: 0x0db44d37, L:/127.0.0.1:61505 - R:localhost/127.0.0.1:52206]
02:11:03.578 [Forwarding setTimeout on session 387fa352d2e5ddb4763df9a51b617041 to remote] DEBUG org.asynchttpclient.netty.request.NettyRequestSender - Using pooled Channel '[id: 0x0db44d37, L:/127.0.0.1:61505 - R:localhost/127.0.0.1:52206]' for 'POST' to 'http://localhost:52206/session/387fa352d2e5ddb4763df9a51b617041/timeouts'
02:11:03.578 [Forwarding setTimeout on session 387fa352d2e5ddb4763df9a51b617041 to remote] DEBUG org.asynchttpclient.netty.request.NettyRequestSender - Using open Channel [id: 0x0db44d37, L:/127.0.0.1:61505 - R:localhost/127.0.0.1:52206] for POST '/session/387fa352d2e5ddb4763df9a51b617041/timeouts'
02:11:03.582 [AsyncHttpClient-1-5] DEBUG org.asynchttpclient.netty.handler.HttpHandler - 

Request DefaultHttpRequest(decodeResult: success, version: HTTP/1.1)
POST /session/387fa352d2e5ddb4763df9a51b617041/timeouts HTTP/1.1
User-Agent: selenium/4.1.3 (java windows)
Content-Length: 19
Content-Type: application/json; charset=utf-8
host: localhost:52206
accept: */*

Response DefaultHttpResponse(decodeResult: success, version: HTTP/1.1)
HTTP/1.1 200 OK
Content-Type: application/json; charset=utf-8
cache-control: no-cache
content-length: 14

02:11:03.583 [AsyncHttpClient-1-5] DEBUG org.asynchttpclient.netty.channel.ChannelManager - Adding key: http://localhost:52206 for channel [id: 0x0db44d37, L:/127.0.0.1:61505 - R:localhost/127.0.0.1:52206]
02:11:03.584 [Forwarding findElement on session 387fa352d2e5ddb4763df9a51b617041 to remote] DEBUG org.asynchttpclient.netty.request.NettyRequestSender - Using pooled Channel '[id: 0x0db44d37, L:/127.0.0.1:61505 - R:localhost/127.0.0.1:52206]' for 'POST' to 'http://localhost:52206/session/387fa352d2e5ddb4763df9a51b617041/element'
02:11:03.584 [Forwarding findElement on session 387fa352d2e5ddb4763df9a51b617041 to remote] DEBUG org.asynchttpclient.netty.request.NettyRequestSender - Using open Channel [id: 0x0db44d37, L:/127.0.0.1:61505 - R:localhost/127.0.0.1:52206] for POST '/session/387fa352d2e5ddb4763df9a51b617041/element'
02:11:03.593 [AsyncHttpClient-1-5] DEBUG org.asynchttpclient.netty.handler.HttpHandler - 

Request DefaultHttpRequest(decodeResult: success, version: HTTP/1.1)
POST /session/387fa352d2e5ddb4763df9a51b617041/element HTTP/1.1
User-Agent: selenium/4.1.3 (java windows)
Content-Length: 64
Content-Type: application/json; charset=utf-8
host: localhost:52206
accept: */*

Response DefaultHttpResponse(decodeResult: success, version: HTTP/1.1)
HTTP/1.1 200 OK
Content-Type: application/json; charset=utf-8
cache-control: no-cache
content-length: 88

02:11:03.593 [AsyncHttpClient-1-5] DEBUG org.asynchttpclient.netty.channel.ChannelManager - Adding key: http://localhost:52206 for channel [id: 0x0db44d37, L:/127.0.0.1:61505 - R:localhost/127.0.0.1:52206]
02:11:03.595 [Forwarding setTimeout on session 387fa352d2e5ddb4763df9a51b617041 to remote] DEBUG org.asynchttpclient.netty.request.NettyRequestSender - Using pooled Channel '[id: 0x0db44d37, L:/127.0.0.1:61505 - R:localhost/127.0.0.1:52206]' for 'POST' to 'http://localhost:52206/session/387fa352d2e5ddb4763df9a51b617041/timeouts'
02:11:03.595 [Forwarding setTimeout on session 387fa352d2e5ddb4763df9a51b617041 to remote] DEBUG org.asynchttpclient.netty.request.NettyRequestSender - Using open Channel [id: 0x0db44d37, L:/127.0.0.1:61505 - R:localhost/127.0.0.1:52206] for POST '/session/387fa352d2e5ddb4763df9a51b617041/timeouts'
02:11:03.596 [AsyncHttpClient-1-5] DEBUG org.asynchttpclient.netty.handler.HttpHandler - 

Request DefaultHttpRequest(decodeResult: success, version: HTTP/1.1)
POST /session/387fa352d2e5ddb4763df9a51b617041/timeouts HTTP/1.1
User-Agent: selenium/4.1.3 (java windows)
Content-Length: 22
Content-Type: application/json; charset=utf-8
host: localhost:52206
accept: */*

Response DefaultHttpResponse(decodeResult: success, version: HTTP/1.1)
HTTP/1.1 200 OK
Content-Type: application/json; charset=utf-8
cache-control: no-cache
content-length: 14

02:11:03.597 [AsyncHttpClient-1-5] DEBUG org.asynchttpclient.netty.channel.ChannelManager - Adding key: http://localhost:52206 for channel [id: 0x0db44d37, L:/127.0.0.1:61505 - R:localhost/127.0.0.1:52206]
02:11:03.604 [Forwarding isElementDisplayed on session 387fa352d2e5ddb4763df9a51b617041 to remote] DEBUG org.asynchttpclient.netty.request.NettyRequestSender - Using pooled Channel '[id: 0x0db44d37, L:/127.0.0.1:61505 - R:localhost/127.0.0.1:52206]' for 'POST' to 'http://localhost:52206/session/387fa352d2e5ddb4763df9a51b617041/execute/sync'
02:11:03.604 [Forwarding isElementDisplayed on session 387fa352d2e5ddb4763df9a51b617041 to remote] DEBUG org.asynchttpclient.netty.request.NettyRequestSender - Using open Channel [id: 0x0db44d37, L:/127.0.0.1:61505 - R:localhost/127.0.0.1:52206] for POST '/session/387fa352d2e5ddb4763df9a51b617041/execute/sync'
02:11:03.628 [AsyncHttpClient-1-5] DEBUG org.asynchttpclient.netty.handler.HttpHandler - 

Request DefaultHttpRequest(decodeResult: success, version: HTTP/1.1)
POST /session/387fa352d2e5ddb4763df9a51b617041/execute/sync HTTP/1.1
User-Agent: selenium/4.1.3 (java windows)
Content-Length: 48780
Content-Type: application/json; charset=utf-8
host: localhost:52206
accept: */*

Response DefaultHttpResponse(decodeResult: success, version: HTTP/1.1)
HTTP/1.1 200 OK
Content-Type: application/json; charset=utf-8
cache-control: no-cache
content-length: 14

02:11:03.628 [AsyncHttpClient-1-5] DEBUG org.asynchttpclient.netty.channel.ChannelManager - Adding key: http://localhost:52206 for channel [id: 0x0db44d37, L:/127.0.0.1:61505 - R:localhost/127.0.0.1:52206]
02:11:03.631 [Forwarding getElementTagName on session 387fa352d2e5ddb4763df9a51b617041 to remote] DEBUG org.asynchttpclient.netty.request.NettyRequestSender - Using pooled Channel '[id: 0x0db44d37, L:/127.0.0.1:61505 - R:localhost/127.0.0.1:52206]' for 'GET' to 'http://localhost:52206/session/387fa352d2e5ddb4763df9a51b617041/element/8678fbb3-8409-4fbc-b79f-5600adb93520/name'
02:11:03.631 [Forwarding getElementTagName on session 387fa352d2e5ddb4763df9a51b617041 to remote] DEBUG org.asynchttpclient.netty.request.NettyRequestSender - Using open Channel [id: 0x0db44d37, L:/127.0.0.1:61505 - R:localhost/127.0.0.1:52206] for GET '/session/387fa352d2e5ddb4763df9a51b617041/element/8678fbb3-8409-4fbc-b79f-5600adb93520/name'
02:11:03.644 [AsyncHttpClient-1-5] DEBUG org.asynchttpclient.netty.handler.HttpHandler - 

Request DefaultFullHttpRequest(decodeResult: success, version: HTTP/1.1, content: EmptyByteBufBE)
GET /session/387fa352d2e5ddb4763df9a51b617041/element/8678fbb3-8409-4fbc-b79f-5600adb93520/name HTTP/1.1
User-Agent: selenium/4.1.3 (java windows)
Cache-Control: no-cache
Content-Type: application/json; charset=utf-8
host: localhost:52206
accept: */*

Response DefaultHttpResponse(decodeResult: success, version: HTTP/1.1)
HTTP/1.1 200 OK
Content-Type: application/json; charset=utf-8
cache-control: no-cache
content-length: 17

02:11:03.644 [AsyncHttpClient-1-5] DEBUG org.asynchttpclient.netty.channel.ChannelManager - Adding key: http://localhost:52206 for channel [id: 0x0db44d37, L:/127.0.0.1:61505 - R:localhost/127.0.0.1:52206]
02:11:03.646 [Forwarding getElementTagName on session 387fa352d2e5ddb4763df9a51b617041 to remote] DEBUG org.asynchttpclient.netty.request.NettyRequestSender - Using pooled Channel '[id: 0x0db44d37, L:/127.0.0.1:61505 - R:localhost/127.0.0.1:52206]' for 'GET' to 'http://localhost:52206/session/387fa352d2e5ddb4763df9a51b617041/element/8678fbb3-8409-4fbc-b79f-5600adb93520/name'
02:11:03.646 [Forwarding getElementTagName on session 387fa352d2e5ddb4763df9a51b617041 to remote] DEBUG org.asynchttpclient.netty.request.NettyRequestSender - Using open Channel [id: 0x0db44d37, L:/127.0.0.1:61505 - R:localhost/127.0.0.1:52206] for GET '/session/387fa352d2e5ddb4763df9a51b617041/element/8678fbb3-8409-4fbc-b79f-5600adb93520/name'
02:11:03.651 [AsyncHttpClient-1-5] DEBUG org.asynchttpclient.netty.handler.HttpHandler - 

Request DefaultFullHttpRequest(decodeResult: success, version: HTTP/1.1, content: EmptyByteBufBE)
GET /session/387fa352d2e5ddb4763df9a51b617041/element/8678fbb3-8409-4fbc-b79f-5600adb93520/name HTTP/1.1
User-Agent: selenium/4.1.3 (java windows)
Cache-Control: no-cache
Content-Type: application/json; charset=utf-8
host: localhost:52206
accept: */*

Response DefaultHttpResponse(decodeResult: success, version: HTTP/1.1)
HTTP/1.1 200 OK
Content-Type: application/json; charset=utf-8
cache-control: no-cache
content-length: 17

02:11:03.652 [AsyncHttpClient-1-5] DEBUG org.asynchttpclient.netty.channel.ChannelManager - Adding key: http://localhost:52206 for channel [id: 0x0db44d37, L:/127.0.0.1:61505 - R:localhost/127.0.0.1:52206]
02:11:03.657 [Forwarding isElementEnabled on session 387fa352d2e5ddb4763df9a51b617041 to remote] DEBUG org.asynchttpclient.netty.request.NettyRequestSender - Using pooled Channel '[id: 0x0db44d37, L:/127.0.0.1:61505 - R:localhost/127.0.0.1:52206]' for 'GET' to 'http://localhost:52206/session/387fa352d2e5ddb4763df9a51b617041/element/8678fbb3-8409-4fbc-b79f-5600adb93520/enabled'
02:11:03.658 [Forwarding isElementEnabled on session 387fa352d2e5ddb4763df9a51b617041 to remote] DEBUG org.asynchttpclient.netty.request.NettyRequestSender - Using open Channel [id: 0x0db44d37, L:/127.0.0.1:61505 - R:localhost/127.0.0.1:52206] for GET '/session/387fa352d2e5ddb4763df9a51b617041/element/8678fbb3-8409-4fbc-b79f-5600adb93520/enabled'
02:11:03.667 [AsyncHttpClient-1-5] DEBUG org.asynchttpclient.netty.handler.HttpHandler - 

Request DefaultFullHttpRequest(decodeResult: success, version: HTTP/1.1, content: EmptyByteBufBE)
GET /session/387fa352d2e5ddb4763df9a51b617041/element/8678fbb3-8409-4fbc-b79f-5600adb93520/enabled HTTP/1.1
User-Agent: selenium/4.1.3 (java windows)
Cache-Control: no-cache
Content-Type: application/json; charset=utf-8
host: localhost:52206
accept: */*

Response DefaultHttpResponse(decodeResult: success, version: HTTP/1.1)
HTTP/1.1 200 OK
Content-Type: application/json; charset=utf-8
cache-control: no-cache
content-length: 14

02:11:03.667 [AsyncHttpClient-1-5] DEBUG org.asynchttpclient.netty.channel.ChannelManager - Adding key: http://localhost:52206 for channel [id: 0x0db44d37, L:/127.0.0.1:61505 - R:localhost/127.0.0.1:52206]
02:11:03.669 [Forwarding isElementEnabled on session 387fa352d2e5ddb4763df9a51b617041 to remote] DEBUG org.asynchttpclient.netty.request.NettyRequestSender - Using pooled Channel '[id: 0x0db44d37, L:/127.0.0.1:61505 - R:localhost/127.0.0.1:52206]' for 'GET' to 'http://localhost:52206/session/387fa352d2e5ddb4763df9a51b617041/element/8678fbb3-8409-4fbc-b79f-5600adb93520/enabled'
02:11:03.669 [Forwarding isElementEnabled on session 387fa352d2e5ddb4763df9a51b617041 to remote] DEBUG org.asynchttpclient.netty.request.NettyRequestSender - Using open Channel [id: 0x0db44d37, L:/127.0.0.1:61505 - R:localhost/127.0.0.1:52206] for GET '/session/387fa352d2e5ddb4763df9a51b617041/element/8678fbb3-8409-4fbc-b79f-5600adb93520/enabled'
02:11:03.680 [AsyncHttpClient-1-5] DEBUG org.asynchttpclient.netty.handler.HttpHandler - 

Request DefaultFullHttpRequest(decodeResult: success, version: HTTP/1.1, content: EmptyByteBufBE)
GET /session/387fa352d2e5ddb4763df9a51b617041/element/8678fbb3-8409-4fbc-b79f-5600adb93520/enabled HTTP/1.1
User-Agent: selenium/4.1.3 (java windows)
Cache-Control: no-cache
Content-Type: application/json; charset=utf-8
host: localhost:52206
accept: */*

Response DefaultHttpResponse(decodeResult: success, version: HTTP/1.1)
HTTP/1.1 200 OK
Content-Type: application/json; charset=utf-8
cache-control: no-cache
content-length: 14

02:11:03.680 [AsyncHttpClient-1-5] DEBUG org.asynchttpclient.netty.channel.ChannelManager - Adding key: http://localhost:52206 for channel [id: 0x0db44d37, L:/127.0.0.1:61505 - R:localhost/127.0.0.1:52206]
02:11:03.684 [Forwarding clickElement on session 387fa352d2e5ddb4763df9a51b617041 to remote] DEBUG org.asynchttpclient.netty.request.NettyRequestSender - Using pooled Channel '[id: 0x0db44d37, L:/127.0.0.1:61505 - R:localhost/127.0.0.1:52206]' for 'POST' to 'http://localhost:52206/session/387fa352d2e5ddb4763df9a51b617041/element/8678fbb3-8409-4fbc-b79f-5600adb93520/click'
02:11:03.684 [Forwarding clickElement on session 387fa352d2e5ddb4763df9a51b617041 to remote] DEBUG org.asynchttpclient.netty.request.NettyRequestSender - Using open Channel [id: 0x0db44d37, L:/127.0.0.1:61505 - R:localhost/127.0.0.1:52206] for POST '/session/387fa352d2e5ddb4763df9a51b617041/element/8678fbb3-8409-4fbc-b79f-5600adb93520/click'
02:11:04.046 [AsyncHttpClient-1-5] DEBUG org.asynchttpclient.netty.handler.HttpHandler - 

Request DefaultHttpRequest(decodeResult: success, version: HTTP/1.1)
POST /session/387fa352d2e5ddb4763df9a51b617041/element/8678fbb3-8409-4fbc-b79f-5600adb93520/click HTTP/1.1
User-Agent: selenium/4.1.3 (java windows)
Content-Length: 50
Content-Type: application/json; charset=utf-8
host: localhost:52206
accept: */*

Response DefaultHttpResponse(decodeResult: success, version: HTTP/1.1)
HTTP/1.1 200 OK
Content-Type: application/json; charset=utf-8
cache-control: no-cache
content-length: 14

02:11:04.046 [AsyncHttpClient-1-5] DEBUG org.asynchttpclient.netty.channel.ChannelManager - Adding key: http://localhost:52206 for channel [id: 0x0db44d37, L:/127.0.0.1:61505 - R:localhost/127.0.0.1:52206]
02:11:04.052 [main] DEBUG net.thucydides.core.steps.StepInterceptor - STEP DONE: login
  &amp#27;[32mGiven &amp#27;[0m&amp#27;[32mthe user enters the username &amp#27;[0m&amp#27;[32m&amp#27;[1mmngr398793&amp#27;[0m&amp#27;[32m and password &amp#27;[0m&amp#27;[32m&amp#27;[1m""&amp#27;[0m &amp#27;[90m# cucumber.LoginStepDefs.the_user_enters_the_username_and_password(java.lang.String,java.lang.String)&amp#27;[0m
02:11:04.069 [main] DEBUG net.thucydides.core.steps.StepInterceptor - STARTING STEP: LoginStepDefs.the_error_message_user_is_not_valid_is_displayed - checkInvalid
02:11:04.071 [Forwarding getAlertText on session 387fa352d2e5ddb4763df9a51b617041 to remote] DEBUG org.asynchttpclient.netty.request.NettyRequestSender - Using pooled Channel '[id: 0x0db44d37, L:/127.0.0.1:61505 - R:localhost/127.0.0.1:52206]' for 'GET' to 'http://localhost:52206/session/387fa352d2e5ddb4763df9a51b617041/alert/text'
02:11:04.071 [Forwarding getAlertText on session 387fa352d2e5ddb4763df9a51b617041 to remote] DEBUG org.asynchttpclient.netty.request.NettyRequestSender - Using open Channel [id: 0x0db44d37, L:/127.0.0.1:61505 - R:localhost/127.0.0.1:52206] for GET '/session/387fa352d2e5ddb4763df9a51b617041/alert/text'
02:11:04.073 [AsyncHttpClient-1-5] DEBUG org.asynchttpclient.netty.handler.HttpHandler - 

Request DefaultFullHttpRequest(decodeResult: success, version: HTTP/1.1, content: EmptyByteBufBE)
GET /session/387fa352d2e5ddb4763df9a51b617041/alert/text HTTP/1.1
User-Agent: selenium/4.1.3 (java windows)
Cache-Control: no-cache
Content-Type: application/json; charset=utf-8
host: localhost:52206
accept: */*

Response DefaultHttpResponse(decodeResult: success, version: HTTP/1.1)
HTTP/1.1 200 OK
Content-Type: application/json; charset=utf-8
cache-control: no-cache
content-length: 29

02:11:04.073 [AsyncHttpClient-1-5] DEBUG org.asynchttpclient.netty.channel.ChannelManager - Adding key: http://localhost:52206 for channel [id: 0x0db44d37, L:/127.0.0.1:61505 - R:localhost/127.0.0.1:52206]
02:11:04.074 [Forwarding getAlertText on session 387fa352d2e5ddb4763df9a51b617041 to remote] DEBUG org.asynchttpclient.netty.request.NettyRequestSender - Using pooled Channel '[id: 0x0db44d37, L:/127.0.0.1:61505 - R:localhost/127.0.0.1:52206]' for 'GET' to 'http://localhost:52206/session/387fa352d2e5ddb4763df9a51b617041/alert/text'
02:11:04.074 [Forwarding getAlertText on session 387fa352d2e5ddb4763df9a51b617041 to remote] DEBUG org.asynchttpclient.netty.request.NettyRequestSender - Using open Channel [id: 0x0db44d37, L:/127.0.0.1:61505 - R:localhost/127.0.0.1:52206] for GET '/session/387fa352d2e5ddb4763df9a51b617041/alert/text'
02:11:04.076 [AsyncHttpClient-1-5] DEBUG org.asynchttpclient.netty.handler.HttpHandler - 

Request DefaultFullHttpRequest(decodeResult: success, version: HTTP/1.1, content: EmptyByteBufBE)
GET /session/387fa352d2e5ddb4763df9a51b617041/alert/text HTTP/1.1
User-Agent: selenium/4.1.3 (java windows)
Cache-Control: no-cache
Content-Type: application/json; charset=utf-8
host: localhost:52206
accept: */*

Response DefaultHttpResponse(decodeResult: success, version: HTTP/1.1)
HTTP/1.1 200 OK
Content-Type: application/json; charset=utf-8
cache-control: no-cache
content-length: 29

02:11:04.076 [AsyncHttpClient-1-5] DEBUG org.asynchttpclient.netty.channel.ChannelManager - Adding key: http://localhost:52206 for channel [id: 0x0db44d37, L:/127.0.0.1:61505 - R:localhost/127.0.0.1:52206]
02:11:04.078 [Forwarding acceptAlert on session 387fa352d2e5ddb4763df9a51b617041 to remote] DEBUG org.asynchttpclient.netty.request.NettyRequestSender - Using pooled Channel '[id: 0x0db44d37, L:/127.0.0.1:61505 - R:localhost/127.0.0.1:52206]' for 'POST' to 'http://localhost:52206/session/387fa352d2e5ddb4763df9a51b617041/alert/accept'
02:11:04.078 [Forwarding acceptAlert on session 387fa352d2e5ddb4763df9a51b617041 to remote] DEBUG org.asynchttpclient.netty.request.NettyRequestSender - Using open Channel [id: 0x0db44d37, L:/127.0.0.1:61505 - R:localhost/127.0.0.1:52206] for POST '/session/387fa352d2e5ddb4763df9a51b617041/alert/accept'
02:11:04.081 [AsyncHttpClient-1-5] DEBUG org.asynchttpclient.netty.handler.HttpHandler - 

Request DefaultHttpRequest(decodeResult: success, version: HTTP/1.1)
POST /session/387fa352d2e5ddb4763df9a51b617041/alert/accept HTTP/1.1
User-Agent: selenium/4.1.3 (java windows)
Content-Length: 3
Content-Type: application/json; charset=utf-8
host: localhost:52206
accept: */*

Response DefaultHttpResponse(decodeResult: success, version: HTTP/1.1)
HTTP/1.1 200 OK
Content-Type: application/json; charset=utf-8
cache-control: no-cache
content-length: 14

02:11:04.081 [AsyncHttpClient-1-5] DEBUG org.asynchttpclient.netty.channel.ChannelManager - Adding key: http://localhost:52206 for channel [id: 0x0db44d37, L:/127.0.0.1:61505 - R:localhost/127.0.0.1:52206]
02:11:04.083 [main] DEBUG net.thucydides.core.steps.StepInterceptor - STEP DONE: checkInvalid
  &amp#27;[32mThen &amp#27;[0m&amp#27;[32mthe error message &amp#27;[0m&amp#27;[32m&amp#27;[1m'User is not valid'&amp#27;[0m&amp#27;[32m is displayed&amp#27;[0m       &amp#27;[90m# cucumber.LoginStepDefs.the_error_message_user_is_not_valid_is_displayed(java.lang.String)&amp#27;[0m
02:11:04.095 [AsyncHttpClient-1-7] DEBUG org.asynchttpclient.netty.handler.WebSocketHandler - Channel Closed: [id: 0xb0180ff7, L:/127.0.0.1:61515 ! R:localhost/127.0.0.1:61506] with attribute NettyResponseFuture{currentRetry=5,
	isDone=1,
	isCancelled=0,
	asyncHandler=org.asynchttpclient.ws.WebSocketUpgradeHandler@6f27962e,
	nettyRequest=org.asynchttpclient.netty.request.NettyRequest@2a2515ae,
	future=java.util.concurrent.CompletableFuture@300a28b9[Completed normally],
	uri=ws://localhost:61506/devtools/browser/092330db-7d97-443b-b701-8457bc061201,
	keepAlive=true,
	redirectCount=0,
	timeoutsHolder=null,
	inAuth=0,
	touch=1650481849994}
02:11:04.095 [Driver Command Executor] DEBUG org.asynchttpclient.netty.request.NettyRequestSender - Using pooled Channel '[id: 0x0db44d37, L:/127.0.0.1:61505 - R:localhost/127.0.0.1:52206]' for 'DELETE' to 'http://localhost:52206/session/387fa352d2e5ddb4763df9a51b617041'
02:11:04.095 [AsyncHttpClient-1-7] DEBUG org.asynchttpclient.netty.channel.ChannelManager - Closing Channel [id: 0xb0180ff7, L:/127.0.0.1:61515 ! R:localhost/127.0.0.1:61506] 
02:11:04.095 [Driver Command Executor] DEBUG org.asynchttpclient.netty.request.NettyRequestSender - Using open Channel [id: 0x0db44d37, L:/127.0.0.1:61505 - R:localhost/127.0.0.1:52206] for DELETE '/session/387fa352d2e5ddb4763df9a51b617041'
02:11:04.136 [AsyncHttpClient-1-6] DEBUG org.asynchttpclient.netty.handler.HttpHandler - Unexpected I/O exception on channel [id: 0x8ca0dfbe, L:/127.0.0.1:61514 - R:localhost/127.0.0.1:61506]
java.io.IOException: An existing connection was forcibly closed by the remote host
	at sun.nio.ch.SocketDispatcher.read0(Native Method)
	at sun.nio.ch.SocketDispatcher.read(SocketDispatcher.java:43)
	at sun.nio.ch.IOUtil.readIntoNativeBuffer(IOUtil.java:223)
	at sun.nio.ch.IOUtil.read(IOUtil.java:192)
	at sun.nio.ch.SocketChannelImpl.read(SocketChannelImpl.java:378)
	at io.netty.buffer.PooledByteBuf.setBytes(PooledByteBuf.java:258)
	at io.netty.buffer.AbstractByteBuf.writeBytes(AbstractByteBuf.java:1132)
	at io.netty.channel.socket.nio.NioSocketChannel.doReadBytes(NioSocketChannel.java:350)
	at io.netty.channel.nio.AbstractNioByteChannel$NioByteUnsafe.read(AbstractNioByteChannel.java:151)
	at io.netty.channel.nio.NioEventLoop.processSelectedKey(NioEventLoop.java:722)
	at io.netty.channel.nio.NioEventLoop.processSelectedKeysOptimized(NioEventLoop.java:658)
	at io.netty.channel.nio.NioEventLoop.processSelectedKeys(NioEventLoop.java:584)
	at io.netty.channel.nio.NioEventLoop.run(NioEventLoop.java:496)
	at io.netty.util.concurrent.SingleThreadEventExecutor$4.run(SingleThreadEventExecutor.java:986)
	at io.netty.util.internal.ThreadExecutorMap$2.run(ThreadExecutorMap.java:74)
	at io.netty.util.concurrent.FastThreadLocalRunnable.run(FastThreadLocalRunnable.java:30)
	at java.lang.Thread.run(Thread.java:750)
02:11:04.136 [AsyncHttpClient-1-6] DEBUG org.asynchttpclient.netty.channel.ChannelManager - Closing Channel [id: 0x8ca0dfbe, L:/127.0.0.1:61514 - R:localhost/127.0.0.1:61506] 
02:11:04.137 [AsyncHttpClient-1-6] DEBUG org.asynchttpclient.netty.handler.HttpHandler - Channel Closed: [id: 0x8ca0dfbe, L:/127.0.0.1:61514 ! R:localhost/127.0.0.1:61506] with attribute DISCARD
02:11:04.157 [AsyncHttpClient-1-5] DEBUG org.asynchttpclient.netty.handler.HttpHandler - 

Request DefaultFullHttpRequest(decodeResult: success, version: HTTP/1.1, content: EmptyByteBufBE)
DELETE /session/387fa352d2e5ddb4763df9a51b617041 HTTP/1.1
User-Agent: selenium/4.1.3 (java windows)
Content-Type: application/json; charset=utf-8
host: localhost:52206
accept: */*

Response DefaultHttpResponse(decodeResult: success, version: HTTP/1.1)
HTTP/1.1 200 OK
Content-Type: application/json; charset=utf-8
cache-control: no-cache
content-length: 14

02:11:04.158 [AsyncHttpClient-1-5] DEBUG org.asynchttpclient.netty.channel.ChannelManager - Adding key: http://localhost:52206 for channel [id: 0x0db44d37, L:/127.0.0.1:61505 - R:localhost/127.0.0.1:52206]
02:11:04.270 [AsyncHttpClient-1-1] DEBUG org.asynchttpclient.netty.channel.DefaultChannelPool - Entry count for : http://localhost:52206 : 1
02:11:04.270 [AsyncHttpClient-1-1] DEBUG org.asynchttpclient.netty.channel.DefaultChannelPool - Entry count for : http://localhost:61506 : 1
02:11:04.271 [AsyncHttpClient-1-1] DEBUG org.asynchttpclient.netty.channel.DefaultChannelPool - Adding Candidate expired Channel [id: 0x8ca0dfbe, L:/127.0.0.1:61514 ! R:localhost/127.0.0.1:61506] isIdleTimeoutExpired=false isRemotelyClosed=true isTtlExpired=false
02:11:04.271 [AsyncHttpClient-1-1] DEBUG org.asynchttpclient.netty.channel.DefaultChannelPool - Closing Idle Channel [id: 0x8ca0dfbe, L:/127.0.0.1:61514 ! R:localhost/127.0.0.1:61506]
02:11:04.271 [AsyncHttpClient-1-1] DEBUG org.asynchttpclient.netty.channel.DefaultChannelPool - Closed 1 connections out of 2 in 1 ms
02:11:04.299 [AsyncHttpClient-1-5] DEBUG org.asynchttpclient.netty.handler.HttpHandler - Channel Closed: [id: 0x0db44d37, L:/127.0.0.1:61505 ! R:localhost/127.0.0.1:52206] with attribute DISCARD
]]></system-out>
  </testcase>
</testsuite>