<?xml version="1.0" encoding="UTF-8"?>
<testsuite xmlns:xsi="http://www.w3.org/2001/XMLSchema-instance" xsi:noNamespaceSchemaLocation="https://maven.apache.org/surefire/maven-failsafe-plugin/xsd/failsafe-test-report-3.0.xsd" version="3.0" name="runners.Runner" time="155.429" tests="5" errors="1" skipped="0" failures="0">
  <properties>
    <property name="sun.desktop" value="windows"/>
    <property name="awt.toolkit" value="sun.awt.windows.WToolkit"/>
    <property name="file.encoding.pkg" value="sun.io"/>
    <property name="java.specification.version" value="1.8"/>
    <property name="sun.cpu.isalist" value="amd64"/>
    <property name="sun.jnu.encoding" value="Cp1252"/>
    <property name="java.class.path" value="D:\Pratice\serenity_homework\target\test-classes;D:\Pratice\serenity_homework\target\serenity_homework-1.0-SNAPSHOT.jar;C:\Users\dung.nguyenanh\.m2\repository\net\serenity-bdd\serenity-core\3.2.3\serenity-core-3.2.3.jar;C:\Users\dung.nguyenanh\.m2\repository\net\serenity-bdd\serenity-model\3.2.3\serenity-model-3.2.3.jar;C:\Users\dung.nguyenanh\.m2\repository\org\apache\commons\commons-text\1.9\commons-text-1.9.jar;C:\Users\dung.nguyenanh\.m2\repository\commons-net\commons-net\3.8.0\commons-net-3.8.0.jar;C:\Users\dung.nguyenanh\.m2\repository\com\google\guava\guava\31.1-jre\guava-31.1-jre.jar;C:\Users\dung.nguyenanh\.m2\repository\com\google\guava\failureaccess\1.0.1\failureaccess-1.0.1.jar;C:\Users\dung.nguyenanh\.m2\repository\com\google\guava\listenablefuture\9999.0-empty-to-avoid-conflict-with-guava\listenablefuture-9999.0-empty-to-avoid-conflict-with-guava.jar;C:\Users\dung.nguyenanh\.m2\repository\com\google\code\findbugs\jsr305\3.0.2\jsr305-3.0.2.jar;C:\Users\dung.nguyenanh\.m2\repository\org\checkerframework\checker-qual\3.12.0\checker-qual-3.12.0.jar;C:\Users\dung.nguyenanh\.m2\repository\com\google\errorprone\error_prone_annotations\2.11.0\error_prone_annotations-2.11.0.jar;C:\Users\dung.nguyenanh\.m2\repository\com\google\j2objc\j2objc-annotations\1.3\j2objc-annotations-1.3.jar;C:\Users\dung.nguyenanh\.m2\repository\com\google\inject\guice\5.1.0\guice-5.1.0.jar;C:\Users\dung.nguyenanh\.m2\repository\javax\inject\javax.inject\1\javax.inject-1.jar;C:\Users\dung.nguyenanh\.m2\repository\aopalliance\aopalliance\1.0\aopalliance-1.0.jar;C:\Users\dung.nguyenanh\.m2\repository\org\jsoup\jsoup\1.14.3\jsoup-1.14.3.jar;C:\Users\dung.nguyenanh\.m2\repository\com\thoughtworks\xstream\xstream\1.4.19\xstream-1.4.19.jar;C:\Users\dung.nguyenanh\.m2\repository\io\github\x-stream\mxparser\1.2.2\mxparser-1.2.2.jar;C:\Users\dung.nguyenanh\.m2\repository\xmlpull\xmlpull\1.1.3.1\xmlpull-1.1.3.1.jar;C:\Users\dung.nguyenanh\.m2\repository\io\cucumber\cucumber-java\7.2.3\cucumber-java-7.2.3.jar;C:\Users\dung.nguyenanh\.m2\repository\com\typesafe\config\1.4.2\config-1.4.2.jar;C:\Users\dung.nguyenanh\.m2\repository\org\imgscalr\imgscalr-lib\4.2\imgscalr-lib-4.2.jar;C:\Users\dung.nguyenanh\.m2\repository\org\awaitility\awaitility\4.2.0\awaitility-4.2.0.jar;C:\Users\dung.nguyenanh\.m2\repository\org\freemarker\freemarker\2.3.31\freemarker-2.3.31.jar;C:\Users\dung.nguyenanh\.m2\repository\io\github\classgraph\classgraph\4.8.138\classgraph-4.8.138.jar;C:\Users\dung.nguyenanh\.m2\repository\net\sourceforge\jexcelapi\jxl\2.6.12\jxl-2.6.12.jar;C:\Users\dung.nguyenanh\.m2\repository\net\bytebuddy\byte-buddy\1.12.8\byte-buddy-1.12.8.jar;C:\Users\dung.nguyenanh\.m2\repository\net\bytebuddy\byte-buddy-agent\1.12.8\byte-buddy-agent-1.12.8.jar;C:\Users\dung.nguyenanh\.m2\repository\org\objenesis\objenesis\3.1\objenesis-3.1.jar;C:\Users\dung.nguyenanh\.m2\repository\net\serenity-bdd\serenity-reports\3.2.3\serenity-reports-3.2.3.jar;C:\Users\dung.nguyenanh\.m2\repository\net\serenity-bdd\serenity-stats\3.2.3\serenity-stats-3.2.3.jar;C:\Users\dung.nguyenanh\.m2\repository\net\serenity-bdd\serenity-reports-configuration\3.2.3\serenity-reports-configuration-3.2.3.jar;C:\Users\dung.nguyenanh\.m2\repository\com\vladsch\flexmark\flexmark-all\0.34.30\flexmark-all-0.34.30.jar;C:\Users\dung.nguyenanh\.m2\repository\com\vladsch\flexmark\flexmark\0.34.30\flexmark-0.34.30.jar;C:\Users\dung.nguyenanh\.m2\repository\com\vladsch\flexmark\flexmark-ext-abbreviation\0.34.30\flexmark-ext-abbreviation-0.34.30.jar;C:\Users\dung.nguyenanh\.m2\repository\com\vladsch\flexmark\flexmark-ext-admonition\0.34.30\flexmark-ext-admonition-0.34.30.jar;C:\Users\dung.nguyenanh\.m2\repository\com\vladsch\flexmark\flexmark-ext-anchorlink\0.34.30\flexmark-ext-anchorlink-0.34.30.jar;C:\Users\dung.nguyenanh\.m2\repository\com\vladsch\flexmark\flexmark-ext-aside\0.34.30\flexmark-ext-aside-0.34.30.jar;C:\Users\dung.nguyenanh\.m2\repository\com\vladsch\flexmark\flexmark-ext-attributes\0.34.30\flexmark-ext-attributes-0.34.30.jar;C:\Users\dung.nguyenanh\.m2\repository\com\vladsch\flexmark\flexmark-ext-autolink\0.34.30\flexmark-ext-autolink-0.34.30.jar;C:\Users\dung.nguyenanh\.m2\repository\org\nibor\autolink\autolink\0.6.0\autolink-0.6.0.jar;C:\Users\dung.nguyenanh\.m2\repository\com\vladsch\flexmark\flexmark-ext-definition\0.34.30\flexmark-ext-definition-0.34.30.jar;C:\Users\dung.nguyenanh\.m2\repository\com\vladsch\flexmark\flexmark-ext-emoji\0.34.30\flexmark-ext-emoji-0.34.30.jar;C:\Users\dung.nguyenanh\.m2\repository\com\vladsch\flexmark\flexmark-ext-enumerated-reference\0.34.30\flexmark-ext-enumerated-reference-0.34.30.jar;C:\Users\dung.nguyenanh\.m2\repository\com\vladsch\flexmark\flexmark-ext-escaped-character\0.34.30\flexmark-ext-escaped-character-0.34.30.jar;C:\Users\dung.nguyenanh\.m2\repository\com\vladsch\flexmark\flexmark-ext-footnotes\0.34.30\flexmark-ext-footnotes-0.34.30.jar;C:\Users\dung.nguyenanh\.m2\repository\com\vladsch\flexmark\flexmark-ext-gfm-issues\0.34.30\flexmark-ext-gfm-issues-0.34.30.jar;C:\Users\dung.nguyenanh\.m2\repository\com\vladsch\flexmark\flexmark-ext-gfm-strikethrough\0.34.30\flexmark-ext-gfm-strikethrough-0.34.30.jar;C:\Users\dung.nguyenanh\.m2\repository\com\vladsch\flexmark\flexmark-ext-gfm-tables\0.34.30\flexmark-ext-gfm-tables-0.34.30.jar;C:\Users\dung.nguyenanh\.m2\repository\com\vladsch\flexmark\flexmark-ext-gfm-tasklist\0.34.30\flexmark-ext-gfm-tasklist-0.34.30.jar;C:\Users\dung.nguyenanh\.m2\repository\com\vladsch\flexmark\flexmark-ext-gfm-users\0.34.30\flexmark-ext-gfm-users-0.34.30.jar;C:\Users\dung.nguyenanh\.m2\repository\com\vladsch\flexmark\flexmark-ext-gitlab\0.34.30\flexmark-ext-gitlab-0.34.30.jar;C:\Users\dung.nguyenanh\.m2\repository\com\vladsch\flexmark\flexmark-ext-jekyll-front-matter\0.34.30\flexmark-ext-jekyll-front-matter-0.34.30.jar;C:\Users\dung.nguyenanh\.m2\repository\com\vladsch\flexmark\flexmark-ext-jekyll-tag\0.34.30\flexmark-ext-jekyll-tag-0.34.30.jar;C:\Users\dung.nguyenanh\.m2\repository\com\vladsch\flexmark\flexmark-ext-media-tags\0.34.30\flexmark-ext-media-tags-0.34.30.jar;C:\Users\dung.nguyenanh\.m2\repository\com\vladsch\flexmark\flexmark-test-util\0.34.30\flexmark-test-util-0.34.30.jar;C:\Users\dung.nguyenanh\.m2\repository\com\vladsch\flexmark\flexmark-ext-ins\0.34.30\flexmark-ext-ins-0.34.30.jar;C:\Users\dung.nguyenanh\.m2\repository\com\vladsch\flexmark\flexmark-ext-xwiki-macros\0.34.30\flexmark-ext-xwiki-macros-0.34.30.jar;C:\Users\dung.nguyenanh\.m2\repository\com\vladsch\flexmark\flexmark-ext-superscript\0.34.30\flexmark-ext-superscript-0.34.30.jar;C:\Users\dung.nguyenanh\.m2\repository\com\vladsch\flexmark\flexmark-ext-tables\0.34.30\flexmark-ext-tables-0.34.30.jar;C:\Users\dung.nguyenanh\.m2\repository\com\vladsch\flexmark\flexmark-ext-toc\0.34.30\flexmark-ext-toc-0.34.30.jar;C:\Users\dung.nguyenanh\.m2\repository\com\vladsch\flexmark\flexmark-ext-typographic\0.34.30\flexmark-ext-typographic-0.34.30.jar;C:\Users\dung.nguyenanh\.m2\repository\com\vladsch\flexmark\flexmark-ext-wikilink\0.34.30\flexmark-ext-wikilink-0.34.30.jar;C:\Users\dung.nguyenanh\.m2\repository\com\vladsch\flexmark\flexmark-ext-yaml-front-matter\0.34.30\flexmark-ext-yaml-front-matter-0.34.30.jar;C:\Users\dung.nguyenanh\.m2\repository\com\vladsch\flexmark\flexmark-ext-youtube-embedded\0.34.30\flexmark-ext-youtube-embedded-0.34.30.jar;C:\Users\dung.nguyenanh\.m2\repository\com\vladsch\flexmark\flexmark-formatter\0.34.30\flexmark-formatter-0.34.30.jar;C:\Users\dung.nguyenanh\.m2\repository\com\vladsch\flexmark\flexmark-html-parser\0.34.30\flexmark-html-parser-0.34.30.jar;C:\Users\dung.nguyenanh\.m2\repository\com\vladsch\flexmark\flexmark-jira-converter\0.34.30\flexmark-jira-converter-0.34.30.jar;C:\Users\dung.nguyenanh\.m2\repository\com\vladsch\flexmark\flexmark-pdf-converter\0.34.30\flexmark-pdf-converter-0.34.30.jar;C:\Users\dung.nguyenanh\.m2\repository\com\openhtmltopdf\openhtmltopdf-core\0.0.1-RC13\openhtmltopdf-core-0.0.1-RC13.jar;C:\Users\dung.nguyenanh\.m2\repository\com\openhtmltopdf\openhtmltopdf-pdfbox\0.0.1-RC13\openhtmltopdf-pdfbox-0.0.1-RC13.jar;C:\Users\dung.nguyenanh\.m2\repository\org\apache\pdfbox\pdfbox\2.0.8\pdfbox-2.0.8.jar;C:\Users\dung.nguyenanh\.m2\repository\org\apache\pdfbox\fontbox\2.0.8\fontbox-2.0.8.jar;C:\Users\dung.nguyenanh\.m2\repository\commons-logging\commons-logging\1.2\commons-logging-1.2.jar;C:\Users\dung.nguyenanh\.m2\repository\org\apache\pdfbox\xmpbox\2.0.8\xmpbox-2.0.8.jar;C:\Users\dung.nguyenanh\.m2\repository\de\rototor\pdfbox\graphics2d\0.12\graphics2d-0.12.jar;C:\Users\dung.nguyenanh\.m2\repository\com\openhtmltopdf\openhtmltopdf-rtl-support\0.0.1-RC13\openhtmltopdf-rtl-support-0.0.1-RC13.jar;C:\Users\dung.nguyenanh\.m2\repository\com\ibm\icu\icu4j\59.1\icu4j-59.1.jar;C:\Users\dung.nguyenanh\.m2\repository\com\openhtmltopdf\openhtmltopdf-jsoup-dom-converter\0.0.1-RC13\openhtmltopdf-jsoup-dom-converter-0.0.1-RC13.jar;C:\Users\dung.nguyenanh\.m2\repository\com\vladsch\flexmark\flexmark-profile-pegdown\0.34.30\flexmark-profile-pegdown-0.34.30.jar;C:\Users\dung.nguyenanh\.m2\repository\com\vladsch\flexmark\flexmark-util\0.34.30\flexmark-util-0.34.30.jar;C:\Users\dung.nguyenanh\.m2\repository\com\vladsch\flexmark\flexmark-youtrack-converter\0.34.30\flexmark-youtrack-converter-0.34.30.jar;C:\Users\dung.nguyenanh\.m2\repository\es\nitaur\markdown\txtmark\0.16\txtmark-0.16.jar;C:\Users\dung.nguyenanh\.m2\repository\net\serenity-bdd\serenity-report-resources\3.2.3\serenity-report-resources-3.2.3.jar;C:\Users\dung.nguyenanh\.m2\repository\com\google\code\gson\gson\2.9.0\gson-2.9.0.jar;C:\Users\dung.nguyenanh\.m2\repository\com\fasterxml\jackson\core\jackson-core\2.13.2\jackson-core-2.13.2.jar;C:\Users\dung.nguyenanh\.m2\repository\com\fasterxml\jackson\core\jackson-databind\2.13.2\jackson-databind-2.13.2.jar;C:\Users\dung.nguyenanh\.m2\repository\com\fasterxml\jackson\core\jackson-annotations\2.13.2\jackson-annotations-2.13.2.jar;C:\Users\dung.nguyenanh\.m2\repository\commons-codec\commons-codec\1.15\commons-codec-1.15.jar;C:\Users\dung.nguyenanh\.m2\repository\commons-io\commons-io\2.11.0\commons-io-2.11.0.jar;C:\Users\dung.nguyenanh\.m2\repository\org\seleniumhq\selenium\selenium-java\4.1.3\selenium-java-4.1.3.jar;C:\Users\dung.nguyenanh\.m2\repository\org\seleniumhq\selenium\selenium-devtools-v85\4.1.3\selenium-devtools-v85-4.1.3.jar;C:\Users\dung.nguyenanh\.m2\repository\org\seleniumhq\selenium\selenium-devtools-v97\4.1.3\selenium-devtools-v97-4.1.3.jar;C:\Users\dung.nguyenanh\.m2\repository\org\seleniumhq\selenium\selenium-devtools-v98\4.1.3\selenium-devtools-v98-4.1.3.jar;C:\Users\dung.nguyenanh\.m2\repository\org\seleniumhq\selenium\selenium-devtools-v99\4.1.3\selenium-devtools-v99-4.1.3.jar;C:\Users\dung.nguyenanh\.m2\repository\org\seleniumhq\selenium\selenium-opera-driver\4.1.3\selenium-opera-driver-4.1.3.jar;C:\Users\dung.nguyenanh\.m2\repository\org\seleniumhq\selenium\selenium-remote-driver\4.1.3\selenium-remote-driver-4.1.3.jar;C:\Users\dung.nguyenanh\.m2\repository\com\beust\jcommander\1.82\jcommander-1.82.jar;C:\Users\dung.nguyenanh\.m2\repository\io\netty\netty-buffer\4.1.75.Final\netty-buffer-4.1.75.Final.jar;C:\Users\dung.nguyenanh\.m2\repository\io\netty\netty-codec-http\4.1.75.Final\netty-codec-http-4.1.75.Final.jar;C:\Users\dung.nguyenanh\.m2\repository\io\netty\netty-codec\4.1.75.Final\netty-codec-4.1.75.Final.jar;C:\Users\dung.nguyenanh\.m2\repository\io\netty\netty-handler\4.1.75.Final\netty-handler-4.1.75.Final.jar;C:\Users\dung.nguyenanh\.m2\repository\io\netty\netty-common\4.1.75.Final\netty-common-4.1.75.Final.jar;C:\Users\dung.nguyenanh\.m2\repository\io\netty\netty-transport-classes-epoll\4.1.75.Final\netty-transport-classes-epoll-4.1.75.Final.jar;C:\Users\dung.nguyenanh\.m2\repository\io\netty\netty-transport-classes-kqueue\4.1.75.Final\netty-transport-classes-kqueue-4.1.75.Final.jar;C:\Users\dung.nguyenanh\.m2\repository\io\netty\netty-transport-native-epoll\4.1.75.Final\netty-transport-native-epoll-4.1.75.Final.jar;C:\Users\dung.nguyenanh\.m2\repository\io\netty\netty-transport-native-kqueue\4.1.75.Final\netty-transport-native-kqueue-4.1.75.Final.jar;C:\Users\dung.nguyenanh\.m2\repository\io\netty\netty-transport-native-unix-common\4.1.75.Final\netty-transport-native-unix-common-4.1.75.Final.jar;C:\Users\dung.nguyenanh\.m2\repository\io\netty\netty-transport\4.1.75.Final\netty-transport-4.1.75.Final.jar;C:\Users\dung.nguyenanh\.m2\repository\io\netty\netty-resolver\4.1.75.Final\netty-resolver-4.1.75.Final.jar;C:\Users\dung.nguyenanh\.m2\repository\io\opentelemetry\opentelemetry-api\1.12.0\opentelemetry-api-1.12.0.jar;C:\Users\dung.nguyenanh\.m2\repository\io\opentelemetry\opentelemetry-context\1.12.0\opentelemetry-context-1.12.0.jar;C:\Users\dung.nguyenanh\.m2\repository\io\opentelemetry\opentelemetry-exporter-logging\1.12.0\opentelemetry-exporter-logging-1.12.0.jar;C:\Users\dung.nguyenanh\.m2\repository\io\opentelemetry\opentelemetry-sdk-metrics\1.12.0-alpha\opentelemetry-sdk-metrics-1.12.0-alpha.jar;C:\Users\dung.nguyenanh\.m2\repository\io\opentelemetry\opentelemetry-sdk-logs\1.12.0-alpha\opentelemetry-sdk-logs-1.12.0-alpha.jar;C:\Users\dung.nguyenanh\.m2\repository\io\opentelemetry\opentelemetry-sdk-common\1.12.0\opentelemetry-sdk-common-1.12.0.jar;C:\Users\dung.nguyenanh\.m2\repository\io\opentelemetry\opentelemetry-sdk-extension-autoconfigure-spi\1.12.0\opentelemetry-sdk-extension-autoconfigure-spi-1.12.0.jar;C:\Users\dung.nguyenanh\.m2\repository\io\opentelemetry\opentelemetry-sdk-extension-autoconfigure\1.12.0-alpha\opentelemetry-sdk-extension-autoconfigure-1.12.0-alpha.jar;C:\Users\dung.nguyenanh\.m2\repository\io\opentelemetry\opentelemetry-sdk-trace\1.12.0\opentelemetry-sdk-trace-1.12.0.jar;C:\Users\dung.nguyenanh\.m2\repository\io\opentelemetry\opentelemetry-sdk\1.12.0\opentelemetry-sdk-1.12.0.jar;C:\Users\dung.nguyenanh\.m2\repository\io\opentelemetry\opentelemetry-semconv\1.12.0-alpha\opentelemetry-semconv-1.12.0-alpha.jar;C:\Users\dung.nguyenanh\.m2\repository\io\ous\jtoml\2.0.0\jtoml-2.0.0.jar;C:\Users\dung.nguyenanh\.m2\repository\org\apache\commons\commons-exec\1.3\commons-exec-1.3.jar;C:\Users\dung.nguyenanh\.m2\repository\org\asynchttpclient\async-http-client\2.12.3\async-http-client-2.12.3.jar;C:\Users\dung.nguyenanh\.m2\repository\org\asynchttpclient\async-http-client-netty-utils\2.12.3\async-http-client-netty-utils-2.12.3.jar;C:\Users\dung.nguyenanh\.m2\repository\io\netty\netty-codec-socks\4.1.60.Final\netty-codec-socks-4.1.60.Final.jar;C:\Users\dung.nguyenanh\.m2\repository\io\netty\netty-handler-proxy\4.1.60.Final\netty-handler-proxy-4.1.60.Final.jar;C:\Users\dung.nguyenanh\.m2\repository\io\netty\netty-transport-native-epoll\4.1.60.Final\netty-transport-native-epoll-4.1.60.Final-linux-x86_64.jar;C:\Users\dung.nguyenanh\.m2\repository\io\netty\netty-transport-native-kqueue\4.1.60.Final\netty-transport-native-kqueue-4.1.60.Final-osx-x86_64.jar;C:\Users\dung.nguyenanh\.m2\repository\org\reactivestreams\reactive-streams\1.0.3\reactive-streams-1.0.3.jar;C:\Users\dung.nguyenanh\.m2\repository\com\typesafe\netty\netty-reactive-streams\2.0.4\netty-reactive-streams-2.0.4.jar;C:\Users\dung.nguyenanh\.m2\repository\org\seleniumhq\selenium\selenium-http\4.1.3\selenium-http-4.1.3.jar;C:\Users\dung.nguyenanh\.m2\repository\dev\failsafe\failsafe\3.2.3\failsafe-3.2.3.jar;C:\Users\dung.nguyenanh\.m2\repository\org\seleniumhq\selenium\selenium-safari-driver\4.1.3\selenium-safari-driver-4.1.3.jar;C:\Users\dung.nguyenanh\.m2\repository\org\seleniumhq\selenium\selenium-api\4.1.3\selenium-api-4.1.3.jar;C:\Users\dung.nguyenanh\.m2\repository\org\seleniumhq\selenium\selenium-support\4.1.3\selenium-support-4.1.3.jar;C:\Users\dung.nguyenanh\.m2\repository\com\google\auto\service\auto-service-annotations\1.0.1\auto-service-annotations-1.0.1.jar;C:\Users\dung.nguyenanh\.m2\repository\com\google\auto\service\auto-service\1.0.1\auto-service-1.0.1.jar;C:\Users\dung.nguyenanh\.m2\repository\com\google\auto\auto-common\1.2\auto-common-1.2.jar;C:\Users\dung.nguyenanh\.m2\repository\org\seleniumhq\selenium\selenium-json\4.1.3\selenium-json-4.1.3.jar;C:\Users\dung.nguyenanh\.m2\repository\org\seleniumhq\selenium\selenium-chrome-driver\4.1.3\selenium-chrome-driver-4.1.3.jar;C:\Users\dung.nguyenanh\.m2\repository\org\seleniumhq\selenium\selenium-chromium-driver\4.1.3\selenium-chromium-driver-4.1.3.jar;C:\Users\dung.nguyenanh\.m2\repository\org\seleniumhq\selenium\selenium-firefox-driver\4.1.3\selenium-firefox-driver-4.1.3.jar;C:\Users\dung.nguyenanh\.m2\repository\org\seleniumhq\selenium\selenium-edge-driver\4.1.3\selenium-edge-driver-4.1.3.jar;C:\Users\dung.nguyenanh\.m2\repository\org\seleniumhq\selenium\selenium-ie-driver\4.1.3\selenium-ie-driver-4.1.3.jar;C:\Users\dung.nguyenanh\.m2\repository\io\appium\java-client\8.0.0\java-client-8.0.0.jar;C:\Users\dung.nguyenanh\.m2\repository\commons-validator\commons-validator\1.7\commons-validator-1.7.jar;C:\Users\dung.nguyenanh\.m2\repository\commons-digester\commons-digester\2.1\commons-digester-2.1.jar;C:\Users\dung.nguyenanh\.m2\repository\org\aspectj\aspectjweaver\1.9.8\aspectjweaver-1.9.8.jar;C:\Users\dung.nguyenanh\.m2\repository\org\codehaus\groovy\groovy\3.0.10\groovy-3.0.10.jar;C:\Users\dung.nguyenanh\.m2\repository\net\sf\opencsv\opencsv\2.0\opencsv-2.0.jar;C:\Users\dung.nguyenanh\.m2\repository\commons-beanutils\commons-beanutils\1.9.4\commons-beanutils-1.9.4.jar;C:\Users\dung.nguyenanh\.m2\repository\org\apache\commons\commons-lang3\3.12.0\commons-lang3-3.12.0.jar;C:\Users\dung.nguyenanh\.m2\repository\commons-collections\commons-collections\3.2.2\commons-collections-3.2.2.jar;C:\Users\dung.nguyenanh\.m2\repository\org\fluentlenium\fluentlenium-core\0.10.2\fluentlenium-core-0.10.2.jar;C:\Users\dung.nguyenanh\.m2\repository\com\jhlabs\filters\2.0.235\filters-2.0.235.jar;C:\Users\dung.nguyenanh\.m2\repository\com\paulhammant\ngwebdriver\1.1.6\ngwebdriver-1.1.6.jar;C:\Users\dung.nguyenanh\.m2\repository\joda-time\joda-time\2.8.2\joda-time-2.8.2.jar;C:\Users\dung.nguyenanh\.m2\repository\org\hamcrest\hamcrest\2.2\hamcrest-2.2.jar;C:\Users\dung.nguyenanh\.m2\repository\com\google\jimfs\jimfs\1.2\jimfs-1.2.jar;C:\Users\dung.nguyenanh\.m2\repository\org\mockito\mockito-core\3.3.3\mockito-core-3.3.3.jar;C:\Users\dung.nguyenanh\.m2\repository\javax\xml\bind\jaxb-api\2.3.1\jaxb-api-2.3.1.jar;C:\Users\dung.nguyenanh\.m2\repository\javax\activation\javax.activation-api\1.2.0\javax.activation-api-1.2.0.jar;C:\Users\dung.nguyenanh\.m2\repository\com\sun\xml\bind\jaxb-core\2.3.0.1\jaxb-core-2.3.0.1.jar;C:\Users\dung.nguyenanh\.m2\repository\com\sun\xml\bind\jaxb-impl\2.3.3\jaxb-impl-2.3.3.jar;C:\Users\dung.nguyenanh\.m2\repository\jakarta\xml\bind\jakarta.xml.bind-api\2.3.3\jakarta.xml.bind-api-2.3.3.jar;C:\Users\dung.nguyenanh\.m2\repository\com\sun\activation\jakarta.activation\1.2.2\jakarta.activation-1.2.2.jar;C:\Users\dung.nguyenanh\.m2\repository\javax\activation\activation\1.1.1\activation-1.1.1.jar;C:\Users\dung.nguyenanh\.m2\repository\net\serenity-bdd\serenity-cucumber\3.2.3\serenity-cucumber-3.2.3.jar;C:\Users\dung.nguyenanh\.m2\repository\io\cucumber\cucumber-core\7.2.3\cucumber-core-7.2.3.jar;C:\Users\dung.nguyenanh\.m2\repository\io\cucumber\cucumber-gherkin\7.2.3\cucumber-gherkin-7.2.3.jar;C:\Users\dung.nguyenanh\.m2\repository\io\cucumber\cucumber-gherkin-messages\7.2.3\cucumber-gherkin-messages-7.2.3.jar;C:\Users\dung.nguyenanh\.m2\repository\io\cucumber\messages\17.1.1\messages-17.1.1.jar;C:\Users\dung.nguyenanh\.m2\repository\io\cucumber\tag-expressions\4.1.0\tag-expressions-4.1.0.jar;C:\Users\dung.nguyenanh\.m2\repository\io\cucumber\cucumber-expressions\15.0.1\cucumber-expressions-15.0.1.jar;C:\Users\dung.nguyenanh\.m2\repository\io\cucumber\datatable\7.2.3\datatable-7.2.3.jar;C:\Users\dung.nguyenanh\.m2\repository\io\cucumber\cucumber-plugin\7.2.3\cucumber-plugin-7.2.3.jar;C:\Users\dung.nguyenanh\.m2\repository\io\cucumber\docstring\7.2.3\docstring-7.2.3.jar;C:\Users\dung.nguyenanh\.m2\repository\io\cucumber\html-formatter\17.0.0\html-formatter-17.0.0.jar;C:\Users\dung.nguyenanh\.m2\repository\io\cucumber\ci-environment\8.1.0\ci-environment-8.1.0.jar;C:\Users\dung.nguyenanh\.m2\repository\io\cucumber\cucumber-junit\7.2.3\cucumber-junit-7.2.3.jar;C:\Users\dung.nguyenanh\.m2\repository\org\apiguardian\apiguardian-api\1.1.2\apiguardian-api-1.1.2.jar;C:\Users\dung.nguyenanh\.m2\repository\org\apache\commons\commons-csv\1.5\commons-csv-1.5.jar;C:\Users\dung.nguyenanh\.m2\repository\net\serenity-bdd\serenity-screenplay\3.2.3\serenity-screenplay-3.2.3.jar;C:\Users\dung.nguyenanh\.m2\repository\net\serenity-bdd\serenity-screenplay-webdriver\3.2.3\serenity-screenplay-webdriver-3.2.3.jar;C:\Users\dung.nguyenanh\.m2\repository\net\serenity-bdd\serenity-ensure\3.2.3\serenity-ensure-3.2.3.jar;C:\Users\dung.nguyenanh\.m2\repository\net\serenity-bdd\serenity-junit\3.2.3\serenity-junit-3.2.3.jar;C:\Users\dung.nguyenanh\.m2\repository\org\jetbrains\kotlin\kotlin-stdlib\1.6.0\kotlin-stdlib-1.6.0.jar;C:\Users\dung.nguyenanh\.m2\repository\org\jetbrains\annotations\13.0\annotations-13.0.jar;C:\Users\dung.nguyenanh\.m2\repository\org\jetbrains\kotlin\kotlin-stdlib-common\1.6.0\kotlin-stdlib-common-1.6.0.jar;C:\Users\dung.nguyenanh\.m2\repository\junit\junit\4.13.2\junit-4.13.2.jar;C:\Users\dung.nguyenanh\.m2\repository\org\hamcrest\hamcrest-core\1.3\hamcrest-core-1.3.jar;C:\Users\dung.nguyenanh\.m2\repository\org\projectlombok\lombok\1.18.22\lombok-1.18.22.jar;C:\Users\dung.nguyenanh\.m2\repository\ch\qos\logback\logback-classic\1.2.11\logback-classic-1.2.11.jar;C:\Users\dung.nguyenanh\.m2\repository\ch\qos\logback\logback-core\1.2.11\logback-core-1.2.11.jar;C:\Users\dung.nguyenanh\.m2\repository\org\slf4j\slf4j-api\1.7.32\slf4j-api-1.7.32.jar;C:\Users\dung.nguyenanh\.m2\repository\org\assertj\assertj-core\3.22.0\assertj-core-3.22.0.jar;C:\Users\dung.nguyenanh\.m2\repository\io\github\bonigarcia\webdrivermanager\5.1.1\webdrivermanager-5.1.1.jar;C:\Users\dung.nguyenanh\.m2\repository\com\github\docker-java\docker-java\3.2.13\docker-java-3.2.13.jar;C:\Users\dung.nguyenanh\.m2\repository\com\github\docker-java\docker-java-core\3.2.13\docker-java-core-3.2.13.jar;C:\Users\dung.nguyenanh\.m2\repository\com\github\docker-java\docker-java-api\3.2.13\docker-java-api-3.2.13.jar;C:\Users\dung.nguyenanh\.m2\repository\org\apache\commons\commons-compress\1.21\commons-compress-1.21.jar;C:\Users\dung.nguyenanh\.m2\repository\org\bouncycastle\bcpkix-jdk15on\1.64\bcpkix-jdk15on-1.64.jar;C:\Users\dung.nguyenanh\.m2\repository\org\bouncycastle\bcprov-jdk15on\1.64\bcprov-jdk15on-1.64.jar;C:\Users\dung.nguyenanh\.m2\repository\org\slf4j\jcl-over-slf4j\1.7.30\jcl-over-slf4j-1.7.30.jar;C:\Users\dung.nguyenanh\.m2\repository\com\github\docker-java\docker-java-transport-httpclient5\3.2.13\docker-java-transport-httpclient5-3.2.13.jar;C:\Users\dung.nguyenanh\.m2\repository\com\github\docker-java\docker-java-transport\3.2.13\docker-java-transport-3.2.13.jar;C:\Users\dung.nguyenanh\.m2\repository\net\java\dev\jna\jna\5.8.0\jna-5.8.0.jar;C:\Users\dung.nguyenanh\.m2\repository\org\brotli\dec\0.1.2\dec-0.1.2.jar;C:\Users\dung.nguyenanh\.m2\repository\org\apache\httpcomponents\client5\httpclient5\5.1.3\httpclient5-5.1.3.jar;C:\Users\dung.nguyenanh\.m2\repository\org\apache\httpcomponents\core5\httpcore5\5.1.3\httpcore5-5.1.3.jar;C:\Users\dung.nguyenanh\.m2\repository\org\apache\httpcomponents\core5\httpcore5-h2\5.1.3\httpcore5-h2-5.1.3.jar;C:\Users\dung.nguyenanh\.m2\repository\org\hamcrest\hamcrest-all\1.3\hamcrest-all-1.3.jar;C:\Users\dung.nguyenanh\.m2\repository\org\apache\maven\plugins\maven-failsafe-plugin\3.0.0-M5\maven-failsafe-plugin-3.0.0-M5.jar;C:\Users\dung.nguyenanh\.m2\repository\org\apache\maven\surefire\maven-surefire-common\3.0.0-M5\maven-surefire-common-3.0.0-M5.jar;C:\Users\dung.nguyenanh\.m2\repository\org\apache\maven\surefire\surefire-api\3.0.0-M5\surefire-api-3.0.0-M5.jar;C:\Users\dung.nguyenanh\.m2\repository\org\apache\maven\surefire\surefire-logger-api\3.0.0-M5\surefire-logger-api-3.0.0-M5.jar;C:\Users\dung.nguyenanh\.m2\repository\org\apache\maven\surefire\surefire-extensions-api\3.0.0-M5\surefire-extensions-api-3.0.0-M5.jar;C:\Users\dung.nguyenanh\.m2\repository\org\apache\maven\surefire\surefire-booter\3.0.0-M5\surefire-booter-3.0.0-M5.jar;C:\Users\dung.nguyenanh\.m2\repository\org\apache\maven\surefire\surefire-extensions-spi\3.0.0-M5\surefire-extensions-spi-3.0.0-M5.jar;C:\Users\dung.nguyenanh\.m2\repository\org\apache\maven\maven-toolchain\3.0-alpha-2\maven-toolchain-3.0-alpha-2.jar;C:\Users\dung.nguyenanh\.m2\repository\org\apache\maven\shared\maven-artifact-transfer\0.11.0\maven-artifact-transfer-0.11.0.jar;C:\Users\dung.nguyenanh\.m2\repository\org\apache\maven\shared\maven-common-artifact-filters\3.0.1\maven-common-artifact-filters-3.0.1.jar;C:\Users\dung.nguyenanh\.m2\repository\org\apache\maven\maven-model\3.0\maven-model-3.0.jar;C:\Users\dung.nguyenanh\.m2\repository\org\apache\maven\maven-plugin-api\3.0\maven-plugin-api-3.0.jar;C:\Users\dung.nguyenanh\.m2\repository\org\sonatype\sisu\sisu-inject-plexus\1.4.2\sisu-inject-plexus-1.4.2.jar;C:\Users\dung.nguyenanh\.m2\repository\org\codehaus\plexus\plexus-classworlds\2.2.3\plexus-classworlds-2.2.3.jar;C:\Users\dung.nguyenanh\.m2\repository\org\sonatype\sisu\sisu-inject-bean\1.4.2\sisu-inject-bean-1.4.2.jar;C:\Users\dung.nguyenanh\.m2\repository\org\sonatype\sisu\sisu-guice\2.1.7\sisu-guice-2.1.7-noaop.jar;C:\Users\dung.nguyenanh\.m2\repository\org\apache\maven\shared\maven-shared-utils\3.1.0\maven-shared-utils-3.1.0.jar;C:\Users\dung.nguyenanh\.m2\repository\org\codehaus\plexus\plexus-java\1.0.5\plexus-java-1.0.5.jar;C:\Users\dung.nguyenanh\.m2\repository\org\ow2\asm\asm\7.2\asm-7.2.jar;C:\Users\dung.nguyenanh\.m2\repository\com\thoughtworks\qdox\qdox\2.0-M9\qdox-2.0-M9.jar;C:\Users\dung.nguyenanh\.m2\repository\org\apache\maven\surefire\surefire-shared-utils\3.0.0-M4\surefire-shared-utils-3.0.0-M4.jar;"/>
    <property name="java.vm.vendor" value="Oracle Corporation"/>
    <property name="sun.arch.data.model" value="64"/>
    <property name="user.variant" value=""/>
    <property name="java.vendor.url" value="http://java.oracle.com/"/>
    <property name="user.timezone" value="Asia/Bangkok"/>
    <property name="java.vm.specification.version" value="1.8"/>
    <property name="os.name" value="Windows 10"/>
    <property name="user.country" value="US"/>
    <property name="sun.java.launcher" value="SUN_STANDARD"/>
    <property name="sun.boot.library.path" value="C:\Program Files\Java\jdk1.8.0_321\jre\bin"/>
    <property name="sun.java.command" value="C:\Users\dung.nguyenanh\AppData\Local\Temp\surefire6204104981142974833\surefirebooter7471098105687457665.jar C:\Users\dung.nguyenanh\AppData\Local\Temp\surefire6204104981142974833 2022-05-09T12-07-02_790-jvmRun1 surefire97248439617346855tmp surefire_01030923595501471924tmp"/>
    <property name="surefire.test.class.path" value="D:\Pratice\serenity_homework\target\test-classes;D:\Pratice\serenity_homework\target\serenity_homework-1.0-SNAPSHOT.jar;C:\Users\dung.nguyenanh\.m2\repository\net\serenity-bdd\serenity-core\3.2.3\serenity-core-3.2.3.jar;C:\Users\dung.nguyenanh\.m2\repository\net\serenity-bdd\serenity-model\3.2.3\serenity-model-3.2.3.jar;C:\Users\dung.nguyenanh\.m2\repository\org\apache\commons\commons-text\1.9\commons-text-1.9.jar;C:\Users\dung.nguyenanh\.m2\repository\commons-net\commons-net\3.8.0\commons-net-3.8.0.jar;C:\Users\dung.nguyenanh\.m2\repository\com\google\guava\guava\31.1-jre\guava-31.1-jre.jar;C:\Users\dung.nguyenanh\.m2\repository\com\google\guava\failureaccess\1.0.1\failureaccess-1.0.1.jar;C:\Users\dung.nguyenanh\.m2\repository\com\google\guava\listenablefuture\9999.0-empty-to-avoid-conflict-with-guava\listenablefuture-9999.0-empty-to-avoid-conflict-with-guava.jar;C:\Users\dung.nguyenanh\.m2\repository\com\google\code\findbugs\jsr305\3.0.2\jsr305-3.0.2.jar;C:\Users\dung.nguyenanh\.m2\repository\org\checkerframework\checker-qual\3.12.0\checker-qual-3.12.0.jar;C:\Users\dung.nguyenanh\.m2\repository\com\google\errorprone\error_prone_annotations\2.11.0\error_prone_annotations-2.11.0.jar;C:\Users\dung.nguyenanh\.m2\repository\com\google\j2objc\j2objc-annotations\1.3\j2objc-annotations-1.3.jar;C:\Users\dung.nguyenanh\.m2\repository\com\google\inject\guice\5.1.0\guice-5.1.0.jar;C:\Users\dung.nguyenanh\.m2\repository\javax\inject\javax.inject\1\javax.inject-1.jar;C:\Users\dung.nguyenanh\.m2\repository\aopalliance\aopalliance\1.0\aopalliance-1.0.jar;C:\Users\dung.nguyenanh\.m2\repository\org\jsoup\jsoup\1.14.3\jsoup-1.14.3.jar;C:\Users\dung.nguyenanh\.m2\repository\com\thoughtworks\xstream\xstream\1.4.19\xstream-1.4.19.jar;C:\Users\dung.nguyenanh\.m2\repository\io\github\x-stream\mxparser\1.2.2\mxparser-1.2.2.jar;C:\Users\dung.nguyenanh\.m2\repository\xmlpull\xmlpull\1.1.3.1\xmlpull-1.1.3.1.jar;C:\Users\dung.nguyenanh\.m2\repository\io\cucumber\cucumber-java\7.2.3\cucumber-java-7.2.3.jar;C:\Users\dung.nguyenanh\.m2\repository\com\typesafe\config\1.4.2\config-1.4.2.jar;C:\Users\dung.nguyenanh\.m2\repository\org\imgscalr\imgscalr-lib\4.2\imgscalr-lib-4.2.jar;C:\Users\dung.nguyenanh\.m2\repository\org\awaitility\awaitility\4.2.0\awaitility-4.2.0.jar;C:\Users\dung.nguyenanh\.m2\repository\org\freemarker\freemarker\2.3.31\freemarker-2.3.31.jar;C:\Users\dung.nguyenanh\.m2\repository\io\github\classgraph\classgraph\4.8.138\classgraph-4.8.138.jar;C:\Users\dung.nguyenanh\.m2\repository\net\sourceforge\jexcelapi\jxl\2.6.12\jxl-2.6.12.jar;C:\Users\dung.nguyenanh\.m2\repository\net\bytebuddy\byte-buddy\1.12.8\byte-buddy-1.12.8.jar;C:\Users\dung.nguyenanh\.m2\repository\net\bytebuddy\byte-buddy-agent\1.12.8\byte-buddy-agent-1.12.8.jar;C:\Users\dung.nguyenanh\.m2\repository\org\objenesis\objenesis\3.1\objenesis-3.1.jar;C:\Users\dung.nguyenanh\.m2\repository\net\serenity-bdd\serenity-reports\3.2.3\serenity-reports-3.2.3.jar;C:\Users\dung.nguyenanh\.m2\repository\net\serenity-bdd\serenity-stats\3.2.3\serenity-stats-3.2.3.jar;C:\Users\dung.nguyenanh\.m2\repository\net\serenity-bdd\serenity-reports-configuration\3.2.3\serenity-reports-configuration-3.2.3.jar;C:\Users\dung.nguyenanh\.m2\repository\com\vladsch\flexmark\flexmark-all\0.34.30\flexmark-all-0.34.30.jar;C:\Users\dung.nguyenanh\.m2\repository\com\vladsch\flexmark\flexmark\0.34.30\flexmark-0.34.30.jar;C:\Users\dung.nguyenanh\.m2\repository\com\vladsch\flexmark\flexmark-ext-abbreviation\0.34.30\flexmark-ext-abbreviation-0.34.30.jar;C:\Users\dung.nguyenanh\.m2\repository\com\vladsch\flexmark\flexmark-ext-admonition\0.34.30\flexmark-ext-admonition-0.34.30.jar;C:\Users\dung.nguyenanh\.m2\repository\com\vladsch\flexmark\flexmark-ext-anchorlink\0.34.30\flexmark-ext-anchorlink-0.34.30.jar;C:\Users\dung.nguyenanh\.m2\repository\com\vladsch\flexmark\flexmark-ext-aside\0.34.30\flexmark-ext-aside-0.34.30.jar;C:\Users\dung.nguyenanh\.m2\repository\com\vladsch\flexmark\flexmark-ext-attributes\0.34.30\flexmark-ext-attributes-0.34.30.jar;C:\Users\dung.nguyenanh\.m2\repository\com\vladsch\flexmark\flexmark-ext-autolink\0.34.30\flexmark-ext-autolink-0.34.30.jar;C:\Users\dung.nguyenanh\.m2\repository\org\nibor\autolink\autolink\0.6.0\autolink-0.6.0.jar;C:\Users\dung.nguyenanh\.m2\repository\com\vladsch\flexmark\flexmark-ext-definition\0.34.30\flexmark-ext-definition-0.34.30.jar;C:\Users\dung.nguyenanh\.m2\repository\com\vladsch\flexmark\flexmark-ext-emoji\0.34.30\flexmark-ext-emoji-0.34.30.jar;C:\Users\dung.nguyenanh\.m2\repository\com\vladsch\flexmark\flexmark-ext-enumerated-reference\0.34.30\flexmark-ext-enumerated-reference-0.34.30.jar;C:\Users\dung.nguyenanh\.m2\repository\com\vladsch\flexmark\flexmark-ext-escaped-character\0.34.30\flexmark-ext-escaped-character-0.34.30.jar;C:\Users\dung.nguyenanh\.m2\repository\com\vladsch\flexmark\flexmark-ext-footnotes\0.34.30\flexmark-ext-footnotes-0.34.30.jar;C:\Users\dung.nguyenanh\.m2\repository\com\vladsch\flexmark\flexmark-ext-gfm-issues\0.34.30\flexmark-ext-gfm-issues-0.34.30.jar;C:\Users\dung.nguyenanh\.m2\repository\com\vladsch\flexmark\flexmark-ext-gfm-strikethrough\0.34.30\flexmark-ext-gfm-strikethrough-0.34.30.jar;C:\Users\dung.nguyenanh\.m2\repository\com\vladsch\flexmark\flexmark-ext-gfm-tables\0.34.30\flexmark-ext-gfm-tables-0.34.30.jar;C:\Users\dung.nguyenanh\.m2\repository\com\vladsch\flexmark\flexmark-ext-gfm-tasklist\0.34.30\flexmark-ext-gfm-tasklist-0.34.30.jar;C:\Users\dung.nguyenanh\.m2\repository\com\vladsch\flexmark\flexmark-ext-gfm-users\0.34.30\flexmark-ext-gfm-users-0.34.30.jar;C:\Users\dung.nguyenanh\.m2\repository\com\vladsch\flexmark\flexmark-ext-gitlab\0.34.30\flexmark-ext-gitlab-0.34.30.jar;C:\Users\dung.nguyenanh\.m2\repository\com\vladsch\flexmark\flexmark-ext-jekyll-front-matter\0.34.30\flexmark-ext-jekyll-front-matter-0.34.30.jar;C:\Users\dung.nguyenanh\.m2\repository\com\vladsch\flexmark\flexmark-ext-jekyll-tag\0.34.30\flexmark-ext-jekyll-tag-0.34.30.jar;C:\Users\dung.nguyenanh\.m2\repository\com\vladsch\flexmark\flexmark-ext-media-tags\0.34.30\flexmark-ext-media-tags-0.34.30.jar;C:\Users\dung.nguyenanh\.m2\repository\com\vladsch\flexmark\flexmark-test-util\0.34.30\flexmark-test-util-0.34.30.jar;C:\Users\dung.nguyenanh\.m2\repository\com\vladsch\flexmark\flexmark-ext-ins\0.34.30\flexmark-ext-ins-0.34.30.jar;C:\Users\dung.nguyenanh\.m2\repository\com\vladsch\flexmark\flexmark-ext-xwiki-macros\0.34.30\flexmark-ext-xwiki-macros-0.34.30.jar;C:\Users\dung.nguyenanh\.m2\repository\com\vladsch\flexmark\flexmark-ext-superscript\0.34.30\flexmark-ext-superscript-0.34.30.jar;C:\Users\dung.nguyenanh\.m2\repository\com\vladsch\flexmark\flexmark-ext-tables\0.34.30\flexmark-ext-tables-0.34.30.jar;C:\Users\dung.nguyenanh\.m2\repository\com\vladsch\flexmark\flexmark-ext-toc\0.34.30\flexmark-ext-toc-0.34.30.jar;C:\Users\dung.nguyenanh\.m2\repository\com\vladsch\flexmark\flexmark-ext-typographic\0.34.30\flexmark-ext-typographic-0.34.30.jar;C:\Users\dung.nguyenanh\.m2\repository\com\vladsch\flexmark\flexmark-ext-wikilink\0.34.30\flexmark-ext-wikilink-0.34.30.jar;C:\Users\dung.nguyenanh\.m2\repository\com\vladsch\flexmark\flexmark-ext-yaml-front-matter\0.34.30\flexmark-ext-yaml-front-matter-0.34.30.jar;C:\Users\dung.nguyenanh\.m2\repository\com\vladsch\flexmark\flexmark-ext-youtube-embedded\0.34.30\flexmark-ext-youtube-embedded-0.34.30.jar;C:\Users\dung.nguyenanh\.m2\repository\com\vladsch\flexmark\flexmark-formatter\0.34.30\flexmark-formatter-0.34.30.jar;C:\Users\dung.nguyenanh\.m2\repository\com\vladsch\flexmark\flexmark-html-parser\0.34.30\flexmark-html-parser-0.34.30.jar;C:\Users\dung.nguyenanh\.m2\repository\com\vladsch\flexmark\flexmark-jira-converter\0.34.30\flexmark-jira-converter-0.34.30.jar;C:\Users\dung.nguyenanh\.m2\repository\com\vladsch\flexmark\flexmark-pdf-converter\0.34.30\flexmark-pdf-converter-0.34.30.jar;C:\Users\dung.nguyenanh\.m2\repository\com\openhtmltopdf\openhtmltopdf-core\0.0.1-RC13\openhtmltopdf-core-0.0.1-RC13.jar;C:\Users\dung.nguyenanh\.m2\repository\com\openhtmltopdf\openhtmltopdf-pdfbox\0.0.1-RC13\openhtmltopdf-pdfbox-0.0.1-RC13.jar;C:\Users\dung.nguyenanh\.m2\repository\org\apache\pdfbox\pdfbox\2.0.8\pdfbox-2.0.8.jar;C:\Users\dung.nguyenanh\.m2\repository\org\apache\pdfbox\fontbox\2.0.8\fontbox-2.0.8.jar;C:\Users\dung.nguyenanh\.m2\repository\commons-logging\commons-logging\1.2\commons-logging-1.2.jar;C:\Users\dung.nguyenanh\.m2\repository\org\apache\pdfbox\xmpbox\2.0.8\xmpbox-2.0.8.jar;C:\Users\dung.nguyenanh\.m2\repository\de\rototor\pdfbox\graphics2d\0.12\graphics2d-0.12.jar;C:\Users\dung.nguyenanh\.m2\repository\com\openhtmltopdf\openhtmltopdf-rtl-support\0.0.1-RC13\openhtmltopdf-rtl-support-0.0.1-RC13.jar;C:\Users\dung.nguyenanh\.m2\repository\com\ibm\icu\icu4j\59.1\icu4j-59.1.jar;C:\Users\dung.nguyenanh\.m2\repository\com\openhtmltopdf\openhtmltopdf-jsoup-dom-converter\0.0.1-RC13\openhtmltopdf-jsoup-dom-converter-0.0.1-RC13.jar;C:\Users\dung.nguyenanh\.m2\repository\com\vladsch\flexmark\flexmark-profile-pegdown\0.34.30\flexmark-profile-pegdown-0.34.30.jar;C:\Users\dung.nguyenanh\.m2\repository\com\vladsch\flexmark\flexmark-util\0.34.30\flexmark-util-0.34.30.jar;C:\Users\dung.nguyenanh\.m2\repository\com\vladsch\flexmark\flexmark-youtrack-converter\0.34.30\flexmark-youtrack-converter-0.34.30.jar;C:\Users\dung.nguyenanh\.m2\repository\es\nitaur\markdown\txtmark\0.16\txtmark-0.16.jar;C:\Users\dung.nguyenanh\.m2\repository\net\serenity-bdd\serenity-report-resources\3.2.3\serenity-report-resources-3.2.3.jar;C:\Users\dung.nguyenanh\.m2\repository\com\google\code\gson\gson\2.9.0\gson-2.9.0.jar;C:\Users\dung.nguyenanh\.m2\repository\com\fasterxml\jackson\core\jackson-core\2.13.2\jackson-core-2.13.2.jar;C:\Users\dung.nguyenanh\.m2\repository\com\fasterxml\jackson\core\jackson-databind\2.13.2\jackson-databind-2.13.2.jar;C:\Users\dung.nguyenanh\.m2\repository\com\fasterxml\jackson\core\jackson-annotations\2.13.2\jackson-annotations-2.13.2.jar;C:\Users\dung.nguyenanh\.m2\repository\commons-codec\commons-codec\1.15\commons-codec-1.15.jar;C:\Users\dung.nguyenanh\.m2\repository\commons-io\commons-io\2.11.0\commons-io-2.11.0.jar;C:\Users\dung.nguyenanh\.m2\repository\org\seleniumhq\selenium\selenium-java\4.1.3\selenium-java-4.1.3.jar;C:\Users\dung.nguyenanh\.m2\repository\org\seleniumhq\selenium\selenium-devtools-v85\4.1.3\selenium-devtools-v85-4.1.3.jar;C:\Users\dung.nguyenanh\.m2\repository\org\seleniumhq\selenium\selenium-devtools-v97\4.1.3\selenium-devtools-v97-4.1.3.jar;C:\Users\dung.nguyenanh\.m2\repository\org\seleniumhq\selenium\selenium-devtools-v98\4.1.3\selenium-devtools-v98-4.1.3.jar;C:\Users\dung.nguyenanh\.m2\repository\org\seleniumhq\selenium\selenium-devtools-v99\4.1.3\selenium-devtools-v99-4.1.3.jar;C:\Users\dung.nguyenanh\.m2\repository\org\seleniumhq\selenium\selenium-opera-driver\4.1.3\selenium-opera-driver-4.1.3.jar;C:\Users\dung.nguyenanh\.m2\repository\org\seleniumhq\selenium\selenium-remote-driver\4.1.3\selenium-remote-driver-4.1.3.jar;C:\Users\dung.nguyenanh\.m2\repository\com\beust\jcommander\1.82\jcommander-1.82.jar;C:\Users\dung.nguyenanh\.m2\repository\io\netty\netty-buffer\4.1.75.Final\netty-buffer-4.1.75.Final.jar;C:\Users\dung.nguyenanh\.m2\repository\io\netty\netty-codec-http\4.1.75.Final\netty-codec-http-4.1.75.Final.jar;C:\Users\dung.nguyenanh\.m2\repository\io\netty\netty-codec\4.1.75.Final\netty-codec-4.1.75.Final.jar;C:\Users\dung.nguyenanh\.m2\repository\io\netty\netty-handler\4.1.75.Final\netty-handler-4.1.75.Final.jar;C:\Users\dung.nguyenanh\.m2\repository\io\netty\netty-common\4.1.75.Final\netty-common-4.1.75.Final.jar;C:\Users\dung.nguyenanh\.m2\repository\io\netty\netty-transport-classes-epoll\4.1.75.Final\netty-transport-classes-epoll-4.1.75.Final.jar;C:\Users\dung.nguyenanh\.m2\repository\io\netty\netty-transport-classes-kqueue\4.1.75.Final\netty-transport-classes-kqueue-4.1.75.Final.jar;C:\Users\dung.nguyenanh\.m2\repository\io\netty\netty-transport-native-epoll\4.1.75.Final\netty-transport-native-epoll-4.1.75.Final.jar;C:\Users\dung.nguyenanh\.m2\repository\io\netty\netty-transport-native-kqueue\4.1.75.Final\netty-transport-native-kqueue-4.1.75.Final.jar;C:\Users\dung.nguyenanh\.m2\repository\io\netty\netty-transport-native-unix-common\4.1.75.Final\netty-transport-native-unix-common-4.1.75.Final.jar;C:\Users\dung.nguyenanh\.m2\repository\io\netty\netty-transport\4.1.75.Final\netty-transport-4.1.75.Final.jar;C:\Users\dung.nguyenanh\.m2\repository\io\netty\netty-resolver\4.1.75.Final\netty-resolver-4.1.75.Final.jar;C:\Users\dung.nguyenanh\.m2\repository\io\opentelemetry\opentelemetry-api\1.12.0\opentelemetry-api-1.12.0.jar;C:\Users\dung.nguyenanh\.m2\repository\io\opentelemetry\opentelemetry-context\1.12.0\opentelemetry-context-1.12.0.jar;C:\Users\dung.nguyenanh\.m2\repository\io\opentelemetry\opentelemetry-exporter-logging\1.12.0\opentelemetry-exporter-logging-1.12.0.jar;C:\Users\dung.nguyenanh\.m2\repository\io\opentelemetry\opentelemetry-sdk-metrics\1.12.0-alpha\opentelemetry-sdk-metrics-1.12.0-alpha.jar;C:\Users\dung.nguyenanh\.m2\repository\io\opentelemetry\opentelemetry-sdk-logs\1.12.0-alpha\opentelemetry-sdk-logs-1.12.0-alpha.jar;C:\Users\dung.nguyenanh\.m2\repository\io\opentelemetry\opentelemetry-sdk-common\1.12.0\opentelemetry-sdk-common-1.12.0.jar;C:\Users\dung.nguyenanh\.m2\repository\io\opentelemetry\opentelemetry-sdk-extension-autoconfigure-spi\1.12.0\opentelemetry-sdk-extension-autoconfigure-spi-1.12.0.jar;C:\Users\dung.nguyenanh\.m2\repository\io\opentelemetry\opentelemetry-sdk-extension-autoconfigure\1.12.0-alpha\opentelemetry-sdk-extension-autoconfigure-1.12.0-alpha.jar;C:\Users\dung.nguyenanh\.m2\repository\io\opentelemetry\opentelemetry-sdk-trace\1.12.0\opentelemetry-sdk-trace-1.12.0.jar;C:\Users\dung.nguyenanh\.m2\repository\io\opentelemetry\opentelemetry-sdk\1.12.0\opentelemetry-sdk-1.12.0.jar;C:\Users\dung.nguyenanh\.m2\repository\io\opentelemetry\opentelemetry-semconv\1.12.0-alpha\opentelemetry-semconv-1.12.0-alpha.jar;C:\Users\dung.nguyenanh\.m2\repository\io\ous\jtoml\2.0.0\jtoml-2.0.0.jar;C:\Users\dung.nguyenanh\.m2\repository\org\apache\commons\commons-exec\1.3\commons-exec-1.3.jar;C:\Users\dung.nguyenanh\.m2\repository\org\asynchttpclient\async-http-client\2.12.3\async-http-client-2.12.3.jar;C:\Users\dung.nguyenanh\.m2\repository\org\asynchttpclient\async-http-client-netty-utils\2.12.3\async-http-client-netty-utils-2.12.3.jar;C:\Users\dung.nguyenanh\.m2\repository\io\netty\netty-codec-socks\4.1.60.Final\netty-codec-socks-4.1.60.Final.jar;C:\Users\dung.nguyenanh\.m2\repository\io\netty\netty-handler-proxy\4.1.60.Final\netty-handler-proxy-4.1.60.Final.jar;C:\Users\dung.nguyenanh\.m2\repository\io\netty\netty-transport-native-epoll\4.1.60.Final\netty-transport-native-epoll-4.1.60.Final-linux-x86_64.jar;C:\Users\dung.nguyenanh\.m2\repository\io\netty\netty-transport-native-kqueue\4.1.60.Final\netty-transport-native-kqueue-4.1.60.Final-osx-x86_64.jar;C:\Users\dung.nguyenanh\.m2\repository\org\reactivestreams\reactive-streams\1.0.3\reactive-streams-1.0.3.jar;C:\Users\dung.nguyenanh\.m2\repository\com\typesafe\netty\netty-reactive-streams\2.0.4\netty-reactive-streams-2.0.4.jar;C:\Users\dung.nguyenanh\.m2\repository\org\seleniumhq\selenium\selenium-http\4.1.3\selenium-http-4.1.3.jar;C:\Users\dung.nguyenanh\.m2\repository\dev\failsafe\failsafe\3.2.3\failsafe-3.2.3.jar;C:\Users\dung.nguyenanh\.m2\repository\org\seleniumhq\selenium\selenium-safari-driver\4.1.3\selenium-safari-driver-4.1.3.jar;C:\Users\dung.nguyenanh\.m2\repository\org\seleniumhq\selenium\selenium-api\4.1.3\selenium-api-4.1.3.jar;C:\Users\dung.nguyenanh\.m2\repository\org\seleniumhq\selenium\selenium-support\4.1.3\selenium-support-4.1.3.jar;C:\Users\dung.nguyenanh\.m2\repository\com\google\auto\service\auto-service-annotations\1.0.1\auto-service-annotations-1.0.1.jar;C:\Users\dung.nguyenanh\.m2\repository\com\google\auto\service\auto-service\1.0.1\auto-service-1.0.1.jar;C:\Users\dung.nguyenanh\.m2\repository\com\google\auto\auto-common\1.2\auto-common-1.2.jar;C:\Users\dung.nguyenanh\.m2\repository\org\seleniumhq\selenium\selenium-json\4.1.3\selenium-json-4.1.3.jar;C:\Users\dung.nguyenanh\.m2\repository\org\seleniumhq\selenium\selenium-chrome-driver\4.1.3\selenium-chrome-driver-4.1.3.jar;C:\Users\dung.nguyenanh\.m2\repository\org\seleniumhq\selenium\selenium-chromium-driver\4.1.3\selenium-chromium-driver-4.1.3.jar;C:\Users\dung.nguyenanh\.m2\repository\org\seleniumhq\selenium\selenium-firefox-driver\4.1.3\selenium-firefox-driver-4.1.3.jar;C:\Users\dung.nguyenanh\.m2\repository\org\seleniumhq\selenium\selenium-edge-driver\4.1.3\selenium-edge-driver-4.1.3.jar;C:\Users\dung.nguyenanh\.m2\repository\org\seleniumhq\selenium\selenium-ie-driver\4.1.3\selenium-ie-driver-4.1.3.jar;C:\Users\dung.nguyenanh\.m2\repository\io\appium\java-client\8.0.0\java-client-8.0.0.jar;C:\Users\dung.nguyenanh\.m2\repository\commons-validator\commons-validator\1.7\commons-validator-1.7.jar;C:\Users\dung.nguyenanh\.m2\repository\commons-digester\commons-digester\2.1\commons-digester-2.1.jar;C:\Users\dung.nguyenanh\.m2\repository\org\aspectj\aspectjweaver\1.9.8\aspectjweaver-1.9.8.jar;C:\Users\dung.nguyenanh\.m2\repository\org\codehaus\groovy\groovy\3.0.10\groovy-3.0.10.jar;C:\Users\dung.nguyenanh\.m2\repository\net\sf\opencsv\opencsv\2.0\opencsv-2.0.jar;C:\Users\dung.nguyenanh\.m2\repository\commons-beanutils\commons-beanutils\1.9.4\commons-beanutils-1.9.4.jar;C:\Users\dung.nguyenanh\.m2\repository\org\apache\commons\commons-lang3\3.12.0\commons-lang3-3.12.0.jar;C:\Users\dung.nguyenanh\.m2\repository\commons-collections\commons-collections\3.2.2\commons-collections-3.2.2.jar;C:\Users\dung.nguyenanh\.m2\repository\org\fluentlenium\fluentlenium-core\0.10.2\fluentlenium-core-0.10.2.jar;C:\Users\dung.nguyenanh\.m2\repository\com\jhlabs\filters\2.0.235\filters-2.0.235.jar;C:\Users\dung.nguyenanh\.m2\repository\com\paulhammant\ngwebdriver\1.1.6\ngwebdriver-1.1.6.jar;C:\Users\dung.nguyenanh\.m2\repository\joda-time\joda-time\2.8.2\joda-time-2.8.2.jar;C:\Users\dung.nguyenanh\.m2\repository\org\hamcrest\hamcrest\2.2\hamcrest-2.2.jar;C:\Users\dung.nguyenanh\.m2\repository\com\google\jimfs\jimfs\1.2\jimfs-1.2.jar;C:\Users\dung.nguyenanh\.m2\repository\org\mockito\mockito-core\3.3.3\mockito-core-3.3.3.jar;C:\Users\dung.nguyenanh\.m2\repository\javax\xml\bind\jaxb-api\2.3.1\jaxb-api-2.3.1.jar;C:\Users\dung.nguyenanh\.m2\repository\javax\activation\javax.activation-api\1.2.0\javax.activation-api-1.2.0.jar;C:\Users\dung.nguyenanh\.m2\repository\com\sun\xml\bind\jaxb-core\2.3.0.1\jaxb-core-2.3.0.1.jar;C:\Users\dung.nguyenanh\.m2\repository\com\sun\xml\bind\jaxb-impl\2.3.3\jaxb-impl-2.3.3.jar;C:\Users\dung.nguyenanh\.m2\repository\jakarta\xml\bind\jakarta.xml.bind-api\2.3.3\jakarta.xml.bind-api-2.3.3.jar;C:\Users\dung.nguyenanh\.m2\repository\com\sun\activation\jakarta.activation\1.2.2\jakarta.activation-1.2.2.jar;C:\Users\dung.nguyenanh\.m2\repository\javax\activation\activation\1.1.1\activation-1.1.1.jar;C:\Users\dung.nguyenanh\.m2\repository\net\serenity-bdd\serenity-cucumber\3.2.3\serenity-cucumber-3.2.3.jar;C:\Users\dung.nguyenanh\.m2\repository\io\cucumber\cucumber-core\7.2.3\cucumber-core-7.2.3.jar;C:\Users\dung.nguyenanh\.m2\repository\io\cucumber\cucumber-gherkin\7.2.3\cucumber-gherkin-7.2.3.jar;C:\Users\dung.nguyenanh\.m2\repository\io\cucumber\cucumber-gherkin-messages\7.2.3\cucumber-gherkin-messages-7.2.3.jar;C:\Users\dung.nguyenanh\.m2\repository\io\cucumber\messages\17.1.1\messages-17.1.1.jar;C:\Users\dung.nguyenanh\.m2\repository\io\cucumber\tag-expressions\4.1.0\tag-expressions-4.1.0.jar;C:\Users\dung.nguyenanh\.m2\repository\io\cucumber\cucumber-expressions\15.0.1\cucumber-expressions-15.0.1.jar;C:\Users\dung.nguyenanh\.m2\repository\io\cucumber\datatable\7.2.3\datatable-7.2.3.jar;C:\Users\dung.nguyenanh\.m2\repository\io\cucumber\cucumber-plugin\7.2.3\cucumber-plugin-7.2.3.jar;C:\Users\dung.nguyenanh\.m2\repository\io\cucumber\docstring\7.2.3\docstring-7.2.3.jar;C:\Users\dung.nguyenanh\.m2\repository\io\cucumber\html-formatter\17.0.0\html-formatter-17.0.0.jar;C:\Users\dung.nguyenanh\.m2\repository\io\cucumber\ci-environment\8.1.0\ci-environment-8.1.0.jar;C:\Users\dung.nguyenanh\.m2\repository\io\cucumber\cucumber-junit\7.2.3\cucumber-junit-7.2.3.jar;C:\Users\dung.nguyenanh\.m2\repository\org\apiguardian\apiguardian-api\1.1.2\apiguardian-api-1.1.2.jar;C:\Users\dung.nguyenanh\.m2\repository\org\apache\commons\commons-csv\1.5\commons-csv-1.5.jar;C:\Users\dung.nguyenanh\.m2\repository\net\serenity-bdd\serenity-screenplay\3.2.3\serenity-screenplay-3.2.3.jar;C:\Users\dung.nguyenanh\.m2\repository\net\serenity-bdd\serenity-screenplay-webdriver\3.2.3\serenity-screenplay-webdriver-3.2.3.jar;C:\Users\dung.nguyenanh\.m2\repository\net\serenity-bdd\serenity-ensure\3.2.3\serenity-ensure-3.2.3.jar;C:\Users\dung.nguyenanh\.m2\repository\net\serenity-bdd\serenity-junit\3.2.3\serenity-junit-3.2.3.jar;C:\Users\dung.nguyenanh\.m2\repository\org\jetbrains\kotlin\kotlin-stdlib\1.6.0\kotlin-stdlib-1.6.0.jar;C:\Users\dung.nguyenanh\.m2\repository\org\jetbrains\annotations\13.0\annotations-13.0.jar;C:\Users\dung.nguyenanh\.m2\repository\org\jetbrains\kotlin\kotlin-stdlib-common\1.6.0\kotlin-stdlib-common-1.6.0.jar;C:\Users\dung.nguyenanh\.m2\repository\junit\junit\4.13.2\junit-4.13.2.jar;C:\Users\dung.nguyenanh\.m2\repository\org\hamcrest\hamcrest-core\1.3\hamcrest-core-1.3.jar;C:\Users\dung.nguyenanh\.m2\repository\org\projectlombok\lombok\1.18.22\lombok-1.18.22.jar;C:\Users\dung.nguyenanh\.m2\repository\ch\qos\logback\logback-classic\1.2.11\logback-classic-1.2.11.jar;C:\Users\dung.nguyenanh\.m2\repository\ch\qos\logback\logback-core\1.2.11\logback-core-1.2.11.jar;C:\Users\dung.nguyenanh\.m2\repository\org\slf4j\slf4j-api\1.7.32\slf4j-api-1.7.32.jar;C:\Users\dung.nguyenanh\.m2\repository\org\assertj\assertj-core\3.22.0\assertj-core-3.22.0.jar;C:\Users\dung.nguyenanh\.m2\repository\io\github\bonigarcia\webdrivermanager\5.1.1\webdrivermanager-5.1.1.jar;C:\Users\dung.nguyenanh\.m2\repository\com\github\docker-java\docker-java\3.2.13\docker-java-3.2.13.jar;C:\Users\dung.nguyenanh\.m2\repository\com\github\docker-java\docker-java-core\3.2.13\docker-java-core-3.2.13.jar;C:\Users\dung.nguyenanh\.m2\repository\com\github\docker-java\docker-java-api\3.2.13\docker-java-api-3.2.13.jar;C:\Users\dung.nguyenanh\.m2\repository\org\apache\commons\commons-compress\1.21\commons-compress-1.21.jar;C:\Users\dung.nguyenanh\.m2\repository\org\bouncycastle\bcpkix-jdk15on\1.64\bcpkix-jdk15on-1.64.jar;C:\Users\dung.nguyenanh\.m2\repository\org\bouncycastle\bcprov-jdk15on\1.64\bcprov-jdk15on-1.64.jar;C:\Users\dung.nguyenanh\.m2\repository\org\slf4j\jcl-over-slf4j\1.7.30\jcl-over-slf4j-1.7.30.jar;C:\Users\dung.nguyenanh\.m2\repository\com\github\docker-java\docker-java-transport-httpclient5\3.2.13\docker-java-transport-httpclient5-3.2.13.jar;C:\Users\dung.nguyenanh\.m2\repository\com\github\docker-java\docker-java-transport\3.2.13\docker-java-transport-3.2.13.jar;C:\Users\dung.nguyenanh\.m2\repository\net\java\dev\jna\jna\5.8.0\jna-5.8.0.jar;C:\Users\dung.nguyenanh\.m2\repository\org\brotli\dec\0.1.2\dec-0.1.2.jar;C:\Users\dung.nguyenanh\.m2\repository\org\apache\httpcomponents\client5\httpclient5\5.1.3\httpclient5-5.1.3.jar;C:\Users\dung.nguyenanh\.m2\repository\org\apache\httpcomponents\core5\httpcore5\5.1.3\httpcore5-5.1.3.jar;C:\Users\dung.nguyenanh\.m2\repository\org\apache\httpcomponents\core5\httpcore5-h2\5.1.3\httpcore5-h2-5.1.3.jar;C:\Users\dung.nguyenanh\.m2\repository\org\hamcrest\hamcrest-all\1.3\hamcrest-all-1.3.jar;C:\Users\dung.nguyenanh\.m2\repository\org\apache\maven\plugins\maven-failsafe-plugin\3.0.0-M5\maven-failsafe-plugin-3.0.0-M5.jar;C:\Users\dung.nguyenanh\.m2\repository\org\apache\maven\surefire\maven-surefire-common\3.0.0-M5\maven-surefire-common-3.0.0-M5.jar;C:\Users\dung.nguyenanh\.m2\repository\org\apache\maven\surefire\surefire-api\3.0.0-M5\surefire-api-3.0.0-M5.jar;C:\Users\dung.nguyenanh\.m2\repository\org\apache\maven\surefire\surefire-logger-api\3.0.0-M5\surefire-logger-api-3.0.0-M5.jar;C:\Users\dung.nguyenanh\.m2\repository\org\apache\maven\surefire\surefire-extensions-api\3.0.0-M5\surefire-extensions-api-3.0.0-M5.jar;C:\Users\dung.nguyenanh\.m2\repository\org\apache\maven\surefire\surefire-booter\3.0.0-M5\surefire-booter-3.0.0-M5.jar;C:\Users\dung.nguyenanh\.m2\repository\org\apache\maven\surefire\surefire-extensions-spi\3.0.0-M5\surefire-extensions-spi-3.0.0-M5.jar;C:\Users\dung.nguyenanh\.m2\repository\org\apache\maven\maven-toolchain\3.0-alpha-2\maven-toolchain-3.0-alpha-2.jar;C:\Users\dung.nguyenanh\.m2\repository\org\apache\maven\shared\maven-artifact-transfer\0.11.0\maven-artifact-transfer-0.11.0.jar;C:\Users\dung.nguyenanh\.m2\repository\org\apache\maven\shared\maven-common-artifact-filters\3.0.1\maven-common-artifact-filters-3.0.1.jar;C:\Users\dung.nguyenanh\.m2\repository\org\apache\maven\maven-model\3.0\maven-model-3.0.jar;C:\Users\dung.nguyenanh\.m2\repository\org\apache\maven\maven-plugin-api\3.0\maven-plugin-api-3.0.jar;C:\Users\dung.nguyenanh\.m2\repository\org\sonatype\sisu\sisu-inject-plexus\1.4.2\sisu-inject-plexus-1.4.2.jar;C:\Users\dung.nguyenanh\.m2\repository\org\codehaus\plexus\plexus-classworlds\2.2.3\plexus-classworlds-2.2.3.jar;C:\Users\dung.nguyenanh\.m2\repository\org\sonatype\sisu\sisu-inject-bean\1.4.2\sisu-inject-bean-1.4.2.jar;C:\Users\dung.nguyenanh\.m2\repository\org\sonatype\sisu\sisu-guice\2.1.7\sisu-guice-2.1.7-noaop.jar;C:\Users\dung.nguyenanh\.m2\repository\org\apache\maven\shared\maven-shared-utils\3.1.0\maven-shared-utils-3.1.0.jar;C:\Users\dung.nguyenanh\.m2\repository\org\codehaus\plexus\plexus-java\1.0.5\plexus-java-1.0.5.jar;C:\Users\dung.nguyenanh\.m2\repository\org\ow2\asm\asm\7.2\asm-7.2.jar;C:\Users\dung.nguyenanh\.m2\repository\com\thoughtworks\qdox\qdox\2.0-M9\qdox-2.0-M9.jar;C:\Users\dung.nguyenanh\.m2\repository\org\apache\maven\surefire\surefire-shared-utils\3.0.0-M4\surefire-shared-utils-3.0.0-M4.jar;"/>
    <property name="sun.cpu.endian" value="little"/>
    <property name="user.home" value="C:\Users\dung.nguyenanh"/>
    <property name="user.language" value="en"/>
    <property name="java.specification.vendor" value="Oracle Corporation"/>
    <property name="java.home" value="C:\Program Files\Java\jdk1.8.0_321\jre"/>
    <property name="basedir" value="D:\Pratice\serenity_homework"/>
    <property name="file.separator" value="\"/>
    <property name="line.separator" value="&#10;"/>
    <property name="java.vm.specification.vendor" value="Oracle Corporation"/>
    <property name="java.specification.name" value="Java Platform API Specification"/>
    <property name="java.awt.graphicsenv" value="sun.awt.Win32GraphicsEnvironment"/>
    <property name="surefire.real.class.path" value="C:\Users\dung.nguyenanh\AppData\Local\Temp\surefire6204104981142974833\surefirebooter7471098105687457665.jar"/>
    <property name="sun.boot.class.path" value="C:\Program Files\Java\jdk1.8.0_321\jre\lib\resources.jar;C:\Program Files\Java\jdk1.8.0_321\jre\lib\rt.jar;C:\Program Files\Java\jdk1.8.0_321\jre\lib\sunrsasign.jar;C:\Program Files\Java\jdk1.8.0_321\jre\lib\jsse.jar;C:\Program Files\Java\jdk1.8.0_321\jre\lib\jce.jar;C:\Program Files\Java\jdk1.8.0_321\jre\lib\charsets.jar;C:\Program Files\Java\jdk1.8.0_321\jre\lib\jfr.jar;C:\Program Files\Java\jdk1.8.0_321\jre\classes"/>
    <property name="user.script" value=""/>
    <property name="sun.management.compiler" value="HotSpot 64-Bit Tiered Compilers"/>
    <property name="java.runtime.version" value="1.8.0_321-b07"/>
    <property name="user.name" value="dung.nguyenanh"/>
    <property name="path.separator" value=";"/>
    <property name="os.version" value="10.0"/>
    <property name="java.endorsed.dirs" value="C:\Program Files\Java\jdk1.8.0_321\jre\lib\endorsed"/>
    <property name="java.runtime.name" value="Java(TM) SE Runtime Environment"/>
    <property name="file.encoding" value="Cp1252"/>
    <property name="java.vm.name" value="Java HotSpot(TM) 64-Bit Server VM"/>
    <property name="localRepository" value="C:\Users\dung.nguyenanh\.m2\repository"/>
    <property name="java.vendor.url.bug" value="http://bugreport.sun.com/bugreport/"/>
    <property name="java.io.tmpdir" value="C:\Users\DUNG~1.NGU\AppData\Local\Temp\"/>
    <property name="java.version" value="1.8.0_321"/>
    <property name="user.dir" value="D:\Pratice\serenity_homework"/>
    <property name="os.arch" value="amd64"/>
    <property name="java.vm.specification.name" value="Java Virtual Machine Specification"/>
    <property name="java.awt.printerjob" value="sun.awt.windows.WPrinterJob"/>
    <property name="sun.os.patch.level" value=""/>
    <property name="java.library.path" value="C:\Program Files\Java\jdk1.8.0_321\jre\bin;C:\Windows\Sun\Java\bin;C:\Windows\system32;C:\Windows;C:\Program Files\Common Files\Oracle\Java\javapath;C:\Program Files (x86)\Common Files\Oracle\Java\javapath;C:\Windows\system32;C:\Windows;C:\Windows\System32\Wbem;C:\Windows\System32\WindowsPowerShell\v1.0\;C:\Windows\System32\OpenSSH\;%JAVE_HOME%\bin;C:\Program Files\apache-maven-3.8.5\bin;C:\Program Files\Git\cmd;C:\Users\dung.nguyenanh\AppData\Local\Microsoft\WindowsApps;C:\Program Files (x86)\Sophos\Sophos SSL VPN Client\bin;C:\Users\dung.nguyenanh\AppData\Local\Programs\Microsoft VS Code\bin;%JAVE_HOME%\bin;C:\Program Files\apache-maven-3.8.5\bin;;."/>
    <property name="java.vm.info" value="mixed mode"/>
    <property name="java.vendor" value="Oracle Corporation"/>
    <property name="java.vm.version" value="25.321-b07"/>
    <property name="java.ext.dirs" value="C:\Program Files\Java\jdk1.8.0_321\jre\lib\ext;C:\Windows\Sun\Java\lib\ext"/>
    <property name="sun.io.unicode.encoding" value="UnicodeLittle"/>
    <property name="java.class.version" value="52.0"/>
  </properties>
  <testcase name="user login successful" classname="user login to the page successful" time="57.527">
    <error message="Timed out after 2 seconds. Element not found&#10;For documentation on this error, please visit: https://selenium.dev/exceptions/#no_such_element&#10;Build info: version: &apos;4.1.3&apos;, revision: &apos;7b1ebf28ef&apos;&#10;System info: host: &apos;LAPDELL-0226&apos;, ip: &apos;172.17.19.76&apos;, os.name: &apos;Windows 10&apos;, os.arch: &apos;amd64&apos;, os.version: &apos;10.0&apos;, java.version: &apos;1.8.0_321&apos;&#10;Driver info: driver.version: unknown" type="org.openqa.selenium.NoSuchElementException"><![CDATA[org.openqa.selenium.NoSuchElementException: 
Timed out after 2 seconds. Element not found
For documentation on this error, please visit: https://selenium.dev/exceptions/#no_such_element
Build info: version: '4.1.3', revision: '7b1ebf28ef'
System info: host: 'LAPDELL-0226', ip: '172.17.19.76', os.name: 'Windows 10', os.arch: 'amd64', os.version: '10.0', java.version: '1.8.0_321'
Driver info: driver.version: unknown
]]></error>
    <system-out><![CDATA[12:07:05.167 [main] INFO io.cucumber.core.plugin.SerenityReporter - Running feature from file:///D:/Pratice/serenity_homework/src/test/resources/features.login/login_sucess.feature
12:07:05.170 [main] WARN io.cucumber.core.plugin.SerenityReporter - Feature from file:///D:/Pratice/serenity_homework/src/test/resources/features.login/login_sucess.feature is not under the 'features' directory. Requirements report will not be correctly generated!
12:07:05.309 [main] INFO  - &amp#27;[96m

-------------------------------------------------------------------------------------
     _______. _______ .______       _______ .__   __.  __  .___________.____    ____ 
    /       ||   ____||   _  \     |   ____||  \ |  | |  | |           |\   \  /   / 
   |   (----`|  |__   |  |_)  |    |  |__   |   \|  | |  | `---|  |----` \   \/   /  
    \   \    |   __|  |      /     |   __|  |  . `  | |  |     |  |       \_    _/   
.----)   |   |  |____ |  |\  \----.|  |____ |  |\   | |  |     |  |         |  |     
|_______/    |_______|| _| `._____||_______||__| \__| |__|     |__|         |__|    
                                                                                     
 News and tutorials at http://www.serenity-bdd.info                                  
 Documentation at https://wakaleo.gitbooks.io/the-serenity-book/content/             
 Join the Serenity Community on Gitter: https://gitter.im/serenity-bdd/serenity-core 
 Serenity BDD Support and Training at http://serenity-bdd.info/#/trainingandsupport  
-------------------------------------------------------------------------------------
&amp#27;[0m
12:07:05.311 [main] DEBUG net.thucydides.core.steps.StepEventBus - Test suite started for story net.thucydides.core.model.Story@b5de0373
12:07:05.313 [main] INFO  - Test Suite Started: user login to the page successful
12:07:05.324 [main] INFO io.cucumber.core.plugin.SerenityReporter - Running feature from file:///D:/Pratice/serenity_homework/src/test/resources/features.login/login_unsuccess.feature
12:07:05.325 [main] WARN io.cucumber.core.plugin.SerenityReporter - Feature from file:///D:/Pratice/serenity_homework/src/test/resources/features.login/login_unsuccess.feature is not under the 'features' directory. Requirements report will not be correctly generated!
12:07:05.330 [main] DEBUG net.thucydides.core.steps.StepEventBus - Test suite started for story net.thucydides.core.model.Story@d30bc052
12:07:05.330 [main] INFO  - Test Suite Started: user login to the page unsuccessful
12:07:05.330 [main] INFO io.cucumber.core.plugin.SerenityReporter - Running feature from file:///D:/Pratice/serenity_homework/src/test/resources/features.login/login_sucess.feature
12:07:05.330 [main] WARN io.cucumber.core.plugin.SerenityReporter - Feature from file:///D:/Pratice/serenity_homework/src/test/resources/features.login/login_sucess.feature is not under the 'features' directory. Requirements report will not be correctly generated!
12:07:05.332 [main] DEBUG net.thucydides.core.steps.StepEventBus - Test suite started for story net.thucydides.core.model.Story@b5de0373
12:07:05.333 [main] INFO  - Test Suite Started: user login to the page successful

@unit123
Scenario Outline: user login successful                              &amp#27;[90m# src/test/resources/features.login/login_sucess.feature:9&amp#27;[0m
12:07:05.402 [main] INFO io.cucumber.core.plugin.SerenityReporter - Running feature from file:///D:/Pratice/serenity_homework/src/test/resources/features.login/login_sucess.feature
12:07:05.402 [main] WARN io.cucumber.core.plugin.SerenityReporter - Feature from file:///D:/Pratice/serenity_homework/src/test/resources/features.login/login_sucess.feature is not under the 'features' directory. Requirements report will not be correctly generated!
12:07:05.506 [main] INFO  - 
  _____   ___   ___   _____     ___   _____     _     ___   _____   ___   ___  
 |_   _| | __| / __| |_   _|   / __| |_   _|   /_\   | _ \ |_   _| | __| |   \ 
   | |   | _|  \__ \   | |     \__ \   | |    / _ \  |   /   | |   | _|  | |) |
   |_|   |___| |___/   |_|     |___/   |_|   /_/ \_\ |_|_\   |_|   |___| |___/ 

user login successful(user-login-to-the-page-successful;user-login-successful)
--------------------------------------------------------------------------------
12:07:06.120 [main] DEBUG io.github.bonigarcia.wdm.cache.ResolutionCache - Resolution chrome=101 in cache (valid until 12:13:55 09/05/2022 ICT)
12:07:06.121 [main] DEBUG io.github.bonigarcia.wdm.cache.ResolutionCache - Resolution chrome101=101.0.4951.41 in cache (valid until 22:55:19 09/05/2022 ICT)
12:07:06.122 [main] INFO io.github.bonigarcia.wdm.WebDriverManager - Using chromedriver 101.0.4951.41 (resolved driver for Chrome 101)
12:07:06.140 [main] DEBUG io.github.bonigarcia.wdm.WebDriverManager - Driver chromedriver 101.0.4951.41 found in cache
12:07:06.141 [main] INFO io.github.bonigarcia.wdm.WebDriverManager - Exporting webdriver.chrome.driver as C:\Users\dung.nguyenanh\.cache\selenium\chromedriver\win32\101.0.4951.41\chromedriver.exe
12:07:06.538 [main] DEBUG net.thucydides.core.reflection.ClassFinder - Could not load class .cucumber.CommonStepDefs
12:07:06.538 [main] DEBUG net.thucydides.core.reflection.ClassFinder - Could not load class .cucumber.HomeStepDefs
12:07:06.538 [main] DEBUG net.thucydides.core.reflection.ClassFinder - Could not load class .cucumber.Hooks
12:07:06.538 [main] DEBUG net.thucydides.core.reflection.ClassFinder - Could not load class .cucumber.LoginStepDefs
12:07:06.538 [main] DEBUG net.thucydides.core.reflection.ClassFinder - Could not load class .pages.HomePage
12:07:06.538 [main] DEBUG net.thucydides.core.reflection.ClassFinder - Could not load class .pages.LoginPage
12:07:06.538 [main] DEBUG net.thucydides.core.reflection.ClassFinder - Could not load class .runners.Runner
12:07:06.538 [main] DEBUG net.thucydides.core.reflection.ClassFinder - Could not load class .runners.UnitTestRunner
12:07:06.539 [main] DEBUG net.thucydides.core.reflection.ClassFinder - Could not load class .serenity.CommonStepLibraries
12:07:06.539 [main] DEBUG net.thucydides.core.reflection.ClassFinder - Could not load class .serenity.HomeStepLibraries
12:07:06.539 [main] DEBUG net.thucydides.core.reflection.ClassFinder - Could not load class .serenity.LoginStepLibraries
12:07:06.539 [main] DEBUG net.thucydides.core.reflection.ClassFinder - Could not load class .serenity.test
12:07:06.976 [main] DEBUG io.netty.util.internal.logging.InternalLoggerFactory - Using SLF4J as the default logging framework
12:07:06.978 [main] DEBUG io.netty.util.ResourceLeakDetector - -Dio.netty.leakDetection.level: simple
12:07:06.978 [main] DEBUG io.netty.util.ResourceLeakDetector - -Dio.netty.leakDetection.targetRecords: 4
12:07:06.982 [main] DEBUG io.netty.util.ResourceLeakDetectorFactory - Loaded default ResourceLeakDetector: io.netty.util.ResourceLeakDetector@5de6cf3a
12:07:06.995 [main] DEBUG io.netty.util.internal.PlatformDependent0 - -Dio.netty.noUnsafe: false
12:07:06.995 [main] DEBUG io.netty.util.internal.PlatformDependent0 - Java version: 8
12:07:06.996 [main] DEBUG io.netty.util.internal.PlatformDependent0 - sun.misc.Unsafe.theUnsafe: available
12:07:06.996 [main] DEBUG io.netty.util.internal.PlatformDependent0 - sun.misc.Unsafe.copyMemory: available
12:07:06.998 [main] DEBUG io.netty.util.internal.PlatformDependent0 - java.nio.Buffer.address: available
12:07:06.998 [main] DEBUG io.netty.util.internal.PlatformDependent0 - direct buffer constructor: available
12:07:06.999 [main] DEBUG io.netty.util.internal.PlatformDependent0 - java.nio.Bits.unaligned: available, true
12:07:06.999 [main] DEBUG io.netty.util.internal.PlatformDependent0 - jdk.internal.misc.Unsafe.allocateUninitializedArray(int): unavailable prior to Java9
12:07:06.999 [main] DEBUG io.netty.util.internal.PlatformDependent0 - java.nio.DirectByteBuffer.<init>(long, int): available
12:07:06.999 [main] DEBUG io.netty.util.internal.PlatformDependent - sun.misc.Unsafe: available
12:07:06.999 [main] DEBUG io.netty.util.internal.PlatformDependent - -Dio.netty.tmpdir: C:\Users\DUNG~1.NGU\AppData\Local\Temp (java.io.tmpdir)
12:07:07.000 [main] DEBUG io.netty.util.internal.PlatformDependent - -Dio.netty.bitMode: 64 (sun.arch.data.model)
12:07:07.000 [main] DEBUG io.netty.util.internal.PlatformDependent - Platform: Windows
12:07:07.000 [main] DEBUG io.netty.util.internal.PlatformDependent - -Dio.netty.maxDirectMemory: 5667028992 bytes
12:07:07.000 [main] DEBUG io.netty.util.internal.PlatformDependent - -Dio.netty.uninitializedArrayAllocationThreshold: -1
12:07:07.001 [main] DEBUG io.netty.util.internal.CleanerJava6 - java.nio.ByteBuffer.cleaner(): available
12:07:07.001 [main] DEBUG io.netty.util.internal.PlatformDependent - -Dio.netty.noPreferDirect: false
12:07:07.007 [main] DEBUG io.netty.util.internal.PlatformDependent - org.jctools-core.MpscChunkedArrayQueue: available
12:07:07.023 [main] DEBUG io.netty.util.internal.InternalThreadLocalMap - -Dio.netty.threadLocalMap.stringBuilder.initialSize: 1024
12:07:07.023 [main] DEBUG io.netty.util.internal.InternalThreadLocalMap - -Dio.netty.threadLocalMap.stringBuilder.maxSize: 4096
12:07:07.044 [main] DEBUG io.netty.handler.ssl.JdkSslContext - Default protocols (JDK): [TLSv1.2] 
12:07:07.044 [main] DEBUG io.netty.handler.ssl.JdkSslContext - Default cipher suites (JDK): [TLS_ECDHE_ECDSA_WITH_AES_256_GCM_SHA384, TLS_ECDHE_ECDSA_WITH_AES_128_GCM_SHA256, TLS_ECDHE_RSA_WITH_AES_128_GCM_SHA256, TLS_ECDHE_RSA_WITH_AES_256_GCM_SHA384, TLS_ECDHE_RSA_WITH_AES_128_CBC_SHA, TLS_ECDHE_RSA_WITH_AES_256_CBC_SHA, TLS_RSA_WITH_AES_128_GCM_SHA256, TLS_RSA_WITH_AES_128_CBC_SHA, TLS_RSA_WITH_AES_256_CBC_SHA, TLS_AES_128_GCM_SHA256, TLS_AES_256_GCM_SHA384]
12:07:07.065 [main] DEBUG io.netty.channel.MultithreadEventLoopGroup - -Dio.netty.eventLoopThreads: 16
12:07:07.072 [main] DEBUG io.netty.channel.nio.NioEventLoop - -Dio.netty.noKeySetOptimization: false
12:07:07.072 [main] DEBUG io.netty.channel.nio.NioEventLoop - -Dio.netty.selectorAutoRebuildThreshold: 512
12:07:07.114 [main] DEBUG io.netty.buffer.PooledByteBufAllocator - -Dio.netty.allocator.numHeapArenas: 16
12:07:07.114 [main] DEBUG io.netty.buffer.PooledByteBufAllocator - -Dio.netty.allocator.numDirectArenas: 16
12:07:07.114 [main] DEBUG io.netty.buffer.PooledByteBufAllocator - -Dio.netty.allocator.pageSize: 8192
12:07:07.114 [main] DEBUG io.netty.buffer.PooledByteBufAllocator - -Dio.netty.allocator.maxOrder: 9
12:07:07.114 [main] DEBUG io.netty.buffer.PooledByteBufAllocator - -Dio.netty.allocator.chunkSize: 4194304
12:07:07.114 [main] DEBUG io.netty.buffer.PooledByteBufAllocator - -Dio.netty.allocator.smallCacheSize: 256
12:07:07.114 [main] DEBUG io.netty.buffer.PooledByteBufAllocator - -Dio.netty.allocator.normalCacheSize: 64
12:07:07.114 [main] DEBUG io.netty.buffer.PooledByteBufAllocator - -Dio.netty.allocator.maxCachedBufferCapacity: 32768
12:07:07.114 [main] DEBUG io.netty.buffer.PooledByteBufAllocator - -Dio.netty.allocator.cacheTrimInterval: 8192
12:07:07.114 [main] DEBUG io.netty.buffer.PooledByteBufAllocator - -Dio.netty.allocator.cacheTrimIntervalMillis: 0
12:07:07.114 [main] DEBUG io.netty.buffer.PooledByteBufAllocator - -Dio.netty.allocator.useCacheForAllThreads: false
12:07:07.114 [main] DEBUG io.netty.buffer.PooledByteBufAllocator - -Dio.netty.allocator.maxCachedByteBuffersPerChunk: 1023
12:07:07.123 [main] DEBUG io.netty.buffer.ByteBufUtil - -Dio.netty.allocator.type: pooled
12:07:07.123 [main] DEBUG io.netty.buffer.ByteBufUtil - -Dio.netty.threadLocalDirectBufferSize: 0
12:07:07.123 [main] DEBUG io.netty.buffer.ByteBufUtil - -Dio.netty.maxThreadLocalCharBufferSize: 16384
12:07:07.344 [Forwarding newSession on session null to remote] DEBUG io.netty.channel.DefaultChannelId - -Dio.netty.processId: 35512 (auto-detected)
12:07:07.346 [Forwarding newSession on session null to remote] DEBUG io.netty.util.NetUtil - -Djava.net.preferIPv4Stack: false
12:07:07.347 [Forwarding newSession on session null to remote] DEBUG io.netty.util.NetUtil - -Djava.net.preferIPv6Addresses: false
12:07:07.488 [Forwarding newSession on session null to remote] DEBUG io.netty.util.NetUtilInitializations - Loopback interface: lo (Software Loopback Interface 1, 127.0.0.1)
12:07:07.489 [Forwarding newSession on session null to remote] DEBUG io.netty.util.NetUtil - Failed to get SOMAXCONN from sysctl and file \proc\sys\net\core\somaxconn. Default: 200
12:07:07.675 [Forwarding newSession on session null to remote] DEBUG io.netty.channel.DefaultChannelId - -Dio.netty.machineId: bc:09:1b:ff:fe:5e:eb:29 (auto-detected)
12:07:07.799 [AsyncHttpClient-1-2] DEBUG io.netty.buffer.AbstractByteBuf - -Dio.netty.buffer.checkAccessible: true
12:07:07.800 [AsyncHttpClient-1-2] DEBUG io.netty.buffer.AbstractByteBuf - -Dio.netty.buffer.checkBounds: true
12:07:07.800 [AsyncHttpClient-1-2] DEBUG io.netty.util.ResourceLeakDetectorFactory - Loaded default ResourceLeakDetector: io.netty.util.ResourceLeakDetector@1a876a0c
12:07:08.355 [AsyncHttpClient-1-2] DEBUG org.asynchttpclient.netty.channel.NettyConnectListener - Using new Channel '[id: 0x0cfc242a, L:/172.17.19.76:58368 - R:hub-cloud.browserstack.com/173.234.104.3:80]' for 'POST' to '/wd/hub/session'
12:07:08.404 [AsyncHttpClient-1-2] DEBUG io.netty.util.Recycler - -Dio.netty.recycler.maxCapacityPerThread: 4096
12:07:08.404 [AsyncHttpClient-1-2] DEBUG io.netty.util.Recycler - -Dio.netty.recycler.ratio: 8
12:07:08.404 [AsyncHttpClient-1-2] DEBUG io.netty.util.Recycler - -Dio.netty.recycler.chunkSize: 32
12:07:08.405 [AsyncHttpClient-1-2] DEBUG io.netty.util.Recycler - -Dio.netty.recycler.blocking: false
12:07:12.403 [AsyncHttpClient-1-2] DEBUG io.netty.handler.codec.compression.Brotli - brotli4j not in the classpath; Brotli support will be unavailable.
12:07:12.403 [AsyncHttpClient-1-2] DEBUG org.asynchttpclient.netty.handler.HttpHandler - 

Request DefaultHttpRequest(decodeResult: success, version: HTTP/1.1)
POST /wd/hub/session HTTP/1.1
User-Agent: selenium/4.1.3 (java windows)
traceparent: 00-4bc861a7d1f9fc4735c2c2add57d6843-64424c43fb16a509-01
Content-Length: 511
Content-Type: application/json; charset=utf-8
host: hub-cloud.browserstack.com
authorization: Basic bmd1eW5hbmhkbmdfUUNySERrOm1OVG50OWJnenhBcWJBRVZ3aDZZ
accept: */*

Response DefaultHttpResponse(decodeResult: success, version: HTTP/1.1)
HTTP/1.1 200 OK
Server: nginx
Date: Mon, 09 May 2022 05:07:12 GMT
Content-Type: application/json; charset=utf-8
Transfer-Encoding: chunked
Connection: keep-alive
Source-From: 02
cache-control: no-cache

12:07:12.421 [AsyncHttpClient-1-2] DEBUG org.asynchttpclient.netty.channel.ChannelManager - Adding key: http://hub-cloud.browserstack.com:80 for channel [id: 0x0cfc242a, L:/172.17.19.76:58368 - R:hub-cloud.browserstack.com/173.234.104.3:80]
12:07:12.514 [AsyncHttpClient-1-1] DEBUG org.asynchttpclient.netty.channel.DefaultChannelPool - Entry count for : http://hub-cloud.browserstack.com:80 : 1
12:07:13.619 [AsyncHttpClient-1-1] DEBUG org.asynchttpclient.netty.channel.DefaultChannelPool - Entry count for : http://hub-cloud.browserstack.com:80 : 1
12:07:14.711 [AsyncHttpClient-1-1] DEBUG org.asynchttpclient.netty.channel.DefaultChannelPool - Entry count for : http://hub-cloud.browserstack.com:80 : 1
12:07:15.814 [AsyncHttpClient-1-1] DEBUG org.asynchttpclient.netty.channel.DefaultChannelPool - Entry count for : http://hub-cloud.browserstack.com:80 : 1
12:07:16.872 [AsyncHttpClient-1-4] DEBUG org.asynchttpclient.netty.channel.NettyConnectListener - Trying to recover from failing to connect channel [id: 0xf15fa365] with a retry value of true 
12:07:16.874 [AsyncHttpClient-1-4] DEBUG org.asynchttpclient.netty.request.NettyRequestSender - Trying to recover request DefaultFullHttpRequest(decodeResult: success, version: HTTP/1.1, content: EmptyByteBufBE)
GET /json/version HTTP/1.1
User-Agent: selenium/4.1.3 (java windows)
host: localhost:29426
accept: */*

12:07:16.919 [AsyncHttpClient-1-1] DEBUG org.asynchttpclient.netty.channel.DefaultChannelPool - Entry count for : http://hub-cloud.browserstack.com:80 : 1
12:07:18.017 [AsyncHttpClient-1-1] DEBUG org.asynchttpclient.netty.channel.DefaultChannelPool - Entry count for : http://hub-cloud.browserstack.com:80 : 1
12:07:19.111 [AsyncHttpClient-1-1] DEBUG org.asynchttpclient.netty.channel.DefaultChannelPool - Entry count for : http://hub-cloud.browserstack.com:80 : 1
12:07:20.211 [AsyncHttpClient-1-1] DEBUG org.asynchttpclient.netty.channel.DefaultChannelPool - Entry count for : http://hub-cloud.browserstack.com:80 : 1
12:07:20.967 [AsyncHttpClient-1-6] DEBUG org.asynchttpclient.netty.channel.NettyConnectListener - Trying to recover from failing to connect channel [id: 0x53a0702c] with a retry value of true 
12:07:20.968 [AsyncHttpClient-1-6] DEBUG org.asynchttpclient.netty.request.NettyRequestSender - Trying to recover request DefaultFullHttpRequest(decodeResult: success, version: HTTP/1.1, content: EmptyByteBufBE)
GET /json/version HTTP/1.1
User-Agent: selenium/4.1.3 (java windows)
host: localhost:29426
accept: */*

12:07:21.311 [AsyncHttpClient-1-1] DEBUG org.asynchttpclient.netty.channel.DefaultChannelPool - Entry count for : http://hub-cloud.browserstack.com:80 : 1
12:07:22.414 [AsyncHttpClient-1-1] DEBUG org.asynchttpclient.netty.channel.DefaultChannelPool - Entry count for : http://hub-cloud.browserstack.com:80 : 1
12:07:23.511 [AsyncHttpClient-1-1] DEBUG org.asynchttpclient.netty.channel.DefaultChannelPool - Entry count for : http://hub-cloud.browserstack.com:80 : 1
12:07:24.620 [AsyncHttpClient-1-1] DEBUG org.asynchttpclient.netty.channel.DefaultChannelPool - Entry count for : http://hub-cloud.browserstack.com:80 : 1
12:07:25.052 [AsyncHttpClient-1-8] DEBUG org.asynchttpclient.netty.channel.NettyConnectListener - Trying to recover from failing to connect channel [id: 0xf073e9b0] with a retry value of true 
12:07:25.053 [AsyncHttpClient-1-8] DEBUG org.asynchttpclient.netty.request.NettyRequestSender - Trying to recover request DefaultFullHttpRequest(decodeResult: success, version: HTTP/1.1, content: EmptyByteBufBE)
GET /json/version HTTP/1.1
User-Agent: selenium/4.1.3 (java windows)
host: localhost:29426
accept: */*

12:07:25.711 [AsyncHttpClient-1-1] DEBUG org.asynchttpclient.netty.channel.DefaultChannelPool - Entry count for : http://hub-cloud.browserstack.com:80 : 1
12:07:26.811 [AsyncHttpClient-1-1] DEBUG org.asynchttpclient.netty.channel.DefaultChannelPool - Entry count for : http://hub-cloud.browserstack.com:80 : 1
12:07:27.919 [AsyncHttpClient-1-1] DEBUG org.asynchttpclient.netty.channel.DefaultChannelPool - Entry count for : http://hub-cloud.browserstack.com:80 : 1
12:07:29.011 [AsyncHttpClient-1-1] DEBUG org.asynchttpclient.netty.channel.DefaultChannelPool - Entry count for : http://hub-cloud.browserstack.com:80 : 1
12:07:29.132 [AsyncHttpClient-1-10] DEBUG org.asynchttpclient.netty.channel.NettyConnectListener - Trying to recover from failing to connect channel [id: 0x8d6d99ab] with a retry value of true 
12:07:29.132 [AsyncHttpClient-1-10] DEBUG org.asynchttpclient.netty.request.NettyRequestSender - Trying to recover request DefaultFullHttpRequest(decodeResult: success, version: HTTP/1.1, content: EmptyByteBufBE)
GET /json/version HTTP/1.1
User-Agent: selenium/4.1.3 (java windows)
host: localhost:29426
accept: */*

12:07:30.118 [AsyncHttpClient-1-1] DEBUG org.asynchttpclient.netty.channel.DefaultChannelPool - Entry count for : http://hub-cloud.browserstack.com:80 : 1
12:07:31.214 [AsyncHttpClient-1-1] DEBUG org.asynchttpclient.netty.channel.DefaultChannelPool - Entry count for : http://hub-cloud.browserstack.com:80 : 1
12:07:32.316 [AsyncHttpClient-1-1] DEBUG org.asynchttpclient.netty.channel.DefaultChannelPool - Entry count for : http://hub-cloud.browserstack.com:80 : 1
12:07:33.209 [AsyncHttpClient-1-12] DEBUG org.asynchttpclient.netty.channel.NettyConnectListener - Trying to recover from failing to connect channel [id: 0x2eb99411] with a retry value of true 
12:07:33.209 [AsyncHttpClient-1-12] DEBUG org.asynchttpclient.netty.request.NettyRequestSender - Trying to recover request DefaultFullHttpRequest(decodeResult: success, version: HTTP/1.1, content: EmptyByteBufBE)
GET /json/version HTTP/1.1
User-Agent: selenium/4.1.3 (java windows)
host: localhost:29426
accept: */*

12:07:33.411 [AsyncHttpClient-1-1] DEBUG org.asynchttpclient.netty.channel.DefaultChannelPool - Entry count for : http://hub-cloud.browserstack.com:80 : 1
12:07:34.515 [AsyncHttpClient-1-1] DEBUG org.asynchttpclient.netty.channel.DefaultChannelPool - Entry count for : http://hub-cloud.browserstack.com:80 : 1
12:07:35.611 [AsyncHttpClient-1-1] DEBUG org.asynchttpclient.netty.channel.DefaultChannelPool - Entry count for : http://hub-cloud.browserstack.com:80 : 1
12:07:36.718 [AsyncHttpClient-1-1] DEBUG org.asynchttpclient.netty.channel.DefaultChannelPool - Entry count for : http://hub-cloud.browserstack.com:80 : 1
12:07:37.296 [AsyncHttpClient-1-14] DEBUG org.asynchttpclient.netty.channel.NettyConnectListener - Trying to recover from failing to connect channel [id: 0x9df95dff] with a retry value of false 
12:07:37.297 [AsyncHttpClient-1-14] DEBUG org.asynchttpclient.netty.channel.NettyConnectListener - Failed to recover from connect exception: io.netty.channel.AbstractChannel$AnnotatedConnectException: Connection refused: no further information: localhost/0:0:0:0:0:0:0:1:29426 with channel [id: 0x9df95dff]
12:07:37.303 [AsyncHttpClient-1-14] DEBUG org.asynchttpclient.AsyncCompletionHandler - Connection refused: no further information: localhost/0:0:0:0:0:0:0:1:29426
java.net.ConnectException: Connection refused: no further information: localhost/0:0:0:0:0:0:0:1:29426
	at org.asynchttpclient.netty.channel.NettyConnectListener.onFailure(NettyConnectListener.java:179)
	at org.asynchttpclient.netty.channel.NettyChannelConnector$1.onFailure(NettyChannelConnector.java:108)
	at org.asynchttpclient.netty.SimpleChannelFutureListener.operationComplete(SimpleChannelFutureListener.java:28)
	at org.asynchttpclient.netty.SimpleChannelFutureListener.operationComplete(SimpleChannelFutureListener.java:20)
	at io.netty.util.concurrent.DefaultPromise.notifyListener0(DefaultPromise.java:578)
	at io.netty.util.concurrent.DefaultPromise.notifyListeners0(DefaultPromise.java:571)
	at io.netty.util.concurrent.DefaultPromise.notifyListenersNow(DefaultPromise.java:550)
	at io.netty.util.concurrent.DefaultPromise.notifyListeners(DefaultPromise.java:491)
	at io.netty.util.concurrent.DefaultPromise.setValue0(DefaultPromise.java:616)
	at io.netty.util.concurrent.DefaultPromise.setFailure0(DefaultPromise.java:609)
	at io.netty.util.concurrent.DefaultPromise.tryFailure(DefaultPromise.java:117)
	at io.netty.channel.nio.AbstractNioChannel$AbstractNioUnsafe.fulfillConnectPromise(AbstractNioChannel.java:321)
	at io.netty.channel.nio.AbstractNioChannel$AbstractNioUnsafe.finishConnect(AbstractNioChannel.java:337)
	at io.netty.channel.nio.NioEventLoop.processSelectedKey(NioEventLoop.java:710)
	at io.netty.channel.nio.NioEventLoop.processSelectedKeysOptimized(NioEventLoop.java:658)
	at io.netty.channel.nio.NioEventLoop.processSelectedKeys(NioEventLoop.java:584)
	at io.netty.channel.nio.NioEventLoop.run(NioEventLoop.java:496)
	at io.netty.util.concurrent.SingleThreadEventExecutor$4.run(SingleThreadEventExecutor.java:986)
	at io.netty.util.internal.ThreadExecutorMap$2.run(ThreadExecutorMap.java:74)
	at io.netty.util.concurrent.FastThreadLocalRunnable.run(FastThreadLocalRunnable.java:30)
	at java.lang.Thread.run(Thread.java:750)
Caused by: io.netty.channel.AbstractChannel$AnnotatedConnectException: Connection refused: no further information: localhost/0:0:0:0:0:0:0:1:29426
Caused by: java.net.ConnectException: Connection refused: no further information
	at sun.nio.ch.SocketChannelImpl.checkConnect(Native Method)
	at sun.nio.ch.SocketChannelImpl.finishConnect(SocketChannelImpl.java:715)
	at io.netty.channel.socket.nio.NioSocketChannel.doFinishConnect(NioSocketChannel.java:330)
	at io.netty.channel.nio.AbstractNioChannel$AbstractNioUnsafe.finishConnect(AbstractNioChannel.java:334)
	at io.netty.channel.nio.NioEventLoop.processSelectedKey(NioEventLoop.java:710)
	at io.netty.channel.nio.NioEventLoop.processSelectedKeysOptimized(NioEventLoop.java:658)
	at io.netty.channel.nio.NioEventLoop.processSelectedKeys(NioEventLoop.java:584)
	at io.netty.channel.nio.NioEventLoop.run(NioEventLoop.java:496)
	at io.netty.util.concurrent.SingleThreadEventExecutor$4.run(SingleThreadEventExecutor.java:986)
	at io.netty.util.internal.ThreadExecutorMap$2.run(ThreadExecutorMap.java:74)
	at io.netty.util.concurrent.FastThreadLocalRunnable.run(FastThreadLocalRunnable.java:30)
	at java.lang.Thread.run(Thread.java:750)
12:07:37.825 [AsyncHttpClient-1-1] DEBUG org.asynchttpclient.netty.channel.DefaultChannelPool - Entry count for : http://hub-cloud.browserstack.com:80 : 1
12:07:38.038 [main] DEBUG net.thucydides.core.reflection.ClassFinder - Could not load class .cucumber.CommonStepDefs
12:07:38.038 [main] DEBUG net.thucydides.core.reflection.ClassFinder - Could not load class .cucumber.HomeStepDefs
12:07:38.038 [main] DEBUG net.thucydides.core.reflection.ClassFinder - Could not load class .cucumber.Hooks
12:07:38.038 [main] DEBUG net.thucydides.core.reflection.ClassFinder - Could not load class .cucumber.LoginStepDefs
12:07:38.039 [main] DEBUG net.thucydides.core.reflection.ClassFinder - Could not load class .pages.HomePage
12:07:38.039 [main] DEBUG net.thucydides.core.reflection.ClassFinder - Could not load class .pages.LoginPage
12:07:38.039 [main] DEBUG net.thucydides.core.reflection.ClassFinder - Could not load class .runners.Runner
12:07:38.039 [main] DEBUG net.thucydides.core.reflection.ClassFinder - Could not load class .runners.UnitTestRunner
12:07:38.039 [main] DEBUG net.thucydides.core.reflection.ClassFinder - Could not load class .serenity.CommonStepLibraries
12:07:38.039 [main] DEBUG net.thucydides.core.reflection.ClassFinder - Could not load class .serenity.HomeStepLibraries
12:07:38.039 [main] DEBUG net.thucydides.core.reflection.ClassFinder - Could not load class .serenity.LoginStepLibraries
12:07:38.039 [main] DEBUG net.thucydides.core.reflection.ClassFinder - Could not load class .serenity.test
12:07:38.045 [Forwarding get on session 51820b973f64b8f6be08f4533ad7fecf8b31a6bc to remote] DEBUG org.asynchttpclient.netty.request.NettyRequestSender - Using pooled Channel '[id: 0x0cfc242a, L:/172.17.19.76:58368 - R:hub-cloud.browserstack.com/173.234.104.3:80]' for 'POST' to 'http://nguynanhdng_QCrHDk:mNTnt9bgzxAqbAEVwh6Y@hub-cloud.browserstack.com/wd/hub/session/51820b973f64b8f6be08f4533ad7fecf8b31a6bc/url'
12:07:38.045 [Forwarding get on session 51820b973f64b8f6be08f4533ad7fecf8b31a6bc to remote] DEBUG org.asynchttpclient.netty.request.NettyRequestSender - Using open Channel [id: 0x0cfc242a, L:/172.17.19.76:58368 - R:hub-cloud.browserstack.com/173.234.104.3:80] for POST '/wd/hub/session/51820b973f64b8f6be08f4533ad7fecf8b31a6bc/url'
12:07:42.837 [AsyncHttpClient-1-2] DEBUG org.asynchttpclient.netty.handler.HttpHandler - 

Request DefaultHttpRequest(decodeResult: success, version: HTTP/1.1)
POST /wd/hub/session/51820b973f64b8f6be08f4533ad7fecf8b31a6bc/url HTTP/1.1
User-Agent: selenium/4.1.3 (java windows)
traceparent: 00-d43b9db522bb9c51d38fd6db86dfa340-e206c66544a4f8ce-01
Content-Length: 94
Content-Type: application/json; charset=utf-8
host: hub-cloud.browserstack.com
authorization: Basic bmd1eW5hbmhkbmdfUUNySERrOm1OVG50OWJnenhBcWJBRVZ3aDZZ
accept: */*

Response DefaultHttpResponse(decodeResult: success, version: HTTP/1.1)
HTTP/1.1 200 OK
Server: nginx
Date: Mon, 09 May 2022 05:07:42 GMT
Content-Type: application/json;charset=utf-8
Connection: keep-alive
Source-From: 02
expires: Thu, 01 Jan 1970 00:00:00 GMT
cache-control: no-cache, no-cache
temp-header: 2034-2500191100-1-1652072862.658-rproxy-core-002-dcp-apse2a-prod.browserstack.com
content-length: 14

12:07:42.841 [AsyncHttpClient-1-2] DEBUG org.asynchttpclient.netty.channel.ChannelManager - Adding key: http://hub-cloud.browserstack.com:80 for channel [id: 0x0cfc242a, L:/172.17.19.76:58368 - R:hub-cloud.browserstack.com/173.234.104.3:80]
12:07:42.854 [Forwarding setTimeout on session 51820b973f64b8f6be08f4533ad7fecf8b31a6bc to remote] DEBUG org.asynchttpclient.netty.request.NettyRequestSender - Using pooled Channel '[id: 0x0cfc242a, L:/172.17.19.76:58368 - R:hub-cloud.browserstack.com/173.234.104.3:80]' for 'POST' to 'http://nguynanhdng_QCrHDk:mNTnt9bgzxAqbAEVwh6Y@hub-cloud.browserstack.com/wd/hub/session/51820b973f64b8f6be08f4533ad7fecf8b31a6bc/timeouts'
12:07:42.855 [Forwarding setTimeout on session 51820b973f64b8f6be08f4533ad7fecf8b31a6bc to remote] DEBUG org.asynchttpclient.netty.request.NettyRequestSender - Using open Channel [id: 0x0cfc242a, L:/172.17.19.76:58368 - R:hub-cloud.browserstack.com/173.234.104.3:80] for POST '/wd/hub/session/51820b973f64b8f6be08f4533ad7fecf8b31a6bc/timeouts'
12:07:43.232 [AsyncHttpClient-1-2] DEBUG org.asynchttpclient.netty.handler.HttpHandler - 

Request DefaultHttpRequest(decodeResult: success, version: HTTP/1.1)
POST /wd/hub/session/51820b973f64b8f6be08f4533ad7fecf8b31a6bc/timeouts HTTP/1.1
User-Agent: selenium/4.1.3 (java windows)
traceparent: 00-8f6012239406c00c63344066734e75c8-f563d673cfa30f58-01
Content-Length: 22
Content-Type: application/json; charset=utf-8
host: hub-cloud.browserstack.com
authorization: Basic bmd1eW5hbmhkbmdfUUNySERrOm1OVG50OWJnenhBcWJBRVZ3aDZZ
accept: */*

Response DefaultHttpResponse(decodeResult: success, version: HTTP/1.1)
HTTP/1.1 200 OK
Server: nginx
Date: Mon, 09 May 2022 05:07:43 GMT
Content-Type: application/json;charset=utf-8
Connection: keep-alive
Source-From: 02
expires: Thu, 01 Jan 1970 00:00:00 GMT
cache-control: no-cache, no-cache
temp-header: 3693-5157179478-1-1652072863.057-rproxy-core-001-dcp-apse2a-prod.browserstack.com
content-length: 14

12:07:43.233 [AsyncHttpClient-1-2] DEBUG org.asynchttpclient.netty.channel.ChannelManager - Adding key: http://hub-cloud.browserstack.com:80 for channel [id: 0x0cfc242a, L:/172.17.19.76:58368 - R:hub-cloud.browserstack.com/173.234.104.3:80]
12:07:43.244 [Forwarding getCurrentUrl on session 51820b973f64b8f6be08f4533ad7fecf8b31a6bc to remote] DEBUG org.asynchttpclient.netty.request.NettyRequestSender - Using pooled Channel '[id: 0x0cfc242a, L:/172.17.19.76:58368 - R:hub-cloud.browserstack.com/173.234.104.3:80]' for 'GET' to 'http://nguynanhdng_QCrHDk:mNTnt9bgzxAqbAEVwh6Y@hub-cloud.browserstack.com/wd/hub/session/51820b973f64b8f6be08f4533ad7fecf8b31a6bc/url'
12:07:43.244 [Forwarding getCurrentUrl on session 51820b973f64b8f6be08f4533ad7fecf8b31a6bc to remote] DEBUG org.asynchttpclient.netty.request.NettyRequestSender - Using open Channel [id: 0x0cfc242a, L:/172.17.19.76:58368 - R:hub-cloud.browserstack.com/173.234.104.3:80] for GET '/wd/hub/session/51820b973f64b8f6be08f4533ad7fecf8b31a6bc/url'
12:07:44.176 [AsyncHttpClient-1-2] DEBUG org.asynchttpclient.netty.handler.HttpHandler - 

Request DefaultFullHttpRequest(decodeResult: success, version: HTTP/1.1, content: EmptyByteBufBE)
GET /wd/hub/session/51820b973f64b8f6be08f4533ad7fecf8b31a6bc/url HTTP/1.1
User-Agent: selenium/4.1.3 (java windows)
Cache-Control: no-cache
traceparent: 00-b9cdbf41cb0a961cfd36189f0ae8a712-237dd70d740c44ee-01
Content-Type: application/json; charset=utf-8
host: hub-cloud.browserstack.com
authorization: Basic bmd1eW5hbmhkbmdfUUNySERrOm1OVG50OWJnenhBcWJBRVZ3aDZZ
accept: */*

Response DefaultHttpResponse(decodeResult: success, version: HTTP/1.1)
HTTP/1.1 200 OK
Server: nginx
Date: Mon, 09 May 2022 05:07:43 GMT
Content-Type: application/json;charset=utf-8
Connection: keep-alive
Source-From: 02
expires: Thu, 01 Jan 1970 00:00:00 GMT
cache-control: no-cache, no-cache
temp-header: 2025-2500192196-1-1652072863.690-rproxy-core-002-dcp-apse2a-prod.browserstack.com
content-length: 61

12:07:44.177 [AsyncHttpClient-1-2] DEBUG org.asynchttpclient.netty.channel.ChannelManager - Adding key: http://hub-cloud.browserstack.com:80 for channel [id: 0x0cfc242a, L:/172.17.19.76:58368 - R:hub-cloud.browserstack.com/173.234.104.3:80]
12:07:44.186 [Forwarding getCurrentUrl on session 51820b973f64b8f6be08f4533ad7fecf8b31a6bc to remote] DEBUG org.asynchttpclient.netty.request.NettyRequestSender - Using pooled Channel '[id: 0x0cfc242a, L:/172.17.19.76:58368 - R:hub-cloud.browserstack.com/173.234.104.3:80]' for 'GET' to 'http://nguynanhdng_QCrHDk:mNTnt9bgzxAqbAEVwh6Y@hub-cloud.browserstack.com/wd/hub/session/51820b973f64b8f6be08f4533ad7fecf8b31a6bc/url'
12:07:44.186 [Forwarding getCurrentUrl on session 51820b973f64b8f6be08f4533ad7fecf8b31a6bc to remote] DEBUG org.asynchttpclient.netty.request.NettyRequestSender - Using open Channel [id: 0x0cfc242a, L:/172.17.19.76:58368 - R:hub-cloud.browserstack.com/173.234.104.3:80] for GET '/wd/hub/session/51820b973f64b8f6be08f4533ad7fecf8b31a6bc/url'
12:07:44.524 [AsyncHttpClient-1-2] DEBUG org.asynchttpclient.netty.handler.HttpHandler - 

Request DefaultFullHttpRequest(decodeResult: success, version: HTTP/1.1, content: EmptyByteBufBE)
GET /wd/hub/session/51820b973f64b8f6be08f4533ad7fecf8b31a6bc/url HTTP/1.1
User-Agent: selenium/4.1.3 (java windows)
Cache-Control: no-cache
traceparent: 00-ac0b7b244be89fb0738db07251ace086-f52fb2ff101e3619-01
Content-Type: application/json; charset=utf-8
host: hub-cloud.browserstack.com
authorization: Basic bmd1eW5hbmhkbmdfUUNySERrOm1OVG50OWJnenhBcWJBRVZ3aDZZ
accept: */*

Response DefaultHttpResponse(decodeResult: success, version: HTTP/1.1)
HTTP/1.1 200 OK
Server: nginx
Date: Mon, 09 May 2022 05:07:44 GMT
Content-Type: application/json;charset=utf-8
Connection: keep-alive
Source-From: 02
expires: Thu, 01 Jan 1970 00:00:00 GMT
cache-control: no-cache, no-cache
temp-header: 2029-2500192250-1-1652072864.294-rproxy-core-002-dcp-apse2a-prod.browserstack.com
content-length: 61

12:07:44.525 [AsyncHttpClient-1-2] DEBUG org.asynchttpclient.netty.channel.ChannelManager - Adding key: http://hub-cloud.browserstack.com:80 for channel [id: 0x0cfc242a, L:/172.17.19.76:58368 - R:hub-cloud.browserstack.com/173.234.104.3:80]
12:07:44.547 [Forwarding maximizeCurrentWindow on session 51820b973f64b8f6be08f4533ad7fecf8b31a6bc to remote] DEBUG org.asynchttpclient.netty.request.NettyRequestSender - Using pooled Channel '[id: 0x0cfc242a, L:/172.17.19.76:58368 - R:hub-cloud.browserstack.com/173.234.104.3:80]' for 'POST' to 'http://nguynanhdng_QCrHDk:mNTnt9bgzxAqbAEVwh6Y@hub-cloud.browserstack.com/wd/hub/session/51820b973f64b8f6be08f4533ad7fecf8b31a6bc/window/maximize'
12:07:44.547 [Forwarding maximizeCurrentWindow on session 51820b973f64b8f6be08f4533ad7fecf8b31a6bc to remote] DEBUG org.asynchttpclient.netty.request.NettyRequestSender - Using open Channel [id: 0x0cfc242a, L:/172.17.19.76:58368 - R:hub-cloud.browserstack.com/173.234.104.3:80] for POST '/wd/hub/session/51820b973f64b8f6be08f4533ad7fecf8b31a6bc/window/maximize'
12:07:44.948 [AsyncHttpClient-1-2] DEBUG org.asynchttpclient.netty.handler.HttpHandler - 

Request DefaultHttpRequest(decodeResult: success, version: HTTP/1.1)
POST /wd/hub/session/51820b973f64b8f6be08f4533ad7fecf8b31a6bc/window/maximize HTTP/1.1
User-Agent: selenium/4.1.3 (java windows)
traceparent: 00-b47ebabd5e2e38048d73c61e6496299b-907ceec6571af23d-01
Content-Length: 3
Content-Type: application/json; charset=utf-8
host: hub-cloud.browserstack.com
authorization: Basic bmd1eW5hbmhkbmdfUUNySERrOm1OVG50OWJnenhBcWJBRVZ3aDZZ
accept: */*

Response DefaultHttpResponse(decodeResult: success, version: HTTP/1.1)
HTTP/1.1 200 OK
Server: nginx
Date: Mon, 09 May 2022 05:07:44 GMT
Content-Type: application/json;charset=utf-8
Connection: keep-alive
Source-From: 02
expires: Thu, 01 Jan 1970 00:00:00 GMT
cache-control: no-cache, no-cache
temp-header: 2025-2500192268-1-1652072864.776-rproxy-core-002-dcp-apse2a-prod.browserstack.com
content-length: 52

12:07:44.949 [AsyncHttpClient-1-2] DEBUG org.asynchttpclient.netty.channel.ChannelManager - Adding key: http://hub-cloud.browserstack.com:80 for channel [id: 0x0cfc242a, L:/172.17.19.76:58368 - R:hub-cloud.browserstack.com/173.234.104.3:80]
12:07:45.268 [main] DEBUG net.thucydides.core.steps.StepInterceptor - STARTING STEP: LoginStepDefs.the_user_enters_the_username_and_password - login
12:07:45.297 [Forwarding setTimeout on session 51820b973f64b8f6be08f4533ad7fecf8b31a6bc to remote] DEBUG org.asynchttpclient.netty.request.NettyRequestSender - Using pooled Channel '[id: 0x0cfc242a, L:/172.17.19.76:58368 - R:hub-cloud.browserstack.com/173.234.104.3:80]' for 'POST' to 'http://nguynanhdng_QCrHDk:mNTnt9bgzxAqbAEVwh6Y@hub-cloud.browserstack.com/wd/hub/session/51820b973f64b8f6be08f4533ad7fecf8b31a6bc/timeouts'
12:07:45.297 [Forwarding setTimeout on session 51820b973f64b8f6be08f4533ad7fecf8b31a6bc to remote] DEBUG org.asynchttpclient.netty.request.NettyRequestSender - Using open Channel [id: 0x0cfc242a, L:/172.17.19.76:58368 - R:hub-cloud.browserstack.com/173.234.104.3:80] for POST '/wd/hub/session/51820b973f64b8f6be08f4533ad7fecf8b31a6bc/timeouts'
12:07:45.578 [AsyncHttpClient-1-2] DEBUG org.asynchttpclient.netty.handler.HttpHandler - 

Request DefaultHttpRequest(decodeResult: success, version: HTTP/1.1)
POST /wd/hub/session/51820b973f64b8f6be08f4533ad7fecf8b31a6bc/timeouts HTTP/1.1
User-Agent: selenium/4.1.3 (java windows)
traceparent: 00-86eb70873230d3445d2d89d3ba47d507-c76d08c7630d1705-01
Content-Length: 19
Content-Type: application/json; charset=utf-8
host: hub-cloud.browserstack.com
authorization: Basic bmd1eW5hbmhkbmdfUUNySERrOm1OVG50OWJnenhBcWJBRVZ3aDZZ
accept: */*

Response DefaultHttpResponse(decodeResult: success, version: HTTP/1.1)
HTTP/1.1 200 OK
Server: nginx
Date: Mon, 09 May 2022 05:07:45 GMT
Content-Type: application/json;charset=utf-8
Connection: keep-alive
Source-From: 02
expires: Thu, 01 Jan 1970 00:00:00 GMT
cache-control: no-cache, no-cache
temp-header: 3696-5157179748-1-1652072865.406-rproxy-core-001-dcp-apse2a-prod.browserstack.com
content-length: 14

12:07:45.580 [AsyncHttpClient-1-2] DEBUG org.asynchttpclient.netty.channel.ChannelManager - Adding key: http://hub-cloud.browserstack.com:80 for channel [id: 0x0cfc242a, L:/172.17.19.76:58368 - R:hub-cloud.browserstack.com/173.234.104.3:80]
12:07:45.590 [Forwarding findElement on session 51820b973f64b8f6be08f4533ad7fecf8b31a6bc to remote] DEBUG org.asynchttpclient.netty.request.NettyRequestSender - Using pooled Channel '[id: 0x0cfc242a, L:/172.17.19.76:58368 - R:hub-cloud.browserstack.com/173.234.104.3:80]' for 'POST' to 'http://nguynanhdng_QCrHDk:mNTnt9bgzxAqbAEVwh6Y@hub-cloud.browserstack.com/wd/hub/session/51820b973f64b8f6be08f4533ad7fecf8b31a6bc/element'
12:07:45.590 [Forwarding findElement on session 51820b973f64b8f6be08f4533ad7fecf8b31a6bc to remote] DEBUG org.asynchttpclient.netty.request.NettyRequestSender - Using open Channel [id: 0x0cfc242a, L:/172.17.19.76:58368 - R:hub-cloud.browserstack.com/173.234.104.3:80] for POST '/wd/hub/session/51820b973f64b8f6be08f4533ad7fecf8b31a6bc/element'
12:07:45.882 [AsyncHttpClient-1-2] DEBUG org.asynchttpclient.netty.handler.HttpHandler - 

Request DefaultHttpRequest(decodeResult: success, version: HTTP/1.1)
POST /wd/hub/session/51820b973f64b8f6be08f4533ad7fecf8b31a6bc/element HTTP/1.1
User-Agent: selenium/4.1.3 (java windows)
traceparent: 00-cff677ae7b6c11e02026dfd90ae6afb3-293ae70e0a9f4db3-01
Content-Length: 61
Content-Type: application/json; charset=utf-8
host: hub-cloud.browserstack.com
authorization: Basic bmd1eW5hbmhkbmdfUUNySERrOm1OVG50OWJnenhBcWJBRVZ3aDZZ
accept: */*

Response DefaultHttpResponse(decodeResult: success, version: HTTP/1.1)
HTTP/1.1 200 OK
Server: nginx
Date: Mon, 09 May 2022 05:07:45 GMT
Content-Type: application/json;charset=utf-8
Connection: keep-alive
Source-From: 02
expires: Thu, 01 Jan 1970 00:00:00 GMT
cache-control: no-cache, no-cache
temp-header: 3700-5157179804-1-1652072865.712-rproxy-core-001-dcp-apse2a-prod.browserstack.com
content-length: 88

12:07:45.883 [AsyncHttpClient-1-2] DEBUG org.asynchttpclient.netty.channel.ChannelManager - Adding key: http://hub-cloud.browserstack.com:80 for channel [id: 0x0cfc242a, L:/172.17.19.76:58368 - R:hub-cloud.browserstack.com/173.234.104.3:80]
12:07:45.891 [Forwarding setTimeout on session 51820b973f64b8f6be08f4533ad7fecf8b31a6bc to remote] DEBUG org.asynchttpclient.netty.request.NettyRequestSender - Using pooled Channel '[id: 0x0cfc242a, L:/172.17.19.76:58368 - R:hub-cloud.browserstack.com/173.234.104.3:80]' for 'POST' to 'http://nguynanhdng_QCrHDk:mNTnt9bgzxAqbAEVwh6Y@hub-cloud.browserstack.com/wd/hub/session/51820b973f64b8f6be08f4533ad7fecf8b31a6bc/timeouts'
12:07:45.892 [Forwarding setTimeout on session 51820b973f64b8f6be08f4533ad7fecf8b31a6bc to remote] DEBUG org.asynchttpclient.netty.request.NettyRequestSender - Using open Channel [id: 0x0cfc242a, L:/172.17.19.76:58368 - R:hub-cloud.browserstack.com/173.234.104.3:80] for POST '/wd/hub/session/51820b973f64b8f6be08f4533ad7fecf8b31a6bc/timeouts'
12:07:46.220 [AsyncHttpClient-1-2] DEBUG org.asynchttpclient.netty.handler.HttpHandler - 

Request DefaultHttpRequest(decodeResult: success, version: HTTP/1.1)
POST /wd/hub/session/51820b973f64b8f6be08f4533ad7fecf8b31a6bc/timeouts HTTP/1.1
User-Agent: selenium/4.1.3 (java windows)
traceparent: 00-ed964f63f8adf833d3d2aec143b1de80-679292b2c5213632-01
Content-Length: 22
Content-Type: application/json; charset=utf-8
host: hub-cloud.browserstack.com
authorization: Basic bmd1eW5hbmhkbmdfUUNySERrOm1OVG50OWJnenhBcWJBRVZ3aDZZ
accept: */*

Response DefaultHttpResponse(decodeResult: success, version: HTTP/1.1)
HTTP/1.1 200 OK
Server: nginx
Date: Mon, 09 May 2022 05:07:46 GMT
Content-Type: application/json;charset=utf-8
Connection: keep-alive
Source-From: 02
expires: Thu, 01 Jan 1970 00:00:00 GMT
cache-control: no-cache, no-cache
temp-header: 2024-2500192482-1-1652072866.047-rproxy-core-002-dcp-apse2a-prod.browserstack.com
content-length: 14

12:07:46.221 [AsyncHttpClient-1-2] DEBUG org.asynchttpclient.netty.channel.ChannelManager - Adding key: http://hub-cloud.browserstack.com:80 for channel [id: 0x0cfc242a, L:/172.17.19.76:58368 - R:hub-cloud.browserstack.com/173.234.104.3:80]
12:07:46.264 [Forwarding isElementDisplayed on session 51820b973f64b8f6be08f4533ad7fecf8b31a6bc to remote] DEBUG org.asynchttpclient.netty.request.NettyRequestSender - Using pooled Channel '[id: 0x0cfc242a, L:/172.17.19.76:58368 - R:hub-cloud.browserstack.com/173.234.104.3:80]' for 'POST' to 'http://nguynanhdng_QCrHDk:mNTnt9bgzxAqbAEVwh6Y@hub-cloud.browserstack.com/wd/hub/session/51820b973f64b8f6be08f4533ad7fecf8b31a6bc/execute/sync'
12:07:46.265 [Forwarding isElementDisplayed on session 51820b973f64b8f6be08f4533ad7fecf8b31a6bc to remote] DEBUG org.asynchttpclient.netty.request.NettyRequestSender - Using open Channel [id: 0x0cfc242a, L:/172.17.19.76:58368 - R:hub-cloud.browserstack.com/173.234.104.3:80] for POST '/wd/hub/session/51820b973f64b8f6be08f4533ad7fecf8b31a6bc/execute/sync'
12:07:46.847 [AsyncHttpClient-1-2] DEBUG org.asynchttpclient.netty.handler.HttpHandler - 

Request DefaultHttpRequest(decodeResult: success, version: HTTP/1.1)
POST /wd/hub/session/51820b973f64b8f6be08f4533ad7fecf8b31a6bc/execute/sync HTTP/1.1
User-Agent: selenium/4.1.3 (java windows)
traceparent: 00-c416d371cb9a651ab73d22d497e4be58-3dc68457a2c82fad-01
Content-Length: 48780
Content-Type: application/json; charset=utf-8
host: hub-cloud.browserstack.com
authorization: Basic bmd1eW5hbmhkbmdfUUNySERrOm1OVG50OWJnenhBcWJBRVZ3aDZZ
accept: */*

Response DefaultHttpResponse(decodeResult: success, version: HTTP/1.1)
HTTP/1.1 200 OK
Server: nginx
Date: Mon, 09 May 2022 05:07:46 GMT
Content-Type: application/json;charset=utf-8
Connection: keep-alive
Source-From: 02
expires: Thu, 01 Jan 1970 00:00:00 GMT
cache-control: no-cache, no-cache
temp-header: 3695-5157179962-1-1652072866.637-rproxy-core-001-dcp-apse2a-prod.browserstack.com
content-length: 14

12:07:46.849 [AsyncHttpClient-1-2] DEBUG org.asynchttpclient.netty.channel.ChannelManager - Adding key: http://hub-cloud.browserstack.com:80 for channel [id: 0x0cfc242a, L:/172.17.19.76:58368 - R:hub-cloud.browserstack.com/173.234.104.3:80]
12:07:46.869 [Forwarding clearElement on session 51820b973f64b8f6be08f4533ad7fecf8b31a6bc to remote] DEBUG org.asynchttpclient.netty.request.NettyRequestSender - Using pooled Channel '[id: 0x0cfc242a, L:/172.17.19.76:58368 - R:hub-cloud.browserstack.com/173.234.104.3:80]' for 'POST' to 'http://nguynanhdng_QCrHDk:mNTnt9bgzxAqbAEVwh6Y@hub-cloud.browserstack.com/wd/hub/session/51820b973f64b8f6be08f4533ad7fecf8b31a6bc/element/bf09e94c-6894-4769-ace2-bc7f96e812ac/clear'
12:07:46.869 [Forwarding clearElement on session 51820b973f64b8f6be08f4533ad7fecf8b31a6bc to remote] DEBUG org.asynchttpclient.netty.request.NettyRequestSender - Using open Channel [id: 0x0cfc242a, L:/172.17.19.76:58368 - R:hub-cloud.browserstack.com/173.234.104.3:80] for POST '/wd/hub/session/51820b973f64b8f6be08f4533ad7fecf8b31a6bc/element/bf09e94c-6894-4769-ace2-bc7f96e812ac/clear'
12:07:47.180 [AsyncHttpClient-1-2] DEBUG org.asynchttpclient.netty.handler.HttpHandler - 

Request DefaultHttpRequest(decodeResult: success, version: HTTP/1.1)
POST /wd/hub/session/51820b973f64b8f6be08f4533ad7fecf8b31a6bc/element/bf09e94c-6894-4769-ace2-bc7f96e812ac/clear HTTP/1.1
User-Agent: selenium/4.1.3 (java windows)
traceparent: 00-68f916242d8b15269b24e10555d69901-9b4fb6c645950bbe-01
Content-Length: 50
Content-Type: application/json; charset=utf-8
host: hub-cloud.browserstack.com
authorization: Basic bmd1eW5hbmhkbmdfUUNySERrOm1OVG50OWJnenhBcWJBRVZ3aDZZ
accept: */*

Response DefaultHttpResponse(decodeResult: success, version: HTTP/1.1)
HTTP/1.1 200 OK
Server: nginx
Date: Mon, 09 May 2022 05:07:47 GMT
Content-Type: application/json;charset=utf-8
Connection: keep-alive
Source-From: 02
expires: Thu, 01 Jan 1970 00:00:00 GMT
cache-control: no-cache, no-cache
temp-header: 3691-5157180026-1-1652072867.001-rproxy-core-001-dcp-apse2a-prod.browserstack.com
content-length: 14

12:07:47.181 [AsyncHttpClient-1-2] DEBUG org.asynchttpclient.netty.channel.ChannelManager - Adding key: http://hub-cloud.browserstack.com:80 for channel [id: 0x0cfc242a, L:/172.17.19.76:58368 - R:hub-cloud.browserstack.com/173.234.104.3:80]
12:07:47.192 [Forwarding sendKeysToElement on session 51820b973f64b8f6be08f4533ad7fecf8b31a6bc to remote] DEBUG org.asynchttpclient.netty.request.NettyRequestSender - Using pooled Channel '[id: 0x0cfc242a, L:/172.17.19.76:58368 - R:hub-cloud.browserstack.com/173.234.104.3:80]' for 'POST' to 'http://nguynanhdng_QCrHDk:mNTnt9bgzxAqbAEVwh6Y@hub-cloud.browserstack.com/wd/hub/session/51820b973f64b8f6be08f4533ad7fecf8b31a6bc/element/bf09e94c-6894-4769-ace2-bc7f96e812ac/value'
12:07:47.192 [Forwarding sendKeysToElement on session 51820b973f64b8f6be08f4533ad7fecf8b31a6bc to remote] DEBUG org.asynchttpclient.netty.request.NettyRequestSender - Using open Channel [id: 0x0cfc242a, L:/172.17.19.76:58368 - R:hub-cloud.browserstack.com/173.234.104.3:80] for POST '/wd/hub/session/51820b973f64b8f6be08f4533ad7fecf8b31a6bc/element/bf09e94c-6894-4769-ace2-bc7f96e812ac/value'
12:07:47.517 [AsyncHttpClient-1-2] DEBUG org.asynchttpclient.netty.handler.HttpHandler - 

Request DefaultHttpRequest(decodeResult: success, version: HTTP/1.1)
POST /wd/hub/session/51820b973f64b8f6be08f4533ad7fecf8b31a6bc/element/bf09e94c-6894-4769-ace2-bc7f96e812ac/value HTTP/1.1
User-Agent: selenium/4.1.3 (java windows)
traceparent: 00-d2c63920a9fee756b030a203302e91b5-dec810634291c820-01
Content-Length: 181
Content-Type: application/json; charset=utf-8
host: hub-cloud.browserstack.com
authorization: Basic bmd1eW5hbmhkbmdfUUNySERrOm1OVG50OWJnenhBcWJBRVZ3aDZZ
accept: */*

Response DefaultHttpResponse(decodeResult: success, version: HTTP/1.1)
HTTP/1.1 200 OK
Server: nginx
Date: Mon, 09 May 2022 05:07:47 GMT
Content-Type: application/json;charset=utf-8
Connection: keep-alive
Source-From: 02
expires: Thu, 01 Jan 1970 00:00:00 GMT
cache-control: no-cache, no-cache
temp-header: 2028-2500192768-1-1652072867.350-rproxy-core-002-dcp-apse2a-prod.browserstack.com
content-length: 14

12:07:47.518 [AsyncHttpClient-1-2] DEBUG org.asynchttpclient.netty.channel.ChannelManager - Adding key: http://hub-cloud.browserstack.com:80 for channel [id: 0x0cfc242a, L:/172.17.19.76:58368 - R:hub-cloud.browserstack.com/173.234.104.3:80]
12:07:47.539 [Forwarding setTimeout on session 51820b973f64b8f6be08f4533ad7fecf8b31a6bc to remote] DEBUG org.asynchttpclient.netty.request.NettyRequestSender - Using pooled Channel '[id: 0x0cfc242a, L:/172.17.19.76:58368 - R:hub-cloud.browserstack.com/173.234.104.3:80]' for 'POST' to 'http://nguynanhdng_QCrHDk:mNTnt9bgzxAqbAEVwh6Y@hub-cloud.browserstack.com/wd/hub/session/51820b973f64b8f6be08f4533ad7fecf8b31a6bc/timeouts'
12:07:47.539 [Forwarding setTimeout on session 51820b973f64b8f6be08f4533ad7fecf8b31a6bc to remote] DEBUG org.asynchttpclient.netty.request.NettyRequestSender - Using open Channel [id: 0x0cfc242a, L:/172.17.19.76:58368 - R:hub-cloud.browserstack.com/173.234.104.3:80] for POST '/wd/hub/session/51820b973f64b8f6be08f4533ad7fecf8b31a6bc/timeouts'
12:07:47.887 [AsyncHttpClient-1-2] DEBUG org.asynchttpclient.netty.handler.HttpHandler - 

Request DefaultHttpRequest(decodeResult: success, version: HTTP/1.1)
POST /wd/hub/session/51820b973f64b8f6be08f4533ad7fecf8b31a6bc/timeouts HTTP/1.1
User-Agent: selenium/4.1.3 (java windows)
traceparent: 00-421ddf4a00a9f4d51e6e844267633331-63ab908db65d15a6-01
Content-Length: 19
Content-Type: application/json; charset=utf-8
host: hub-cloud.browserstack.com
authorization: Basic bmd1eW5hbmhkbmdfUUNySERrOm1OVG50OWJnenhBcWJBRVZ3aDZZ
accept: */*

Response DefaultHttpResponse(decodeResult: success, version: HTTP/1.1)
HTTP/1.1 200 OK
Server: nginx
Date: Mon, 09 May 2022 05:07:47 GMT
Content-Type: application/json;charset=utf-8
Connection: keep-alive
Source-From: 02
expires: Thu, 01 Jan 1970 00:00:00 GMT
cache-control: no-cache, no-cache
temp-header: 2030-2500192868-1-1652072867.654-rproxy-core-002-dcp-apse2a-prod.browserstack.com
content-length: 14

12:07:47.888 [AsyncHttpClient-1-2] DEBUG org.asynchttpclient.netty.channel.ChannelManager - Adding key: http://hub-cloud.browserstack.com:80 for channel [id: 0x0cfc242a, L:/172.17.19.76:58368 - R:hub-cloud.browserstack.com/173.234.104.3:80]
12:07:47.895 [Forwarding findElement on session 51820b973f64b8f6be08f4533ad7fecf8b31a6bc to remote] DEBUG org.asynchttpclient.netty.request.NettyRequestSender - Using pooled Channel '[id: 0x0cfc242a, L:/172.17.19.76:58368 - R:hub-cloud.browserstack.com/173.234.104.3:80]' for 'POST' to 'http://nguynanhdng_QCrHDk:mNTnt9bgzxAqbAEVwh6Y@hub-cloud.browserstack.com/wd/hub/session/51820b973f64b8f6be08f4533ad7fecf8b31a6bc/element'
12:07:47.895 [Forwarding findElement on session 51820b973f64b8f6be08f4533ad7fecf8b31a6bc to remote] DEBUG org.asynchttpclient.netty.request.NettyRequestSender - Using open Channel [id: 0x0cfc242a, L:/172.17.19.76:58368 - R:hub-cloud.browserstack.com/173.234.104.3:80] for POST '/wd/hub/session/51820b973f64b8f6be08f4533ad7fecf8b31a6bc/element'
12:07:48.193 [AsyncHttpClient-1-2] DEBUG org.asynchttpclient.netty.handler.HttpHandler - 

Request DefaultHttpRequest(decodeResult: success, version: HTTP/1.1)
POST /wd/hub/session/51820b973f64b8f6be08f4533ad7fecf8b31a6bc/element HTTP/1.1
User-Agent: selenium/4.1.3 (java windows)
traceparent: 00-ef4ec0fca361e44afecf88f38dd04624-aecdb31fcc000e7a-01
Content-Length: 66
Content-Type: application/json; charset=utf-8
host: hub-cloud.browserstack.com
authorization: Basic bmd1eW5hbmhkbmdfUUNySERrOm1OVG50OWJnenhBcWJBRVZ3aDZZ
accept: */*

Response DefaultHttpResponse(decodeResult: success, version: HTTP/1.1)
HTTP/1.1 200 OK
Server: nginx
Date: Mon, 09 May 2022 05:07:48 GMT
Content-Type: application/json;charset=utf-8
Connection: keep-alive
Source-From: 02
expires: Thu, 01 Jan 1970 00:00:00 GMT
cache-control: no-cache, no-cache
temp-header: 3692-5157180258-1-1652072868.015-rproxy-core-001-dcp-apse2a-prod.browserstack.com
content-length: 88

12:07:48.194 [AsyncHttpClient-1-2] DEBUG org.asynchttpclient.netty.channel.ChannelManager - Adding key: http://hub-cloud.browserstack.com:80 for channel [id: 0x0cfc242a, L:/172.17.19.76:58368 - R:hub-cloud.browserstack.com/173.234.104.3:80]
12:07:48.200 [Forwarding setTimeout on session 51820b973f64b8f6be08f4533ad7fecf8b31a6bc to remote] DEBUG org.asynchttpclient.netty.request.NettyRequestSender - Using pooled Channel '[id: 0x0cfc242a, L:/172.17.19.76:58368 - R:hub-cloud.browserstack.com/173.234.104.3:80]' for 'POST' to 'http://nguynanhdng_QCrHDk:mNTnt9bgzxAqbAEVwh6Y@hub-cloud.browserstack.com/wd/hub/session/51820b973f64b8f6be08f4533ad7fecf8b31a6bc/timeouts'
12:07:48.201 [Forwarding setTimeout on session 51820b973f64b8f6be08f4533ad7fecf8b31a6bc to remote] DEBUG org.asynchttpclient.netty.request.NettyRequestSender - Using open Channel [id: 0x0cfc242a, L:/172.17.19.76:58368 - R:hub-cloud.browserstack.com/173.234.104.3:80] for POST '/wd/hub/session/51820b973f64b8f6be08f4533ad7fecf8b31a6bc/timeouts'
12:07:48.473 [AsyncHttpClient-1-2] DEBUG org.asynchttpclient.netty.handler.HttpHandler - 

Request DefaultHttpRequest(decodeResult: success, version: HTTP/1.1)
POST /wd/hub/session/51820b973f64b8f6be08f4533ad7fecf8b31a6bc/timeouts HTTP/1.1
User-Agent: selenium/4.1.3 (java windows)
traceparent: 00-19737d69265a236d97cc7c73a58e32b2-d8e8d3e51780397a-01
Content-Length: 22
Content-Type: application/json; charset=utf-8
host: hub-cloud.browserstack.com
authorization: Basic bmd1eW5hbmhkbmdfUUNySERrOm1OVG50OWJnenhBcWJBRVZ3aDZZ
accept: */*

Response DefaultHttpResponse(decodeResult: success, version: HTTP/1.1)
HTTP/1.1 200 OK
Server: nginx
Date: Mon, 09 May 2022 05:07:48 GMT
Content-Type: application/json;charset=utf-8
Connection: keep-alive
Source-From: 02
expires: Thu, 01 Jan 1970 00:00:00 GMT
cache-control: no-cache, no-cache
temp-header: 3695-5157180326-1-1652072868.301-rproxy-core-001-dcp-apse2a-prod.browserstack.com
content-length: 14

12:07:48.474 [AsyncHttpClient-1-2] DEBUG org.asynchttpclient.netty.channel.ChannelManager - Adding key: http://hub-cloud.browserstack.com:80 for channel [id: 0x0cfc242a, L:/172.17.19.76:58368 - R:hub-cloud.browserstack.com/173.234.104.3:80]
12:07:48.492 [Forwarding isElementDisplayed on session 51820b973f64b8f6be08f4533ad7fecf8b31a6bc to remote] DEBUG org.asynchttpclient.netty.request.NettyRequestSender - Using pooled Channel '[id: 0x0cfc242a, L:/172.17.19.76:58368 - R:hub-cloud.browserstack.com/173.234.104.3:80]' for 'POST' to 'http://nguynanhdng_QCrHDk:mNTnt9bgzxAqbAEVwh6Y@hub-cloud.browserstack.com/wd/hub/session/51820b973f64b8f6be08f4533ad7fecf8b31a6bc/execute/sync'
12:07:48.493 [Forwarding isElementDisplayed on session 51820b973f64b8f6be08f4533ad7fecf8b31a6bc to remote] DEBUG org.asynchttpclient.netty.request.NettyRequestSender - Using open Channel [id: 0x0cfc242a, L:/172.17.19.76:58368 - R:hub-cloud.browserstack.com/173.234.104.3:80] for POST '/wd/hub/session/51820b973f64b8f6be08f4533ad7fecf8b31a6bc/execute/sync'
12:07:48.847 [AsyncHttpClient-1-2] DEBUG org.asynchttpclient.netty.handler.HttpHandler - 

Request DefaultHttpRequest(decodeResult: success, version: HTTP/1.1)
POST /wd/hub/session/51820b973f64b8f6be08f4533ad7fecf8b31a6bc/execute/sync HTTP/1.1
User-Agent: selenium/4.1.3 (java windows)
traceparent: 00-8b10cefc97f9bb480e7572c72554a222-9ae6876593e20dee-01
Content-Length: 48780
Content-Type: application/json; charset=utf-8
host: hub-cloud.browserstack.com
authorization: Basic bmd1eW5hbmhkbmdfUUNySERrOm1OVG50OWJnenhBcWJBRVZ3aDZZ
accept: */*

Response DefaultHttpResponse(decodeResult: success, version: HTTP/1.1)
HTTP/1.1 200 OK
Server: nginx
Date: Mon, 09 May 2022 05:07:48 GMT
Content-Type: application/json;charset=utf-8
Connection: keep-alive
Source-From: 02
expires: Thu, 01 Jan 1970 00:00:00 GMT
cache-control: no-cache, no-cache
temp-header: 3694-5157180396-1-1652072868.631-rproxy-core-001-dcp-apse2a-prod.browserstack.com
content-length: 14

12:07:48.848 [AsyncHttpClient-1-2] DEBUG org.asynchttpclient.netty.channel.ChannelManager - Adding key: http://hub-cloud.browserstack.com:80 for channel [id: 0x0cfc242a, L:/172.17.19.76:58368 - R:hub-cloud.browserstack.com/173.234.104.3:80]
12:07:48.858 [Forwarding clearElement on session 51820b973f64b8f6be08f4533ad7fecf8b31a6bc to remote] DEBUG org.asynchttpclient.netty.request.NettyRequestSender - Using pooled Channel '[id: 0x0cfc242a, L:/172.17.19.76:58368 - R:hub-cloud.browserstack.com/173.234.104.3:80]' for 'POST' to 'http://nguynanhdng_QCrHDk:mNTnt9bgzxAqbAEVwh6Y@hub-cloud.browserstack.com/wd/hub/session/51820b973f64b8f6be08f4533ad7fecf8b31a6bc/element/0d623494-3145-4b3a-a6e5-91ef49ecbfa1/clear'
12:07:48.859 [Forwarding clearElement on session 51820b973f64b8f6be08f4533ad7fecf8b31a6bc to remote] DEBUG org.asynchttpclient.netty.request.NettyRequestSender - Using open Channel [id: 0x0cfc242a, L:/172.17.19.76:58368 - R:hub-cloud.browserstack.com/173.234.104.3:80] for POST '/wd/hub/session/51820b973f64b8f6be08f4533ad7fecf8b31a6bc/element/0d623494-3145-4b3a-a6e5-91ef49ecbfa1/clear'
12:07:49.207 [AsyncHttpClient-1-2] DEBUG org.asynchttpclient.netty.handler.HttpHandler - 

Request DefaultHttpRequest(decodeResult: success, version: HTTP/1.1)
POST /wd/hub/session/51820b973f64b8f6be08f4533ad7fecf8b31a6bc/element/0d623494-3145-4b3a-a6e5-91ef49ecbfa1/clear HTTP/1.1
User-Agent: selenium/4.1.3 (java windows)
traceparent: 00-c9c989df62498b3c7a7fdb7ab97d53dc-e4375a2ca93cbfa7-01
Content-Length: 50
Content-Type: application/json; charset=utf-8
host: hub-cloud.browserstack.com
authorization: Basic bmd1eW5hbmhkbmdfUUNySERrOm1OVG50OWJnenhBcWJBRVZ3aDZZ
accept: */*

Response DefaultHttpResponse(decodeResult: success, version: HTTP/1.1)
HTTP/1.1 200 OK
Server: nginx
Date: Mon, 09 May 2022 05:07:48 GMT
Content-Type: application/json;charset=utf-8
Connection: keep-alive
Source-From: 02
expires: Thu, 01 Jan 1970 00:00:00 GMT
cache-control: no-cache, no-cache
temp-header: 2029-2500193154-1-1652072868.987-rproxy-core-002-dcp-apse2a-prod.browserstack.com
content-length: 14

12:07:49.208 [AsyncHttpClient-1-2] DEBUG org.asynchttpclient.netty.channel.ChannelManager - Adding key: http://hub-cloud.browserstack.com:80 for channel [id: 0x0cfc242a, L:/172.17.19.76:58368 - R:hub-cloud.browserstack.com/173.234.104.3:80]
12:07:49.215 [Forwarding sendKeysToElement on session 51820b973f64b8f6be08f4533ad7fecf8b31a6bc to remote] DEBUG org.asynchttpclient.netty.request.NettyRequestSender - Using pooled Channel '[id: 0x0cfc242a, L:/172.17.19.76:58368 - R:hub-cloud.browserstack.com/173.234.104.3:80]' for 'POST' to 'http://nguynanhdng_QCrHDk:mNTnt9bgzxAqbAEVwh6Y@hub-cloud.browserstack.com/wd/hub/session/51820b973f64b8f6be08f4533ad7fecf8b31a6bc/element/0d623494-3145-4b3a-a6e5-91ef49ecbfa1/value'
12:07:49.215 [Forwarding sendKeysToElement on session 51820b973f64b8f6be08f4533ad7fecf8b31a6bc to remote] DEBUG org.asynchttpclient.netty.request.NettyRequestSender - Using open Channel [id: 0x0cfc242a, L:/172.17.19.76:58368 - R:hub-cloud.browserstack.com/173.234.104.3:80] for POST '/wd/hub/session/51820b973f64b8f6be08f4533ad7fecf8b31a6bc/element/0d623494-3145-4b3a-a6e5-91ef49ecbfa1/value'
12:07:49.554 [AsyncHttpClient-1-2] DEBUG org.asynchttpclient.netty.handler.HttpHandler - 

Request DefaultHttpRequest(decodeResult: success, version: HTTP/1.1)
POST /wd/hub/session/51820b973f64b8f6be08f4533ad7fecf8b31a6bc/element/0d623494-3145-4b3a-a6e5-91ef49ecbfa1/value HTTP/1.1
User-Agent: selenium/4.1.3 (java windows)
traceparent: 00-07f271989d3438de4d64436d75e810dc-d9f5e426e00b768b-01
Content-Length: 151
Content-Type: application/json; charset=utf-8
host: hub-cloud.browserstack.com
authorization: Basic bmd1eW5hbmhkbmdfUUNySERrOm1OVG50OWJnenhBcWJBRVZ3aDZZ
accept: */*

Response DefaultHttpResponse(decodeResult: success, version: HTTP/1.1)
HTTP/1.1 200 OK
Server: nginx
Date: Mon, 09 May 2022 05:07:49 GMT
Content-Type: application/json;charset=utf-8
Connection: keep-alive
Source-From: 02
expires: Thu, 01 Jan 1970 00:00:00 GMT
cache-control: no-cache, no-cache
temp-header: 2034-2500193238-1-1652072869.386-rproxy-core-002-dcp-apse2a-prod.browserstack.com
content-length: 14

12:07:49.555 [AsyncHttpClient-1-2] DEBUG org.asynchttpclient.netty.channel.ChannelManager - Adding key: http://hub-cloud.browserstack.com:80 for channel [id: 0x0cfc242a, L:/172.17.19.76:58368 - R:hub-cloud.browserstack.com/173.234.104.3:80]
12:07:49.571 [Forwarding setTimeout on session 51820b973f64b8f6be08f4533ad7fecf8b31a6bc to remote] DEBUG org.asynchttpclient.netty.request.NettyRequestSender - Using pooled Channel '[id: 0x0cfc242a, L:/172.17.19.76:58368 - R:hub-cloud.browserstack.com/173.234.104.3:80]' for 'POST' to 'http://nguynanhdng_QCrHDk:mNTnt9bgzxAqbAEVwh6Y@hub-cloud.browserstack.com/wd/hub/session/51820b973f64b8f6be08f4533ad7fecf8b31a6bc/timeouts'
12:07:49.571 [Forwarding setTimeout on session 51820b973f64b8f6be08f4533ad7fecf8b31a6bc to remote] DEBUG org.asynchttpclient.netty.request.NettyRequestSender - Using open Channel [id: 0x0cfc242a, L:/172.17.19.76:58368 - R:hub-cloud.browserstack.com/173.234.104.3:80] for POST '/wd/hub/session/51820b973f64b8f6be08f4533ad7fecf8b31a6bc/timeouts'
12:07:49.846 [AsyncHttpClient-1-2] DEBUG org.asynchttpclient.netty.handler.HttpHandler - 

Request DefaultHttpRequest(decodeResult: success, version: HTTP/1.1)
POST /wd/hub/session/51820b973f64b8f6be08f4533ad7fecf8b31a6bc/timeouts HTTP/1.1
User-Agent: selenium/4.1.3 (java windows)
traceparent: 00-c12795c98ccf9694481eaf0da6b99bd4-599265afab1595d0-01
Content-Length: 19
Content-Type: application/json; charset=utf-8
host: hub-cloud.browserstack.com
authorization: Basic bmd1eW5hbmhkbmdfUUNySERrOm1OVG50OWJnenhBcWJBRVZ3aDZZ
accept: */*

Response DefaultHttpResponse(decodeResult: success, version: HTTP/1.1)
HTTP/1.1 200 OK
Server: nginx
Date: Mon, 09 May 2022 05:07:49 GMT
Content-Type: application/json;charset=utf-8
Connection: keep-alive
Source-From: 02
expires: Thu, 01 Jan 1970 00:00:00 GMT
cache-control: no-cache, no-cache
temp-header: 3698-5157180594-1-1652072869.672-rproxy-core-001-dcp-apse2a-prod.browserstack.com
content-length: 14

12:07:49.847 [AsyncHttpClient-1-2] DEBUG org.asynchttpclient.netty.channel.ChannelManager - Adding key: http://hub-cloud.browserstack.com:80 for channel [id: 0x0cfc242a, L:/172.17.19.76:58368 - R:hub-cloud.browserstack.com/173.234.104.3:80]
12:07:49.853 [Forwarding findElement on session 51820b973f64b8f6be08f4533ad7fecf8b31a6bc to remote] DEBUG org.asynchttpclient.netty.request.NettyRequestSender - Using pooled Channel '[id: 0x0cfc242a, L:/172.17.19.76:58368 - R:hub-cloud.browserstack.com/173.234.104.3:80]' for 'POST' to 'http://nguynanhdng_QCrHDk:mNTnt9bgzxAqbAEVwh6Y@hub-cloud.browserstack.com/wd/hub/session/51820b973f64b8f6be08f4533ad7fecf8b31a6bc/element'
12:07:49.854 [Forwarding findElement on session 51820b973f64b8f6be08f4533ad7fecf8b31a6bc to remote] DEBUG org.asynchttpclient.netty.request.NettyRequestSender - Using open Channel [id: 0x0cfc242a, L:/172.17.19.76:58368 - R:hub-cloud.browserstack.com/173.234.104.3:80] for POST '/wd/hub/session/51820b973f64b8f6be08f4533ad7fecf8b31a6bc/element'
12:07:50.295 [AsyncHttpClient-1-2] DEBUG org.asynchttpclient.netty.handler.HttpHandler - 

Request DefaultHttpRequest(decodeResult: success, version: HTTP/1.1)
POST /wd/hub/session/51820b973f64b8f6be08f4533ad7fecf8b31a6bc/element HTTP/1.1
User-Agent: selenium/4.1.3 (java windows)
traceparent: 00-cd1efb78eca5dc5ead1f4aab035e93f4-ee6502799a6b723c-01
Content-Length: 64
Content-Type: application/json; charset=utf-8
host: hub-cloud.browserstack.com
authorization: Basic bmd1eW5hbmhkbmdfUUNySERrOm1OVG50OWJnenhBcWJBRVZ3aDZZ
accept: */*

Response DefaultHttpResponse(decodeResult: success, version: HTTP/1.1)
HTTP/1.1 200 OK
Server: nginx
Date: Mon, 09 May 2022 05:07:49 GMT
Content-Type: application/json;charset=utf-8
Connection: keep-alive
Source-From: 02
expires: Thu, 01 Jan 1970 00:00:00 GMT
cache-control: no-cache, no-cache
temp-header: 2030-2500193393-1-1652072869.971-rproxy-core-002-dcp-apse2a-prod.browserstack.com
content-length: 88

12:07:50.297 [AsyncHttpClient-1-2] DEBUG org.asynchttpclient.netty.channel.ChannelManager - Adding key: http://hub-cloud.browserstack.com:80 for channel [id: 0x0cfc242a, L:/172.17.19.76:58368 - R:hub-cloud.browserstack.com/173.234.104.3:80]
12:07:50.301 [Forwarding setTimeout on session 51820b973f64b8f6be08f4533ad7fecf8b31a6bc to remote] DEBUG org.asynchttpclient.netty.request.NettyRequestSender - Using pooled Channel '[id: 0x0cfc242a, L:/172.17.19.76:58368 - R:hub-cloud.browserstack.com/173.234.104.3:80]' for 'POST' to 'http://nguynanhdng_QCrHDk:mNTnt9bgzxAqbAEVwh6Y@hub-cloud.browserstack.com/wd/hub/session/51820b973f64b8f6be08f4533ad7fecf8b31a6bc/timeouts'
12:07:50.301 [Forwarding setTimeout on session 51820b973f64b8f6be08f4533ad7fecf8b31a6bc to remote] DEBUG org.asynchttpclient.netty.request.NettyRequestSender - Using open Channel [id: 0x0cfc242a, L:/172.17.19.76:58368 - R:hub-cloud.browserstack.com/173.234.104.3:80] for POST '/wd/hub/session/51820b973f64b8f6be08f4533ad7fecf8b31a6bc/timeouts'
12:07:50.626 [AsyncHttpClient-1-2] DEBUG org.asynchttpclient.netty.handler.HttpHandler - 

Request DefaultHttpRequest(decodeResult: success, version: HTTP/1.1)
POST /wd/hub/session/51820b973f64b8f6be08f4533ad7fecf8b31a6bc/timeouts HTTP/1.1
User-Agent: selenium/4.1.3 (java windows)
traceparent: 00-e2b361a3304278bddacc808adaefc568-7f8bca3051cecd57-01
Content-Length: 22
Content-Type: application/json; charset=utf-8
host: hub-cloud.browserstack.com
authorization: Basic bmd1eW5hbmhkbmdfUUNySERrOm1OVG50OWJnenhBcWJBRVZ3aDZZ
accept: */*

Response DefaultHttpResponse(decodeResult: success, version: HTTP/1.1)
HTTP/1.1 200 OK
Server: nginx
Date: Mon, 09 May 2022 05:07:50 GMT
Content-Type: application/json;charset=utf-8
Connection: keep-alive
Source-From: 02
expires: Thu, 01 Jan 1970 00:00:00 GMT
cache-control: no-cache, no-cache
temp-header: 3700-5157180730-1-1652072870.416-rproxy-core-001-dcp-apse2a-prod.browserstack.com
content-length: 14

12:07:50.628 [AsyncHttpClient-1-2] DEBUG org.asynchttpclient.netty.channel.ChannelManager - Adding key: http://hub-cloud.browserstack.com:80 for channel [id: 0x0cfc242a, L:/172.17.19.76:58368 - R:hub-cloud.browserstack.com/173.234.104.3:80]
12:07:50.640 [Forwarding isElementDisplayed on session 51820b973f64b8f6be08f4533ad7fecf8b31a6bc to remote] DEBUG org.asynchttpclient.netty.request.NettyRequestSender - Using pooled Channel '[id: 0x0cfc242a, L:/172.17.19.76:58368 - R:hub-cloud.browserstack.com/173.234.104.3:80]' for 'POST' to 'http://nguynanhdng_QCrHDk:mNTnt9bgzxAqbAEVwh6Y@hub-cloud.browserstack.com/wd/hub/session/51820b973f64b8f6be08f4533ad7fecf8b31a6bc/execute/sync'
12:07:50.641 [Forwarding isElementDisplayed on session 51820b973f64b8f6be08f4533ad7fecf8b31a6bc to remote] DEBUG org.asynchttpclient.netty.request.NettyRequestSender - Using open Channel [id: 0x0cfc242a, L:/172.17.19.76:58368 - R:hub-cloud.browserstack.com/173.234.104.3:80] for POST '/wd/hub/session/51820b973f64b8f6be08f4533ad7fecf8b31a6bc/execute/sync'
12:07:50.925 [AsyncHttpClient-1-2] DEBUG org.asynchttpclient.netty.handler.HttpHandler - 

Request DefaultHttpRequest(decodeResult: success, version: HTTP/1.1)
POST /wd/hub/session/51820b973f64b8f6be08f4533ad7fecf8b31a6bc/execute/sync HTTP/1.1
User-Agent: selenium/4.1.3 (java windows)
traceparent: 00-145bbcc6add236d00863aed2e1816bae-17866a0a5cefb5ef-01
Content-Length: 48780
Content-Type: application/json; charset=utf-8
host: hub-cloud.browserstack.com
authorization: Basic bmd1eW5hbmhkbmdfUUNySERrOm1OVG50OWJnenhBcWJBRVZ3aDZZ
accept: */*

Response DefaultHttpResponse(decodeResult: success, version: HTTP/1.1)
HTTP/1.1 200 OK
Server: nginx
Date: Mon, 09 May 2022 05:07:50 GMT
Content-Type: application/json;charset=utf-8
Connection: keep-alive
Source-From: 02
expires: Thu, 01 Jan 1970 00:00:00 GMT
cache-control: no-cache, no-cache
temp-header: 2027-2500193646-1-1652072870.759-rproxy-core-002-dcp-apse2a-prod.browserstack.com
content-length: 14

12:07:50.926 [AsyncHttpClient-1-2] DEBUG org.asynchttpclient.netty.channel.ChannelManager - Adding key: http://hub-cloud.browserstack.com:80 for channel [id: 0x0cfc242a, L:/172.17.19.76:58368 - R:hub-cloud.browserstack.com/173.234.104.3:80]
12:07:50.940 [Forwarding getElementTagName on session 51820b973f64b8f6be08f4533ad7fecf8b31a6bc to remote] DEBUG org.asynchttpclient.netty.request.NettyRequestSender - Using pooled Channel '[id: 0x0cfc242a, L:/172.17.19.76:58368 - R:hub-cloud.browserstack.com/173.234.104.3:80]' for 'GET' to 'http://nguynanhdng_QCrHDk:mNTnt9bgzxAqbAEVwh6Y@hub-cloud.browserstack.com/wd/hub/session/51820b973f64b8f6be08f4533ad7fecf8b31a6bc/element/d4fe0fba-f4be-484b-848a-2e3922747117/name'
12:07:50.940 [Forwarding getElementTagName on session 51820b973f64b8f6be08f4533ad7fecf8b31a6bc to remote] DEBUG org.asynchttpclient.netty.request.NettyRequestSender - Using open Channel [id: 0x0cfc242a, L:/172.17.19.76:58368 - R:hub-cloud.browserstack.com/173.234.104.3:80] for GET '/wd/hub/session/51820b973f64b8f6be08f4533ad7fecf8b31a6bc/element/d4fe0fba-f4be-484b-848a-2e3922747117/name'
12:07:51.275 [AsyncHttpClient-1-2] DEBUG org.asynchttpclient.netty.handler.HttpHandler - 

Request DefaultFullHttpRequest(decodeResult: success, version: HTTP/1.1, content: EmptyByteBufBE)
GET /wd/hub/session/51820b973f64b8f6be08f4533ad7fecf8b31a6bc/element/d4fe0fba-f4be-484b-848a-2e3922747117/name HTTP/1.1
User-Agent: selenium/4.1.3 (java windows)
Cache-Control: no-cache
traceparent: 00-2ae85359e9ec51a89230b9447435b10f-c7949bfaf20e2bd0-01
Content-Type: application/json; charset=utf-8
host: hub-cloud.browserstack.com
authorization: Basic bmd1eW5hbmhkbmdfUUNySERrOm1OVG50OWJnenhBcWJBRVZ3aDZZ
accept: */*

Response DefaultHttpResponse(decodeResult: success, version: HTTP/1.1)
HTTP/1.1 200 OK
Server: nginx
Date: Mon, 09 May 2022 05:07:51 GMT
Content-Type: application/json;charset=utf-8
Connection: keep-alive
Source-From: 02
expires: Thu, 01 Jan 1970 00:00:00 GMT
cache-control: no-cache, no-cache
temp-header: 2027-2500193790-1-1652072871.103-rproxy-core-002-dcp-apse2a-prod.browserstack.com
content-length: 17

12:07:51.276 [AsyncHttpClient-1-2] DEBUG org.asynchttpclient.netty.channel.ChannelManager - Adding key: http://hub-cloud.browserstack.com:80 for channel [id: 0x0cfc242a, L:/172.17.19.76:58368 - R:hub-cloud.browserstack.com/173.234.104.3:80]
12:07:51.282 [Forwarding getElementTagName on session 51820b973f64b8f6be08f4533ad7fecf8b31a6bc to remote] DEBUG org.asynchttpclient.netty.request.NettyRequestSender - Using pooled Channel '[id: 0x0cfc242a, L:/172.17.19.76:58368 - R:hub-cloud.browserstack.com/173.234.104.3:80]' for 'GET' to 'http://nguynanhdng_QCrHDk:mNTnt9bgzxAqbAEVwh6Y@hub-cloud.browserstack.com/wd/hub/session/51820b973f64b8f6be08f4533ad7fecf8b31a6bc/element/d4fe0fba-f4be-484b-848a-2e3922747117/name'
12:07:51.282 [Forwarding getElementTagName on session 51820b973f64b8f6be08f4533ad7fecf8b31a6bc to remote] DEBUG org.asynchttpclient.netty.request.NettyRequestSender - Using open Channel [id: 0x0cfc242a, L:/172.17.19.76:58368 - R:hub-cloud.browserstack.com/173.234.104.3:80] for GET '/wd/hub/session/51820b973f64b8f6be08f4533ad7fecf8b31a6bc/element/d4fe0fba-f4be-484b-848a-2e3922747117/name'
12:07:51.558 [AsyncHttpClient-1-2] DEBUG org.asynchttpclient.netty.handler.HttpHandler - 

Request DefaultFullHttpRequest(decodeResult: success, version: HTTP/1.1, content: EmptyByteBufBE)
GET /wd/hub/session/51820b973f64b8f6be08f4533ad7fecf8b31a6bc/element/d4fe0fba-f4be-484b-848a-2e3922747117/name HTTP/1.1
User-Agent: selenium/4.1.3 (java windows)
Cache-Control: no-cache
traceparent: 00-3576b9bcfb9877728c6c31dea26aa387-e58b7fd9bc9378a5-01
Content-Type: application/json; charset=utf-8
host: hub-cloud.browserstack.com
authorization: Basic bmd1eW5hbmhkbmdfUUNySERrOm1OVG50OWJnenhBcWJBRVZ3aDZZ
accept: */*

Response DefaultHttpResponse(decodeResult: success, version: HTTP/1.1)
HTTP/1.1 200 OK
Server: nginx
Date: Mon, 09 May 2022 05:07:51 GMT
Content-Type: application/json;charset=utf-8
Connection: keep-alive
Source-From: 02
expires: Thu, 01 Jan 1970 00:00:00 GMT
cache-control: no-cache, no-cache
temp-header: 3699-5157180885-1-1652072871.390-rproxy-core-001-dcp-apse2a-prod.browserstack.com
content-length: 17

12:07:51.560 [AsyncHttpClient-1-2] DEBUG org.asynchttpclient.netty.channel.ChannelManager - Adding key: http://hub-cloud.browserstack.com:80 for channel [id: 0x0cfc242a, L:/172.17.19.76:58368 - R:hub-cloud.browserstack.com/173.234.104.3:80]
12:07:51.567 [Forwarding isElementEnabled on session 51820b973f64b8f6be08f4533ad7fecf8b31a6bc to remote] DEBUG org.asynchttpclient.netty.request.NettyRequestSender - Using pooled Channel '[id: 0x0cfc242a, L:/172.17.19.76:58368 - R:hub-cloud.browserstack.com/173.234.104.3:80]' for 'GET' to 'http://nguynanhdng_QCrHDk:mNTnt9bgzxAqbAEVwh6Y@hub-cloud.browserstack.com/wd/hub/session/51820b973f64b8f6be08f4533ad7fecf8b31a6bc/element/d4fe0fba-f4be-484b-848a-2e3922747117/enabled'
12:07:51.568 [Forwarding isElementEnabled on session 51820b973f64b8f6be08f4533ad7fecf8b31a6bc to remote] DEBUG org.asynchttpclient.netty.request.NettyRequestSender - Using open Channel [id: 0x0cfc242a, L:/172.17.19.76:58368 - R:hub-cloud.browserstack.com/173.234.104.3:80] for GET '/wd/hub/session/51820b973f64b8f6be08f4533ad7fecf8b31a6bc/element/d4fe0fba-f4be-484b-848a-2e3922747117/enabled'
12:07:51.885 [AsyncHttpClient-1-2] DEBUG org.asynchttpclient.netty.handler.HttpHandler - 

Request DefaultFullHttpRequest(decodeResult: success, version: HTTP/1.1, content: EmptyByteBufBE)
GET /wd/hub/session/51820b973f64b8f6be08f4533ad7fecf8b31a6bc/element/d4fe0fba-f4be-484b-848a-2e3922747117/enabled HTTP/1.1
User-Agent: selenium/4.1.3 (java windows)
Cache-Control: no-cache
traceparent: 00-47422cbd9f891920a76daebcd9ea22d2-1231d39f9329bc4c-01
Content-Type: application/json; charset=utf-8
host: hub-cloud.browserstack.com
authorization: Basic bmd1eW5hbmhkbmdfUUNySERrOm1OVG50OWJnenhBcWJBRVZ3aDZZ
accept: */*

Response DefaultHttpResponse(decodeResult: success, version: HTTP/1.1)
HTTP/1.1 200 OK
Server: nginx
Date: Mon, 09 May 2022 05:07:51 GMT
Content-Type: application/json;charset=utf-8
Connection: keep-alive
Source-From: 02
expires: Thu, 01 Jan 1970 00:00:00 GMT
cache-control: no-cache, no-cache
temp-header: 2034-2500193996-1-1652072871.670-rproxy-core-002-dcp-apse2a-prod.browserstack.com
content-length: 14

12:07:51.886 [AsyncHttpClient-1-2] DEBUG org.asynchttpclient.netty.channel.ChannelManager - Adding key: http://hub-cloud.browserstack.com:80 for channel [id: 0x0cfc242a, L:/172.17.19.76:58368 - R:hub-cloud.browserstack.com/173.234.104.3:80]
12:07:51.890 [Forwarding isElementEnabled on session 51820b973f64b8f6be08f4533ad7fecf8b31a6bc to remote] DEBUG org.asynchttpclient.netty.request.NettyRequestSender - Using pooled Channel '[id: 0x0cfc242a, L:/172.17.19.76:58368 - R:hub-cloud.browserstack.com/173.234.104.3:80]' for 'GET' to 'http://nguynanhdng_QCrHDk:mNTnt9bgzxAqbAEVwh6Y@hub-cloud.browserstack.com/wd/hub/session/51820b973f64b8f6be08f4533ad7fecf8b31a6bc/element/d4fe0fba-f4be-484b-848a-2e3922747117/enabled'
12:07:51.891 [Forwarding isElementEnabled on session 51820b973f64b8f6be08f4533ad7fecf8b31a6bc to remote] DEBUG org.asynchttpclient.netty.request.NettyRequestSender - Using open Channel [id: 0x0cfc242a, L:/172.17.19.76:58368 - R:hub-cloud.browserstack.com/173.234.104.3:80] for GET '/wd/hub/session/51820b973f64b8f6be08f4533ad7fecf8b31a6bc/element/d4fe0fba-f4be-484b-848a-2e3922747117/enabled'
12:07:52.161 [AsyncHttpClient-1-2] DEBUG org.asynchttpclient.netty.handler.HttpHandler - 

Request DefaultFullHttpRequest(decodeResult: success, version: HTTP/1.1, content: EmptyByteBufBE)
GET /wd/hub/session/51820b973f64b8f6be08f4533ad7fecf8b31a6bc/element/d4fe0fba-f4be-484b-848a-2e3922747117/enabled HTTP/1.1
User-Agent: selenium/4.1.3 (java windows)
Cache-Control: no-cache
traceparent: 00-d7ce75f1b033be04d458da922c560820-8a6c0d650496467e-01
Content-Type: application/json; charset=utf-8
host: hub-cloud.browserstack.com
authorization: Basic bmd1eW5hbmhkbmdfUUNySERrOm1OVG50OWJnenhBcWJBRVZ3aDZZ
accept: */*

Response DefaultHttpResponse(decodeResult: success, version: HTTP/1.1)
HTTP/1.1 200 OK
Server: nginx
Date: Mon, 09 May 2022 05:07:51 GMT
Content-Type: application/json;charset=utf-8
Connection: keep-alive
Source-From: 02
expires: Thu, 01 Jan 1970 00:00:00 GMT
cache-control: no-cache, no-cache
temp-header: 2031-2500194100-1-1652072871.996-rproxy-core-002-dcp-apse2a-prod.browserstack.com
content-length: 14

12:07:52.162 [AsyncHttpClient-1-2] DEBUG org.asynchttpclient.netty.channel.ChannelManager - Adding key: http://hub-cloud.browserstack.com:80 for channel [id: 0x0cfc242a, L:/172.17.19.76:58368 - R:hub-cloud.browserstack.com/173.234.104.3:80]
12:07:52.168 [Forwarding clickElement on session 51820b973f64b8f6be08f4533ad7fecf8b31a6bc to remote] DEBUG org.asynchttpclient.netty.request.NettyRequestSender - Using pooled Channel '[id: 0x0cfc242a, L:/172.17.19.76:58368 - R:hub-cloud.browserstack.com/173.234.104.3:80]' for 'POST' to 'http://nguynanhdng_QCrHDk:mNTnt9bgzxAqbAEVwh6Y@hub-cloud.browserstack.com/wd/hub/session/51820b973f64b8f6be08f4533ad7fecf8b31a6bc/element/d4fe0fba-f4be-484b-848a-2e3922747117/click'
12:07:52.169 [Forwarding clickElement on session 51820b973f64b8f6be08f4533ad7fecf8b31a6bc to remote] DEBUG org.asynchttpclient.netty.request.NettyRequestSender - Using open Channel [id: 0x0cfc242a, L:/172.17.19.76:58368 - R:hub-cloud.browserstack.com/173.234.104.3:80] for POST '/wd/hub/session/51820b973f64b8f6be08f4533ad7fecf8b31a6bc/element/d4fe0fba-f4be-484b-848a-2e3922747117/click'
12:07:53.585 [AsyncHttpClient-1-2] DEBUG org.asynchttpclient.netty.handler.HttpHandler - 

Request DefaultHttpRequest(decodeResult: success, version: HTTP/1.1)
POST /wd/hub/session/51820b973f64b8f6be08f4533ad7fecf8b31a6bc/element/d4fe0fba-f4be-484b-848a-2e3922747117/click HTTP/1.1
User-Agent: selenium/4.1.3 (java windows)
traceparent: 00-e9d83931b1096306d45c33104c68f8e7-baa1ba9ee28c3454-01
Content-Length: 50
Content-Type: application/json; charset=utf-8
host: hub-cloud.browserstack.com
authorization: Basic bmd1eW5hbmhkbmdfUUNySERrOm1OVG50OWJnenhBcWJBRVZ3aDZZ
accept: */*

Response DefaultHttpResponse(decodeResult: success, version: HTTP/1.1)
HTTP/1.1 200 OK
Server: nginx
Date: Mon, 09 May 2022 05:07:53 GMT
Content-Type: application/json;charset=utf-8
Connection: keep-alive
Source-From: 02
expires: Thu, 01 Jan 1970 00:00:00 GMT
cache-control: no-cache, no-cache
temp-header: 2034-2500194193-1-1652072873.084-rproxy-core-002-dcp-apse2a-prod.browserstack.com
content-length: 14

12:07:53.586 [AsyncHttpClient-1-2] DEBUG org.asynchttpclient.netty.channel.ChannelManager - Adding key: http://hub-cloud.browserstack.com:80 for channel [id: 0x0cfc242a, L:/172.17.19.76:58368 - R:hub-cloud.browserstack.com/173.234.104.3:80]
12:07:53.603 [main] DEBUG net.thucydides.core.steps.StepInterceptor - STEP DONE: login
  &amp#27;[32mGiven &amp#27;[0m&amp#27;[32mthe user enters the username &amp#27;[0m&amp#27;[32m&amp#27;[1mmngr398793&amp#27;[0m&amp#27;[32m and password &amp#27;[0m&amp#27;[32m&amp#27;[1mzarAqag&amp#27;[0m &amp#27;[90m# cucumber.LoginStepDefs.the_user_enters_the_username_and_password(java.lang.String,java.lang.String)&amp#27;[0m
12:07:53.694 [main] DEBUG net.thucydides.core.steps.StepInterceptor - STARTING STEP: CommonStepDefs.the_user_is_at_page - isAt
12:07:53.707 [Forwarding findElement on session 51820b973f64b8f6be08f4533ad7fecf8b31a6bc to remote] DEBUG org.asynchttpclient.netty.request.NettyRequestSender - Using pooled Channel '[id: 0x0cfc242a, L:/172.17.19.76:58368 - R:hub-cloud.browserstack.com/173.234.104.3:80]' for 'POST' to 'http://nguynanhdng_QCrHDk:mNTnt9bgzxAqbAEVwh6Y@hub-cloud.browserstack.com/wd/hub/session/51820b973f64b8f6be08f4533ad7fecf8b31a6bc/element'
12:07:53.708 [Forwarding findElement on session 51820b973f64b8f6be08f4533ad7fecf8b31a6bc to remote] DEBUG org.asynchttpclient.netty.request.NettyRequestSender - Using open Channel [id: 0x0cfc242a, L:/172.17.19.76:58368 - R:hub-cloud.browserstack.com/173.234.104.3:80] for POST '/wd/hub/session/51820b973f64b8f6be08f4533ad7fecf8b31a6bc/element'
12:07:57.676 [AsyncHttpClient-1-2] DEBUG org.asynchttpclient.netty.handler.HttpHandler - 

Request DefaultHttpRequest(decodeResult: success, version: HTTP/1.1)
POST /wd/hub/session/51820b973f64b8f6be08f4533ad7fecf8b31a6bc/element HTTP/1.1
User-Agent: selenium/4.1.3 (java windows)
traceparent: 00-b4e47fa7100ba3323377c86d4c1c453e-15f39865b55723c4-01
Content-Length: 53
Content-Type: application/json; charset=utf-8
host: hub-cloud.browserstack.com
authorization: Basic bmd1eW5hbmhkbmdfUUNySERrOm1OVG50OWJnenhBcWJBRVZ3aDZZ
accept: */*

Response DefaultHttpResponse(decodeResult: success, version: HTTP/1.1)
HTTP/1.1 404 Not Found
Server: nginx
Date: Mon, 09 May 2022 05:07:57 GMT
Content-Type: application/json;charset=utf-8
Connection: keep-alive
Source-From: 02
expires: Thu, 01 Jan 1970 00:00:00 GMT
cache-control: no-cache, no-cache
content-length: 1008

12:07:57.677 [AsyncHttpClient-1-2] DEBUG org.asynchttpclient.netty.channel.ChannelManager - Adding key: http://hub-cloud.browserstack.com:80 for channel [id: 0x0cfc242a, L:/172.17.19.76:58368 - R:hub-cloud.browserstack.com/173.234.104.3:80]
12:07:58.711 [AsyncHttpClient-1-1] DEBUG org.asynchttpclient.netty.channel.DefaultChannelPool - Entry count for : http://hub-cloud.browserstack.com:80 : 1
12:07:59.814 [main] DEBUG net.serenitybdd.core.photography.Darkroom - Opening darkroom
12:07:59.815 [AsyncHttpClient-1-1] DEBUG org.asynchttpclient.netty.channel.DefaultChannelPool - Entry count for : http://hub-cloud.browserstack.com:80 : 1
12:07:59.816 [Darkroom Processing Line] DEBUG net.serenitybdd.core.photography.DarkroomProcessingLine - Darkroom processing line starting up
12:07:59.818 [Forwarding screenshot on session 51820b973f64b8f6be08f4533ad7fecf8b31a6bc to remote] DEBUG org.asynchttpclient.netty.request.NettyRequestSender - Using pooled Channel '[id: 0x0cfc242a, L:/172.17.19.76:58368 - R:hub-cloud.browserstack.com/173.234.104.3:80]' for 'GET' to 'http://nguynanhdng_QCrHDk:mNTnt9bgzxAqbAEVwh6Y@hub-cloud.browserstack.com/wd/hub/session/51820b973f64b8f6be08f4533ad7fecf8b31a6bc/screenshot'
12:07:59.818 [Forwarding screenshot on session 51820b973f64b8f6be08f4533ad7fecf8b31a6bc to remote] DEBUG org.asynchttpclient.netty.request.NettyRequestSender - Using open Channel [id: 0x0cfc242a, L:/172.17.19.76:58368 - R:hub-cloud.browserstack.com/173.234.104.3:80] for GET '/wd/hub/session/51820b973f64b8f6be08f4533ad7fecf8b31a6bc/screenshot'
12:08:00.263 [AsyncHttpClient-1-2] DEBUG org.asynchttpclient.netty.handler.HttpHandler - 

Request DefaultFullHttpRequest(decodeResult: success, version: HTTP/1.1, content: EmptyByteBufBE)
GET /wd/hub/session/51820b973f64b8f6be08f4533ad7fecf8b31a6bc/screenshot HTTP/1.1
User-Agent: selenium/4.1.3 (java windows)
Cache-Control: no-cache
traceparent: 00-d3f12e26e9eee5d44632e597f8a1d926-318a5f9e8f60ec2a-01
Content-Type: application/json; charset=utf-8
host: hub-cloud.browserstack.com
authorization: Basic bmd1eW5hbmhkbmdfUUNySERrOm1OVG50OWJnenhBcWJBRVZ3aDZZ
accept: */*

Response DefaultHttpResponse(decodeResult: success, version: HTTP/1.1)
HTTP/1.1 200 OK
Server: nginx
Date: Mon, 09 May 2022 05:08:00 GMT
Content-Type: application/json;charset=utf-8
Connection: keep-alive
Source-From: 02
expires: Thu, 01 Jan 1970 00:00:00 GMT
cache-control: no-cache, no-cache
temp-header: 3694-5157182125-1-1652072880.082-rproxy-core-001-dcp-apse2a-prod.browserstack.com
content-length: 70968

12:08:01.449 [AsyncHttpClient-1-2] DEBUG org.asynchttpclient.netty.channel.ChannelManager - Adding key: http://hub-cloud.browserstack.com:80 for channel [id: 0x0cfc242a, L:/172.17.19.76:58368 - R:hub-cloud.browserstack.com/173.234.104.3:80]
12:08:01.599 [main] DEBUG net.serenitybdd.core.photography.Darkroom - Send negative for processing for target\site\serenity\306450aeb42992bdd4c303269fcca7585260fa33ff7ee50ec985f5f89cae3378.png
12:08:01.602 [Darkroom Processing Line] DEBUG net.serenitybdd.core.photography.DarkroomProcessingLine - Processing screenshot image in /var/screenshots/screenshot-3224875255582139921
12:08:01.602 [Darkroom Processing Line] DEBUG net.serenitybdd.core.photography.DarkroomProcessingLine - Saving screenshot to target\site\serenity\306450aeb42992bdd4c303269fcca7585260fa33ff7ee50ec985f5f89cae3378.png
12:08:01.607 [Forwarding getPageSource on session 51820b973f64b8f6be08f4533ad7fecf8b31a6bc to remote] DEBUG org.asynchttpclient.netty.request.NettyRequestSender - Using pooled Channel '[id: 0x0cfc242a, L:/172.17.19.76:58368 - R:hub-cloud.browserstack.com/173.234.104.3:80]' for 'POST' to 'http://nguynanhdng_QCrHDk:mNTnt9bgzxAqbAEVwh6Y@hub-cloud.browserstack.com/wd/hub/session/51820b973f64b8f6be08f4533ad7fecf8b31a6bc/execute/sync'
12:08:01.608 [Forwarding getPageSource on session 51820b973f64b8f6be08f4533ad7fecf8b31a6bc to remote] DEBUG org.asynchttpclient.netty.request.NettyRequestSender - Using open Channel [id: 0x0cfc242a, L:/172.17.19.76:58368 - R:hub-cloud.browserstack.com/173.234.104.3:80] for POST '/wd/hub/session/51820b973f64b8f6be08f4533ad7fecf8b31a6bc/execute/sync'
12:08:01.891 [AsyncHttpClient-1-2] DEBUG org.asynchttpclient.netty.handler.HttpHandler - 

Request DefaultHttpRequest(decodeResult: success, version: HTTP/1.1)
POST /wd/hub/session/51820b973f64b8f6be08f4533ad7fecf8b31a6bc/execute/sync HTTP/1.1
User-Agent: selenium/4.1.3 (java windows)
traceparent: 00-35f0372374df4b1f9036f5e824362ab7-fb200bc678699f8c-01
Content-Length: 176
Content-Type: application/json; charset=utf-8
host: hub-cloud.browserstack.com
authorization: Basic bmd1eW5hbmhkbmdfUUNySERrOm1OVG50OWJnenhBcWJBRVZ3aDZZ
accept: */*

Response DefaultHttpResponse(decodeResult: success, version: HTTP/1.1)
HTTP/1.1 200 OK
Server: nginx
Date: Mon, 09 May 2022 05:08:01 GMT
Content-Type: application/json;charset=utf-8
Connection: keep-alive
Source-From: 02
expires: Thu, 01 Jan 1970 00:00:00 GMT
cache-control: no-cache, no-cache
temp-header: 2028-2500196718-1-1652072881.717-rproxy-core-002-dcp-apse2a-prod.browserstack.com
content-length: 21764

12:08:02.128 [AsyncHttpClient-1-2] DEBUG org.asynchttpclient.netty.channel.ChannelManager - Adding key: http://hub-cloud.browserstack.com:80 for channel [id: 0x0cfc242a, L:/172.17.19.76:58368 - R:hub-cloud.browserstack.com/173.234.104.3:80]
12:08:02.356 [Forwarding getCurrentUrl on session 51820b973f64b8f6be08f4533ad7fecf8b31a6bc to remote] DEBUG org.asynchttpclient.netty.request.NettyRequestSender - Using pooled Channel '[id: 0x0cfc242a, L:/172.17.19.76:58368 - R:hub-cloud.browserstack.com/173.234.104.3:80]' for 'GET' to 'http://nguynanhdng_QCrHDk:mNTnt9bgzxAqbAEVwh6Y@hub-cloud.browserstack.com/wd/hub/session/51820b973f64b8f6be08f4533ad7fecf8b31a6bc/url'
12:08:02.356 [Forwarding getCurrentUrl on session 51820b973f64b8f6be08f4533ad7fecf8b31a6bc to remote] DEBUG org.asynchttpclient.netty.request.NettyRequestSender - Using open Channel [id: 0x0cfc242a, L:/172.17.19.76:58368 - R:hub-cloud.browserstack.com/173.234.104.3:80] for GET '/wd/hub/session/51820b973f64b8f6be08f4533ad7fecf8b31a6bc/url'
12:08:02.683 [AsyncHttpClient-1-2] DEBUG org.asynchttpclient.netty.handler.HttpHandler - 

Request DefaultFullHttpRequest(decodeResult: success, version: HTTP/1.1, content: EmptyByteBufBE)
GET /wd/hub/session/51820b973f64b8f6be08f4533ad7fecf8b31a6bc/url HTTP/1.1
User-Agent: selenium/4.1.3 (java windows)
Cache-Control: no-cache
traceparent: 00-5dd341ec89431b391892edafcd22a652-f617010e530d02dc-01
Content-Type: application/json; charset=utf-8
host: hub-cloud.browserstack.com
authorization: Basic bmd1eW5hbmhkbmdfUUNySERrOm1OVG50OWJnenhBcWJBRVZ3aDZZ
accept: */*

Response DefaultHttpResponse(decodeResult: success, version: HTTP/1.1)
HTTP/1.1 200 OK
Server: nginx
Date: Mon, 09 May 2022 05:08:02 GMT
Content-Type: application/json;charset=utf-8
Connection: keep-alive
Source-From: 02
expires: Thu, 01 Jan 1970 00:00:00 GMT
cache-control: no-cache, no-cache
temp-header: 3700-5157182309-1-1652072882.470-rproxy-core-001-dcp-apse2a-prod.browserstack.com
content-length: 61

12:08:02.684 [AsyncHttpClient-1-2] DEBUG org.asynchttpclient.netty.channel.ChannelManager - Adding key: http://hub-cloud.browserstack.com:80 for channel [id: 0x0cfc242a, L:/172.17.19.76:58368 - R:hub-cloud.browserstack.com/173.234.104.3:80]
  &amp#27;[31mThen &amp#27;[0m&amp#27;[31mthe user is at &amp#27;[0m&amp#27;[31m&amp#27;[1m'Home'&amp#27;[0m&amp#27;[31m page&amp#27;[0m                                    &amp#27;[90m# cucumber.CommonStepDefs.the_user_is_at_page(java.lang.String)&amp#27;[0m
      &amp#27;[31morg.openqa.selenium.NoSuchElementException: Timed out after 2 seconds. Element not found
For documentation on this error, please visit: https://selenium.dev/exceptions/#no_such_element
Build info: version: '4.1.3', revision: '7b1ebf28ef'
System info: host: 'LAPDELL-0226', ip: '172.17.19.76', os.name: 'Windows 10', os.arch: 'amd64', os.version: '10.0', java.version: '1.8.0_321'
Driver info: driver.version: unknown
	at net.thucydides.core.annotations.locators.SmartAjaxElementLocator.ajaxFindElement(SmartAjaxElementLocator.java:164)
	at net.thucydides.core.annotations.locators.SmartAjaxElementLocator.findElement(SmartAjaxElementLocator.java:116)
	at net.serenitybdd.core.pages.WebElementResolverByElementLocator.resolveForDriver(WebElementResolverByElementLocator.java:29)
	at net.serenitybdd.core.pages.WebElementFacadeImpl.getResolvedElement(WebElementFacadeImpl.java:189)
	at net.serenitybdd.core.pages.WebElementFacadeImpl.getElement(WebElementFacadeImpl.java:184)
	at net.serenitybdd.core.pages.WebElementFacadeImpl.isDisplayed(WebElementFacadeImpl.java:1291)
	at sun.reflect.NativeMethodAccessorImpl.invoke0(Native Method)
	at sun.reflect.NativeMethodAccessorImpl.invoke(NativeMethodAccessorImpl.java:62)
	at sun.reflect.DelegatingMethodAccessorImpl.invoke(DelegatingMethodAccessorImpl.java:43)
	at java.lang.reflect.Method.invoke(Method.java:498)
	at net.thucydides.core.annotations.locators.AbstractSingleItemHandler.invoke(AbstractSingleItemHandler.java:43)
	at com.sun.proxy.$Proxy56.isDisplayed(Unknown Source)
	at pages.HomePage.isAt(HomePage.java:13)
	at serenity.CommonStepLibraries.isAt(CommonStepLibraries.java:15)
	at serenity.CommonStepLibraries$ByteBuddy$JPtiIQSJ.isAt$accessor$8Er3qU0j(Unknown Source)
	at sun.reflect.NativeMethodAccessorImpl.invoke0(Native Method)
	at sun.reflect.NativeMethodAccessorImpl.invoke(NativeMethodAccessorImpl.java:62)
	at sun.reflect.DelegatingMethodAccessorImpl.invoke(DelegatingMethodAccessorImpl.java:43)
	at java.lang.reflect.Method.invoke(Method.java:498)
	at net.thucydides.core.steps.StepInterceptor.invokeMethod(StepInterceptor.java:503)
	at net.thucydides.core.steps.StepInterceptor.executeTestStepMethod(StepInterceptor.java:483)
	at net.thucydides.core.steps.StepInterceptor.runTestStep(StepInterceptor.java:457)
	at net.thucydides.core.steps.StepInterceptor.runOrSkipMethod(StepInterceptor.java:209)
	at net.thucydides.core.steps.StepInterceptor.testStepResult(StepInterceptor.java:196)
	at net.thucydides.core.steps.StepInterceptor.intercept(StepInterceptor.java:84)
	at net.thucydides.core.steps.ProxyConfiguration$InterceptorDispatcher.intercept(ProxyConfiguration.java:51)
	at serenity.CommonStepLibraries$ByteBuddy$JPtiIQSJ.isAt(Unknown Source)
	at cucumber.CommonStepDefs.the_user_is_at_page(CommonStepDefs.java:15)
	at âœ½.the user is at 'Home' page(file:///D:/Pratice/serenity_homework/src/test/resources/features.login/login_sucess.feature:6)
&amp#27;[0m
]]></system-out>
    <system-err><![CDATA[May 09, 2022 12:07:06 PM org.openqa.selenium.remote.tracing.opentelemetry.OpenTelemetryTracer createTracer
INFO: Using OpenTelemetry for tracing
May 09, 2022 12:07:12 PM org.openqa.selenium.remote.ProtocolHandshake createSession
INFO: Detected dialect: W3C
May 09, 2022 12:07:12 PM org.openqa.selenium.devtools.CdpVersionFinder findNearestMatch
WARNING: Unable to find an exact match for CDP version 101, so returning the closest version found: 99
May 09, 2022 12:07:12 PM org.openqa.selenium.devtools.CdpVersionFinder findNearestMatch
INFO: Found CDP implementation for version 101 of 99
May 09, 2022 12:07:37 PM org.openqa.selenium.devtools.CdpEndpointFinder getCdpEndPoint
WARNING: Unable to connect to determine websocket url: java.net.ConnectException: Connection refused: no further information: localhost/0:0:0:0:0:0:0:1:29426
]]></system-err>
  </testcase>
  <testcase name="user login unsuccessful #1" classname="user login to the page unsuccessful" time="45.513">
    <system-out><![CDATA[12:08:03.118 [AsyncHttpClient-1-1] DEBUG org.asynchttpclient.netty.channel.DefaultChannelPool - Entry count for : http://hub-cloud.browserstack.com:80 : 1
12:08:03.152 [main] ERROR  - &amp#27;[91m
  _____   ___   ___   _____     ___   ___   ___    ___    ___ 
 |_   _| | __| / __| |_   _|   | __| | _ \ | _ \  / _ \  | _ \
   | |   | _|  \__ \   | |     | _|  |   / |   / | (_) | |   /
   |_|   |___| |___/   |_|     |___| |_|_\ |_|_\  \___/  |_|_\

user login successful
---------------------------------------------------------------&amp#27;[0m
12:08:03.158 [main] DEBUG  - RELATED ISSUES: 
12:08:03.162 [main] ERROR  - &amp#27;[91m    Test failed at step: Is at: Home&amp#27;[0m
12:08:03.162 [main] ERROR  - &amp#27;[91m    Timed out after 2 seconds. Element not found&amp#27;[0m
12:08:03.169 [Forwarding quit on session 51820b973f64b8f6be08f4533ad7fecf8b31a6bc to remote] DEBUG org.asynchttpclient.netty.request.NettyRequestSender - Using pooled Channel '[id: 0x0cfc242a, L:/172.17.19.76:58368 - R:hub-cloud.browserstack.com/173.234.104.3:80]' for 'DELETE' to 'http://nguynanhdng_QCrHDk:mNTnt9bgzxAqbAEVwh6Y@hub-cloud.browserstack.com/wd/hub/session/51820b973f64b8f6be08f4533ad7fecf8b31a6bc'
12:08:03.169 [Forwarding quit on session 51820b973f64b8f6be08f4533ad7fecf8b31a6bc to remote] DEBUG org.asynchttpclient.netty.request.NettyRequestSender - Using open Channel [id: 0x0cfc242a, L:/172.17.19.76:58368 - R:hub-cloud.browserstack.com/173.234.104.3:80] for DELETE '/wd/hub/session/51820b973f64b8f6be08f4533ad7fecf8b31a6bc'
12:08:06.686 [AsyncHttpClient-1-2] DEBUG org.asynchttpclient.netty.handler.HttpHandler - 

Request DefaultFullHttpRequest(decodeResult: success, version: HTTP/1.1, content: EmptyByteBufBE)
DELETE /wd/hub/session/51820b973f64b8f6be08f4533ad7fecf8b31a6bc HTTP/1.1
User-Agent: selenium/4.1.3 (java windows)
traceparent: 00-e517faa051fca37c1e85ffc7eb3652df-99f910ae78e6918a-01
Content-Type: application/json; charset=utf-8
host: hub-cloud.browserstack.com
authorization: Basic bmd1eW5hbmhkbmdfUUNySERrOm1OVG50OWJnenhBcWJBRVZ3aDZZ
accept: */*

Response DefaultHttpResponse(decodeResult: success, version: HTTP/1.1)
HTTP/1.1 200 OK
Server: nginx
Date: Mon, 09 May 2022 05:08:06 GMT
Content-Type: application/json; charset=utf-8
Transfer-Encoding: chunked
Connection: keep-alive
Source-From: 02
cache-control: no-cache

12:08:06.687 [AsyncHttpClient-1-2] DEBUG org.asynchttpclient.netty.channel.ChannelManager - Adding key: http://hub-cloud.browserstack.com:80 for channel [id: 0x0cfc242a, L:/172.17.19.76:58368 - R:hub-cloud.browserstack.com/173.234.104.3:80]
12:08:06.695 [main] INFO io.cucumber.core.plugin.SerenityReporter - Running feature from file:///D:/Pratice/serenity_homework/src/test/resources/features.login/login_unsuccess.feature
12:08:06.696 [main] WARN io.cucumber.core.plugin.SerenityReporter - Feature from file:///D:/Pratice/serenity_homework/src/test/resources/features.login/login_unsuccess.feature is not under the 'features' directory. Requirements report will not be correctly generated!
12:08:06.701 [main] DEBUG net.thucydides.core.steps.StepEventBus - Test suite started for story net.thucydides.core.model.Story@d30bc052
12:08:06.702 [main] INFO  - Test Suite Started: user login to the page unsuccessful

@unit
Scenario Outline: user login unsuccessful                          &amp#27;[90m# src/test/resources/features.login/login_unsuccess.feature:9&amp#27;[0m
12:08:06.713 [main] INFO io.cucumber.core.plugin.SerenityReporter - Running feature from file:///D:/Pratice/serenity_homework/src/test/resources/features.login/login_unsuccess.feature
12:08:06.714 [main] WARN io.cucumber.core.plugin.SerenityReporter - Feature from file:///D:/Pratice/serenity_homework/src/test/resources/features.login/login_unsuccess.feature is not under the 'features' directory. Requirements report will not be correctly generated!
12:08:06.717 [main] INFO  - 
  _____   ___   ___   _____     ___   _____     _     ___   _____   ___   ___  
 |_   _| | __| / __| |_   _|   / __| |_   _|   /_\   | _ \ |_   _| | __| |   \ 
   | |   | _|  \__ \   | |     \__ \   | |    / _ \  |   /   | |   | _|  | |) |
   |_|   |___| |___/   |_|     |___/   |_|   /_/ \_\ |_|_\   |_|   |___| |___/ 

user login unsuccessful(user-login-to-the-page-unsuccessful;user-login-unsuccessful)
--------------------------------------------------------------------------------
12:08:06.814 [main] DEBUG io.github.bonigarcia.wdm.cache.ResolutionCache - Resolution chrome=101 in cache (valid until 12:13:55 09/05/2022 ICT)
12:08:06.816 [main] DEBUG io.github.bonigarcia.wdm.cache.ResolutionCache - Resolution chrome101=101.0.4951.41 in cache (valid until 22:55:19 09/05/2022 ICT)
12:08:06.816 [main] INFO io.github.bonigarcia.wdm.WebDriverManager - Using chromedriver 101.0.4951.41 (resolved driver for Chrome 101)
12:08:06.840 [main] DEBUG io.github.bonigarcia.wdm.WebDriverManager - Driver chromedriver 101.0.4951.41 found in cache
12:08:06.842 [main] INFO io.github.bonigarcia.wdm.WebDriverManager - Exporting webdriver.chrome.driver as C:\Users\dung.nguyenanh\.cache\selenium\chromedriver\win32\101.0.4951.41\chromedriver.exe
12:08:07.220 [Forwarding newSession on session null to remote] DEBUG org.asynchttpclient.netty.request.NettyRequestSender - Using pooled Channel '[id: 0x0cfc242a, L:/172.17.19.76:58368 - R:hub-cloud.browserstack.com/173.234.104.3:80]' for 'POST' to 'http://nguynanhdng_QCrHDk:mNTnt9bgzxAqbAEVwh6Y@hub-cloud.browserstack.com/wd/hub/session'
12:08:07.220 [Forwarding newSession on session null to remote] DEBUG org.asynchttpclient.netty.request.NettyRequestSender - Using open Channel [id: 0x0cfc242a, L:/172.17.19.76:58368 - R:hub-cloud.browserstack.com/173.234.104.3:80] for POST '/wd/hub/session'
12:08:12.421 [AsyncHttpClient-1-2] DEBUG org.asynchttpclient.netty.handler.HttpHandler - 

Request DefaultHttpRequest(decodeResult: success, version: HTTP/1.1)
POST /wd/hub/session HTTP/1.1
User-Agent: selenium/4.1.3 (java windows)
traceparent: 00-7dd442349e2594b8b48a99327907fd6c-90f1224d2867d5e2-01
Content-Length: 511
Content-Type: application/json; charset=utf-8
host: hub-cloud.browserstack.com
authorization: Basic bmd1eW5hbmhkbmdfUUNySERrOm1OVG50OWJnenhBcWJBRVZ3aDZZ
accept: */*

Response DefaultHttpResponse(decodeResult: success, version: HTTP/1.1)
HTTP/1.1 200 OK
Server: nginx
Date: Mon, 09 May 2022 05:08:12 GMT
Content-Type: application/json; charset=utf-8
Transfer-Encoding: chunked
Connection: keep-alive
Source-From: 02
cache-control: no-cache

12:08:12.423 [AsyncHttpClient-1-2] DEBUG org.asynchttpclient.netty.channel.ChannelManager - Adding key: http://hub-cloud.browserstack.com:80 for channel [id: 0x0cfc242a, L:/172.17.19.76:58368 - R:hub-cloud.browserstack.com/173.234.104.3:80]
12:08:13.014 [AsyncHttpClient-1-1] DEBUG org.asynchttpclient.netty.channel.DefaultChannelPool - Entry count for : http://hub-cloud.browserstack.com:80 : 1
12:08:14.118 [AsyncHttpClient-1-1] DEBUG org.asynchttpclient.netty.channel.DefaultChannelPool - Entry count for : http://hub-cloud.browserstack.com:80 : 1
12:08:15.212 [AsyncHttpClient-1-1] DEBUG org.asynchttpclient.netty.channel.DefaultChannelPool - Entry count for : http://hub-cloud.browserstack.com:80 : 1
12:08:16.311 [AsyncHttpClient-1-1] DEBUG org.asynchttpclient.netty.channel.DefaultChannelPool - Entry count for : http://hub-cloud.browserstack.com:80 : 1
12:08:16.573 [AsyncHttpClient-1-16] DEBUG org.asynchttpclient.netty.channel.NettyConnectListener - Trying to recover from failing to connect channel [id: 0x534bf9a0] with a retry value of true 
12:08:16.574 [AsyncHttpClient-1-16] DEBUG org.asynchttpclient.netty.request.NettyRequestSender - Trying to recover request DefaultFullHttpRequest(decodeResult: success, version: HTTP/1.1, content: EmptyByteBufBE)
GET /json/version HTTP/1.1
User-Agent: selenium/4.1.3 (java windows)
host: localhost:4482
accept: */*

12:08:17.411 [AsyncHttpClient-1-1] DEBUG org.asynchttpclient.netty.channel.DefaultChannelPool - Entry count for : http://hub-cloud.browserstack.com:80 : 1
12:08:18.515 [AsyncHttpClient-1-1] DEBUG org.asynchttpclient.netty.channel.DefaultChannelPool - Entry count for : http://hub-cloud.browserstack.com:80 : 1
12:08:19.615 [AsyncHttpClient-1-1] DEBUG org.asynchttpclient.netty.channel.DefaultChannelPool - Entry count for : http://hub-cloud.browserstack.com:80 : 1
12:08:20.670 [AsyncHttpClient-1-2] DEBUG org.asynchttpclient.netty.channel.NettyConnectListener - Trying to recover from failing to connect channel [id: 0xee50d6dc] with a retry value of true 
12:08:20.671 [AsyncHttpClient-1-2] DEBUG org.asynchttpclient.netty.request.NettyRequestSender - Trying to recover request DefaultFullHttpRequest(decodeResult: success, version: HTTP/1.1, content: EmptyByteBufBE)
GET /json/version HTTP/1.1
User-Agent: selenium/4.1.3 (java windows)
host: localhost:4482
accept: */*

12:08:20.716 [AsyncHttpClient-1-1] DEBUG org.asynchttpclient.netty.channel.DefaultChannelPool - Entry count for : http://hub-cloud.browserstack.com:80 : 1
12:08:21.812 [AsyncHttpClient-1-1] DEBUG org.asynchttpclient.netty.channel.DefaultChannelPool - Entry count for : http://hub-cloud.browserstack.com:80 : 1
12:08:22.917 [AsyncHttpClient-1-1] DEBUG org.asynchttpclient.netty.channel.DefaultChannelPool - Entry count for : http://hub-cloud.browserstack.com:80 : 1
12:08:24.018 [AsyncHttpClient-1-1] DEBUG org.asynchttpclient.netty.channel.DefaultChannelPool - Entry count for : http://hub-cloud.browserstack.com:80 : 1
12:08:24.764 [AsyncHttpClient-1-4] DEBUG org.asynchttpclient.netty.channel.NettyConnectListener - Trying to recover from failing to connect channel [id: 0xc3a0f3ec] with a retry value of true 
12:08:24.764 [AsyncHttpClient-1-4] DEBUG org.asynchttpclient.netty.request.NettyRequestSender - Trying to recover request DefaultFullHttpRequest(decodeResult: success, version: HTTP/1.1, content: EmptyByteBufBE)
GET /json/version HTTP/1.1
User-Agent: selenium/4.1.3 (java windows)
host: localhost:4482
accept: */*

12:08:25.111 [AsyncHttpClient-1-1] DEBUG org.asynchttpclient.netty.channel.DefaultChannelPool - Entry count for : http://hub-cloud.browserstack.com:80 : 1
12:08:26.211 [AsyncHttpClient-1-1] DEBUG org.asynchttpclient.netty.channel.DefaultChannelPool - Entry count for : http://hub-cloud.browserstack.com:80 : 1
12:08:27.312 [AsyncHttpClient-1-1] DEBUG org.asynchttpclient.netty.channel.DefaultChannelPool - Entry count for : http://hub-cloud.browserstack.com:80 : 1
12:08:28.417 [AsyncHttpClient-1-1] DEBUG org.asynchttpclient.netty.channel.DefaultChannelPool - Entry count for : http://hub-cloud.browserstack.com:80 : 1
12:08:28.866 [AsyncHttpClient-1-6] DEBUG org.asynchttpclient.netty.channel.NettyConnectListener - Trying to recover from failing to connect channel [id: 0x9382d625] with a retry value of true 
12:08:28.868 [AsyncHttpClient-1-6] DEBUG org.asynchttpclient.netty.request.NettyRequestSender - Trying to recover request DefaultFullHttpRequest(decodeResult: success, version: HTTP/1.1, content: EmptyByteBufBE)
GET /json/version HTTP/1.1
User-Agent: selenium/4.1.3 (java windows)
host: localhost:4482
accept: */*

12:08:29.516 [AsyncHttpClient-1-1] DEBUG org.asynchttpclient.netty.channel.DefaultChannelPool - Entry count for : http://hub-cloud.browserstack.com:80 : 1
12:08:30.611 [AsyncHttpClient-1-1] DEBUG org.asynchttpclient.netty.channel.DefaultChannelPool - Entry count for : http://hub-cloud.browserstack.com:80 : 1
12:08:31.711 [AsyncHttpClient-1-1] DEBUG org.asynchttpclient.netty.channel.DefaultChannelPool - Entry count for : http://hub-cloud.browserstack.com:80 : 1
12:08:32.816 [AsyncHttpClient-1-1] DEBUG org.asynchttpclient.netty.channel.DefaultChannelPool - Entry count for : http://hub-cloud.browserstack.com:80 : 1
12:08:32.956 [AsyncHttpClient-1-8] DEBUG org.asynchttpclient.netty.channel.NettyConnectListener - Trying to recover from failing to connect channel [id: 0x05596052] with a retry value of true 
12:08:32.957 [AsyncHttpClient-1-8] DEBUG org.asynchttpclient.netty.request.NettyRequestSender - Trying to recover request DefaultFullHttpRequest(decodeResult: success, version: HTTP/1.1, content: EmptyByteBufBE)
GET /json/version HTTP/1.1
User-Agent: selenium/4.1.3 (java windows)
host: localhost:4482
accept: */*

12:08:33.920 [AsyncHttpClient-1-1] DEBUG org.asynchttpclient.netty.channel.DefaultChannelPool - Entry count for : http://hub-cloud.browserstack.com:80 : 1
12:08:35.012 [AsyncHttpClient-1-1] DEBUG org.asynchttpclient.netty.channel.DefaultChannelPool - Entry count for : http://hub-cloud.browserstack.com:80 : 1
12:08:36.116 [AsyncHttpClient-1-1] DEBUG org.asynchttpclient.netty.channel.DefaultChannelPool - Entry count for : http://hub-cloud.browserstack.com:80 : 1
12:08:37.052 [AsyncHttpClient-1-10] DEBUG org.asynchttpclient.netty.channel.NettyConnectListener - Trying to recover from failing to connect channel [id: 0xfbf14375] with a retry value of false 
12:08:37.053 [AsyncHttpClient-1-10] DEBUG org.asynchttpclient.netty.channel.NettyConnectListener - Failed to recover from connect exception: io.netty.channel.AbstractChannel$AnnotatedConnectException: Connection refused: no further information: localhost/0:0:0:0:0:0:0:1:4482 with channel [id: 0xfbf14375]
12:08:37.053 [AsyncHttpClient-1-10] DEBUG org.asynchttpclient.AsyncCompletionHandler - Connection refused: no further information: localhost/0:0:0:0:0:0:0:1:4482
java.net.ConnectException: Connection refused: no further information: localhost/0:0:0:0:0:0:0:1:4482
	at org.asynchttpclient.netty.channel.NettyConnectListener.onFailure(NettyConnectListener.java:179)
	at org.asynchttpclient.netty.channel.NettyChannelConnector$1.onFailure(NettyChannelConnector.java:108)
	at org.asynchttpclient.netty.SimpleChannelFutureListener.operationComplete(SimpleChannelFutureListener.java:28)
	at org.asynchttpclient.netty.SimpleChannelFutureListener.operationComplete(SimpleChannelFutureListener.java:20)
	at io.netty.util.concurrent.DefaultPromise.notifyListener0(DefaultPromise.java:578)
	at io.netty.util.concurrent.DefaultPromise.notifyListeners0(DefaultPromise.java:571)
	at io.netty.util.concurrent.DefaultPromise.notifyListenersNow(DefaultPromise.java:550)
	at io.netty.util.concurrent.DefaultPromise.notifyListeners(DefaultPromise.java:491)
	at io.netty.util.concurrent.DefaultPromise.setValue0(DefaultPromise.java:616)
	at io.netty.util.concurrent.DefaultPromise.setFailure0(DefaultPromise.java:609)
	at io.netty.util.concurrent.DefaultPromise.tryFailure(DefaultPromise.java:117)
	at io.netty.channel.nio.AbstractNioChannel$AbstractNioUnsafe.fulfillConnectPromise(AbstractNioChannel.java:321)
	at io.netty.channel.nio.AbstractNioChannel$AbstractNioUnsafe.finishConnect(AbstractNioChannel.java:337)
	at io.netty.channel.nio.NioEventLoop.processSelectedKey(NioEventLoop.java:710)
	at io.netty.channel.nio.NioEventLoop.processSelectedKeysOptimized(NioEventLoop.java:658)
	at io.netty.channel.nio.NioEventLoop.processSelectedKeys(NioEventLoop.java:584)
	at io.netty.channel.nio.NioEventLoop.run(NioEventLoop.java:496)
	at io.netty.util.concurrent.SingleThreadEventExecutor$4.run(SingleThreadEventExecutor.java:986)
	at io.netty.util.internal.ThreadExecutorMap$2.run(ThreadExecutorMap.java:74)
	at io.netty.util.concurrent.FastThreadLocalRunnable.run(FastThreadLocalRunnable.java:30)
	at java.lang.Thread.run(Thread.java:750)
Caused by: io.netty.channel.AbstractChannel$AnnotatedConnectException: Connection refused: no further information: localhost/0:0:0:0:0:0:0:1:4482
Caused by: java.net.ConnectException: Connection refused: no further information
	at sun.nio.ch.SocketChannelImpl.checkConnect(Native Method)
	at sun.nio.ch.SocketChannelImpl.finishConnect(SocketChannelImpl.java:715)
	at io.netty.channel.socket.nio.NioSocketChannel.doFinishConnect(NioSocketChannel.java:330)
	at io.netty.channel.nio.AbstractNioChannel$AbstractNioUnsafe.finishConnect(AbstractNioChannel.java:334)
	at io.netty.channel.nio.NioEventLoop.processSelectedKey(NioEventLoop.java:710)
	at io.netty.channel.nio.NioEventLoop.processSelectedKeysOptimized(NioEventLoop.java:658)
	at io.netty.channel.nio.NioEventLoop.processSelectedKeys(NioEventLoop.java:584)
	at io.netty.channel.nio.NioEventLoop.run(NioEventLoop.java:496)
	at io.netty.util.concurrent.SingleThreadEventExecutor$4.run(SingleThreadEventExecutor.java:986)
	at io.netty.util.internal.ThreadExecutorMap$2.run(ThreadExecutorMap.java:74)
	at io.netty.util.concurrent.FastThreadLocalRunnable.run(FastThreadLocalRunnable.java:30)
	at java.lang.Thread.run(Thread.java:750)
12:08:37.079 [Forwarding get on session 6c4657cb1aa1a7910e56123c8d086d97ebbbf03a to remote] DEBUG org.asynchttpclient.netty.request.NettyRequestSender - Using pooled Channel '[id: 0x0cfc242a, L:/172.17.19.76:58368 - R:hub-cloud.browserstack.com/173.234.104.3:80]' for 'POST' to 'http://nguynanhdng_QCrHDk:mNTnt9bgzxAqbAEVwh6Y@hub-cloud.browserstack.com/wd/hub/session/6c4657cb1aa1a7910e56123c8d086d97ebbbf03a/url'
12:08:37.079 [Forwarding get on session 6c4657cb1aa1a7910e56123c8d086d97ebbbf03a to remote] DEBUG org.asynchttpclient.netty.request.NettyRequestSender - Using open Channel [id: 0x0cfc242a, L:/172.17.19.76:58368 - R:hub-cloud.browserstack.com/173.234.104.3:80] for POST '/wd/hub/session/6c4657cb1aa1a7910e56123c8d086d97ebbbf03a/url'
12:08:41.582 [AsyncHttpClient-1-2] DEBUG org.asynchttpclient.netty.handler.HttpHandler - 

Request DefaultHttpRequest(decodeResult: success, version: HTTP/1.1)
POST /wd/hub/session/6c4657cb1aa1a7910e56123c8d086d97ebbbf03a/url HTTP/1.1
User-Agent: selenium/4.1.3 (java windows)
traceparent: 00-c5c4faa6e229218ec8ebcbcf73afd396-c82e698ef19be1bf-01
Content-Length: 94
Content-Type: application/json; charset=utf-8
host: hub-cloud.browserstack.com
authorization: Basic bmd1eW5hbmhkbmdfUUNySERrOm1OVG50OWJnenhBcWJBRVZ3aDZZ
accept: */*

Response DefaultHttpResponse(decodeResult: success, version: HTTP/1.1)
HTTP/1.1 200 OK
Server: nginx
Date: Mon, 09 May 2022 05:08:41 GMT
Content-Type: application/json;charset=utf-8
Connection: keep-alive
Source-From: 02
expires: Thu, 01 Jan 1970 00:00:00 GMT
cache-control: no-cache, no-cache
temp-header: 3695-5157191309-1-1652072921.352-rproxy-core-001-dcp-apse2a-prod.browserstack.com
content-length: 14

12:08:41.583 [AsyncHttpClient-1-2] DEBUG org.asynchttpclient.netty.channel.ChannelManager - Adding key: http://hub-cloud.browserstack.com:80 for channel [id: 0x0cfc242a, L:/172.17.19.76:58368 - R:hub-cloud.browserstack.com/173.234.104.3:80]
12:08:41.587 [Forwarding setTimeout on session 6c4657cb1aa1a7910e56123c8d086d97ebbbf03a to remote] DEBUG org.asynchttpclient.netty.request.NettyRequestSender - Using pooled Channel '[id: 0x0cfc242a, L:/172.17.19.76:58368 - R:hub-cloud.browserstack.com/173.234.104.3:80]' for 'POST' to 'http://nguynanhdng_QCrHDk:mNTnt9bgzxAqbAEVwh6Y@hub-cloud.browserstack.com/wd/hub/session/6c4657cb1aa1a7910e56123c8d086d97ebbbf03a/timeouts'
12:08:41.587 [Forwarding setTimeout on session 6c4657cb1aa1a7910e56123c8d086d97ebbbf03a to remote] DEBUG org.asynchttpclient.netty.request.NettyRequestSender - Using open Channel [id: 0x0cfc242a, L:/172.17.19.76:58368 - R:hub-cloud.browserstack.com/173.234.104.3:80] for POST '/wd/hub/session/6c4657cb1aa1a7910e56123c8d086d97ebbbf03a/timeouts'
12:08:41.866 [AsyncHttpClient-1-2] DEBUG org.asynchttpclient.netty.handler.HttpHandler - 

Request DefaultHttpRequest(decodeResult: success, version: HTTP/1.1)
POST /wd/hub/session/6c4657cb1aa1a7910e56123c8d086d97ebbbf03a/timeouts HTTP/1.1
User-Agent: selenium/4.1.3 (java windows)
traceparent: 00-0344520d9070d052590392dfafb62c62-bc91b565c7dccd60-01
Content-Length: 22
Content-Type: application/json; charset=utf-8
host: hub-cloud.browserstack.com
authorization: Basic bmd1eW5hbmhkbmdfUUNySERrOm1OVG50OWJnenhBcWJBRVZ3aDZZ
accept: */*

Response DefaultHttpResponse(decodeResult: success, version: HTTP/1.1)
HTTP/1.1 200 OK
Server: nginx
Date: Mon, 09 May 2022 05:08:41 GMT
Content-Type: application/json;charset=utf-8
Connection: keep-alive
Source-From: 02
expires: Thu, 01 Jan 1970 00:00:00 GMT
cache-control: no-cache, no-cache
temp-header: 3698-5157192548-1-1652072921.690-rproxy-core-001-dcp-apse2a-prod.browserstack.com
content-length: 14

12:08:41.867 [AsyncHttpClient-1-2] DEBUG org.asynchttpclient.netty.channel.ChannelManager - Adding key: http://hub-cloud.browserstack.com:80 for channel [id: 0x0cfc242a, L:/172.17.19.76:58368 - R:hub-cloud.browserstack.com/173.234.104.3:80]
12:08:41.872 [Forwarding getCurrentUrl on session 6c4657cb1aa1a7910e56123c8d086d97ebbbf03a to remote] DEBUG org.asynchttpclient.netty.request.NettyRequestSender - Using pooled Channel '[id: 0x0cfc242a, L:/172.17.19.76:58368 - R:hub-cloud.browserstack.com/173.234.104.3:80]' for 'GET' to 'http://nguynanhdng_QCrHDk:mNTnt9bgzxAqbAEVwh6Y@hub-cloud.browserstack.com/wd/hub/session/6c4657cb1aa1a7910e56123c8d086d97ebbbf03a/url'
12:08:41.873 [Forwarding getCurrentUrl on session 6c4657cb1aa1a7910e56123c8d086d97ebbbf03a to remote] DEBUG org.asynchttpclient.netty.request.NettyRequestSender - Using open Channel [id: 0x0cfc242a, L:/172.17.19.76:58368 - R:hub-cloud.browserstack.com/173.234.104.3:80] for GET '/wd/hub/session/6c4657cb1aa1a7910e56123c8d086d97ebbbf03a/url'
12:08:42.344 [AsyncHttpClient-1-2] DEBUG org.asynchttpclient.netty.handler.HttpHandler - 

Request DefaultFullHttpRequest(decodeResult: success, version: HTTP/1.1, content: EmptyByteBufBE)
GET /wd/hub/session/6c4657cb1aa1a7910e56123c8d086d97ebbbf03a/url HTTP/1.1
User-Agent: selenium/4.1.3 (java windows)
Cache-Control: no-cache
traceparent: 00-39ffef1d192962e405c965a503b23499-e60bf1d552be845e-01
Content-Type: application/json; charset=utf-8
host: hub-cloud.browserstack.com
authorization: Basic bmd1eW5hbmhkbmdfUUNySERrOm1OVG50OWJnenhBcWJBRVZ3aDZZ
accept: */*

Response DefaultHttpResponse(decodeResult: success, version: HTTP/1.1)
HTTP/1.1 200 OK
Server: nginx
Date: Mon, 09 May 2022 05:08:42 GMT
Content-Type: application/json;charset=utf-8
Connection: keep-alive
Source-From: 02
expires: Thu, 01 Jan 1970 00:00:00 GMT
cache-control: no-cache, no-cache
temp-header: 2031-2500201780-1-1652072922.147-rproxy-core-002-dcp-apse2a-prod.browserstack.com
content-length: 61

12:08:42.344 [AsyncHttpClient-1-2] DEBUG org.asynchttpclient.netty.channel.ChannelManager - Adding key: http://hub-cloud.browserstack.com:80 for channel [id: 0x0cfc242a, L:/172.17.19.76:58368 - R:hub-cloud.browserstack.com/173.234.104.3:80]
12:08:42.347 [Forwarding getCurrentUrl on session 6c4657cb1aa1a7910e56123c8d086d97ebbbf03a to remote] DEBUG org.asynchttpclient.netty.request.NettyRequestSender - Using pooled Channel '[id: 0x0cfc242a, L:/172.17.19.76:58368 - R:hub-cloud.browserstack.com/173.234.104.3:80]' for 'GET' to 'http://nguynanhdng_QCrHDk:mNTnt9bgzxAqbAEVwh6Y@hub-cloud.browserstack.com/wd/hub/session/6c4657cb1aa1a7910e56123c8d086d97ebbbf03a/url'
12:08:42.348 [Forwarding getCurrentUrl on session 6c4657cb1aa1a7910e56123c8d086d97ebbbf03a to remote] DEBUG org.asynchttpclient.netty.request.NettyRequestSender - Using open Channel [id: 0x0cfc242a, L:/172.17.19.76:58368 - R:hub-cloud.browserstack.com/173.234.104.3:80] for GET '/wd/hub/session/6c4657cb1aa1a7910e56123c8d086d97ebbbf03a/url'
12:08:43.218 [AsyncHttpClient-1-2] DEBUG org.asynchttpclient.netty.handler.HttpHandler - 

Request DefaultFullHttpRequest(decodeResult: success, version: HTTP/1.1, content: EmptyByteBufBE)
GET /wd/hub/session/6c4657cb1aa1a7910e56123c8d086d97ebbbf03a/url HTTP/1.1
User-Agent: selenium/4.1.3 (java windows)
Cache-Control: no-cache
traceparent: 00-60dc82c98911a01ee12683757d6c148d-dda21baf89206d31-01
Content-Type: application/json; charset=utf-8
host: hub-cloud.browserstack.com
authorization: Basic bmd1eW5hbmhkbmdfUUNySERrOm1OVG50OWJnenhBcWJBRVZ3aDZZ
accept: */*

Response DefaultHttpResponse(decodeResult: success, version: HTTP/1.1)
HTTP/1.1 200 OK
Server: nginx
Date: Mon, 09 May 2022 05:08:42 GMT
Content-Type: application/json;charset=utf-8
Connection: keep-alive
Source-From: 02
expires: Thu, 01 Jan 1970 00:00:00 GMT
cache-control: no-cache, no-cache
temp-header: 3692-5157192729-1-1652072922.655-rproxy-core-001-dcp-apse2a-prod.browserstack.com
content-length: 61

12:08:43.218 [AsyncHttpClient-1-2] DEBUG org.asynchttpclient.netty.channel.ChannelManager - Adding key: http://hub-cloud.browserstack.com:80 for channel [id: 0x0cfc242a, L:/172.17.19.76:58368 - R:hub-cloud.browserstack.com/173.234.104.3:80]
12:08:43.221 [Forwarding maximizeCurrentWindow on session 6c4657cb1aa1a7910e56123c8d086d97ebbbf03a to remote] DEBUG org.asynchttpclient.netty.request.NettyRequestSender - Using pooled Channel '[id: 0x0cfc242a, L:/172.17.19.76:58368 - R:hub-cloud.browserstack.com/173.234.104.3:80]' for 'POST' to 'http://nguynanhdng_QCrHDk:mNTnt9bgzxAqbAEVwh6Y@hub-cloud.browserstack.com/wd/hub/session/6c4657cb1aa1a7910e56123c8d086d97ebbbf03a/window/maximize'
12:08:43.221 [Forwarding maximizeCurrentWindow on session 6c4657cb1aa1a7910e56123c8d086d97ebbbf03a to remote] DEBUG org.asynchttpclient.netty.request.NettyRequestSender - Using open Channel [id: 0x0cfc242a, L:/172.17.19.76:58368 - R:hub-cloud.browserstack.com/173.234.104.3:80] for POST '/wd/hub/session/6c4657cb1aa1a7910e56123c8d086d97ebbbf03a/window/maximize'
12:08:43.725 [AsyncHttpClient-1-2] DEBUG org.asynchttpclient.netty.handler.HttpHandler - 

Request DefaultHttpRequest(decodeResult: success, version: HTTP/1.1)
POST /wd/hub/session/6c4657cb1aa1a7910e56123c8d086d97ebbbf03a/window/maximize HTTP/1.1
User-Agent: selenium/4.1.3 (java windows)
traceparent: 00-aa119700c29fd360f26796c2e6f1ac83-8d761d509f109df6-01
Content-Length: 3
Content-Type: application/json; charset=utf-8
host: hub-cloud.browserstack.com
authorization: Basic bmd1eW5hbmhkbmdfUUNySERrOm1OVG50OWJnenhBcWJBRVZ3aDZZ
accept: */*

Response DefaultHttpResponse(decodeResult: success, version: HTTP/1.1)
HTTP/1.1 200 OK
Server: nginx
Date: Mon, 09 May 2022 05:08:43 GMT
Content-Type: application/json;charset=utf-8
Connection: keep-alive
Source-From: 02
expires: Thu, 01 Jan 1970 00:00:00 GMT
cache-control: no-cache, no-cache
temp-header: 3694-5157192896-1-1652072923.500-rproxy-core-001-dcp-apse2a-prod.browserstack.com
content-length: 52

12:08:43.725 [AsyncHttpClient-1-2] DEBUG org.asynchttpclient.netty.channel.ChannelManager - Adding key: http://hub-cloud.browserstack.com:80 for channel [id: 0x0cfc242a, L:/172.17.19.76:58368 - R:hub-cloud.browserstack.com/173.234.104.3:80]
12:08:43.745 [main] DEBUG net.thucydides.core.steps.StepInterceptor - STARTING STEP: LoginStepDefs.the_user_enters_the_username_and_password - login
12:08:43.750 [Forwarding setTimeout on session 6c4657cb1aa1a7910e56123c8d086d97ebbbf03a to remote] DEBUG org.asynchttpclient.netty.request.NettyRequestSender - Using pooled Channel '[id: 0x0cfc242a, L:/172.17.19.76:58368 - R:hub-cloud.browserstack.com/173.234.104.3:80]' for 'POST' to 'http://nguynanhdng_QCrHDk:mNTnt9bgzxAqbAEVwh6Y@hub-cloud.browserstack.com/wd/hub/session/6c4657cb1aa1a7910e56123c8d086d97ebbbf03a/timeouts'
12:08:43.750 [Forwarding setTimeout on session 6c4657cb1aa1a7910e56123c8d086d97ebbbf03a to remote] DEBUG org.asynchttpclient.netty.request.NettyRequestSender - Using open Channel [id: 0x0cfc242a, L:/172.17.19.76:58368 - R:hub-cloud.browserstack.com/173.234.104.3:80] for POST '/wd/hub/session/6c4657cb1aa1a7910e56123c8d086d97ebbbf03a/timeouts'
12:08:44.046 [AsyncHttpClient-1-2] DEBUG org.asynchttpclient.netty.handler.HttpHandler - 

Request DefaultHttpRequest(decodeResult: success, version: HTTP/1.1)
POST /wd/hub/session/6c4657cb1aa1a7910e56123c8d086d97ebbbf03a/timeouts HTTP/1.1
User-Agent: selenium/4.1.3 (java windows)
traceparent: 00-0657d07ce3a69693dee0a91148adacd1-25c1c58e3159e4b0-01
Content-Length: 19
Content-Type: application/json; charset=utf-8
host: hub-cloud.browserstack.com
authorization: Basic bmd1eW5hbmhkbmdfUUNySERrOm1OVG50OWJnenhBcWJBRVZ3aDZZ
accept: */*

Response DefaultHttpResponse(decodeResult: success, version: HTTP/1.1)
HTTP/1.1 200 OK
Server: nginx
Date: Mon, 09 May 2022 05:08:43 GMT
Content-Type: application/json;charset=utf-8
Connection: keep-alive
Source-From: 02
expires: Thu, 01 Jan 1970 00:00:00 GMT
cache-control: no-cache, no-cache
temp-header: 2032-2500202006-1-1652072923.859-rproxy-core-002-dcp-apse2a-prod.browserstack.com
content-length: 14

12:08:44.047 [AsyncHttpClient-1-2] DEBUG org.asynchttpclient.netty.channel.ChannelManager - Adding key: http://hub-cloud.browserstack.com:80 for channel [id: 0x0cfc242a, L:/172.17.19.76:58368 - R:hub-cloud.browserstack.com/173.234.104.3:80]
12:08:44.054 [Forwarding findElement on session 6c4657cb1aa1a7910e56123c8d086d97ebbbf03a to remote] DEBUG org.asynchttpclient.netty.request.NettyRequestSender - Using pooled Channel '[id: 0x0cfc242a, L:/172.17.19.76:58368 - R:hub-cloud.browserstack.com/173.234.104.3:80]' for 'POST' to 'http://nguynanhdng_QCrHDk:mNTnt9bgzxAqbAEVwh6Y@hub-cloud.browserstack.com/wd/hub/session/6c4657cb1aa1a7910e56123c8d086d97ebbbf03a/element'
12:08:44.054 [Forwarding findElement on session 6c4657cb1aa1a7910e56123c8d086d97ebbbf03a to remote] DEBUG org.asynchttpclient.netty.request.NettyRequestSender - Using open Channel [id: 0x0cfc242a, L:/172.17.19.76:58368 - R:hub-cloud.browserstack.com/173.234.104.3:80] for POST '/wd/hub/session/6c4657cb1aa1a7910e56123c8d086d97ebbbf03a/element'
12:08:44.333 [AsyncHttpClient-1-2] DEBUG org.asynchttpclient.netty.handler.HttpHandler - 

Request DefaultHttpRequest(decodeResult: success, version: HTTP/1.1)
POST /wd/hub/session/6c4657cb1aa1a7910e56123c8d086d97ebbbf03a/element HTTP/1.1
User-Agent: selenium/4.1.3 (java windows)
traceparent: 00-4d2edbc42ae4d43d2a45df644f61f360-09d2cf04f43c2f38-01
Content-Length: 61
Content-Type: application/json; charset=utf-8
host: hub-cloud.browserstack.com
authorization: Basic bmd1eW5hbmhkbmdfUUNySERrOm1OVG50OWJnenhBcWJBRVZ3aDZZ
accept: */*

Response DefaultHttpResponse(decodeResult: success, version: HTTP/1.1)
HTTP/1.1 200 OK
Server: nginx
Date: Mon, 09 May 2022 05:08:44 GMT
Content-Type: application/json;charset=utf-8
Connection: keep-alive
Source-From: 02
expires: Thu, 01 Jan 1970 00:00:00 GMT
cache-control: no-cache, no-cache
temp-header: 2025-2500202064-1-1652072924.169-rproxy-core-002-dcp-apse2a-prod.browserstack.com
content-length: 88

12:08:44.334 [AsyncHttpClient-1-2] DEBUG org.asynchttpclient.netty.channel.ChannelManager - Adding key: http://hub-cloud.browserstack.com:80 for channel [id: 0x0cfc242a, L:/172.17.19.76:58368 - R:hub-cloud.browserstack.com/173.234.104.3:80]
12:08:44.337 [Forwarding setTimeout on session 6c4657cb1aa1a7910e56123c8d086d97ebbbf03a to remote] DEBUG org.asynchttpclient.netty.request.NettyRequestSender - Using pooled Channel '[id: 0x0cfc242a, L:/172.17.19.76:58368 - R:hub-cloud.browserstack.com/173.234.104.3:80]' for 'POST' to 'http://nguynanhdng_QCrHDk:mNTnt9bgzxAqbAEVwh6Y@hub-cloud.browserstack.com/wd/hub/session/6c4657cb1aa1a7910e56123c8d086d97ebbbf03a/timeouts'
12:08:44.337 [Forwarding setTimeout on session 6c4657cb1aa1a7910e56123c8d086d97ebbbf03a to remote] DEBUG org.asynchttpclient.netty.request.NettyRequestSender - Using open Channel [id: 0x0cfc242a, L:/172.17.19.76:58368 - R:hub-cloud.browserstack.com/173.234.104.3:80] for POST '/wd/hub/session/6c4657cb1aa1a7910e56123c8d086d97ebbbf03a/timeouts'
12:08:44.655 [AsyncHttpClient-1-2] DEBUG org.asynchttpclient.netty.handler.HttpHandler - 

Request DefaultHttpRequest(decodeResult: success, version: HTTP/1.1)
POST /wd/hub/session/6c4657cb1aa1a7910e56123c8d086d97ebbbf03a/timeouts HTTP/1.1
User-Agent: selenium/4.1.3 (java windows)
traceparent: 00-2fe29029db14a5071a6207a308e41ed2-b0ee6ccc41e4aab8-01
Content-Length: 22
Content-Type: application/json; charset=utf-8
host: hub-cloud.browserstack.com
authorization: Basic bmd1eW5hbmhkbmdfUUNySERrOm1OVG50OWJnenhBcWJBRVZ3aDZZ
accept: */*

Response DefaultHttpResponse(decodeResult: success, version: HTTP/1.1)
HTTP/1.1 200 OK
Server: nginx
Date: Mon, 09 May 2022 05:08:44 GMT
Content-Type: application/json;charset=utf-8
Connection: keep-alive
Source-From: 02
expires: Thu, 01 Jan 1970 00:00:00 GMT
cache-control: no-cache, no-cache
temp-header: 2029-2500202096-1-1652072924.432-rproxy-core-002-dcp-apse2a-prod.browserstack.com
content-length: 14

12:08:44.655 [AsyncHttpClient-1-2] DEBUG org.asynchttpclient.netty.channel.ChannelManager - Adding key: http://hub-cloud.browserstack.com:80 for channel [id: 0x0cfc242a, L:/172.17.19.76:58368 - R:hub-cloud.browserstack.com/173.234.104.3:80]
12:08:44.667 [Forwarding isElementDisplayed on session 6c4657cb1aa1a7910e56123c8d086d97ebbbf03a to remote] DEBUG org.asynchttpclient.netty.request.NettyRequestSender - Using pooled Channel '[id: 0x0cfc242a, L:/172.17.19.76:58368 - R:hub-cloud.browserstack.com/173.234.104.3:80]' for 'POST' to 'http://nguynanhdng_QCrHDk:mNTnt9bgzxAqbAEVwh6Y@hub-cloud.browserstack.com/wd/hub/session/6c4657cb1aa1a7910e56123c8d086d97ebbbf03a/execute/sync'
12:08:44.667 [Forwarding isElementDisplayed on session 6c4657cb1aa1a7910e56123c8d086d97ebbbf03a to remote] DEBUG org.asynchttpclient.netty.request.NettyRequestSender - Using open Channel [id: 0x0cfc242a, L:/172.17.19.76:58368 - R:hub-cloud.browserstack.com/173.234.104.3:80] for POST '/wd/hub/session/6c4657cb1aa1a7910e56123c8d086d97ebbbf03a/execute/sync'
12:08:44.962 [AsyncHttpClient-1-2] DEBUG org.asynchttpclient.netty.handler.HttpHandler - 

Request DefaultHttpRequest(decodeResult: success, version: HTTP/1.1)
POST /wd/hub/session/6c4657cb1aa1a7910e56123c8d086d97ebbbf03a/execute/sync HTTP/1.1
User-Agent: selenium/4.1.3 (java windows)
traceparent: 00-d48881dc96d0f85c0a1baa8e8075ab6d-2184f383d5002534-01
Content-Length: 48780
Content-Type: application/json; charset=utf-8
host: hub-cloud.browserstack.com
authorization: Basic bmd1eW5hbmhkbmdfUUNySERrOm1OVG50OWJnenhBcWJBRVZ3aDZZ
accept: */*

Response DefaultHttpResponse(decodeResult: success, version: HTTP/1.1)
HTTP/1.1 200 OK
Server: nginx
Date: Mon, 09 May 2022 05:08:44 GMT
Content-Type: application/json;charset=utf-8
Connection: keep-alive
Source-From: 02
expires: Thu, 01 Jan 1970 00:00:00 GMT
cache-control: no-cache, no-cache
temp-header: 3690-5157193226-1-1652072924.784-rproxy-core-001-dcp-apse2a-prod.browserstack.com
content-length: 14

12:08:44.962 [AsyncHttpClient-1-2] DEBUG org.asynchttpclient.netty.channel.ChannelManager - Adding key: http://hub-cloud.browserstack.com:80 for channel [id: 0x0cfc242a, L:/172.17.19.76:58368 - R:hub-cloud.browserstack.com/173.234.104.3:80]
12:08:44.968 [Forwarding clearElement on session 6c4657cb1aa1a7910e56123c8d086d97ebbbf03a to remote] DEBUG org.asynchttpclient.netty.request.NettyRequestSender - Using pooled Channel '[id: 0x0cfc242a, L:/172.17.19.76:58368 - R:hub-cloud.browserstack.com/173.234.104.3:80]' for 'POST' to 'http://nguynanhdng_QCrHDk:mNTnt9bgzxAqbAEVwh6Y@hub-cloud.browserstack.com/wd/hub/session/6c4657cb1aa1a7910e56123c8d086d97ebbbf03a/element/0e580d06-fde6-4322-a9a2-8621b9985bcc/clear'
12:08:44.968 [Forwarding clearElement on session 6c4657cb1aa1a7910e56123c8d086d97ebbbf03a to remote] DEBUG org.asynchttpclient.netty.request.NettyRequestSender - Using open Channel [id: 0x0cfc242a, L:/172.17.19.76:58368 - R:hub-cloud.browserstack.com/173.234.104.3:80] for POST '/wd/hub/session/6c4657cb1aa1a7910e56123c8d086d97ebbbf03a/element/0e580d06-fde6-4322-a9a2-8621b9985bcc/clear'
12:08:45.273 [AsyncHttpClient-1-2] DEBUG org.asynchttpclient.netty.handler.HttpHandler - 

Request DefaultHttpRequest(decodeResult: success, version: HTTP/1.1)
POST /wd/hub/session/6c4657cb1aa1a7910e56123c8d086d97ebbbf03a/element/0e580d06-fde6-4322-a9a2-8621b9985bcc/clear HTTP/1.1
User-Agent: selenium/4.1.3 (java windows)
traceparent: 00-cfa8f816c815e57da747d99e4aa15120-83685fc757f29c2d-01
Content-Length: 50
Content-Type: application/json; charset=utf-8
host: hub-cloud.browserstack.com
authorization: Basic bmd1eW5hbmhkbmdfUUNySERrOm1OVG50OWJnenhBcWJBRVZ3aDZZ
accept: */*

Response DefaultHttpResponse(decodeResult: success, version: HTTP/1.1)
HTTP/1.1 200 OK
Server: nginx
Date: Mon, 09 May 2022 05:08:45 GMT
Content-Type: application/json;charset=utf-8
Connection: keep-alive
Source-From: 02
expires: Thu, 01 Jan 1970 00:00:00 GMT
cache-control: no-cache, no-cache
temp-header: 2033-2500202202-1-1652072925.100-rproxy-core-002-dcp-apse2a-prod.browserstack.com
content-length: 14

12:08:45.274 [AsyncHttpClient-1-2] DEBUG org.asynchttpclient.netty.channel.ChannelManager - Adding key: http://hub-cloud.browserstack.com:80 for channel [id: 0x0cfc242a, L:/172.17.19.76:58368 - R:hub-cloud.browserstack.com/173.234.104.3:80]
12:08:45.277 [Forwarding sendKeysToElement on session 6c4657cb1aa1a7910e56123c8d086d97ebbbf03a to remote] DEBUG org.asynchttpclient.netty.request.NettyRequestSender - Using pooled Channel '[id: 0x0cfc242a, L:/172.17.19.76:58368 - R:hub-cloud.browserstack.com/173.234.104.3:80]' for 'POST' to 'http://nguynanhdng_QCrHDk:mNTnt9bgzxAqbAEVwh6Y@hub-cloud.browserstack.com/wd/hub/session/6c4657cb1aa1a7910e56123c8d086d97ebbbf03a/element/0e580d06-fde6-4322-a9a2-8621b9985bcc/value'
12:08:45.277 [Forwarding sendKeysToElement on session 6c4657cb1aa1a7910e56123c8d086d97ebbbf03a to remote] DEBUG org.asynchttpclient.netty.request.NettyRequestSender - Using open Channel [id: 0x0cfc242a, L:/172.17.19.76:58368 - R:hub-cloud.browserstack.com/173.234.104.3:80] for POST '/wd/hub/session/6c4657cb1aa1a7910e56123c8d086d97ebbbf03a/element/0e580d06-fde6-4322-a9a2-8621b9985bcc/value'
12:08:45.624 [AsyncHttpClient-1-2] DEBUG org.asynchttpclient.netty.handler.HttpHandler - 

Request DefaultHttpRequest(decodeResult: success, version: HTTP/1.1)
POST /wd/hub/session/6c4657cb1aa1a7910e56123c8d086d97ebbbf03a/element/0e580d06-fde6-4322-a9a2-8621b9985bcc/value HTTP/1.1
User-Agent: selenium/4.1.3 (java windows)
traceparent: 00-38d17398ad45e347be85aa6a2c560e59-afcd88f2ca53e321-01
Content-Length: 181
Content-Type: application/json; charset=utf-8
host: hub-cloud.browserstack.com
authorization: Basic bmd1eW5hbmhkbmdfUUNySERrOm1OVG50OWJnenhBcWJBRVZ3aDZZ
accept: */*

Response DefaultHttpResponse(decodeResult: success, version: HTTP/1.1)
HTTP/1.1 200 OK
Server: nginx
Date: Mon, 09 May 2022 05:08:45 GMT
Content-Type: application/json;charset=utf-8
Connection: keep-alive
Source-From: 02
expires: Thu, 01 Jan 1970 00:00:00 GMT
cache-control: no-cache, no-cache
temp-header: 2033-2500202253-1-1652072925.458-rproxy-core-002-dcp-apse2a-prod.browserstack.com
content-length: 14

12:08:45.624 [AsyncHttpClient-1-2] DEBUG org.asynchttpclient.netty.channel.ChannelManager - Adding key: http://hub-cloud.browserstack.com:80 for channel [id: 0x0cfc242a, L:/172.17.19.76:58368 - R:hub-cloud.browserstack.com/173.234.104.3:80]
12:08:45.632 [Forwarding setTimeout on session 6c4657cb1aa1a7910e56123c8d086d97ebbbf03a to remote] DEBUG org.asynchttpclient.netty.request.NettyRequestSender - Using pooled Channel '[id: 0x0cfc242a, L:/172.17.19.76:58368 - R:hub-cloud.browserstack.com/173.234.104.3:80]' for 'POST' to 'http://nguynanhdng_QCrHDk:mNTnt9bgzxAqbAEVwh6Y@hub-cloud.browserstack.com/wd/hub/session/6c4657cb1aa1a7910e56123c8d086d97ebbbf03a/timeouts'
12:08:45.632 [Forwarding setTimeout on session 6c4657cb1aa1a7910e56123c8d086d97ebbbf03a to remote] DEBUG org.asynchttpclient.netty.request.NettyRequestSender - Using open Channel [id: 0x0cfc242a, L:/172.17.19.76:58368 - R:hub-cloud.browserstack.com/173.234.104.3:80] for POST '/wd/hub/session/6c4657cb1aa1a7910e56123c8d086d97ebbbf03a/timeouts'
12:08:45.955 [AsyncHttpClient-1-2] DEBUG org.asynchttpclient.netty.handler.HttpHandler - 

Request DefaultHttpRequest(decodeResult: success, version: HTTP/1.1)
POST /wd/hub/session/6c4657cb1aa1a7910e56123c8d086d97ebbbf03a/timeouts HTTP/1.1
User-Agent: selenium/4.1.3 (java windows)
traceparent: 00-5984c107d1673decfb3e8bce8691a013-d1696d26cabb2a36-01
Content-Length: 19
Content-Type: application/json; charset=utf-8
host: hub-cloud.browserstack.com
authorization: Basic bmd1eW5hbmhkbmdfUUNySERrOm1OVG50OWJnenhBcWJBRVZ3aDZZ
accept: */*

Response DefaultHttpResponse(decodeResult: success, version: HTTP/1.1)
HTTP/1.1 200 OK
Server: nginx
Date: Mon, 09 May 2022 05:08:45 GMT
Content-Type: application/json;charset=utf-8
Connection: keep-alive
Source-From: 02
expires: Thu, 01 Jan 1970 00:00:00 GMT
cache-control: no-cache, no-cache
temp-header: 3690-5157193451-1-1652072925.726-rproxy-core-001-dcp-apse2a-prod.browserstack.com
content-length: 14

12:08:45.956 [AsyncHttpClient-1-2] DEBUG org.asynchttpclient.netty.channel.ChannelManager - Adding key: http://hub-cloud.browserstack.com:80 for channel [id: 0x0cfc242a, L:/172.17.19.76:58368 - R:hub-cloud.browserstack.com/173.234.104.3:80]
12:08:45.959 [Forwarding findElement on session 6c4657cb1aa1a7910e56123c8d086d97ebbbf03a to remote] DEBUG org.asynchttpclient.netty.request.NettyRequestSender - Using pooled Channel '[id: 0x0cfc242a, L:/172.17.19.76:58368 - R:hub-cloud.browserstack.com/173.234.104.3:80]' for 'POST' to 'http://nguynanhdng_QCrHDk:mNTnt9bgzxAqbAEVwh6Y@hub-cloud.browserstack.com/wd/hub/session/6c4657cb1aa1a7910e56123c8d086d97ebbbf03a/element'
12:08:45.959 [Forwarding findElement on session 6c4657cb1aa1a7910e56123c8d086d97ebbbf03a to remote] DEBUG org.asynchttpclient.netty.request.NettyRequestSender - Using open Channel [id: 0x0cfc242a, L:/172.17.19.76:58368 - R:hub-cloud.browserstack.com/173.234.104.3:80] for POST '/wd/hub/session/6c4657cb1aa1a7910e56123c8d086d97ebbbf03a/element'
12:08:46.294 [AsyncHttpClient-1-2] DEBUG org.asynchttpclient.netty.handler.HttpHandler - 

Request DefaultHttpRequest(decodeResult: success, version: HTTP/1.1)
POST /wd/hub/session/6c4657cb1aa1a7910e56123c8d086d97ebbbf03a/element HTTP/1.1
User-Agent: selenium/4.1.3 (java windows)
traceparent: 00-44178062cb048085ef447bd307509347-51a20494386036d2-01
Content-Length: 66
Content-Type: application/json; charset=utf-8
host: hub-cloud.browserstack.com
authorization: Basic bmd1eW5hbmhkbmdfUUNySERrOm1OVG50OWJnenhBcWJBRVZ3aDZZ
accept: */*

Response DefaultHttpResponse(decodeResult: success, version: HTTP/1.1)
HTTP/1.1 200 OK
Server: nginx
Date: Mon, 09 May 2022 05:08:46 GMT
Content-Type: application/json;charset=utf-8
Connection: keep-alive
Source-From: 02
expires: Thu, 01 Jan 1970 00:00:00 GMT
cache-control: no-cache, no-cache
temp-header: 3697-5157193552-1-1652072926.097-rproxy-core-001-dcp-apse2a-prod.browserstack.com
content-length: 88

12:08:46.295 [AsyncHttpClient-1-2] DEBUG org.asynchttpclient.netty.channel.ChannelManager - Adding key: http://hub-cloud.browserstack.com:80 for channel [id: 0x0cfc242a, L:/172.17.19.76:58368 - R:hub-cloud.browserstack.com/173.234.104.3:80]
12:08:46.298 [Forwarding setTimeout on session 6c4657cb1aa1a7910e56123c8d086d97ebbbf03a to remote] DEBUG org.asynchttpclient.netty.request.NettyRequestSender - Using pooled Channel '[id: 0x0cfc242a, L:/172.17.19.76:58368 - R:hub-cloud.browserstack.com/173.234.104.3:80]' for 'POST' to 'http://nguynanhdng_QCrHDk:mNTnt9bgzxAqbAEVwh6Y@hub-cloud.browserstack.com/wd/hub/session/6c4657cb1aa1a7910e56123c8d086d97ebbbf03a/timeouts'
12:08:46.298 [Forwarding setTimeout on session 6c4657cb1aa1a7910e56123c8d086d97ebbbf03a to remote] DEBUG org.asynchttpclient.netty.request.NettyRequestSender - Using open Channel [id: 0x0cfc242a, L:/172.17.19.76:58368 - R:hub-cloud.browserstack.com/173.234.104.3:80] for POST '/wd/hub/session/6c4657cb1aa1a7910e56123c8d086d97ebbbf03a/timeouts'
12:08:46.580 [AsyncHttpClient-1-2] DEBUG org.asynchttpclient.netty.handler.HttpHandler - 

Request DefaultHttpRequest(decodeResult: success, version: HTTP/1.1)
POST /wd/hub/session/6c4657cb1aa1a7910e56123c8d086d97ebbbf03a/timeouts HTTP/1.1
User-Agent: selenium/4.1.3 (java windows)
traceparent: 00-a1a326176f05272d08986c6a86859cb0-9924a3f4b56ec72f-01
Content-Length: 22
Content-Type: application/json; charset=utf-8
host: hub-cloud.browserstack.com
authorization: Basic bmd1eW5hbmhkbmdfUUNySERrOm1OVG50OWJnenhBcWJBRVZ3aDZZ
accept: */*

Response DefaultHttpResponse(decodeResult: success, version: HTTP/1.1)
HTTP/1.1 200 OK
Server: nginx
Date: Mon, 09 May 2022 05:08:46 GMT
Content-Type: application/json;charset=utf-8
Connection: keep-alive
Source-From: 02
expires: Thu, 01 Jan 1970 00:00:00 GMT
cache-control: no-cache, no-cache
temp-header: 2033-2500202378-1-1652072926.416-rproxy-core-002-dcp-apse2a-prod.browserstack.com
content-length: 14

12:08:46.580 [AsyncHttpClient-1-2] DEBUG org.asynchttpclient.netty.channel.ChannelManager - Adding key: http://hub-cloud.browserstack.com:80 for channel [id: 0x0cfc242a, L:/172.17.19.76:58368 - R:hub-cloud.browserstack.com/173.234.104.3:80]
12:08:46.588 [Forwarding isElementDisplayed on session 6c4657cb1aa1a7910e56123c8d086d97ebbbf03a to remote] DEBUG org.asynchttpclient.netty.request.NettyRequestSender - Using pooled Channel '[id: 0x0cfc242a, L:/172.17.19.76:58368 - R:hub-cloud.browserstack.com/173.234.104.3:80]' for 'POST' to 'http://nguynanhdng_QCrHDk:mNTnt9bgzxAqbAEVwh6Y@hub-cloud.browserstack.com/wd/hub/session/6c4657cb1aa1a7910e56123c8d086d97ebbbf03a/execute/sync'
12:08:46.588 [Forwarding isElementDisplayed on session 6c4657cb1aa1a7910e56123c8d086d97ebbbf03a to remote] DEBUG org.asynchttpclient.netty.request.NettyRequestSender - Using open Channel [id: 0x0cfc242a, L:/172.17.19.76:58368 - R:hub-cloud.browserstack.com/173.234.104.3:80] for POST '/wd/hub/session/6c4657cb1aa1a7910e56123c8d086d97ebbbf03a/execute/sync'
12:08:46.922 [AsyncHttpClient-1-2] DEBUG org.asynchttpclient.netty.handler.HttpHandler - 

Request DefaultHttpRequest(decodeResult: success, version: HTTP/1.1)
POST /wd/hub/session/6c4657cb1aa1a7910e56123c8d086d97ebbbf03a/execute/sync HTTP/1.1
User-Agent: selenium/4.1.3 (java windows)
traceparent: 00-1f42dd4b9440ed05ae3e04a93c15c92d-7d07447e0ed74b99-01
Content-Length: 48780
Content-Type: application/json; charset=utf-8
host: hub-cloud.browserstack.com
authorization: Basic bmd1eW5hbmhkbmdfUUNySERrOm1OVG50OWJnenhBcWJBRVZ3aDZZ
accept: */*

Response DefaultHttpResponse(decodeResult: success, version: HTTP/1.1)
HTTP/1.1 200 OK
Server: nginx
Date: Mon, 09 May 2022 05:08:46 GMT
Content-Type: application/json;charset=utf-8
Connection: keep-alive
Source-From: 02
expires: Thu, 01 Jan 1970 00:00:00 GMT
cache-control: no-cache, no-cache
temp-header: 3691-5157193758-1-1652072926.714-rproxy-core-001-dcp-apse2a-prod.browserstack.com
content-length: 14

12:08:46.923 [AsyncHttpClient-1-2] DEBUG org.asynchttpclient.netty.channel.ChannelManager - Adding key: http://hub-cloud.browserstack.com:80 for channel [id: 0x0cfc242a, L:/172.17.19.76:58368 - R:hub-cloud.browserstack.com/173.234.104.3:80]
12:08:46.928 [Forwarding clearElement on session 6c4657cb1aa1a7910e56123c8d086d97ebbbf03a to remote] DEBUG org.asynchttpclient.netty.request.NettyRequestSender - Using pooled Channel '[id: 0x0cfc242a, L:/172.17.19.76:58368 - R:hub-cloud.browserstack.com/173.234.104.3:80]' for 'POST' to 'http://nguynanhdng_QCrHDk:mNTnt9bgzxAqbAEVwh6Y@hub-cloud.browserstack.com/wd/hub/session/6c4657cb1aa1a7910e56123c8d086d97ebbbf03a/element/a2c39c48-5658-4b2b-a336-feeb411690f1/clear'
12:08:46.928 [Forwarding clearElement on session 6c4657cb1aa1a7910e56123c8d086d97ebbbf03a to remote] DEBUG org.asynchttpclient.netty.request.NettyRequestSender - Using open Channel [id: 0x0cfc242a, L:/172.17.19.76:58368 - R:hub-cloud.browserstack.com/173.234.104.3:80] for POST '/wd/hub/session/6c4657cb1aa1a7910e56123c8d086d97ebbbf03a/element/a2c39c48-5658-4b2b-a336-feeb411690f1/clear'
12:08:47.215 [AsyncHttpClient-1-2] DEBUG org.asynchttpclient.netty.handler.HttpHandler - 

Request DefaultHttpRequest(decodeResult: success, version: HTTP/1.1)
POST /wd/hub/session/6c4657cb1aa1a7910e56123c8d086d97ebbbf03a/element/a2c39c48-5658-4b2b-a336-feeb411690f1/clear HTTP/1.1
User-Agent: selenium/4.1.3 (java windows)
traceparent: 00-ebe3076ac72bcc065a52534935430633-783d0c3f1871ba85-01
Content-Length: 50
Content-Type: application/json; charset=utf-8
host: hub-cloud.browserstack.com
authorization: Basic bmd1eW5hbmhkbmdfUUNySERrOm1OVG50OWJnenhBcWJBRVZ3aDZZ
accept: */*

Response DefaultHttpResponse(decodeResult: success, version: HTTP/1.1)
HTTP/1.1 200 OK
Server: nginx
Date: Mon, 09 May 2022 05:08:47 GMT
Content-Type: application/json;charset=utf-8
Connection: keep-alive
Source-From: 02
expires: Thu, 01 Jan 1970 00:00:00 GMT
cache-control: no-cache, no-cache
temp-header: 3697-5157193827-1-1652072927.048-rproxy-core-001-dcp-apse2a-prod.browserstack.com
content-length: 14

12:08:47.216 [AsyncHttpClient-1-2] DEBUG org.asynchttpclient.netty.channel.ChannelManager - Adding key: http://hub-cloud.browserstack.com:80 for channel [id: 0x0cfc242a, L:/172.17.19.76:58368 - R:hub-cloud.browserstack.com/173.234.104.3:80]
12:08:47.221 [Forwarding sendKeysToElement on session 6c4657cb1aa1a7910e56123c8d086d97ebbbf03a to remote] DEBUG org.asynchttpclient.netty.request.NettyRequestSender - Using pooled Channel '[id: 0x0cfc242a, L:/172.17.19.76:58368 - R:hub-cloud.browserstack.com/173.234.104.3:80]' for 'POST' to 'http://nguynanhdng_QCrHDk:mNTnt9bgzxAqbAEVwh6Y@hub-cloud.browserstack.com/wd/hub/session/6c4657cb1aa1a7910e56123c8d086d97ebbbf03a/element/a2c39c48-5658-4b2b-a336-feeb411690f1/value'
12:08:47.221 [Forwarding sendKeysToElement on session 6c4657cb1aa1a7910e56123c8d086d97ebbbf03a to remote] DEBUG org.asynchttpclient.netty.request.NettyRequestSender - Using open Channel [id: 0x0cfc242a, L:/172.17.19.76:58368 - R:hub-cloud.browserstack.com/173.234.104.3:80] for POST '/wd/hub/session/6c4657cb1aa1a7910e56123c8d086d97ebbbf03a/element/a2c39c48-5658-4b2b-a336-feeb411690f1/value'
12:08:47.557 [AsyncHttpClient-1-2] DEBUG org.asynchttpclient.netty.handler.HttpHandler - 

Request DefaultHttpRequest(decodeResult: success, version: HTTP/1.1)
POST /wd/hub/session/6c4657cb1aa1a7910e56123c8d086d97ebbbf03a/element/a2c39c48-5658-4b2b-a336-feeb411690f1/value HTTP/1.1
User-Agent: selenium/4.1.3 (java windows)
traceparent: 00-7037d6333cc85c09256aad1306b52902-3fdd67f29a7dd08c-01
Content-Length: 131
Content-Type: application/json; charset=utf-8
host: hub-cloud.browserstack.com
authorization: Basic bmd1eW5hbmhkbmdfUUNySERrOm1OVG50OWJnenhBcWJBRVZ3aDZZ
accept: */*

Response DefaultHttpResponse(decodeResult: success, version: HTTP/1.1)
HTTP/1.1 200 OK
Server: nginx
Date: Mon, 09 May 2022 05:08:47 GMT
Content-Type: application/json;charset=utf-8
Connection: keep-alive
Source-From: 02
expires: Thu, 01 Jan 1970 00:00:00 GMT
cache-control: no-cache, no-cache
temp-header: 3693-5157193888-1-1652072927.382-rproxy-core-001-dcp-apse2a-prod.browserstack.com
content-length: 14

12:08:47.557 [AsyncHttpClient-1-2] DEBUG org.asynchttpclient.netty.channel.ChannelManager - Adding key: http://hub-cloud.browserstack.com:80 for channel [id: 0x0cfc242a, L:/172.17.19.76:58368 - R:hub-cloud.browserstack.com/173.234.104.3:80]
12:08:47.565 [Forwarding setTimeout on session 6c4657cb1aa1a7910e56123c8d086d97ebbbf03a to remote] DEBUG org.asynchttpclient.netty.request.NettyRequestSender - Using pooled Channel '[id: 0x0cfc242a, L:/172.17.19.76:58368 - R:hub-cloud.browserstack.com/173.234.104.3:80]' for 'POST' to 'http://nguynanhdng_QCrHDk:mNTnt9bgzxAqbAEVwh6Y@hub-cloud.browserstack.com/wd/hub/session/6c4657cb1aa1a7910e56123c8d086d97ebbbf03a/timeouts'
12:08:47.565 [Forwarding setTimeout on session 6c4657cb1aa1a7910e56123c8d086d97ebbbf03a to remote] DEBUG org.asynchttpclient.netty.request.NettyRequestSender - Using open Channel [id: 0x0cfc242a, L:/172.17.19.76:58368 - R:hub-cloud.browserstack.com/173.234.104.3:80] for POST '/wd/hub/session/6c4657cb1aa1a7910e56123c8d086d97ebbbf03a/timeouts'
12:08:47.829 [AsyncHttpClient-1-2] DEBUG org.asynchttpclient.netty.handler.HttpHandler - 

Request DefaultHttpRequest(decodeResult: success, version: HTTP/1.1)
POST /wd/hub/session/6c4657cb1aa1a7910e56123c8d086d97ebbbf03a/timeouts HTTP/1.1
User-Agent: selenium/4.1.3 (java windows)
traceparent: 00-c50436a88582c4d3ee7c18804c5df6cf-410d4778b5a77602-01
Content-Length: 19
Content-Type: application/json; charset=utf-8
host: hub-cloud.browserstack.com
authorization: Basic bmd1eW5hbmhkbmdfUUNySERrOm1OVG50OWJnenhBcWJBRVZ3aDZZ
accept: */*

Response DefaultHttpResponse(decodeResult: success, version: HTTP/1.1)
HTTP/1.1 200 OK
Server: nginx
Date: Mon, 09 May 2022 05:08:47 GMT
Content-Type: application/json;charset=utf-8
Connection: keep-alive
Source-From: 02
expires: Thu, 01 Jan 1970 00:00:00 GMT
cache-control: no-cache, no-cache
temp-header: 3699-5157193956-1-1652072927.659-rproxy-core-001-dcp-apse2a-prod.browserstack.com
content-length: 14

12:08:47.830 [AsyncHttpClient-1-2] DEBUG org.asynchttpclient.netty.channel.ChannelManager - Adding key: http://hub-cloud.browserstack.com:80 for channel [id: 0x0cfc242a, L:/172.17.19.76:58368 - R:hub-cloud.browserstack.com/173.234.104.3:80]
12:08:47.834 [Forwarding findElement on session 6c4657cb1aa1a7910e56123c8d086d97ebbbf03a to remote] DEBUG org.asynchttpclient.netty.request.NettyRequestSender - Using pooled Channel '[id: 0x0cfc242a, L:/172.17.19.76:58368 - R:hub-cloud.browserstack.com/173.234.104.3:80]' for 'POST' to 'http://nguynanhdng_QCrHDk:mNTnt9bgzxAqbAEVwh6Y@hub-cloud.browserstack.com/wd/hub/session/6c4657cb1aa1a7910e56123c8d086d97ebbbf03a/element'
12:08:47.834 [Forwarding findElement on session 6c4657cb1aa1a7910e56123c8d086d97ebbbf03a to remote] DEBUG org.asynchttpclient.netty.request.NettyRequestSender - Using open Channel [id: 0x0cfc242a, L:/172.17.19.76:58368 - R:hub-cloud.browserstack.com/173.234.104.3:80] for POST '/wd/hub/session/6c4657cb1aa1a7910e56123c8d086d97ebbbf03a/element'
12:08:48.232 [AsyncHttpClient-1-2] DEBUG org.asynchttpclient.netty.handler.HttpHandler - 

Request DefaultHttpRequest(decodeResult: success, version: HTTP/1.1)
POST /wd/hub/session/6c4657cb1aa1a7910e56123c8d086d97ebbbf03a/element HTTP/1.1
User-Agent: selenium/4.1.3 (java windows)
traceparent: 00-7803c6961e1effe606c08d76d46464b7-77666dfc5a9aa0be-01
Content-Length: 64
Content-Type: application/json; charset=utf-8
host: hub-cloud.browserstack.com
authorization: Basic bmd1eW5hbmhkbmdfUUNySERrOm1OVG50OWJnenhBcWJBRVZ3aDZZ
accept: */*

Response DefaultHttpResponse(decodeResult: success, version: HTTP/1.1)
HTTP/1.1 200 OK
Server: nginx
Date: Mon, 09 May 2022 05:08:47 GMT
Content-Type: application/json;charset=utf-8
Connection: keep-alive
Source-From: 02
expires: Thu, 01 Jan 1970 00:00:00 GMT
cache-control: no-cache, no-cache
temp-header: 2031-2500202564-1-1652072927.981-rproxy-core-002-dcp-apse2a-prod.browserstack.com
content-length: 88

12:08:48.233 [AsyncHttpClient-1-2] DEBUG org.asynchttpclient.netty.channel.ChannelManager - Adding key: http://hub-cloud.browserstack.com:80 for channel [id: 0x0cfc242a, L:/172.17.19.76:58368 - R:hub-cloud.browserstack.com/173.234.104.3:80]
12:08:48.235 [Forwarding setTimeout on session 6c4657cb1aa1a7910e56123c8d086d97ebbbf03a to remote] DEBUG org.asynchttpclient.netty.request.NettyRequestSender - Using pooled Channel '[id: 0x0cfc242a, L:/172.17.19.76:58368 - R:hub-cloud.browserstack.com/173.234.104.3:80]' for 'POST' to 'http://nguynanhdng_QCrHDk:mNTnt9bgzxAqbAEVwh6Y@hub-cloud.browserstack.com/wd/hub/session/6c4657cb1aa1a7910e56123c8d086d97ebbbf03a/timeouts'
12:08:48.235 [Forwarding setTimeout on session 6c4657cb1aa1a7910e56123c8d086d97ebbbf03a to remote] DEBUG org.asynchttpclient.netty.request.NettyRequestSender - Using open Channel [id: 0x0cfc242a, L:/172.17.19.76:58368 - R:hub-cloud.browserstack.com/173.234.104.3:80] for POST '/wd/hub/session/6c4657cb1aa1a7910e56123c8d086d97ebbbf03a/timeouts'
12:08:48.501 [AsyncHttpClient-1-2] DEBUG org.asynchttpclient.netty.handler.HttpHandler - 

Request DefaultHttpRequest(decodeResult: success, version: HTTP/1.1)
POST /wd/hub/session/6c4657cb1aa1a7910e56123c8d086d97ebbbf03a/timeouts HTTP/1.1
User-Agent: selenium/4.1.3 (java windows)
traceparent: 00-9f71ab9f69f073a0f02ee7cc020c7543-fd48834a7674379d-01
Content-Length: 22
Content-Type: application/json; charset=utf-8
host: hub-cloud.browserstack.com
authorization: Basic bmd1eW5hbmhkbmdfUUNySERrOm1OVG50OWJnenhBcWJBRVZ3aDZZ
accept: */*

Response DefaultHttpResponse(decodeResult: success, version: HTTP/1.1)
HTTP/1.1 200 OK
Server: nginx
Date: Mon, 09 May 2022 05:08:48 GMT
Content-Type: application/json;charset=utf-8
Connection: keep-alive
Source-From: 02
expires: Thu, 01 Jan 1970 00:00:00 GMT
cache-control: no-cache, no-cache
temp-header: 2027-2500202622-1-1652072928.338-rproxy-core-002-dcp-apse2a-prod.browserstack.com
content-length: 14

12:08:48.501 [AsyncHttpClient-1-2] DEBUG org.asynchttpclient.netty.channel.ChannelManager - Adding key: http://hub-cloud.browserstack.com:80 for channel [id: 0x0cfc242a, L:/172.17.19.76:58368 - R:hub-cloud.browserstack.com/173.234.104.3:80]
12:08:48.506 [Forwarding isElementDisplayed on session 6c4657cb1aa1a7910e56123c8d086d97ebbbf03a to remote] DEBUG org.asynchttpclient.netty.request.NettyRequestSender - Using pooled Channel '[id: 0x0cfc242a, L:/172.17.19.76:58368 - R:hub-cloud.browserstack.com/173.234.104.3:80]' for 'POST' to 'http://nguynanhdng_QCrHDk:mNTnt9bgzxAqbAEVwh6Y@hub-cloud.browserstack.com/wd/hub/session/6c4657cb1aa1a7910e56123c8d086d97ebbbf03a/execute/sync'
12:08:48.506 [Forwarding isElementDisplayed on session 6c4657cb1aa1a7910e56123c8d086d97ebbbf03a to remote] DEBUG org.asynchttpclient.netty.request.NettyRequestSender - Using open Channel [id: 0x0cfc242a, L:/172.17.19.76:58368 - R:hub-cloud.browserstack.com/173.234.104.3:80] for POST '/wd/hub/session/6c4657cb1aa1a7910e56123c8d086d97ebbbf03a/execute/sync'
12:08:48.811 [AsyncHttpClient-1-2] DEBUG org.asynchttpclient.netty.handler.HttpHandler - 

Request DefaultHttpRequest(decodeResult: success, version: HTTP/1.1)
POST /wd/hub/session/6c4657cb1aa1a7910e56123c8d086d97ebbbf03a/execute/sync HTTP/1.1
User-Agent: selenium/4.1.3 (java windows)
traceparent: 00-620c09fbeeba5ae0abf7d9309e86e0da-4298c83615000e4b-01
Content-Length: 48780
Content-Type: application/json; charset=utf-8
host: hub-cloud.browserstack.com
authorization: Basic bmd1eW5hbmhkbmdfUUNySERrOm1OVG50OWJnenhBcWJBRVZ3aDZZ
accept: */*

Response DefaultHttpResponse(decodeResult: success, version: HTTP/1.1)
HTTP/1.1 200 OK
Server: nginx
Date: Mon, 09 May 2022 05:08:48 GMT
Content-Type: application/json;charset=utf-8
Connection: keep-alive
Source-From: 02
expires: Thu, 01 Jan 1970 00:00:00 GMT
cache-control: no-cache, no-cache
temp-header: 3699-5157194234-1-1652072928.630-rproxy-core-001-dcp-apse2a-prod.browserstack.com
content-length: 14

12:08:48.812 [AsyncHttpClient-1-2] DEBUG org.asynchttpclient.netty.channel.ChannelManager - Adding key: http://hub-cloud.browserstack.com:80 for channel [id: 0x0cfc242a, L:/172.17.19.76:58368 - R:hub-cloud.browserstack.com/173.234.104.3:80]
12:08:48.815 [Forwarding getElementTagName on session 6c4657cb1aa1a7910e56123c8d086d97ebbbf03a to remote] DEBUG org.asynchttpclient.netty.request.NettyRequestSender - Using pooled Channel '[id: 0x0cfc242a, L:/172.17.19.76:58368 - R:hub-cloud.browserstack.com/173.234.104.3:80]' for 'GET' to 'http://nguynanhdng_QCrHDk:mNTnt9bgzxAqbAEVwh6Y@hub-cloud.browserstack.com/wd/hub/session/6c4657cb1aa1a7910e56123c8d086d97ebbbf03a/element/e9df9b05-0641-406c-83cc-cf968087219b/name'
12:08:48.815 [Forwarding getElementTagName on session 6c4657cb1aa1a7910e56123c8d086d97ebbbf03a to remote] DEBUG org.asynchttpclient.netty.request.NettyRequestSender - Using open Channel [id: 0x0cfc242a, L:/172.17.19.76:58368 - R:hub-cloud.browserstack.com/173.234.104.3:80] for GET '/wd/hub/session/6c4657cb1aa1a7910e56123c8d086d97ebbbf03a/element/e9df9b05-0641-406c-83cc-cf968087219b/name'
12:08:49.128 [AsyncHttpClient-1-2] DEBUG org.asynchttpclient.netty.handler.HttpHandler - 

Request DefaultFullHttpRequest(decodeResult: success, version: HTTP/1.1, content: EmptyByteBufBE)
GET /wd/hub/session/6c4657cb1aa1a7910e56123c8d086d97ebbbf03a/element/e9df9b05-0641-406c-83cc-cf968087219b/name HTTP/1.1
User-Agent: selenium/4.1.3 (java windows)
Cache-Control: no-cache
traceparent: 00-4f0a4c01527c18d1dc31e0c6d503a872-d78c22faa9077f1e-01
Content-Type: application/json; charset=utf-8
host: hub-cloud.browserstack.com
authorization: Basic bmd1eW5hbmhkbmdfUUNySERrOm1OVG50OWJnenhBcWJBRVZ3aDZZ
accept: */*

Response DefaultHttpResponse(decodeResult: success, version: HTTP/1.1)
HTTP/1.1 200 OK
Server: nginx
Date: Mon, 09 May 2022 05:08:48 GMT
Content-Type: application/json;charset=utf-8
Connection: keep-alive
Source-From: 02
expires: Thu, 01 Jan 1970 00:00:00 GMT
cache-control: no-cache, no-cache
temp-header: 3699-5157194306-1-1652072928.917-rproxy-core-001-dcp-apse2a-prod.browserstack.com
content-length: 17

12:08:49.129 [AsyncHttpClient-1-2] DEBUG org.asynchttpclient.netty.channel.ChannelManager - Adding key: http://hub-cloud.browserstack.com:80 for channel [id: 0x0cfc242a, L:/172.17.19.76:58368 - R:hub-cloud.browserstack.com/173.234.104.3:80]
12:08:49.133 [Forwarding getElementTagName on session 6c4657cb1aa1a7910e56123c8d086d97ebbbf03a to remote] DEBUG org.asynchttpclient.netty.request.NettyRequestSender - Using pooled Channel '[id: 0x0cfc242a, L:/172.17.19.76:58368 - R:hub-cloud.browserstack.com/173.234.104.3:80]' for 'GET' to 'http://nguynanhdng_QCrHDk:mNTnt9bgzxAqbAEVwh6Y@hub-cloud.browserstack.com/wd/hub/session/6c4657cb1aa1a7910e56123c8d086d97ebbbf03a/element/e9df9b05-0641-406c-83cc-cf968087219b/name'
12:08:49.133 [Forwarding getElementTagName on session 6c4657cb1aa1a7910e56123c8d086d97ebbbf03a to remote] DEBUG org.asynchttpclient.netty.request.NettyRequestSender - Using open Channel [id: 0x0cfc242a, L:/172.17.19.76:58368 - R:hub-cloud.browserstack.com/173.234.104.3:80] for GET '/wd/hub/session/6c4657cb1aa1a7910e56123c8d086d97ebbbf03a/element/e9df9b05-0641-406c-83cc-cf968087219b/name'
12:08:49.472 [AsyncHttpClient-1-2] DEBUG org.asynchttpclient.netty.handler.HttpHandler - 

Request DefaultFullHttpRequest(decodeResult: success, version: HTTP/1.1, content: EmptyByteBufBE)
GET /wd/hub/session/6c4657cb1aa1a7910e56123c8d086d97ebbbf03a/element/e9df9b05-0641-406c-83cc-cf968087219b/name HTTP/1.1
User-Agent: selenium/4.1.3 (java windows)
Cache-Control: no-cache
traceparent: 00-43ba86b0d88c1067df8ac1e3fba2a69b-faa77cd0684ed658-01
Content-Type: application/json; charset=utf-8
host: hub-cloud.browserstack.com
authorization: Basic bmd1eW5hbmhkbmdfUUNySERrOm1OVG50OWJnenhBcWJBRVZ3aDZZ
accept: */*

Response DefaultHttpResponse(decodeResult: success, version: HTTP/1.1)
HTTP/1.1 200 OK
Server: nginx
Date: Mon, 09 May 2022 05:08:49 GMT
Content-Type: application/json;charset=utf-8
Connection: keep-alive
Source-From: 02
expires: Thu, 01 Jan 1970 00:00:00 GMT
cache-control: no-cache, no-cache
temp-header: 3700-5157194393-1-1652072929.230-rproxy-core-001-dcp-apse2a-prod.browserstack.com
content-length: 17

12:08:49.473 [AsyncHttpClient-1-2] DEBUG org.asynchttpclient.netty.channel.ChannelManager - Adding key: http://hub-cloud.browserstack.com:80 for channel [id: 0x0cfc242a, L:/172.17.19.76:58368 - R:hub-cloud.browserstack.com/173.234.104.3:80]
12:08:49.476 [Forwarding isElementEnabled on session 6c4657cb1aa1a7910e56123c8d086d97ebbbf03a to remote] DEBUG org.asynchttpclient.netty.request.NettyRequestSender - Using pooled Channel '[id: 0x0cfc242a, L:/172.17.19.76:58368 - R:hub-cloud.browserstack.com/173.234.104.3:80]' for 'GET' to 'http://nguynanhdng_QCrHDk:mNTnt9bgzxAqbAEVwh6Y@hub-cloud.browserstack.com/wd/hub/session/6c4657cb1aa1a7910e56123c8d086d97ebbbf03a/element/e9df9b05-0641-406c-83cc-cf968087219b/enabled'
12:08:49.476 [Forwarding isElementEnabled on session 6c4657cb1aa1a7910e56123c8d086d97ebbbf03a to remote] DEBUG org.asynchttpclient.netty.request.NettyRequestSender - Using open Channel [id: 0x0cfc242a, L:/172.17.19.76:58368 - R:hub-cloud.browserstack.com/173.234.104.3:80] for GET '/wd/hub/session/6c4657cb1aa1a7910e56123c8d086d97ebbbf03a/element/e9df9b05-0641-406c-83cc-cf968087219b/enabled'
12:08:49.740 [AsyncHttpClient-1-2] DEBUG org.asynchttpclient.netty.handler.HttpHandler - 

Request DefaultFullHttpRequest(decodeResult: success, version: HTTP/1.1, content: EmptyByteBufBE)
GET /wd/hub/session/6c4657cb1aa1a7910e56123c8d086d97ebbbf03a/element/e9df9b05-0641-406c-83cc-cf968087219b/enabled HTTP/1.1
User-Agent: selenium/4.1.3 (java windows)
Cache-Control: no-cache
traceparent: 00-200591241538bec933193f1b7fa17e35-cc92d600d90c7a74-01
Content-Type: application/json; charset=utf-8
host: hub-cloud.browserstack.com
authorization: Basic bmd1eW5hbmhkbmdfUUNySERrOm1OVG50OWJnenhBcWJBRVZ3aDZZ
accept: */*

Response DefaultHttpResponse(decodeResult: success, version: HTTP/1.1)
HTTP/1.1 200 OK
Server: nginx
Date: Mon, 09 May 2022 05:08:49 GMT
Content-Type: application/json;charset=utf-8
Connection: keep-alive
Source-From: 02
expires: Thu, 01 Jan 1970 00:00:00 GMT
cache-control: no-cache, no-cache
temp-header: 3700-5157194458-1-1652072929.571-rproxy-core-001-dcp-apse2a-prod.browserstack.com
content-length: 14

12:08:49.742 [AsyncHttpClient-1-2] DEBUG org.asynchttpclient.netty.channel.ChannelManager - Adding key: http://hub-cloud.browserstack.com:80 for channel [id: 0x0cfc242a, L:/172.17.19.76:58368 - R:hub-cloud.browserstack.com/173.234.104.3:80]
12:08:49.744 [Forwarding isElementEnabled on session 6c4657cb1aa1a7910e56123c8d086d97ebbbf03a to remote] DEBUG org.asynchttpclient.netty.request.NettyRequestSender - Using pooled Channel '[id: 0x0cfc242a, L:/172.17.19.76:58368 - R:hub-cloud.browserstack.com/173.234.104.3:80]' for 'GET' to 'http://nguynanhdng_QCrHDk:mNTnt9bgzxAqbAEVwh6Y@hub-cloud.browserstack.com/wd/hub/session/6c4657cb1aa1a7910e56123c8d086d97ebbbf03a/element/e9df9b05-0641-406c-83cc-cf968087219b/enabled'
12:08:49.744 [Forwarding isElementEnabled on session 6c4657cb1aa1a7910e56123c8d086d97ebbbf03a to remote] DEBUG org.asynchttpclient.netty.request.NettyRequestSender - Using open Channel [id: 0x0cfc242a, L:/172.17.19.76:58368 - R:hub-cloud.browserstack.com/173.234.104.3:80] for GET '/wd/hub/session/6c4657cb1aa1a7910e56123c8d086d97ebbbf03a/element/e9df9b05-0641-406c-83cc-cf968087219b/enabled'
12:08:50.055 [AsyncHttpClient-1-2] DEBUG org.asynchttpclient.netty.handler.HttpHandler - 

Request DefaultFullHttpRequest(decodeResult: success, version: HTTP/1.1, content: EmptyByteBufBE)
GET /wd/hub/session/6c4657cb1aa1a7910e56123c8d086d97ebbbf03a/element/e9df9b05-0641-406c-83cc-cf968087219b/enabled HTTP/1.1
User-Agent: selenium/4.1.3 (java windows)
Cache-Control: no-cache
traceparent: 00-6b440dc2261ea938677ec12305051638-b5463e7b00cb98f9-01
Content-Type: application/json; charset=utf-8
host: hub-cloud.browserstack.com
authorization: Basic bmd1eW5hbmhkbmdfUUNySERrOm1OVG50OWJnenhBcWJBRVZ3aDZZ
accept: */*

Response DefaultHttpResponse(decodeResult: success, version: HTTP/1.1)
HTTP/1.1 200 OK
Server: nginx
Date: Mon, 09 May 2022 05:08:49 GMT
Content-Type: application/json;charset=utf-8
Connection: keep-alive
Source-From: 02
expires: Thu, 01 Jan 1970 00:00:00 GMT
cache-control: no-cache, no-cache
temp-header: 3699-5157194512-1-1652072929.834-rproxy-core-001-dcp-apse2a-prod.browserstack.com
content-length: 14

12:08:50.056 [AsyncHttpClient-1-2] DEBUG org.asynchttpclient.netty.channel.ChannelManager - Adding key: http://hub-cloud.browserstack.com:80 for channel [id: 0x0cfc242a, L:/172.17.19.76:58368 - R:hub-cloud.browserstack.com/173.234.104.3:80]
12:08:50.058 [Forwarding clickElement on session 6c4657cb1aa1a7910e56123c8d086d97ebbbf03a to remote] DEBUG org.asynchttpclient.netty.request.NettyRequestSender - Using pooled Channel '[id: 0x0cfc242a, L:/172.17.19.76:58368 - R:hub-cloud.browserstack.com/173.234.104.3:80]' for 'POST' to 'http://nguynanhdng_QCrHDk:mNTnt9bgzxAqbAEVwh6Y@hub-cloud.browserstack.com/wd/hub/session/6c4657cb1aa1a7910e56123c8d086d97ebbbf03a/element/e9df9b05-0641-406c-83cc-cf968087219b/click'
12:08:50.058 [Forwarding clickElement on session 6c4657cb1aa1a7910e56123c8d086d97ebbbf03a to remote] DEBUG org.asynchttpclient.netty.request.NettyRequestSender - Using open Channel [id: 0x0cfc242a, L:/172.17.19.76:58368 - R:hub-cloud.browserstack.com/173.234.104.3:80] for POST '/wd/hub/session/6c4657cb1aa1a7910e56123c8d086d97ebbbf03a/element/e9df9b05-0641-406c-83cc-cf968087219b/click'
12:08:51.226 [AsyncHttpClient-1-2] DEBUG org.asynchttpclient.netty.handler.HttpHandler - 

Request DefaultHttpRequest(decodeResult: success, version: HTTP/1.1)
POST /wd/hub/session/6c4657cb1aa1a7910e56123c8d086d97ebbbf03a/element/e9df9b05-0641-406c-83cc-cf968087219b/click HTTP/1.1
User-Agent: selenium/4.1.3 (java windows)
traceparent: 00-1920a104140f74c12379202c4d35eb65-bccfba50f4f50ee4-01
Content-Length: 50
Content-Type: application/json; charset=utf-8
host: hub-cloud.browserstack.com
authorization: Basic bmd1eW5hbmhkbmdfUUNySERrOm1OVG50OWJnenhBcWJBRVZ3aDZZ
accept: */*

Response DefaultHttpResponse(decodeResult: success, version: HTTP/1.1)
HTTP/1.1 200 OK
Server: nginx
Date: Mon, 09 May 2022 05:08:51 GMT
Content-Type: application/json;charset=utf-8
Connection: keep-alive
Source-From: 02
expires: Thu, 01 Jan 1970 00:00:00 GMT
cache-control: no-cache, no-cache
temp-header: 2024-2500202876-1-1652072931.054-rproxy-core-002-dcp-apse2a-prod.browserstack.com
content-length: 14

12:08:51.227 [AsyncHttpClient-1-2] DEBUG org.asynchttpclient.netty.channel.ChannelManager - Adding key: http://hub-cloud.browserstack.com:80 for channel [id: 0x0cfc242a, L:/172.17.19.76:58368 - R:hub-cloud.browserstack.com/173.234.104.3:80]
12:08:51.235 [main] DEBUG net.thucydides.core.steps.StepInterceptor - STEP DONE: login
  &amp#27;[32mGiven &amp#27;[0m&amp#27;[32mthe user enters the username &amp#27;[0m&amp#27;[32m&amp#27;[1mmngr398793&amp#27;[0m&amp#27;[32m and password &amp#27;[0m&amp#27;[32m&amp#27;[1mmngr3&amp#27;[0m &amp#27;[90m# cucumber.LoginStepDefs.the_user_enters_the_username_and_password(java.lang.String,java.lang.String)&amp#27;[0m
12:08:51.248 [main] DEBUG net.thucydides.core.steps.StepInterceptor - STARTING STEP: LoginStepDefs.the_error_message_user_is_not_valid_is_displayed - checkInvalid
12:08:51.252 [Forwarding getAlertText on session 6c4657cb1aa1a7910e56123c8d086d97ebbbf03a to remote] DEBUG org.asynchttpclient.netty.request.NettyRequestSender - Using pooled Channel '[id: 0x0cfc242a, L:/172.17.19.76:58368 - R:hub-cloud.browserstack.com/173.234.104.3:80]' for 'GET' to 'http://nguynanhdng_QCrHDk:mNTnt9bgzxAqbAEVwh6Y@hub-cloud.browserstack.com/wd/hub/session/6c4657cb1aa1a7910e56123c8d086d97ebbbf03a/alert/text'
12:08:51.253 [Forwarding getAlertText on session 6c4657cb1aa1a7910e56123c8d086d97ebbbf03a to remote] DEBUG org.asynchttpclient.netty.request.NettyRequestSender - Using open Channel [id: 0x0cfc242a, L:/172.17.19.76:58368 - R:hub-cloud.browserstack.com/173.234.104.3:80] for GET '/wd/hub/session/6c4657cb1aa1a7910e56123c8d086d97ebbbf03a/alert/text'
12:08:51.527 [AsyncHttpClient-1-2] DEBUG org.asynchttpclient.netty.handler.HttpHandler - 

Request DefaultFullHttpRequest(decodeResult: success, version: HTTP/1.1, content: EmptyByteBufBE)
GET /wd/hub/session/6c4657cb1aa1a7910e56123c8d086d97ebbbf03a/alert/text HTTP/1.1
User-Agent: selenium/4.1.3 (java windows)
Cache-Control: no-cache
traceparent: 00-236048c6179ae84ba901432805d15216-ca96fbd1eb371964-01
Content-Type: application/json; charset=utf-8
host: hub-cloud.browserstack.com
authorization: Basic bmd1eW5hbmhkbmdfUUNySERrOm1OVG50OWJnenhBcWJBRVZ3aDZZ
accept: */*

Response DefaultHttpResponse(decodeResult: success, version: HTTP/1.1)
HTTP/1.1 200 OK
Server: nginx
Date: Mon, 09 May 2022 05:08:51 GMT
Content-Type: application/json;charset=utf-8
Connection: keep-alive
Source-From: 02
expires: Thu, 01 Jan 1970 00:00:00 GMT
cache-control: no-cache, no-cache
temp-header: 3696-5157194668-1-1652072931.344-rproxy-core-001-dcp-apse2a-prod.browserstack.com
content-length: 29

12:08:51.527 [AsyncHttpClient-1-2] DEBUG org.asynchttpclient.netty.channel.ChannelManager - Adding key: http://hub-cloud.browserstack.com:80 for channel [id: 0x0cfc242a, L:/172.17.19.76:58368 - R:hub-cloud.browserstack.com/173.234.104.3:80]
12:08:51.532 [Forwarding getAlertText on session 6c4657cb1aa1a7910e56123c8d086d97ebbbf03a to remote] DEBUG org.asynchttpclient.netty.request.NettyRequestSender - Using pooled Channel '[id: 0x0cfc242a, L:/172.17.19.76:58368 - R:hub-cloud.browserstack.com/173.234.104.3:80]' for 'GET' to 'http://nguynanhdng_QCrHDk:mNTnt9bgzxAqbAEVwh6Y@hub-cloud.browserstack.com/wd/hub/session/6c4657cb1aa1a7910e56123c8d086d97ebbbf03a/alert/text'
12:08:51.532 [Forwarding getAlertText on session 6c4657cb1aa1a7910e56123c8d086d97ebbbf03a to remote] DEBUG org.asynchttpclient.netty.request.NettyRequestSender - Using open Channel [id: 0x0cfc242a, L:/172.17.19.76:58368 - R:hub-cloud.browserstack.com/173.234.104.3:80] for GET '/wd/hub/session/6c4657cb1aa1a7910e56123c8d086d97ebbbf03a/alert/text'
12:08:51.806 [AsyncHttpClient-1-2] DEBUG org.asynchttpclient.netty.handler.HttpHandler - 

Request DefaultFullHttpRequest(decodeResult: success, version: HTTP/1.1, content: EmptyByteBufBE)
GET /wd/hub/session/6c4657cb1aa1a7910e56123c8d086d97ebbbf03a/alert/text HTTP/1.1
User-Agent: selenium/4.1.3 (java windows)
Cache-Control: no-cache
traceparent: 00-0b84f8e9f73dfc3b2c9ff6caf4dbd81c-af1a1d3b0bc57af6-01
Content-Type: application/json; charset=utf-8
host: hub-cloud.browserstack.com
authorization: Basic bmd1eW5hbmhkbmdfUUNySERrOm1OVG50OWJnenhBcWJBRVZ3aDZZ
accept: */*

Response DefaultHttpResponse(decodeResult: success, version: HTTP/1.1)
HTTP/1.1 200 OK
Server: nginx
Date: Mon, 09 May 2022 05:08:51 GMT
Content-Type: application/json;charset=utf-8
Connection: keep-alive
Source-From: 02
expires: Thu, 01 Jan 1970 00:00:00 GMT
cache-control: no-cache, no-cache
temp-header: 2029-2500203018-1-1652072931.641-rproxy-core-002-dcp-apse2a-prod.browserstack.com
content-length: 29

12:08:51.807 [AsyncHttpClient-1-2] DEBUG org.asynchttpclient.netty.channel.ChannelManager - Adding key: http://hub-cloud.browserstack.com:80 for channel [id: 0x0cfc242a, L:/172.17.19.76:58368 - R:hub-cloud.browserstack.com/173.234.104.3:80]
12:08:51.811 [Forwarding acceptAlert on session 6c4657cb1aa1a7910e56123c8d086d97ebbbf03a to remote] DEBUG org.asynchttpclient.netty.request.NettyRequestSender - Using pooled Channel '[id: 0x0cfc242a, L:/172.17.19.76:58368 - R:hub-cloud.browserstack.com/173.234.104.3:80]' for 'POST' to 'http://nguynanhdng_QCrHDk:mNTnt9bgzxAqbAEVwh6Y@hub-cloud.browserstack.com/wd/hub/session/6c4657cb1aa1a7910e56123c8d086d97ebbbf03a/alert/accept'
12:08:51.811 [Forwarding acceptAlert on session 6c4657cb1aa1a7910e56123c8d086d97ebbbf03a to remote] DEBUG org.asynchttpclient.netty.request.NettyRequestSender - Using open Channel [id: 0x0cfc242a, L:/172.17.19.76:58368 - R:hub-cloud.browserstack.com/173.234.104.3:80] for POST '/wd/hub/session/6c4657cb1aa1a7910e56123c8d086d97ebbbf03a/alert/accept'
12:08:52.119 [AsyncHttpClient-1-2] DEBUG org.asynchttpclient.netty.handler.HttpHandler - 

Request DefaultHttpRequest(decodeResult: success, version: HTTP/1.1)
POST /wd/hub/session/6c4657cb1aa1a7910e56123c8d086d97ebbbf03a/alert/accept HTTP/1.1
User-Agent: selenium/4.1.3 (java windows)
traceparent: 00-5524f25146de3641c21560482371541a-adc0051692530591-01
Content-Length: 3
Content-Type: application/json; charset=utf-8
host: hub-cloud.browserstack.com
authorization: Basic bmd1eW5hbmhkbmdfUUNySERrOm1OVG50OWJnenhBcWJBRVZ3aDZZ
accept: */*

Response DefaultHttpResponse(decodeResult: success, version: HTTP/1.1)
HTTP/1.1 200 OK
Server: nginx
Date: Mon, 09 May 2022 05:08:51 GMT
Content-Type: application/json;charset=utf-8
Connection: keep-alive
Source-From: 02
expires: Thu, 01 Jan 1970 00:00:00 GMT
cache-control: no-cache, no-cache
temp-header: 2033-2500203030-1-1652072931.915-rproxy-core-002-dcp-apse2a-prod.browserstack.com
content-length: 14

12:08:52.120 [AsyncHttpClient-1-2] DEBUG org.asynchttpclient.netty.channel.ChannelManager - Adding key: http://hub-cloud.browserstack.com:80 for channel [id: 0x0cfc242a, L:/172.17.19.76:58368 - R:hub-cloud.browserstack.com/173.234.104.3:80]
12:08:52.124 [main] DEBUG net.thucydides.core.steps.StepInterceptor - STEP DONE: checkInvalid
  &amp#27;[32mThen &amp#27;[0m&amp#27;[32mthe error message &amp#27;[0m&amp#27;[32m&amp#27;[1m'User is not valid'&amp#27;[0m&amp#27;[32m is displayed&amp#27;[0m          &amp#27;[90m# cucumber.LoginStepDefs.the_error_message_user_is_not_valid_is_displayed(java.lang.String)&amp#27;[0m
12:08:52.137 [main] INFO  - &amp#27;[92m
  _____   ___   ___   _____     ___     _     ___   ___   ___   ___  
 |_   _| | __| / __| |_   _|   | _ \   /_\   / __| / __| | __| |   \ 
   | |   | _|  \__ \   | |     |  _/  / _ \  \__ \ \__ \ | _|  | |) |
   |_|   |___| |___/   |_|     |_|   /_/ \_\ |___/ |___/ |___| |___/ 

user login unsuccessful
----------------------------------------------------------------------&amp#27;[0m
]]></system-out>
    <system-err><![CDATA[May 09, 2022 12:08:12 PM org.openqa.selenium.remote.ProtocolHandshake createSession
INFO: Detected dialect: W3C
May 09, 2022 12:08:12 PM org.openqa.selenium.devtools.CdpVersionFinder findNearestMatch
WARNING: Unable to find an exact match for CDP version 101, so returning the closest version found: 99
May 09, 2022 12:08:12 PM org.openqa.selenium.devtools.CdpVersionFinder findNearestMatch
INFO: Found CDP implementation for version 101 of 99
May 09, 2022 12:08:37 PM org.openqa.selenium.devtools.CdpEndpointFinder getCdpEndPoint
WARNING: Unable to connect to determine websocket url: java.net.ConnectException: Connection refused: no further information: localhost/0:0:0:0:0:0:0:1:4482
]]></system-err>
  </testcase>
  <testcase name="user login unsuccessful #2" classname="user login to the page unsuccessful" time="15.461">
    <system-out><![CDATA[
@unit
Scenario Outline: user login unsuccessful                          &amp#27;[90m# src/test/resources/features.login/login_unsuccess.feature:10&amp#27;[0m
12:08:52.147 [main] INFO io.cucumber.core.plugin.SerenityReporter - Running feature from file:///D:/Pratice/serenity_homework/src/test/resources/features.login/login_unsuccess.feature
12:08:52.148 [main] WARN io.cucumber.core.plugin.SerenityReporter - Feature from file:///D:/Pratice/serenity_homework/src/test/resources/features.login/login_unsuccess.feature is not under the 'features' directory. Requirements report will not be correctly generated!
12:08:52.225 [main] DEBUG io.github.bonigarcia.wdm.cache.ResolutionCache - Resolution chrome=101 in cache (valid until 12:13:55 09/05/2022 ICT)
12:08:52.226 [main] DEBUG io.github.bonigarcia.wdm.cache.ResolutionCache - Resolution chrome101=101.0.4951.41 in cache (valid until 22:55:19 09/05/2022 ICT)
12:08:52.226 [main] INFO io.github.bonigarcia.wdm.WebDriverManager - Using chromedriver 101.0.4951.41 (resolved driver for Chrome 101)
12:08:52.244 [main] DEBUG io.github.bonigarcia.wdm.WebDriverManager - Driver chromedriver 101.0.4951.41 found in cache
12:08:52.245 [main] INFO io.github.bonigarcia.wdm.WebDriverManager - Exporting webdriver.chrome.driver as C:\Users\dung.nguyenanh\.cache\selenium\chromedriver\win32\101.0.4951.41\chromedriver.exe
12:08:52.249 [Forwarding get on session 6c4657cb1aa1a7910e56123c8d086d97ebbbf03a to remote] DEBUG org.asynchttpclient.netty.request.NettyRequestSender - Using pooled Channel '[id: 0x0cfc242a, L:/172.17.19.76:58368 - R:hub-cloud.browserstack.com/173.234.104.3:80]' for 'POST' to 'http://nguynanhdng_QCrHDk:mNTnt9bgzxAqbAEVwh6Y@hub-cloud.browserstack.com/wd/hub/session/6c4657cb1aa1a7910e56123c8d086d97ebbbf03a/url'
12:08:52.249 [Forwarding get on session 6c4657cb1aa1a7910e56123c8d086d97ebbbf03a to remote] DEBUG org.asynchttpclient.netty.request.NettyRequestSender - Using open Channel [id: 0x0cfc242a, L:/172.17.19.76:58368 - R:hub-cloud.browserstack.com/173.234.104.3:80] for POST '/wd/hub/session/6c4657cb1aa1a7910e56123c8d086d97ebbbf03a/url'
12:08:58.313 [AsyncHttpClient-1-2] DEBUG org.asynchttpclient.netty.handler.HttpHandler - 

Request DefaultHttpRequest(decodeResult: success, version: HTTP/1.1)
POST /wd/hub/session/6c4657cb1aa1a7910e56123c8d086d97ebbbf03a/url HTTP/1.1
User-Agent: selenium/4.1.3 (java windows)
traceparent: 00-364436547e7d7edffa1150b63ceba01c-577aee606b31f7fb-01
Content-Length: 94
Content-Type: application/json; charset=utf-8
host: hub-cloud.browserstack.com
authorization: Basic bmd1eW5hbmhkbmdfUUNySERrOm1OVG50OWJnenhBcWJBRVZ3aDZZ
accept: */*

Response DefaultHttpResponse(decodeResult: success, version: HTTP/1.1)
HTTP/1.1 200 OK
Server: nginx
Date: Mon, 09 May 2022 05:08:58 GMT
Content-Type: application/json;charset=utf-8
Connection: keep-alive
Source-From: 02
expires: Thu, 01 Jan 1970 00:00:00 GMT
cache-control: no-cache, no-cache
temp-header: 2033-2500203611-1-1652072938.142-rproxy-core-002-dcp-apse2a-prod.browserstack.com
content-length: 14

12:08:58.313 [AsyncHttpClient-1-2] DEBUG org.asynchttpclient.netty.channel.ChannelManager - Adding key: http://hub-cloud.browserstack.com:80 for channel [id: 0x0cfc242a, L:/172.17.19.76:58368 - R:hub-cloud.browserstack.com/173.234.104.3:80]
12:08:58.318 [Forwarding getCurrentUrl on session 6c4657cb1aa1a7910e56123c8d086d97ebbbf03a to remote] DEBUG org.asynchttpclient.netty.request.NettyRequestSender - Using pooled Channel '[id: 0x0cfc242a, L:/172.17.19.76:58368 - R:hub-cloud.browserstack.com/173.234.104.3:80]' for 'GET' to 'http://nguynanhdng_QCrHDk:mNTnt9bgzxAqbAEVwh6Y@hub-cloud.browserstack.com/wd/hub/session/6c4657cb1aa1a7910e56123c8d086d97ebbbf03a/url'
12:08:58.318 [Forwarding getCurrentUrl on session 6c4657cb1aa1a7910e56123c8d086d97ebbbf03a to remote] DEBUG org.asynchttpclient.netty.request.NettyRequestSender - Using open Channel [id: 0x0cfc242a, L:/172.17.19.76:58368 - R:hub-cloud.browserstack.com/173.234.104.3:80] for GET '/wd/hub/session/6c4657cb1aa1a7910e56123c8d086d97ebbbf03a/url'
12:08:58.810 [AsyncHttpClient-1-2] DEBUG org.asynchttpclient.netty.handler.HttpHandler - 

Request DefaultFullHttpRequest(decodeResult: success, version: HTTP/1.1, content: EmptyByteBufBE)
GET /wd/hub/session/6c4657cb1aa1a7910e56123c8d086d97ebbbf03a/url HTTP/1.1
User-Agent: selenium/4.1.3 (java windows)
Cache-Control: no-cache
traceparent: 00-7357fa8fa7aacfa8443bc746ceade5da-099334a84ee10478-01
Content-Type: application/json; charset=utf-8
host: hub-cloud.browserstack.com
authorization: Basic bmd1eW5hbmhkbmdfUUNySERrOm1OVG50OWJnenhBcWJBRVZ3aDZZ
accept: */*

Response DefaultHttpResponse(decodeResult: success, version: HTTP/1.1)
HTTP/1.1 200 OK
Server: nginx
Date: Mon, 09 May 2022 05:08:58 GMT
Content-Type: application/json;charset=utf-8
Connection: keep-alive
Source-From: 02
expires: Thu, 01 Jan 1970 00:00:00 GMT
cache-control: no-cache, no-cache
temp-header: 2032-2500204082-1-1652072938.647-rproxy-core-002-dcp-apse2a-prod.browserstack.com
content-length: 61

12:08:58.811 [AsyncHttpClient-1-2] DEBUG org.asynchttpclient.netty.channel.ChannelManager - Adding key: http://hub-cloud.browserstack.com:80 for channel [id: 0x0cfc242a, L:/172.17.19.76:58368 - R:hub-cloud.browserstack.com/173.234.104.3:80]
12:08:58.816 [Forwarding getCurrentUrl on session 6c4657cb1aa1a7910e56123c8d086d97ebbbf03a to remote] DEBUG org.asynchttpclient.netty.request.NettyRequestSender - Using pooled Channel '[id: 0x0cfc242a, L:/172.17.19.76:58368 - R:hub-cloud.browserstack.com/173.234.104.3:80]' for 'GET' to 'http://nguynanhdng_QCrHDk:mNTnt9bgzxAqbAEVwh6Y@hub-cloud.browserstack.com/wd/hub/session/6c4657cb1aa1a7910e56123c8d086d97ebbbf03a/url'
12:08:58.817 [Forwarding getCurrentUrl on session 6c4657cb1aa1a7910e56123c8d086d97ebbbf03a to remote] DEBUG org.asynchttpclient.netty.request.NettyRequestSender - Using open Channel [id: 0x0cfc242a, L:/172.17.19.76:58368 - R:hub-cloud.browserstack.com/173.234.104.3:80] for GET '/wd/hub/session/6c4657cb1aa1a7910e56123c8d086d97ebbbf03a/url'
12:08:59.080 [AsyncHttpClient-1-2] DEBUG org.asynchttpclient.netty.handler.HttpHandler - 

Request DefaultFullHttpRequest(decodeResult: success, version: HTTP/1.1, content: EmptyByteBufBE)
GET /wd/hub/session/6c4657cb1aa1a7910e56123c8d086d97ebbbf03a/url HTTP/1.1
User-Agent: selenium/4.1.3 (java windows)
Cache-Control: no-cache
traceparent: 00-aa9e1f5634591a21c4ddaf1e86f50bf7-1a5b5d71cf4de9de-01
Content-Type: application/json; charset=utf-8
host: hub-cloud.browserstack.com
authorization: Basic bmd1eW5hbmhkbmdfUUNySERrOm1OVG50OWJnenhBcWJBRVZ3aDZZ
accept: */*

Response DefaultHttpResponse(decodeResult: success, version: HTTP/1.1)
HTTP/1.1 200 OK
Server: nginx
Date: Mon, 09 May 2022 05:08:58 GMT
Content-Type: application/json;charset=utf-8
Connection: keep-alive
Source-From: 02
expires: Thu, 01 Jan 1970 00:00:00 GMT
cache-control: no-cache, no-cache
temp-header: 3693-5157196366-1-1652072938.913-rproxy-core-001-dcp-apse2a-prod.browserstack.com
content-length: 61

12:08:59.081 [AsyncHttpClient-1-2] DEBUG org.asynchttpclient.netty.channel.ChannelManager - Adding key: http://hub-cloud.browserstack.com:80 for channel [id: 0x0cfc242a, L:/172.17.19.76:58368 - R:hub-cloud.browserstack.com/173.234.104.3:80]
12:08:59.085 [Forwarding maximizeCurrentWindow on session 6c4657cb1aa1a7910e56123c8d086d97ebbbf03a to remote] DEBUG org.asynchttpclient.netty.request.NettyRequestSender - Using pooled Channel '[id: 0x0cfc242a, L:/172.17.19.76:58368 - R:hub-cloud.browserstack.com/173.234.104.3:80]' for 'POST' to 'http://nguynanhdng_QCrHDk:mNTnt9bgzxAqbAEVwh6Y@hub-cloud.browserstack.com/wd/hub/session/6c4657cb1aa1a7910e56123c8d086d97ebbbf03a/window/maximize'
12:08:59.085 [Forwarding maximizeCurrentWindow on session 6c4657cb1aa1a7910e56123c8d086d97ebbbf03a to remote] DEBUG org.asynchttpclient.netty.request.NettyRequestSender - Using open Channel [id: 0x0cfc242a, L:/172.17.19.76:58368 - R:hub-cloud.browserstack.com/173.234.104.3:80] for POST '/wd/hub/session/6c4657cb1aa1a7910e56123c8d086d97ebbbf03a/window/maximize'
12:08:59.383 [AsyncHttpClient-1-2] DEBUG org.asynchttpclient.netty.handler.HttpHandler - 

Request DefaultHttpRequest(decodeResult: success, version: HTTP/1.1)
POST /wd/hub/session/6c4657cb1aa1a7910e56123c8d086d97ebbbf03a/window/maximize HTTP/1.1
User-Agent: selenium/4.1.3 (java windows)
traceparent: 00-eb479b6ab6961f486c83ee906e760d2b-c475ee3bdef034e7-01
Content-Length: 3
Content-Type: application/json; charset=utf-8
host: hub-cloud.browserstack.com
authorization: Basic bmd1eW5hbmhkbmdfUUNySERrOm1OVG50OWJnenhBcWJBRVZ3aDZZ
accept: */*

Response DefaultHttpResponse(decodeResult: success, version: HTTP/1.1)
HTTP/1.1 200 OK
Server: nginx
Date: Mon, 09 May 2022 05:08:59 GMT
Content-Type: application/json;charset=utf-8
Connection: keep-alive
Source-From: 02
expires: Thu, 01 Jan 1970 00:00:00 GMT
cache-control: no-cache, no-cache
temp-header: 3696-5157196432-1-1652072939.196-rproxy-core-001-dcp-apse2a-prod.browserstack.com
content-length: 52

12:08:59.383 [AsyncHttpClient-1-2] DEBUG org.asynchttpclient.netty.channel.ChannelManager - Adding key: http://hub-cloud.browserstack.com:80 for channel [id: 0x0cfc242a, L:/172.17.19.76:58368 - R:hub-cloud.browserstack.com/173.234.104.3:80]
12:08:59.403 [main] DEBUG net.thucydides.core.steps.StepInterceptor - STARTING STEP: LoginStepDefs.the_user_enters_the_username_and_password - login
12:08:59.409 [Forwarding setTimeout on session 6c4657cb1aa1a7910e56123c8d086d97ebbbf03a to remote] DEBUG org.asynchttpclient.netty.request.NettyRequestSender - Using pooled Channel '[id: 0x0cfc242a, L:/172.17.19.76:58368 - R:hub-cloud.browserstack.com/173.234.104.3:80]' for 'POST' to 'http://nguynanhdng_QCrHDk:mNTnt9bgzxAqbAEVwh6Y@hub-cloud.browserstack.com/wd/hub/session/6c4657cb1aa1a7910e56123c8d086d97ebbbf03a/timeouts'
12:08:59.409 [Forwarding setTimeout on session 6c4657cb1aa1a7910e56123c8d086d97ebbbf03a to remote] DEBUG org.asynchttpclient.netty.request.NettyRequestSender - Using open Channel [id: 0x0cfc242a, L:/172.17.19.76:58368 - R:hub-cloud.browserstack.com/173.234.104.3:80] for POST '/wd/hub/session/6c4657cb1aa1a7910e56123c8d086d97ebbbf03a/timeouts'
12:08:59.689 [AsyncHttpClient-1-2] DEBUG org.asynchttpclient.netty.handler.HttpHandler - 

Request DefaultHttpRequest(decodeResult: success, version: HTTP/1.1)
POST /wd/hub/session/6c4657cb1aa1a7910e56123c8d086d97ebbbf03a/timeouts HTTP/1.1
User-Agent: selenium/4.1.3 (java windows)
traceparent: 00-1462c46028c6029bd0f67b75ac20048e-e728042c71f51ce2-01
Content-Length: 19
Content-Type: application/json; charset=utf-8
host: hub-cloud.browserstack.com
authorization: Basic bmd1eW5hbmhkbmdfUUNySERrOm1OVG50OWJnenhBcWJBRVZ3aDZZ
accept: */*

Response DefaultHttpResponse(decodeResult: success, version: HTTP/1.1)
HTTP/1.1 200 OK
Server: nginx
Date: Mon, 09 May 2022 05:08:59 GMT
Content-Type: application/json;charset=utf-8
Connection: keep-alive
Source-From: 02
expires: Thu, 01 Jan 1970 00:00:00 GMT
cache-control: no-cache, no-cache
temp-header: 2029-2500204178-1-1652072939.510-rproxy-core-002-dcp-apse2a-prod.browserstack.com
content-length: 14

12:08:59.690 [AsyncHttpClient-1-2] DEBUG org.asynchttpclient.netty.channel.ChannelManager - Adding key: http://hub-cloud.browserstack.com:80 for channel [id: 0x0cfc242a, L:/172.17.19.76:58368 - R:hub-cloud.browserstack.com/173.234.104.3:80]
12:08:59.693 [Forwarding findElement on session 6c4657cb1aa1a7910e56123c8d086d97ebbbf03a to remote] DEBUG org.asynchttpclient.netty.request.NettyRequestSender - Using pooled Channel '[id: 0x0cfc242a, L:/172.17.19.76:58368 - R:hub-cloud.browserstack.com/173.234.104.3:80]' for 'POST' to 'http://nguynanhdng_QCrHDk:mNTnt9bgzxAqbAEVwh6Y@hub-cloud.browserstack.com/wd/hub/session/6c4657cb1aa1a7910e56123c8d086d97ebbbf03a/element'
12:08:59.693 [Forwarding findElement on session 6c4657cb1aa1a7910e56123c8d086d97ebbbf03a to remote] DEBUG org.asynchttpclient.netty.request.NettyRequestSender - Using open Channel [id: 0x0cfc242a, L:/172.17.19.76:58368 - R:hub-cloud.browserstack.com/173.234.104.3:80] for POST '/wd/hub/session/6c4657cb1aa1a7910e56123c8d086d97ebbbf03a/element'
12:08:59.997 [AsyncHttpClient-1-2] DEBUG org.asynchttpclient.netty.handler.HttpHandler - 

Request DefaultHttpRequest(decodeResult: success, version: HTTP/1.1)
POST /wd/hub/session/6c4657cb1aa1a7910e56123c8d086d97ebbbf03a/element HTTP/1.1
User-Agent: selenium/4.1.3 (java windows)
traceparent: 00-23ec5d39c4b40570424e81845ea0f7e7-7042eea4b0c3a4cd-01
Content-Length: 61
Content-Type: application/json; charset=utf-8
host: hub-cloud.browserstack.com
authorization: Basic bmd1eW5hbmhkbmdfUUNySERrOm1OVG50OWJnenhBcWJBRVZ3aDZZ
accept: */*

Response DefaultHttpResponse(decodeResult: success, version: HTTP/1.1)
HTTP/1.1 200 OK
Server: nginx
Date: Mon, 09 May 2022 05:08:59 GMT
Content-Type: application/json;charset=utf-8
Connection: keep-alive
Source-From: 02
expires: Thu, 01 Jan 1970 00:00:00 GMT
cache-control: no-cache, no-cache
temp-header: 3691-5157196582-1-1652072939.801-rproxy-core-001-dcp-apse2a-prod.browserstack.com
content-length: 88

12:08:59.998 [AsyncHttpClient-1-2] DEBUG org.asynchttpclient.netty.channel.ChannelManager - Adding key: http://hub-cloud.browserstack.com:80 for channel [id: 0x0cfc242a, L:/172.17.19.76:58368 - R:hub-cloud.browserstack.com/173.234.104.3:80]
12:09:00.002 [Forwarding setTimeout on session 6c4657cb1aa1a7910e56123c8d086d97ebbbf03a to remote] DEBUG org.asynchttpclient.netty.request.NettyRequestSender - Using pooled Channel '[id: 0x0cfc242a, L:/172.17.19.76:58368 - R:hub-cloud.browserstack.com/173.234.104.3:80]' for 'POST' to 'http://nguynanhdng_QCrHDk:mNTnt9bgzxAqbAEVwh6Y@hub-cloud.browserstack.com/wd/hub/session/6c4657cb1aa1a7910e56123c8d086d97ebbbf03a/timeouts'
12:09:00.002 [Forwarding setTimeout on session 6c4657cb1aa1a7910e56123c8d086d97ebbbf03a to remote] DEBUG org.asynchttpclient.netty.request.NettyRequestSender - Using open Channel [id: 0x0cfc242a, L:/172.17.19.76:58368 - R:hub-cloud.browserstack.com/173.234.104.3:80] for POST '/wd/hub/session/6c4657cb1aa1a7910e56123c8d086d97ebbbf03a/timeouts'
12:09:00.304 [AsyncHttpClient-1-2] DEBUG org.asynchttpclient.netty.handler.HttpHandler - 

Request DefaultHttpRequest(decodeResult: success, version: HTTP/1.1)
POST /wd/hub/session/6c4657cb1aa1a7910e56123c8d086d97ebbbf03a/timeouts HTTP/1.1
User-Agent: selenium/4.1.3 (java windows)
traceparent: 00-33ccca401908b5536a604d98299f800b-17b9f55b598bbb18-01
Content-Length: 22
Content-Type: application/json; charset=utf-8
host: hub-cloud.browserstack.com
authorization: Basic bmd1eW5hbmhkbmdfUUNySERrOm1OVG50OWJnenhBcWJBRVZ3aDZZ
accept: */*

Response DefaultHttpResponse(decodeResult: success, version: HTTP/1.1)
HTTP/1.1 200 OK
Server: nginx
Date: Mon, 09 May 2022 05:09:00 GMT
Content-Type: application/json;charset=utf-8
Connection: keep-alive
Source-From: 02
expires: Thu, 01 Jan 1970 00:00:00 GMT
cache-control: no-cache, no-cache
temp-header: 2029-2500204296-1-1652072940.110-rproxy-core-002-dcp-apse2a-prod.browserstack.com
content-length: 14

12:09:00.304 [AsyncHttpClient-1-2] DEBUG org.asynchttpclient.netty.channel.ChannelManager - Adding key: http://hub-cloud.browserstack.com:80 for channel [id: 0x0cfc242a, L:/172.17.19.76:58368 - R:hub-cloud.browserstack.com/173.234.104.3:80]
12:09:00.312 [AsyncHttpClient-1-1] DEBUG org.asynchttpclient.netty.channel.DefaultChannelPool - Entry count for : http://hub-cloud.browserstack.com:80 : 1
12:09:00.312 [Forwarding isElementDisplayed on session 6c4657cb1aa1a7910e56123c8d086d97ebbbf03a to remote] DEBUG org.asynchttpclient.netty.request.NettyRequestSender - Using pooled Channel '[id: 0x0cfc242a, L:/172.17.19.76:58368 - R:hub-cloud.browserstack.com/173.234.104.3:80]' for 'POST' to 'http://nguynanhdng_QCrHDk:mNTnt9bgzxAqbAEVwh6Y@hub-cloud.browserstack.com/wd/hub/session/6c4657cb1aa1a7910e56123c8d086d97ebbbf03a/execute/sync'
12:09:00.312 [Forwarding isElementDisplayed on session 6c4657cb1aa1a7910e56123c8d086d97ebbbf03a to remote] DEBUG org.asynchttpclient.netty.request.NettyRequestSender - Using open Channel [id: 0x0cfc242a, L:/172.17.19.76:58368 - R:hub-cloud.browserstack.com/173.234.104.3:80] for POST '/wd/hub/session/6c4657cb1aa1a7910e56123c8d086d97ebbbf03a/execute/sync'
12:09:00.585 [AsyncHttpClient-1-2] DEBUG org.asynchttpclient.netty.handler.HttpHandler - 

Request DefaultHttpRequest(decodeResult: success, version: HTTP/1.1)
POST /wd/hub/session/6c4657cb1aa1a7910e56123c8d086d97ebbbf03a/execute/sync HTTP/1.1
User-Agent: selenium/4.1.3 (java windows)
traceparent: 00-241132206b4f98f066f67fbbba93a5ad-5adcf4625f874a8d-01
Content-Length: 48780
Content-Type: application/json; charset=utf-8
host: hub-cloud.browserstack.com
authorization: Basic bmd1eW5hbmhkbmdfUUNySERrOm1OVG50OWJnenhBcWJBRVZ3aDZZ
accept: */*

Response DefaultHttpResponse(decodeResult: success, version: HTTP/1.1)
HTTP/1.1 200 OK
Server: nginx
Date: Mon, 09 May 2022 05:09:00 GMT
Content-Type: application/json;charset=utf-8
Connection: keep-alive
Source-From: 02
expires: Thu, 01 Jan 1970 00:00:00 GMT
cache-control: no-cache, no-cache
temp-header: 3697-5157196685-1-1652072940.420-rproxy-core-001-dcp-apse2a-prod.browserstack.com
content-length: 14

12:09:00.587 [AsyncHttpClient-1-2] DEBUG org.asynchttpclient.netty.channel.ChannelManager - Adding key: http://hub-cloud.browserstack.com:80 for channel [id: 0x0cfc242a, L:/172.17.19.76:58368 - R:hub-cloud.browserstack.com/173.234.104.3:80]
12:09:00.591 [Forwarding clearElement on session 6c4657cb1aa1a7910e56123c8d086d97ebbbf03a to remote] DEBUG org.asynchttpclient.netty.request.NettyRequestSender - Using pooled Channel '[id: 0x0cfc242a, L:/172.17.19.76:58368 - R:hub-cloud.browserstack.com/173.234.104.3:80]' for 'POST' to 'http://nguynanhdng_QCrHDk:mNTnt9bgzxAqbAEVwh6Y@hub-cloud.browserstack.com/wd/hub/session/6c4657cb1aa1a7910e56123c8d086d97ebbbf03a/element/da908cc1-c09e-44d1-b76b-a3b90cd460ca/clear'
12:09:00.591 [Forwarding clearElement on session 6c4657cb1aa1a7910e56123c8d086d97ebbbf03a to remote] DEBUG org.asynchttpclient.netty.request.NettyRequestSender - Using open Channel [id: 0x0cfc242a, L:/172.17.19.76:58368 - R:hub-cloud.browserstack.com/173.234.104.3:80] for POST '/wd/hub/session/6c4657cb1aa1a7910e56123c8d086d97ebbbf03a/element/da908cc1-c09e-44d1-b76b-a3b90cd460ca/clear'
12:09:00.890 [AsyncHttpClient-1-2] DEBUG org.asynchttpclient.netty.handler.HttpHandler - 

Request DefaultHttpRequest(decodeResult: success, version: HTTP/1.1)
POST /wd/hub/session/6c4657cb1aa1a7910e56123c8d086d97ebbbf03a/element/da908cc1-c09e-44d1-b76b-a3b90cd460ca/clear HTTP/1.1
User-Agent: selenium/4.1.3 (java windows)
traceparent: 00-5d052e63c8b4cabb7b9667ac36d0c984-52b75af9fd1e6334-01
Content-Length: 50
Content-Type: application/json; charset=utf-8
host: hub-cloud.browserstack.com
authorization: Basic bmd1eW5hbmhkbmdfUUNySERrOm1OVG50OWJnenhBcWJBRVZ3aDZZ
accept: */*

Response DefaultHttpResponse(decodeResult: success, version: HTTP/1.1)
HTTP/1.1 200 OK
Server: nginx
Date: Mon, 09 May 2022 05:09:00 GMT
Content-Type: application/json;charset=utf-8
Connection: keep-alive
Source-From: 02
expires: Thu, 01 Jan 1970 00:00:00 GMT
cache-control: no-cache, no-cache
temp-header: 3693-5157196725-1-1652072940.706-rproxy-core-001-dcp-apse2a-prod.browserstack.com
content-length: 14

12:09:00.891 [AsyncHttpClient-1-2] DEBUG org.asynchttpclient.netty.channel.ChannelManager - Adding key: http://hub-cloud.browserstack.com:80 for channel [id: 0x0cfc242a, L:/172.17.19.76:58368 - R:hub-cloud.browserstack.com/173.234.104.3:80]
12:09:00.894 [Forwarding sendKeysToElement on session 6c4657cb1aa1a7910e56123c8d086d97ebbbf03a to remote] DEBUG org.asynchttpclient.netty.request.NettyRequestSender - Using pooled Channel '[id: 0x0cfc242a, L:/172.17.19.76:58368 - R:hub-cloud.browserstack.com/173.234.104.3:80]' for 'POST' to 'http://nguynanhdng_QCrHDk:mNTnt9bgzxAqbAEVwh6Y@hub-cloud.browserstack.com/wd/hub/session/6c4657cb1aa1a7910e56123c8d086d97ebbbf03a/element/da908cc1-c09e-44d1-b76b-a3b90cd460ca/value'
12:09:00.895 [Forwarding sendKeysToElement on session 6c4657cb1aa1a7910e56123c8d086d97ebbbf03a to remote] DEBUG org.asynchttpclient.netty.request.NettyRequestSender - Using open Channel [id: 0x0cfc242a, L:/172.17.19.76:58368 - R:hub-cloud.browserstack.com/173.234.104.3:80] for POST '/wd/hub/session/6c4657cb1aa1a7910e56123c8d086d97ebbbf03a/element/da908cc1-c09e-44d1-b76b-a3b90cd460ca/value'
12:09:01.234 [AsyncHttpClient-1-2] DEBUG org.asynchttpclient.netty.handler.HttpHandler - 

Request DefaultHttpRequest(decodeResult: success, version: HTTP/1.1)
POST /wd/hub/session/6c4657cb1aa1a7910e56123c8d086d97ebbbf03a/element/da908cc1-c09e-44d1-b76b-a3b90cd460ca/value HTTP/1.1
User-Agent: selenium/4.1.3 (java windows)
traceparent: 00-ca115e544ab3755a8b4d2516588fdcad-9e786e5204d8bef9-01
Content-Length: 131
Content-Type: application/json; charset=utf-8
host: hub-cloud.browserstack.com
authorization: Basic bmd1eW5hbmhkbmdfUUNySERrOm1OVG50OWJnenhBcWJBRVZ3aDZZ
accept: */*

Response DefaultHttpResponse(decodeResult: success, version: HTTP/1.1)
HTTP/1.1 200 OK
Server: nginx
Date: Mon, 09 May 2022 05:09:01 GMT
Content-Type: application/json;charset=utf-8
Connection: keep-alive
Source-From: 02
expires: Thu, 01 Jan 1970 00:00:00 GMT
cache-control: no-cache, no-cache
temp-header: 3692-5157196797-1-1652072941.069-rproxy-core-001-dcp-apse2a-prod.browserstack.com
content-length: 14

12:09:01.235 [AsyncHttpClient-1-2] DEBUG org.asynchttpclient.netty.channel.ChannelManager - Adding key: http://hub-cloud.browserstack.com:80 for channel [id: 0x0cfc242a, L:/172.17.19.76:58368 - R:hub-cloud.browserstack.com/173.234.104.3:80]
12:09:01.240 [Forwarding setTimeout on session 6c4657cb1aa1a7910e56123c8d086d97ebbbf03a to remote] DEBUG org.asynchttpclient.netty.request.NettyRequestSender - Using pooled Channel '[id: 0x0cfc242a, L:/172.17.19.76:58368 - R:hub-cloud.browserstack.com/173.234.104.3:80]' for 'POST' to 'http://nguynanhdng_QCrHDk:mNTnt9bgzxAqbAEVwh6Y@hub-cloud.browserstack.com/wd/hub/session/6c4657cb1aa1a7910e56123c8d086d97ebbbf03a/timeouts'
12:09:01.240 [Forwarding setTimeout on session 6c4657cb1aa1a7910e56123c8d086d97ebbbf03a to remote] DEBUG org.asynchttpclient.netty.request.NettyRequestSender - Using open Channel [id: 0x0cfc242a, L:/172.17.19.76:58368 - R:hub-cloud.browserstack.com/173.234.104.3:80] for POST '/wd/hub/session/6c4657cb1aa1a7910e56123c8d086d97ebbbf03a/timeouts'
12:09:01.584 [AsyncHttpClient-1-2] DEBUG org.asynchttpclient.netty.handler.HttpHandler - 

Request DefaultHttpRequest(decodeResult: success, version: HTTP/1.1)
POST /wd/hub/session/6c4657cb1aa1a7910e56123c8d086d97ebbbf03a/timeouts HTTP/1.1
User-Agent: selenium/4.1.3 (java windows)
traceparent: 00-9d925055f208978bd574359c07d02891-cffcc0ee35a4ebf3-01
Content-Length: 19
Content-Type: application/json; charset=utf-8
host: hub-cloud.browserstack.com
authorization: Basic bmd1eW5hbmhkbmdfUUNySERrOm1OVG50OWJnenhBcWJBRVZ3aDZZ
accept: */*

Response DefaultHttpResponse(decodeResult: success, version: HTTP/1.1)
HTTP/1.1 200 OK
Server: nginx
Date: Mon, 09 May 2022 05:09:01 GMT
Content-Type: application/json;charset=utf-8
Connection: keep-alive
Source-From: 02
expires: Thu, 01 Jan 1970 00:00:00 GMT
cache-control: no-cache, no-cache
temp-header: 3695-5157196869-1-1652072941.365-rproxy-core-001-dcp-apse2a-prod.browserstack.com
content-length: 14

12:09:01.584 [AsyncHttpClient-1-2] DEBUG org.asynchttpclient.netty.channel.ChannelManager - Adding key: http://hub-cloud.browserstack.com:80 for channel [id: 0x0cfc242a, L:/172.17.19.76:58368 - R:hub-cloud.browserstack.com/173.234.104.3:80]
12:09:01.588 [Forwarding findElement on session 6c4657cb1aa1a7910e56123c8d086d97ebbbf03a to remote] DEBUG org.asynchttpclient.netty.request.NettyRequestSender - Using pooled Channel '[id: 0x0cfc242a, L:/172.17.19.76:58368 - R:hub-cloud.browserstack.com/173.234.104.3:80]' for 'POST' to 'http://nguynanhdng_QCrHDk:mNTnt9bgzxAqbAEVwh6Y@hub-cloud.browserstack.com/wd/hub/session/6c4657cb1aa1a7910e56123c8d086d97ebbbf03a/element'
12:09:01.588 [Forwarding findElement on session 6c4657cb1aa1a7910e56123c8d086d97ebbbf03a to remote] DEBUG org.asynchttpclient.netty.request.NettyRequestSender - Using open Channel [id: 0x0cfc242a, L:/172.17.19.76:58368 - R:hub-cloud.browserstack.com/173.234.104.3:80] for POST '/wd/hub/session/6c4657cb1aa1a7910e56123c8d086d97ebbbf03a/element'
12:09:01.850 [AsyncHttpClient-1-2] DEBUG org.asynchttpclient.netty.handler.HttpHandler - 

Request DefaultHttpRequest(decodeResult: success, version: HTTP/1.1)
POST /wd/hub/session/6c4657cb1aa1a7910e56123c8d086d97ebbbf03a/element HTTP/1.1
User-Agent: selenium/4.1.3 (java windows)
traceparent: 00-9dd04425b40ff071238fb8fa0a745b1d-d90c19e1fc66b54a-01
Content-Length: 66
Content-Type: application/json; charset=utf-8
host: hub-cloud.browserstack.com
authorization: Basic bmd1eW5hbmhkbmdfUUNySERrOm1OVG50OWJnenhBcWJBRVZ3aDZZ
accept: */*

Response DefaultHttpResponse(decodeResult: success, version: HTTP/1.1)
HTTP/1.1 200 OK
Server: nginx
Date: Mon, 09 May 2022 05:09:01 GMT
Content-Type: application/json;charset=utf-8
Connection: keep-alive
Source-From: 02
expires: Thu, 01 Jan 1970 00:00:00 GMT
cache-control: no-cache, no-cache
temp-header: 3689-5157196927-1-1652072941.685-rproxy-core-001-dcp-apse2a-prod.browserstack.com
content-length: 88

12:09:01.851 [AsyncHttpClient-1-2] DEBUG org.asynchttpclient.netty.channel.ChannelManager - Adding key: http://hub-cloud.browserstack.com:80 for channel [id: 0x0cfc242a, L:/172.17.19.76:58368 - R:hub-cloud.browserstack.com/173.234.104.3:80]
12:09:01.855 [Forwarding setTimeout on session 6c4657cb1aa1a7910e56123c8d086d97ebbbf03a to remote] DEBUG org.asynchttpclient.netty.request.NettyRequestSender - Using pooled Channel '[id: 0x0cfc242a, L:/172.17.19.76:58368 - R:hub-cloud.browserstack.com/173.234.104.3:80]' for 'POST' to 'http://nguynanhdng_QCrHDk:mNTnt9bgzxAqbAEVwh6Y@hub-cloud.browserstack.com/wd/hub/session/6c4657cb1aa1a7910e56123c8d086d97ebbbf03a/timeouts'
12:09:01.855 [Forwarding setTimeout on session 6c4657cb1aa1a7910e56123c8d086d97ebbbf03a to remote] DEBUG org.asynchttpclient.netty.request.NettyRequestSender - Using open Channel [id: 0x0cfc242a, L:/172.17.19.76:58368 - R:hub-cloud.browserstack.com/173.234.104.3:80] for POST '/wd/hub/session/6c4657cb1aa1a7910e56123c8d086d97ebbbf03a/timeouts'
12:09:02.114 [AsyncHttpClient-1-2] DEBUG org.asynchttpclient.netty.handler.HttpHandler - 

Request DefaultHttpRequest(decodeResult: success, version: HTTP/1.1)
POST /wd/hub/session/6c4657cb1aa1a7910e56123c8d086d97ebbbf03a/timeouts HTTP/1.1
User-Agent: selenium/4.1.3 (java windows)
traceparent: 00-c06a0169ec4f8ca3a0e174c8f5ad8f79-5973d036530e6b5f-01
Content-Length: 22
Content-Type: application/json; charset=utf-8
host: hub-cloud.browserstack.com
authorization: Basic bmd1eW5hbmhkbmdfUUNySERrOm1OVG50OWJnenhBcWJBRVZ3aDZZ
accept: */*

Response DefaultHttpResponse(decodeResult: success, version: HTTP/1.1)
HTTP/1.1 200 OK
Server: nginx
Date: Mon, 09 May 2022 05:09:01 GMT
Content-Type: application/json;charset=utf-8
Connection: keep-alive
Source-From: 02
expires: Thu, 01 Jan 1970 00:00:00 GMT
cache-control: no-cache, no-cache
temp-header: 3694-5157196997-1-1652072941.946-rproxy-core-001-dcp-apse2a-prod.browserstack.com
content-length: 14

12:09:02.115 [AsyncHttpClient-1-2] DEBUG org.asynchttpclient.netty.channel.ChannelManager - Adding key: http://hub-cloud.browserstack.com:80 for channel [id: 0x0cfc242a, L:/172.17.19.76:58368 - R:hub-cloud.browserstack.com/173.234.104.3:80]
12:09:02.122 [Forwarding isElementDisplayed on session 6c4657cb1aa1a7910e56123c8d086d97ebbbf03a to remote] DEBUG org.asynchttpclient.netty.request.NettyRequestSender - Using pooled Channel '[id: 0x0cfc242a, L:/172.17.19.76:58368 - R:hub-cloud.browserstack.com/173.234.104.3:80]' for 'POST' to 'http://nguynanhdng_QCrHDk:mNTnt9bgzxAqbAEVwh6Y@hub-cloud.browserstack.com/wd/hub/session/6c4657cb1aa1a7910e56123c8d086d97ebbbf03a/execute/sync'
12:09:02.123 [Forwarding isElementDisplayed on session 6c4657cb1aa1a7910e56123c8d086d97ebbbf03a to remote] DEBUG org.asynchttpclient.netty.request.NettyRequestSender - Using open Channel [id: 0x0cfc242a, L:/172.17.19.76:58368 - R:hub-cloud.browserstack.com/173.234.104.3:80] for POST '/wd/hub/session/6c4657cb1aa1a7910e56123c8d086d97ebbbf03a/execute/sync'
12:09:02.404 [AsyncHttpClient-1-2] DEBUG org.asynchttpclient.netty.handler.HttpHandler - 

Request DefaultHttpRequest(decodeResult: success, version: HTTP/1.1)
POST /wd/hub/session/6c4657cb1aa1a7910e56123c8d086d97ebbbf03a/execute/sync HTTP/1.1
User-Agent: selenium/4.1.3 (java windows)
traceparent: 00-7b97a37a23d0aae6f3bb391a78bd13a0-f6c5de2701b70dc6-01
Content-Length: 48780
Content-Type: application/json; charset=utf-8
host: hub-cloud.browserstack.com
authorization: Basic bmd1eW5hbmhkbmdfUUNySERrOm1OVG50OWJnenhBcWJBRVZ3aDZZ
accept: */*

Response DefaultHttpResponse(decodeResult: success, version: HTTP/1.1)
HTTP/1.1 200 OK
Server: nginx
Date: Mon, 09 May 2022 05:09:02 GMT
Content-Type: application/json;charset=utf-8
Connection: keep-alive
Source-From: 02
expires: Thu, 01 Jan 1970 00:00:00 GMT
cache-control: no-cache, no-cache
temp-header: 3696-5157197041-1-1652072942.238-rproxy-core-001-dcp-apse2a-prod.browserstack.com
content-length: 14

12:09:02.405 [AsyncHttpClient-1-2] DEBUG org.asynchttpclient.netty.channel.ChannelManager - Adding key: http://hub-cloud.browserstack.com:80 for channel [id: 0x0cfc242a, L:/172.17.19.76:58368 - R:hub-cloud.browserstack.com/173.234.104.3:80]
12:09:02.408 [Forwarding clearElement on session 6c4657cb1aa1a7910e56123c8d086d97ebbbf03a to remote] DEBUG org.asynchttpclient.netty.request.NettyRequestSender - Using pooled Channel '[id: 0x0cfc242a, L:/172.17.19.76:58368 - R:hub-cloud.browserstack.com/173.234.104.3:80]' for 'POST' to 'http://nguynanhdng_QCrHDk:mNTnt9bgzxAqbAEVwh6Y@hub-cloud.browserstack.com/wd/hub/session/6c4657cb1aa1a7910e56123c8d086d97ebbbf03a/element/366d5b0d-f040-4413-9314-0a2f7ba26075/clear'
12:09:02.408 [Forwarding clearElement on session 6c4657cb1aa1a7910e56123c8d086d97ebbbf03a to remote] DEBUG org.asynchttpclient.netty.request.NettyRequestSender - Using open Channel [id: 0x0cfc242a, L:/172.17.19.76:58368 - R:hub-cloud.browserstack.com/173.234.104.3:80] for POST '/wd/hub/session/6c4657cb1aa1a7910e56123c8d086d97ebbbf03a/element/366d5b0d-f040-4413-9314-0a2f7ba26075/clear'
12:09:02.724 [AsyncHttpClient-1-2] DEBUG org.asynchttpclient.netty.handler.HttpHandler - 

Request DefaultHttpRequest(decodeResult: success, version: HTTP/1.1)
POST /wd/hub/session/6c4657cb1aa1a7910e56123c8d086d97ebbbf03a/element/366d5b0d-f040-4413-9314-0a2f7ba26075/clear HTTP/1.1
User-Agent: selenium/4.1.3 (java windows)
traceparent: 00-3cf3e6b066605f0dc0d4f4f6b297ce18-17b5ac520435f405-01
Content-Length: 50
Content-Type: application/json; charset=utf-8
host: hub-cloud.browserstack.com
authorization: Basic bmd1eW5hbmhkbmdfUUNySERrOm1OVG50OWJnenhBcWJBRVZ3aDZZ
accept: */*

Response DefaultHttpResponse(decodeResult: success, version: HTTP/1.1)
HTTP/1.1 200 OK
Server: nginx
Date: Mon, 09 May 2022 05:09:02 GMT
Content-Type: application/json;charset=utf-8
Connection: keep-alive
Source-From: 02
expires: Thu, 01 Jan 1970 00:00:00 GMT
cache-control: no-cache, no-cache
temp-header: 3696-5157197111-1-1652072942.523-rproxy-core-001-dcp-apse2a-prod.browserstack.com
content-length: 14

12:09:02.725 [AsyncHttpClient-1-2] DEBUG org.asynchttpclient.netty.channel.ChannelManager - Adding key: http://hub-cloud.browserstack.com:80 for channel [id: 0x0cfc242a, L:/172.17.19.76:58368 - R:hub-cloud.browserstack.com/173.234.104.3:80]
12:09:02.728 [Forwarding sendKeysToElement on session 6c4657cb1aa1a7910e56123c8d086d97ebbbf03a to remote] DEBUG org.asynchttpclient.netty.request.NettyRequestSender - Using pooled Channel '[id: 0x0cfc242a, L:/172.17.19.76:58368 - R:hub-cloud.browserstack.com/173.234.104.3:80]' for 'POST' to 'http://nguynanhdng_QCrHDk:mNTnt9bgzxAqbAEVwh6Y@hub-cloud.browserstack.com/wd/hub/session/6c4657cb1aa1a7910e56123c8d086d97ebbbf03a/element/366d5b0d-f040-4413-9314-0a2f7ba26075/value'
12:09:02.729 [Forwarding sendKeysToElement on session 6c4657cb1aa1a7910e56123c8d086d97ebbbf03a to remote] DEBUG org.asynchttpclient.netty.request.NettyRequestSender - Using open Channel [id: 0x0cfc242a, L:/172.17.19.76:58368 - R:hub-cloud.browserstack.com/173.234.104.3:80] for POST '/wd/hub/session/6c4657cb1aa1a7910e56123c8d086d97ebbbf03a/element/366d5b0d-f040-4413-9314-0a2f7ba26075/value'
12:09:03.049 [AsyncHttpClient-1-2] DEBUG org.asynchttpclient.netty.handler.HttpHandler - 

Request DefaultHttpRequest(decodeResult: success, version: HTTP/1.1)
POST /wd/hub/session/6c4657cb1aa1a7910e56123c8d086d97ebbbf03a/element/366d5b0d-f040-4413-9314-0a2f7ba26075/value HTTP/1.1
User-Agent: selenium/4.1.3 (java windows)
traceparent: 00-b2146e71bb88f1b47b248206c2b830d4-1146e09eee2ce680-01
Content-Length: 181
Content-Type: application/json; charset=utf-8
host: hub-cloud.browserstack.com
authorization: Basic bmd1eW5hbmhkbmdfUUNySERrOm1OVG50OWJnenhBcWJBRVZ3aDZZ
accept: */*

Response DefaultHttpResponse(decodeResult: success, version: HTTP/1.1)
HTTP/1.1 200 OK
Server: nginx
Date: Mon, 09 May 2022 05:09:02 GMT
Content-Type: application/json;charset=utf-8
Connection: keep-alive
Source-From: 02
expires: Thu, 01 Jan 1970 00:00:00 GMT
cache-control: no-cache, no-cache
temp-header: 2023-2500204800-1-1652072942.884-rproxy-core-002-dcp-apse2a-prod.browserstack.com
content-length: 14

12:09:03.050 [AsyncHttpClient-1-2] DEBUG org.asynchttpclient.netty.channel.ChannelManager - Adding key: http://hub-cloud.browserstack.com:80 for channel [id: 0x0cfc242a, L:/172.17.19.76:58368 - R:hub-cloud.browserstack.com/173.234.104.3:80]
12:09:03.058 [Forwarding setTimeout on session 6c4657cb1aa1a7910e56123c8d086d97ebbbf03a to remote] DEBUG org.asynchttpclient.netty.request.NettyRequestSender - Using pooled Channel '[id: 0x0cfc242a, L:/172.17.19.76:58368 - R:hub-cloud.browserstack.com/173.234.104.3:80]' for 'POST' to 'http://nguynanhdng_QCrHDk:mNTnt9bgzxAqbAEVwh6Y@hub-cloud.browserstack.com/wd/hub/session/6c4657cb1aa1a7910e56123c8d086d97ebbbf03a/timeouts'
12:09:03.058 [Forwarding setTimeout on session 6c4657cb1aa1a7910e56123c8d086d97ebbbf03a to remote] DEBUG org.asynchttpclient.netty.request.NettyRequestSender - Using open Channel [id: 0x0cfc242a, L:/172.17.19.76:58368 - R:hub-cloud.browserstack.com/173.234.104.3:80] for POST '/wd/hub/session/6c4657cb1aa1a7910e56123c8d086d97ebbbf03a/timeouts'
12:09:03.375 [AsyncHttpClient-1-2] DEBUG org.asynchttpclient.netty.handler.HttpHandler - 

Request DefaultHttpRequest(decodeResult: success, version: HTTP/1.1)
POST /wd/hub/session/6c4657cb1aa1a7910e56123c8d086d97ebbbf03a/timeouts HTTP/1.1
User-Agent: selenium/4.1.3 (java windows)
traceparent: 00-06b22bbb1c03ea7df0a6e46d2cbda558-c6cf04ebf2547dbb-01
Content-Length: 19
Content-Type: application/json; charset=utf-8
host: hub-cloud.browserstack.com
authorization: Basic bmd1eW5hbmhkbmdfUUNySERrOm1OVG50OWJnenhBcWJBRVZ3aDZZ
accept: */*

Response DefaultHttpResponse(decodeResult: success, version: HTTP/1.1)
HTTP/1.1 200 OK
Server: nginx
Date: Mon, 09 May 2022 05:09:03 GMT
Content-Type: application/json;charset=utf-8
Connection: keep-alive
Source-From: 02
expires: Thu, 01 Jan 1970 00:00:00 GMT
cache-control: no-cache, no-cache
temp-header: 3699-5157197241-1-1652072943.160-rproxy-core-001-dcp-apse2a-prod.browserstack.com
content-length: 14

12:09:03.375 [AsyncHttpClient-1-2] DEBUG org.asynchttpclient.netty.channel.ChannelManager - Adding key: http://hub-cloud.browserstack.com:80 for channel [id: 0x0cfc242a, L:/172.17.19.76:58368 - R:hub-cloud.browserstack.com/173.234.104.3:80]
12:09:03.379 [Forwarding findElement on session 6c4657cb1aa1a7910e56123c8d086d97ebbbf03a to remote] DEBUG org.asynchttpclient.netty.request.NettyRequestSender - Using pooled Channel '[id: 0x0cfc242a, L:/172.17.19.76:58368 - R:hub-cloud.browserstack.com/173.234.104.3:80]' for 'POST' to 'http://nguynanhdng_QCrHDk:mNTnt9bgzxAqbAEVwh6Y@hub-cloud.browserstack.com/wd/hub/session/6c4657cb1aa1a7910e56123c8d086d97ebbbf03a/element'
12:09:03.379 [Forwarding findElement on session 6c4657cb1aa1a7910e56123c8d086d97ebbbf03a to remote] DEBUG org.asynchttpclient.netty.request.NettyRequestSender - Using open Channel [id: 0x0cfc242a, L:/172.17.19.76:58368 - R:hub-cloud.browserstack.com/173.234.104.3:80] for POST '/wd/hub/session/6c4657cb1aa1a7910e56123c8d086d97ebbbf03a/element'
12:09:03.713 [AsyncHttpClient-1-2] DEBUG org.asynchttpclient.netty.handler.HttpHandler - 

Request DefaultHttpRequest(decodeResult: success, version: HTTP/1.1)
POST /wd/hub/session/6c4657cb1aa1a7910e56123c8d086d97ebbbf03a/element HTTP/1.1
User-Agent: selenium/4.1.3 (java windows)
traceparent: 00-8fc63c6432d2a2cffc849c40f689d346-5f91685693ddde12-01
Content-Length: 64
Content-Type: application/json; charset=utf-8
host: hub-cloud.browserstack.com
authorization: Basic bmd1eW5hbmhkbmdfUUNySERrOm1OVG50OWJnenhBcWJBRVZ3aDZZ
accept: */*

Response DefaultHttpResponse(decodeResult: success, version: HTTP/1.1)
HTTP/1.1 200 OK
Server: nginx
Date: Mon, 09 May 2022 05:09:03 GMT
Content-Type: application/json;charset=utf-8
Connection: keep-alive
Source-From: 02
expires: Thu, 01 Jan 1970 00:00:00 GMT
cache-control: no-cache, no-cache
temp-header: 2025-2500204916-1-1652072943.491-rproxy-core-002-dcp-apse2a-prod.browserstack.com
content-length: 88

12:09:03.713 [AsyncHttpClient-1-2] DEBUG org.asynchttpclient.netty.channel.ChannelManager - Adding key: http://hub-cloud.browserstack.com:80 for channel [id: 0x0cfc242a, L:/172.17.19.76:58368 - R:hub-cloud.browserstack.com/173.234.104.3:80]
12:09:03.716 [Forwarding setTimeout on session 6c4657cb1aa1a7910e56123c8d086d97ebbbf03a to remote] DEBUG org.asynchttpclient.netty.request.NettyRequestSender - Using pooled Channel '[id: 0x0cfc242a, L:/172.17.19.76:58368 - R:hub-cloud.browserstack.com/173.234.104.3:80]' for 'POST' to 'http://nguynanhdng_QCrHDk:mNTnt9bgzxAqbAEVwh6Y@hub-cloud.browserstack.com/wd/hub/session/6c4657cb1aa1a7910e56123c8d086d97ebbbf03a/timeouts'
12:09:03.716 [Forwarding setTimeout on session 6c4657cb1aa1a7910e56123c8d086d97ebbbf03a to remote] DEBUG org.asynchttpclient.netty.request.NettyRequestSender - Using open Channel [id: 0x0cfc242a, L:/172.17.19.76:58368 - R:hub-cloud.browserstack.com/173.234.104.3:80] for POST '/wd/hub/session/6c4657cb1aa1a7910e56123c8d086d97ebbbf03a/timeouts'
12:09:03.984 [AsyncHttpClient-1-2] DEBUG org.asynchttpclient.netty.handler.HttpHandler - 

Request DefaultHttpRequest(decodeResult: success, version: HTTP/1.1)
POST /wd/hub/session/6c4657cb1aa1a7910e56123c8d086d97ebbbf03a/timeouts HTTP/1.1
User-Agent: selenium/4.1.3 (java windows)
traceparent: 00-ad08af8e7093307c1405bf1044a34ec9-c8b710805b135f45-01
Content-Length: 22
Content-Type: application/json; charset=utf-8
host: hub-cloud.browserstack.com
authorization: Basic bmd1eW5hbmhkbmdfUUNySERrOm1OVG50OWJnenhBcWJBRVZ3aDZZ
accept: */*

Response DefaultHttpResponse(decodeResult: success, version: HTTP/1.1)
HTTP/1.1 200 OK
Server: nginx
Date: Mon, 09 May 2022 05:09:03 GMT
Content-Type: application/json;charset=utf-8
Connection: keep-alive
Source-From: 02
expires: Thu, 01 Jan 1970 00:00:00 GMT
cache-control: no-cache, no-cache
temp-header: 2025-2500204982-1-1652072943.819-rproxy-core-002-dcp-apse2a-prod.browserstack.com
content-length: 14

12:09:03.984 [AsyncHttpClient-1-2] DEBUG org.asynchttpclient.netty.channel.ChannelManager - Adding key: http://hub-cloud.browserstack.com:80 for channel [id: 0x0cfc242a, L:/172.17.19.76:58368 - R:hub-cloud.browserstack.com/173.234.104.3:80]
12:09:03.989 [Forwarding isElementDisplayed on session 6c4657cb1aa1a7910e56123c8d086d97ebbbf03a to remote] DEBUG org.asynchttpclient.netty.request.NettyRequestSender - Using pooled Channel '[id: 0x0cfc242a, L:/172.17.19.76:58368 - R:hub-cloud.browserstack.com/173.234.104.3:80]' for 'POST' to 'http://nguynanhdng_QCrHDk:mNTnt9bgzxAqbAEVwh6Y@hub-cloud.browserstack.com/wd/hub/session/6c4657cb1aa1a7910e56123c8d086d97ebbbf03a/execute/sync'
12:09:03.989 [Forwarding isElementDisplayed on session 6c4657cb1aa1a7910e56123c8d086d97ebbbf03a to remote] DEBUG org.asynchttpclient.netty.request.NettyRequestSender - Using open Channel [id: 0x0cfc242a, L:/172.17.19.76:58368 - R:hub-cloud.browserstack.com/173.234.104.3:80] for POST '/wd/hub/session/6c4657cb1aa1a7910e56123c8d086d97ebbbf03a/execute/sync'
12:09:04.299 [AsyncHttpClient-1-2] DEBUG org.asynchttpclient.netty.handler.HttpHandler - 

Request DefaultHttpRequest(decodeResult: success, version: HTTP/1.1)
POST /wd/hub/session/6c4657cb1aa1a7910e56123c8d086d97ebbbf03a/execute/sync HTTP/1.1
User-Agent: selenium/4.1.3 (java windows)
traceparent: 00-8cdaeabaf6dd6e8e903923bb02886735-8116c18557030be1-01
Content-Length: 48780
Content-Type: application/json; charset=utf-8
host: hub-cloud.browserstack.com
authorization: Basic bmd1eW5hbmhkbmdfUUNySERrOm1OVG50OWJnenhBcWJBRVZ3aDZZ
accept: */*

Response DefaultHttpResponse(decodeResult: success, version: HTTP/1.1)
HTTP/1.1 200 OK
Server: nginx
Date: Mon, 09 May 2022 05:09:04 GMT
Content-Type: application/json;charset=utf-8
Connection: keep-alive
Source-From: 02
expires: Thu, 01 Jan 1970 00:00:00 GMT
cache-control: no-cache, no-cache
temp-header: 3691-5157197433-1-1652072944.103-rproxy-core-001-dcp-apse2a-prod.browserstack.com
content-length: 14

12:09:04.299 [AsyncHttpClient-1-2] DEBUG org.asynchttpclient.netty.channel.ChannelManager - Adding key: http://hub-cloud.browserstack.com:80 for channel [id: 0x0cfc242a, L:/172.17.19.76:58368 - R:hub-cloud.browserstack.com/173.234.104.3:80]
12:09:04.303 [Forwarding getElementTagName on session 6c4657cb1aa1a7910e56123c8d086d97ebbbf03a to remote] DEBUG org.asynchttpclient.netty.request.NettyRequestSender - Using pooled Channel '[id: 0x0cfc242a, L:/172.17.19.76:58368 - R:hub-cloud.browserstack.com/173.234.104.3:80]' for 'GET' to 'http://nguynanhdng_QCrHDk:mNTnt9bgzxAqbAEVwh6Y@hub-cloud.browserstack.com/wd/hub/session/6c4657cb1aa1a7910e56123c8d086d97ebbbf03a/element/a9f4570a-a00e-4647-8e86-668537fda2fa/name'
12:09:04.303 [Forwarding getElementTagName on session 6c4657cb1aa1a7910e56123c8d086d97ebbbf03a to remote] DEBUG org.asynchttpclient.netty.request.NettyRequestSender - Using open Channel [id: 0x0cfc242a, L:/172.17.19.76:58368 - R:hub-cloud.browserstack.com/173.234.104.3:80] for GET '/wd/hub/session/6c4657cb1aa1a7910e56123c8d086d97ebbbf03a/element/a9f4570a-a00e-4647-8e86-668537fda2fa/name'
12:09:04.567 [AsyncHttpClient-1-2] DEBUG org.asynchttpclient.netty.handler.HttpHandler - 

Request DefaultFullHttpRequest(decodeResult: success, version: HTTP/1.1, content: EmptyByteBufBE)
GET /wd/hub/session/6c4657cb1aa1a7910e56123c8d086d97ebbbf03a/element/a9f4570a-a00e-4647-8e86-668537fda2fa/name HTTP/1.1
User-Agent: selenium/4.1.3 (java windows)
Cache-Control: no-cache
traceparent: 00-a516069662ad6b81f120a40681d6d15b-270a13ccae97159a-01
Content-Type: application/json; charset=utf-8
host: hub-cloud.browserstack.com
authorization: Basic bmd1eW5hbmhkbmdfUUNySERrOm1OVG50OWJnenhBcWJBRVZ3aDZZ
accept: */*

Response DefaultHttpResponse(decodeResult: success, version: HTTP/1.1)
HTTP/1.1 200 OK
Server: nginx
Date: Mon, 09 May 2022 05:09:04 GMT
Content-Type: application/json;charset=utf-8
Connection: keep-alive
Source-From: 02
expires: Thu, 01 Jan 1970 00:00:00 GMT
cache-control: no-cache, no-cache
temp-header: 3697-5157197471-1-1652072944.401-rproxy-core-001-dcp-apse2a-prod.browserstack.com
content-length: 17

12:09:04.567 [AsyncHttpClient-1-2] DEBUG org.asynchttpclient.netty.channel.ChannelManager - Adding key: http://hub-cloud.browserstack.com:80 for channel [id: 0x0cfc242a, L:/172.17.19.76:58368 - R:hub-cloud.browserstack.com/173.234.104.3:80]
12:09:04.571 [Forwarding getElementTagName on session 6c4657cb1aa1a7910e56123c8d086d97ebbbf03a to remote] DEBUG org.asynchttpclient.netty.request.NettyRequestSender - Using pooled Channel '[id: 0x0cfc242a, L:/172.17.19.76:58368 - R:hub-cloud.browserstack.com/173.234.104.3:80]' for 'GET' to 'http://nguynanhdng_QCrHDk:mNTnt9bgzxAqbAEVwh6Y@hub-cloud.browserstack.com/wd/hub/session/6c4657cb1aa1a7910e56123c8d086d97ebbbf03a/element/a9f4570a-a00e-4647-8e86-668537fda2fa/name'
12:09:04.571 [Forwarding getElementTagName on session 6c4657cb1aa1a7910e56123c8d086d97ebbbf03a to remote] DEBUG org.asynchttpclient.netty.request.NettyRequestSender - Using open Channel [id: 0x0cfc242a, L:/172.17.19.76:58368 - R:hub-cloud.browserstack.com/173.234.104.3:80] for GET '/wd/hub/session/6c4657cb1aa1a7910e56123c8d086d97ebbbf03a/element/a9f4570a-a00e-4647-8e86-668537fda2fa/name'
12:09:04.934 [AsyncHttpClient-1-2] DEBUG org.asynchttpclient.netty.handler.HttpHandler - 

Request DefaultFullHttpRequest(decodeResult: success, version: HTTP/1.1, content: EmptyByteBufBE)
GET /wd/hub/session/6c4657cb1aa1a7910e56123c8d086d97ebbbf03a/element/a9f4570a-a00e-4647-8e86-668537fda2fa/name HTTP/1.1
User-Agent: selenium/4.1.3 (java windows)
Cache-Control: no-cache
traceparent: 00-c4b663056635e3500e9ad473e18a856f-e8df9579b95522ba-01
Content-Type: application/json; charset=utf-8
host: hub-cloud.browserstack.com
authorization: Basic bmd1eW5hbmhkbmdfUUNySERrOm1OVG50OWJnenhBcWJBRVZ3aDZZ
accept: */*

Response DefaultHttpResponse(decodeResult: success, version: HTTP/1.1)
HTTP/1.1 200 OK
Server: nginx
Date: Mon, 09 May 2022 05:09:04 GMT
Content-Type: application/json;charset=utf-8
Connection: keep-alive
Source-From: 02
expires: Thu, 01 Jan 1970 00:00:00 GMT
cache-control: no-cache, no-cache
temp-header: 2028-2500205082-1-1652072944.667-rproxy-core-002-dcp-apse2a-prod.browserstack.com
content-length: 17

12:09:04.934 [AsyncHttpClient-1-2] DEBUG org.asynchttpclient.netty.channel.ChannelManager - Adding key: http://hub-cloud.browserstack.com:80 for channel [id: 0x0cfc242a, L:/172.17.19.76:58368 - R:hub-cloud.browserstack.com/173.234.104.3:80]
12:09:04.939 [Forwarding isElementEnabled on session 6c4657cb1aa1a7910e56123c8d086d97ebbbf03a to remote] DEBUG org.asynchttpclient.netty.request.NettyRequestSender - Using pooled Channel '[id: 0x0cfc242a, L:/172.17.19.76:58368 - R:hub-cloud.browserstack.com/173.234.104.3:80]' for 'GET' to 'http://nguynanhdng_QCrHDk:mNTnt9bgzxAqbAEVwh6Y@hub-cloud.browserstack.com/wd/hub/session/6c4657cb1aa1a7910e56123c8d086d97ebbbf03a/element/a9f4570a-a00e-4647-8e86-668537fda2fa/enabled'
12:09:04.939 [Forwarding isElementEnabled on session 6c4657cb1aa1a7910e56123c8d086d97ebbbf03a to remote] DEBUG org.asynchttpclient.netty.request.NettyRequestSender - Using open Channel [id: 0x0cfc242a, L:/172.17.19.76:58368 - R:hub-cloud.browserstack.com/173.234.104.3:80] for GET '/wd/hub/session/6c4657cb1aa1a7910e56123c8d086d97ebbbf03a/element/a9f4570a-a00e-4647-8e86-668537fda2fa/enabled'
12:09:05.222 [AsyncHttpClient-1-2] DEBUG org.asynchttpclient.netty.handler.HttpHandler - 

Request DefaultFullHttpRequest(decodeResult: success, version: HTTP/1.1, content: EmptyByteBufBE)
GET /wd/hub/session/6c4657cb1aa1a7910e56123c8d086d97ebbbf03a/element/a9f4570a-a00e-4647-8e86-668537fda2fa/enabled HTTP/1.1
User-Agent: selenium/4.1.3 (java windows)
Cache-Control: no-cache
traceparent: 00-b88c3fae3e528874472adca49918e872-75bdbb42fdd0ad07-01
Content-Type: application/json; charset=utf-8
host: hub-cloud.browserstack.com
authorization: Basic bmd1eW5hbmhkbmdfUUNySERrOm1OVG50OWJnenhBcWJBRVZ3aDZZ
accept: */*

Response DefaultHttpResponse(decodeResult: success, version: HTTP/1.1)
HTTP/1.1 200 OK
Server: nginx
Date: Mon, 09 May 2022 05:09:05 GMT
Content-Type: application/json;charset=utf-8
Connection: keep-alive
Source-From: 02
expires: Thu, 01 Jan 1970 00:00:00 GMT
cache-control: no-cache, no-cache
temp-header: 2029-2500205150-1-1652072945.035-rproxy-core-002-dcp-apse2a-prod.browserstack.com
content-length: 14

12:09:05.222 [AsyncHttpClient-1-2] DEBUG org.asynchttpclient.netty.channel.ChannelManager - Adding key: http://hub-cloud.browserstack.com:80 for channel [id: 0x0cfc242a, L:/172.17.19.76:58368 - R:hub-cloud.browserstack.com/173.234.104.3:80]
12:09:05.226 [Forwarding isElementEnabled on session 6c4657cb1aa1a7910e56123c8d086d97ebbbf03a to remote] DEBUG org.asynchttpclient.netty.request.NettyRequestSender - Using pooled Channel '[id: 0x0cfc242a, L:/172.17.19.76:58368 - R:hub-cloud.browserstack.com/173.234.104.3:80]' for 'GET' to 'http://nguynanhdng_QCrHDk:mNTnt9bgzxAqbAEVwh6Y@hub-cloud.browserstack.com/wd/hub/session/6c4657cb1aa1a7910e56123c8d086d97ebbbf03a/element/a9f4570a-a00e-4647-8e86-668537fda2fa/enabled'
12:09:05.226 [Forwarding isElementEnabled on session 6c4657cb1aa1a7910e56123c8d086d97ebbbf03a to remote] DEBUG org.asynchttpclient.netty.request.NettyRequestSender - Using open Channel [id: 0x0cfc242a, L:/172.17.19.76:58368 - R:hub-cloud.browserstack.com/173.234.104.3:80] for GET '/wd/hub/session/6c4657cb1aa1a7910e56123c8d086d97ebbbf03a/element/a9f4570a-a00e-4647-8e86-668537fda2fa/enabled'
12:09:05.498 [AsyncHttpClient-1-2] DEBUG org.asynchttpclient.netty.handler.HttpHandler - 

Request DefaultFullHttpRequest(decodeResult: success, version: HTTP/1.1, content: EmptyByteBufBE)
GET /wd/hub/session/6c4657cb1aa1a7910e56123c8d086d97ebbbf03a/element/a9f4570a-a00e-4647-8e86-668537fda2fa/enabled HTTP/1.1
User-Agent: selenium/4.1.3 (java windows)
Cache-Control: no-cache
traceparent: 00-8f3a6f16f87336f5090b2c48052c28fa-ae5f32970cbbff26-01
Content-Type: application/json; charset=utf-8
host: hub-cloud.browserstack.com
authorization: Basic bmd1eW5hbmhkbmdfUUNySERrOm1OVG50OWJnenhBcWJBRVZ3aDZZ
accept: */*

Response DefaultHttpResponse(decodeResult: success, version: HTTP/1.1)
HTTP/1.1 200 OK
Server: nginx
Date: Mon, 09 May 2022 05:09:05 GMT
Content-Type: application/json;charset=utf-8
Connection: keep-alive
Source-From: 02
expires: Thu, 01 Jan 1970 00:00:00 GMT
cache-control: no-cache, no-cache
temp-header: 2034-2500205200-1-1652072945.330-rproxy-core-002-dcp-apse2a-prod.browserstack.com
content-length: 14

12:09:05.498 [AsyncHttpClient-1-2] DEBUG org.asynchttpclient.netty.channel.ChannelManager - Adding key: http://hub-cloud.browserstack.com:80 for channel [id: 0x0cfc242a, L:/172.17.19.76:58368 - R:hub-cloud.browserstack.com/173.234.104.3:80]
12:09:05.500 [Forwarding clickElement on session 6c4657cb1aa1a7910e56123c8d086d97ebbbf03a to remote] DEBUG org.asynchttpclient.netty.request.NettyRequestSender - Using pooled Channel '[id: 0x0cfc242a, L:/172.17.19.76:58368 - R:hub-cloud.browserstack.com/173.234.104.3:80]' for 'POST' to 'http://nguynanhdng_QCrHDk:mNTnt9bgzxAqbAEVwh6Y@hub-cloud.browserstack.com/wd/hub/session/6c4657cb1aa1a7910e56123c8d086d97ebbbf03a/element/a9f4570a-a00e-4647-8e86-668537fda2fa/click'
12:09:05.500 [Forwarding clickElement on session 6c4657cb1aa1a7910e56123c8d086d97ebbbf03a to remote] DEBUG org.asynchttpclient.netty.request.NettyRequestSender - Using open Channel [id: 0x0cfc242a, L:/172.17.19.76:58368 - R:hub-cloud.browserstack.com/173.234.104.3:80] for POST '/wd/hub/session/6c4657cb1aa1a7910e56123c8d086d97ebbbf03a/element/a9f4570a-a00e-4647-8e86-668537fda2fa/click'
12:09:06.655 [AsyncHttpClient-1-2] DEBUG org.asynchttpclient.netty.handler.HttpHandler - 

Request DefaultHttpRequest(decodeResult: success, version: HTTP/1.1)
POST /wd/hub/session/6c4657cb1aa1a7910e56123c8d086d97ebbbf03a/element/a9f4570a-a00e-4647-8e86-668537fda2fa/click HTTP/1.1
User-Agent: selenium/4.1.3 (java windows)
traceparent: 00-76d42789b4947100f6f6155d6500e526-f0b60585b2b1047d-01
Content-Length: 50
Content-Type: application/json; charset=utf-8
host: hub-cloud.browserstack.com
authorization: Basic bmd1eW5hbmhkbmdfUUNySERrOm1OVG50OWJnenhBcWJBRVZ3aDZZ
accept: */*

Response DefaultHttpResponse(decodeResult: success, version: HTTP/1.1)
HTTP/1.1 200 OK
Server: nginx
Date: Mon, 09 May 2022 05:09:06 GMT
Content-Type: application/json;charset=utf-8
Connection: keep-alive
Source-From: 02
expires: Thu, 01 Jan 1970 00:00:00 GMT
cache-control: no-cache, no-cache
temp-header: 2034-2500205256-1-1652072946.400-rproxy-core-002-dcp-apse2a-prod.browserstack.com
content-length: 14

12:09:06.655 [AsyncHttpClient-1-2] DEBUG org.asynchttpclient.netty.channel.ChannelManager - Adding key: http://hub-cloud.browserstack.com:80 for channel [id: 0x0cfc242a, L:/172.17.19.76:58368 - R:hub-cloud.browserstack.com/173.234.104.3:80]
12:09:06.660 [main] DEBUG net.thucydides.core.steps.StepInterceptor - STEP DONE: login
  &amp#27;[32mGiven &amp#27;[0m&amp#27;[32mthe user enters the username &amp#27;[0m&amp#27;[32m&amp#27;[1mmngr3&amp#27;[0m&amp#27;[32m and password &amp#27;[0m&amp#27;[32m&amp#27;[1mmngr398793&amp#27;[0m &amp#27;[90m# cucumber.LoginStepDefs.the_user_enters_the_username_and_password(java.lang.String,java.lang.String)&amp#27;[0m
12:09:06.670 [main] DEBUG net.thucydides.core.steps.StepInterceptor - STARTING STEP: LoginStepDefs.the_error_message_user_is_not_valid_is_displayed - checkInvalid
12:09:06.672 [Forwarding getAlertText on session 6c4657cb1aa1a7910e56123c8d086d97ebbbf03a to remote] DEBUG org.asynchttpclient.netty.request.NettyRequestSender - Using pooled Channel '[id: 0x0cfc242a, L:/172.17.19.76:58368 - R:hub-cloud.browserstack.com/173.234.104.3:80]' for 'GET' to 'http://nguynanhdng_QCrHDk:mNTnt9bgzxAqbAEVwh6Y@hub-cloud.browserstack.com/wd/hub/session/6c4657cb1aa1a7910e56123c8d086d97ebbbf03a/alert/text'
12:09:06.672 [Forwarding getAlertText on session 6c4657cb1aa1a7910e56123c8d086d97ebbbf03a to remote] DEBUG org.asynchttpclient.netty.request.NettyRequestSender - Using open Channel [id: 0x0cfc242a, L:/172.17.19.76:58368 - R:hub-cloud.browserstack.com/173.234.104.3:80] for GET '/wd/hub/session/6c4657cb1aa1a7910e56123c8d086d97ebbbf03a/alert/text'
12:09:06.966 [AsyncHttpClient-1-2] DEBUG org.asynchttpclient.netty.handler.HttpHandler - 

Request DefaultFullHttpRequest(decodeResult: success, version: HTTP/1.1, content: EmptyByteBufBE)
GET /wd/hub/session/6c4657cb1aa1a7910e56123c8d086d97ebbbf03a/alert/text HTTP/1.1
User-Agent: selenium/4.1.3 (java windows)
Cache-Control: no-cache
traceparent: 00-0b25827acb1372431199588a0445e89b-158c87dc366d17fd-01
Content-Type: application/json; charset=utf-8
host: hub-cloud.browserstack.com
authorization: Basic bmd1eW5hbmhkbmdfUUNySERrOm1OVG50OWJnenhBcWJBRVZ3aDZZ
accept: */*

Response DefaultHttpResponse(decodeResult: success, version: HTTP/1.1)
HTTP/1.1 200 OK
Server: nginx
Date: Mon, 09 May 2022 05:09:06 GMT
Content-Type: application/json;charset=utf-8
Connection: keep-alive
Source-From: 02
expires: Thu, 01 Jan 1970 00:00:00 GMT
cache-control: no-cache, no-cache
temp-header: 2028-2500205458-1-1652072946.756-rproxy-core-002-dcp-apse2a-prod.browserstack.com
content-length: 29

12:09:06.966 [AsyncHttpClient-1-2] DEBUG org.asynchttpclient.netty.channel.ChannelManager - Adding key: http://hub-cloud.browserstack.com:80 for channel [id: 0x0cfc242a, L:/172.17.19.76:58368 - R:hub-cloud.browserstack.com/173.234.104.3:80]
12:09:06.969 [Forwarding getAlertText on session 6c4657cb1aa1a7910e56123c8d086d97ebbbf03a to remote] DEBUG org.asynchttpclient.netty.request.NettyRequestSender - Using pooled Channel '[id: 0x0cfc242a, L:/172.17.19.76:58368 - R:hub-cloud.browserstack.com/173.234.104.3:80]' for 'GET' to 'http://nguynanhdng_QCrHDk:mNTnt9bgzxAqbAEVwh6Y@hub-cloud.browserstack.com/wd/hub/session/6c4657cb1aa1a7910e56123c8d086d97ebbbf03a/alert/text'
12:09:06.969 [Forwarding getAlertText on session 6c4657cb1aa1a7910e56123c8d086d97ebbbf03a to remote] DEBUG org.asynchttpclient.netty.request.NettyRequestSender - Using open Channel [id: 0x0cfc242a, L:/172.17.19.76:58368 - R:hub-cloud.browserstack.com/173.234.104.3:80] for GET '/wd/hub/session/6c4657cb1aa1a7910e56123c8d086d97ebbbf03a/alert/text'
12:09:07.326 [AsyncHttpClient-1-2] DEBUG org.asynchttpclient.netty.handler.HttpHandler - 

Request DefaultFullHttpRequest(decodeResult: success, version: HTTP/1.1, content: EmptyByteBufBE)
GET /wd/hub/session/6c4657cb1aa1a7910e56123c8d086d97ebbbf03a/alert/text HTTP/1.1
User-Agent: selenium/4.1.3 (java windows)
Cache-Control: no-cache
traceparent: 00-382f1242840daf4e3dcdb8c952d0e78a-d716f00179dd2cf0-01
Content-Type: application/json; charset=utf-8
host: hub-cloud.browserstack.com
authorization: Basic bmd1eW5hbmhkbmdfUUNySERrOm1OVG50OWJnenhBcWJBRVZ3aDZZ
accept: */*

Response DefaultHttpResponse(decodeResult: success, version: HTTP/1.1)
HTTP/1.1 200 OK
Server: nginx
Date: Mon, 09 May 2022 05:09:07 GMT
Content-Type: application/json;charset=utf-8
Connection: keep-alive
Source-From: 02
expires: Thu, 01 Jan 1970 00:00:00 GMT
cache-control: no-cache, no-cache
temp-header: 2024-2500205508-1-1652072947.064-rproxy-core-002-dcp-apse2a-prod.browserstack.com
content-length: 29

12:09:07.326 [AsyncHttpClient-1-2] DEBUG org.asynchttpclient.netty.channel.ChannelManager - Adding key: http://hub-cloud.browserstack.com:80 for channel [id: 0x0cfc242a, L:/172.17.19.76:58368 - R:hub-cloud.browserstack.com/173.234.104.3:80]
12:09:07.329 [Forwarding acceptAlert on session 6c4657cb1aa1a7910e56123c8d086d97ebbbf03a to remote] DEBUG org.asynchttpclient.netty.request.NettyRequestSender - Using pooled Channel '[id: 0x0cfc242a, L:/172.17.19.76:58368 - R:hub-cloud.browserstack.com/173.234.104.3:80]' for 'POST' to 'http://nguynanhdng_QCrHDk:mNTnt9bgzxAqbAEVwh6Y@hub-cloud.browserstack.com/wd/hub/session/6c4657cb1aa1a7910e56123c8d086d97ebbbf03a/alert/accept'
12:09:07.329 [Forwarding acceptAlert on session 6c4657cb1aa1a7910e56123c8d086d97ebbbf03a to remote] DEBUG org.asynchttpclient.netty.request.NettyRequestSender - Using open Channel [id: 0x0cfc242a, L:/172.17.19.76:58368 - R:hub-cloud.browserstack.com/173.234.104.3:80] for POST '/wd/hub/session/6c4657cb1aa1a7910e56123c8d086d97ebbbf03a/alert/accept'
12:09:07.655 [AsyncHttpClient-1-2] DEBUG org.asynchttpclient.netty.handler.HttpHandler - 

Request DefaultHttpRequest(decodeResult: success, version: HTTP/1.1)
POST /wd/hub/session/6c4657cb1aa1a7910e56123c8d086d97ebbbf03a/alert/accept HTTP/1.1
User-Agent: selenium/4.1.3 (java windows)
traceparent: 00-266157c2eab3685cbdaf7bee7a3d119d-8c0bf8608d9a193e-01
Content-Length: 3
Content-Type: application/json; charset=utf-8
host: hub-cloud.browserstack.com
authorization: Basic bmd1eW5hbmhkbmdfUUNySERrOm1OVG50OWJnenhBcWJBRVZ3aDZZ
accept: */*

Response DefaultHttpResponse(decodeResult: success, version: HTTP/1.1)
HTTP/1.1 200 OK
Server: nginx
Date: Mon, 09 May 2022 05:09:07 GMT
Content-Type: application/json;charset=utf-8
Connection: keep-alive
Source-From: 02
expires: Thu, 01 Jan 1970 00:00:00 GMT
cache-control: no-cache, no-cache
temp-header: 3690-5157198053-1-1652072947.486-rproxy-core-001-dcp-apse2a-prod.browserstack.com
content-length: 14

12:09:07.655 [AsyncHttpClient-1-2] DEBUG org.asynchttpclient.netty.channel.ChannelManager - Adding key: http://hub-cloud.browserstack.com:80 for channel [id: 0x0cfc242a, L:/172.17.19.76:58368 - R:hub-cloud.browserstack.com/173.234.104.3:80]
12:09:07.659 [main] DEBUG net.thucydides.core.steps.StepInterceptor - STEP DONE: checkInvalid
  &amp#27;[32mThen &amp#27;[0m&amp#27;[32mthe error message &amp#27;[0m&amp#27;[32m&amp#27;[1m'User is not valid'&amp#27;[0m&amp#27;[32m is displayed&amp#27;[0m          &amp#27;[90m# cucumber.LoginStepDefs.the_error_message_user_is_not_valid_is_displayed(java.lang.String)&amp#27;[0m
12:09:07.667 [main] INFO  - &amp#27;[92m
  _____   ___   ___   _____     ___     _     ___   ___   ___   ___  
 |_   _| | __| / __| |_   _|   | _ \   /_\   / __| / __| | __| |   \ 
   | |   | _|  \__ \   | |     |  _/  / _ \  \__ \ \__ \ | _|  | |) |
   |_|   |___| |___/   |_|     |_|   /_/ \_\ |___/ |___/ |___| |___/ 

user login unsuccessful
----------------------------------------------------------------------&amp#27;[0m
]]></system-out>
  </testcase>
  <testcase name="user login unsuccessful #3" classname="user login to the page unsuccessful" time="16.071">
    <system-out><![CDATA[
@unit
Scenario Outline: user login unsuccessful                       &amp#27;[90m# src/test/resources/features.login/login_unsuccess.feature:11&amp#27;[0m
12:09:07.671 [main] INFO io.cucumber.core.plugin.SerenityReporter - Running feature from file:///D:/Pratice/serenity_homework/src/test/resources/features.login/login_unsuccess.feature
12:09:07.671 [main] WARN io.cucumber.core.plugin.SerenityReporter - Feature from file:///D:/Pratice/serenity_homework/src/test/resources/features.login/login_unsuccess.feature is not under the 'features' directory. Requirements report will not be correctly generated!
12:09:07.697 [main] DEBUG io.github.bonigarcia.wdm.cache.ResolutionCache - Resolution chrome=101 in cache (valid until 12:13:55 09/05/2022 ICT)
12:09:07.697 [main] DEBUG io.github.bonigarcia.wdm.cache.ResolutionCache - Resolution chrome101=101.0.4951.41 in cache (valid until 22:55:19 09/05/2022 ICT)
12:09:07.697 [main] INFO io.github.bonigarcia.wdm.WebDriverManager - Using chromedriver 101.0.4951.41 (resolved driver for Chrome 101)
12:09:07.702 [main] DEBUG io.github.bonigarcia.wdm.WebDriverManager - Driver chromedriver 101.0.4951.41 found in cache
12:09:07.703 [main] INFO io.github.bonigarcia.wdm.WebDriverManager - Exporting webdriver.chrome.driver as C:\Users\dung.nguyenanh\.cache\selenium\chromedriver\win32\101.0.4951.41\chromedriver.exe
12:09:07.704 [Forwarding get on session 6c4657cb1aa1a7910e56123c8d086d97ebbbf03a to remote] DEBUG org.asynchttpclient.netty.request.NettyRequestSender - Using pooled Channel '[id: 0x0cfc242a, L:/172.17.19.76:58368 - R:hub-cloud.browserstack.com/173.234.104.3:80]' for 'POST' to 'http://nguynanhdng_QCrHDk:mNTnt9bgzxAqbAEVwh6Y@hub-cloud.browserstack.com/wd/hub/session/6c4657cb1aa1a7910e56123c8d086d97ebbbf03a/url'
12:09:07.704 [Forwarding get on session 6c4657cb1aa1a7910e56123c8d086d97ebbbf03a to remote] DEBUG org.asynchttpclient.netty.request.NettyRequestSender - Using open Channel [id: 0x0cfc242a, L:/172.17.19.76:58368 - R:hub-cloud.browserstack.com/173.234.104.3:80] for POST '/wd/hub/session/6c4657cb1aa1a7910e56123c8d086d97ebbbf03a/url'
12:09:13.614 [AsyncHttpClient-1-2] DEBUG org.asynchttpclient.netty.handler.HttpHandler - 

Request DefaultHttpRequest(decodeResult: success, version: HTTP/1.1)
POST /wd/hub/session/6c4657cb1aa1a7910e56123c8d086d97ebbbf03a/url HTTP/1.1
User-Agent: selenium/4.1.3 (java windows)
traceparent: 00-36b6d1a4cc1083fcd12f07e6e1cf30da-7810c7099f0441c2-01
Content-Length: 94
Content-Type: application/json; charset=utf-8
host: hub-cloud.browserstack.com
authorization: Basic bmd1eW5hbmhkbmdfUUNySERrOm1OVG50OWJnenhBcWJBRVZ3aDZZ
accept: */*

Response DefaultHttpResponse(decodeResult: success, version: HTTP/1.1)
HTTP/1.1 200 OK
Server: nginx
Date: Mon, 09 May 2022 05:09:13 GMT
Content-Type: application/json;charset=utf-8
Connection: keep-alive
Source-From: 02
expires: Thu, 01 Jan 1970 00:00:00 GMT
cache-control: no-cache, no-cache
temp-header: 3694-5157198393-1-1652072953.382-rproxy-core-001-dcp-apse2a-prod.browserstack.com
content-length: 14

12:09:13.615 [AsyncHttpClient-1-2] DEBUG org.asynchttpclient.netty.channel.ChannelManager - Adding key: http://hub-cloud.browserstack.com:80 for channel [id: 0x0cfc242a, L:/172.17.19.76:58368 - R:hub-cloud.browserstack.com/173.234.104.3:80]
12:09:13.617 [Forwarding getCurrentUrl on session 6c4657cb1aa1a7910e56123c8d086d97ebbbf03a to remote] DEBUG org.asynchttpclient.netty.request.NettyRequestSender - Using pooled Channel '[id: 0x0cfc242a, L:/172.17.19.76:58368 - R:hub-cloud.browserstack.com/173.234.104.3:80]' for 'GET' to 'http://nguynanhdng_QCrHDk:mNTnt9bgzxAqbAEVwh6Y@hub-cloud.browserstack.com/wd/hub/session/6c4657cb1aa1a7910e56123c8d086d97ebbbf03a/url'
12:09:13.618 [Forwarding getCurrentUrl on session 6c4657cb1aa1a7910e56123c8d086d97ebbbf03a to remote] DEBUG org.asynchttpclient.netty.request.NettyRequestSender - Using open Channel [id: 0x0cfc242a, L:/172.17.19.76:58368 - R:hub-cloud.browserstack.com/173.234.104.3:80] for GET '/wd/hub/session/6c4657cb1aa1a7910e56123c8d086d97ebbbf03a/url'
12:09:13.964 [AsyncHttpClient-1-2] DEBUG org.asynchttpclient.netty.handler.HttpHandler - 

Request DefaultFullHttpRequest(decodeResult: success, version: HTTP/1.1, content: EmptyByteBufBE)
GET /wd/hub/session/6c4657cb1aa1a7910e56123c8d086d97ebbbf03a/url HTTP/1.1
User-Agent: selenium/4.1.3 (java windows)
Cache-Control: no-cache
traceparent: 00-34d9a9bc665a26ca8d2f6fa0106b09e7-64693c298930fb8a-01
Content-Type: application/json; charset=utf-8
host: hub-cloud.browserstack.com
authorization: Basic bmd1eW5hbmhkbmdfUUNySERrOm1OVG50OWJnenhBcWJBRVZ3aDZZ
accept: */*

Response DefaultHttpResponse(decodeResult: success, version: HTTP/1.1)
HTTP/1.1 200 OK
Server: nginx
Date: Mon, 09 May 2022 05:09:13 GMT
Content-Type: application/json;charset=utf-8
Connection: keep-alive
Source-From: 02
expires: Thu, 01 Jan 1970 00:00:00 GMT
cache-control: no-cache, no-cache
temp-header: 3689-5157199020-1-1652072953.773-rproxy-core-001-dcp-apse2a-prod.browserstack.com
content-length: 61

12:09:13.965 [AsyncHttpClient-1-2] DEBUG org.asynchttpclient.netty.channel.ChannelManager - Adding key: http://hub-cloud.browserstack.com:80 for channel [id: 0x0cfc242a, L:/172.17.19.76:58368 - R:hub-cloud.browserstack.com/173.234.104.3:80]
12:09:13.968 [Forwarding getCurrentUrl on session 6c4657cb1aa1a7910e56123c8d086d97ebbbf03a to remote] DEBUG org.asynchttpclient.netty.request.NettyRequestSender - Using pooled Channel '[id: 0x0cfc242a, L:/172.17.19.76:58368 - R:hub-cloud.browserstack.com/173.234.104.3:80]' for 'GET' to 'http://nguynanhdng_QCrHDk:mNTnt9bgzxAqbAEVwh6Y@hub-cloud.browserstack.com/wd/hub/session/6c4657cb1aa1a7910e56123c8d086d97ebbbf03a/url'
12:09:13.968 [Forwarding getCurrentUrl on session 6c4657cb1aa1a7910e56123c8d086d97ebbbf03a to remote] DEBUG org.asynchttpclient.netty.request.NettyRequestSender - Using open Channel [id: 0x0cfc242a, L:/172.17.19.76:58368 - R:hub-cloud.browserstack.com/173.234.104.3:80] for GET '/wd/hub/session/6c4657cb1aa1a7910e56123c8d086d97ebbbf03a/url'
12:09:14.230 [AsyncHttpClient-1-2] DEBUG org.asynchttpclient.netty.handler.HttpHandler - 

Request DefaultFullHttpRequest(decodeResult: success, version: HTTP/1.1, content: EmptyByteBufBE)
GET /wd/hub/session/6c4657cb1aa1a7910e56123c8d086d97ebbbf03a/url HTTP/1.1
User-Agent: selenium/4.1.3 (java windows)
Cache-Control: no-cache
traceparent: 00-574a3a631483644bf074d0e4a631eec7-32cafc684b9d923a-01
Content-Type: application/json; charset=utf-8
host: hub-cloud.browserstack.com
authorization: Basic bmd1eW5hbmhkbmdfUUNySERrOm1OVG50OWJnenhBcWJBRVZ3aDZZ
accept: */*

Response DefaultHttpResponse(decodeResult: success, version: HTTP/1.1)
HTTP/1.1 200 OK
Server: nginx
Date: Mon, 09 May 2022 05:09:14 GMT
Content-Type: application/json;charset=utf-8
Connection: keep-alive
Source-From: 02
expires: Thu, 01 Jan 1970 00:00:00 GMT
cache-control: no-cache, no-cache
temp-header: 2031-2500206544-1-1652072954.065-rproxy-core-002-dcp-apse2a-prod.browserstack.com
content-length: 61

12:09:14.231 [AsyncHttpClient-1-2] DEBUG org.asynchttpclient.netty.channel.ChannelManager - Adding key: http://hub-cloud.browserstack.com:80 for channel [id: 0x0cfc242a, L:/172.17.19.76:58368 - R:hub-cloud.browserstack.com/173.234.104.3:80]
12:09:14.234 [Forwarding maximizeCurrentWindow on session 6c4657cb1aa1a7910e56123c8d086d97ebbbf03a to remote] DEBUG org.asynchttpclient.netty.request.NettyRequestSender - Using pooled Channel '[id: 0x0cfc242a, L:/172.17.19.76:58368 - R:hub-cloud.browserstack.com/173.234.104.3:80]' for 'POST' to 'http://nguynanhdng_QCrHDk:mNTnt9bgzxAqbAEVwh6Y@hub-cloud.browserstack.com/wd/hub/session/6c4657cb1aa1a7910e56123c8d086d97ebbbf03a/window/maximize'
12:09:14.234 [Forwarding maximizeCurrentWindow on session 6c4657cb1aa1a7910e56123c8d086d97ebbbf03a to remote] DEBUG org.asynchttpclient.netty.request.NettyRequestSender - Using open Channel [id: 0x0cfc242a, L:/172.17.19.76:58368 - R:hub-cloud.browserstack.com/173.234.104.3:80] for POST '/wd/hub/session/6c4657cb1aa1a7910e56123c8d086d97ebbbf03a/window/maximize'
12:09:14.532 [AsyncHttpClient-1-2] DEBUG org.asynchttpclient.netty.handler.HttpHandler - 

Request DefaultHttpRequest(decodeResult: success, version: HTTP/1.1)
POST /wd/hub/session/6c4657cb1aa1a7910e56123c8d086d97ebbbf03a/window/maximize HTTP/1.1
User-Agent: selenium/4.1.3 (java windows)
traceparent: 00-4a0ba5870edee247d5573cec320a09f3-f80a50038db768c6-01
Content-Length: 3
Content-Type: application/json; charset=utf-8
host: hub-cloud.browserstack.com
authorization: Basic bmd1eW5hbmhkbmdfUUNySERrOm1OVG50OWJnenhBcWJBRVZ3aDZZ
accept: */*

Response DefaultHttpResponse(decodeResult: success, version: HTTP/1.1)
HTTP/1.1 200 OK
Server: nginx
Date: Mon, 09 May 2022 05:09:14 GMT
Content-Type: application/json;charset=utf-8
Connection: keep-alive
Source-From: 02
expires: Thu, 01 Jan 1970 00:00:00 GMT
cache-control: no-cache, no-cache
temp-header: 3691-5157199133-1-1652072954.336-rproxy-core-001-dcp-apse2a-prod.browserstack.com
content-length: 52

12:09:14.532 [AsyncHttpClient-1-2] DEBUG org.asynchttpclient.netty.channel.ChannelManager - Adding key: http://hub-cloud.browserstack.com:80 for channel [id: 0x0cfc242a, L:/172.17.19.76:58368 - R:hub-cloud.browserstack.com/173.234.104.3:80]
12:09:14.551 [main] DEBUG net.thucydides.core.steps.StepInterceptor - STARTING STEP: LoginStepDefs.the_user_enters_the_username_and_password - login
12:09:14.554 [Forwarding setTimeout on session 6c4657cb1aa1a7910e56123c8d086d97ebbbf03a to remote] DEBUG org.asynchttpclient.netty.request.NettyRequestSender - Using pooled Channel '[id: 0x0cfc242a, L:/172.17.19.76:58368 - R:hub-cloud.browserstack.com/173.234.104.3:80]' for 'POST' to 'http://nguynanhdng_QCrHDk:mNTnt9bgzxAqbAEVwh6Y@hub-cloud.browserstack.com/wd/hub/session/6c4657cb1aa1a7910e56123c8d086d97ebbbf03a/timeouts'
12:09:14.554 [Forwarding setTimeout on session 6c4657cb1aa1a7910e56123c8d086d97ebbbf03a to remote] DEBUG org.asynchttpclient.netty.request.NettyRequestSender - Using open Channel [id: 0x0cfc242a, L:/172.17.19.76:58368 - R:hub-cloud.browserstack.com/173.234.104.3:80] for POST '/wd/hub/session/6c4657cb1aa1a7910e56123c8d086d97ebbbf03a/timeouts'
12:09:14.929 [AsyncHttpClient-1-2] DEBUG org.asynchttpclient.netty.handler.HttpHandler - 

Request DefaultHttpRequest(decodeResult: success, version: HTTP/1.1)
POST /wd/hub/session/6c4657cb1aa1a7910e56123c8d086d97ebbbf03a/timeouts HTTP/1.1
User-Agent: selenium/4.1.3 (java windows)
traceparent: 00-d56b8f6b3774ca7e7fa270e4476c4fc8-2187f75207e7a3de-01
Content-Length: 19
Content-Type: application/json; charset=utf-8
host: hub-cloud.browserstack.com
authorization: Basic bmd1eW5hbmhkbmdfUUNySERrOm1OVG50OWJnenhBcWJBRVZ3aDZZ
accept: */*

Response DefaultHttpResponse(decodeResult: success, version: HTTP/1.1)
HTTP/1.1 200 OK
Server: nginx
Date: Mon, 09 May 2022 05:09:14 GMT
Content-Type: application/json;charset=utf-8
Connection: keep-alive
Source-From: 02
expires: Thu, 01 Jan 1970 00:00:00 GMT
cache-control: no-cache, no-cache
temp-header: 3695-5157199190-1-1652072954.643-rproxy-core-001-dcp-apse2a-prod.browserstack.com
content-length: 14

12:09:14.929 [AsyncHttpClient-1-2] DEBUG org.asynchttpclient.netty.channel.ChannelManager - Adding key: http://hub-cloud.browserstack.com:80 for channel [id: 0x0cfc242a, L:/172.17.19.76:58368 - R:hub-cloud.browserstack.com/173.234.104.3:80]
12:09:14.934 [Forwarding findElement on session 6c4657cb1aa1a7910e56123c8d086d97ebbbf03a to remote] DEBUG org.asynchttpclient.netty.request.NettyRequestSender - Using pooled Channel '[id: 0x0cfc242a, L:/172.17.19.76:58368 - R:hub-cloud.browserstack.com/173.234.104.3:80]' for 'POST' to 'http://nguynanhdng_QCrHDk:mNTnt9bgzxAqbAEVwh6Y@hub-cloud.browserstack.com/wd/hub/session/6c4657cb1aa1a7910e56123c8d086d97ebbbf03a/element'
12:09:14.934 [Forwarding findElement on session 6c4657cb1aa1a7910e56123c8d086d97ebbbf03a to remote] DEBUG org.asynchttpclient.netty.request.NettyRequestSender - Using open Channel [id: 0x0cfc242a, L:/172.17.19.76:58368 - R:hub-cloud.browserstack.com/173.234.104.3:80] for POST '/wd/hub/session/6c4657cb1aa1a7910e56123c8d086d97ebbbf03a/element'
12:09:15.248 [AsyncHttpClient-1-2] DEBUG org.asynchttpclient.netty.handler.HttpHandler - 

Request DefaultHttpRequest(decodeResult: success, version: HTTP/1.1)
POST /wd/hub/session/6c4657cb1aa1a7910e56123c8d086d97ebbbf03a/element HTTP/1.1
User-Agent: selenium/4.1.3 (java windows)
traceparent: 00-cbeb8f4ca4d3ca970e16143334d0b689-928388cd0bc0e39d-01
Content-Length: 61
Content-Type: application/json; charset=utf-8
host: hub-cloud.browserstack.com
authorization: Basic bmd1eW5hbmhkbmdfUUNySERrOm1OVG50OWJnenhBcWJBRVZ3aDZZ
accept: */*

Response DefaultHttpResponse(decodeResult: success, version: HTTP/1.1)
HTTP/1.1 200 OK
Server: nginx
Date: Mon, 09 May 2022 05:09:15 GMT
Content-Type: application/json;charset=utf-8
Connection: keep-alive
Source-From: 02
expires: Thu, 01 Jan 1970 00:00:00 GMT
cache-control: no-cache, no-cache
temp-header: 3692-5157199256-1-1652072955.031-rproxy-core-001-dcp-apse2a-prod.browserstack.com
content-length: 88

12:09:15.248 [AsyncHttpClient-1-2] DEBUG org.asynchttpclient.netty.channel.ChannelManager - Adding key: http://hub-cloud.browserstack.com:80 for channel [id: 0x0cfc242a, L:/172.17.19.76:58368 - R:hub-cloud.browserstack.com/173.234.104.3:80]
12:09:15.251 [Forwarding setTimeout on session 6c4657cb1aa1a7910e56123c8d086d97ebbbf03a to remote] DEBUG org.asynchttpclient.netty.request.NettyRequestSender - Using pooled Channel '[id: 0x0cfc242a, L:/172.17.19.76:58368 - R:hub-cloud.browserstack.com/173.234.104.3:80]' for 'POST' to 'http://nguynanhdng_QCrHDk:mNTnt9bgzxAqbAEVwh6Y@hub-cloud.browserstack.com/wd/hub/session/6c4657cb1aa1a7910e56123c8d086d97ebbbf03a/timeouts'
12:09:15.251 [Forwarding setTimeout on session 6c4657cb1aa1a7910e56123c8d086d97ebbbf03a to remote] DEBUG org.asynchttpclient.netty.request.NettyRequestSender - Using open Channel [id: 0x0cfc242a, L:/172.17.19.76:58368 - R:hub-cloud.browserstack.com/173.234.104.3:80] for POST '/wd/hub/session/6c4657cb1aa1a7910e56123c8d086d97ebbbf03a/timeouts'
12:09:15.513 [AsyncHttpClient-1-2] DEBUG org.asynchttpclient.netty.handler.HttpHandler - 

Request DefaultHttpRequest(decodeResult: success, version: HTTP/1.1)
POST /wd/hub/session/6c4657cb1aa1a7910e56123c8d086d97ebbbf03a/timeouts HTTP/1.1
User-Agent: selenium/4.1.3 (java windows)
traceparent: 00-d3a1bfef8c65098d2e14446bcbc5b15c-3841b24f538d72b2-01
Content-Length: 22
Content-Type: application/json; charset=utf-8
host: hub-cloud.browserstack.com
authorization: Basic bmd1eW5hbmhkbmdfUUNySERrOm1OVG50OWJnenhBcWJBRVZ3aDZZ
accept: */*

Response DefaultHttpResponse(decodeResult: success, version: HTTP/1.1)
HTTP/1.1 200 OK
Server: nginx
Date: Mon, 09 May 2022 05:09:15 GMT
Content-Type: application/json;charset=utf-8
Connection: keep-alive
Source-From: 02
expires: Thu, 01 Jan 1970 00:00:00 GMT
cache-control: no-cache, no-cache
temp-header: 2033-2500206796-1-1652072955.348-rproxy-core-002-dcp-apse2a-prod.browserstack.com
content-length: 14

12:09:15.513 [AsyncHttpClient-1-2] DEBUG org.asynchttpclient.netty.channel.ChannelManager - Adding key: http://hub-cloud.browserstack.com:80 for channel [id: 0x0cfc242a, L:/172.17.19.76:58368 - R:hub-cloud.browserstack.com/173.234.104.3:80]
12:09:15.522 [Forwarding isElementDisplayed on session 6c4657cb1aa1a7910e56123c8d086d97ebbbf03a to remote] DEBUG org.asynchttpclient.netty.request.NettyRequestSender - Using pooled Channel '[id: 0x0cfc242a, L:/172.17.19.76:58368 - R:hub-cloud.browserstack.com/173.234.104.3:80]' for 'POST' to 'http://nguynanhdng_QCrHDk:mNTnt9bgzxAqbAEVwh6Y@hub-cloud.browserstack.com/wd/hub/session/6c4657cb1aa1a7910e56123c8d086d97ebbbf03a/execute/sync'
12:09:15.522 [Forwarding isElementDisplayed on session 6c4657cb1aa1a7910e56123c8d086d97ebbbf03a to remote] DEBUG org.asynchttpclient.netty.request.NettyRequestSender - Using open Channel [id: 0x0cfc242a, L:/172.17.19.76:58368 - R:hub-cloud.browserstack.com/173.234.104.3:80] for POST '/wd/hub/session/6c4657cb1aa1a7910e56123c8d086d97ebbbf03a/execute/sync'
12:09:15.861 [AsyncHttpClient-1-2] DEBUG org.asynchttpclient.netty.handler.HttpHandler - 

Request DefaultHttpRequest(decodeResult: success, version: HTTP/1.1)
POST /wd/hub/session/6c4657cb1aa1a7910e56123c8d086d97ebbbf03a/execute/sync HTTP/1.1
User-Agent: selenium/4.1.3 (java windows)
traceparent: 00-4a450e3530162db246598f2b39a3fb91-a3409e69a9ccffb2-01
Content-Length: 48780
Content-Type: application/json; charset=utf-8
host: hub-cloud.browserstack.com
authorization: Basic bmd1eW5hbmhkbmdfUUNySERrOm1OVG50OWJnenhBcWJBRVZ3aDZZ
accept: */*

Response DefaultHttpResponse(decodeResult: success, version: HTTP/1.1)
HTTP/1.1 200 OK
Server: nginx
Date: Mon, 09 May 2022 05:09:15 GMT
Content-Type: application/json;charset=utf-8
Connection: keep-alive
Source-From: 02
expires: Thu, 01 Jan 1970 00:00:00 GMT
cache-control: no-cache, no-cache
temp-header: 2024-2500206839-1-1652072955.635-rproxy-core-002-dcp-apse2a-prod.browserstack.com
content-length: 14

12:09:15.861 [AsyncHttpClient-1-2] DEBUG org.asynchttpclient.netty.channel.ChannelManager - Adding key: http://hub-cloud.browserstack.com:80 for channel [id: 0x0cfc242a, L:/172.17.19.76:58368 - R:hub-cloud.browserstack.com/173.234.104.3:80]
12:09:15.866 [Forwarding clearElement on session 6c4657cb1aa1a7910e56123c8d086d97ebbbf03a to remote] DEBUG org.asynchttpclient.netty.request.NettyRequestSender - Using pooled Channel '[id: 0x0cfc242a, L:/172.17.19.76:58368 - R:hub-cloud.browserstack.com/173.234.104.3:80]' for 'POST' to 'http://nguynanhdng_QCrHDk:mNTnt9bgzxAqbAEVwh6Y@hub-cloud.browserstack.com/wd/hub/session/6c4657cb1aa1a7910e56123c8d086d97ebbbf03a/element/69d6f4a1-6b58-436a-b814-be8bc7d096ca/clear'
12:09:15.866 [Forwarding clearElement on session 6c4657cb1aa1a7910e56123c8d086d97ebbbf03a to remote] DEBUG org.asynchttpclient.netty.request.NettyRequestSender - Using open Channel [id: 0x0cfc242a, L:/172.17.19.76:58368 - R:hub-cloud.browserstack.com/173.234.104.3:80] for POST '/wd/hub/session/6c4657cb1aa1a7910e56123c8d086d97ebbbf03a/element/69d6f4a1-6b58-436a-b814-be8bc7d096ca/clear'
12:09:16.153 [AsyncHttpClient-1-2] DEBUG org.asynchttpclient.netty.handler.HttpHandler - 

Request DefaultHttpRequest(decodeResult: success, version: HTTP/1.1)
POST /wd/hub/session/6c4657cb1aa1a7910e56123c8d086d97ebbbf03a/element/69d6f4a1-6b58-436a-b814-be8bc7d096ca/clear HTTP/1.1
User-Agent: selenium/4.1.3 (java windows)
traceparent: 00-72f9e2b36a6c8e4ad9f513fe1bd5c31b-32697bebf5ba0ebd-01
Content-Length: 50
Content-Type: application/json; charset=utf-8
host: hub-cloud.browserstack.com
authorization: Basic bmd1eW5hbmhkbmdfUUNySERrOm1OVG50OWJnenhBcWJBRVZ3aDZZ
accept: */*

Response DefaultHttpResponse(decodeResult: success, version: HTTP/1.1)
HTTP/1.1 200 OK
Server: nginx
Date: Mon, 09 May 2022 05:09:15 GMT
Content-Type: application/json;charset=utf-8
Connection: keep-alive
Source-From: 02
expires: Thu, 01 Jan 1970 00:00:00 GMT
cache-control: no-cache, no-cache
temp-header: 2030-2500206924-1-1652072955.987-rproxy-core-002-dcp-apse2a-prod.browserstack.com
content-length: 14

12:09:16.153 [AsyncHttpClient-1-2] DEBUG org.asynchttpclient.netty.channel.ChannelManager - Adding key: http://hub-cloud.browserstack.com:80 for channel [id: 0x0cfc242a, L:/172.17.19.76:58368 - R:hub-cloud.browserstack.com/173.234.104.3:80]
12:09:16.157 [Forwarding sendKeysToElement on session 6c4657cb1aa1a7910e56123c8d086d97ebbbf03a to remote] DEBUG org.asynchttpclient.netty.request.NettyRequestSender - Using pooled Channel '[id: 0x0cfc242a, L:/172.17.19.76:58368 - R:hub-cloud.browserstack.com/173.234.104.3:80]' for 'POST' to 'http://nguynanhdng_QCrHDk:mNTnt9bgzxAqbAEVwh6Y@hub-cloud.browserstack.com/wd/hub/session/6c4657cb1aa1a7910e56123c8d086d97ebbbf03a/element/69d6f4a1-6b58-436a-b814-be8bc7d096ca/value'
12:09:16.157 [Forwarding sendKeysToElement on session 6c4657cb1aa1a7910e56123c8d086d97ebbbf03a to remote] DEBUG org.asynchttpclient.netty.request.NettyRequestSender - Using open Channel [id: 0x0cfc242a, L:/172.17.19.76:58368 - R:hub-cloud.browserstack.com/173.234.104.3:80] for POST '/wd/hub/session/6c4657cb1aa1a7910e56123c8d086d97ebbbf03a/element/69d6f4a1-6b58-436a-b814-be8bc7d096ca/value'
12:09:16.492 [AsyncHttpClient-1-2] DEBUG org.asynchttpclient.netty.handler.HttpHandler - 

Request DefaultHttpRequest(decodeResult: success, version: HTTP/1.1)
POST /wd/hub/session/6c4657cb1aa1a7910e56123c8d086d97ebbbf03a/element/69d6f4a1-6b58-436a-b814-be8bc7d096ca/value HTTP/1.1
User-Agent: selenium/4.1.3 (java windows)
traceparent: 00-d469a3bdaae450ac751a4592434d2825-8fc8899ca0c46061-01
Content-Length: 105
Content-Type: application/json; charset=utf-8
host: hub-cloud.browserstack.com
authorization: Basic bmd1eW5hbmhkbmdfUUNySERrOm1OVG50OWJnenhBcWJBRVZ3aDZZ
accept: */*

Response DefaultHttpResponse(decodeResult: success, version: HTTP/1.1)
HTTP/1.1 200 OK
Server: nginx
Date: Mon, 09 May 2022 05:09:16 GMT
Content-Type: application/json;charset=utf-8
Connection: close
Source-From: 02
expires: Thu, 01 Jan 1970 00:00:00 GMT
cache-control: no-cache, no-cache
temp-header: 2023-2500206960-1-1652072956.324-rproxy-core-002-dcp-apse2a-prod.browserstack.com
content-length: 14

12:09:16.492 [AsyncHttpClient-1-2] DEBUG org.asynchttpclient.netty.channel.ChannelManager - Closing Channel [id: 0x0cfc242a, L:/172.17.19.76:58368 - R:hub-cloud.browserstack.com/173.234.104.3:80] 
12:09:16.493 [AsyncHttpClient-1-2] DEBUG org.asynchttpclient.netty.handler.HttpHandler - Channel Closed: [id: 0x0cfc242a, L:/172.17.19.76:58368 ! R:hub-cloud.browserstack.com/173.234.104.3:80] with attribute DISCARD
12:09:16.789 [AsyncHttpClient-1-11] DEBUG org.asynchttpclient.netty.channel.NettyConnectListener - Using new Channel '[id: 0x0bf79eb8, L:/172.17.19.76:52213 - R:hub-cloud.browserstack.com/173.234.104.3:80]' for 'POST' to '/wd/hub/session/6c4657cb1aa1a7910e56123c8d086d97ebbbf03a/timeouts'
12:09:17.041 [AsyncHttpClient-1-11] DEBUG org.asynchttpclient.netty.handler.HttpHandler - 

Request DefaultHttpRequest(decodeResult: success, version: HTTP/1.1)
POST /wd/hub/session/6c4657cb1aa1a7910e56123c8d086d97ebbbf03a/timeouts HTTP/1.1
User-Agent: selenium/4.1.3 (java windows)
traceparent: 00-de0308cb0c1597b3f59296ab363df9c0-5eba9a6b1571537c-01
Content-Length: 19
Content-Type: application/json; charset=utf-8
host: hub-cloud.browserstack.com
authorization: Basic bmd1eW5hbmhkbmdfUUNySERrOm1OVG50OWJnenhBcWJBRVZ3aDZZ
accept: */*

Response DefaultHttpResponse(decodeResult: success, version: HTTP/1.1)
HTTP/1.1 200 OK
Server: nginx
Date: Mon, 09 May 2022 05:09:16 GMT
Content-Type: application/json;charset=utf-8
Connection: keep-alive
Source-From: 02
expires: Thu, 01 Jan 1970 00:00:00 GMT
cache-control: no-cache, no-cache
temp-header: 2023-2500207100-1-1652072956.884-rproxy-core-002-dcp-apse2a-prod.browserstack.com
content-length: 14

12:09:17.041 [AsyncHttpClient-1-11] DEBUG org.asynchttpclient.netty.channel.ChannelManager - Adding key: http://hub-cloud.browserstack.com:80 for channel [id: 0x0bf79eb8, L:/172.17.19.76:52213 - R:hub-cloud.browserstack.com/173.234.104.3:80]
12:09:17.043 [Forwarding findElement on session 6c4657cb1aa1a7910e56123c8d086d97ebbbf03a to remote] DEBUG org.asynchttpclient.netty.request.NettyRequestSender - Using pooled Channel '[id: 0x0bf79eb8, L:/172.17.19.76:52213 - R:hub-cloud.browserstack.com/173.234.104.3:80]' for 'POST' to 'http://nguynanhdng_QCrHDk:mNTnt9bgzxAqbAEVwh6Y@hub-cloud.browserstack.com/wd/hub/session/6c4657cb1aa1a7910e56123c8d086d97ebbbf03a/element'
12:09:17.043 [Forwarding findElement on session 6c4657cb1aa1a7910e56123c8d086d97ebbbf03a to remote] DEBUG org.asynchttpclient.netty.request.NettyRequestSender - Using open Channel [id: 0x0bf79eb8, L:/172.17.19.76:52213 - R:hub-cloud.browserstack.com/173.234.104.3:80] for POST '/wd/hub/session/6c4657cb1aa1a7910e56123c8d086d97ebbbf03a/element'
12:09:17.411 [AsyncHttpClient-1-11] DEBUG org.asynchttpclient.netty.handler.HttpHandler - 

Request DefaultHttpRequest(decodeResult: success, version: HTTP/1.1)
POST /wd/hub/session/6c4657cb1aa1a7910e56123c8d086d97ebbbf03a/element HTTP/1.1
User-Agent: selenium/4.1.3 (java windows)
traceparent: 00-eda83c756b8bf079cc8bf6b07df7ec99-3fce6e176280d0f9-01
Content-Length: 66
Content-Type: application/json; charset=utf-8
host: hub-cloud.browserstack.com
authorization: Basic bmd1eW5hbmhkbmdfUUNySERrOm1OVG50OWJnenhBcWJBRVZ3aDZZ
accept: */*

Response DefaultHttpResponse(decodeResult: success, version: HTTP/1.1)
HTTP/1.1 200 OK
Server: nginx
Date: Mon, 09 May 2022 05:09:17 GMT
Content-Type: application/json;charset=utf-8
Connection: keep-alive
Source-From: 02
expires: Thu, 01 Jan 1970 00:00:00 GMT
cache-control: no-cache, no-cache
temp-header: 2029-2500207152-1-1652072957.157-rproxy-core-002-dcp-apse2a-prod.browserstack.com
content-length: 88

12:09:17.412 [AsyncHttpClient-1-11] DEBUG org.asynchttpclient.netty.channel.ChannelManager - Adding key: http://hub-cloud.browserstack.com:80 for channel [id: 0x0bf79eb8, L:/172.17.19.76:52213 - R:hub-cloud.browserstack.com/173.234.104.3:80]
12:09:17.414 [Forwarding setTimeout on session 6c4657cb1aa1a7910e56123c8d086d97ebbbf03a to remote] DEBUG org.asynchttpclient.netty.request.NettyRequestSender - Using pooled Channel '[id: 0x0bf79eb8, L:/172.17.19.76:52213 - R:hub-cloud.browserstack.com/173.234.104.3:80]' for 'POST' to 'http://nguynanhdng_QCrHDk:mNTnt9bgzxAqbAEVwh6Y@hub-cloud.browserstack.com/wd/hub/session/6c4657cb1aa1a7910e56123c8d086d97ebbbf03a/timeouts'
12:09:17.414 [Forwarding setTimeout on session 6c4657cb1aa1a7910e56123c8d086d97ebbbf03a to remote] DEBUG org.asynchttpclient.netty.request.NettyRequestSender - Using open Channel [id: 0x0bf79eb8, L:/172.17.19.76:52213 - R:hub-cloud.browserstack.com/173.234.104.3:80] for POST '/wd/hub/session/6c4657cb1aa1a7910e56123c8d086d97ebbbf03a/timeouts'
12:09:17.753 [AsyncHttpClient-1-11] DEBUG org.asynchttpclient.netty.handler.HttpHandler - 

Request DefaultHttpRequest(decodeResult: success, version: HTTP/1.1)
POST /wd/hub/session/6c4657cb1aa1a7910e56123c8d086d97ebbbf03a/timeouts HTTP/1.1
User-Agent: selenium/4.1.3 (java windows)
traceparent: 00-ea885e29905e595241bec27d8b3efc58-4e064e99bb2bf6db-01
Content-Length: 22
Content-Type: application/json; charset=utf-8
host: hub-cloud.browserstack.com
authorization: Basic bmd1eW5hbmhkbmdfUUNySERrOm1OVG50OWJnenhBcWJBRVZ3aDZZ
accept: */*

Response DefaultHttpResponse(decodeResult: success, version: HTTP/1.1)
HTTP/1.1 200 OK
Server: nginx
Date: Mon, 09 May 2022 05:09:17 GMT
Content-Type: application/json;charset=utf-8
Connection: keep-alive
Source-From: 02
expires: Thu, 01 Jan 1970 00:00:00 GMT
cache-control: no-cache, no-cache
temp-header: 3696-5157199710-1-1652072957.516-rproxy-core-001-dcp-apse2a-prod.browserstack.com
content-length: 14

12:09:17.753 [AsyncHttpClient-1-11] DEBUG org.asynchttpclient.netty.channel.ChannelManager - Adding key: http://hub-cloud.browserstack.com:80 for channel [id: 0x0bf79eb8, L:/172.17.19.76:52213 - R:hub-cloud.browserstack.com/173.234.104.3:80]
12:09:17.757 [Forwarding isElementDisplayed on session 6c4657cb1aa1a7910e56123c8d086d97ebbbf03a to remote] DEBUG org.asynchttpclient.netty.request.NettyRequestSender - Using pooled Channel '[id: 0x0bf79eb8, L:/172.17.19.76:52213 - R:hub-cloud.browserstack.com/173.234.104.3:80]' for 'POST' to 'http://nguynanhdng_QCrHDk:mNTnt9bgzxAqbAEVwh6Y@hub-cloud.browserstack.com/wd/hub/session/6c4657cb1aa1a7910e56123c8d086d97ebbbf03a/execute/sync'
12:09:17.757 [Forwarding isElementDisplayed on session 6c4657cb1aa1a7910e56123c8d086d97ebbbf03a to remote] DEBUG org.asynchttpclient.netty.request.NettyRequestSender - Using open Channel [id: 0x0bf79eb8, L:/172.17.19.76:52213 - R:hub-cloud.browserstack.com/173.234.104.3:80] for POST '/wd/hub/session/6c4657cb1aa1a7910e56123c8d086d97ebbbf03a/execute/sync'
12:09:18.538 [AsyncHttpClient-1-11] DEBUG org.asynchttpclient.netty.handler.HttpHandler - 

Request DefaultHttpRequest(decodeResult: success, version: HTTP/1.1)
POST /wd/hub/session/6c4657cb1aa1a7910e56123c8d086d97ebbbf03a/execute/sync HTTP/1.1
User-Agent: selenium/4.1.3 (java windows)
traceparent: 00-70bbada69863091248b797eaaf84a04d-d12c80fc70951952-01
Content-Length: 48780
Content-Type: application/json; charset=utf-8
host: hub-cloud.browserstack.com
authorization: Basic bmd1eW5hbmhkbmdfUUNySERrOm1OVG50OWJnenhBcWJBRVZ3aDZZ
accept: */*

Response DefaultHttpResponse(decodeResult: success, version: HTTP/1.1)
HTTP/1.1 200 OK
Server: nginx
Date: Mon, 09 May 2022 05:09:18 GMT
Content-Type: application/json;charset=utf-8
Connection: keep-alive
Source-From: 02
expires: Thu, 01 Jan 1970 00:00:00 GMT
cache-control: no-cache, no-cache
temp-header: 3690-5157199862-1-1652072958.371-rproxy-core-001-dcp-apse2a-prod.browserstack.com
content-length: 14

12:09:18.539 [AsyncHttpClient-1-11] DEBUG org.asynchttpclient.netty.channel.ChannelManager - Adding key: http://hub-cloud.browserstack.com:80 for channel [id: 0x0bf79eb8, L:/172.17.19.76:52213 - R:hub-cloud.browserstack.com/173.234.104.3:80]
12:09:18.542 [Forwarding clearElement on session 6c4657cb1aa1a7910e56123c8d086d97ebbbf03a to remote] DEBUG org.asynchttpclient.netty.request.NettyRequestSender - Using pooled Channel '[id: 0x0bf79eb8, L:/172.17.19.76:52213 - R:hub-cloud.browserstack.com/173.234.104.3:80]' for 'POST' to 'http://nguynanhdng_QCrHDk:mNTnt9bgzxAqbAEVwh6Y@hub-cloud.browserstack.com/wd/hub/session/6c4657cb1aa1a7910e56123c8d086d97ebbbf03a/element/70bdd8dd-8217-45dc-bab9-654b7fe5f060/clear'
12:09:18.542 [Forwarding clearElement on session 6c4657cb1aa1a7910e56123c8d086d97ebbbf03a to remote] DEBUG org.asynchttpclient.netty.request.NettyRequestSender - Using open Channel [id: 0x0bf79eb8, L:/172.17.19.76:52213 - R:hub-cloud.browserstack.com/173.234.104.3:80] for POST '/wd/hub/session/6c4657cb1aa1a7910e56123c8d086d97ebbbf03a/element/70bdd8dd-8217-45dc-bab9-654b7fe5f060/clear'
12:09:18.883 [AsyncHttpClient-1-11] DEBUG org.asynchttpclient.netty.handler.HttpHandler - 

Request DefaultHttpRequest(decodeResult: success, version: HTTP/1.1)
POST /wd/hub/session/6c4657cb1aa1a7910e56123c8d086d97ebbbf03a/element/70bdd8dd-8217-45dc-bab9-654b7fe5f060/clear HTTP/1.1
User-Agent: selenium/4.1.3 (java windows)
traceparent: 00-ed582d35f0da532cbe2aefe5ecf0a43d-f9d5b67b92798b4e-01
Content-Length: 50
Content-Type: application/json; charset=utf-8
host: hub-cloud.browserstack.com
authorization: Basic bmd1eW5hbmhkbmdfUUNySERrOm1OVG50OWJnenhBcWJBRVZ3aDZZ
accept: */*

Response DefaultHttpResponse(decodeResult: success, version: HTTP/1.1)
HTTP/1.1 200 OK
Server: nginx
Date: Mon, 09 May 2022 05:09:18 GMT
Content-Type: application/json;charset=utf-8
Connection: keep-alive
Source-From: 02
expires: Thu, 01 Jan 1970 00:00:00 GMT
cache-control: no-cache, no-cache
temp-header: 2024-2500207436-1-1652072958.722-rproxy-core-002-dcp-apse2a-prod.browserstack.com
content-length: 14

12:09:18.883 [AsyncHttpClient-1-11] DEBUG org.asynchttpclient.netty.channel.ChannelManager - Adding key: http://hub-cloud.browserstack.com:80 for channel [id: 0x0bf79eb8, L:/172.17.19.76:52213 - R:hub-cloud.browserstack.com/173.234.104.3:80]
12:09:18.885 [Forwarding sendKeysToElement on session 6c4657cb1aa1a7910e56123c8d086d97ebbbf03a to remote] DEBUG org.asynchttpclient.netty.request.NettyRequestSender - Using pooled Channel '[id: 0x0bf79eb8, L:/172.17.19.76:52213 - R:hub-cloud.browserstack.com/173.234.104.3:80]' for 'POST' to 'http://nguynanhdng_QCrHDk:mNTnt9bgzxAqbAEVwh6Y@hub-cloud.browserstack.com/wd/hub/session/6c4657cb1aa1a7910e56123c8d086d97ebbbf03a/element/70bdd8dd-8217-45dc-bab9-654b7fe5f060/value'
12:09:18.885 [Forwarding sendKeysToElement on session 6c4657cb1aa1a7910e56123c8d086d97ebbbf03a to remote] DEBUG org.asynchttpclient.netty.request.NettyRequestSender - Using open Channel [id: 0x0bf79eb8, L:/172.17.19.76:52213 - R:hub-cloud.browserstack.com/173.234.104.3:80] for POST '/wd/hub/session/6c4657cb1aa1a7910e56123c8d086d97ebbbf03a/element/70bdd8dd-8217-45dc-bab9-654b7fe5f060/value'
12:09:19.205 [AsyncHttpClient-1-11] DEBUG org.asynchttpclient.netty.handler.HttpHandler - 

Request DefaultHttpRequest(decodeResult: success, version: HTTP/1.1)
POST /wd/hub/session/6c4657cb1aa1a7910e56123c8d086d97ebbbf03a/element/70bdd8dd-8217-45dc-bab9-654b7fe5f060/value HTTP/1.1
User-Agent: selenium/4.1.3 (java windows)
traceparent: 00-7323dbb40e2508aab1496aadfa56f63d-26ab4dbab8495504-01
Content-Length: 181
Content-Type: application/json; charset=utf-8
host: hub-cloud.browserstack.com
authorization: Basic bmd1eW5hbmhkbmdfUUNySERrOm1OVG50OWJnenhBcWJBRVZ3aDZZ
accept: */*

Response DefaultHttpResponse(decodeResult: success, version: HTTP/1.1)
HTTP/1.1 200 OK
Server: nginx
Date: Mon, 09 May 2022 05:09:19 GMT
Content-Type: application/json;charset=utf-8
Connection: keep-alive
Source-From: 02
expires: Thu, 01 Jan 1970 00:00:00 GMT
cache-control: no-cache, no-cache
temp-header: 2031-2500207506-1-1652072959.045-rproxy-core-002-dcp-apse2a-prod.browserstack.com
content-length: 14

12:09:19.205 [AsyncHttpClient-1-11] DEBUG org.asynchttpclient.netty.channel.ChannelManager - Adding key: http://hub-cloud.browserstack.com:80 for channel [id: 0x0bf79eb8, L:/172.17.19.76:52213 - R:hub-cloud.browserstack.com/173.234.104.3:80]
12:09:19.210 [Forwarding setTimeout on session 6c4657cb1aa1a7910e56123c8d086d97ebbbf03a to remote] DEBUG org.asynchttpclient.netty.request.NettyRequestSender - Using pooled Channel '[id: 0x0bf79eb8, L:/172.17.19.76:52213 - R:hub-cloud.browserstack.com/173.234.104.3:80]' for 'POST' to 'http://nguynanhdng_QCrHDk:mNTnt9bgzxAqbAEVwh6Y@hub-cloud.browserstack.com/wd/hub/session/6c4657cb1aa1a7910e56123c8d086d97ebbbf03a/timeouts'
12:09:19.210 [Forwarding setTimeout on session 6c4657cb1aa1a7910e56123c8d086d97ebbbf03a to remote] DEBUG org.asynchttpclient.netty.request.NettyRequestSender - Using open Channel [id: 0x0bf79eb8, L:/172.17.19.76:52213 - R:hub-cloud.browserstack.com/173.234.104.3:80] for POST '/wd/hub/session/6c4657cb1aa1a7910e56123c8d086d97ebbbf03a/timeouts'
12:09:19.547 [AsyncHttpClient-1-11] DEBUG org.asynchttpclient.netty.handler.HttpHandler - 

Request DefaultHttpRequest(decodeResult: success, version: HTTP/1.1)
POST /wd/hub/session/6c4657cb1aa1a7910e56123c8d086d97ebbbf03a/timeouts HTTP/1.1
User-Agent: selenium/4.1.3 (java windows)
traceparent: 00-7871dac278a5e458ee1b7fbd0dee1053-c98b0c7749ab8686-01
Content-Length: 19
Content-Type: application/json; charset=utf-8
host: hub-cloud.browserstack.com
authorization: Basic bmd1eW5hbmhkbmdfUUNySERrOm1OVG50OWJnenhBcWJBRVZ3aDZZ
accept: */*

Response DefaultHttpResponse(decodeResult: success, version: HTTP/1.1)
HTTP/1.1 200 OK
Server: nginx
Date: Mon, 09 May 2022 05:09:19 GMT
Content-Type: application/json;charset=utf-8
Connection: keep-alive
Source-From: 02
expires: Thu, 01 Jan 1970 00:00:00 GMT
cache-control: no-cache, no-cache
temp-header: 3696-5157200094-1-1652072959.372-rproxy-core-001-dcp-apse2a-prod.browserstack.com
content-length: 14

12:09:19.547 [AsyncHttpClient-1-11] DEBUG org.asynchttpclient.netty.channel.ChannelManager - Adding key: http://hub-cloud.browserstack.com:80 for channel [id: 0x0bf79eb8, L:/172.17.19.76:52213 - R:hub-cloud.browserstack.com/173.234.104.3:80]
12:09:19.551 [Forwarding findElement on session 6c4657cb1aa1a7910e56123c8d086d97ebbbf03a to remote] DEBUG org.asynchttpclient.netty.request.NettyRequestSender - Using pooled Channel '[id: 0x0bf79eb8, L:/172.17.19.76:52213 - R:hub-cloud.browserstack.com/173.234.104.3:80]' for 'POST' to 'http://nguynanhdng_QCrHDk:mNTnt9bgzxAqbAEVwh6Y@hub-cloud.browserstack.com/wd/hub/session/6c4657cb1aa1a7910e56123c8d086d97ebbbf03a/element'
12:09:19.551 [Forwarding findElement on session 6c4657cb1aa1a7910e56123c8d086d97ebbbf03a to remote] DEBUG org.asynchttpclient.netty.request.NettyRequestSender - Using open Channel [id: 0x0bf79eb8, L:/172.17.19.76:52213 - R:hub-cloud.browserstack.com/173.234.104.3:80] for POST '/wd/hub/session/6c4657cb1aa1a7910e56123c8d086d97ebbbf03a/element'
12:09:19.814 [AsyncHttpClient-1-11] DEBUG org.asynchttpclient.netty.handler.HttpHandler - 

Request DefaultHttpRequest(decodeResult: success, version: HTTP/1.1)
POST /wd/hub/session/6c4657cb1aa1a7910e56123c8d086d97ebbbf03a/element HTTP/1.1
User-Agent: selenium/4.1.3 (java windows)
traceparent: 00-1d8e338d91bc6cd95154783a7d318386-3df90edfad90233b-01
Content-Length: 64
Content-Type: application/json; charset=utf-8
host: hub-cloud.browserstack.com
authorization: Basic bmd1eW5hbmhkbmdfUUNySERrOm1OVG50OWJnenhBcWJBRVZ3aDZZ
accept: */*

Response DefaultHttpResponse(decodeResult: success, version: HTTP/1.1)
HTTP/1.1 200 OK
Server: nginx
Date: Mon, 09 May 2022 05:09:19 GMT
Content-Type: application/json;charset=utf-8
Connection: keep-alive
Source-From: 02
expires: Thu, 01 Jan 1970 00:00:00 GMT
cache-control: no-cache, no-cache
temp-header: 3693-5157200166-1-1652072959.646-rproxy-core-001-dcp-apse2a-prod.browserstack.com
content-length: 88

12:09:19.815 [AsyncHttpClient-1-11] DEBUG org.asynchttpclient.netty.channel.ChannelManager - Adding key: http://hub-cloud.browserstack.com:80 for channel [id: 0x0bf79eb8, L:/172.17.19.76:52213 - R:hub-cloud.browserstack.com/173.234.104.3:80]
12:09:19.817 [Forwarding setTimeout on session 6c4657cb1aa1a7910e56123c8d086d97ebbbf03a to remote] DEBUG org.asynchttpclient.netty.request.NettyRequestSender - Using pooled Channel '[id: 0x0bf79eb8, L:/172.17.19.76:52213 - R:hub-cloud.browserstack.com/173.234.104.3:80]' for 'POST' to 'http://nguynanhdng_QCrHDk:mNTnt9bgzxAqbAEVwh6Y@hub-cloud.browserstack.com/wd/hub/session/6c4657cb1aa1a7910e56123c8d086d97ebbbf03a/timeouts'
12:09:19.818 [Forwarding setTimeout on session 6c4657cb1aa1a7910e56123c8d086d97ebbbf03a to remote] DEBUG org.asynchttpclient.netty.request.NettyRequestSender - Using open Channel [id: 0x0bf79eb8, L:/172.17.19.76:52213 - R:hub-cloud.browserstack.com/173.234.104.3:80] for POST '/wd/hub/session/6c4657cb1aa1a7910e56123c8d086d97ebbbf03a/timeouts'
12:09:20.223 [AsyncHttpClient-1-11] DEBUG org.asynchttpclient.netty.handler.HttpHandler - 

Request DefaultHttpRequest(decodeResult: success, version: HTTP/1.1)
POST /wd/hub/session/6c4657cb1aa1a7910e56123c8d086d97ebbbf03a/timeouts HTTP/1.1
User-Agent: selenium/4.1.3 (java windows)
traceparent: 00-ce1a488a397917d5314f4102f19fbdc8-7119c0ddc3ac0d03-01
Content-Length: 22
Content-Type: application/json; charset=utf-8
host: hub-cloud.browserstack.com
authorization: Basic bmd1eW5hbmhkbmdfUUNySERrOm1OVG50OWJnenhBcWJBRVZ3aDZZ
accept: */*

Response DefaultHttpResponse(decodeResult: success, version: HTTP/1.1)
HTTP/1.1 200 OK
Server: nginx
Date: Mon, 09 May 2022 05:09:19 GMT
Content-Type: application/json;charset=utf-8
Connection: keep-alive
Source-From: 02
expires: Thu, 01 Jan 1970 00:00:00 GMT
cache-control: no-cache, no-cache
temp-header: 2031-2500207714-1-1652072959.917-rproxy-core-002-dcp-apse2a-prod.browserstack.com
content-length: 14

12:09:20.223 [AsyncHttpClient-1-11] DEBUG org.asynchttpclient.netty.channel.ChannelManager - Adding key: http://hub-cloud.browserstack.com:80 for channel [id: 0x0bf79eb8, L:/172.17.19.76:52213 - R:hub-cloud.browserstack.com/173.234.104.3:80]
12:09:20.228 [Forwarding isElementDisplayed on session 6c4657cb1aa1a7910e56123c8d086d97ebbbf03a to remote] DEBUG org.asynchttpclient.netty.request.NettyRequestSender - Using pooled Channel '[id: 0x0bf79eb8, L:/172.17.19.76:52213 - R:hub-cloud.browserstack.com/173.234.104.3:80]' for 'POST' to 'http://nguynanhdng_QCrHDk:mNTnt9bgzxAqbAEVwh6Y@hub-cloud.browserstack.com/wd/hub/session/6c4657cb1aa1a7910e56123c8d086d97ebbbf03a/execute/sync'
12:09:20.228 [Forwarding isElementDisplayed on session 6c4657cb1aa1a7910e56123c8d086d97ebbbf03a to remote] DEBUG org.asynchttpclient.netty.request.NettyRequestSender - Using open Channel [id: 0x0bf79eb8, L:/172.17.19.76:52213 - R:hub-cloud.browserstack.com/173.234.104.3:80] for POST '/wd/hub/session/6c4657cb1aa1a7910e56123c8d086d97ebbbf03a/execute/sync'
12:09:20.500 [AsyncHttpClient-1-11] DEBUG org.asynchttpclient.netty.handler.HttpHandler - 

Request DefaultHttpRequest(decodeResult: success, version: HTTP/1.1)
POST /wd/hub/session/6c4657cb1aa1a7910e56123c8d086d97ebbbf03a/execute/sync HTTP/1.1
User-Agent: selenium/4.1.3 (java windows)
traceparent: 00-baf36c62ead82944118dfad340423a94-1a7c7a54fb1e661d-01
Content-Length: 48780
Content-Type: application/json; charset=utf-8
host: hub-cloud.browserstack.com
authorization: Basic bmd1eW5hbmhkbmdfUUNySERrOm1OVG50OWJnenhBcWJBRVZ3aDZZ
accept: */*

Response DefaultHttpResponse(decodeResult: success, version: HTTP/1.1)
HTTP/1.1 200 OK
Server: nginx
Date: Mon, 09 May 2022 05:09:20 GMT
Content-Type: application/json;charset=utf-8
Connection: keep-alive
Source-From: 02
expires: Thu, 01 Jan 1970 00:00:00 GMT
cache-control: no-cache, no-cache
temp-header: 3695-5157200370-1-1652072960.340-rproxy-core-001-dcp-apse2a-prod.browserstack.com
content-length: 14

12:09:20.500 [AsyncHttpClient-1-11] DEBUG org.asynchttpclient.netty.channel.ChannelManager - Adding key: http://hub-cloud.browserstack.com:80 for channel [id: 0x0bf79eb8, L:/172.17.19.76:52213 - R:hub-cloud.browserstack.com/173.234.104.3:80]
12:09:20.504 [Forwarding getElementTagName on session 6c4657cb1aa1a7910e56123c8d086d97ebbbf03a to remote] DEBUG org.asynchttpclient.netty.request.NettyRequestSender - Using pooled Channel '[id: 0x0bf79eb8, L:/172.17.19.76:52213 - R:hub-cloud.browserstack.com/173.234.104.3:80]' for 'GET' to 'http://nguynanhdng_QCrHDk:mNTnt9bgzxAqbAEVwh6Y@hub-cloud.browserstack.com/wd/hub/session/6c4657cb1aa1a7910e56123c8d086d97ebbbf03a/element/e865835b-3cd2-45a0-94a9-e6bd906bb1a0/name'
12:09:20.504 [Forwarding getElementTagName on session 6c4657cb1aa1a7910e56123c8d086d97ebbbf03a to remote] DEBUG org.asynchttpclient.netty.request.NettyRequestSender - Using open Channel [id: 0x0bf79eb8, L:/172.17.19.76:52213 - R:hub-cloud.browserstack.com/173.234.104.3:80] for GET '/wd/hub/session/6c4657cb1aa1a7910e56123c8d086d97ebbbf03a/element/e865835b-3cd2-45a0-94a9-e6bd906bb1a0/name'
12:09:20.824 [AsyncHttpClient-1-11] DEBUG org.asynchttpclient.netty.handler.HttpHandler - 

Request DefaultFullHttpRequest(decodeResult: success, version: HTTP/1.1, content: EmptyByteBufBE)
GET /wd/hub/session/6c4657cb1aa1a7910e56123c8d086d97ebbbf03a/element/e865835b-3cd2-45a0-94a9-e6bd906bb1a0/name HTTP/1.1
User-Agent: selenium/4.1.3 (java windows)
Cache-Control: no-cache
traceparent: 00-3e84520f3992ec53d16778b488970043-f57130cbc71ace32-01
Content-Type: application/json; charset=utf-8
host: hub-cloud.browserstack.com
authorization: Basic bmd1eW5hbmhkbmdfUUNySERrOm1OVG50OWJnenhBcWJBRVZ3aDZZ
accept: */*

Response DefaultHttpResponse(decodeResult: success, version: HTTP/1.1)
HTTP/1.1 200 OK
Server: nginx
Date: Mon, 09 May 2022 05:09:20 GMT
Content-Type: application/json;charset=utf-8
Connection: keep-alive
Source-From: 02
expires: Thu, 01 Jan 1970 00:00:00 GMT
cache-control: no-cache, no-cache
temp-header: 3695-5157200450-1-1652072960.609-rproxy-core-001-dcp-apse2a-prod.browserstack.com
content-length: 17

12:09:20.824 [AsyncHttpClient-1-11] DEBUG org.asynchttpclient.netty.channel.ChannelManager - Adding key: http://hub-cloud.browserstack.com:80 for channel [id: 0x0bf79eb8, L:/172.17.19.76:52213 - R:hub-cloud.browserstack.com/173.234.104.3:80]
12:09:20.827 [Forwarding getElementTagName on session 6c4657cb1aa1a7910e56123c8d086d97ebbbf03a to remote] DEBUG org.asynchttpclient.netty.request.NettyRequestSender - Using pooled Channel '[id: 0x0bf79eb8, L:/172.17.19.76:52213 - R:hub-cloud.browserstack.com/173.234.104.3:80]' for 'GET' to 'http://nguynanhdng_QCrHDk:mNTnt9bgzxAqbAEVwh6Y@hub-cloud.browserstack.com/wd/hub/session/6c4657cb1aa1a7910e56123c8d086d97ebbbf03a/element/e865835b-3cd2-45a0-94a9-e6bd906bb1a0/name'
12:09:20.827 [Forwarding getElementTagName on session 6c4657cb1aa1a7910e56123c8d086d97ebbbf03a to remote] DEBUG org.asynchttpclient.netty.request.NettyRequestSender - Using open Channel [id: 0x0bf79eb8, L:/172.17.19.76:52213 - R:hub-cloud.browserstack.com/173.234.104.3:80] for GET '/wd/hub/session/6c4657cb1aa1a7910e56123c8d086d97ebbbf03a/element/e865835b-3cd2-45a0-94a9-e6bd906bb1a0/name'
12:09:21.128 [AsyncHttpClient-1-11] DEBUG org.asynchttpclient.netty.handler.HttpHandler - 

Request DefaultFullHttpRequest(decodeResult: success, version: HTTP/1.1, content: EmptyByteBufBE)
GET /wd/hub/session/6c4657cb1aa1a7910e56123c8d086d97ebbbf03a/element/e865835b-3cd2-45a0-94a9-e6bd906bb1a0/name HTTP/1.1
User-Agent: selenium/4.1.3 (java windows)
Cache-Control: no-cache
traceparent: 00-b98b58dca81617116cc0dded5079997b-acdeb8bc0096890a-01
Content-Type: application/json; charset=utf-8
host: hub-cloud.browserstack.com
authorization: Basic bmd1eW5hbmhkbmdfUUNySERrOm1OVG50OWJnenhBcWJBRVZ3aDZZ
accept: */*

Response DefaultHttpResponse(decodeResult: success, version: HTTP/1.1)
HTTP/1.1 200 OK
Server: nginx
Date: Mon, 09 May 2022 05:09:20 GMT
Content-Type: application/json;charset=utf-8
Connection: keep-alive
Source-From: 02
expires: Thu, 01 Jan 1970 00:00:00 GMT
cache-control: no-cache, no-cache
temp-header: 2023-2500207910-1-1652072960.967-rproxy-core-002-dcp-apse2a-prod.browserstack.com
content-length: 17

12:09:21.129 [AsyncHttpClient-1-11] DEBUG org.asynchttpclient.netty.channel.ChannelManager - Adding key: http://hub-cloud.browserstack.com:80 for channel [id: 0x0bf79eb8, L:/172.17.19.76:52213 - R:hub-cloud.browserstack.com/173.234.104.3:80]
12:09:21.134 [Forwarding isElementEnabled on session 6c4657cb1aa1a7910e56123c8d086d97ebbbf03a to remote] DEBUG org.asynchttpclient.netty.request.NettyRequestSender - Using pooled Channel '[id: 0x0bf79eb8, L:/172.17.19.76:52213 - R:hub-cloud.browserstack.com/173.234.104.3:80]' for 'GET' to 'http://nguynanhdng_QCrHDk:mNTnt9bgzxAqbAEVwh6Y@hub-cloud.browserstack.com/wd/hub/session/6c4657cb1aa1a7910e56123c8d086d97ebbbf03a/element/e865835b-3cd2-45a0-94a9-e6bd906bb1a0/enabled'
12:09:21.134 [Forwarding isElementEnabled on session 6c4657cb1aa1a7910e56123c8d086d97ebbbf03a to remote] DEBUG org.asynchttpclient.netty.request.NettyRequestSender - Using open Channel [id: 0x0bf79eb8, L:/172.17.19.76:52213 - R:hub-cloud.browserstack.com/173.234.104.3:80] for GET '/wd/hub/session/6c4657cb1aa1a7910e56123c8d086d97ebbbf03a/element/e865835b-3cd2-45a0-94a9-e6bd906bb1a0/enabled'
12:09:21.446 [AsyncHttpClient-1-11] DEBUG org.asynchttpclient.netty.handler.HttpHandler - 

Request DefaultFullHttpRequest(decodeResult: success, version: HTTP/1.1, content: EmptyByteBufBE)
GET /wd/hub/session/6c4657cb1aa1a7910e56123c8d086d97ebbbf03a/element/e865835b-3cd2-45a0-94a9-e6bd906bb1a0/enabled HTTP/1.1
User-Agent: selenium/4.1.3 (java windows)
Cache-Control: no-cache
traceparent: 00-fe0a0696e04c000bcf68be1bed798245-617f1adae1b88d97-01
Content-Type: application/json; charset=utf-8
host: hub-cloud.browserstack.com
authorization: Basic bmd1eW5hbmhkbmdfUUNySERrOm1OVG50OWJnenhBcWJBRVZ3aDZZ
accept: */*

Response DefaultHttpResponse(decodeResult: success, version: HTTP/1.1)
HTTP/1.1 200 OK
Server: nginx
Date: Mon, 09 May 2022 05:09:21 GMT
Content-Type: application/json;charset=utf-8
Connection: keep-alive
Source-From: 02
expires: Thu, 01 Jan 1970 00:00:00 GMT
cache-control: no-cache, no-cache
temp-header: 2023-2500207956-1-1652072961.246-rproxy-core-002-dcp-apse2a-prod.browserstack.com
content-length: 14

12:09:21.446 [AsyncHttpClient-1-11] DEBUG org.asynchttpclient.netty.channel.ChannelManager - Adding key: http://hub-cloud.browserstack.com:80 for channel [id: 0x0bf79eb8, L:/172.17.19.76:52213 - R:hub-cloud.browserstack.com/173.234.104.3:80]
12:09:21.449 [Forwarding isElementEnabled on session 6c4657cb1aa1a7910e56123c8d086d97ebbbf03a to remote] DEBUG org.asynchttpclient.netty.request.NettyRequestSender - Using pooled Channel '[id: 0x0bf79eb8, L:/172.17.19.76:52213 - R:hub-cloud.browserstack.com/173.234.104.3:80]' for 'GET' to 'http://nguynanhdng_QCrHDk:mNTnt9bgzxAqbAEVwh6Y@hub-cloud.browserstack.com/wd/hub/session/6c4657cb1aa1a7910e56123c8d086d97ebbbf03a/element/e865835b-3cd2-45a0-94a9-e6bd906bb1a0/enabled'
12:09:21.449 [Forwarding isElementEnabled on session 6c4657cb1aa1a7910e56123c8d086d97ebbbf03a to remote] DEBUG org.asynchttpclient.netty.request.NettyRequestSender - Using open Channel [id: 0x0bf79eb8, L:/172.17.19.76:52213 - R:hub-cloud.browserstack.com/173.234.104.3:80] for GET '/wd/hub/session/6c4657cb1aa1a7910e56123c8d086d97ebbbf03a/element/e865835b-3cd2-45a0-94a9-e6bd906bb1a0/enabled'
12:09:21.707 [AsyncHttpClient-1-11] DEBUG org.asynchttpclient.netty.handler.HttpHandler - 

Request DefaultFullHttpRequest(decodeResult: success, version: HTTP/1.1, content: EmptyByteBufBE)
GET /wd/hub/session/6c4657cb1aa1a7910e56123c8d086d97ebbbf03a/element/e865835b-3cd2-45a0-94a9-e6bd906bb1a0/enabled HTTP/1.1
User-Agent: selenium/4.1.3 (java windows)
Cache-Control: no-cache
traceparent: 00-e90b7f5dd8933bf1ee7dbdeec2dbada4-4bab6610ca90399d-01
Content-Type: application/json; charset=utf-8
host: hub-cloud.browserstack.com
authorization: Basic bmd1eW5hbmhkbmdfUUNySERrOm1OVG50OWJnenhBcWJBRVZ3aDZZ
accept: */*

Response DefaultHttpResponse(decodeResult: success, version: HTTP/1.1)
HTTP/1.1 200 OK
Server: nginx
Date: Mon, 09 May 2022 05:09:21 GMT
Content-Type: application/json;charset=utf-8
Connection: keep-alive
Source-From: 02
expires: Thu, 01 Jan 1970 00:00:00 GMT
cache-control: no-cache, no-cache
temp-header: 2023-2500207996-1-1652072961.546-rproxy-core-002-dcp-apse2a-prod.browserstack.com
content-length: 14

12:09:21.708 [AsyncHttpClient-1-11] DEBUG org.asynchttpclient.netty.channel.ChannelManager - Adding key: http://hub-cloud.browserstack.com:80 for channel [id: 0x0bf79eb8, L:/172.17.19.76:52213 - R:hub-cloud.browserstack.com/173.234.104.3:80]
12:09:21.711 [Forwarding clickElement on session 6c4657cb1aa1a7910e56123c8d086d97ebbbf03a to remote] DEBUG org.asynchttpclient.netty.request.NettyRequestSender - Using pooled Channel '[id: 0x0bf79eb8, L:/172.17.19.76:52213 - R:hub-cloud.browserstack.com/173.234.104.3:80]' for 'POST' to 'http://nguynanhdng_QCrHDk:mNTnt9bgzxAqbAEVwh6Y@hub-cloud.browserstack.com/wd/hub/session/6c4657cb1aa1a7910e56123c8d086d97ebbbf03a/element/e865835b-3cd2-45a0-94a9-e6bd906bb1a0/click'
12:09:21.711 [Forwarding clickElement on session 6c4657cb1aa1a7910e56123c8d086d97ebbbf03a to remote] DEBUG org.asynchttpclient.netty.request.NettyRequestSender - Using open Channel [id: 0x0bf79eb8, L:/172.17.19.76:52213 - R:hub-cloud.browserstack.com/173.234.104.3:80] for POST '/wd/hub/session/6c4657cb1aa1a7910e56123c8d086d97ebbbf03a/element/e865835b-3cd2-45a0-94a9-e6bd906bb1a0/click'
12:09:22.824 [AsyncHttpClient-1-11] DEBUG org.asynchttpclient.netty.handler.HttpHandler - 

Request DefaultHttpRequest(decodeResult: success, version: HTTP/1.1)
POST /wd/hub/session/6c4657cb1aa1a7910e56123c8d086d97ebbbf03a/element/e865835b-3cd2-45a0-94a9-e6bd906bb1a0/click HTTP/1.1
User-Agent: selenium/4.1.3 (java windows)
traceparent: 00-0caa14ea06953c97dabc7963dfca041e-0d52c6072a8f41db-01
Content-Length: 50
Content-Type: application/json; charset=utf-8
host: hub-cloud.browserstack.com
authorization: Basic bmd1eW5hbmhkbmdfUUNySERrOm1OVG50OWJnenhBcWJBRVZ3aDZZ
accept: */*

Response DefaultHttpResponse(decodeResult: success, version: HTTP/1.1)
HTTP/1.1 200 OK
Server: nginx
Date: Mon, 09 May 2022 05:09:22 GMT
Content-Type: application/json;charset=utf-8
Connection: keep-alive
Source-From: 02
expires: Thu, 01 Jan 1970 00:00:00 GMT
cache-control: no-cache, no-cache
temp-header: 3694-5157200810-1-1652072962.647-rproxy-core-001-dcp-apse2a-prod.browserstack.com
content-length: 14

12:09:22.824 [AsyncHttpClient-1-11] DEBUG org.asynchttpclient.netty.channel.ChannelManager - Adding key: http://hub-cloud.browserstack.com:80 for channel [id: 0x0bf79eb8, L:/172.17.19.76:52213 - R:hub-cloud.browserstack.com/173.234.104.3:80]
12:09:22.827 [main] DEBUG net.thucydides.core.steps.StepInterceptor - STEP DONE: login
  &amp#27;[32mGiven &amp#27;[0m&amp#27;[32mthe user enters the username &amp#27;[0m&amp#27;[32m&amp#27;[1m""&amp#27;[0m&amp#27;[32m and password &amp#27;[0m&amp#27;[32m&amp#27;[1mmngr398793&amp#27;[0m &amp#27;[90m# cucumber.LoginStepDefs.the_user_enters_the_username_and_password(java.lang.String,java.lang.String)&amp#27;[0m
12:09:22.833 [main] DEBUG net.thucydides.core.steps.StepInterceptor - STARTING STEP: LoginStepDefs.the_error_message_user_is_not_valid_is_displayed - checkInvalid
12:09:22.834 [Forwarding getAlertText on session 6c4657cb1aa1a7910e56123c8d086d97ebbbf03a to remote] DEBUG org.asynchttpclient.netty.request.NettyRequestSender - Using pooled Channel '[id: 0x0bf79eb8, L:/172.17.19.76:52213 - R:hub-cloud.browserstack.com/173.234.104.3:80]' for 'GET' to 'http://nguynanhdng_QCrHDk:mNTnt9bgzxAqbAEVwh6Y@hub-cloud.browserstack.com/wd/hub/session/6c4657cb1aa1a7910e56123c8d086d97ebbbf03a/alert/text'
12:09:22.835 [Forwarding getAlertText on session 6c4657cb1aa1a7910e56123c8d086d97ebbbf03a to remote] DEBUG org.asynchttpclient.netty.request.NettyRequestSender - Using open Channel [id: 0x0bf79eb8, L:/172.17.19.76:52213 - R:hub-cloud.browserstack.com/173.234.104.3:80] for GET '/wd/hub/session/6c4657cb1aa1a7910e56123c8d086d97ebbbf03a/alert/text'
12:09:23.083 [AsyncHttpClient-1-11] DEBUG org.asynchttpclient.netty.handler.HttpHandler - 

Request DefaultFullHttpRequest(decodeResult: success, version: HTTP/1.1, content: EmptyByteBufBE)
GET /wd/hub/session/6c4657cb1aa1a7910e56123c8d086d97ebbbf03a/alert/text HTTP/1.1
User-Agent: selenium/4.1.3 (java windows)
Cache-Control: no-cache
traceparent: 00-4cc146f446b8cbdcccca97f32aecbcd4-c2f7995c7e10e198-01
Content-Type: application/json; charset=utf-8
host: hub-cloud.browserstack.com
authorization: Basic bmd1eW5hbmhkbmdfUUNySERrOm1OVG50OWJnenhBcWJBRVZ3aDZZ
accept: */*

Response DefaultHttpResponse(decodeResult: success, version: HTTP/1.1)
HTTP/1.1 200 OK
Server: nginx
Date: Mon, 09 May 2022 05:09:22 GMT
Content-Type: application/json;charset=utf-8
Connection: keep-alive
Source-From: 02
expires: Thu, 01 Jan 1970 00:00:00 GMT
cache-control: no-cache, no-cache
temp-header: 2027-2500208200-1-1652072962.917-rproxy-core-002-dcp-apse2a-prod.browserstack.com
content-length: 29

12:09:23.083 [AsyncHttpClient-1-11] DEBUG org.asynchttpclient.netty.channel.ChannelManager - Adding key: http://hub-cloud.browserstack.com:80 for channel [id: 0x0bf79eb8, L:/172.17.19.76:52213 - R:hub-cloud.browserstack.com/173.234.104.3:80]
12:09:23.084 [Forwarding getAlertText on session 6c4657cb1aa1a7910e56123c8d086d97ebbbf03a to remote] DEBUG org.asynchttpclient.netty.request.NettyRequestSender - Using pooled Channel '[id: 0x0bf79eb8, L:/172.17.19.76:52213 - R:hub-cloud.browserstack.com/173.234.104.3:80]' for 'GET' to 'http://nguynanhdng_QCrHDk:mNTnt9bgzxAqbAEVwh6Y@hub-cloud.browserstack.com/wd/hub/session/6c4657cb1aa1a7910e56123c8d086d97ebbbf03a/alert/text'
12:09:23.084 [Forwarding getAlertText on session 6c4657cb1aa1a7910e56123c8d086d97ebbbf03a to remote] DEBUG org.asynchttpclient.netty.request.NettyRequestSender - Using open Channel [id: 0x0bf79eb8, L:/172.17.19.76:52213 - R:hub-cloud.browserstack.com/173.234.104.3:80] for GET '/wd/hub/session/6c4657cb1aa1a7910e56123c8d086d97ebbbf03a/alert/text'
12:09:23.433 [AsyncHttpClient-1-11] DEBUG org.asynchttpclient.netty.handler.HttpHandler - 

Request DefaultFullHttpRequest(decodeResult: success, version: HTTP/1.1, content: EmptyByteBufBE)
GET /wd/hub/session/6c4657cb1aa1a7910e56123c8d086d97ebbbf03a/alert/text HTTP/1.1
User-Agent: selenium/4.1.3 (java windows)
Cache-Control: no-cache
traceparent: 00-c068418c3191283ae6b14fb507c58b28-9d9a3eafa3214a12-01
Content-Type: application/json; charset=utf-8
host: hub-cloud.browserstack.com
authorization: Basic bmd1eW5hbmhkbmdfUUNySERrOm1OVG50OWJnenhBcWJBRVZ3aDZZ
accept: */*

Response DefaultHttpResponse(decodeResult: success, version: HTTP/1.1)
HTTP/1.1 200 OK
Server: nginx
Date: Mon, 09 May 2022 05:09:23 GMT
Content-Type: application/json;charset=utf-8
Connection: keep-alive
Source-From: 02
expires: Thu, 01 Jan 1970 00:00:00 GMT
cache-control: no-cache, no-cache
temp-header: 3695-5157201232-1-1652072963.165-rproxy-core-001-dcp-apse2a-prod.browserstack.com
content-length: 29

12:09:23.433 [AsyncHttpClient-1-11] DEBUG org.asynchttpclient.netty.channel.ChannelManager - Adding key: http://hub-cloud.browserstack.com:80 for channel [id: 0x0bf79eb8, L:/172.17.19.76:52213 - R:hub-cloud.browserstack.com/173.234.104.3:80]
12:09:23.436 [Forwarding acceptAlert on session 6c4657cb1aa1a7910e56123c8d086d97ebbbf03a to remote] DEBUG org.asynchttpclient.netty.request.NettyRequestSender - Using pooled Channel '[id: 0x0bf79eb8, L:/172.17.19.76:52213 - R:hub-cloud.browserstack.com/173.234.104.3:80]' for 'POST' to 'http://nguynanhdng_QCrHDk:mNTnt9bgzxAqbAEVwh6Y@hub-cloud.browserstack.com/wd/hub/session/6c4657cb1aa1a7910e56123c8d086d97ebbbf03a/alert/accept'
12:09:23.436 [Forwarding acceptAlert on session 6c4657cb1aa1a7910e56123c8d086d97ebbbf03a to remote] DEBUG org.asynchttpclient.netty.request.NettyRequestSender - Using open Channel [id: 0x0bf79eb8, L:/172.17.19.76:52213 - R:hub-cloud.browserstack.com/173.234.104.3:80] for POST '/wd/hub/session/6c4657cb1aa1a7910e56123c8d086d97ebbbf03a/alert/accept'
12:09:23.738 [AsyncHttpClient-1-11] DEBUG org.asynchttpclient.netty.handler.HttpHandler - 

Request DefaultHttpRequest(decodeResult: success, version: HTTP/1.1)
POST /wd/hub/session/6c4657cb1aa1a7910e56123c8d086d97ebbbf03a/alert/accept HTTP/1.1
User-Agent: selenium/4.1.3 (java windows)
traceparent: 00-9022ef445603fbdb1cc89adb55e30fb3-c23551d0ab5f7e05-01
Content-Length: 3
Content-Type: application/json; charset=utf-8
host: hub-cloud.browserstack.com
authorization: Basic bmd1eW5hbmhkbmdfUUNySERrOm1OVG50OWJnenhBcWJBRVZ3aDZZ
accept: */*

Response DefaultHttpResponse(decodeResult: success, version: HTTP/1.1)
HTTP/1.1 200 OK
Server: nginx
Date: Mon, 09 May 2022 05:09:23 GMT
Content-Type: application/json;charset=utf-8
Connection: keep-alive
Source-From: 02
expires: Thu, 01 Jan 1970 00:00:00 GMT
cache-control: no-cache, no-cache
temp-header: 3699-5157201325-1-1652072963.540-rproxy-core-001-dcp-apse2a-prod.browserstack.com
content-length: 14

12:09:23.738 [AsyncHttpClient-1-11] DEBUG org.asynchttpclient.netty.channel.ChannelManager - Adding key: http://hub-cloud.browserstack.com:80 for channel [id: 0x0bf79eb8, L:/172.17.19.76:52213 - R:hub-cloud.browserstack.com/173.234.104.3:80]
12:09:23.740 [main] DEBUG net.thucydides.core.steps.StepInterceptor - STEP DONE: checkInvalid
  &amp#27;[32mThen &amp#27;[0m&amp#27;[32mthe error message &amp#27;[0m&amp#27;[32m&amp#27;[1m'User is not valid'&amp#27;[0m&amp#27;[32m is displayed&amp#27;[0m       &amp#27;[90m# cucumber.LoginStepDefs.the_error_message_user_is_not_valid_is_displayed(java.lang.String)&amp#27;[0m
]]></system-out>
  </testcase>
  <testcase name="user login unsuccessful #4" classname="user login to the page unsuccessful" time="15.166">
    <system-out><![CDATA[
@unit
Scenario Outline: user login unsuccessful                       &amp#27;[90m# src/test/resources/features.login/login_unsuccess.feature:12&amp#27;[0m
12:09:23.749 [main] INFO io.cucumber.core.plugin.SerenityReporter - Running feature from file:///D:/Pratice/serenity_homework/src/test/resources/features.login/login_unsuccess.feature
12:09:23.749 [main] WARN io.cucumber.core.plugin.SerenityReporter - Feature from file:///D:/Pratice/serenity_homework/src/test/resources/features.login/login_unsuccess.feature is not under the 'features' directory. Requirements report will not be correctly generated!
12:09:23.778 [main] DEBUG io.github.bonigarcia.wdm.cache.ResolutionCache - Resolution chrome=101 in cache (valid until 12:13:55 09/05/2022 ICT)
12:09:23.779 [main] DEBUG io.github.bonigarcia.wdm.cache.ResolutionCache - Resolution chrome101=101.0.4951.41 in cache (valid until 22:55:19 09/05/2022 ICT)
12:09:23.779 [main] INFO io.github.bonigarcia.wdm.WebDriverManager - Using chromedriver 101.0.4951.41 (resolved driver for Chrome 101)
12:09:23.784 [main] DEBUG io.github.bonigarcia.wdm.WebDriverManager - Driver chromedriver 101.0.4951.41 found in cache
12:09:23.784 [main] INFO io.github.bonigarcia.wdm.WebDriverManager - Exporting webdriver.chrome.driver as C:\Users\dung.nguyenanh\.cache\selenium\chromedriver\win32\101.0.4951.41\chromedriver.exe
12:09:23.785 [Forwarding get on session 6c4657cb1aa1a7910e56123c8d086d97ebbbf03a to remote] DEBUG org.asynchttpclient.netty.request.NettyRequestSender - Using pooled Channel '[id: 0x0bf79eb8, L:/172.17.19.76:52213 - R:hub-cloud.browserstack.com/173.234.104.3:80]' for 'POST' to 'http://nguynanhdng_QCrHDk:mNTnt9bgzxAqbAEVwh6Y@hub-cloud.browserstack.com/wd/hub/session/6c4657cb1aa1a7910e56123c8d086d97ebbbf03a/url'
12:09:23.785 [Forwarding get on session 6c4657cb1aa1a7910e56123c8d086d97ebbbf03a to remote] DEBUG org.asynchttpclient.netty.request.NettyRequestSender - Using open Channel [id: 0x0bf79eb8, L:/172.17.19.76:52213 - R:hub-cloud.browserstack.com/173.234.104.3:80] for POST '/wd/hub/session/6c4657cb1aa1a7910e56123c8d086d97ebbbf03a/url'
12:09:27.923 [AsyncHttpClient-1-11] DEBUG org.asynchttpclient.netty.handler.HttpHandler - 

Request DefaultHttpRequest(decodeResult: success, version: HTTP/1.1)
POST /wd/hub/session/6c4657cb1aa1a7910e56123c8d086d97ebbbf03a/url HTTP/1.1
User-Agent: selenium/4.1.3 (java windows)
traceparent: 00-60325ee2a2e30106f953794d7f9e18dc-8f0173ec152eb899-01
Content-Length: 94
Content-Type: application/json; charset=utf-8
host: hub-cloud.browserstack.com
authorization: Basic bmd1eW5hbmhkbmdfUUNySERrOm1OVG50OWJnenhBcWJBRVZ3aDZZ
accept: */*

Response DefaultHttpResponse(decodeResult: success, version: HTTP/1.1)
HTTP/1.1 200 OK
Server: nginx
Date: Mon, 09 May 2022 05:09:27 GMT
Content-Type: application/json;charset=utf-8
Connection: keep-alive
Source-From: 02
expires: Thu, 01 Jan 1970 00:00:00 GMT
cache-control: no-cache, no-cache
temp-header: 2025-2500208568-1-1652072967.755-rproxy-core-002-dcp-apse2a-prod.browserstack.com
content-length: 14

12:09:27.924 [AsyncHttpClient-1-11] DEBUG org.asynchttpclient.netty.channel.ChannelManager - Adding key: http://hub-cloud.browserstack.com:80 for channel [id: 0x0bf79eb8, L:/172.17.19.76:52213 - R:hub-cloud.browserstack.com/173.234.104.3:80]
12:09:27.927 [Forwarding getCurrentUrl on session 6c4657cb1aa1a7910e56123c8d086d97ebbbf03a to remote] DEBUG org.asynchttpclient.netty.request.NettyRequestSender - Using pooled Channel '[id: 0x0bf79eb8, L:/172.17.19.76:52213 - R:hub-cloud.browserstack.com/173.234.104.3:80]' for 'GET' to 'http://nguynanhdng_QCrHDk:mNTnt9bgzxAqbAEVwh6Y@hub-cloud.browserstack.com/wd/hub/session/6c4657cb1aa1a7910e56123c8d086d97ebbbf03a/url'
12:09:27.927 [Forwarding getCurrentUrl on session 6c4657cb1aa1a7910e56123c8d086d97ebbbf03a to remote] DEBUG org.asynchttpclient.netty.request.NettyRequestSender - Using open Channel [id: 0x0bf79eb8, L:/172.17.19.76:52213 - R:hub-cloud.browserstack.com/173.234.104.3:80] for GET '/wd/hub/session/6c4657cb1aa1a7910e56123c8d086d97ebbbf03a/url'
12:09:28.349 [AsyncHttpClient-1-11] DEBUG org.asynchttpclient.netty.handler.HttpHandler - 

Request DefaultFullHttpRequest(decodeResult: success, version: HTTP/1.1, content: EmptyByteBufBE)
GET /wd/hub/session/6c4657cb1aa1a7910e56123c8d086d97ebbbf03a/url HTTP/1.1
User-Agent: selenium/4.1.3 (java windows)
Cache-Control: no-cache
traceparent: 00-1b76719a00c2402c3d410037f1989351-c27417221bfb0532-01
Content-Type: application/json; charset=utf-8
host: hub-cloud.browserstack.com
authorization: Basic bmd1eW5hbmhkbmdfUUNySERrOm1OVG50OWJnenhBcWJBRVZ3aDZZ
accept: */*

Response DefaultHttpResponse(decodeResult: success, version: HTTP/1.1)
HTTP/1.1 200 OK
Server: nginx
Date: Mon, 09 May 2022 05:09:28 GMT
Content-Type: application/json;charset=utf-8
Connection: keep-alive
Source-From: 02
expires: Thu, 01 Jan 1970 00:00:00 GMT
cache-control: no-cache, no-cache
temp-header: 2027-2500208925-1-1652072968.171-rproxy-core-002-dcp-apse2a-prod.browserstack.com
content-length: 61

12:09:28.349 [AsyncHttpClient-1-11] DEBUG org.asynchttpclient.netty.channel.ChannelManager - Adding key: http://hub-cloud.browserstack.com:80 for channel [id: 0x0bf79eb8, L:/172.17.19.76:52213 - R:hub-cloud.browserstack.com/173.234.104.3:80]
12:09:28.352 [Forwarding getCurrentUrl on session 6c4657cb1aa1a7910e56123c8d086d97ebbbf03a to remote] DEBUG org.asynchttpclient.netty.request.NettyRequestSender - Using pooled Channel '[id: 0x0bf79eb8, L:/172.17.19.76:52213 - R:hub-cloud.browserstack.com/173.234.104.3:80]' for 'GET' to 'http://nguynanhdng_QCrHDk:mNTnt9bgzxAqbAEVwh6Y@hub-cloud.browserstack.com/wd/hub/session/6c4657cb1aa1a7910e56123c8d086d97ebbbf03a/url'
12:09:28.353 [Forwarding getCurrentUrl on session 6c4657cb1aa1a7910e56123c8d086d97ebbbf03a to remote] DEBUG org.asynchttpclient.netty.request.NettyRequestSender - Using open Channel [id: 0x0bf79eb8, L:/172.17.19.76:52213 - R:hub-cloud.browserstack.com/173.234.104.3:80] for GET '/wd/hub/session/6c4657cb1aa1a7910e56123c8d086d97ebbbf03a/url'
12:09:28.687 [AsyncHttpClient-1-11] DEBUG org.asynchttpclient.netty.handler.HttpHandler - 

Request DefaultFullHttpRequest(decodeResult: success, version: HTTP/1.1, content: EmptyByteBufBE)
GET /wd/hub/session/6c4657cb1aa1a7910e56123c8d086d97ebbbf03a/url HTTP/1.1
User-Agent: selenium/4.1.3 (java windows)
Cache-Control: no-cache
traceparent: 00-f00a2f7e808f3a66f95413a5345faf00-324a3b8d89698c93-01
Content-Type: application/json; charset=utf-8
host: hub-cloud.browserstack.com
authorization: Basic bmd1eW5hbmhkbmdfUUNySERrOm1OVG50OWJnenhBcWJBRVZ3aDZZ
accept: */*

Response DefaultHttpResponse(decodeResult: success, version: HTTP/1.1)
HTTP/1.1 200 OK
Server: nginx
Date: Mon, 09 May 2022 05:09:28 GMT
Content-Type: application/json;charset=utf-8
Connection: keep-alive
Source-From: 02
expires: Thu, 01 Jan 1970 00:00:00 GMT
cache-control: no-cache, no-cache
temp-header: 3692-5157202383-1-1652072968.449-rproxy-core-001-dcp-apse2a-prod.browserstack.com
content-length: 61

12:09:28.687 [AsyncHttpClient-1-11] DEBUG org.asynchttpclient.netty.channel.ChannelManager - Adding key: http://hub-cloud.browserstack.com:80 for channel [id: 0x0bf79eb8, L:/172.17.19.76:52213 - R:hub-cloud.browserstack.com/173.234.104.3:80]
12:09:28.691 [Forwarding maximizeCurrentWindow on session 6c4657cb1aa1a7910e56123c8d086d97ebbbf03a to remote] DEBUG org.asynchttpclient.netty.request.NettyRequestSender - Using pooled Channel '[id: 0x0bf79eb8, L:/172.17.19.76:52213 - R:hub-cloud.browserstack.com/173.234.104.3:80]' for 'POST' to 'http://nguynanhdng_QCrHDk:mNTnt9bgzxAqbAEVwh6Y@hub-cloud.browserstack.com/wd/hub/session/6c4657cb1aa1a7910e56123c8d086d97ebbbf03a/window/maximize'
12:09:28.691 [Forwarding maximizeCurrentWindow on session 6c4657cb1aa1a7910e56123c8d086d97ebbbf03a to remote] DEBUG org.asynchttpclient.netty.request.NettyRequestSender - Using open Channel [id: 0x0bf79eb8, L:/172.17.19.76:52213 - R:hub-cloud.browserstack.com/173.234.104.3:80] for POST '/wd/hub/session/6c4657cb1aa1a7910e56123c8d086d97ebbbf03a/window/maximize'
12:09:28.945 [AsyncHttpClient-1-11] DEBUG org.asynchttpclient.netty.handler.HttpHandler - 

Request DefaultHttpRequest(decodeResult: success, version: HTTP/1.1)
POST /wd/hub/session/6c4657cb1aa1a7910e56123c8d086d97ebbbf03a/window/maximize HTTP/1.1
User-Agent: selenium/4.1.3 (java windows)
traceparent: 00-e61e1be5f4f631cb64a9b96dd4eebf85-1ba8cfc9c8e3a658-01
Content-Length: 3
Content-Type: application/json; charset=utf-8
host: hub-cloud.browserstack.com
authorization: Basic bmd1eW5hbmhkbmdfUUNySERrOm1OVG50OWJnenhBcWJBRVZ3aDZZ
accept: */*

Response DefaultHttpResponse(decodeResult: success, version: HTTP/1.1)
HTTP/1.1 200 OK
Server: nginx
Date: Mon, 09 May 2022 05:09:28 GMT
Content-Type: application/json;charset=utf-8
Connection: keep-alive
Source-From: 02
expires: Thu, 01 Jan 1970 00:00:00 GMT
cache-control: no-cache, no-cache
temp-header: 3692-5157202471-1-1652072968.782-rproxy-core-001-dcp-apse2a-prod.browserstack.com
content-length: 52

12:09:28.945 [AsyncHttpClient-1-11] DEBUG org.asynchttpclient.netty.channel.ChannelManager - Adding key: http://hub-cloud.browserstack.com:80 for channel [id: 0x0bf79eb8, L:/172.17.19.76:52213 - R:hub-cloud.browserstack.com/173.234.104.3:80]
12:09:28.955 [main] DEBUG net.thucydides.core.steps.StepInterceptor - STARTING STEP: LoginStepDefs.the_user_enters_the_username_and_password - login
12:09:28.958 [Forwarding setTimeout on session 6c4657cb1aa1a7910e56123c8d086d97ebbbf03a to remote] DEBUG org.asynchttpclient.netty.request.NettyRequestSender - Using pooled Channel '[id: 0x0bf79eb8, L:/172.17.19.76:52213 - R:hub-cloud.browserstack.com/173.234.104.3:80]' for 'POST' to 'http://nguynanhdng_QCrHDk:mNTnt9bgzxAqbAEVwh6Y@hub-cloud.browserstack.com/wd/hub/session/6c4657cb1aa1a7910e56123c8d086d97ebbbf03a/timeouts'
12:09:28.958 [Forwarding setTimeout on session 6c4657cb1aa1a7910e56123c8d086d97ebbbf03a to remote] DEBUG org.asynchttpclient.netty.request.NettyRequestSender - Using open Channel [id: 0x0bf79eb8, L:/172.17.19.76:52213 - R:hub-cloud.browserstack.com/173.234.104.3:80] for POST '/wd/hub/session/6c4657cb1aa1a7910e56123c8d086d97ebbbf03a/timeouts'
12:09:29.267 [AsyncHttpClient-1-11] DEBUG org.asynchttpclient.netty.handler.HttpHandler - 

Request DefaultHttpRequest(decodeResult: success, version: HTTP/1.1)
POST /wd/hub/session/6c4657cb1aa1a7910e56123c8d086d97ebbbf03a/timeouts HTTP/1.1
User-Agent: selenium/4.1.3 (java windows)
traceparent: 00-c24288403f3016ff6d74034a1a234b93-a2de8cb3423b8f7f-01
Content-Length: 19
Content-Type: application/json; charset=utf-8
host: hub-cloud.browserstack.com
authorization: Basic bmd1eW5hbmhkbmdfUUNySERrOm1OVG50OWJnenhBcWJBRVZ3aDZZ
accept: */*

Response DefaultHttpResponse(decodeResult: success, version: HTTP/1.1)
HTTP/1.1 200 OK
Server: nginx
Date: Mon, 09 May 2022 05:09:29 GMT
Content-Type: application/json;charset=utf-8
Connection: keep-alive
Source-From: 02
expires: Thu, 01 Jan 1970 00:00:00 GMT
cache-control: no-cache, no-cache
temp-header: 3696-5157202543-1-1652072969.065-rproxy-core-001-dcp-apse2a-prod.browserstack.com
content-length: 14

12:09:29.267 [AsyncHttpClient-1-11] DEBUG org.asynchttpclient.netty.channel.ChannelManager - Adding key: http://hub-cloud.browserstack.com:80 for channel [id: 0x0bf79eb8, L:/172.17.19.76:52213 - R:hub-cloud.browserstack.com/173.234.104.3:80]
12:09:29.271 [Forwarding findElement on session 6c4657cb1aa1a7910e56123c8d086d97ebbbf03a to remote] DEBUG org.asynchttpclient.netty.request.NettyRequestSender - Using pooled Channel '[id: 0x0bf79eb8, L:/172.17.19.76:52213 - R:hub-cloud.browserstack.com/173.234.104.3:80]' for 'POST' to 'http://nguynanhdng_QCrHDk:mNTnt9bgzxAqbAEVwh6Y@hub-cloud.browserstack.com/wd/hub/session/6c4657cb1aa1a7910e56123c8d086d97ebbbf03a/element'
12:09:29.271 [Forwarding findElement on session 6c4657cb1aa1a7910e56123c8d086d97ebbbf03a to remote] DEBUG org.asynchttpclient.netty.request.NettyRequestSender - Using open Channel [id: 0x0bf79eb8, L:/172.17.19.76:52213 - R:hub-cloud.browserstack.com/173.234.104.3:80] for POST '/wd/hub/session/6c4657cb1aa1a7910e56123c8d086d97ebbbf03a/element'
12:09:29.676 [AsyncHttpClient-1-11] DEBUG org.asynchttpclient.netty.handler.HttpHandler - 

Request DefaultHttpRequest(decodeResult: success, version: HTTP/1.1)
POST /wd/hub/session/6c4657cb1aa1a7910e56123c8d086d97ebbbf03a/element HTTP/1.1
User-Agent: selenium/4.1.3 (java windows)
traceparent: 00-390d5e7d351e15638d48235fcba8bccc-428dd656ccc9d6db-01
Content-Length: 61
Content-Type: application/json; charset=utf-8
host: hub-cloud.browserstack.com
authorization: Basic bmd1eW5hbmhkbmdfUUNySERrOm1OVG50OWJnenhBcWJBRVZ3aDZZ
accept: */*

Response DefaultHttpResponse(decodeResult: success, version: HTTP/1.1)
HTTP/1.1 200 OK
Server: nginx
Date: Mon, 09 May 2022 05:09:29 GMT
Content-Type: application/json;charset=utf-8
Connection: keep-alive
Source-From: 02
expires: Thu, 01 Jan 1970 00:00:00 GMT
cache-control: no-cache, no-cache
temp-header: 3700-5157202561-1-1652072969.372-rproxy-core-001-dcp-apse2a-prod.browserstack.com
content-length: 88

12:09:29.676 [AsyncHttpClient-1-11] DEBUG org.asynchttpclient.netty.channel.ChannelManager - Adding key: http://hub-cloud.browserstack.com:80 for channel [id: 0x0bf79eb8, L:/172.17.19.76:52213 - R:hub-cloud.browserstack.com/173.234.104.3:80]
12:09:29.679 [Forwarding setTimeout on session 6c4657cb1aa1a7910e56123c8d086d97ebbbf03a to remote] DEBUG org.asynchttpclient.netty.request.NettyRequestSender - Using pooled Channel '[id: 0x0bf79eb8, L:/172.17.19.76:52213 - R:hub-cloud.browserstack.com/173.234.104.3:80]' for 'POST' to 'http://nguynanhdng_QCrHDk:mNTnt9bgzxAqbAEVwh6Y@hub-cloud.browserstack.com/wd/hub/session/6c4657cb1aa1a7910e56123c8d086d97ebbbf03a/timeouts'
12:09:29.679 [Forwarding setTimeout on session 6c4657cb1aa1a7910e56123c8d086d97ebbbf03a to remote] DEBUG org.asynchttpclient.netty.request.NettyRequestSender - Using open Channel [id: 0x0bf79eb8, L:/172.17.19.76:52213 - R:hub-cloud.browserstack.com/173.234.104.3:80] for POST '/wd/hub/session/6c4657cb1aa1a7910e56123c8d086d97ebbbf03a/timeouts'
12:09:30.011 [AsyncHttpClient-1-11] DEBUG org.asynchttpclient.netty.handler.HttpHandler - 

Request DefaultHttpRequest(decodeResult: success, version: HTTP/1.1)
POST /wd/hub/session/6c4657cb1aa1a7910e56123c8d086d97ebbbf03a/timeouts HTTP/1.1
User-Agent: selenium/4.1.3 (java windows)
traceparent: 00-603fd7b3e4ae2d2d872e6c8da4347980-a2812d60aff9f62e-01
Content-Length: 22
Content-Type: application/json; charset=utf-8
host: hub-cloud.browserstack.com
authorization: Basic bmd1eW5hbmhkbmdfUUNySERrOm1OVG50OWJnenhBcWJBRVZ3aDZZ
accept: */*

Response DefaultHttpResponse(decodeResult: success, version: HTTP/1.1)
HTTP/1.1 200 OK
Server: nginx
Date: Mon, 09 May 2022 05:09:29 GMT
Content-Type: application/json;charset=utf-8
Connection: keep-alive
Source-From: 02
expires: Thu, 01 Jan 1970 00:00:00 GMT
cache-control: no-cache, no-cache
temp-header: 3690-5157202591-1-1652072969.771-rproxy-core-001-dcp-apse2a-prod.browserstack.com
content-length: 14

12:09:30.011 [AsyncHttpClient-1-11] DEBUG org.asynchttpclient.netty.channel.ChannelManager - Adding key: http://hub-cloud.browserstack.com:80 for channel [id: 0x0bf79eb8, L:/172.17.19.76:52213 - R:hub-cloud.browserstack.com/173.234.104.3:80]
12:09:30.013 [AsyncHttpClient-1-1] DEBUG org.asynchttpclient.netty.channel.DefaultChannelPool - Entry count for : http://hub-cloud.browserstack.com:80 : 1
12:09:30.020 [Forwarding isElementDisplayed on session 6c4657cb1aa1a7910e56123c8d086d97ebbbf03a to remote] DEBUG org.asynchttpclient.netty.request.NettyRequestSender - Using pooled Channel '[id: 0x0bf79eb8, L:/172.17.19.76:52213 - R:hub-cloud.browserstack.com/173.234.104.3:80]' for 'POST' to 'http://nguynanhdng_QCrHDk:mNTnt9bgzxAqbAEVwh6Y@hub-cloud.browserstack.com/wd/hub/session/6c4657cb1aa1a7910e56123c8d086d97ebbbf03a/execute/sync'
12:09:30.020 [Forwarding isElementDisplayed on session 6c4657cb1aa1a7910e56123c8d086d97ebbbf03a to remote] DEBUG org.asynchttpclient.netty.request.NettyRequestSender - Using open Channel [id: 0x0bf79eb8, L:/172.17.19.76:52213 - R:hub-cloud.browserstack.com/173.234.104.3:80] for POST '/wd/hub/session/6c4657cb1aa1a7910e56123c8d086d97ebbbf03a/execute/sync'
12:09:30.289 [AsyncHttpClient-1-11] DEBUG org.asynchttpclient.netty.handler.HttpHandler - 

Request DefaultHttpRequest(decodeResult: success, version: HTTP/1.1)
POST /wd/hub/session/6c4657cb1aa1a7910e56123c8d086d97ebbbf03a/execute/sync HTTP/1.1
User-Agent: selenium/4.1.3 (java windows)
traceparent: 00-2a97f082eac5a639b85aade7fd1aff58-7df9c8f7de40c341-01
Content-Length: 48780
Content-Type: application/json; charset=utf-8
host: hub-cloud.browserstack.com
authorization: Basic bmd1eW5hbmhkbmdfUUNySERrOm1OVG50OWJnenhBcWJBRVZ3aDZZ
accept: */*

Response DefaultHttpResponse(decodeResult: success, version: HTTP/1.1)
HTTP/1.1 200 OK
Server: nginx
Date: Mon, 09 May 2022 05:09:30 GMT
Content-Type: application/json;charset=utf-8
Connection: keep-alive
Source-From: 02
expires: Thu, 01 Jan 1970 00:00:00 GMT
cache-control: no-cache, no-cache
temp-header: 3695-5157202649-1-1652072970.124-rproxy-core-001-dcp-apse2a-prod.browserstack.com
content-length: 14

12:09:30.289 [AsyncHttpClient-1-11] DEBUG org.asynchttpclient.netty.channel.ChannelManager - Adding key: http://hub-cloud.browserstack.com:80 for channel [id: 0x0bf79eb8, L:/172.17.19.76:52213 - R:hub-cloud.browserstack.com/173.234.104.3:80]
12:09:30.292 [Forwarding clearElement on session 6c4657cb1aa1a7910e56123c8d086d97ebbbf03a to remote] DEBUG org.asynchttpclient.netty.request.NettyRequestSender - Using pooled Channel '[id: 0x0bf79eb8, L:/172.17.19.76:52213 - R:hub-cloud.browserstack.com/173.234.104.3:80]' for 'POST' to 'http://nguynanhdng_QCrHDk:mNTnt9bgzxAqbAEVwh6Y@hub-cloud.browserstack.com/wd/hub/session/6c4657cb1aa1a7910e56123c8d086d97ebbbf03a/element/9e289ab3-eaef-4b22-b74a-6e12c2cef381/clear'
12:09:30.292 [Forwarding clearElement on session 6c4657cb1aa1a7910e56123c8d086d97ebbbf03a to remote] DEBUG org.asynchttpclient.netty.request.NettyRequestSender - Using open Channel [id: 0x0bf79eb8, L:/172.17.19.76:52213 - R:hub-cloud.browserstack.com/173.234.104.3:80] for POST '/wd/hub/session/6c4657cb1aa1a7910e56123c8d086d97ebbbf03a/element/9e289ab3-eaef-4b22-b74a-6e12c2cef381/clear'
12:09:30.595 [AsyncHttpClient-1-11] DEBUG org.asynchttpclient.netty.handler.HttpHandler - 

Request DefaultHttpRequest(decodeResult: success, version: HTTP/1.1)
POST /wd/hub/session/6c4657cb1aa1a7910e56123c8d086d97ebbbf03a/element/9e289ab3-eaef-4b22-b74a-6e12c2cef381/clear HTTP/1.1
User-Agent: selenium/4.1.3 (java windows)
traceparent: 00-d6c56d38d99f38d885b6e26ef03f28e3-5c48343292555b95-01
Content-Length: 50
Content-Type: application/json; charset=utf-8
host: hub-cloud.browserstack.com
authorization: Basic bmd1eW5hbmhkbmdfUUNySERrOm1OVG50OWJnenhBcWJBRVZ3aDZZ
accept: */*

Response DefaultHttpResponse(decodeResult: success, version: HTTP/1.1)
HTTP/1.1 200 OK
Server: nginx
Date: Mon, 09 May 2022 05:09:30 GMT
Content-Type: application/json;charset=utf-8
Connection: keep-alive
Source-From: 02
expires: Thu, 01 Jan 1970 00:00:00 GMT
cache-control: no-cache, no-cache
temp-header: 3695-5157202695-1-1652072970.414-rproxy-core-001-dcp-apse2a-prod.browserstack.com
content-length: 14

12:09:30.595 [AsyncHttpClient-1-11] DEBUG org.asynchttpclient.netty.channel.ChannelManager - Adding key: http://hub-cloud.browserstack.com:80 for channel [id: 0x0bf79eb8, L:/172.17.19.76:52213 - R:hub-cloud.browserstack.com/173.234.104.3:80]
12:09:30.599 [Forwarding sendKeysToElement on session 6c4657cb1aa1a7910e56123c8d086d97ebbbf03a to remote] DEBUG org.asynchttpclient.netty.request.NettyRequestSender - Using pooled Channel '[id: 0x0bf79eb8, L:/172.17.19.76:52213 - R:hub-cloud.browserstack.com/173.234.104.3:80]' for 'POST' to 'http://nguynanhdng_QCrHDk:mNTnt9bgzxAqbAEVwh6Y@hub-cloud.browserstack.com/wd/hub/session/6c4657cb1aa1a7910e56123c8d086d97ebbbf03a/element/9e289ab3-eaef-4b22-b74a-6e12c2cef381/value'
12:09:30.599 [Forwarding sendKeysToElement on session 6c4657cb1aa1a7910e56123c8d086d97ebbbf03a to remote] DEBUG org.asynchttpclient.netty.request.NettyRequestSender - Using open Channel [id: 0x0bf79eb8, L:/172.17.19.76:52213 - R:hub-cloud.browserstack.com/173.234.104.3:80] for POST '/wd/hub/session/6c4657cb1aa1a7910e56123c8d086d97ebbbf03a/element/9e289ab3-eaef-4b22-b74a-6e12c2cef381/value'
12:09:30.937 [AsyncHttpClient-1-11] DEBUG org.asynchttpclient.netty.handler.HttpHandler - 

Request DefaultHttpRequest(decodeResult: success, version: HTTP/1.1)
POST /wd/hub/session/6c4657cb1aa1a7910e56123c8d086d97ebbbf03a/element/9e289ab3-eaef-4b22-b74a-6e12c2cef381/value HTTP/1.1
User-Agent: selenium/4.1.3 (java windows)
traceparent: 00-e7c2a96b95b5f5d6e124abdd9a80570c-09db47f75d3f3a4f-01
Content-Length: 181
Content-Type: application/json; charset=utf-8
host: hub-cloud.browserstack.com
authorization: Basic bmd1eW5hbmhkbmdfUUNySERrOm1OVG50OWJnenhBcWJBRVZ3aDZZ
accept: */*

Response DefaultHttpResponse(decodeResult: success, version: HTTP/1.1)
HTTP/1.1 200 OK
Server: nginx
Date: Mon, 09 May 2022 05:09:30 GMT
Content-Type: application/json;charset=utf-8
Connection: keep-alive
Source-From: 02
expires: Thu, 01 Jan 1970 00:00:00 GMT
cache-control: no-cache, no-cache
temp-header: 3693-5157202735-1-1652072970.772-rproxy-core-001-dcp-apse2a-prod.browserstack.com
content-length: 14

12:09:30.937 [AsyncHttpClient-1-11] DEBUG org.asynchttpclient.netty.channel.ChannelManager - Adding key: http://hub-cloud.browserstack.com:80 for channel [id: 0x0bf79eb8, L:/172.17.19.76:52213 - R:hub-cloud.browserstack.com/173.234.104.3:80]
12:09:30.947 [Forwarding setTimeout on session 6c4657cb1aa1a7910e56123c8d086d97ebbbf03a to remote] DEBUG org.asynchttpclient.netty.request.NettyRequestSender - Using pooled Channel '[id: 0x0bf79eb8, L:/172.17.19.76:52213 - R:hub-cloud.browserstack.com/173.234.104.3:80]' for 'POST' to 'http://nguynanhdng_QCrHDk:mNTnt9bgzxAqbAEVwh6Y@hub-cloud.browserstack.com/wd/hub/session/6c4657cb1aa1a7910e56123c8d086d97ebbbf03a/timeouts'
12:09:30.947 [Forwarding setTimeout on session 6c4657cb1aa1a7910e56123c8d086d97ebbbf03a to remote] DEBUG org.asynchttpclient.netty.request.NettyRequestSender - Using open Channel [id: 0x0bf79eb8, L:/172.17.19.76:52213 - R:hub-cloud.browserstack.com/173.234.104.3:80] for POST '/wd/hub/session/6c4657cb1aa1a7910e56123c8d086d97ebbbf03a/timeouts'
12:09:31.221 [AsyncHttpClient-1-11] DEBUG org.asynchttpclient.netty.handler.HttpHandler - 

Request DefaultHttpRequest(decodeResult: success, version: HTTP/1.1)
POST /wd/hub/session/6c4657cb1aa1a7910e56123c8d086d97ebbbf03a/timeouts HTTP/1.1
User-Agent: selenium/4.1.3 (java windows)
traceparent: 00-78e9acd6b8f02385a4f9387e87275241-6e90aebe5ccd0c1f-01
Content-Length: 19
Content-Type: application/json; charset=utf-8
host: hub-cloud.browserstack.com
authorization: Basic bmd1eW5hbmhkbmdfUUNySERrOm1OVG50OWJnenhBcWJBRVZ3aDZZ
accept: */*

Response DefaultHttpResponse(decodeResult: success, version: HTTP/1.1)
HTTP/1.1 200 OK
Server: nginx
Date: Mon, 09 May 2022 05:09:31 GMT
Content-Type: application/json;charset=utf-8
Connection: keep-alive
Source-From: 02
expires: Thu, 01 Jan 1970 00:00:00 GMT
cache-control: no-cache, no-cache
temp-header: 2026-2500209135-1-1652072971.054-rproxy-core-002-dcp-apse2a-prod.browserstack.com
content-length: 14

12:09:31.222 [AsyncHttpClient-1-11] DEBUG org.asynchttpclient.netty.channel.ChannelManager - Adding key: http://hub-cloud.browserstack.com:80 for channel [id: 0x0bf79eb8, L:/172.17.19.76:52213 - R:hub-cloud.browserstack.com/173.234.104.3:80]
12:09:31.226 [Forwarding findElement on session 6c4657cb1aa1a7910e56123c8d086d97ebbbf03a to remote] DEBUG org.asynchttpclient.netty.request.NettyRequestSender - Using pooled Channel '[id: 0x0bf79eb8, L:/172.17.19.76:52213 - R:hub-cloud.browserstack.com/173.234.104.3:80]' for 'POST' to 'http://nguynanhdng_QCrHDk:mNTnt9bgzxAqbAEVwh6Y@hub-cloud.browserstack.com/wd/hub/session/6c4657cb1aa1a7910e56123c8d086d97ebbbf03a/element'
12:09:31.226 [Forwarding findElement on session 6c4657cb1aa1a7910e56123c8d086d97ebbbf03a to remote] DEBUG org.asynchttpclient.netty.request.NettyRequestSender - Using open Channel [id: 0x0bf79eb8, L:/172.17.19.76:52213 - R:hub-cloud.browserstack.com/173.234.104.3:80] for POST '/wd/hub/session/6c4657cb1aa1a7910e56123c8d086d97ebbbf03a/element'
12:09:31.516 [AsyncHttpClient-1-11] DEBUG org.asynchttpclient.netty.handler.HttpHandler - 

Request DefaultHttpRequest(decodeResult: success, version: HTTP/1.1)
POST /wd/hub/session/6c4657cb1aa1a7910e56123c8d086d97ebbbf03a/element HTTP/1.1
User-Agent: selenium/4.1.3 (java windows)
traceparent: 00-3b029d6a1df46ff3917f051ee65c9ef7-1c8205d82fa05437-01
Content-Length: 66
Content-Type: application/json; charset=utf-8
host: hub-cloud.browserstack.com
authorization: Basic bmd1eW5hbmhkbmdfUUNySERrOm1OVG50OWJnenhBcWJBRVZ3aDZZ
accept: */*

Response DefaultHttpResponse(decodeResult: success, version: HTTP/1.1)
HTTP/1.1 200 OK
Server: nginx
Date: Mon, 09 May 2022 05:09:31 GMT
Content-Type: application/json;charset=utf-8
Connection: keep-alive
Source-From: 02
expires: Thu, 01 Jan 1970 00:00:00 GMT
cache-control: no-cache, no-cache
temp-header: 2023-2500209149-1-1652072971.350-rproxy-core-002-dcp-apse2a-prod.browserstack.com
content-length: 88

12:09:31.516 [AsyncHttpClient-1-11] DEBUG org.asynchttpclient.netty.channel.ChannelManager - Adding key: http://hub-cloud.browserstack.com:80 for channel [id: 0x0bf79eb8, L:/172.17.19.76:52213 - R:hub-cloud.browserstack.com/173.234.104.3:80]
12:09:31.519 [Forwarding setTimeout on session 6c4657cb1aa1a7910e56123c8d086d97ebbbf03a to remote] DEBUG org.asynchttpclient.netty.request.NettyRequestSender - Using pooled Channel '[id: 0x0bf79eb8, L:/172.17.19.76:52213 - R:hub-cloud.browserstack.com/173.234.104.3:80]' for 'POST' to 'http://nguynanhdng_QCrHDk:mNTnt9bgzxAqbAEVwh6Y@hub-cloud.browserstack.com/wd/hub/session/6c4657cb1aa1a7910e56123c8d086d97ebbbf03a/timeouts'
12:09:31.519 [Forwarding setTimeout on session 6c4657cb1aa1a7910e56123c8d086d97ebbbf03a to remote] DEBUG org.asynchttpclient.netty.request.NettyRequestSender - Using open Channel [id: 0x0bf79eb8, L:/172.17.19.76:52213 - R:hub-cloud.browserstack.com/173.234.104.3:80] for POST '/wd/hub/session/6c4657cb1aa1a7910e56123c8d086d97ebbbf03a/timeouts'
12:09:31.896 [AsyncHttpClient-1-11] DEBUG org.asynchttpclient.netty.handler.HttpHandler - 

Request DefaultHttpRequest(decodeResult: success, version: HTTP/1.1)
POST /wd/hub/session/6c4657cb1aa1a7910e56123c8d086d97ebbbf03a/timeouts HTTP/1.1
User-Agent: selenium/4.1.3 (java windows)
traceparent: 00-ecce14d31a6923dabf3b63223dffe88d-26763cac228be6b9-01
Content-Length: 22
Content-Type: application/json; charset=utf-8
host: hub-cloud.browserstack.com
authorization: Basic bmd1eW5hbmhkbmdfUUNySERrOm1OVG50OWJnenhBcWJBRVZ3aDZZ
accept: */*

Response DefaultHttpResponse(decodeResult: success, version: HTTP/1.1)
HTTP/1.1 200 OK
Server: nginx
Date: Mon, 09 May 2022 05:09:31 GMT
Content-Type: application/json;charset=utf-8
Connection: keep-alive
Source-From: 02
expires: Thu, 01 Jan 1970 00:00:00 GMT
cache-control: no-cache, no-cache
temp-header: 3699-5157202837-1-1652072971.613-rproxy-core-001-dcp-apse2a-prod.browserstack.com
content-length: 14

12:09:31.896 [AsyncHttpClient-1-11] DEBUG org.asynchttpclient.netty.channel.ChannelManager - Adding key: http://hub-cloud.browserstack.com:80 for channel [id: 0x0bf79eb8, L:/172.17.19.76:52213 - R:hub-cloud.browserstack.com/173.234.104.3:80]
12:09:31.901 [Forwarding isElementDisplayed on session 6c4657cb1aa1a7910e56123c8d086d97ebbbf03a to remote] DEBUG org.asynchttpclient.netty.request.NettyRequestSender - Using pooled Channel '[id: 0x0bf79eb8, L:/172.17.19.76:52213 - R:hub-cloud.browserstack.com/173.234.104.3:80]' for 'POST' to 'http://nguynanhdng_QCrHDk:mNTnt9bgzxAqbAEVwh6Y@hub-cloud.browserstack.com/wd/hub/session/6c4657cb1aa1a7910e56123c8d086d97ebbbf03a/execute/sync'
12:09:31.901 [Forwarding isElementDisplayed on session 6c4657cb1aa1a7910e56123c8d086d97ebbbf03a to remote] DEBUG org.asynchttpclient.netty.request.NettyRequestSender - Using open Channel [id: 0x0bf79eb8, L:/172.17.19.76:52213 - R:hub-cloud.browserstack.com/173.234.104.3:80] for POST '/wd/hub/session/6c4657cb1aa1a7910e56123c8d086d97ebbbf03a/execute/sync'
12:09:32.168 [AsyncHttpClient-1-11] DEBUG org.asynchttpclient.netty.handler.HttpHandler - 

Request DefaultHttpRequest(decodeResult: success, version: HTTP/1.1)
POST /wd/hub/session/6c4657cb1aa1a7910e56123c8d086d97ebbbf03a/execute/sync HTTP/1.1
User-Agent: selenium/4.1.3 (java windows)
traceparent: 00-1faf74264e3f7f330f0323abcb880aa1-4d12525f1ba2d696-01
Content-Length: 48780
Content-Type: application/json; charset=utf-8
host: hub-cloud.browserstack.com
authorization: Basic bmd1eW5hbmhkbmdfUUNySERrOm1OVG50OWJnenhBcWJBRVZ3aDZZ
accept: */*

Response DefaultHttpResponse(decodeResult: success, version: HTTP/1.1)
HTTP/1.1 200 OK
Server: nginx
Date: Mon, 09 May 2022 05:09:31 GMT
Content-Type: application/json;charset=utf-8
Connection: keep-alive
Source-From: 02
expires: Thu, 01 Jan 1970 00:00:00 GMT
cache-control: no-cache, no-cache
temp-header: 2027-2500209185-1-1652072972.006-rproxy-core-002-dcp-apse2a-prod.browserstack.com
content-length: 14

12:09:32.168 [AsyncHttpClient-1-11] DEBUG org.asynchttpclient.netty.channel.ChannelManager - Adding key: http://hub-cloud.browserstack.com:80 for channel [id: 0x0bf79eb8, L:/172.17.19.76:52213 - R:hub-cloud.browserstack.com/173.234.104.3:80]
12:09:32.171 [Forwarding clearElement on session 6c4657cb1aa1a7910e56123c8d086d97ebbbf03a to remote] DEBUG org.asynchttpclient.netty.request.NettyRequestSender - Using pooled Channel '[id: 0x0bf79eb8, L:/172.17.19.76:52213 - R:hub-cloud.browserstack.com/173.234.104.3:80]' for 'POST' to 'http://nguynanhdng_QCrHDk:mNTnt9bgzxAqbAEVwh6Y@hub-cloud.browserstack.com/wd/hub/session/6c4657cb1aa1a7910e56123c8d086d97ebbbf03a/element/a68f10c6-68f9-4e57-a008-6e787db7d413/clear'
12:09:32.171 [Forwarding clearElement on session 6c4657cb1aa1a7910e56123c8d086d97ebbbf03a to remote] DEBUG org.asynchttpclient.netty.request.NettyRequestSender - Using open Channel [id: 0x0bf79eb8, L:/172.17.19.76:52213 - R:hub-cloud.browserstack.com/173.234.104.3:80] for POST '/wd/hub/session/6c4657cb1aa1a7910e56123c8d086d97ebbbf03a/element/a68f10c6-68f9-4e57-a008-6e787db7d413/clear'
12:09:32.505 [AsyncHttpClient-1-11] DEBUG org.asynchttpclient.netty.handler.HttpHandler - 

Request DefaultHttpRequest(decodeResult: success, version: HTTP/1.1)
POST /wd/hub/session/6c4657cb1aa1a7910e56123c8d086d97ebbbf03a/element/a68f10c6-68f9-4e57-a008-6e787db7d413/clear HTTP/1.1
User-Agent: selenium/4.1.3 (java windows)
traceparent: 00-46643a48e56d6d062c45e9d855313492-fadc2f5ba2e9149e-01
Content-Length: 50
Content-Type: application/json; charset=utf-8
host: hub-cloud.browserstack.com
authorization: Basic bmd1eW5hbmhkbmdfUUNySERrOm1OVG50OWJnenhBcWJBRVZ3aDZZ
accept: */*

Response DefaultHttpResponse(decodeResult: success, version: HTTP/1.1)
HTTP/1.1 200 OK
Server: nginx
Date: Mon, 09 May 2022 05:09:32 GMT
Content-Type: application/json;charset=utf-8
Connection: keep-alive
Source-From: 02
expires: Thu, 01 Jan 1970 00:00:00 GMT
cache-control: no-cache, no-cache
temp-header: 2024-2500209201-1-1652072972.296-rproxy-core-002-dcp-apse2a-prod.browserstack.com
content-length: 14

12:09:32.505 [AsyncHttpClient-1-11] DEBUG org.asynchttpclient.netty.channel.ChannelManager - Adding key: http://hub-cloud.browserstack.com:80 for channel [id: 0x0bf79eb8, L:/172.17.19.76:52213 - R:hub-cloud.browserstack.com/173.234.104.3:80]
12:09:32.507 [Forwarding sendKeysToElement on session 6c4657cb1aa1a7910e56123c8d086d97ebbbf03a to remote] DEBUG org.asynchttpclient.netty.request.NettyRequestSender - Using pooled Channel '[id: 0x0bf79eb8, L:/172.17.19.76:52213 - R:hub-cloud.browserstack.com/173.234.104.3:80]' for 'POST' to 'http://nguynanhdng_QCrHDk:mNTnt9bgzxAqbAEVwh6Y@hub-cloud.browserstack.com/wd/hub/session/6c4657cb1aa1a7910e56123c8d086d97ebbbf03a/element/a68f10c6-68f9-4e57-a008-6e787db7d413/value'
12:09:32.507 [Forwarding sendKeysToElement on session 6c4657cb1aa1a7910e56123c8d086d97ebbbf03a to remote] DEBUG org.asynchttpclient.netty.request.NettyRequestSender - Using open Channel [id: 0x0bf79eb8, L:/172.17.19.76:52213 - R:hub-cloud.browserstack.com/173.234.104.3:80] for POST '/wd/hub/session/6c4657cb1aa1a7910e56123c8d086d97ebbbf03a/element/a68f10c6-68f9-4e57-a008-6e787db7d413/value'
12:09:32.832 [AsyncHttpClient-1-11] DEBUG org.asynchttpclient.netty.handler.HttpHandler - 

Request DefaultHttpRequest(decodeResult: success, version: HTTP/1.1)
POST /wd/hub/session/6c4657cb1aa1a7910e56123c8d086d97ebbbf03a/element/a68f10c6-68f9-4e57-a008-6e787db7d413/value HTTP/1.1
User-Agent: selenium/4.1.3 (java windows)
traceparent: 00-061e5ff803911ebf9d6fe10e9bee7eaa-d2595e75b08c8115-01
Content-Length: 105
Content-Type: application/json; charset=utf-8
host: hub-cloud.browserstack.com
authorization: Basic bmd1eW5hbmhkbmdfUUNySERrOm1OVG50OWJnenhBcWJBRVZ3aDZZ
accept: */*

Response DefaultHttpResponse(decodeResult: success, version: HTTP/1.1)
HTTP/1.1 200 OK
Server: nginx
Date: Mon, 09 May 2022 05:09:32 GMT
Content-Type: application/json;charset=utf-8
Connection: keep-alive
Source-From: 02
expires: Thu, 01 Jan 1970 00:00:00 GMT
cache-control: no-cache, no-cache
temp-header: 3690-5157203015-1-1652072972.665-rproxy-core-001-dcp-apse2a-prod.browserstack.com
content-length: 14

12:09:32.832 [AsyncHttpClient-1-11] DEBUG org.asynchttpclient.netty.channel.ChannelManager - Adding key: http://hub-cloud.browserstack.com:80 for channel [id: 0x0bf79eb8, L:/172.17.19.76:52213 - R:hub-cloud.browserstack.com/173.234.104.3:80]
12:09:32.839 [Forwarding setTimeout on session 6c4657cb1aa1a7910e56123c8d086d97ebbbf03a to remote] DEBUG org.asynchttpclient.netty.request.NettyRequestSender - Using pooled Channel '[id: 0x0bf79eb8, L:/172.17.19.76:52213 - R:hub-cloud.browserstack.com/173.234.104.3:80]' for 'POST' to 'http://nguynanhdng_QCrHDk:mNTnt9bgzxAqbAEVwh6Y@hub-cloud.browserstack.com/wd/hub/session/6c4657cb1aa1a7910e56123c8d086d97ebbbf03a/timeouts'
12:09:32.839 [Forwarding setTimeout on session 6c4657cb1aa1a7910e56123c8d086d97ebbbf03a to remote] DEBUG org.asynchttpclient.netty.request.NettyRequestSender - Using open Channel [id: 0x0bf79eb8, L:/172.17.19.76:52213 - R:hub-cloud.browserstack.com/173.234.104.3:80] for POST '/wd/hub/session/6c4657cb1aa1a7910e56123c8d086d97ebbbf03a/timeouts'
12:09:33.130 [AsyncHttpClient-1-11] DEBUG org.asynchttpclient.netty.handler.HttpHandler - 

Request DefaultHttpRequest(decodeResult: success, version: HTTP/1.1)
POST /wd/hub/session/6c4657cb1aa1a7910e56123c8d086d97ebbbf03a/timeouts HTTP/1.1
User-Agent: selenium/4.1.3 (java windows)
traceparent: 00-5709e5ee3c08cee4f56fa01c1992fa5c-d2c22f9fbc01b055-01
Content-Length: 19
Content-Type: application/json; charset=utf-8
host: hub-cloud.browserstack.com
authorization: Basic bmd1eW5hbmhkbmdfUUNySERrOm1OVG50OWJnenhBcWJBRVZ3aDZZ
accept: */*

Response DefaultHttpResponse(decodeResult: success, version: HTTP/1.1)
HTTP/1.1 200 OK
Server: nginx
Date: Mon, 09 May 2022 05:09:32 GMT
Content-Type: application/json;charset=utf-8
Connection: keep-alive
Source-From: 02
expires: Thu, 01 Jan 1970 00:00:00 GMT
cache-control: no-cache, no-cache
temp-header: 3692-5157203101-1-1652072972.957-rproxy-core-001-dcp-apse2a-prod.browserstack.com
content-length: 14

12:09:33.130 [AsyncHttpClient-1-11] DEBUG org.asynchttpclient.netty.channel.ChannelManager - Adding key: http://hub-cloud.browserstack.com:80 for channel [id: 0x0bf79eb8, L:/172.17.19.76:52213 - R:hub-cloud.browserstack.com/173.234.104.3:80]
12:09:33.133 [Forwarding findElement on session 6c4657cb1aa1a7910e56123c8d086d97ebbbf03a to remote] DEBUG org.asynchttpclient.netty.request.NettyRequestSender - Using pooled Channel '[id: 0x0bf79eb8, L:/172.17.19.76:52213 - R:hub-cloud.browserstack.com/173.234.104.3:80]' for 'POST' to 'http://nguynanhdng_QCrHDk:mNTnt9bgzxAqbAEVwh6Y@hub-cloud.browserstack.com/wd/hub/session/6c4657cb1aa1a7910e56123c8d086d97ebbbf03a/element'
12:09:33.133 [Forwarding findElement on session 6c4657cb1aa1a7910e56123c8d086d97ebbbf03a to remote] DEBUG org.asynchttpclient.netty.request.NettyRequestSender - Using open Channel [id: 0x0bf79eb8, L:/172.17.19.76:52213 - R:hub-cloud.browserstack.com/173.234.104.3:80] for POST '/wd/hub/session/6c4657cb1aa1a7910e56123c8d086d97ebbbf03a/element'
12:09:33.398 [AsyncHttpClient-1-11] DEBUG org.asynchttpclient.netty.handler.HttpHandler - 

Request DefaultHttpRequest(decodeResult: success, version: HTTP/1.1)
POST /wd/hub/session/6c4657cb1aa1a7910e56123c8d086d97ebbbf03a/element HTTP/1.1
User-Agent: selenium/4.1.3 (java windows)
traceparent: 00-931d9a49c6800fc811a8e710bd8232d9-458d62da21fcc63a-01
Content-Length: 64
Content-Type: application/json; charset=utf-8
host: hub-cloud.browserstack.com
authorization: Basic bmd1eW5hbmhkbmdfUUNySERrOm1OVG50OWJnenhBcWJBRVZ3aDZZ
accept: */*

Response DefaultHttpResponse(decodeResult: success, version: HTTP/1.1)
HTTP/1.1 200 OK
Server: nginx
Date: Mon, 09 May 2022 05:09:33 GMT
Content-Type: application/json;charset=utf-8
Connection: keep-alive
Source-From: 02
expires: Thu, 01 Jan 1970 00:00:00 GMT
cache-control: no-cache, no-cache
temp-header: 3694-5157203137-1-1652072973.239-rproxy-core-001-dcp-apse2a-prod.browserstack.com
content-length: 88

12:09:33.398 [AsyncHttpClient-1-11] DEBUG org.asynchttpclient.netty.channel.ChannelManager - Adding key: http://hub-cloud.browserstack.com:80 for channel [id: 0x0bf79eb8, L:/172.17.19.76:52213 - R:hub-cloud.browserstack.com/173.234.104.3:80]
12:09:33.401 [Forwarding setTimeout on session 6c4657cb1aa1a7910e56123c8d086d97ebbbf03a to remote] DEBUG org.asynchttpclient.netty.request.NettyRequestSender - Using pooled Channel '[id: 0x0bf79eb8, L:/172.17.19.76:52213 - R:hub-cloud.browserstack.com/173.234.104.3:80]' for 'POST' to 'http://nguynanhdng_QCrHDk:mNTnt9bgzxAqbAEVwh6Y@hub-cloud.browserstack.com/wd/hub/session/6c4657cb1aa1a7910e56123c8d086d97ebbbf03a/timeouts'
12:09:33.401 [Forwarding setTimeout on session 6c4657cb1aa1a7910e56123c8d086d97ebbbf03a to remote] DEBUG org.asynchttpclient.netty.request.NettyRequestSender - Using open Channel [id: 0x0bf79eb8, L:/172.17.19.76:52213 - R:hub-cloud.browserstack.com/173.234.104.3:80] for POST '/wd/hub/session/6c4657cb1aa1a7910e56123c8d086d97ebbbf03a/timeouts'
12:09:33.658 [AsyncHttpClient-1-11] DEBUG org.asynchttpclient.netty.handler.HttpHandler - 

Request DefaultHttpRequest(decodeResult: success, version: HTTP/1.1)
POST /wd/hub/session/6c4657cb1aa1a7910e56123c8d086d97ebbbf03a/timeouts HTTP/1.1
User-Agent: selenium/4.1.3 (java windows)
traceparent: 00-b970c24fa2f6ab0dc27ed62104075d4a-b41101903e57039d-01
Content-Length: 22
Content-Type: application/json; charset=utf-8
host: hub-cloud.browserstack.com
authorization: Basic bmd1eW5hbmhkbmdfUUNySERrOm1OVG50OWJnenhBcWJBRVZ3aDZZ
accept: */*

Response DefaultHttpResponse(decodeResult: success, version: HTTP/1.1)
HTTP/1.1 200 OK
Server: nginx
Date: Mon, 09 May 2022 05:09:33 GMT
Content-Type: application/json;charset=utf-8
Connection: keep-alive
Source-From: 02
expires: Thu, 01 Jan 1970 00:00:00 GMT
cache-control: no-cache, no-cache
temp-header: 2033-2500209293-1-1652072973.497-rproxy-core-002-dcp-apse2a-prod.browserstack.com
content-length: 14

12:09:33.658 [AsyncHttpClient-1-11] DEBUG org.asynchttpclient.netty.channel.ChannelManager - Adding key: http://hub-cloud.browserstack.com:80 for channel [id: 0x0bf79eb8, L:/172.17.19.76:52213 - R:hub-cloud.browserstack.com/173.234.104.3:80]
12:09:33.662 [Forwarding isElementDisplayed on session 6c4657cb1aa1a7910e56123c8d086d97ebbbf03a to remote] DEBUG org.asynchttpclient.netty.request.NettyRequestSender - Using pooled Channel '[id: 0x0bf79eb8, L:/172.17.19.76:52213 - R:hub-cloud.browserstack.com/173.234.104.3:80]' for 'POST' to 'http://nguynanhdng_QCrHDk:mNTnt9bgzxAqbAEVwh6Y@hub-cloud.browserstack.com/wd/hub/session/6c4657cb1aa1a7910e56123c8d086d97ebbbf03a/execute/sync'
12:09:33.662 [Forwarding isElementDisplayed on session 6c4657cb1aa1a7910e56123c8d086d97ebbbf03a to remote] DEBUG org.asynchttpclient.netty.request.NettyRequestSender - Using open Channel [id: 0x0bf79eb8, L:/172.17.19.76:52213 - R:hub-cloud.browserstack.com/173.234.104.3:80] for POST '/wd/hub/session/6c4657cb1aa1a7910e56123c8d086d97ebbbf03a/execute/sync'
12:09:33.989 [AsyncHttpClient-1-11] DEBUG org.asynchttpclient.netty.handler.HttpHandler - 

Request DefaultHttpRequest(decodeResult: success, version: HTTP/1.1)
POST /wd/hub/session/6c4657cb1aa1a7910e56123c8d086d97ebbbf03a/execute/sync HTTP/1.1
User-Agent: selenium/4.1.3 (java windows)
traceparent: 00-c1fd5c712811e871be4c7e5305613e63-662ecebba4ffe256-01
Content-Length: 48780
Content-Type: application/json; charset=utf-8
host: hub-cloud.browserstack.com
authorization: Basic bmd1eW5hbmhkbmdfUUNySERrOm1OVG50OWJnenhBcWJBRVZ3aDZZ
accept: */*

Response DefaultHttpResponse(decodeResult: success, version: HTTP/1.1)
HTTP/1.1 200 OK
Server: nginx
Date: Mon, 09 May 2022 05:09:33 GMT
Content-Type: application/json;charset=utf-8
Connection: keep-alive
Source-From: 02
expires: Thu, 01 Jan 1970 00:00:00 GMT
cache-control: no-cache, no-cache
temp-header: 3693-5157203167-1-1652072973.762-rproxy-core-001-dcp-apse2a-prod.browserstack.com
content-length: 14

12:09:33.989 [AsyncHttpClient-1-11] DEBUG org.asynchttpclient.netty.channel.ChannelManager - Adding key: http://hub-cloud.browserstack.com:80 for channel [id: 0x0bf79eb8, L:/172.17.19.76:52213 - R:hub-cloud.browserstack.com/173.234.104.3:80]
12:09:33.993 [Forwarding getElementTagName on session 6c4657cb1aa1a7910e56123c8d086d97ebbbf03a to remote] DEBUG org.asynchttpclient.netty.request.NettyRequestSender - Using pooled Channel '[id: 0x0bf79eb8, L:/172.17.19.76:52213 - R:hub-cloud.browserstack.com/173.234.104.3:80]' for 'GET' to 'http://nguynanhdng_QCrHDk:mNTnt9bgzxAqbAEVwh6Y@hub-cloud.browserstack.com/wd/hub/session/6c4657cb1aa1a7910e56123c8d086d97ebbbf03a/element/51cd61b4-7ea9-4796-891d-051d2af5fe43/name'
12:09:33.993 [Forwarding getElementTagName on session 6c4657cb1aa1a7910e56123c8d086d97ebbbf03a to remote] DEBUG org.asynchttpclient.netty.request.NettyRequestSender - Using open Channel [id: 0x0bf79eb8, L:/172.17.19.76:52213 - R:hub-cloud.browserstack.com/173.234.104.3:80] for GET '/wd/hub/session/6c4657cb1aa1a7910e56123c8d086d97ebbbf03a/element/51cd61b4-7ea9-4796-891d-051d2af5fe43/name'
12:09:34.286 [AsyncHttpClient-1-11] DEBUG org.asynchttpclient.netty.handler.HttpHandler - 

Request DefaultFullHttpRequest(decodeResult: success, version: HTTP/1.1, content: EmptyByteBufBE)
GET /wd/hub/session/6c4657cb1aa1a7910e56123c8d086d97ebbbf03a/element/51cd61b4-7ea9-4796-891d-051d2af5fe43/name HTTP/1.1
User-Agent: selenium/4.1.3 (java windows)
Cache-Control: no-cache
traceparent: 00-5b97cda987f8e013ba33e4db029e0e92-bfd8e01ebfe52ede-01
Content-Type: application/json; charset=utf-8
host: hub-cloud.browserstack.com
authorization: Basic bmd1eW5hbmhkbmdfUUNySERrOm1OVG50OWJnenhBcWJBRVZ3aDZZ
accept: */*

Response DefaultHttpResponse(decodeResult: success, version: HTTP/1.1)
HTTP/1.1 200 OK
Server: nginx
Date: Mon, 09 May 2022 05:09:34 GMT
Content-Type: application/json;charset=utf-8
Connection: keep-alive
Source-From: 02
expires: Thu, 01 Jan 1970 00:00:00 GMT
cache-control: no-cache, no-cache
temp-header: 3694-5157203190-1-1652072974.119-rproxy-core-001-dcp-apse2a-prod.browserstack.com
content-length: 17

12:09:34.287 [AsyncHttpClient-1-11] DEBUG org.asynchttpclient.netty.channel.ChannelManager - Adding key: http://hub-cloud.browserstack.com:80 for channel [id: 0x0bf79eb8, L:/172.17.19.76:52213 - R:hub-cloud.browserstack.com/173.234.104.3:80]
12:09:34.290 [Forwarding getElementTagName on session 6c4657cb1aa1a7910e56123c8d086d97ebbbf03a to remote] DEBUG org.asynchttpclient.netty.request.NettyRequestSender - Using pooled Channel '[id: 0x0bf79eb8, L:/172.17.19.76:52213 - R:hub-cloud.browserstack.com/173.234.104.3:80]' for 'GET' to 'http://nguynanhdng_QCrHDk:mNTnt9bgzxAqbAEVwh6Y@hub-cloud.browserstack.com/wd/hub/session/6c4657cb1aa1a7910e56123c8d086d97ebbbf03a/element/51cd61b4-7ea9-4796-891d-051d2af5fe43/name'
12:09:34.290 [Forwarding getElementTagName on session 6c4657cb1aa1a7910e56123c8d086d97ebbbf03a to remote] DEBUG org.asynchttpclient.netty.request.NettyRequestSender - Using open Channel [id: 0x0bf79eb8, L:/172.17.19.76:52213 - R:hub-cloud.browserstack.com/173.234.104.3:80] for GET '/wd/hub/session/6c4657cb1aa1a7910e56123c8d086d97ebbbf03a/element/51cd61b4-7ea9-4796-891d-051d2af5fe43/name'
12:09:34.547 [AsyncHttpClient-1-11] DEBUG org.asynchttpclient.netty.handler.HttpHandler - 

Request DefaultFullHttpRequest(decodeResult: success, version: HTTP/1.1, content: EmptyByteBufBE)
GET /wd/hub/session/6c4657cb1aa1a7910e56123c8d086d97ebbbf03a/element/51cd61b4-7ea9-4796-891d-051d2af5fe43/name HTTP/1.1
User-Agent: selenium/4.1.3 (java windows)
Cache-Control: no-cache
traceparent: 00-cda252484ee52e9cae7e82cce3de269e-f51fa142c96018a2-01
Content-Type: application/json; charset=utf-8
host: hub-cloud.browserstack.com
authorization: Basic bmd1eW5hbmhkbmdfUUNySERrOm1OVG50OWJnenhBcWJBRVZ3aDZZ
accept: */*

Response DefaultHttpResponse(decodeResult: success, version: HTTP/1.1)
HTTP/1.1 200 OK
Server: nginx
Date: Mon, 09 May 2022 05:09:34 GMT
Content-Type: application/json;charset=utf-8
Connection: keep-alive
Source-From: 02
expires: Thu, 01 Jan 1970 00:00:00 GMT
cache-control: no-cache, no-cache
temp-header: 3690-5157203211-1-1652072974.386-rproxy-core-001-dcp-apse2a-prod.browserstack.com
content-length: 17

12:09:34.548 [AsyncHttpClient-1-11] DEBUG org.asynchttpclient.netty.channel.ChannelManager - Adding key: http://hub-cloud.browserstack.com:80 for channel [id: 0x0bf79eb8, L:/172.17.19.76:52213 - R:hub-cloud.browserstack.com/173.234.104.3:80]
12:09:34.552 [Forwarding isElementEnabled on session 6c4657cb1aa1a7910e56123c8d086d97ebbbf03a to remote] DEBUG org.asynchttpclient.netty.request.NettyRequestSender - Using pooled Channel '[id: 0x0bf79eb8, L:/172.17.19.76:52213 - R:hub-cloud.browserstack.com/173.234.104.3:80]' for 'GET' to 'http://nguynanhdng_QCrHDk:mNTnt9bgzxAqbAEVwh6Y@hub-cloud.browserstack.com/wd/hub/session/6c4657cb1aa1a7910e56123c8d086d97ebbbf03a/element/51cd61b4-7ea9-4796-891d-051d2af5fe43/enabled'
12:09:34.552 [Forwarding isElementEnabled on session 6c4657cb1aa1a7910e56123c8d086d97ebbbf03a to remote] DEBUG org.asynchttpclient.netty.request.NettyRequestSender - Using open Channel [id: 0x0bf79eb8, L:/172.17.19.76:52213 - R:hub-cloud.browserstack.com/173.234.104.3:80] for GET '/wd/hub/session/6c4657cb1aa1a7910e56123c8d086d97ebbbf03a/element/51cd61b4-7ea9-4796-891d-051d2af5fe43/enabled'
12:09:34.819 [AsyncHttpClient-1-11] DEBUG org.asynchttpclient.netty.handler.HttpHandler - 

Request DefaultFullHttpRequest(decodeResult: success, version: HTTP/1.1, content: EmptyByteBufBE)
GET /wd/hub/session/6c4657cb1aa1a7910e56123c8d086d97ebbbf03a/element/51cd61b4-7ea9-4796-891d-051d2af5fe43/enabled HTTP/1.1
User-Agent: selenium/4.1.3 (java windows)
Cache-Control: no-cache
traceparent: 00-85f3c49f454696ae4415bc23e55cb455-3a8a1f4d25a96a68-01
Content-Type: application/json; charset=utf-8
host: hub-cloud.browserstack.com
authorization: Basic bmd1eW5hbmhkbmdfUUNySERrOm1OVG50OWJnenhBcWJBRVZ3aDZZ
accept: */*

Response DefaultHttpResponse(decodeResult: success, version: HTTP/1.1)
HTTP/1.1 200 OK
Server: nginx
Date: Mon, 09 May 2022 05:09:34 GMT
Content-Type: application/json;charset=utf-8
Connection: keep-alive
Source-From: 02
expires: Thu, 01 Jan 1970 00:00:00 GMT
cache-control: no-cache, no-cache
temp-header: 2027-2500209343-1-1652072974.641-rproxy-core-002-dcp-apse2a-prod.browserstack.com
content-length: 14

12:09:34.819 [AsyncHttpClient-1-11] DEBUG org.asynchttpclient.netty.channel.ChannelManager - Adding key: http://hub-cloud.browserstack.com:80 for channel [id: 0x0bf79eb8, L:/172.17.19.76:52213 - R:hub-cloud.browserstack.com/173.234.104.3:80]
12:09:34.821 [Forwarding isElementEnabled on session 6c4657cb1aa1a7910e56123c8d086d97ebbbf03a to remote] DEBUG org.asynchttpclient.netty.request.NettyRequestSender - Using pooled Channel '[id: 0x0bf79eb8, L:/172.17.19.76:52213 - R:hub-cloud.browserstack.com/173.234.104.3:80]' for 'GET' to 'http://nguynanhdng_QCrHDk:mNTnt9bgzxAqbAEVwh6Y@hub-cloud.browserstack.com/wd/hub/session/6c4657cb1aa1a7910e56123c8d086d97ebbbf03a/element/51cd61b4-7ea9-4796-891d-051d2af5fe43/enabled'
12:09:34.821 [Forwarding isElementEnabled on session 6c4657cb1aa1a7910e56123c8d086d97ebbbf03a to remote] DEBUG org.asynchttpclient.netty.request.NettyRequestSender - Using open Channel [id: 0x0bf79eb8, L:/172.17.19.76:52213 - R:hub-cloud.browserstack.com/173.234.104.3:80] for GET '/wd/hub/session/6c4657cb1aa1a7910e56123c8d086d97ebbbf03a/element/51cd61b4-7ea9-4796-891d-051d2af5fe43/enabled'
12:09:35.076 [AsyncHttpClient-1-11] DEBUG org.asynchttpclient.netty.handler.HttpHandler - 

Request DefaultFullHttpRequest(decodeResult: success, version: HTTP/1.1, content: EmptyByteBufBE)
GET /wd/hub/session/6c4657cb1aa1a7910e56123c8d086d97ebbbf03a/element/51cd61b4-7ea9-4796-891d-051d2af5fe43/enabled HTTP/1.1
User-Agent: selenium/4.1.3 (java windows)
Cache-Control: no-cache
traceparent: 00-ec1098317ec368d1a0017ff64fb8820b-c3944acfde8e4e76-01
Content-Type: application/json; charset=utf-8
host: hub-cloud.browserstack.com
authorization: Basic bmd1eW5hbmhkbmdfUUNySERrOm1OVG50OWJnenhBcWJBRVZ3aDZZ
accept: */*

Response DefaultHttpResponse(decodeResult: success, version: HTTP/1.1)
HTTP/1.1 200 OK
Server: nginx
Date: Mon, 09 May 2022 05:09:34 GMT
Content-Type: application/json;charset=utf-8
Connection: keep-alive
Source-From: 02
expires: Thu, 01 Jan 1970 00:00:00 GMT
cache-control: no-cache, no-cache
temp-header: 3689-5157203291-1-1652072974.910-rproxy-core-001-dcp-apse2a-prod.browserstack.com
content-length: 14

12:09:35.076 [AsyncHttpClient-1-11] DEBUG org.asynchttpclient.netty.channel.ChannelManager - Adding key: http://hub-cloud.browserstack.com:80 for channel [id: 0x0bf79eb8, L:/172.17.19.76:52213 - R:hub-cloud.browserstack.com/173.234.104.3:80]
12:09:35.080 [Forwarding clickElement on session 6c4657cb1aa1a7910e56123c8d086d97ebbbf03a to remote] DEBUG org.asynchttpclient.netty.request.NettyRequestSender - Using pooled Channel '[id: 0x0bf79eb8, L:/172.17.19.76:52213 - R:hub-cloud.browserstack.com/173.234.104.3:80]' for 'POST' to 'http://nguynanhdng_QCrHDk:mNTnt9bgzxAqbAEVwh6Y@hub-cloud.browserstack.com/wd/hub/session/6c4657cb1aa1a7910e56123c8d086d97ebbbf03a/element/51cd61b4-7ea9-4796-891d-051d2af5fe43/click'
12:09:35.080 [Forwarding clickElement on session 6c4657cb1aa1a7910e56123c8d086d97ebbbf03a to remote] DEBUG org.asynchttpclient.netty.request.NettyRequestSender - Using open Channel [id: 0x0bf79eb8, L:/172.17.19.76:52213 - R:hub-cloud.browserstack.com/173.234.104.3:80] for POST '/wd/hub/session/6c4657cb1aa1a7910e56123c8d086d97ebbbf03a/element/51cd61b4-7ea9-4796-891d-051d2af5fe43/click'
12:09:36.331 [AsyncHttpClient-1-11] DEBUG org.asynchttpclient.netty.handler.HttpHandler - 

Request DefaultHttpRequest(decodeResult: success, version: HTTP/1.1)
POST /wd/hub/session/6c4657cb1aa1a7910e56123c8d086d97ebbbf03a/element/51cd61b4-7ea9-4796-891d-051d2af5fe43/click HTTP/1.1
User-Agent: selenium/4.1.3 (java windows)
traceparent: 00-e0ce456636f206936985f66b23ae21a4-21f648197ccbd8c2-01
Content-Length: 50
Content-Type: application/json; charset=utf-8
host: hub-cloud.browserstack.com
authorization: Basic bmd1eW5hbmhkbmdfUUNySERrOm1OVG50OWJnenhBcWJBRVZ3aDZZ
accept: */*

Response DefaultHttpResponse(decodeResult: success, version: HTTP/1.1)
HTTP/1.1 200 OK
Server: nginx
Date: Mon, 09 May 2022 05:09:36 GMT
Content-Type: application/json;charset=utf-8
Connection: keep-alive
Source-From: 02
expires: Thu, 01 Jan 1970 00:00:00 GMT
cache-control: no-cache, no-cache
temp-header: 3696-5157203376-1-1652072976.053-rproxy-core-001-dcp-apse2a-prod.browserstack.com
content-length: 14

12:09:36.331 [AsyncHttpClient-1-11] DEBUG org.asynchttpclient.netty.channel.ChannelManager - Adding key: http://hub-cloud.browserstack.com:80 for channel [id: 0x0bf79eb8, L:/172.17.19.76:52213 - R:hub-cloud.browserstack.com/173.234.104.3:80]
12:09:36.335 [main] DEBUG net.thucydides.core.steps.StepInterceptor - STEP DONE: login
  &amp#27;[32mGiven &amp#27;[0m&amp#27;[32mthe user enters the username &amp#27;[0m&amp#27;[32m&amp#27;[1mmngr398793&amp#27;[0m&amp#27;[32m and password &amp#27;[0m&amp#27;[32m&amp#27;[1m""&amp#27;[0m &amp#27;[90m# cucumber.LoginStepDefs.the_user_enters_the_username_and_password(java.lang.String,java.lang.String)&amp#27;[0m
12:09:36.340 [main] DEBUG net.thucydides.core.steps.StepInterceptor - STARTING STEP: LoginStepDefs.the_error_message_user_is_not_valid_is_displayed - checkInvalid
12:09:36.341 [Forwarding getAlertText on session 6c4657cb1aa1a7910e56123c8d086d97ebbbf03a to remote] DEBUG org.asynchttpclient.netty.request.NettyRequestSender - Using pooled Channel '[id: 0x0bf79eb8, L:/172.17.19.76:52213 - R:hub-cloud.browserstack.com/173.234.104.3:80]' for 'GET' to 'http://nguynanhdng_QCrHDk:mNTnt9bgzxAqbAEVwh6Y@hub-cloud.browserstack.com/wd/hub/session/6c4657cb1aa1a7910e56123c8d086d97ebbbf03a/alert/text'
12:09:36.341 [Forwarding getAlertText on session 6c4657cb1aa1a7910e56123c8d086d97ebbbf03a to remote] DEBUG org.asynchttpclient.netty.request.NettyRequestSender - Using open Channel [id: 0x0bf79eb8, L:/172.17.19.76:52213 - R:hub-cloud.browserstack.com/173.234.104.3:80] for GET '/wd/hub/session/6c4657cb1aa1a7910e56123c8d086d97ebbbf03a/alert/text'
12:09:36.593 [AsyncHttpClient-1-11] DEBUG org.asynchttpclient.netty.handler.HttpHandler - 

Request DefaultFullHttpRequest(decodeResult: success, version: HTTP/1.1, content: EmptyByteBufBE)
GET /wd/hub/session/6c4657cb1aa1a7910e56123c8d086d97ebbbf03a/alert/text HTTP/1.1
User-Agent: selenium/4.1.3 (java windows)
Cache-Control: no-cache
traceparent: 00-8240e5df023400d5c8d212f6a98e6ddb-b50c453480c05bef-01
Content-Type: application/json; charset=utf-8
host: hub-cloud.browserstack.com
authorization: Basic bmd1eW5hbmhkbmdfUUNySERrOm1OVG50OWJnenhBcWJBRVZ3aDZZ
accept: */*

Response DefaultHttpResponse(decodeResult: success, version: HTTP/1.1)
HTTP/1.1 200 OK
Server: nginx
Date: Mon, 09 May 2022 05:09:36 GMT
Content-Type: application/json;charset=utf-8
Connection: keep-alive
Source-From: 02
expires: Thu, 01 Jan 1970 00:00:00 GMT
cache-control: no-cache, no-cache
temp-header: 3693-5157203679-1-1652072976.427-rproxy-core-001-dcp-apse2a-prod.browserstack.com
content-length: 29

12:09:36.594 [AsyncHttpClient-1-11] DEBUG org.asynchttpclient.netty.channel.ChannelManager - Adding key: http://hub-cloud.browserstack.com:80 for channel [id: 0x0bf79eb8, L:/172.17.19.76:52213 - R:hub-cloud.browserstack.com/173.234.104.3:80]
12:09:36.595 [Forwarding getAlertText on session 6c4657cb1aa1a7910e56123c8d086d97ebbbf03a to remote] DEBUG org.asynchttpclient.netty.request.NettyRequestSender - Using pooled Channel '[id: 0x0bf79eb8, L:/172.17.19.76:52213 - R:hub-cloud.browserstack.com/173.234.104.3:80]' for 'GET' to 'http://nguynanhdng_QCrHDk:mNTnt9bgzxAqbAEVwh6Y@hub-cloud.browserstack.com/wd/hub/session/6c4657cb1aa1a7910e56123c8d086d97ebbbf03a/alert/text'
12:09:36.595 [Forwarding getAlertText on session 6c4657cb1aa1a7910e56123c8d086d97ebbbf03a to remote] DEBUG org.asynchttpclient.netty.request.NettyRequestSender - Using open Channel [id: 0x0bf79eb8, L:/172.17.19.76:52213 - R:hub-cloud.browserstack.com/173.234.104.3:80] for GET '/wd/hub/session/6c4657cb1aa1a7910e56123c8d086d97ebbbf03a/alert/text'
12:09:36.949 [AsyncHttpClient-1-11] DEBUG org.asynchttpclient.netty.handler.HttpHandler - 

Request DefaultFullHttpRequest(decodeResult: success, version: HTTP/1.1, content: EmptyByteBufBE)
GET /wd/hub/session/6c4657cb1aa1a7910e56123c8d086d97ebbbf03a/alert/text HTTP/1.1
User-Agent: selenium/4.1.3 (java windows)
Cache-Control: no-cache
traceparent: 00-fe7d3c944cada195b2f3ade79193aa58-448313cc766ca945-01
Content-Type: application/json; charset=utf-8
host: hub-cloud.browserstack.com
authorization: Basic bmd1eW5hbmhkbmdfUUNySERrOm1OVG50OWJnenhBcWJBRVZ3aDZZ
accept: */*

Response DefaultHttpResponse(decodeResult: success, version: HTTP/1.1)
HTTP/1.1 200 OK
Server: nginx
Date: Mon, 09 May 2022 05:09:36 GMT
Content-Type: application/json;charset=utf-8
Connection: keep-alive
Source-From: 02
expires: Thu, 01 Jan 1970 00:00:00 GMT
cache-control: no-cache, no-cache
temp-header: 3692-5157203743-1-1652072976.674-rproxy-core-001-dcp-apse2a-prod.browserstack.com
content-length: 29

12:09:36.949 [AsyncHttpClient-1-11] DEBUG org.asynchttpclient.netty.channel.ChannelManager - Adding key: http://hub-cloud.browserstack.com:80 for channel [id: 0x0bf79eb8, L:/172.17.19.76:52213 - R:hub-cloud.browserstack.com/173.234.104.3:80]
12:09:36.951 [Forwarding acceptAlert on session 6c4657cb1aa1a7910e56123c8d086d97ebbbf03a to remote] DEBUG org.asynchttpclient.netty.request.NettyRequestSender - Using pooled Channel '[id: 0x0bf79eb8, L:/172.17.19.76:52213 - R:hub-cloud.browserstack.com/173.234.104.3:80]' for 'POST' to 'http://nguynanhdng_QCrHDk:mNTnt9bgzxAqbAEVwh6Y@hub-cloud.browserstack.com/wd/hub/session/6c4657cb1aa1a7910e56123c8d086d97ebbbf03a/alert/accept'
12:09:36.951 [Forwarding acceptAlert on session 6c4657cb1aa1a7910e56123c8d086d97ebbbf03a to remote] DEBUG org.asynchttpclient.netty.request.NettyRequestSender - Using open Channel [id: 0x0bf79eb8, L:/172.17.19.76:52213 - R:hub-cloud.browserstack.com/173.234.104.3:80] for POST '/wd/hub/session/6c4657cb1aa1a7910e56123c8d086d97ebbbf03a/alert/accept'
12:09:37.245 [AsyncHttpClient-1-11] DEBUG org.asynchttpclient.netty.handler.HttpHandler - 

Request DefaultHttpRequest(decodeResult: success, version: HTTP/1.1)
POST /wd/hub/session/6c4657cb1aa1a7910e56123c8d086d97ebbbf03a/alert/accept HTTP/1.1
User-Agent: selenium/4.1.3 (java windows)
traceparent: 00-552dd66c8ca4509f003404b7cd8d3800-88e0fb2afa52dc81-01
Content-Length: 3
Content-Type: application/json; charset=utf-8
host: hub-cloud.browserstack.com
authorization: Basic bmd1eW5hbmhkbmdfUUNySERrOm1OVG50OWJnenhBcWJBRVZ3aDZZ
accept: */*

Response DefaultHttpResponse(decodeResult: success, version: HTTP/1.1)
HTTP/1.1 200 OK
Server: nginx
Date: Mon, 09 May 2022 05:09:37 GMT
Content-Type: application/json;charset=utf-8
Connection: keep-alive
Source-From: 02
expires: Thu, 01 Jan 1970 00:00:00 GMT
cache-control: no-cache, no-cache
temp-header: 3689-5157203829-1-1652072977.055-rproxy-core-001-dcp-apse2a-prod.browserstack.com
content-length: 14

12:09:37.245 [AsyncHttpClient-1-11] DEBUG org.asynchttpclient.netty.channel.ChannelManager - Adding key: http://hub-cloud.browserstack.com:80 for channel [id: 0x0bf79eb8, L:/172.17.19.76:52213 - R:hub-cloud.browserstack.com/173.234.104.3:80]
12:09:37.248 [main] DEBUG net.thucydides.core.steps.StepInterceptor - STEP DONE: checkInvalid
  &amp#27;[32mThen &amp#27;[0m&amp#27;[32mthe error message &amp#27;[0m&amp#27;[32m&amp#27;[1m'User is not valid'&amp#27;[0m&amp#27;[32m is displayed&amp#27;[0m       &amp#27;[90m# cucumber.LoginStepDefs.the_error_message_user_is_not_valid_is_displayed(java.lang.String)&amp#27;[0m
12:09:37.253 [Forwarding quit on session 6c4657cb1aa1a7910e56123c8d086d97ebbbf03a to remote] DEBUG org.asynchttpclient.netty.request.NettyRequestSender - Using pooled Channel '[id: 0x0bf79eb8, L:/172.17.19.76:52213 - R:hub-cloud.browserstack.com/173.234.104.3:80]' for 'DELETE' to 'http://nguynanhdng_QCrHDk:mNTnt9bgzxAqbAEVwh6Y@hub-cloud.browserstack.com/wd/hub/session/6c4657cb1aa1a7910e56123c8d086d97ebbbf03a'
12:09:37.253 [Forwarding quit on session 6c4657cb1aa1a7910e56123c8d086d97ebbbf03a to remote] DEBUG org.asynchttpclient.netty.request.NettyRequestSender - Using open Channel [id: 0x0bf79eb8, L:/172.17.19.76:52213 - R:hub-cloud.browserstack.com/173.234.104.3:80] for DELETE '/wd/hub/session/6c4657cb1aa1a7910e56123c8d086d97ebbbf03a'
12:09:38.904 [AsyncHttpClient-1-11] DEBUG org.asynchttpclient.netty.handler.HttpHandler - 

Request DefaultFullHttpRequest(decodeResult: success, version: HTTP/1.1, content: EmptyByteBufBE)
DELETE /wd/hub/session/6c4657cb1aa1a7910e56123c8d086d97ebbbf03a HTTP/1.1
User-Agent: selenium/4.1.3 (java windows)
traceparent: 00-d70e02fabb2c184309b88bc94704193e-3a889bde9b94a364-01
Content-Type: application/json; charset=utf-8
host: hub-cloud.browserstack.com
authorization: Basic bmd1eW5hbmhkbmdfUUNySERrOm1OVG50OWJnenhBcWJBRVZ3aDZZ
accept: */*

Response DefaultHttpResponse(decodeResult: success, version: HTTP/1.1)
HTTP/1.1 200 OK
Server: nginx
Date: Mon, 09 May 2022 05:09:38 GMT
Content-Type: application/json; charset=utf-8
Transfer-Encoding: chunked
Connection: keep-alive
Source-From: 02
cache-control: no-cache

12:09:38.904 [AsyncHttpClient-1-11] DEBUG org.asynchttpclient.netty.channel.ChannelManager - Adding key: http://hub-cloud.browserstack.com:80 for channel [id: 0x0bf79eb8, L:/172.17.19.76:52213 - R:hub-cloud.browserstack.com/173.234.104.3:80]
]]></system-out>
  </testcase>
</testsuite>