<?xml version="1.0" encoding="UTF-8"?>
<testsuite xmlns:xsi="http://www.w3.org/2001/XMLSchema-instance" xsi:noNamespaceSchemaLocation="https://maven.apache.org/surefire/maven-failsafe-plugin/xsd/failsafe-test-report-3.0.xsd" version="3.0" name="runners.Runner" time="49.977" tests="5" errors="0" skipped="0" failures="4">
  <properties>
    <property name="sun.desktop" value="windows"/>
    <property name="awt.toolkit" value="sun.awt.windows.WToolkit"/>
    <property name="file.encoding.pkg" value="sun.io"/>
    <property name="java.specification.version" value="1.8"/>
    <property name="sun.cpu.isalist" value="amd64"/>
    <property name="sun.jnu.encoding" value="Cp1252"/>
    <property name="java.class.path" value="D:\Pratice\serenity_homework\target\test-classes;D:\Pratice\serenity_homework\target\serenity_homework-1.0-SNAPSHOT.jar;C:\Users\dung.nguyenanh\.m2\repository\net\serenity-bdd\serenity-core\3.2.3\serenity-core-3.2.3.jar;C:\Users\dung.nguyenanh\.m2\repository\net\serenity-bdd\serenity-model\3.2.3\serenity-model-3.2.3.jar;C:\Users\dung.nguyenanh\.m2\repository\org\apache\commons\commons-text\1.9\commons-text-1.9.jar;C:\Users\dung.nguyenanh\.m2\repository\commons-net\commons-net\3.8.0\commons-net-3.8.0.jar;C:\Users\dung.nguyenanh\.m2\repository\com\google\guava\guava\31.1-jre\guava-31.1-jre.jar;C:\Users\dung.nguyenanh\.m2\repository\com\google\guava\failureaccess\1.0.1\failureaccess-1.0.1.jar;C:\Users\dung.nguyenanh\.m2\repository\com\google\guava\listenablefuture\9999.0-empty-to-avoid-conflict-with-guava\listenablefuture-9999.0-empty-to-avoid-conflict-with-guava.jar;C:\Users\dung.nguyenanh\.m2\repository\com\google\code\findbugs\jsr305\3.0.2\jsr305-3.0.2.jar;C:\Users\dung.nguyenanh\.m2\repository\org\checkerframework\checker-qual\3.12.0\checker-qual-3.12.0.jar;C:\Users\dung.nguyenanh\.m2\repository\com\google\errorprone\error_prone_annotations\2.11.0\error_prone_annotations-2.11.0.jar;C:\Users\dung.nguyenanh\.m2\repository\com\google\j2objc\j2objc-annotations\1.3\j2objc-annotations-1.3.jar;C:\Users\dung.nguyenanh\.m2\repository\com\google\inject\guice\5.1.0\guice-5.1.0.jar;C:\Users\dung.nguyenanh\.m2\repository\javax\inject\javax.inject\1\javax.inject-1.jar;C:\Users\dung.nguyenanh\.m2\repository\aopalliance\aopalliance\1.0\aopalliance-1.0.jar;C:\Users\dung.nguyenanh\.m2\repository\org\jsoup\jsoup\1.14.3\jsoup-1.14.3.jar;C:\Users\dung.nguyenanh\.m2\repository\com\thoughtworks\xstream\xstream\1.4.19\xstream-1.4.19.jar;C:\Users\dung.nguyenanh\.m2\repository\io\github\x-stream\mxparser\1.2.2\mxparser-1.2.2.jar;C:\Users\dung.nguyenanh\.m2\repository\xmlpull\xmlpull\1.1.3.1\xmlpull-1.1.3.1.jar;C:\Users\dung.nguyenanh\.m2\repository\io\cucumber\cucumber-java\7.2.3\cucumber-java-7.2.3.jar;C:\Users\dung.nguyenanh\.m2\repository\com\typesafe\config\1.4.2\config-1.4.2.jar;C:\Users\dung.nguyenanh\.m2\repository\org\imgscalr\imgscalr-lib\4.2\imgscalr-lib-4.2.jar;C:\Users\dung.nguyenanh\.m2\repository\org\awaitility\awaitility\4.2.0\awaitility-4.2.0.jar;C:\Users\dung.nguyenanh\.m2\repository\org\freemarker\freemarker\2.3.31\freemarker-2.3.31.jar;C:\Users\dung.nguyenanh\.m2\repository\io\github\classgraph\classgraph\4.8.138\classgraph-4.8.138.jar;C:\Users\dung.nguyenanh\.m2\repository\net\sourceforge\jexcelapi\jxl\2.6.12\jxl-2.6.12.jar;C:\Users\dung.nguyenanh\.m2\repository\net\bytebuddy\byte-buddy\1.12.8\byte-buddy-1.12.8.jar;C:\Users\dung.nguyenanh\.m2\repository\net\bytebuddy\byte-buddy-agent\1.12.8\byte-buddy-agent-1.12.8.jar;C:\Users\dung.nguyenanh\.m2\repository\org\objenesis\objenesis\3.1\objenesis-3.1.jar;C:\Users\dung.nguyenanh\.m2\repository\net\serenity-bdd\serenity-reports\3.2.3\serenity-reports-3.2.3.jar;C:\Users\dung.nguyenanh\.m2\repository\net\serenity-bdd\serenity-stats\3.2.3\serenity-stats-3.2.3.jar;C:\Users\dung.nguyenanh\.m2\repository\net\serenity-bdd\serenity-reports-configuration\3.2.3\serenity-reports-configuration-3.2.3.jar;C:\Users\dung.nguyenanh\.m2\repository\com\vladsch\flexmark\flexmark-all\0.34.30\flexmark-all-0.34.30.jar;C:\Users\dung.nguyenanh\.m2\repository\com\vladsch\flexmark\flexmark\0.34.30\flexmark-0.34.30.jar;C:\Users\dung.nguyenanh\.m2\repository\com\vladsch\flexmark\flexmark-ext-abbreviation\0.34.30\flexmark-ext-abbreviation-0.34.30.jar;C:\Users\dung.nguyenanh\.m2\repository\com\vladsch\flexmark\flexmark-ext-admonition\0.34.30\flexmark-ext-admonition-0.34.30.jar;C:\Users\dung.nguyenanh\.m2\repository\com\vladsch\flexmark\flexmark-ext-anchorlink\0.34.30\flexmark-ext-anchorlink-0.34.30.jar;C:\Users\dung.nguyenanh\.m2\repository\com\vladsch\flexmark\flexmark-ext-aside\0.34.30\flexmark-ext-aside-0.34.30.jar;C:\Users\dung.nguyenanh\.m2\repository\com\vladsch\flexmark\flexmark-ext-attributes\0.34.30\flexmark-ext-attributes-0.34.30.jar;C:\Users\dung.nguyenanh\.m2\repository\com\vladsch\flexmark\flexmark-ext-autolink\0.34.30\flexmark-ext-autolink-0.34.30.jar;C:\Users\dung.nguyenanh\.m2\repository\org\nibor\autolink\autolink\0.6.0\autolink-0.6.0.jar;C:\Users\dung.nguyenanh\.m2\repository\com\vladsch\flexmark\flexmark-ext-definition\0.34.30\flexmark-ext-definition-0.34.30.jar;C:\Users\dung.nguyenanh\.m2\repository\com\vladsch\flexmark\flexmark-ext-emoji\0.34.30\flexmark-ext-emoji-0.34.30.jar;C:\Users\dung.nguyenanh\.m2\repository\com\vladsch\flexmark\flexmark-ext-enumerated-reference\0.34.30\flexmark-ext-enumerated-reference-0.34.30.jar;C:\Users\dung.nguyenanh\.m2\repository\com\vladsch\flexmark\flexmark-ext-escaped-character\0.34.30\flexmark-ext-escaped-character-0.34.30.jar;C:\Users\dung.nguyenanh\.m2\repository\com\vladsch\flexmark\flexmark-ext-footnotes\0.34.30\flexmark-ext-footnotes-0.34.30.jar;C:\Users\dung.nguyenanh\.m2\repository\com\vladsch\flexmark\flexmark-ext-gfm-issues\0.34.30\flexmark-ext-gfm-issues-0.34.30.jar;C:\Users\dung.nguyenanh\.m2\repository\com\vladsch\flexmark\flexmark-ext-gfm-strikethrough\0.34.30\flexmark-ext-gfm-strikethrough-0.34.30.jar;C:\Users\dung.nguyenanh\.m2\repository\com\vladsch\flexmark\flexmark-ext-gfm-tables\0.34.30\flexmark-ext-gfm-tables-0.34.30.jar;C:\Users\dung.nguyenanh\.m2\repository\com\vladsch\flexmark\flexmark-ext-gfm-tasklist\0.34.30\flexmark-ext-gfm-tasklist-0.34.30.jar;C:\Users\dung.nguyenanh\.m2\repository\com\vladsch\flexmark\flexmark-ext-gfm-users\0.34.30\flexmark-ext-gfm-users-0.34.30.jar;C:\Users\dung.nguyenanh\.m2\repository\com\vladsch\flexmark\flexmark-ext-gitlab\0.34.30\flexmark-ext-gitlab-0.34.30.jar;C:\Users\dung.nguyenanh\.m2\repository\com\vladsch\flexmark\flexmark-ext-jekyll-front-matter\0.34.30\flexmark-ext-jekyll-front-matter-0.34.30.jar;C:\Users\dung.nguyenanh\.m2\repository\com\vladsch\flexmark\flexmark-ext-jekyll-tag\0.34.30\flexmark-ext-jekyll-tag-0.34.30.jar;C:\Users\dung.nguyenanh\.m2\repository\com\vladsch\flexmark\flexmark-ext-media-tags\0.34.30\flexmark-ext-media-tags-0.34.30.jar;C:\Users\dung.nguyenanh\.m2\repository\com\vladsch\flexmark\flexmark-test-util\0.34.30\flexmark-test-util-0.34.30.jar;C:\Users\dung.nguyenanh\.m2\repository\com\vladsch\flexmark\flexmark-ext-ins\0.34.30\flexmark-ext-ins-0.34.30.jar;C:\Users\dung.nguyenanh\.m2\repository\com\vladsch\flexmark\flexmark-ext-xwiki-macros\0.34.30\flexmark-ext-xwiki-macros-0.34.30.jar;C:\Users\dung.nguyenanh\.m2\repository\com\vladsch\flexmark\flexmark-ext-superscript\0.34.30\flexmark-ext-superscript-0.34.30.jar;C:\Users\dung.nguyenanh\.m2\repository\com\vladsch\flexmark\flexmark-ext-tables\0.34.30\flexmark-ext-tables-0.34.30.jar;C:\Users\dung.nguyenanh\.m2\repository\com\vladsch\flexmark\flexmark-ext-toc\0.34.30\flexmark-ext-toc-0.34.30.jar;C:\Users\dung.nguyenanh\.m2\repository\com\vladsch\flexmark\flexmark-ext-typographic\0.34.30\flexmark-ext-typographic-0.34.30.jar;C:\Users\dung.nguyenanh\.m2\repository\com\vladsch\flexmark\flexmark-ext-wikilink\0.34.30\flexmark-ext-wikilink-0.34.30.jar;C:\Users\dung.nguyenanh\.m2\repository\com\vladsch\flexmark\flexmark-ext-yaml-front-matter\0.34.30\flexmark-ext-yaml-front-matter-0.34.30.jar;C:\Users\dung.nguyenanh\.m2\repository\com\vladsch\flexmark\flexmark-ext-youtube-embedded\0.34.30\flexmark-ext-youtube-embedded-0.34.30.jar;C:\Users\dung.nguyenanh\.m2\repository\com\vladsch\flexmark\flexmark-formatter\0.34.30\flexmark-formatter-0.34.30.jar;C:\Users\dung.nguyenanh\.m2\repository\com\vladsch\flexmark\flexmark-html-parser\0.34.30\flexmark-html-parser-0.34.30.jar;C:\Users\dung.nguyenanh\.m2\repository\com\vladsch\flexmark\flexmark-jira-converter\0.34.30\flexmark-jira-converter-0.34.30.jar;C:\Users\dung.nguyenanh\.m2\repository\com\vladsch\flexmark\flexmark-pdf-converter\0.34.30\flexmark-pdf-converter-0.34.30.jar;C:\Users\dung.nguyenanh\.m2\repository\com\openhtmltopdf\openhtmltopdf-core\0.0.1-RC13\openhtmltopdf-core-0.0.1-RC13.jar;C:\Users\dung.nguyenanh\.m2\repository\com\openhtmltopdf\openhtmltopdf-pdfbox\0.0.1-RC13\openhtmltopdf-pdfbox-0.0.1-RC13.jar;C:\Users\dung.nguyenanh\.m2\repository\org\apache\pdfbox\pdfbox\2.0.8\pdfbox-2.0.8.jar;C:\Users\dung.nguyenanh\.m2\repository\org\apache\pdfbox\fontbox\2.0.8\fontbox-2.0.8.jar;C:\Users\dung.nguyenanh\.m2\repository\commons-logging\commons-logging\1.2\commons-logging-1.2.jar;C:\Users\dung.nguyenanh\.m2\repository\org\apache\pdfbox\xmpbox\2.0.8\xmpbox-2.0.8.jar;C:\Users\dung.nguyenanh\.m2\repository\de\rototor\pdfbox\graphics2d\0.12\graphics2d-0.12.jar;C:\Users\dung.nguyenanh\.m2\repository\com\openhtmltopdf\openhtmltopdf-rtl-support\0.0.1-RC13\openhtmltopdf-rtl-support-0.0.1-RC13.jar;C:\Users\dung.nguyenanh\.m2\repository\com\ibm\icu\icu4j\59.1\icu4j-59.1.jar;C:\Users\dung.nguyenanh\.m2\repository\com\openhtmltopdf\openhtmltopdf-jsoup-dom-converter\0.0.1-RC13\openhtmltopdf-jsoup-dom-converter-0.0.1-RC13.jar;C:\Users\dung.nguyenanh\.m2\repository\com\vladsch\flexmark\flexmark-profile-pegdown\0.34.30\flexmark-profile-pegdown-0.34.30.jar;C:\Users\dung.nguyenanh\.m2\repository\com\vladsch\flexmark\flexmark-util\0.34.30\flexmark-util-0.34.30.jar;C:\Users\dung.nguyenanh\.m2\repository\com\vladsch\flexmark\flexmark-youtrack-converter\0.34.30\flexmark-youtrack-converter-0.34.30.jar;C:\Users\dung.nguyenanh\.m2\repository\es\nitaur\markdown\txtmark\0.16\txtmark-0.16.jar;C:\Users\dung.nguyenanh\.m2\repository\net\serenity-bdd\serenity-report-resources\3.2.3\serenity-report-resources-3.2.3.jar;C:\Users\dung.nguyenanh\.m2\repository\com\google\code\gson\gson\2.9.0\gson-2.9.0.jar;C:\Users\dung.nguyenanh\.m2\repository\com\fasterxml\jackson\core\jackson-core\2.13.2\jackson-core-2.13.2.jar;C:\Users\dung.nguyenanh\.m2\repository\com\fasterxml\jackson\core\jackson-databind\2.13.2\jackson-databind-2.13.2.jar;C:\Users\dung.nguyenanh\.m2\repository\com\fasterxml\jackson\core\jackson-annotations\2.13.2\jackson-annotations-2.13.2.jar;C:\Users\dung.nguyenanh\.m2\repository\commons-codec\commons-codec\1.15\commons-codec-1.15.jar;C:\Users\dung.nguyenanh\.m2\repository\commons-io\commons-io\2.11.0\commons-io-2.11.0.jar;C:\Users\dung.nguyenanh\.m2\repository\org\seleniumhq\selenium\selenium-java\4.1.3\selenium-java-4.1.3.jar;C:\Users\dung.nguyenanh\.m2\repository\org\seleniumhq\selenium\selenium-devtools-v85\4.1.3\selenium-devtools-v85-4.1.3.jar;C:\Users\dung.nguyenanh\.m2\repository\org\seleniumhq\selenium\selenium-devtools-v97\4.1.3\selenium-devtools-v97-4.1.3.jar;C:\Users\dung.nguyenanh\.m2\repository\org\seleniumhq\selenium\selenium-devtools-v98\4.1.3\selenium-devtools-v98-4.1.3.jar;C:\Users\dung.nguyenanh\.m2\repository\org\seleniumhq\selenium\selenium-devtools-v99\4.1.3\selenium-devtools-v99-4.1.3.jar;C:\Users\dung.nguyenanh\.m2\repository\org\seleniumhq\selenium\selenium-opera-driver\4.1.3\selenium-opera-driver-4.1.3.jar;C:\Users\dung.nguyenanh\.m2\repository\org\seleniumhq\selenium\selenium-remote-driver\4.1.3\selenium-remote-driver-4.1.3.jar;C:\Users\dung.nguyenanh\.m2\repository\com\beust\jcommander\1.82\jcommander-1.82.jar;C:\Users\dung.nguyenanh\.m2\repository\io\netty\netty-buffer\4.1.75.Final\netty-buffer-4.1.75.Final.jar;C:\Users\dung.nguyenanh\.m2\repository\io\netty\netty-codec-http\4.1.75.Final\netty-codec-http-4.1.75.Final.jar;C:\Users\dung.nguyenanh\.m2\repository\io\netty\netty-codec\4.1.75.Final\netty-codec-4.1.75.Final.jar;C:\Users\dung.nguyenanh\.m2\repository\io\netty\netty-handler\4.1.75.Final\netty-handler-4.1.75.Final.jar;C:\Users\dung.nguyenanh\.m2\repository\io\netty\netty-common\4.1.75.Final\netty-common-4.1.75.Final.jar;C:\Users\dung.nguyenanh\.m2\repository\io\netty\netty-transport-classes-epoll\4.1.75.Final\netty-transport-classes-epoll-4.1.75.Final.jar;C:\Users\dung.nguyenanh\.m2\repository\io\netty\netty-transport-classes-kqueue\4.1.75.Final\netty-transport-classes-kqueue-4.1.75.Final.jar;C:\Users\dung.nguyenanh\.m2\repository\io\netty\netty-transport-native-epoll\4.1.75.Final\netty-transport-native-epoll-4.1.75.Final.jar;C:\Users\dung.nguyenanh\.m2\repository\io\netty\netty-transport-native-kqueue\4.1.75.Final\netty-transport-native-kqueue-4.1.75.Final.jar;C:\Users\dung.nguyenanh\.m2\repository\io\netty\netty-transport-native-unix-common\4.1.75.Final\netty-transport-native-unix-common-4.1.75.Final.jar;C:\Users\dung.nguyenanh\.m2\repository\io\netty\netty-transport\4.1.75.Final\netty-transport-4.1.75.Final.jar;C:\Users\dung.nguyenanh\.m2\repository\io\netty\netty-resolver\4.1.75.Final\netty-resolver-4.1.75.Final.jar;C:\Users\dung.nguyenanh\.m2\repository\io\opentelemetry\opentelemetry-api\1.12.0\opentelemetry-api-1.12.0.jar;C:\Users\dung.nguyenanh\.m2\repository\io\opentelemetry\opentelemetry-context\1.12.0\opentelemetry-context-1.12.0.jar;C:\Users\dung.nguyenanh\.m2\repository\io\opentelemetry\opentelemetry-exporter-logging\1.12.0\opentelemetry-exporter-logging-1.12.0.jar;C:\Users\dung.nguyenanh\.m2\repository\io\opentelemetry\opentelemetry-sdk-metrics\1.12.0-alpha\opentelemetry-sdk-metrics-1.12.0-alpha.jar;C:\Users\dung.nguyenanh\.m2\repository\io\opentelemetry\opentelemetry-sdk-logs\1.12.0-alpha\opentelemetry-sdk-logs-1.12.0-alpha.jar;C:\Users\dung.nguyenanh\.m2\repository\io\opentelemetry\opentelemetry-sdk-common\1.12.0\opentelemetry-sdk-common-1.12.0.jar;C:\Users\dung.nguyenanh\.m2\repository\io\opentelemetry\opentelemetry-sdk-extension-autoconfigure-spi\1.12.0\opentelemetry-sdk-extension-autoconfigure-spi-1.12.0.jar;C:\Users\dung.nguyenanh\.m2\repository\io\opentelemetry\opentelemetry-sdk-extension-autoconfigure\1.12.0-alpha\opentelemetry-sdk-extension-autoconfigure-1.12.0-alpha.jar;C:\Users\dung.nguyenanh\.m2\repository\io\opentelemetry\opentelemetry-sdk-trace\1.12.0\opentelemetry-sdk-trace-1.12.0.jar;C:\Users\dung.nguyenanh\.m2\repository\io\opentelemetry\opentelemetry-sdk\1.12.0\opentelemetry-sdk-1.12.0.jar;C:\Users\dung.nguyenanh\.m2\repository\io\opentelemetry\opentelemetry-semconv\1.12.0-alpha\opentelemetry-semconv-1.12.0-alpha.jar;C:\Users\dung.nguyenanh\.m2\repository\io\ous\jtoml\2.0.0\jtoml-2.0.0.jar;C:\Users\dung.nguyenanh\.m2\repository\org\apache\commons\commons-exec\1.3\commons-exec-1.3.jar;C:\Users\dung.nguyenanh\.m2\repository\org\asynchttpclient\async-http-client\2.12.3\async-http-client-2.12.3.jar;C:\Users\dung.nguyenanh\.m2\repository\org\asynchttpclient\async-http-client-netty-utils\2.12.3\async-http-client-netty-utils-2.12.3.jar;C:\Users\dung.nguyenanh\.m2\repository\io\netty\netty-codec-socks\4.1.60.Final\netty-codec-socks-4.1.60.Final.jar;C:\Users\dung.nguyenanh\.m2\repository\io\netty\netty-handler-proxy\4.1.60.Final\netty-handler-proxy-4.1.60.Final.jar;C:\Users\dung.nguyenanh\.m2\repository\io\netty\netty-transport-native-epoll\4.1.60.Final\netty-transport-native-epoll-4.1.60.Final-linux-x86_64.jar;C:\Users\dung.nguyenanh\.m2\repository\io\netty\netty-transport-native-kqueue\4.1.60.Final\netty-transport-native-kqueue-4.1.60.Final-osx-x86_64.jar;C:\Users\dung.nguyenanh\.m2\repository\org\reactivestreams\reactive-streams\1.0.3\reactive-streams-1.0.3.jar;C:\Users\dung.nguyenanh\.m2\repository\com\typesafe\netty\netty-reactive-streams\2.0.4\netty-reactive-streams-2.0.4.jar;C:\Users\dung.nguyenanh\.m2\repository\org\seleniumhq\selenium\selenium-http\4.1.3\selenium-http-4.1.3.jar;C:\Users\dung.nguyenanh\.m2\repository\dev\failsafe\failsafe\3.2.3\failsafe-3.2.3.jar;C:\Users\dung.nguyenanh\.m2\repository\org\seleniumhq\selenium\selenium-safari-driver\4.1.3\selenium-safari-driver-4.1.3.jar;C:\Users\dung.nguyenanh\.m2\repository\org\seleniumhq\selenium\selenium-api\4.1.3\selenium-api-4.1.3.jar;C:\Users\dung.nguyenanh\.m2\repository\org\seleniumhq\selenium\selenium-support\4.1.3\selenium-support-4.1.3.jar;C:\Users\dung.nguyenanh\.m2\repository\com\google\auto\service\auto-service-annotations\1.0.1\auto-service-annotations-1.0.1.jar;C:\Users\dung.nguyenanh\.m2\repository\com\google\auto\service\auto-service\1.0.1\auto-service-1.0.1.jar;C:\Users\dung.nguyenanh\.m2\repository\com\google\auto\auto-common\1.2\auto-common-1.2.jar;C:\Users\dung.nguyenanh\.m2\repository\org\seleniumhq\selenium\selenium-json\4.1.3\selenium-json-4.1.3.jar;C:\Users\dung.nguyenanh\.m2\repository\org\seleniumhq\selenium\selenium-chrome-driver\4.1.3\selenium-chrome-driver-4.1.3.jar;C:\Users\dung.nguyenanh\.m2\repository\org\seleniumhq\selenium\selenium-chromium-driver\4.1.3\selenium-chromium-driver-4.1.3.jar;C:\Users\dung.nguyenanh\.m2\repository\org\seleniumhq\selenium\selenium-firefox-driver\4.1.3\selenium-firefox-driver-4.1.3.jar;C:\Users\dung.nguyenanh\.m2\repository\org\seleniumhq\selenium\selenium-edge-driver\4.1.3\selenium-edge-driver-4.1.3.jar;C:\Users\dung.nguyenanh\.m2\repository\org\seleniumhq\selenium\selenium-ie-driver\4.1.3\selenium-ie-driver-4.1.3.jar;C:\Users\dung.nguyenanh\.m2\repository\io\appium\java-client\8.0.0\java-client-8.0.0.jar;C:\Users\dung.nguyenanh\.m2\repository\commons-validator\commons-validator\1.7\commons-validator-1.7.jar;C:\Users\dung.nguyenanh\.m2\repository\commons-digester\commons-digester\2.1\commons-digester-2.1.jar;C:\Users\dung.nguyenanh\.m2\repository\org\aspectj\aspectjweaver\1.9.8\aspectjweaver-1.9.8.jar;C:\Users\dung.nguyenanh\.m2\repository\org\codehaus\groovy\groovy\3.0.10\groovy-3.0.10.jar;C:\Users\dung.nguyenanh\.m2\repository\net\sf\opencsv\opencsv\2.0\opencsv-2.0.jar;C:\Users\dung.nguyenanh\.m2\repository\commons-beanutils\commons-beanutils\1.9.4\commons-beanutils-1.9.4.jar;C:\Users\dung.nguyenanh\.m2\repository\org\apache\commons\commons-lang3\3.12.0\commons-lang3-3.12.0.jar;C:\Users\dung.nguyenanh\.m2\repository\commons-collections\commons-collections\3.2.2\commons-collections-3.2.2.jar;C:\Users\dung.nguyenanh\.m2\repository\org\fluentlenium\fluentlenium-core\0.10.2\fluentlenium-core-0.10.2.jar;C:\Users\dung.nguyenanh\.m2\repository\com\jhlabs\filters\2.0.235\filters-2.0.235.jar;C:\Users\dung.nguyenanh\.m2\repository\com\paulhammant\ngwebdriver\1.1.6\ngwebdriver-1.1.6.jar;C:\Users\dung.nguyenanh\.m2\repository\joda-time\joda-time\2.8.2\joda-time-2.8.2.jar;C:\Users\dung.nguyenanh\.m2\repository\org\hamcrest\hamcrest\2.2\hamcrest-2.2.jar;C:\Users\dung.nguyenanh\.m2\repository\com\google\jimfs\jimfs\1.2\jimfs-1.2.jar;C:\Users\dung.nguyenanh\.m2\repository\org\mockito\mockito-core\3.3.3\mockito-core-3.3.3.jar;C:\Users\dung.nguyenanh\.m2\repository\javax\xml\bind\jaxb-api\2.3.1\jaxb-api-2.3.1.jar;C:\Users\dung.nguyenanh\.m2\repository\javax\activation\javax.activation-api\1.2.0\javax.activation-api-1.2.0.jar;C:\Users\dung.nguyenanh\.m2\repository\com\sun\xml\bind\jaxb-core\2.3.0.1\jaxb-core-2.3.0.1.jar;C:\Users\dung.nguyenanh\.m2\repository\com\sun\xml\bind\jaxb-impl\2.3.3\jaxb-impl-2.3.3.jar;C:\Users\dung.nguyenanh\.m2\repository\jakarta\xml\bind\jakarta.xml.bind-api\2.3.3\jakarta.xml.bind-api-2.3.3.jar;C:\Users\dung.nguyenanh\.m2\repository\com\sun\activation\jakarta.activation\1.2.2\jakarta.activation-1.2.2.jar;C:\Users\dung.nguyenanh\.m2\repository\javax\activation\activation\1.1.1\activation-1.1.1.jar;C:\Users\dung.nguyenanh\.m2\repository\net\serenity-bdd\serenity-cucumber\3.2.3\serenity-cucumber-3.2.3.jar;C:\Users\dung.nguyenanh\.m2\repository\io\cucumber\cucumber-core\7.2.3\cucumber-core-7.2.3.jar;C:\Users\dung.nguyenanh\.m2\repository\io\cucumber\cucumber-gherkin\7.2.3\cucumber-gherkin-7.2.3.jar;C:\Users\dung.nguyenanh\.m2\repository\io\cucumber\cucumber-gherkin-messages\7.2.3\cucumber-gherkin-messages-7.2.3.jar;C:\Users\dung.nguyenanh\.m2\repository\io\cucumber\messages\17.1.1\messages-17.1.1.jar;C:\Users\dung.nguyenanh\.m2\repository\io\cucumber\tag-expressions\4.1.0\tag-expressions-4.1.0.jar;C:\Users\dung.nguyenanh\.m2\repository\io\cucumber\cucumber-expressions\15.0.1\cucumber-expressions-15.0.1.jar;C:\Users\dung.nguyenanh\.m2\repository\io\cucumber\datatable\7.2.3\datatable-7.2.3.jar;C:\Users\dung.nguyenanh\.m2\repository\io\cucumber\cucumber-plugin\7.2.3\cucumber-plugin-7.2.3.jar;C:\Users\dung.nguyenanh\.m2\repository\io\cucumber\docstring\7.2.3\docstring-7.2.3.jar;C:\Users\dung.nguyenanh\.m2\repository\io\cucumber\html-formatter\17.0.0\html-formatter-17.0.0.jar;C:\Users\dung.nguyenanh\.m2\repository\io\cucumber\ci-environment\8.1.0\ci-environment-8.1.0.jar;C:\Users\dung.nguyenanh\.m2\repository\io\cucumber\cucumber-junit\7.2.3\cucumber-junit-7.2.3.jar;C:\Users\dung.nguyenanh\.m2\repository\org\apiguardian\apiguardian-api\1.1.2\apiguardian-api-1.1.2.jar;C:\Users\dung.nguyenanh\.m2\repository\org\apache\commons\commons-csv\1.5\commons-csv-1.5.jar;C:\Users\dung.nguyenanh\.m2\repository\net\serenity-bdd\serenity-screenplay\3.2.3\serenity-screenplay-3.2.3.jar;C:\Users\dung.nguyenanh\.m2\repository\net\serenity-bdd\serenity-screenplay-webdriver\3.2.3\serenity-screenplay-webdriver-3.2.3.jar;C:\Users\dung.nguyenanh\.m2\repository\net\serenity-bdd\serenity-ensure\3.2.3\serenity-ensure-3.2.3.jar;C:\Users\dung.nguyenanh\.m2\repository\net\serenity-bdd\serenity-junit\3.2.3\serenity-junit-3.2.3.jar;C:\Users\dung.nguyenanh\.m2\repository\org\jetbrains\kotlin\kotlin-stdlib\1.6.0\kotlin-stdlib-1.6.0.jar;C:\Users\dung.nguyenanh\.m2\repository\org\jetbrains\annotations\13.0\annotations-13.0.jar;C:\Users\dung.nguyenanh\.m2\repository\org\jetbrains\kotlin\kotlin-stdlib-common\1.6.0\kotlin-stdlib-common-1.6.0.jar;C:\Users\dung.nguyenanh\.m2\repository\junit\junit\4.13.2\junit-4.13.2.jar;C:\Users\dung.nguyenanh\.m2\repository\org\hamcrest\hamcrest-core\1.3\hamcrest-core-1.3.jar;C:\Users\dung.nguyenanh\.m2\repository\org\projectlombok\lombok\1.18.22\lombok-1.18.22.jar;C:\Users\dung.nguyenanh\.m2\repository\ch\qos\logback\logback-classic\1.2.11\logback-classic-1.2.11.jar;C:\Users\dung.nguyenanh\.m2\repository\ch\qos\logback\logback-core\1.2.11\logback-core-1.2.11.jar;C:\Users\dung.nguyenanh\.m2\repository\org\slf4j\slf4j-api\1.7.32\slf4j-api-1.7.32.jar;C:\Users\dung.nguyenanh\.m2\repository\org\assertj\assertj-core\3.22.0\assertj-core-3.22.0.jar;C:\Users\dung.nguyenanh\.m2\repository\io\github\bonigarcia\webdrivermanager\5.1.1\webdrivermanager-5.1.1.jar;C:\Users\dung.nguyenanh\.m2\repository\com\github\docker-java\docker-java\3.2.13\docker-java-3.2.13.jar;C:\Users\dung.nguyenanh\.m2\repository\com\github\docker-java\docker-java-core\3.2.13\docker-java-core-3.2.13.jar;C:\Users\dung.nguyenanh\.m2\repository\com\github\docker-java\docker-java-api\3.2.13\docker-java-api-3.2.13.jar;C:\Users\dung.nguyenanh\.m2\repository\org\apache\commons\commons-compress\1.21\commons-compress-1.21.jar;C:\Users\dung.nguyenanh\.m2\repository\org\bouncycastle\bcpkix-jdk15on\1.64\bcpkix-jdk15on-1.64.jar;C:\Users\dung.nguyenanh\.m2\repository\org\bouncycastle\bcprov-jdk15on\1.64\bcprov-jdk15on-1.64.jar;C:\Users\dung.nguyenanh\.m2\repository\org\slf4j\jcl-over-slf4j\1.7.30\jcl-over-slf4j-1.7.30.jar;C:\Users\dung.nguyenanh\.m2\repository\com\github\docker-java\docker-java-transport-httpclient5\3.2.13\docker-java-transport-httpclient5-3.2.13.jar;C:\Users\dung.nguyenanh\.m2\repository\com\github\docker-java\docker-java-transport\3.2.13\docker-java-transport-3.2.13.jar;C:\Users\dung.nguyenanh\.m2\repository\net\java\dev\jna\jna\5.8.0\jna-5.8.0.jar;C:\Users\dung.nguyenanh\.m2\repository\org\brotli\dec\0.1.2\dec-0.1.2.jar;C:\Users\dung.nguyenanh\.m2\repository\org\apache\httpcomponents\client5\httpclient5\5.1.3\httpclient5-5.1.3.jar;C:\Users\dung.nguyenanh\.m2\repository\org\apache\httpcomponents\core5\httpcore5\5.1.3\httpcore5-5.1.3.jar;C:\Users\dung.nguyenanh\.m2\repository\org\apache\httpcomponents\core5\httpcore5-h2\5.1.3\httpcore5-h2-5.1.3.jar;C:\Users\dung.nguyenanh\.m2\repository\org\hamcrest\hamcrest-all\1.3\hamcrest-all-1.3.jar;C:\Users\dung.nguyenanh\.m2\repository\org\apache\maven\plugins\maven-failsafe-plugin\3.0.0-M5\maven-failsafe-plugin-3.0.0-M5.jar;C:\Users\dung.nguyenanh\.m2\repository\org\apache\maven\surefire\maven-surefire-common\3.0.0-M5\maven-surefire-common-3.0.0-M5.jar;C:\Users\dung.nguyenanh\.m2\repository\org\apache\maven\surefire\surefire-api\3.0.0-M5\surefire-api-3.0.0-M5.jar;C:\Users\dung.nguyenanh\.m2\repository\org\apache\maven\surefire\surefire-logger-api\3.0.0-M5\surefire-logger-api-3.0.0-M5.jar;C:\Users\dung.nguyenanh\.m2\repository\org\apache\maven\surefire\surefire-extensions-api\3.0.0-M5\surefire-extensions-api-3.0.0-M5.jar;C:\Users\dung.nguyenanh\.m2\repository\org\apache\maven\surefire\surefire-booter\3.0.0-M5\surefire-booter-3.0.0-M5.jar;C:\Users\dung.nguyenanh\.m2\repository\org\apache\maven\surefire\surefire-extensions-spi\3.0.0-M5\surefire-extensions-spi-3.0.0-M5.jar;C:\Users\dung.nguyenanh\.m2\repository\org\apache\maven\maven-toolchain\3.0-alpha-2\maven-toolchain-3.0-alpha-2.jar;C:\Users\dung.nguyenanh\.m2\repository\org\apache\maven\shared\maven-artifact-transfer\0.11.0\maven-artifact-transfer-0.11.0.jar;C:\Users\dung.nguyenanh\.m2\repository\org\apache\maven\shared\maven-common-artifact-filters\3.0.1\maven-common-artifact-filters-3.0.1.jar;C:\Users\dung.nguyenanh\.m2\repository\org\apache\maven\maven-model\3.0\maven-model-3.0.jar;C:\Users\dung.nguyenanh\.m2\repository\org\apache\maven\maven-plugin-api\3.0\maven-plugin-api-3.0.jar;C:\Users\dung.nguyenanh\.m2\repository\org\sonatype\sisu\sisu-inject-plexus\1.4.2\sisu-inject-plexus-1.4.2.jar;C:\Users\dung.nguyenanh\.m2\repository\org\codehaus\plexus\plexus-classworlds\2.2.3\plexus-classworlds-2.2.3.jar;C:\Users\dung.nguyenanh\.m2\repository\org\sonatype\sisu\sisu-inject-bean\1.4.2\sisu-inject-bean-1.4.2.jar;C:\Users\dung.nguyenanh\.m2\repository\org\sonatype\sisu\sisu-guice\2.1.7\sisu-guice-2.1.7-noaop.jar;C:\Users\dung.nguyenanh\.m2\repository\org\apache\maven\shared\maven-shared-utils\3.1.0\maven-shared-utils-3.1.0.jar;C:\Users\dung.nguyenanh\.m2\repository\org\codehaus\plexus\plexus-java\1.0.5\plexus-java-1.0.5.jar;C:\Users\dung.nguyenanh\.m2\repository\org\ow2\asm\asm\7.2\asm-7.2.jar;C:\Users\dung.nguyenanh\.m2\repository\com\thoughtworks\qdox\qdox\2.0-M9\qdox-2.0-M9.jar;C:\Users\dung.nguyenanh\.m2\repository\org\apache\maven\surefire\surefire-shared-utils\3.0.0-M4\surefire-shared-utils-3.0.0-M4.jar;"/>
    <property name="java.vm.vendor" value="Oracle Corporation"/>
    <property name="sun.arch.data.model" value="64"/>
    <property name="user.variant" value=""/>
    <property name="java.vendor.url" value="http://java.oracle.com/"/>
    <property name="user.timezone" value="Asia/Bangkok"/>
    <property name="java.vm.specification.version" value="1.8"/>
    <property name="os.name" value="Windows 10"/>
    <property name="user.country" value="US"/>
    <property name="sun.java.launcher" value="SUN_STANDARD"/>
    <property name="sun.boot.library.path" value="C:\Program Files\Java\jdk1.8.0_321\jre\bin"/>
    <property name="sun.java.command" value="C:\Users\dung.nguyenanh\AppData\Local\Temp\surefire8845180828841084519\surefirebooter8179992063117146486.jar C:\Users\dung.nguyenanh\AppData\Local\Temp\surefire8845180828841084519 2022-04-18T14-16-50_331-jvmRun1 surefire4501515758695282579tmp surefire_04024797831963506253tmp"/>
    <property name="surefire.test.class.path" value="D:\Pratice\serenity_homework\target\test-classes;D:\Pratice\serenity_homework\target\serenity_homework-1.0-SNAPSHOT.jar;C:\Users\dung.nguyenanh\.m2\repository\net\serenity-bdd\serenity-core\3.2.3\serenity-core-3.2.3.jar;C:\Users\dung.nguyenanh\.m2\repository\net\serenity-bdd\serenity-model\3.2.3\serenity-model-3.2.3.jar;C:\Users\dung.nguyenanh\.m2\repository\org\apache\commons\commons-text\1.9\commons-text-1.9.jar;C:\Users\dung.nguyenanh\.m2\repository\commons-net\commons-net\3.8.0\commons-net-3.8.0.jar;C:\Users\dung.nguyenanh\.m2\repository\com\google\guava\guava\31.1-jre\guava-31.1-jre.jar;C:\Users\dung.nguyenanh\.m2\repository\com\google\guava\failureaccess\1.0.1\failureaccess-1.0.1.jar;C:\Users\dung.nguyenanh\.m2\repository\com\google\guava\listenablefuture\9999.0-empty-to-avoid-conflict-with-guava\listenablefuture-9999.0-empty-to-avoid-conflict-with-guava.jar;C:\Users\dung.nguyenanh\.m2\repository\com\google\code\findbugs\jsr305\3.0.2\jsr305-3.0.2.jar;C:\Users\dung.nguyenanh\.m2\repository\org\checkerframework\checker-qual\3.12.0\checker-qual-3.12.0.jar;C:\Users\dung.nguyenanh\.m2\repository\com\google\errorprone\error_prone_annotations\2.11.0\error_prone_annotations-2.11.0.jar;C:\Users\dung.nguyenanh\.m2\repository\com\google\j2objc\j2objc-annotations\1.3\j2objc-annotations-1.3.jar;C:\Users\dung.nguyenanh\.m2\repository\com\google\inject\guice\5.1.0\guice-5.1.0.jar;C:\Users\dung.nguyenanh\.m2\repository\javax\inject\javax.inject\1\javax.inject-1.jar;C:\Users\dung.nguyenanh\.m2\repository\aopalliance\aopalliance\1.0\aopalliance-1.0.jar;C:\Users\dung.nguyenanh\.m2\repository\org\jsoup\jsoup\1.14.3\jsoup-1.14.3.jar;C:\Users\dung.nguyenanh\.m2\repository\com\thoughtworks\xstream\xstream\1.4.19\xstream-1.4.19.jar;C:\Users\dung.nguyenanh\.m2\repository\io\github\x-stream\mxparser\1.2.2\mxparser-1.2.2.jar;C:\Users\dung.nguyenanh\.m2\repository\xmlpull\xmlpull\1.1.3.1\xmlpull-1.1.3.1.jar;C:\Users\dung.nguyenanh\.m2\repository\io\cucumber\cucumber-java\7.2.3\cucumber-java-7.2.3.jar;C:\Users\dung.nguyenanh\.m2\repository\com\typesafe\config\1.4.2\config-1.4.2.jar;C:\Users\dung.nguyenanh\.m2\repository\org\imgscalr\imgscalr-lib\4.2\imgscalr-lib-4.2.jar;C:\Users\dung.nguyenanh\.m2\repository\org\awaitility\awaitility\4.2.0\awaitility-4.2.0.jar;C:\Users\dung.nguyenanh\.m2\repository\org\freemarker\freemarker\2.3.31\freemarker-2.3.31.jar;C:\Users\dung.nguyenanh\.m2\repository\io\github\classgraph\classgraph\4.8.138\classgraph-4.8.138.jar;C:\Users\dung.nguyenanh\.m2\repository\net\sourceforge\jexcelapi\jxl\2.6.12\jxl-2.6.12.jar;C:\Users\dung.nguyenanh\.m2\repository\net\bytebuddy\byte-buddy\1.12.8\byte-buddy-1.12.8.jar;C:\Users\dung.nguyenanh\.m2\repository\net\bytebuddy\byte-buddy-agent\1.12.8\byte-buddy-agent-1.12.8.jar;C:\Users\dung.nguyenanh\.m2\repository\org\objenesis\objenesis\3.1\objenesis-3.1.jar;C:\Users\dung.nguyenanh\.m2\repository\net\serenity-bdd\serenity-reports\3.2.3\serenity-reports-3.2.3.jar;C:\Users\dung.nguyenanh\.m2\repository\net\serenity-bdd\serenity-stats\3.2.3\serenity-stats-3.2.3.jar;C:\Users\dung.nguyenanh\.m2\repository\net\serenity-bdd\serenity-reports-configuration\3.2.3\serenity-reports-configuration-3.2.3.jar;C:\Users\dung.nguyenanh\.m2\repository\com\vladsch\flexmark\flexmark-all\0.34.30\flexmark-all-0.34.30.jar;C:\Users\dung.nguyenanh\.m2\repository\com\vladsch\flexmark\flexmark\0.34.30\flexmark-0.34.30.jar;C:\Users\dung.nguyenanh\.m2\repository\com\vladsch\flexmark\flexmark-ext-abbreviation\0.34.30\flexmark-ext-abbreviation-0.34.30.jar;C:\Users\dung.nguyenanh\.m2\repository\com\vladsch\flexmark\flexmark-ext-admonition\0.34.30\flexmark-ext-admonition-0.34.30.jar;C:\Users\dung.nguyenanh\.m2\repository\com\vladsch\flexmark\flexmark-ext-anchorlink\0.34.30\flexmark-ext-anchorlink-0.34.30.jar;C:\Users\dung.nguyenanh\.m2\repository\com\vladsch\flexmark\flexmark-ext-aside\0.34.30\flexmark-ext-aside-0.34.30.jar;C:\Users\dung.nguyenanh\.m2\repository\com\vladsch\flexmark\flexmark-ext-attributes\0.34.30\flexmark-ext-attributes-0.34.30.jar;C:\Users\dung.nguyenanh\.m2\repository\com\vladsch\flexmark\flexmark-ext-autolink\0.34.30\flexmark-ext-autolink-0.34.30.jar;C:\Users\dung.nguyenanh\.m2\repository\org\nibor\autolink\autolink\0.6.0\autolink-0.6.0.jar;C:\Users\dung.nguyenanh\.m2\repository\com\vladsch\flexmark\flexmark-ext-definition\0.34.30\flexmark-ext-definition-0.34.30.jar;C:\Users\dung.nguyenanh\.m2\repository\com\vladsch\flexmark\flexmark-ext-emoji\0.34.30\flexmark-ext-emoji-0.34.30.jar;C:\Users\dung.nguyenanh\.m2\repository\com\vladsch\flexmark\flexmark-ext-enumerated-reference\0.34.30\flexmark-ext-enumerated-reference-0.34.30.jar;C:\Users\dung.nguyenanh\.m2\repository\com\vladsch\flexmark\flexmark-ext-escaped-character\0.34.30\flexmark-ext-escaped-character-0.34.30.jar;C:\Users\dung.nguyenanh\.m2\repository\com\vladsch\flexmark\flexmark-ext-footnotes\0.34.30\flexmark-ext-footnotes-0.34.30.jar;C:\Users\dung.nguyenanh\.m2\repository\com\vladsch\flexmark\flexmark-ext-gfm-issues\0.34.30\flexmark-ext-gfm-issues-0.34.30.jar;C:\Users\dung.nguyenanh\.m2\repository\com\vladsch\flexmark\flexmark-ext-gfm-strikethrough\0.34.30\flexmark-ext-gfm-strikethrough-0.34.30.jar;C:\Users\dung.nguyenanh\.m2\repository\com\vladsch\flexmark\flexmark-ext-gfm-tables\0.34.30\flexmark-ext-gfm-tables-0.34.30.jar;C:\Users\dung.nguyenanh\.m2\repository\com\vladsch\flexmark\flexmark-ext-gfm-tasklist\0.34.30\flexmark-ext-gfm-tasklist-0.34.30.jar;C:\Users\dung.nguyenanh\.m2\repository\com\vladsch\flexmark\flexmark-ext-gfm-users\0.34.30\flexmark-ext-gfm-users-0.34.30.jar;C:\Users\dung.nguyenanh\.m2\repository\com\vladsch\flexmark\flexmark-ext-gitlab\0.34.30\flexmark-ext-gitlab-0.34.30.jar;C:\Users\dung.nguyenanh\.m2\repository\com\vladsch\flexmark\flexmark-ext-jekyll-front-matter\0.34.30\flexmark-ext-jekyll-front-matter-0.34.30.jar;C:\Users\dung.nguyenanh\.m2\repository\com\vladsch\flexmark\flexmark-ext-jekyll-tag\0.34.30\flexmark-ext-jekyll-tag-0.34.30.jar;C:\Users\dung.nguyenanh\.m2\repository\com\vladsch\flexmark\flexmark-ext-media-tags\0.34.30\flexmark-ext-media-tags-0.34.30.jar;C:\Users\dung.nguyenanh\.m2\repository\com\vladsch\flexmark\flexmark-test-util\0.34.30\flexmark-test-util-0.34.30.jar;C:\Users\dung.nguyenanh\.m2\repository\com\vladsch\flexmark\flexmark-ext-ins\0.34.30\flexmark-ext-ins-0.34.30.jar;C:\Users\dung.nguyenanh\.m2\repository\com\vladsch\flexmark\flexmark-ext-xwiki-macros\0.34.30\flexmark-ext-xwiki-macros-0.34.30.jar;C:\Users\dung.nguyenanh\.m2\repository\com\vladsch\flexmark\flexmark-ext-superscript\0.34.30\flexmark-ext-superscript-0.34.30.jar;C:\Users\dung.nguyenanh\.m2\repository\com\vladsch\flexmark\flexmark-ext-tables\0.34.30\flexmark-ext-tables-0.34.30.jar;C:\Users\dung.nguyenanh\.m2\repository\com\vladsch\flexmark\flexmark-ext-toc\0.34.30\flexmark-ext-toc-0.34.30.jar;C:\Users\dung.nguyenanh\.m2\repository\com\vladsch\flexmark\flexmark-ext-typographic\0.34.30\flexmark-ext-typographic-0.34.30.jar;C:\Users\dung.nguyenanh\.m2\repository\com\vladsch\flexmark\flexmark-ext-wikilink\0.34.30\flexmark-ext-wikilink-0.34.30.jar;C:\Users\dung.nguyenanh\.m2\repository\com\vladsch\flexmark\flexmark-ext-yaml-front-matter\0.34.30\flexmark-ext-yaml-front-matter-0.34.30.jar;C:\Users\dung.nguyenanh\.m2\repository\com\vladsch\flexmark\flexmark-ext-youtube-embedded\0.34.30\flexmark-ext-youtube-embedded-0.34.30.jar;C:\Users\dung.nguyenanh\.m2\repository\com\vladsch\flexmark\flexmark-formatter\0.34.30\flexmark-formatter-0.34.30.jar;C:\Users\dung.nguyenanh\.m2\repository\com\vladsch\flexmark\flexmark-html-parser\0.34.30\flexmark-html-parser-0.34.30.jar;C:\Users\dung.nguyenanh\.m2\repository\com\vladsch\flexmark\flexmark-jira-converter\0.34.30\flexmark-jira-converter-0.34.30.jar;C:\Users\dung.nguyenanh\.m2\repository\com\vladsch\flexmark\flexmark-pdf-converter\0.34.30\flexmark-pdf-converter-0.34.30.jar;C:\Users\dung.nguyenanh\.m2\repository\com\openhtmltopdf\openhtmltopdf-core\0.0.1-RC13\openhtmltopdf-core-0.0.1-RC13.jar;C:\Users\dung.nguyenanh\.m2\repository\com\openhtmltopdf\openhtmltopdf-pdfbox\0.0.1-RC13\openhtmltopdf-pdfbox-0.0.1-RC13.jar;C:\Users\dung.nguyenanh\.m2\repository\org\apache\pdfbox\pdfbox\2.0.8\pdfbox-2.0.8.jar;C:\Users\dung.nguyenanh\.m2\repository\org\apache\pdfbox\fontbox\2.0.8\fontbox-2.0.8.jar;C:\Users\dung.nguyenanh\.m2\repository\commons-logging\commons-logging\1.2\commons-logging-1.2.jar;C:\Users\dung.nguyenanh\.m2\repository\org\apache\pdfbox\xmpbox\2.0.8\xmpbox-2.0.8.jar;C:\Users\dung.nguyenanh\.m2\repository\de\rototor\pdfbox\graphics2d\0.12\graphics2d-0.12.jar;C:\Users\dung.nguyenanh\.m2\repository\com\openhtmltopdf\openhtmltopdf-rtl-support\0.0.1-RC13\openhtmltopdf-rtl-support-0.0.1-RC13.jar;C:\Users\dung.nguyenanh\.m2\repository\com\ibm\icu\icu4j\59.1\icu4j-59.1.jar;C:\Users\dung.nguyenanh\.m2\repository\com\openhtmltopdf\openhtmltopdf-jsoup-dom-converter\0.0.1-RC13\openhtmltopdf-jsoup-dom-converter-0.0.1-RC13.jar;C:\Users\dung.nguyenanh\.m2\repository\com\vladsch\flexmark\flexmark-profile-pegdown\0.34.30\flexmark-profile-pegdown-0.34.30.jar;C:\Users\dung.nguyenanh\.m2\repository\com\vladsch\flexmark\flexmark-util\0.34.30\flexmark-util-0.34.30.jar;C:\Users\dung.nguyenanh\.m2\repository\com\vladsch\flexmark\flexmark-youtrack-converter\0.34.30\flexmark-youtrack-converter-0.34.30.jar;C:\Users\dung.nguyenanh\.m2\repository\es\nitaur\markdown\txtmark\0.16\txtmark-0.16.jar;C:\Users\dung.nguyenanh\.m2\repository\net\serenity-bdd\serenity-report-resources\3.2.3\serenity-report-resources-3.2.3.jar;C:\Users\dung.nguyenanh\.m2\repository\com\google\code\gson\gson\2.9.0\gson-2.9.0.jar;C:\Users\dung.nguyenanh\.m2\repository\com\fasterxml\jackson\core\jackson-core\2.13.2\jackson-core-2.13.2.jar;C:\Users\dung.nguyenanh\.m2\repository\com\fasterxml\jackson\core\jackson-databind\2.13.2\jackson-databind-2.13.2.jar;C:\Users\dung.nguyenanh\.m2\repository\com\fasterxml\jackson\core\jackson-annotations\2.13.2\jackson-annotations-2.13.2.jar;C:\Users\dung.nguyenanh\.m2\repository\commons-codec\commons-codec\1.15\commons-codec-1.15.jar;C:\Users\dung.nguyenanh\.m2\repository\commons-io\commons-io\2.11.0\commons-io-2.11.0.jar;C:\Users\dung.nguyenanh\.m2\repository\org\seleniumhq\selenium\selenium-java\4.1.3\selenium-java-4.1.3.jar;C:\Users\dung.nguyenanh\.m2\repository\org\seleniumhq\selenium\selenium-devtools-v85\4.1.3\selenium-devtools-v85-4.1.3.jar;C:\Users\dung.nguyenanh\.m2\repository\org\seleniumhq\selenium\selenium-devtools-v97\4.1.3\selenium-devtools-v97-4.1.3.jar;C:\Users\dung.nguyenanh\.m2\repository\org\seleniumhq\selenium\selenium-devtools-v98\4.1.3\selenium-devtools-v98-4.1.3.jar;C:\Users\dung.nguyenanh\.m2\repository\org\seleniumhq\selenium\selenium-devtools-v99\4.1.3\selenium-devtools-v99-4.1.3.jar;C:\Users\dung.nguyenanh\.m2\repository\org\seleniumhq\selenium\selenium-opera-driver\4.1.3\selenium-opera-driver-4.1.3.jar;C:\Users\dung.nguyenanh\.m2\repository\org\seleniumhq\selenium\selenium-remote-driver\4.1.3\selenium-remote-driver-4.1.3.jar;C:\Users\dung.nguyenanh\.m2\repository\com\beust\jcommander\1.82\jcommander-1.82.jar;C:\Users\dung.nguyenanh\.m2\repository\io\netty\netty-buffer\4.1.75.Final\netty-buffer-4.1.75.Final.jar;C:\Users\dung.nguyenanh\.m2\repository\io\netty\netty-codec-http\4.1.75.Final\netty-codec-http-4.1.75.Final.jar;C:\Users\dung.nguyenanh\.m2\repository\io\netty\netty-codec\4.1.75.Final\netty-codec-4.1.75.Final.jar;C:\Users\dung.nguyenanh\.m2\repository\io\netty\netty-handler\4.1.75.Final\netty-handler-4.1.75.Final.jar;C:\Users\dung.nguyenanh\.m2\repository\io\netty\netty-common\4.1.75.Final\netty-common-4.1.75.Final.jar;C:\Users\dung.nguyenanh\.m2\repository\io\netty\netty-transport-classes-epoll\4.1.75.Final\netty-transport-classes-epoll-4.1.75.Final.jar;C:\Users\dung.nguyenanh\.m2\repository\io\netty\netty-transport-classes-kqueue\4.1.75.Final\netty-transport-classes-kqueue-4.1.75.Final.jar;C:\Users\dung.nguyenanh\.m2\repository\io\netty\netty-transport-native-epoll\4.1.75.Final\netty-transport-native-epoll-4.1.75.Final.jar;C:\Users\dung.nguyenanh\.m2\repository\io\netty\netty-transport-native-kqueue\4.1.75.Final\netty-transport-native-kqueue-4.1.75.Final.jar;C:\Users\dung.nguyenanh\.m2\repository\io\netty\netty-transport-native-unix-common\4.1.75.Final\netty-transport-native-unix-common-4.1.75.Final.jar;C:\Users\dung.nguyenanh\.m2\repository\io\netty\netty-transport\4.1.75.Final\netty-transport-4.1.75.Final.jar;C:\Users\dung.nguyenanh\.m2\repository\io\netty\netty-resolver\4.1.75.Final\netty-resolver-4.1.75.Final.jar;C:\Users\dung.nguyenanh\.m2\repository\io\opentelemetry\opentelemetry-api\1.12.0\opentelemetry-api-1.12.0.jar;C:\Users\dung.nguyenanh\.m2\repository\io\opentelemetry\opentelemetry-context\1.12.0\opentelemetry-context-1.12.0.jar;C:\Users\dung.nguyenanh\.m2\repository\io\opentelemetry\opentelemetry-exporter-logging\1.12.0\opentelemetry-exporter-logging-1.12.0.jar;C:\Users\dung.nguyenanh\.m2\repository\io\opentelemetry\opentelemetry-sdk-metrics\1.12.0-alpha\opentelemetry-sdk-metrics-1.12.0-alpha.jar;C:\Users\dung.nguyenanh\.m2\repository\io\opentelemetry\opentelemetry-sdk-logs\1.12.0-alpha\opentelemetry-sdk-logs-1.12.0-alpha.jar;C:\Users\dung.nguyenanh\.m2\repository\io\opentelemetry\opentelemetry-sdk-common\1.12.0\opentelemetry-sdk-common-1.12.0.jar;C:\Users\dung.nguyenanh\.m2\repository\io\opentelemetry\opentelemetry-sdk-extension-autoconfigure-spi\1.12.0\opentelemetry-sdk-extension-autoconfigure-spi-1.12.0.jar;C:\Users\dung.nguyenanh\.m2\repository\io\opentelemetry\opentelemetry-sdk-extension-autoconfigure\1.12.0-alpha\opentelemetry-sdk-extension-autoconfigure-1.12.0-alpha.jar;C:\Users\dung.nguyenanh\.m2\repository\io\opentelemetry\opentelemetry-sdk-trace\1.12.0\opentelemetry-sdk-trace-1.12.0.jar;C:\Users\dung.nguyenanh\.m2\repository\io\opentelemetry\opentelemetry-sdk\1.12.0\opentelemetry-sdk-1.12.0.jar;C:\Users\dung.nguyenanh\.m2\repository\io\opentelemetry\opentelemetry-semconv\1.12.0-alpha\opentelemetry-semconv-1.12.0-alpha.jar;C:\Users\dung.nguyenanh\.m2\repository\io\ous\jtoml\2.0.0\jtoml-2.0.0.jar;C:\Users\dung.nguyenanh\.m2\repository\org\apache\commons\commons-exec\1.3\commons-exec-1.3.jar;C:\Users\dung.nguyenanh\.m2\repository\org\asynchttpclient\async-http-client\2.12.3\async-http-client-2.12.3.jar;C:\Users\dung.nguyenanh\.m2\repository\org\asynchttpclient\async-http-client-netty-utils\2.12.3\async-http-client-netty-utils-2.12.3.jar;C:\Users\dung.nguyenanh\.m2\repository\io\netty\netty-codec-socks\4.1.60.Final\netty-codec-socks-4.1.60.Final.jar;C:\Users\dung.nguyenanh\.m2\repository\io\netty\netty-handler-proxy\4.1.60.Final\netty-handler-proxy-4.1.60.Final.jar;C:\Users\dung.nguyenanh\.m2\repository\io\netty\netty-transport-native-epoll\4.1.60.Final\netty-transport-native-epoll-4.1.60.Final-linux-x86_64.jar;C:\Users\dung.nguyenanh\.m2\repository\io\netty\netty-transport-native-kqueue\4.1.60.Final\netty-transport-native-kqueue-4.1.60.Final-osx-x86_64.jar;C:\Users\dung.nguyenanh\.m2\repository\org\reactivestreams\reactive-streams\1.0.3\reactive-streams-1.0.3.jar;C:\Users\dung.nguyenanh\.m2\repository\com\typesafe\netty\netty-reactive-streams\2.0.4\netty-reactive-streams-2.0.4.jar;C:\Users\dung.nguyenanh\.m2\repository\org\seleniumhq\selenium\selenium-http\4.1.3\selenium-http-4.1.3.jar;C:\Users\dung.nguyenanh\.m2\repository\dev\failsafe\failsafe\3.2.3\failsafe-3.2.3.jar;C:\Users\dung.nguyenanh\.m2\repository\org\seleniumhq\selenium\selenium-safari-driver\4.1.3\selenium-safari-driver-4.1.3.jar;C:\Users\dung.nguyenanh\.m2\repository\org\seleniumhq\selenium\selenium-api\4.1.3\selenium-api-4.1.3.jar;C:\Users\dung.nguyenanh\.m2\repository\org\seleniumhq\selenium\selenium-support\4.1.3\selenium-support-4.1.3.jar;C:\Users\dung.nguyenanh\.m2\repository\com\google\auto\service\auto-service-annotations\1.0.1\auto-service-annotations-1.0.1.jar;C:\Users\dung.nguyenanh\.m2\repository\com\google\auto\service\auto-service\1.0.1\auto-service-1.0.1.jar;C:\Users\dung.nguyenanh\.m2\repository\com\google\auto\auto-common\1.2\auto-common-1.2.jar;C:\Users\dung.nguyenanh\.m2\repository\org\seleniumhq\selenium\selenium-json\4.1.3\selenium-json-4.1.3.jar;C:\Users\dung.nguyenanh\.m2\repository\org\seleniumhq\selenium\selenium-chrome-driver\4.1.3\selenium-chrome-driver-4.1.3.jar;C:\Users\dung.nguyenanh\.m2\repository\org\seleniumhq\selenium\selenium-chromium-driver\4.1.3\selenium-chromium-driver-4.1.3.jar;C:\Users\dung.nguyenanh\.m2\repository\org\seleniumhq\selenium\selenium-firefox-driver\4.1.3\selenium-firefox-driver-4.1.3.jar;C:\Users\dung.nguyenanh\.m2\repository\org\seleniumhq\selenium\selenium-edge-driver\4.1.3\selenium-edge-driver-4.1.3.jar;C:\Users\dung.nguyenanh\.m2\repository\org\seleniumhq\selenium\selenium-ie-driver\4.1.3\selenium-ie-driver-4.1.3.jar;C:\Users\dung.nguyenanh\.m2\repository\io\appium\java-client\8.0.0\java-client-8.0.0.jar;C:\Users\dung.nguyenanh\.m2\repository\commons-validator\commons-validator\1.7\commons-validator-1.7.jar;C:\Users\dung.nguyenanh\.m2\repository\commons-digester\commons-digester\2.1\commons-digester-2.1.jar;C:\Users\dung.nguyenanh\.m2\repository\org\aspectj\aspectjweaver\1.9.8\aspectjweaver-1.9.8.jar;C:\Users\dung.nguyenanh\.m2\repository\org\codehaus\groovy\groovy\3.0.10\groovy-3.0.10.jar;C:\Users\dung.nguyenanh\.m2\repository\net\sf\opencsv\opencsv\2.0\opencsv-2.0.jar;C:\Users\dung.nguyenanh\.m2\repository\commons-beanutils\commons-beanutils\1.9.4\commons-beanutils-1.9.4.jar;C:\Users\dung.nguyenanh\.m2\repository\org\apache\commons\commons-lang3\3.12.0\commons-lang3-3.12.0.jar;C:\Users\dung.nguyenanh\.m2\repository\commons-collections\commons-collections\3.2.2\commons-collections-3.2.2.jar;C:\Users\dung.nguyenanh\.m2\repository\org\fluentlenium\fluentlenium-core\0.10.2\fluentlenium-core-0.10.2.jar;C:\Users\dung.nguyenanh\.m2\repository\com\jhlabs\filters\2.0.235\filters-2.0.235.jar;C:\Users\dung.nguyenanh\.m2\repository\com\paulhammant\ngwebdriver\1.1.6\ngwebdriver-1.1.6.jar;C:\Users\dung.nguyenanh\.m2\repository\joda-time\joda-time\2.8.2\joda-time-2.8.2.jar;C:\Users\dung.nguyenanh\.m2\repository\org\hamcrest\hamcrest\2.2\hamcrest-2.2.jar;C:\Users\dung.nguyenanh\.m2\repository\com\google\jimfs\jimfs\1.2\jimfs-1.2.jar;C:\Users\dung.nguyenanh\.m2\repository\org\mockito\mockito-core\3.3.3\mockito-core-3.3.3.jar;C:\Users\dung.nguyenanh\.m2\repository\javax\xml\bind\jaxb-api\2.3.1\jaxb-api-2.3.1.jar;C:\Users\dung.nguyenanh\.m2\repository\javax\activation\javax.activation-api\1.2.0\javax.activation-api-1.2.0.jar;C:\Users\dung.nguyenanh\.m2\repository\com\sun\xml\bind\jaxb-core\2.3.0.1\jaxb-core-2.3.0.1.jar;C:\Users\dung.nguyenanh\.m2\repository\com\sun\xml\bind\jaxb-impl\2.3.3\jaxb-impl-2.3.3.jar;C:\Users\dung.nguyenanh\.m2\repository\jakarta\xml\bind\jakarta.xml.bind-api\2.3.3\jakarta.xml.bind-api-2.3.3.jar;C:\Users\dung.nguyenanh\.m2\repository\com\sun\activation\jakarta.activation\1.2.2\jakarta.activation-1.2.2.jar;C:\Users\dung.nguyenanh\.m2\repository\javax\activation\activation\1.1.1\activation-1.1.1.jar;C:\Users\dung.nguyenanh\.m2\repository\net\serenity-bdd\serenity-cucumber\3.2.3\serenity-cucumber-3.2.3.jar;C:\Users\dung.nguyenanh\.m2\repository\io\cucumber\cucumber-core\7.2.3\cucumber-core-7.2.3.jar;C:\Users\dung.nguyenanh\.m2\repository\io\cucumber\cucumber-gherkin\7.2.3\cucumber-gherkin-7.2.3.jar;C:\Users\dung.nguyenanh\.m2\repository\io\cucumber\cucumber-gherkin-messages\7.2.3\cucumber-gherkin-messages-7.2.3.jar;C:\Users\dung.nguyenanh\.m2\repository\io\cucumber\messages\17.1.1\messages-17.1.1.jar;C:\Users\dung.nguyenanh\.m2\repository\io\cucumber\tag-expressions\4.1.0\tag-expressions-4.1.0.jar;C:\Users\dung.nguyenanh\.m2\repository\io\cucumber\cucumber-expressions\15.0.1\cucumber-expressions-15.0.1.jar;C:\Users\dung.nguyenanh\.m2\repository\io\cucumber\datatable\7.2.3\datatable-7.2.3.jar;C:\Users\dung.nguyenanh\.m2\repository\io\cucumber\cucumber-plugin\7.2.3\cucumber-plugin-7.2.3.jar;C:\Users\dung.nguyenanh\.m2\repository\io\cucumber\docstring\7.2.3\docstring-7.2.3.jar;C:\Users\dung.nguyenanh\.m2\repository\io\cucumber\html-formatter\17.0.0\html-formatter-17.0.0.jar;C:\Users\dung.nguyenanh\.m2\repository\io\cucumber\ci-environment\8.1.0\ci-environment-8.1.0.jar;C:\Users\dung.nguyenanh\.m2\repository\io\cucumber\cucumber-junit\7.2.3\cucumber-junit-7.2.3.jar;C:\Users\dung.nguyenanh\.m2\repository\org\apiguardian\apiguardian-api\1.1.2\apiguardian-api-1.1.2.jar;C:\Users\dung.nguyenanh\.m2\repository\org\apache\commons\commons-csv\1.5\commons-csv-1.5.jar;C:\Users\dung.nguyenanh\.m2\repository\net\serenity-bdd\serenity-screenplay\3.2.3\serenity-screenplay-3.2.3.jar;C:\Users\dung.nguyenanh\.m2\repository\net\serenity-bdd\serenity-screenplay-webdriver\3.2.3\serenity-screenplay-webdriver-3.2.3.jar;C:\Users\dung.nguyenanh\.m2\repository\net\serenity-bdd\serenity-ensure\3.2.3\serenity-ensure-3.2.3.jar;C:\Users\dung.nguyenanh\.m2\repository\net\serenity-bdd\serenity-junit\3.2.3\serenity-junit-3.2.3.jar;C:\Users\dung.nguyenanh\.m2\repository\org\jetbrains\kotlin\kotlin-stdlib\1.6.0\kotlin-stdlib-1.6.0.jar;C:\Users\dung.nguyenanh\.m2\repository\org\jetbrains\annotations\13.0\annotations-13.0.jar;C:\Users\dung.nguyenanh\.m2\repository\org\jetbrains\kotlin\kotlin-stdlib-common\1.6.0\kotlin-stdlib-common-1.6.0.jar;C:\Users\dung.nguyenanh\.m2\repository\junit\junit\4.13.2\junit-4.13.2.jar;C:\Users\dung.nguyenanh\.m2\repository\org\hamcrest\hamcrest-core\1.3\hamcrest-core-1.3.jar;C:\Users\dung.nguyenanh\.m2\repository\org\projectlombok\lombok\1.18.22\lombok-1.18.22.jar;C:\Users\dung.nguyenanh\.m2\repository\ch\qos\logback\logback-classic\1.2.11\logback-classic-1.2.11.jar;C:\Users\dung.nguyenanh\.m2\repository\ch\qos\logback\logback-core\1.2.11\logback-core-1.2.11.jar;C:\Users\dung.nguyenanh\.m2\repository\org\slf4j\slf4j-api\1.7.32\slf4j-api-1.7.32.jar;C:\Users\dung.nguyenanh\.m2\repository\org\assertj\assertj-core\3.22.0\assertj-core-3.22.0.jar;C:\Users\dung.nguyenanh\.m2\repository\io\github\bonigarcia\webdrivermanager\5.1.1\webdrivermanager-5.1.1.jar;C:\Users\dung.nguyenanh\.m2\repository\com\github\docker-java\docker-java\3.2.13\docker-java-3.2.13.jar;C:\Users\dung.nguyenanh\.m2\repository\com\github\docker-java\docker-java-core\3.2.13\docker-java-core-3.2.13.jar;C:\Users\dung.nguyenanh\.m2\repository\com\github\docker-java\docker-java-api\3.2.13\docker-java-api-3.2.13.jar;C:\Users\dung.nguyenanh\.m2\repository\org\apache\commons\commons-compress\1.21\commons-compress-1.21.jar;C:\Users\dung.nguyenanh\.m2\repository\org\bouncycastle\bcpkix-jdk15on\1.64\bcpkix-jdk15on-1.64.jar;C:\Users\dung.nguyenanh\.m2\repository\org\bouncycastle\bcprov-jdk15on\1.64\bcprov-jdk15on-1.64.jar;C:\Users\dung.nguyenanh\.m2\repository\org\slf4j\jcl-over-slf4j\1.7.30\jcl-over-slf4j-1.7.30.jar;C:\Users\dung.nguyenanh\.m2\repository\com\github\docker-java\docker-java-transport-httpclient5\3.2.13\docker-java-transport-httpclient5-3.2.13.jar;C:\Users\dung.nguyenanh\.m2\repository\com\github\docker-java\docker-java-transport\3.2.13\docker-java-transport-3.2.13.jar;C:\Users\dung.nguyenanh\.m2\repository\net\java\dev\jna\jna\5.8.0\jna-5.8.0.jar;C:\Users\dung.nguyenanh\.m2\repository\org\brotli\dec\0.1.2\dec-0.1.2.jar;C:\Users\dung.nguyenanh\.m2\repository\org\apache\httpcomponents\client5\httpclient5\5.1.3\httpclient5-5.1.3.jar;C:\Users\dung.nguyenanh\.m2\repository\org\apache\httpcomponents\core5\httpcore5\5.1.3\httpcore5-5.1.3.jar;C:\Users\dung.nguyenanh\.m2\repository\org\apache\httpcomponents\core5\httpcore5-h2\5.1.3\httpcore5-h2-5.1.3.jar;C:\Users\dung.nguyenanh\.m2\repository\org\hamcrest\hamcrest-all\1.3\hamcrest-all-1.3.jar;C:\Users\dung.nguyenanh\.m2\repository\org\apache\maven\plugins\maven-failsafe-plugin\3.0.0-M5\maven-failsafe-plugin-3.0.0-M5.jar;C:\Users\dung.nguyenanh\.m2\repository\org\apache\maven\surefire\maven-surefire-common\3.0.0-M5\maven-surefire-common-3.0.0-M5.jar;C:\Users\dung.nguyenanh\.m2\repository\org\apache\maven\surefire\surefire-api\3.0.0-M5\surefire-api-3.0.0-M5.jar;C:\Users\dung.nguyenanh\.m2\repository\org\apache\maven\surefire\surefire-logger-api\3.0.0-M5\surefire-logger-api-3.0.0-M5.jar;C:\Users\dung.nguyenanh\.m2\repository\org\apache\maven\surefire\surefire-extensions-api\3.0.0-M5\surefire-extensions-api-3.0.0-M5.jar;C:\Users\dung.nguyenanh\.m2\repository\org\apache\maven\surefire\surefire-booter\3.0.0-M5\surefire-booter-3.0.0-M5.jar;C:\Users\dung.nguyenanh\.m2\repository\org\apache\maven\surefire\surefire-extensions-spi\3.0.0-M5\surefire-extensions-spi-3.0.0-M5.jar;C:\Users\dung.nguyenanh\.m2\repository\org\apache\maven\maven-toolchain\3.0-alpha-2\maven-toolchain-3.0-alpha-2.jar;C:\Users\dung.nguyenanh\.m2\repository\org\apache\maven\shared\maven-artifact-transfer\0.11.0\maven-artifact-transfer-0.11.0.jar;C:\Users\dung.nguyenanh\.m2\repository\org\apache\maven\shared\maven-common-artifact-filters\3.0.1\maven-common-artifact-filters-3.0.1.jar;C:\Users\dung.nguyenanh\.m2\repository\org\apache\maven\maven-model\3.0\maven-model-3.0.jar;C:\Users\dung.nguyenanh\.m2\repository\org\apache\maven\maven-plugin-api\3.0\maven-plugin-api-3.0.jar;C:\Users\dung.nguyenanh\.m2\repository\org\sonatype\sisu\sisu-inject-plexus\1.4.2\sisu-inject-plexus-1.4.2.jar;C:\Users\dung.nguyenanh\.m2\repository\org\codehaus\plexus\plexus-classworlds\2.2.3\plexus-classworlds-2.2.3.jar;C:\Users\dung.nguyenanh\.m2\repository\org\sonatype\sisu\sisu-inject-bean\1.4.2\sisu-inject-bean-1.4.2.jar;C:\Users\dung.nguyenanh\.m2\repository\org\sonatype\sisu\sisu-guice\2.1.7\sisu-guice-2.1.7-noaop.jar;C:\Users\dung.nguyenanh\.m2\repository\org\apache\maven\shared\maven-shared-utils\3.1.0\maven-shared-utils-3.1.0.jar;C:\Users\dung.nguyenanh\.m2\repository\org\codehaus\plexus\plexus-java\1.0.5\plexus-java-1.0.5.jar;C:\Users\dung.nguyenanh\.m2\repository\org\ow2\asm\asm\7.2\asm-7.2.jar;C:\Users\dung.nguyenanh\.m2\repository\com\thoughtworks\qdox\qdox\2.0-M9\qdox-2.0-M9.jar;C:\Users\dung.nguyenanh\.m2\repository\org\apache\maven\surefire\surefire-shared-utils\3.0.0-M4\surefire-shared-utils-3.0.0-M4.jar;"/>
    <property name="sun.cpu.endian" value="little"/>
    <property name="user.home" value="C:\Users\dung.nguyenanh"/>
    <property name="user.language" value="en"/>
    <property name="java.specification.vendor" value="Oracle Corporation"/>
    <property name="java.home" value="C:\Program Files\Java\jdk1.8.0_321\jre"/>
    <property name="basedir" value="D:\Pratice\serenity_homework"/>
    <property name="file.separator" value="\"/>
    <property name="line.separator" value="&#10;"/>
    <property name="java.vm.specification.vendor" value="Oracle Corporation"/>
    <property name="java.specification.name" value="Java Platform API Specification"/>
    <property name="java.awt.graphicsenv" value="sun.awt.Win32GraphicsEnvironment"/>
    <property name="surefire.real.class.path" value="C:\Users\dung.nguyenanh\AppData\Local\Temp\surefire8845180828841084519\surefirebooter8179992063117146486.jar"/>
    <property name="sun.boot.class.path" value="C:\Program Files\Java\jdk1.8.0_321\jre\lib\resources.jar;C:\Program Files\Java\jdk1.8.0_321\jre\lib\rt.jar;C:\Program Files\Java\jdk1.8.0_321\jre\lib\sunrsasign.jar;C:\Program Files\Java\jdk1.8.0_321\jre\lib\jsse.jar;C:\Program Files\Java\jdk1.8.0_321\jre\lib\jce.jar;C:\Program Files\Java\jdk1.8.0_321\jre\lib\charsets.jar;C:\Program Files\Java\jdk1.8.0_321\jre\lib\jfr.jar;C:\Program Files\Java\jdk1.8.0_321\jre\classes"/>
    <property name="user.script" value=""/>
    <property name="sun.management.compiler" value="HotSpot 64-Bit Tiered Compilers"/>
    <property name="java.runtime.version" value="1.8.0_321-b07"/>
    <property name="user.name" value="dung.nguyenanh"/>
    <property name="path.separator" value=";"/>
    <property name="os.version" value="10.0"/>
    <property name="java.endorsed.dirs" value="C:\Program Files\Java\jdk1.8.0_321\jre\lib\endorsed"/>
    <property name="java.runtime.name" value="Java(TM) SE Runtime Environment"/>
    <property name="file.encoding" value="Cp1252"/>
    <property name="java.vm.name" value="Java HotSpot(TM) 64-Bit Server VM"/>
    <property name="localRepository" value="C:\Users\dung.nguyenanh\.m2\repository"/>
    <property name="java.vendor.url.bug" value="http://bugreport.sun.com/bugreport/"/>
    <property name="java.io.tmpdir" value="C:\Users\DUNG~1.NGU\AppData\Local\Temp\"/>
    <property name="java.version" value="1.8.0_321"/>
    <property name="user.dir" value="D:\Pratice\serenity_homework"/>
    <property name="os.arch" value="amd64"/>
    <property name="java.vm.specification.name" value="Java Virtual Machine Specification"/>
    <property name="java.awt.printerjob" value="sun.awt.windows.WPrinterJob"/>
    <property name="sun.os.patch.level" value=""/>
    <property name="java.library.path" value="C:\Program Files\Java\jdk1.8.0_321\jre\bin;C:\Windows\Sun\Java\bin;C:\Windows\system32;C:\Windows;C:\Program Files\Common Files\Oracle\Java\javapath;C:\Program Files (x86)\Common Files\Oracle\Java\javapath;C:\Windows\system32;C:\Windows;C:\Windows\System32\Wbem;C:\Windows\System32\WindowsPowerShell\v1.0\;C:\Windows\System32\OpenSSH\;%JAVE_HOME%\bin;C:\Program Files\apache-maven-3.8.5\bin;C:\Program Files\Git\cmd;C:\Users\dung.nguyenanh\AppData\Local\Microsoft\WindowsApps;C:\Program Files (x86)\Sophos\Sophos SSL VPN Client\bin;C:\Users\dung.nguyenanh\AppData\Local\Programs\Microsoft VS Code\bin;%JAVE_HOME%\bin;C:\Program Files\apache-maven-3.8.5\bin;;."/>
    <property name="java.vm.info" value="mixed mode"/>
    <property name="java.vendor" value="Oracle Corporation"/>
    <property name="java.vm.version" value="25.321-b07"/>
    <property name="java.ext.dirs" value="C:\Program Files\Java\jdk1.8.0_321\jre\lib\ext;C:\Windows\Sun\Java\lib\ext"/>
    <property name="sun.io.unicode.encoding" value="UnicodeLittle"/>
    <property name="java.class.version" value="52.0"/>
  </properties>
  <testcase name="user login successful" classname="user login to the page successful" time="19.362">
    <system-out><![CDATA[14:16:52.544 [main] INFO io.cucumber.core.plugin.SerenityReporter - Running feature from file:///D:/Pratice/serenity_homework/src/test/resources/features.login/login_sucess.feature
14:16:52.546 [main] WARN io.cucumber.core.plugin.SerenityReporter - Feature from file:///D:/Pratice/serenity_homework/src/test/resources/features.login/login_sucess.feature is not under the 'features' directory. Requirements report will not be correctly generated!
14:16:52.719 [main] INFO  - &amp#27;[96m

-------------------------------------------------------------------------------------
     _______. _______ .______       _______ .__   __.  __  .___________.____    ____ 
    /       ||   ____||   _  \     |   ____||  \ |  | |  | |           |\   \  /   / 
   |   (----`|  |__   |  |_)  |    |  |__   |   \|  | |  | `---|  |----` \   \/   /  
    \   \    |   __|  |      /     |   __|  |  . `  | |  |     |  |       \_    _/   
.----)   |   |  |____ |  |\  \----.|  |____ |  |\   | |  |     |  |         |  |     
|_______/    |_______|| _| `._____||_______||__| \__| |__|     |__|         |__|    
                                                                                     
 News and tutorials at http://www.serenity-bdd.info                                  
 Documentation at https://wakaleo.gitbooks.io/the-serenity-book/content/             
 Join the Serenity Community on Gitter: https://gitter.im/serenity-bdd/serenity-core 
 Serenity BDD Support and Training at http://serenity-bdd.info/#/trainingandsupport  
-------------------------------------------------------------------------------------
&amp#27;[0m
14:16:52.723 [main] DEBUG net.thucydides.core.steps.StepEventBus - Test suite started for story net.thucydides.core.model.Story@b5de0373
14:16:52.727 [main] INFO  - Test Suite Started: user login to the page successful
14:16:52.749 [main] INFO io.cucumber.core.plugin.SerenityReporter - Running feature from file:///D:/Pratice/serenity_homework/src/test/resources/features.login/login_unsuccess.feature
14:16:52.749 [main] WARN io.cucumber.core.plugin.SerenityReporter - Feature from file:///D:/Pratice/serenity_homework/src/test/resources/features.login/login_unsuccess.feature is not under the 'features' directory. Requirements report will not be correctly generated!
14:16:52.755 [main] DEBUG net.thucydides.core.steps.StepEventBus - Test suite started for story net.thucydides.core.model.Story@d30bc052
14:16:52.756 [main] INFO  - Test Suite Started: user login to the page unsuccessful
14:16:52.757 [main] INFO io.cucumber.core.plugin.SerenityReporter - Running feature from file:///D:/Pratice/serenity_homework/src/test/resources/features.login/login_sucess.feature
14:16:52.757 [main] WARN io.cucumber.core.plugin.SerenityReporter - Feature from file:///D:/Pratice/serenity_homework/src/test/resources/features.login/login_sucess.feature is not under the 'features' directory. Requirements report will not be correctly generated!
14:16:52.760 [main] DEBUG net.thucydides.core.steps.StepEventBus - Test suite started for story net.thucydides.core.model.Story@b5de0373
14:16:52.760 [main] INFO  - Test Suite Started: user login to the page successful

@unit1
Scenario Outline: user login successful                                &amp#27;[90m# src/test/resources/features.login/login_sucess.feature:9&amp#27;[0m
14:16:52.865 [main] INFO io.cucumber.core.plugin.SerenityReporter - Running feature from file:///D:/Pratice/serenity_homework/src/test/resources/features.login/login_sucess.feature
14:16:52.865 [main] WARN io.cucumber.core.plugin.SerenityReporter - Feature from file:///D:/Pratice/serenity_homework/src/test/resources/features.login/login_sucess.feature is not under the 'features' directory. Requirements report will not be correctly generated!
14:16:53.096 [main] INFO  - 
  _____   ___   ___   _____     ___   _____     _     ___   _____   ___   ___  
 |_   _| | __| / __| |_   _|   / __| |_   _|   /_\   | _ \ |_   _| | __| |   \ 
   | |   | _|  \__ \   | |     \__ \   | |    / _ \  |   /   | |   | _|  | |) |
   |_|   |___| |___/   |_|     |___/   |_|   /_/ \_\ |_|_\   |_|   |___| |___/ 

user login successful(user-login-to-the-page-successful;user-login-successful)
--------------------------------------------------------------------------------
14:16:53.941 [main] DEBUG io.github.bonigarcia.wdm.cache.ResolutionCache - Removing resolution chrome=100 from cache (expired on Sun Apr 17 18:43:38 ICT 2022)
14:16:53.965 [main] DEBUG org.apache.hc.client5.http.impl.classic.InternalHttpClient - ex-0000000001 preparing request execution
14:16:53.972 [main] DEBUG org.apache.hc.client5.http.protocol.RequestAddCookies - ex-0000000001 Cookie spec selected: strict
14:16:53.977 [main] DEBUG org.apache.hc.client5.http.protocol.RequestAuthCache - ex-0000000001 Auth cache not set in the context
14:16:53.977 [main] DEBUG org.apache.hc.client5.http.impl.classic.ProtocolExec - ex-0000000001 target auth state: UNCHALLENGED
14:16:53.977 [main] DEBUG org.apache.hc.client5.http.impl.classic.ProtocolExec - ex-0000000001 proxy auth state: UNCHALLENGED
14:16:53.979 [main] DEBUG org.apache.hc.client5.http.impl.classic.ConnectExec - ex-0000000001 acquiring connection with route {s}->https://raw.githubusercontent.com:443
14:16:53.979 [main] DEBUG org.apache.hc.client5.http.impl.classic.InternalHttpClient - ex-0000000001 acquiring endpoint (3 MINUTES)
14:16:53.981 [main] DEBUG org.apache.hc.client5.http.impl.io.PoolingHttpClientConnectionManager - ex-0000000001 endpoint lease request (3 MINUTES) [route: {s}->https://raw.githubusercontent.com:443][total available: 0; route allocated: 0 of 5; total allocated: 0 of 25]
14:16:53.984 [main] DEBUG org.apache.hc.client5.http.impl.io.PoolingHttpClientConnectionManager - ex-0000000001 endpoint leased [route: {s}->https://raw.githubusercontent.com:443][total available: 0; route allocated: 1 of 5; total allocated: 1 of 25]
14:16:53.996 [main] DEBUG org.apache.hc.client5.http.impl.io.PoolingHttpClientConnectionManager - ex-0000000001 acquired ep-0000000000
14:16:53.996 [main] DEBUG org.apache.hc.client5.http.impl.classic.InternalHttpClient - ex-0000000001 acquired endpoint ep-0000000000
14:16:53.996 [main] DEBUG org.apache.hc.client5.http.impl.classic.ConnectExec - ex-0000000001 opening connection {s}->https://raw.githubusercontent.com:443
14:16:53.997 [main] DEBUG org.apache.hc.client5.http.impl.classic.InternalHttpClient - ep-0000000000 connecting endpoint (30 SECONDS)
14:16:53.997 [main] DEBUG org.apache.hc.client5.http.impl.io.PoolingHttpClientConnectionManager - ep-0000000000 connecting endpoint to https://raw.githubusercontent.com:443 (30 SECONDS)
14:16:54.036 [main] DEBUG org.apache.hc.client5.http.impl.io.DefaultHttpClientConnectionOperator - http-outgoing-0 connecting to raw.githubusercontent.com/185.199.110.133:443
14:16:54.036 [main] DEBUG org.apache.hc.client5.http.ssl.SSLConnectionSocketFactory - Connecting socket to raw.githubusercontent.com/185.199.110.133:443 with timeout 30 SECONDS
14:16:54.136 [main] DEBUG org.apache.hc.client5.http.ssl.SSLConnectionSocketFactory - Enabled protocols: [TLSv1.2]
14:16:54.136 [main] DEBUG org.apache.hc.client5.http.ssl.SSLConnectionSocketFactory - Enabled cipher suites: [TLS_ECDHE_ECDSA_WITH_AES_256_GCM_SHA384, TLS_ECDHE_ECDSA_WITH_AES_128_GCM_SHA256, TLS_ECDHE_RSA_WITH_AES_256_GCM_SHA384, TLS_ECDHE_RSA_WITH_AES_128_GCM_SHA256, TLS_DHE_RSA_WITH_AES_256_GCM_SHA384, TLS_DHE_DSS_WITH_AES_256_GCM_SHA384, TLS_DHE_RSA_WITH_AES_128_GCM_SHA256, TLS_DHE_DSS_WITH_AES_128_GCM_SHA256, TLS_ECDHE_ECDSA_WITH_AES_256_CBC_SHA384, TLS_ECDHE_RSA_WITH_AES_256_CBC_SHA384, TLS_ECDHE_ECDSA_WITH_AES_128_CBC_SHA256, TLS_ECDHE_RSA_WITH_AES_128_CBC_SHA256, TLS_DHE_RSA_WITH_AES_256_CBC_SHA256, TLS_DHE_DSS_WITH_AES_256_CBC_SHA256, TLS_DHE_RSA_WITH_AES_128_CBC_SHA256, TLS_DHE_DSS_WITH_AES_128_CBC_SHA256, TLS_ECDH_ECDSA_WITH_AES_256_GCM_SHA384, TLS_ECDH_RSA_WITH_AES_256_GCM_SHA384, TLS_ECDH_ECDSA_WITH_AES_128_GCM_SHA256, TLS_ECDH_RSA_WITH_AES_128_GCM_SHA256, TLS_ECDH_ECDSA_WITH_AES_256_CBC_SHA384, TLS_ECDH_RSA_WITH_AES_256_CBC_SHA384, TLS_ECDH_ECDSA_WITH_AES_128_CBC_SHA256, TLS_ECDH_RSA_WITH_AES_128_CBC_SHA256, TLS_ECDHE_ECDSA_WITH_AES_256_CBC_SHA, TLS_ECDHE_RSA_WITH_AES_256_CBC_SHA, TLS_ECDHE_ECDSA_WITH_AES_128_CBC_SHA, TLS_ECDHE_RSA_WITH_AES_128_CBC_SHA, TLS_DHE_RSA_WITH_AES_256_CBC_SHA, TLS_DHE_DSS_WITH_AES_256_CBC_SHA, TLS_DHE_RSA_WITH_AES_128_CBC_SHA, TLS_DHE_DSS_WITH_AES_128_CBC_SHA, TLS_ECDH_ECDSA_WITH_AES_256_CBC_SHA, TLS_ECDH_RSA_WITH_AES_256_CBC_SHA, TLS_ECDH_ECDSA_WITH_AES_128_CBC_SHA, TLS_ECDH_RSA_WITH_AES_128_CBC_SHA, TLS_RSA_WITH_AES_256_GCM_SHA384, TLS_RSA_WITH_AES_128_GCM_SHA256, TLS_RSA_WITH_AES_256_CBC_SHA256, TLS_RSA_WITH_AES_128_CBC_SHA256, TLS_RSA_WITH_AES_256_CBC_SHA, TLS_RSA_WITH_AES_128_CBC_SHA, TLS_EMPTY_RENEGOTIATION_INFO_SCSV]
14:16:54.137 [main] DEBUG org.apache.hc.client5.http.ssl.SSLConnectionSocketFactory - Starting handshake
14:16:54.358 [main] DEBUG org.apache.hc.client5.http.ssl.SSLConnectionSocketFactory - Secure session established
14:16:54.358 [main] DEBUG org.apache.hc.client5.http.ssl.SSLConnectionSocketFactory -  negotiated protocol: TLSv1.2
14:16:54.358 [main] DEBUG org.apache.hc.client5.http.ssl.SSLConnectionSocketFactory -  negotiated cipher suite: TLS_ECDHE_RSA_WITH_AES_128_GCM_SHA256
14:16:54.359 [main] DEBUG org.apache.hc.client5.http.ssl.SSLConnectionSocketFactory -  peer principal: CN=*.github.io, O="GitHub, Inc.", L=San Francisco, ST=California, C=US
14:16:54.359 [main] DEBUG org.apache.hc.client5.http.ssl.SSLConnectionSocketFactory -  peer alternative names: [*.github.io, github.com, *.github.com, www.github.com, github.io, githubusercontent.com, *.githubusercontent.com]
14:16:54.359 [main] DEBUG org.apache.hc.client5.http.ssl.SSLConnectionSocketFactory -  issuer principal: CN=DigiCert TLS RSA SHA256 2020 CA1, O=DigiCert Inc, C=US
14:16:54.360 [main] DEBUG org.apache.hc.client5.http.impl.io.DefaultHttpClientConnectionOperator - http-outgoing-0 connection established 192.168.137.230:60599<->185.199.110.133:443
14:16:54.360 [main] DEBUG org.apache.hc.client5.http.impl.io.PoolingHttpClientConnectionManager - ep-0000000000 connected http-outgoing-0
14:16:54.360 [main] DEBUG org.apache.hc.client5.http.impl.classic.InternalHttpClient - ep-0000000000 endpoint connected
14:16:54.361 [main] DEBUG org.apache.hc.client5.http.impl.classic.MainClientExec - ex-0000000001 executing GET /bonigarcia/webdrivermanager/master/src/main/resources/commands.properties HTTP/1.1
14:16:54.361 [main] DEBUG org.apache.hc.client5.http.impl.classic.InternalHttpClient - ep-0000000000 start execution ex-0000000001
14:16:54.361 [main] DEBUG org.apache.hc.client5.http.impl.io.PoolingHttpClientConnectionManager - ep-0000000000 executing exchange ex-0000000001 over http-outgoing-0
14:16:54.361 [main] DEBUG org.apache.hc.client5.http.headers - http-outgoing-0 >> GET /bonigarcia/webdrivermanager/master/src/main/resources/commands.properties HTTP/1.1
14:16:54.361 [main] DEBUG org.apache.hc.client5.http.headers - http-outgoing-0 >> user-agent: Apache-HttpClient/5.0
14:16:54.361 [main] DEBUG org.apache.hc.client5.http.headers - http-outgoing-0 >> accept-encoding: gzip, deflate, br
14:16:54.362 [main] DEBUG org.apache.hc.client5.http.headers - http-outgoing-0 >> cache-control: max-age=0
14:16:54.362 [main] DEBUG org.apache.hc.client5.http.headers - http-outgoing-0 >> connection: keep-alive
14:16:54.362 [main] DEBUG org.apache.hc.client5.http.headers - http-outgoing-0 >> Host: raw.githubusercontent.com
14:16:54.363 [main] DEBUG org.apache.hc.client5.http.wire - http-outgoing-0 >> "GET /bonigarcia/webdrivermanager/master/src/main/resources/commands.properties HTTP/1.1[\r][\n]"
14:16:54.363 [main] DEBUG org.apache.hc.client5.http.wire - http-outgoing-0 >> "user-agent: Apache-HttpClient/5.0[\r][\n]"
14:16:54.363 [main] DEBUG org.apache.hc.client5.http.wire - http-outgoing-0 >> "accept-encoding: gzip, deflate, br[\r][\n]"
14:16:54.363 [main] DEBUG org.apache.hc.client5.http.wire - http-outgoing-0 >> "cache-control: max-age=0[\r][\n]"
14:16:54.363 [main] DEBUG org.apache.hc.client5.http.wire - http-outgoing-0 >> "connection: keep-alive[\r][\n]"
14:16:54.363 [main] DEBUG org.apache.hc.client5.http.wire - http-outgoing-0 >> "Host: raw.githubusercontent.com[\r][\n]"
14:16:54.363 [main] DEBUG org.apache.hc.client5.http.wire - http-outgoing-0 >> "[\r][\n]"
14:16:54.400 [main] DEBUG org.apache.hc.client5.http.wire - http-outgoing-0 << "HTTP/1.1 200 OK[\r][\n]"
14:16:54.400 [main] DEBUG org.apache.hc.client5.http.wire - http-outgoing-0 << "Connection: keep-alive[\r][\n]"
14:16:54.400 [main] DEBUG org.apache.hc.client5.http.wire - http-outgoing-0 << "Content-Length: 723[\r][\n]"
14:16:54.400 [main] DEBUG org.apache.hc.client5.http.wire - http-outgoing-0 << "Cache-Control: max-age=300[\r][\n]"
14:16:54.400 [main] DEBUG org.apache.hc.client5.http.wire - http-outgoing-0 << "Content-Security-Policy: default-src 'none'; style-src 'unsafe-inline'; sandbox[\r][\n]"
14:16:54.400 [main] DEBUG org.apache.hc.client5.http.wire - http-outgoing-0 << "Content-Type: text/plain; charset=utf-8[\r][\n]"
14:16:54.400 [main] DEBUG org.apache.hc.client5.http.wire - http-outgoing-0 << "ETag: W/"e82b438271e9e8680c688b0b680efd0bdd22faa6d6f0a32fc1fd8accc486b67e"[\r][\n]"
14:16:54.400 [main] DEBUG org.apache.hc.client5.http.wire - http-outgoing-0 << "Strict-Transport-Security: max-age=31536000[\r][\n]"
14:16:54.400 [main] DEBUG org.apache.hc.client5.http.wire - http-outgoing-0 << "X-Content-Type-Options: nosniff[\r][\n]"
14:16:54.400 [main] DEBUG org.apache.hc.client5.http.wire - http-outgoing-0 << "X-Frame-Options: deny[\r][\n]"
14:16:54.400 [main] DEBUG org.apache.hc.client5.http.wire - http-outgoing-0 << "X-XSS-Protection: 1; mode=block[\r][\n]"
14:16:54.400 [main] DEBUG org.apache.hc.client5.http.wire - http-outgoing-0 << "X-GitHub-Request-Id: A656:3999:2DEFF8:425205:625C8086[\r][\n]"
14:16:54.400 [main] DEBUG org.apache.hc.client5.http.wire - http-outgoing-0 << "Content-Encoding: gzip[\r][\n]"
14:16:54.400 [main] DEBUG org.apache.hc.client5.http.wire - http-outgoing-0 << "Accept-Ranges: bytes[\r][\n]"
14:16:54.400 [main] DEBUG org.apache.hc.client5.http.wire - http-outgoing-0 << "Date: Mon, 18 Apr 2022 07:16:54 GMT[\r][\n]"
14:16:54.400 [main] DEBUG org.apache.hc.client5.http.wire - http-outgoing-0 << "Via: 1.1 varnish[\r][\n]"
14:16:54.400 [main] DEBUG org.apache.hc.client5.http.wire - http-outgoing-0 << "X-Served-By: cache-hkg17931-HKG[\r][\n]"
14:16:54.400 [main] DEBUG org.apache.hc.client5.http.wire - http-outgoing-0 << "X-Cache: HIT[\r][\n]"
14:16:54.400 [main] DEBUG org.apache.hc.client5.http.wire - http-outgoing-0 << "X-Cache-Hits: 1[\r][\n]"
14:16:54.400 [main] DEBUG org.apache.hc.client5.http.wire - http-outgoing-0 << "X-Timer: S1650266214.378697,VS0,VE1[\r][\n]"
14:16:54.400 [main] DEBUG org.apache.hc.client5.http.wire - http-outgoing-0 << "Vary: Authorization,Accept-Encoding,Origin[\r][\n]"
14:16:54.400 [main] DEBUG org.apache.hc.client5.http.wire - http-outgoing-0 << "Access-Control-Allow-Origin: *[\r][\n]"
14:16:54.400 [main] DEBUG org.apache.hc.client5.http.wire - http-outgoing-0 << "X-Fastly-Request-ID: 80d4b9275e7256f3e58d5f599567796957ffcc30[\r][\n]"
14:16:54.401 [main] DEBUG org.apache.hc.client5.http.wire - http-outgoing-0 << "Expires: Mon, 18 Apr 2022 07:21:54 GMT[\r][\n]"
14:16:54.401 [main] DEBUG org.apache.hc.client5.http.wire - http-outgoing-0 << "Source-Age: 5[\r][\n]"
14:16:54.401 [main] DEBUG org.apache.hc.client5.http.wire - http-outgoing-0 << "[\r][\n]"
14:16:54.405 [main] DEBUG org.apache.hc.client5.http.headers - http-outgoing-0 << HTTP/1.1 200 OK
14:16:54.405 [main] DEBUG org.apache.hc.client5.http.headers - http-outgoing-0 << Connection: keep-alive
14:16:54.405 [main] DEBUG org.apache.hc.client5.http.headers - http-outgoing-0 << Content-Length: 723
14:16:54.405 [main] DEBUG org.apache.hc.client5.http.headers - http-outgoing-0 << Cache-Control: max-age=300
14:16:54.405 [main] DEBUG org.apache.hc.client5.http.headers - http-outgoing-0 << Content-Security-Policy: default-src 'none'; style-src 'unsafe-inline'; sandbox
14:16:54.405 [main] DEBUG org.apache.hc.client5.http.headers - http-outgoing-0 << Content-Type: text/plain; charset=utf-8
14:16:54.405 [main] DEBUG org.apache.hc.client5.http.headers - http-outgoing-0 << ETag: W/"e82b438271e9e8680c688b0b680efd0bdd22faa6d6f0a32fc1fd8accc486b67e"
14:16:54.405 [main] DEBUG org.apache.hc.client5.http.headers - http-outgoing-0 << Strict-Transport-Security: max-age=31536000
14:16:54.405 [main] DEBUG org.apache.hc.client5.http.headers - http-outgoing-0 << X-Content-Type-Options: nosniff
14:16:54.406 [main] DEBUG org.apache.hc.client5.http.headers - http-outgoing-0 << X-Frame-Options: deny
14:16:54.406 [main] DEBUG org.apache.hc.client5.http.headers - http-outgoing-0 << X-XSS-Protection: 1; mode=block
14:16:54.406 [main] DEBUG org.apache.hc.client5.http.headers - http-outgoing-0 << X-GitHub-Request-Id: A656:3999:2DEFF8:425205:625C8086
14:16:54.406 [main] DEBUG org.apache.hc.client5.http.headers - http-outgoing-0 << Content-Encoding: gzip
14:16:54.406 [main] DEBUG org.apache.hc.client5.http.headers - http-outgoing-0 << Accept-Ranges: bytes
14:16:54.406 [main] DEBUG org.apache.hc.client5.http.headers - http-outgoing-0 << Date: Mon, 18 Apr 2022 07:16:54 GMT
14:16:54.406 [main] DEBUG org.apache.hc.client5.http.headers - http-outgoing-0 << Via: 1.1 varnish
14:16:54.406 [main] DEBUG org.apache.hc.client5.http.headers - http-outgoing-0 << X-Served-By: cache-hkg17931-HKG
14:16:54.406 [main] DEBUG org.apache.hc.client5.http.headers - http-outgoing-0 << X-Cache: HIT
14:16:54.406 [main] DEBUG org.apache.hc.client5.http.headers - http-outgoing-0 << X-Cache-Hits: 1
14:16:54.406 [main] DEBUG org.apache.hc.client5.http.headers - http-outgoing-0 << X-Timer: S1650266214.378697,VS0,VE1
14:16:54.406 [main] DEBUG org.apache.hc.client5.http.headers - http-outgoing-0 << Vary: Authorization,Accept-Encoding,Origin
14:16:54.406 [main] DEBUG org.apache.hc.client5.http.headers - http-outgoing-0 << Access-Control-Allow-Origin: *
14:16:54.406 [main] DEBUG org.apache.hc.client5.http.headers - http-outgoing-0 << X-Fastly-Request-ID: 80d4b9275e7256f3e58d5f599567796957ffcc30
14:16:54.406 [main] DEBUG org.apache.hc.client5.http.headers - http-outgoing-0 << Expires: Mon, 18 Apr 2022 07:21:54 GMT
14:16:54.406 [main] DEBUG org.apache.hc.client5.http.headers - http-outgoing-0 << Source-Age: 5
14:16:54.410 [main] DEBUG org.apache.hc.client5.http.impl.classic.MainClientExec - ex-0000000001 connection can be kept alive for 3 MINUTES
14:16:54.421 [main] DEBUG org.apache.hc.client5.http.wire - http-outgoing-0 << "[0x1f][0xffffff8b][0x8][0x0][0x0][0x0][0x0][0x0][0x0][0x3][0xffffffb5]V]o[0xffffffda]0[0x14]}[0xffffffe7]W\[0xffffff81]*[0xffffffb5][0x12][0x1f][[M[0xffffffd3]$[0x1e]hF[0xffffffbb]i [0x18][0xffffffb4][0xffffffdd]&[0xfffffff9][0xffffffc5]$7[0xffffffc1]R[0x12]#;[0xffffff94]v[0xffffffbf]~[0xffffffb6][0xfffffff3]1[0xffffff92][0xffffff9a][0xffffffc1][0x1a]x[0xffffffcb][0xffffffb5][0xffffffaf][0xffffffcf]9[0xffffffbe][0xfffffff7]8v[0xb][0x1c][0x1e]E4[0xfffffff6]$x4[0xffffffa1][0xb]*[0xffffffb1][0xffffffd1][0xffffff82][0xfffffffb]%[0xffffff93][0xffffffe0][0xffffffb3][0x10][0xffffffc1][0xffffffe5]qBY,!Y[0xffffffea] KM8,[0x10][0xfffffff0][0x19][0xffffffdd]u[0xffffff82][0x1e][0xffffffb0][0xffffffd8]L[0xffffffcb]%[0xffffff86][0xffffffa1][0xe][0xffffffb8][0xfffffff0]P[0xffffffe8]$[0xf][0x13]t[0x13]3[0xfffffff9][0xffffff84]B2[0xffffffae][0xffffffe6]|@[0xfffffff5][0x1d][0x8][0xffffffc4][0x18][0x16][0xffffff82]o[0xffffffa4][0xffffff9a]P[0xffffff94][0xffffffe7][0xffffffce]R[0xfffffff0][0x8][0xffffffdb]p[0xffffffcb][0x4][0xfffffffa][0xfffffffc][0xffffffb9][\r][0xffffff93][0x15][\n]"
14:16:54.421 [main] DEBUG org.apache.hc.client5.http.wire - http-outgoing-0 << "[0xffffffda][0xffffff86][0xffffffa1][0x17][0xffffffa8]Q3[0xffffffcb][0xffffffd6][0xffffffd1][0xffffff85][0xffffffc6][0xfffffff7][0xffffff98][0xffffffef][0xffffffa3][0xffffffc0]8[0x1][0xffffffae]s[0x12][0x16][0x7] _d[0xffffff82][0xffffff91][0xffffff84][0xfffffff3][0x1f],[0xfffffff6][0x14]j[0x1b]F,^+[0xffffff98]1ua2[0xffffffbf]h([0xffffff8e][0xffffff94][0xffffffa2][0xffffff91]m[0xffffffa3][0xffffffeb][0xffffff9a][0xffffffb0][0xffffffbb]I[0x17]t[0xffffffdf][0xffffffbd][0xffffffef][0xffffffbb][0xffffff91][0xffffffd7]U[0xffffffbb][0xffffff82][0xffffff9e][0x3][0xffffff9b][0xffffff88][0xffffffb9][0xffffffa6]$[0xffffffa6][0xc][0xffffff9b][0xffffffa5][0xffffffe2][0xffffff83][0xffffff98]F[0xffffffd8]o[0xffffff9e]Mg[0xffffff93][0xffffffbb][0xffffffd9]`|[0xfffffffb]u4[0xffffff9c][0x7f]"}B[0xffffffce][0x8][0xffffffb9][0xffffffe3]<[0x8][0xffffff91][0xffffff90][0xffffff94][0xffffff82][0xffffff90][0xffffffc1]j[0x15]2WI[0xffffffe3]1![0x19][0xffffff91]BnB[0xffffff80][0x9]<f[0xffffffb5][0xffffffe8]=[0xffffffd1]p[0xffffffbd][[0xffffffcf][0xffffffe5][0x1b][0xfffffff4][0xffffff9c][0xffffffff][0xfffffffc][0xfffffff8][0xffffffe1][0xffffffe2][0xffffff94][0xffffffa2][0xffffffae][0xe][0x14]5[0xffffff9a]8[0xffffff83][0xffffffd1]`:[0xfffffffd]<[0xffffffb8][0x1f][0xffffff9c]R[0xffffffcf]u[0x7f]6[0xffffffbc][0xffffff83][0xffffffef][0xf][0xffffffc3][0xffffffd9]/[0xfffffff8][0xfffffff2][0xffffffcd]y s[0xffffffee]'[0x1b]*0g[0xffffffcb][0xffffffc8]nF7H][0xffffff83][0xffffff97]{[0xffffffb1]Q[0x5][\r][0xffffffb5]c[0xffffffb4][0xf][0x2][0xffffffb3][0xffffffb4][0xffffff93][0xe]C[0xffffffa7][0xffffffb3]kAD][0xffffff9d][0xffffffde][0xffffffdb][0xffffffda][0xffffff88][0xffffffec][0xffffffa5][0xffffffbc][0xffffff99][0xffffffd9][0xffffffba]t[0xffffffb5][0xffffffea]9[0xffffffea][0x10])[0xffffffb7][0xffffffca][0xffffff9e][0xfffffff2][0xffffffe2]d^N[0xffffffd8]FW[0x16][0xffffffcd][0xffffffdc]_[0x10][0xfffffff9]i|[0x1c][0xffffff93][0xffffff8e][0xfffffff9]o[0x16][0xffffff86]4'!$G[0xffffffdf]W[0xfffffff4]W*j[[0xfffffff3]xR[0xffffffae][0xffffffb6][0xc][0xffffffd0],; #[0xffffffa9][0xffffff92]5[0xffffffb5][0x7][0xffffff9c][0xffffffb5][0xffffffd0][0x7f][0xffffff90][0xffffffc7]jgs[0xfffffffc][0xffffffc2][0xb][0xffffffd9][0x0]t[0xffffff9e]^'Y[0xfffffffb][0xffffff9f][0xffffffb1][0xffffffd8]:[0xffffffbf][0xffffff8d][0xffffffa5][0xffffff9a][0xffffffad][0x7f]m[0x5]&[0xffffffaa][0xffffffa0]^[0xffffff9b][0xffffffcb][0x5]f[0xffffffae][0xffffffe0]RU[0xffffff82][0x10]MS9l[0xffffff91]4t[0xfffffffb][0xffffff8a]][0xffffffd6][0xfffffff4][0xffffff96][0xffffffa6][0xffffff9f]P[0xffffffce][0xffffffd5][0xffffffce][0xffffff93][0xffffffff][0xffffff97][0xffffffcc]p[0xfffffffd][0xfffffff3][0xffffffe8][0x1b][0xffffffcc][0xffffffa2][0xffffffd9]Q[0xffffffbe][0xffffffb2][0xffffffa3][0xffffffc7]m'[0xffffffdf][0xffffffe4][[0xfffffffb]^[0xffffffb0][0xffffff9a][0xffffffbe][0xffffffda][0xffffffda]_[0xffffffce][0xffffff80][0xffffffd2][0xffffffc1]7[0xffffffb7]][0xffffffc1]b[0xffffffee][0xffffffb5][0xffffffff]w[0xffffff83][0xffffffed][0xffffffa7];[0x15]<[0x10]4[0xffffff92][0xffffff84][0x18][\n]"
14:16:54.421 [main] DEBUG org.apache.hc.client5.http.wire - http-outgoing-0 << "BB[0xffffffba][0xffffff8e]][0xffffffb5]jo[0xffffffb9]+"[0xffffffea][0xffffffb4][0xffffffff]h"[0xffffffea]\?5[0xffffffa9][0xffffffaf]k[0xffffffec][0xffffffff]P[0xffffffea][\n]"
14:16:54.421 [main] DEBUG org.apache.hc.client5.http.wire - http-outgoing-0 << "w[0xffffffe1]K[0x13][0xffffffda][0xffffffec][0xffffff98][0xffffffe6]Y[0xfffffffd]h8m6[0xffffff9c]T[0xffffffc1][0xfffffff2][0xffffffa7][0xffffff91]z_[0xffffff95]o85p[0x1c][0x13][0xffffffe6][0xfffffff0]5[0xffffffee][0xfffffffc][0xffffff92][0xffffff96][0xffffffda][0xfffffff7][0xffffffcf][0xffffffb1][0x5][0x1d][0xffffffea]K[0xffffff9b]9[0xffffff8e][0xffffffad]e[0xfffffff7][0xffffff93][0xffffffa8]`[0xffffffda][0xffffffff][0x1a][0xffffffd2][0xffffff88][0xffffff85][0xfffffffd][0xfffffff2][0xffffff91]N[0xfffffff6]`[0xffffffdf]2[0xffffffcf][0xffffffae]E[0xffffff97][0xffffffc5][0xffffffa2][0xffffff9d][0xffffffef]'[0xffffff9d]mun.[0xffffffd3]f^[0xffffffc7][0xffffff82][0xffffffda][0xffffff82]9[0xfffffff5][0xffffffa9]`[0x5][0xffffffbc]4[0xffffffa1][0x1d]<M[0xffffffb5]A[0xffffffa7]3[[0xffffffc0][0x7f][0x0][0xffffffc1][0xffffffd0]$[0xffffff85][0x1d][\r][0x0][0x0]"
14:16:54.422 [main] DEBUG org.apache.hc.client5.http.impl.classic.InternalHttpClient - ep-0000000000 releasing valid endpoint
14:16:54.422 [main] DEBUG org.apache.hc.client5.http.impl.io.PoolingHttpClientConnectionManager - ep-0000000000 releasing endpoint
14:16:54.423 [main] DEBUG org.apache.hc.client5.http.impl.io.PoolingHttpClientConnectionManager - ep-0000000000 connection http-outgoing-0 can be kept alive for 3 MINUTES
14:16:54.423 [main] DEBUG org.apache.hc.client5.http.impl.io.PoolingHttpClientConnectionManager - ep-0000000000 connection released [route: {s}->https://raw.githubusercontent.com:443][total available: 1; route allocated: 1 of 5; total allocated: 1 of 25]
14:16:54.423 [main] DEBUG io.github.bonigarcia.wdm.versions.VersionDetector - Detecting chrome version using online commands.properties
14:16:54.425 [main] DEBUG io.github.bonigarcia.wdm.versions.Shell - Running command on the shell: [cmd.exe, /C, wmic, datafile, where, name="%PROGRAMFILES:\=\\%\\Google\\Chrome\\Application\\chrome.exe", get, Version, /value]
14:16:54.839 [main] DEBUG io.github.bonigarcia.wdm.versions.Shell - Result: Version=100.0.4896.88
14:16:54.840 [main] DEBUG io.github.bonigarcia.wdm.cache.ResolutionCache - Resolution chrome100=100.0.4896.60 in cache (valid until 14:28:32 18/04/2022 ICT)
14:16:54.841 [main] INFO io.github.bonigarcia.wdm.WebDriverManager - Using chromedriver 100.0.4896.60 (resolved driver for Chrome 100)
14:16:54.842 [main] DEBUG io.github.bonigarcia.wdm.cache.ResolutionCache - Storing resolution chrome=100 in cache (valid until 15:16:54 18/04/2022 ICT)
14:16:54.866 [main] DEBUG io.github.bonigarcia.wdm.WebDriverManager - Driver chromedriver 100.0.4896.60 found in cache
14:16:54.867 [main] INFO io.github.bonigarcia.wdm.WebDriverManager - Exporting webdriver.chrome.driver as C:\Users\dung.nguyenanh\.cache\selenium\chromedriver\win32\100.0.4896.60\chromedriver.exe
14:16:54.895 [main] INFO net.serenitybdd.core.webdriver.driverproviders.ChromeDriverProvider - Using automatically driver download
14:16:55.248 [main] DEBUG io.github.bonigarcia.wdm.cache.ResolutionCache - Resolution chrome=100 in cache (valid until 15:16:54 18/04/2022 ICT)
14:16:55.249 [main] DEBUG io.github.bonigarcia.wdm.cache.ResolutionCache - Resolution chrome100=100.0.4896.60 in cache (valid until 14:28:32 18/04/2022 ICT)
14:16:55.249 [main] INFO io.github.bonigarcia.wdm.WebDriverManager - Using chromedriver 100.0.4896.60 (resolved driver for Chrome 100)
14:16:55.254 [main] DEBUG io.github.bonigarcia.wdm.WebDriverManager - Driver chromedriver 100.0.4896.60 found in cache
14:16:55.255 [main] INFO io.github.bonigarcia.wdm.WebDriverManager - Exporting webdriver.chrome.driver as C:\Users\dung.nguyenanh\.cache\selenium\chromedriver\win32\100.0.4896.60\chromedriver.exe
14:16:55.370 [main] DEBUG net.thucydides.core.reflection.ClassFinder - Could not load class .cucumber.CommonStepDefs
14:16:55.370 [main] DEBUG net.thucydides.core.reflection.ClassFinder - Could not load class .cucumber.HomeStepDefs
14:16:55.370 [main] DEBUG net.thucydides.core.reflection.ClassFinder - Could not load class .cucumber.Hooks
14:16:55.370 [main] DEBUG net.thucydides.core.reflection.ClassFinder - Could not load class .cucumber.LoginStepDefs
14:16:55.370 [main] DEBUG net.thucydides.core.reflection.ClassFinder - Could not load class .pages.HomePage
14:16:55.370 [main] DEBUG net.thucydides.core.reflection.ClassFinder - Could not load class .pages.LoginPage
14:16:55.370 [main] DEBUG net.thucydides.core.reflection.ClassFinder - Could not load class .runners.Runner
14:16:55.370 [main] DEBUG net.thucydides.core.reflection.ClassFinder - Could not load class .runners.UnitTestRunner
14:16:55.370 [main] DEBUG net.thucydides.core.reflection.ClassFinder - Could not load class .serenity.CommonStepLibraries
14:16:55.370 [main] DEBUG net.thucydides.core.reflection.ClassFinder - Could not load class .serenity.HomeStepLibraries
14:16:55.370 [main] DEBUG net.thucydides.core.reflection.ClassFinder - Could not load class .serenity.LoginStepLibraries
14:16:55.476 [main] DEBUG net.serenitybdd.core.webdriver.driverproviders.ProvideNewDriver - Instantiating driver
14:16:55.476 [main] DEBUG net.serenitybdd.core.webdriver.driverproviders.ProvideNewDriver - Driver capabilities: Capabilities {acceptInsecureCerts: false, autodownload: true, base.url: https://demo.guru99.com/V1/..., browserName: chrome, driver: chrome, goog:chromeOptions: {args: [], extensions: []}}
14:16:55.557 [main] DEBUG io.netty.util.internal.logging.InternalLoggerFactory - Using SLF4J as the default logging framework
14:16:55.560 [main] DEBUG io.netty.util.ResourceLeakDetector - -Dio.netty.leakDetection.level: simple
14:16:55.560 [main] DEBUG io.netty.util.ResourceLeakDetector - -Dio.netty.leakDetection.targetRecords: 4
14:16:55.563 [main] DEBUG io.netty.util.ResourceLeakDetectorFactory - Loaded default ResourceLeakDetector: io.netty.util.ResourceLeakDetector@474821de
14:16:55.579 [main] DEBUG io.netty.util.internal.PlatformDependent0 - -Dio.netty.noUnsafe: false
14:16:55.579 [main] DEBUG io.netty.util.internal.PlatformDependent0 - Java version: 8
14:16:55.580 [main] DEBUG io.netty.util.internal.PlatformDependent0 - sun.misc.Unsafe.theUnsafe: available
14:16:55.581 [main] DEBUG io.netty.util.internal.PlatformDependent0 - sun.misc.Unsafe.copyMemory: available
14:16:55.581 [main] DEBUG io.netty.util.internal.PlatformDependent0 - java.nio.Buffer.address: available
14:16:55.581 [main] DEBUG io.netty.util.internal.PlatformDependent0 - direct buffer constructor: available
14:16:55.582 [main] DEBUG io.netty.util.internal.PlatformDependent0 - java.nio.Bits.unaligned: available, true
14:16:55.582 [main] DEBUG io.netty.util.internal.PlatformDependent0 - jdk.internal.misc.Unsafe.allocateUninitializedArray(int): unavailable prior to Java9
14:16:55.582 [main] DEBUG io.netty.util.internal.PlatformDependent0 - java.nio.DirectByteBuffer.<init>(long, int): available
14:16:55.582 [main] DEBUG io.netty.util.internal.PlatformDependent - sun.misc.Unsafe: available
14:16:55.583 [main] DEBUG io.netty.util.internal.PlatformDependent - -Dio.netty.tmpdir: C:\Users\DUNG~1.NGU\AppData\Local\Temp (java.io.tmpdir)
14:16:55.583 [main] DEBUG io.netty.util.internal.PlatformDependent - -Dio.netty.bitMode: 64 (sun.arch.data.model)
14:16:55.583 [main] DEBUG io.netty.util.internal.PlatformDependent - Platform: Windows
14:16:55.583 [main] DEBUG io.netty.util.internal.PlatformDependent - -Dio.netty.maxDirectMemory: 5667028992 bytes
14:16:55.583 [main] DEBUG io.netty.util.internal.PlatformDependent - -Dio.netty.uninitializedArrayAllocationThreshold: -1
14:16:55.584 [main] DEBUG io.netty.util.internal.CleanerJava6 - java.nio.ByteBuffer.cleaner(): available
14:16:55.584 [main] DEBUG io.netty.util.internal.PlatformDependent - -Dio.netty.noPreferDirect: false
14:16:55.591 [main] DEBUG io.netty.util.internal.PlatformDependent - org.jctools-core.MpscChunkedArrayQueue: available
14:16:55.613 [main] DEBUG io.netty.util.internal.InternalThreadLocalMap - -Dio.netty.threadLocalMap.stringBuilder.initialSize: 1024
14:16:55.613 [main] DEBUG io.netty.util.internal.InternalThreadLocalMap - -Dio.netty.threadLocalMap.stringBuilder.maxSize: 4096
14:16:55.628 [main] DEBUG io.netty.handler.ssl.JdkSslContext - Default protocols (JDK): [TLSv1.2] 
14:16:55.628 [main] DEBUG io.netty.handler.ssl.JdkSslContext - Default cipher suites (JDK): [TLS_ECDHE_ECDSA_WITH_AES_256_GCM_SHA384, TLS_ECDHE_ECDSA_WITH_AES_128_GCM_SHA256, TLS_ECDHE_RSA_WITH_AES_128_GCM_SHA256, TLS_ECDHE_RSA_WITH_AES_256_GCM_SHA384, TLS_ECDHE_RSA_WITH_AES_128_CBC_SHA, TLS_ECDHE_RSA_WITH_AES_256_CBC_SHA, TLS_RSA_WITH_AES_128_GCM_SHA256, TLS_RSA_WITH_AES_128_CBC_SHA, TLS_RSA_WITH_AES_256_CBC_SHA, TLS_AES_128_GCM_SHA256, TLS_AES_256_GCM_SHA384]
14:16:55.689 [main] DEBUG io.netty.channel.MultithreadEventLoopGroup - -Dio.netty.eventLoopThreads: 16
14:16:55.696 [main] DEBUG io.netty.channel.nio.NioEventLoop - -Dio.netty.noKeySetOptimization: false
14:16:55.696 [main] DEBUG io.netty.channel.nio.NioEventLoop - -Dio.netty.selectorAutoRebuildThreshold: 512
14:16:55.733 [main] DEBUG io.netty.buffer.PooledByteBufAllocator - -Dio.netty.allocator.numHeapArenas: 16
14:16:55.733 [main] DEBUG io.netty.buffer.PooledByteBufAllocator - -Dio.netty.allocator.numDirectArenas: 16
14:16:55.733 [main] DEBUG io.netty.buffer.PooledByteBufAllocator - -Dio.netty.allocator.pageSize: 8192
14:16:55.733 [main] DEBUG io.netty.buffer.PooledByteBufAllocator - -Dio.netty.allocator.maxOrder: 9
14:16:55.733 [main] DEBUG io.netty.buffer.PooledByteBufAllocator - -Dio.netty.allocator.chunkSize: 4194304
14:16:55.733 [main] DEBUG io.netty.buffer.PooledByteBufAllocator - -Dio.netty.allocator.smallCacheSize: 256
14:16:55.733 [main] DEBUG io.netty.buffer.PooledByteBufAllocator - -Dio.netty.allocator.normalCacheSize: 64
14:16:55.733 [main] DEBUG io.netty.buffer.PooledByteBufAllocator - -Dio.netty.allocator.maxCachedBufferCapacity: 32768
14:16:55.733 [main] DEBUG io.netty.buffer.PooledByteBufAllocator - -Dio.netty.allocator.cacheTrimInterval: 8192
14:16:55.733 [main] DEBUG io.netty.buffer.PooledByteBufAllocator - -Dio.netty.allocator.cacheTrimIntervalMillis: 0
14:16:55.733 [main] DEBUG io.netty.buffer.PooledByteBufAllocator - -Dio.netty.allocator.useCacheForAllThreads: false
14:16:55.733 [main] DEBUG io.netty.buffer.PooledByteBufAllocator - -Dio.netty.allocator.maxCachedByteBuffersPerChunk: 1023
14:16:55.742 [main] DEBUG io.netty.buffer.ByteBufUtil - -Dio.netty.allocator.type: pooled
14:16:55.742 [main] DEBUG io.netty.buffer.ByteBufUtil - -Dio.netty.threadLocalDirectBufferSize: 0
14:16:55.742 [main] DEBUG io.netty.buffer.ByteBufUtil - -Dio.netty.maxThreadLocalCharBufferSize: 16384
14:16:57.588 [Forwarding newSession on session null to remote] DEBUG io.netty.channel.DefaultChannelId - -Dio.netty.processId: 79856 (auto-detected)
14:16:57.590 [Forwarding newSession on session null to remote] DEBUG io.netty.util.NetUtil - -Djava.net.preferIPv4Stack: false
14:16:57.590 [Forwarding newSession on session null to remote] DEBUG io.netty.util.NetUtil - -Djava.net.preferIPv6Addresses: false
14:16:57.732 [Forwarding newSession on session null to remote] DEBUG io.netty.util.NetUtilInitializations - Loopback interface: lo (Software Loopback Interface 1, 127.0.0.1)
14:16:57.733 [Forwarding newSession on session null to remote] DEBUG io.netty.util.NetUtil - Failed to get SOMAXCONN from sysctl and file \proc\sys\net\core\somaxconn. Default: 200
14:16:57.892 [Forwarding newSession on session null to remote] DEBUG io.netty.channel.DefaultChannelId - -Dio.netty.machineId: bc:09:1b:ff:fe:5e:eb:29 (auto-detected)
14:16:57.947 [AsyncHttpClient-1-2] DEBUG io.netty.buffer.AbstractByteBuf - -Dio.netty.buffer.checkAccessible: true
14:16:57.947 [AsyncHttpClient-1-2] DEBUG io.netty.buffer.AbstractByteBuf - -Dio.netty.buffer.checkBounds: true
14:16:57.947 [AsyncHttpClient-1-2] DEBUG io.netty.util.ResourceLeakDetectorFactory - Loaded default ResourceLeakDetector: io.netty.util.ResourceLeakDetector@2e6c3a95
14:16:57.964 [AsyncHttpClient-1-2] DEBUG org.asynchttpclient.netty.channel.NettyConnectListener - Using new Channel '[id: 0xd4c7727e, L:/127.0.0.1:60636 - R:localhost/127.0.0.1:55785]' for 'POST' to '/session'
14:16:57.984 [AsyncHttpClient-1-2] DEBUG io.netty.util.Recycler - -Dio.netty.recycler.maxCapacityPerThread: 4096
14:16:57.984 [AsyncHttpClient-1-2] DEBUG io.netty.util.Recycler - -Dio.netty.recycler.ratio: 8
14:16:57.984 [AsyncHttpClient-1-2] DEBUG io.netty.util.Recycler - -Dio.netty.recycler.chunkSize: 32
14:16:57.984 [AsyncHttpClient-1-2] DEBUG io.netty.util.Recycler - -Dio.netty.recycler.blocking: false
14:17:01.397 [AsyncHttpClient-1-2] DEBUG io.netty.handler.codec.compression.Brotli - brotli4j not in the classpath; Brotli support will be unavailable.
14:17:01.397 [AsyncHttpClient-1-2] DEBUG org.asynchttpclient.netty.handler.HttpHandler - 

Request DefaultHttpRequest(decodeResult: success, version: HTTP/1.1)
POST /session HTTP/1.1
User-Agent: selenium/4.1.3 (java windows)
Content-Length: 563
Content-Type: application/json; charset=utf-8
host: localhost:55785
accept: */*

Response DefaultHttpResponse(decodeResult: success, version: HTTP/1.1)
HTTP/1.1 200 OK
Content-Type: application/json; charset=utf-8
cache-control: no-cache
content-length: 794

14:17:01.409 [AsyncHttpClient-1-2] DEBUG org.asynchttpclient.netty.channel.ChannelManager - Adding key: http://localhost:55785 for channel [id: 0xd4c7727e, L:/127.0.0.1:60636 - R:localhost/127.0.0.1:55785]
14:17:01.582 [AsyncHttpClient-1-3] DEBUG org.asynchttpclient.netty.channel.NettyConnectListener - Using new Channel '[id: 0xedff8ecd, L:/127.0.0.1:60645 - R:localhost/127.0.0.1:60637]' for 'GET' to '/json/version'
14:17:01.586 [AsyncHttpClient-1-3] DEBUG org.asynchttpclient.netty.handler.HttpHandler - 

Request DefaultFullHttpRequest(decodeResult: success, version: HTTP/1.1, content: EmptyByteBufBE)
GET /json/version HTTP/1.1
User-Agent: selenium/4.1.3 (java windows)
host: localhost:60637
accept: */*

Response DefaultHttpResponse(decodeResult: success, version: HTTP/1.1)
HTTP/1.1 200 OK
Content-Type: application/json; charset=UTF-8
content-length: 427

14:17:01.587 [AsyncHttpClient-1-3] DEBUG org.asynchttpclient.netty.channel.ChannelManager - Adding key: http://localhost:60637 for channel [id: 0xedff8ecd, L:/127.0.0.1:60645 - R:localhost/127.0.0.1:60637]
14:17:01.609 [main] DEBUG io.netty.util.internal.ThreadLocalRandom - -Dio.netty.initialSeedUniquifier: 0x3c51468c731b6d1e
14:17:01.621 [AsyncHttpClient-1-4] DEBUG org.asynchttpclient.netty.channel.NettyConnectListener - Using new Channel '[id: 0x1bd65486, L:/127.0.0.1:60646 - R:localhost/127.0.0.1:60637]' for 'GET' to '/devtools/browser/d259d1aa-4620-4367-a1dc-1d9ec0ada6f1'
14:17:01.626 [AsyncHttpClient-1-4] DEBUG org.asynchttpclient.netty.handler.WebSocketHandler - 

Request DefaultFullHttpRequest(decodeResult: success, version: HTTP/1.1, content: EmptyByteBufBE)
GET /devtools/browser/d259d1aa-4620-4367-a1dc-1d9ec0ada6f1 HTTP/1.1
upgrade: websocket
connection: upgrade
sec-websocket-key: sL7g3PD/k0gw78MtUGv00A==
sec-websocket-version: 13
origin: http://localhost:60637
host: localhost:60637
accept: */*
user-agent: AHC/2.1

Response DefaultHttpResponse(decodeResult: success, version: HTTP/1.1)
HTTP/1.1 101 WebSocket Protocol Handshake
Upgrade: WebSocket
Connection: Upgrade
Sec-WebSocket-Accept: xlgAv7cIsZlDTjkEvRWlvHblY+o=

14:17:01.970 [main] DEBUG net.thucydides.core.reflection.ClassFinder - Could not load class .cucumber.CommonStepDefs
14:17:01.970 [main] DEBUG net.thucydides.core.reflection.ClassFinder - Could not load class .cucumber.HomeStepDefs
14:17:01.971 [main] DEBUG net.thucydides.core.reflection.ClassFinder - Could not load class .cucumber.Hooks
14:17:01.971 [main] DEBUG net.thucydides.core.reflection.ClassFinder - Could not load class .cucumber.LoginStepDefs
14:17:01.971 [main] DEBUG net.thucydides.core.reflection.ClassFinder - Could not load class .pages.HomePage
14:17:01.971 [main] DEBUG net.thucydides.core.reflection.ClassFinder - Could not load class .pages.LoginPage
14:17:01.971 [main] DEBUG net.thucydides.core.reflection.ClassFinder - Could not load class .runners.Runner
14:17:01.971 [main] DEBUG net.thucydides.core.reflection.ClassFinder - Could not load class .runners.UnitTestRunner
14:17:01.972 [main] DEBUG net.thucydides.core.reflection.ClassFinder - Could not load class .serenity.CommonStepLibraries
14:17:01.972 [main] DEBUG net.thucydides.core.reflection.ClassFinder - Could not load class .serenity.HomeStepLibraries
14:17:01.973 [main] DEBUG net.thucydides.core.reflection.ClassFinder - Could not load class .serenity.LoginStepLibraries
14:17:01.983 [Forwarding get on session 85132213647d130d6158e9eabf0dd758 to remote] DEBUG org.asynchttpclient.netty.request.NettyRequestSender - Using pooled Channel '[id: 0xd4c7727e, L:/127.0.0.1:60636 - R:localhost/127.0.0.1:55785]' for 'POST' to 'http://localhost:55785/session/85132213647d130d6158e9eabf0dd758/url'
14:17:01.983 [Forwarding get on session 85132213647d130d6158e9eabf0dd758 to remote] DEBUG org.asynchttpclient.netty.request.NettyRequestSender - Using open Channel [id: 0xd4c7727e, L:/127.0.0.1:60636 - R:localhost/127.0.0.1:55785] for POST '/session/85132213647d130d6158e9eabf0dd758/url'
14:17:02.198 [AsyncHttpClient-1-1] DEBUG org.asynchttpclient.netty.channel.DefaultChannelPool - Entry count for : http://localhost:60637 : 1
14:17:03.296 [AsyncHttpClient-1-1] DEBUG org.asynchttpclient.netty.channel.DefaultChannelPool - Entry count for : http://localhost:60637 : 1
14:17:04.398 [AsyncHttpClient-1-1] DEBUG org.asynchttpclient.netty.channel.DefaultChannelPool - Entry count for : http://localhost:60637 : 1
14:17:05.503 [AsyncHttpClient-1-1] DEBUG org.asynchttpclient.netty.channel.DefaultChannelPool - Entry count for : http://localhost:60637 : 1
14:17:06.602 [AsyncHttpClient-1-1] DEBUG org.asynchttpclient.netty.channel.DefaultChannelPool - Entry count for : http://localhost:60637 : 1
14:17:07.007 [AsyncHttpClient-1-2] DEBUG org.asynchttpclient.netty.handler.HttpHandler - 

Request DefaultHttpRequest(decodeResult: success, version: HTTP/1.1)
POST /session/85132213647d130d6158e9eabf0dd758/url HTTP/1.1
User-Agent: selenium/4.1.3 (java windows)
Content-Length: 94
Content-Type: application/json; charset=utf-8
host: localhost:55785
accept: */*

Response DefaultHttpResponse(decodeResult: success, version: HTTP/1.1)
HTTP/1.1 200 OK
Content-Type: application/json; charset=utf-8
cache-control: no-cache
content-length: 14

14:17:07.008 [AsyncHttpClient-1-2] DEBUG org.asynchttpclient.netty.channel.ChannelManager - Adding key: http://localhost:55785 for channel [id: 0xd4c7727e, L:/127.0.0.1:60636 - R:localhost/127.0.0.1:55785]
14:17:07.018 [Forwarding setTimeout on session 85132213647d130d6158e9eabf0dd758 to remote] DEBUG org.asynchttpclient.netty.request.NettyRequestSender - Using pooled Channel '[id: 0xd4c7727e, L:/127.0.0.1:60636 - R:localhost/127.0.0.1:55785]' for 'POST' to 'http://localhost:55785/session/85132213647d130d6158e9eabf0dd758/timeouts'
14:17:07.018 [Forwarding setTimeout on session 85132213647d130d6158e9eabf0dd758 to remote] DEBUG org.asynchttpclient.netty.request.NettyRequestSender - Using open Channel [id: 0xd4c7727e, L:/127.0.0.1:60636 - R:localhost/127.0.0.1:55785] for POST '/session/85132213647d130d6158e9eabf0dd758/timeouts'
14:17:07.027 [AsyncHttpClient-1-2] DEBUG org.asynchttpclient.netty.handler.HttpHandler - 

Request DefaultHttpRequest(decodeResult: success, version: HTTP/1.1)
POST /session/85132213647d130d6158e9eabf0dd758/timeouts HTTP/1.1
User-Agent: selenium/4.1.3 (java windows)
Content-Length: 22
Content-Type: application/json; charset=utf-8
host: localhost:55785
accept: */*

Response DefaultHttpResponse(decodeResult: success, version: HTTP/1.1)
HTTP/1.1 200 OK
Content-Type: application/json; charset=utf-8
cache-control: no-cache
content-length: 14

14:17:07.028 [AsyncHttpClient-1-2] DEBUG org.asynchttpclient.netty.channel.ChannelManager - Adding key: http://localhost:55785 for channel [id: 0xd4c7727e, L:/127.0.0.1:60636 - R:localhost/127.0.0.1:55785]
14:17:07.039 [Forwarding getCurrentUrl on session 85132213647d130d6158e9eabf0dd758 to remote] DEBUG org.asynchttpclient.netty.request.NettyRequestSender - Using pooled Channel '[id: 0xd4c7727e, L:/127.0.0.1:60636 - R:localhost/127.0.0.1:55785]' for 'GET' to 'http://localhost:55785/session/85132213647d130d6158e9eabf0dd758/url'
14:17:07.040 [Forwarding getCurrentUrl on session 85132213647d130d6158e9eabf0dd758 to remote] DEBUG org.asynchttpclient.netty.request.NettyRequestSender - Using open Channel [id: 0xd4c7727e, L:/127.0.0.1:60636 - R:localhost/127.0.0.1:55785] for GET '/session/85132213647d130d6158e9eabf0dd758/url'
14:17:07.047 [AsyncHttpClient-1-2] DEBUG org.asynchttpclient.netty.handler.HttpHandler - 

Request DefaultFullHttpRequest(decodeResult: success, version: HTTP/1.1, content: EmptyByteBufBE)
GET /session/85132213647d130d6158e9eabf0dd758/url HTTP/1.1
User-Agent: selenium/4.1.3 (java windows)
Cache-Control: no-cache
Content-Type: application/json; charset=utf-8
host: localhost:55785
accept: */*

Response DefaultHttpResponse(decodeResult: success, version: HTTP/1.1)
HTTP/1.1 200 OK
Content-Type: application/json; charset=utf-8
cache-control: no-cache
content-length: 61

14:17:07.048 [AsyncHttpClient-1-2] DEBUG org.asynchttpclient.netty.channel.ChannelManager - Adding key: http://localhost:55785 for channel [id: 0xd4c7727e, L:/127.0.0.1:60636 - R:localhost/127.0.0.1:55785]
14:17:07.055 [Forwarding getCurrentUrl on session 85132213647d130d6158e9eabf0dd758 to remote] DEBUG org.asynchttpclient.netty.request.NettyRequestSender - Using pooled Channel '[id: 0xd4c7727e, L:/127.0.0.1:60636 - R:localhost/127.0.0.1:55785]' for 'GET' to 'http://localhost:55785/session/85132213647d130d6158e9eabf0dd758/url'
14:17:07.055 [Forwarding getCurrentUrl on session 85132213647d130d6158e9eabf0dd758 to remote] DEBUG org.asynchttpclient.netty.request.NettyRequestSender - Using open Channel [id: 0xd4c7727e, L:/127.0.0.1:60636 - R:localhost/127.0.0.1:55785] for GET '/session/85132213647d130d6158e9eabf0dd758/url'
14:17:07.059 [AsyncHttpClient-1-2] DEBUG org.asynchttpclient.netty.handler.HttpHandler - 

Request DefaultFullHttpRequest(decodeResult: success, version: HTTP/1.1, content: EmptyByteBufBE)
GET /session/85132213647d130d6158e9eabf0dd758/url HTTP/1.1
User-Agent: selenium/4.1.3 (java windows)
Cache-Control: no-cache
Content-Type: application/json; charset=utf-8
host: localhost:55785
accept: */*

Response DefaultHttpResponse(decodeResult: success, version: HTTP/1.1)
HTTP/1.1 200 OK
Content-Type: application/json; charset=utf-8
cache-control: no-cache
content-length: 61

14:17:07.060 [AsyncHttpClient-1-2] DEBUG org.asynchttpclient.netty.channel.ChannelManager - Adding key: http://localhost:55785 for channel [id: 0xd4c7727e, L:/127.0.0.1:60636 - R:localhost/127.0.0.1:55785]
14:17:07.084 [Forwarding maximizeCurrentWindow on session 85132213647d130d6158e9eabf0dd758 to remote] DEBUG org.asynchttpclient.netty.request.NettyRequestSender - Using pooled Channel '[id: 0xd4c7727e, L:/127.0.0.1:60636 - R:localhost/127.0.0.1:55785]' for 'POST' to 'http://localhost:55785/session/85132213647d130d6158e9eabf0dd758/window/maximize'
14:17:07.085 [Forwarding maximizeCurrentWindow on session 85132213647d130d6158e9eabf0dd758 to remote] DEBUG org.asynchttpclient.netty.request.NettyRequestSender - Using open Channel [id: 0xd4c7727e, L:/127.0.0.1:60636 - R:localhost/127.0.0.1:55785] for POST '/session/85132213647d130d6158e9eabf0dd758/window/maximize'
14:17:07.295 [AsyncHttpClient-1-2] DEBUG org.asynchttpclient.netty.handler.HttpHandler - 

Request DefaultHttpRequest(decodeResult: success, version: HTTP/1.1)
POST /session/85132213647d130d6158e9eabf0dd758/window/maximize HTTP/1.1
User-Agent: selenium/4.1.3 (java windows)
Content-Length: 3
Content-Type: application/json; charset=utf-8
host: localhost:55785
accept: */*

Response DefaultHttpResponse(decodeResult: success, version: HTTP/1.1)
HTTP/1.1 200 OK
Content-Type: application/json; charset=utf-8
cache-control: no-cache
content-length: 51

14:17:07.296 [AsyncHttpClient-1-2] DEBUG org.asynchttpclient.netty.channel.ChannelManager - Adding key: http://localhost:55785 for channel [id: 0xd4c7727e, L:/127.0.0.1:60636 - R:localhost/127.0.0.1:55785]
14:17:07.706 [AsyncHttpClient-1-1] DEBUG org.asynchttpclient.netty.channel.DefaultChannelPool - Entry count for : http://localhost:55785 : 1
14:17:07.706 [AsyncHttpClient-1-1] DEBUG org.asynchttpclient.netty.channel.DefaultChannelPool - Entry count for : http://localhost:60637 : 1
14:17:08.068 [main] DEBUG net.thucydides.core.steps.StepInterceptor - STARTING STEP: LoginStepDefs.the_user_enters_the_username_and_password - login
14:17:08.094 [Forwarding setTimeout on session 85132213647d130d6158e9eabf0dd758 to remote] DEBUG org.asynchttpclient.netty.request.NettyRequestSender - Using pooled Channel '[id: 0xd4c7727e, L:/127.0.0.1:60636 - R:localhost/127.0.0.1:55785]' for 'POST' to 'http://localhost:55785/session/85132213647d130d6158e9eabf0dd758/timeouts'
14:17:08.095 [Forwarding setTimeout on session 85132213647d130d6158e9eabf0dd758 to remote] DEBUG org.asynchttpclient.netty.request.NettyRequestSender - Using open Channel [id: 0xd4c7727e, L:/127.0.0.1:60636 - R:localhost/127.0.0.1:55785] for POST '/session/85132213647d130d6158e9eabf0dd758/timeouts'
14:17:08.098 [AsyncHttpClient-1-2] DEBUG org.asynchttpclient.netty.handler.HttpHandler - 

Request DefaultHttpRequest(decodeResult: success, version: HTTP/1.1)
POST /session/85132213647d130d6158e9eabf0dd758/timeouts HTTP/1.1
User-Agent: selenium/4.1.3 (java windows)
Content-Length: 19
Content-Type: application/json; charset=utf-8
host: localhost:55785
accept: */*

Response DefaultHttpResponse(decodeResult: success, version: HTTP/1.1)
HTTP/1.1 200 OK
Content-Type: application/json; charset=utf-8
cache-control: no-cache
content-length: 14

14:17:08.098 [AsyncHttpClient-1-2] DEBUG org.asynchttpclient.netty.channel.ChannelManager - Adding key: http://localhost:55785 for channel [id: 0xd4c7727e, L:/127.0.0.1:60636 - R:localhost/127.0.0.1:55785]
14:17:08.105 [Forwarding findElement on session 85132213647d130d6158e9eabf0dd758 to remote] DEBUG org.asynchttpclient.netty.request.NettyRequestSender - Using pooled Channel '[id: 0xd4c7727e, L:/127.0.0.1:60636 - R:localhost/127.0.0.1:55785]' for 'POST' to 'http://localhost:55785/session/85132213647d130d6158e9eabf0dd758/element'
14:17:08.105 [Forwarding findElement on session 85132213647d130d6158e9eabf0dd758 to remote] DEBUG org.asynchttpclient.netty.request.NettyRequestSender - Using open Channel [id: 0xd4c7727e, L:/127.0.0.1:60636 - R:localhost/127.0.0.1:55785] for POST '/session/85132213647d130d6158e9eabf0dd758/element'
14:17:08.804 [AsyncHttpClient-1-1] DEBUG org.asynchttpclient.netty.channel.DefaultChannelPool - Entry count for : http://localhost:60637 : 1
14:17:09.509 [AsyncHttpClient-1-2] DEBUG org.asynchttpclient.netty.handler.HttpHandler - 

Request DefaultHttpRequest(decodeResult: success, version: HTTP/1.1)
POST /session/85132213647d130d6158e9eabf0dd758/element HTTP/1.1
User-Agent: selenium/4.1.3 (java windows)
Content-Length: 61
Content-Type: application/json; charset=utf-8
host: localhost:55785
accept: */*

Response DefaultHttpResponse(decodeResult: success, version: HTTP/1.1)
HTTP/1.1 200 OK
Content-Type: application/json; charset=utf-8
cache-control: no-cache
content-length: 88

14:17:09.510 [AsyncHttpClient-1-2] DEBUG org.asynchttpclient.netty.channel.ChannelManager - Adding key: http://localhost:55785 for channel [id: 0xd4c7727e, L:/127.0.0.1:60636 - R:localhost/127.0.0.1:55785]
14:17:09.514 [Forwarding setTimeout on session 85132213647d130d6158e9eabf0dd758 to remote] DEBUG org.asynchttpclient.netty.request.NettyRequestSender - Using pooled Channel '[id: 0xd4c7727e, L:/127.0.0.1:60636 - R:localhost/127.0.0.1:55785]' for 'POST' to 'http://localhost:55785/session/85132213647d130d6158e9eabf0dd758/timeouts'
14:17:09.514 [Forwarding setTimeout on session 85132213647d130d6158e9eabf0dd758 to remote] DEBUG org.asynchttpclient.netty.request.NettyRequestSender - Using open Channel [id: 0xd4c7727e, L:/127.0.0.1:60636 - R:localhost/127.0.0.1:55785] for POST '/session/85132213647d130d6158e9eabf0dd758/timeouts'
14:17:09.516 [AsyncHttpClient-1-2] DEBUG org.asynchttpclient.netty.handler.HttpHandler - 

Request DefaultHttpRequest(decodeResult: success, version: HTTP/1.1)
POST /session/85132213647d130d6158e9eabf0dd758/timeouts HTTP/1.1
User-Agent: selenium/4.1.3 (java windows)
Content-Length: 22
Content-Type: application/json; charset=utf-8
host: localhost:55785
accept: */*

Response DefaultHttpResponse(decodeResult: success, version: HTTP/1.1)
HTTP/1.1 200 OK
Content-Type: application/json; charset=utf-8
cache-control: no-cache
content-length: 14

14:17:09.516 [AsyncHttpClient-1-2] DEBUG org.asynchttpclient.netty.channel.ChannelManager - Adding key: http://localhost:55785 for channel [id: 0xd4c7727e, L:/127.0.0.1:60636 - R:localhost/127.0.0.1:55785]
14:17:09.544 [Forwarding isElementDisplayed on session 85132213647d130d6158e9eabf0dd758 to remote] DEBUG org.asynchttpclient.netty.request.NettyRequestSender - Using pooled Channel '[id: 0xd4c7727e, L:/127.0.0.1:60636 - R:localhost/127.0.0.1:55785]' for 'POST' to 'http://localhost:55785/session/85132213647d130d6158e9eabf0dd758/execute/sync'
14:17:09.544 [Forwarding isElementDisplayed on session 85132213647d130d6158e9eabf0dd758 to remote] DEBUG org.asynchttpclient.netty.request.NettyRequestSender - Using open Channel [id: 0xd4c7727e, L:/127.0.0.1:60636 - R:localhost/127.0.0.1:55785] for POST '/session/85132213647d130d6158e9eabf0dd758/execute/sync'
14:17:09.563 [AsyncHttpClient-1-2] DEBUG org.asynchttpclient.netty.handler.HttpHandler - 

Request DefaultHttpRequest(decodeResult: success, version: HTTP/1.1)
POST /session/85132213647d130d6158e9eabf0dd758/execute/sync HTTP/1.1
User-Agent: selenium/4.1.3 (java windows)
Content-Length: 48780
Content-Type: application/json; charset=utf-8
host: localhost:55785
accept: */*

Response DefaultHttpResponse(decodeResult: success, version: HTTP/1.1)
HTTP/1.1 200 OK
Content-Type: application/json; charset=utf-8
cache-control: no-cache
content-length: 14

14:17:09.563 [AsyncHttpClient-1-2] DEBUG org.asynchttpclient.netty.channel.ChannelManager - Adding key: http://localhost:55785 for channel [id: 0xd4c7727e, L:/127.0.0.1:60636 - R:localhost/127.0.0.1:55785]
14:17:09.575 [Forwarding clearElement on session 85132213647d130d6158e9eabf0dd758 to remote] DEBUG org.asynchttpclient.netty.request.NettyRequestSender - Using pooled Channel '[id: 0xd4c7727e, L:/127.0.0.1:60636 - R:localhost/127.0.0.1:55785]' for 'POST' to 'http://localhost:55785/session/85132213647d130d6158e9eabf0dd758/element/f7f4e0d2-d642-461b-ae6d-7e6119a7ff50/clear'
14:17:09.576 [Forwarding clearElement on session 85132213647d130d6158e9eabf0dd758 to remote] DEBUG org.asynchttpclient.netty.request.NettyRequestSender - Using open Channel [id: 0xd4c7727e, L:/127.0.0.1:60636 - R:localhost/127.0.0.1:55785] for POST '/session/85132213647d130d6158e9eabf0dd758/element/f7f4e0d2-d642-461b-ae6d-7e6119a7ff50/clear'
14:17:09.615 [AsyncHttpClient-1-2] DEBUG org.asynchttpclient.netty.handler.HttpHandler - 

Request DefaultHttpRequest(decodeResult: success, version: HTTP/1.1)
POST /session/85132213647d130d6158e9eabf0dd758/element/f7f4e0d2-d642-461b-ae6d-7e6119a7ff50/clear HTTP/1.1
User-Agent: selenium/4.1.3 (java windows)
Content-Length: 50
Content-Type: application/json; charset=utf-8
host: localhost:55785
accept: */*

Response DefaultHttpResponse(decodeResult: success, version: HTTP/1.1)
HTTP/1.1 200 OK
Content-Type: application/json; charset=utf-8
cache-control: no-cache
content-length: 14

14:17:09.616 [AsyncHttpClient-1-2] DEBUG org.asynchttpclient.netty.channel.ChannelManager - Adding key: http://localhost:55785 for channel [id: 0xd4c7727e, L:/127.0.0.1:60636 - R:localhost/127.0.0.1:55785]
14:17:09.624 [Forwarding sendKeysToElement on session 85132213647d130d6158e9eabf0dd758 to remote] DEBUG org.asynchttpclient.netty.request.NettyRequestSender - Using pooled Channel '[id: 0xd4c7727e, L:/127.0.0.1:60636 - R:localhost/127.0.0.1:55785]' for 'POST' to 'http://localhost:55785/session/85132213647d130d6158e9eabf0dd758/element/f7f4e0d2-d642-461b-ae6d-7e6119a7ff50/value'
14:17:09.624 [Forwarding sendKeysToElement on session 85132213647d130d6158e9eabf0dd758 to remote] DEBUG org.asynchttpclient.netty.request.NettyRequestSender - Using open Channel [id: 0xd4c7727e, L:/127.0.0.1:60636 - R:localhost/127.0.0.1:55785] for POST '/session/85132213647d130d6158e9eabf0dd758/element/f7f4e0d2-d642-461b-ae6d-7e6119a7ff50/value'
14:17:09.681 [AsyncHttpClient-1-2] DEBUG org.asynchttpclient.netty.handler.HttpHandler - 

Request DefaultHttpRequest(decodeResult: success, version: HTTP/1.1)
POST /session/85132213647d130d6158e9eabf0dd758/element/f7f4e0d2-d642-461b-ae6d-7e6119a7ff50/value HTTP/1.1
User-Agent: selenium/4.1.3 (java windows)
Content-Length: 171
Content-Type: application/json; charset=utf-8
host: localhost:55785
accept: */*

Response DefaultHttpResponse(decodeResult: success, version: HTTP/1.1)
HTTP/1.1 200 OK
Content-Type: application/json; charset=utf-8
cache-control: no-cache
content-length: 14

14:17:09.682 [AsyncHttpClient-1-2] DEBUG org.asynchttpclient.netty.channel.ChannelManager - Adding key: http://localhost:55785 for channel [id: 0xd4c7727e, L:/127.0.0.1:60636 - R:localhost/127.0.0.1:55785]
14:17:09.695 [Forwarding setTimeout on session 85132213647d130d6158e9eabf0dd758 to remote] DEBUG org.asynchttpclient.netty.request.NettyRequestSender - Using pooled Channel '[id: 0xd4c7727e, L:/127.0.0.1:60636 - R:localhost/127.0.0.1:55785]' for 'POST' to 'http://localhost:55785/session/85132213647d130d6158e9eabf0dd758/timeouts'
14:17:09.695 [Forwarding setTimeout on session 85132213647d130d6158e9eabf0dd758 to remote] DEBUG org.asynchttpclient.netty.request.NettyRequestSender - Using open Channel [id: 0xd4c7727e, L:/127.0.0.1:60636 - R:localhost/127.0.0.1:55785] for POST '/session/85132213647d130d6158e9eabf0dd758/timeouts'
14:17:09.697 [AsyncHttpClient-1-2] DEBUG org.asynchttpclient.netty.handler.HttpHandler - 

Request DefaultHttpRequest(decodeResult: success, version: HTTP/1.1)
POST /session/85132213647d130d6158e9eabf0dd758/timeouts HTTP/1.1
User-Agent: selenium/4.1.3 (java windows)
Content-Length: 19
Content-Type: application/json; charset=utf-8
host: localhost:55785
accept: */*

Response DefaultHttpResponse(decodeResult: success, version: HTTP/1.1)
HTTP/1.1 200 OK
Content-Type: application/json; charset=utf-8
cache-control: no-cache
content-length: 14

14:17:09.698 [AsyncHttpClient-1-2] DEBUG org.asynchttpclient.netty.channel.ChannelManager - Adding key: http://localhost:55785 for channel [id: 0xd4c7727e, L:/127.0.0.1:60636 - R:localhost/127.0.0.1:55785]
14:17:09.702 [Forwarding findElement on session 85132213647d130d6158e9eabf0dd758 to remote] DEBUG org.asynchttpclient.netty.request.NettyRequestSender - Using pooled Channel '[id: 0xd4c7727e, L:/127.0.0.1:60636 - R:localhost/127.0.0.1:55785]' for 'POST' to 'http://localhost:55785/session/85132213647d130d6158e9eabf0dd758/element'
14:17:09.702 [Forwarding findElement on session 85132213647d130d6158e9eabf0dd758 to remote] DEBUG org.asynchttpclient.netty.request.NettyRequestSender - Using open Channel [id: 0xd4c7727e, L:/127.0.0.1:60636 - R:localhost/127.0.0.1:55785] for POST '/session/85132213647d130d6158e9eabf0dd758/element'
14:17:09.719 [AsyncHttpClient-1-2] DEBUG org.asynchttpclient.netty.handler.HttpHandler - 

Request DefaultHttpRequest(decodeResult: success, version: HTTP/1.1)
POST /session/85132213647d130d6158e9eabf0dd758/element HTTP/1.1
User-Agent: selenium/4.1.3 (java windows)
Content-Length: 66
Content-Type: application/json; charset=utf-8
host: localhost:55785
accept: */*

Response DefaultHttpResponse(decodeResult: success, version: HTTP/1.1)
HTTP/1.1 200 OK
Content-Type: application/json; charset=utf-8
cache-control: no-cache
content-length: 88

14:17:09.720 [AsyncHttpClient-1-2] DEBUG org.asynchttpclient.netty.channel.ChannelManager - Adding key: http://localhost:55785 for channel [id: 0xd4c7727e, L:/127.0.0.1:60636 - R:localhost/127.0.0.1:55785]
14:17:09.722 [Forwarding setTimeout on session 85132213647d130d6158e9eabf0dd758 to remote] DEBUG org.asynchttpclient.netty.request.NettyRequestSender - Using pooled Channel '[id: 0xd4c7727e, L:/127.0.0.1:60636 - R:localhost/127.0.0.1:55785]' for 'POST' to 'http://localhost:55785/session/85132213647d130d6158e9eabf0dd758/timeouts'
14:17:09.722 [Forwarding setTimeout on session 85132213647d130d6158e9eabf0dd758 to remote] DEBUG org.asynchttpclient.netty.request.NettyRequestSender - Using open Channel [id: 0xd4c7727e, L:/127.0.0.1:60636 - R:localhost/127.0.0.1:55785] for POST '/session/85132213647d130d6158e9eabf0dd758/timeouts'
14:17:09.725 [AsyncHttpClient-1-2] DEBUG org.asynchttpclient.netty.handler.HttpHandler - 

Request DefaultHttpRequest(decodeResult: success, version: HTTP/1.1)
POST /session/85132213647d130d6158e9eabf0dd758/timeouts HTTP/1.1
User-Agent: selenium/4.1.3 (java windows)
Content-Length: 22
Content-Type: application/json; charset=utf-8
host: localhost:55785
accept: */*

Response DefaultHttpResponse(decodeResult: success, version: HTTP/1.1)
HTTP/1.1 200 OK
Content-Type: application/json; charset=utf-8
cache-control: no-cache
content-length: 14

14:17:09.726 [AsyncHttpClient-1-2] DEBUG org.asynchttpclient.netty.channel.ChannelManager - Adding key: http://localhost:55785 for channel [id: 0xd4c7727e, L:/127.0.0.1:60636 - R:localhost/127.0.0.1:55785]
14:17:09.736 [Forwarding isElementDisplayed on session 85132213647d130d6158e9eabf0dd758 to remote] DEBUG org.asynchttpclient.netty.request.NettyRequestSender - Using pooled Channel '[id: 0xd4c7727e, L:/127.0.0.1:60636 - R:localhost/127.0.0.1:55785]' for 'POST' to 'http://localhost:55785/session/85132213647d130d6158e9eabf0dd758/execute/sync'
14:17:09.737 [Forwarding isElementDisplayed on session 85132213647d130d6158e9eabf0dd758 to remote] DEBUG org.asynchttpclient.netty.request.NettyRequestSender - Using open Channel [id: 0xd4c7727e, L:/127.0.0.1:60636 - R:localhost/127.0.0.1:55785] for POST '/session/85132213647d130d6158e9eabf0dd758/execute/sync'
14:17:09.755 [AsyncHttpClient-1-2] DEBUG org.asynchttpclient.netty.handler.HttpHandler - 

Request DefaultHttpRequest(decodeResult: success, version: HTTP/1.1)
POST /session/85132213647d130d6158e9eabf0dd758/execute/sync HTTP/1.1
User-Agent: selenium/4.1.3 (java windows)
Content-Length: 48780
Content-Type: application/json; charset=utf-8
host: localhost:55785
accept: */*

Response DefaultHttpResponse(decodeResult: success, version: HTTP/1.1)
HTTP/1.1 200 OK
Content-Type: application/json; charset=utf-8
cache-control: no-cache
content-length: 14

14:17:09.756 [AsyncHttpClient-1-2] DEBUG org.asynchttpclient.netty.channel.ChannelManager - Adding key: http://localhost:55785 for channel [id: 0xd4c7727e, L:/127.0.0.1:60636 - R:localhost/127.0.0.1:55785]
14:17:09.760 [Forwarding clearElement on session 85132213647d130d6158e9eabf0dd758 to remote] DEBUG org.asynchttpclient.netty.request.NettyRequestSender - Using pooled Channel '[id: 0xd4c7727e, L:/127.0.0.1:60636 - R:localhost/127.0.0.1:55785]' for 'POST' to 'http://localhost:55785/session/85132213647d130d6158e9eabf0dd758/element/d0896195-818f-4554-a9a8-0c951b526bba/clear'
14:17:09.760 [Forwarding clearElement on session 85132213647d130d6158e9eabf0dd758 to remote] DEBUG org.asynchttpclient.netty.request.NettyRequestSender - Using open Channel [id: 0xd4c7727e, L:/127.0.0.1:60636 - R:localhost/127.0.0.1:55785] for POST '/session/85132213647d130d6158e9eabf0dd758/element/d0896195-818f-4554-a9a8-0c951b526bba/clear'
14:17:09.798 [AsyncHttpClient-1-2] DEBUG org.asynchttpclient.netty.handler.HttpHandler - 

Request DefaultHttpRequest(decodeResult: success, version: HTTP/1.1)
POST /session/85132213647d130d6158e9eabf0dd758/element/d0896195-818f-4554-a9a8-0c951b526bba/clear HTTP/1.1
User-Agent: selenium/4.1.3 (java windows)
Content-Length: 50
Content-Type: application/json; charset=utf-8
host: localhost:55785
accept: */*

Response DefaultHttpResponse(decodeResult: success, version: HTTP/1.1)
HTTP/1.1 200 OK
Content-Type: application/json; charset=utf-8
cache-control: no-cache
content-length: 14

14:17:09.798 [AsyncHttpClient-1-2] DEBUG org.asynchttpclient.netty.channel.ChannelManager - Adding key: http://localhost:55785 for channel [id: 0xd4c7727e, L:/127.0.0.1:60636 - R:localhost/127.0.0.1:55785]
14:17:09.805 [Forwarding sendKeysToElement on session 85132213647d130d6158e9eabf0dd758 to remote] DEBUG org.asynchttpclient.netty.request.NettyRequestSender - Using pooled Channel '[id: 0xd4c7727e, L:/127.0.0.1:60636 - R:localhost/127.0.0.1:55785]' for 'POST' to 'http://localhost:55785/session/85132213647d130d6158e9eabf0dd758/element/d0896195-818f-4554-a9a8-0c951b526bba/value'
14:17:09.805 [Forwarding sendKeysToElement on session 85132213647d130d6158e9eabf0dd758 to remote] DEBUG org.asynchttpclient.netty.request.NettyRequestSender - Using open Channel [id: 0xd4c7727e, L:/127.0.0.1:60636 - R:localhost/127.0.0.1:55785] for POST '/session/85132213647d130d6158e9eabf0dd758/element/d0896195-818f-4554-a9a8-0c951b526bba/value'
14:17:09.861 [AsyncHttpClient-1-2] DEBUG org.asynchttpclient.netty.handler.HttpHandler - 

Request DefaultHttpRequest(decodeResult: success, version: HTTP/1.1)
POST /session/85132213647d130d6158e9eabf0dd758/element/d0896195-818f-4554-a9a8-0c951b526bba/value HTTP/1.1
User-Agent: selenium/4.1.3 (java windows)
Content-Length: 181
Content-Type: application/json; charset=utf-8
host: localhost:55785
accept: */*

Response DefaultHttpResponse(decodeResult: success, version: HTTP/1.1)
HTTP/1.1 200 OK
Content-Type: application/json; charset=utf-8
cache-control: no-cache
content-length: 14

14:17:09.863 [AsyncHttpClient-1-2] DEBUG org.asynchttpclient.netty.channel.ChannelManager - Adding key: http://localhost:55785 for channel [id: 0xd4c7727e, L:/127.0.0.1:60636 - R:localhost/127.0.0.1:55785]
14:17:09.876 [Forwarding setTimeout on session 85132213647d130d6158e9eabf0dd758 to remote] DEBUG org.asynchttpclient.netty.request.NettyRequestSender - Using pooled Channel '[id: 0xd4c7727e, L:/127.0.0.1:60636 - R:localhost/127.0.0.1:55785]' for 'POST' to 'http://localhost:55785/session/85132213647d130d6158e9eabf0dd758/timeouts'
14:17:09.877 [Forwarding setTimeout on session 85132213647d130d6158e9eabf0dd758 to remote] DEBUG org.asynchttpclient.netty.request.NettyRequestSender - Using open Channel [id: 0xd4c7727e, L:/127.0.0.1:60636 - R:localhost/127.0.0.1:55785] for POST '/session/85132213647d130d6158e9eabf0dd758/timeouts'
14:17:09.878 [AsyncHttpClient-1-2] DEBUG org.asynchttpclient.netty.handler.HttpHandler - 

Request DefaultHttpRequest(decodeResult: success, version: HTTP/1.1)
POST /session/85132213647d130d6158e9eabf0dd758/timeouts HTTP/1.1
User-Agent: selenium/4.1.3 (java windows)
Content-Length: 19
Content-Type: application/json; charset=utf-8
host: localhost:55785
accept: */*

Response DefaultHttpResponse(decodeResult: success, version: HTTP/1.1)
HTTP/1.1 200 OK
Content-Type: application/json; charset=utf-8
cache-control: no-cache
content-length: 14

14:17:09.879 [AsyncHttpClient-1-2] DEBUG org.asynchttpclient.netty.channel.ChannelManager - Adding key: http://localhost:55785 for channel [id: 0xd4c7727e, L:/127.0.0.1:60636 - R:localhost/127.0.0.1:55785]
14:17:09.884 [Forwarding findElement on session 85132213647d130d6158e9eabf0dd758 to remote] DEBUG org.asynchttpclient.netty.request.NettyRequestSender - Using pooled Channel '[id: 0xd4c7727e, L:/127.0.0.1:60636 - R:localhost/127.0.0.1:55785]' for 'POST' to 'http://localhost:55785/session/85132213647d130d6158e9eabf0dd758/element'
14:17:09.884 [Forwarding findElement on session 85132213647d130d6158e9eabf0dd758 to remote] DEBUG org.asynchttpclient.netty.request.NettyRequestSender - Using open Channel [id: 0xd4c7727e, L:/127.0.0.1:60636 - R:localhost/127.0.0.1:55785] for POST '/session/85132213647d130d6158e9eabf0dd758/element'
14:17:09.896 [AsyncHttpClient-1-2] DEBUG org.asynchttpclient.netty.handler.HttpHandler - 

Request DefaultHttpRequest(decodeResult: success, version: HTTP/1.1)
POST /session/85132213647d130d6158e9eabf0dd758/element HTTP/1.1
User-Agent: selenium/4.1.3 (java windows)
Content-Length: 64
Content-Type: application/json; charset=utf-8
host: localhost:55785
accept: */*

Response DefaultHttpResponse(decodeResult: success, version: HTTP/1.1)
HTTP/1.1 200 OK
Content-Type: application/json; charset=utf-8
cache-control: no-cache
content-length: 88

14:17:09.898 [AsyncHttpClient-1-2] DEBUG org.asynchttpclient.netty.channel.ChannelManager - Adding key: http://localhost:55785 for channel [id: 0xd4c7727e, L:/127.0.0.1:60636 - R:localhost/127.0.0.1:55785]
14:17:09.901 [AsyncHttpClient-1-1] DEBUG org.asynchttpclient.netty.channel.DefaultChannelPool - Entry count for : http://localhost:55785 : 1
14:17:09.901 [AsyncHttpClient-1-1] DEBUG org.asynchttpclient.netty.channel.DefaultChannelPool - Entry count for : http://localhost:60637 : 1
14:17:09.903 [Forwarding setTimeout on session 85132213647d130d6158e9eabf0dd758 to remote] DEBUG org.asynchttpclient.netty.request.NettyRequestSender - Using pooled Channel '[id: 0xd4c7727e, L:/127.0.0.1:60636 - R:localhost/127.0.0.1:55785]' for 'POST' to 'http://localhost:55785/session/85132213647d130d6158e9eabf0dd758/timeouts'
14:17:09.903 [Forwarding setTimeout on session 85132213647d130d6158e9eabf0dd758 to remote] DEBUG org.asynchttpclient.netty.request.NettyRequestSender - Using open Channel [id: 0xd4c7727e, L:/127.0.0.1:60636 - R:localhost/127.0.0.1:55785] for POST '/session/85132213647d130d6158e9eabf0dd758/timeouts'
14:17:09.906 [AsyncHttpClient-1-2] DEBUG org.asynchttpclient.netty.handler.HttpHandler - 

Request DefaultHttpRequest(decodeResult: success, version: HTTP/1.1)
POST /session/85132213647d130d6158e9eabf0dd758/timeouts HTTP/1.1
User-Agent: selenium/4.1.3 (java windows)
Content-Length: 22
Content-Type: application/json; charset=utf-8
host: localhost:55785
accept: */*

Response DefaultHttpResponse(decodeResult: success, version: HTTP/1.1)
HTTP/1.1 200 OK
Content-Type: application/json; charset=utf-8
cache-control: no-cache
content-length: 14

14:17:09.906 [AsyncHttpClient-1-2] DEBUG org.asynchttpclient.netty.channel.ChannelManager - Adding key: http://localhost:55785 for channel [id: 0xd4c7727e, L:/127.0.0.1:60636 - R:localhost/127.0.0.1:55785]
14:17:09.942 [Forwarding isElementDisplayed on session 85132213647d130d6158e9eabf0dd758 to remote] DEBUG org.asynchttpclient.netty.request.NettyRequestSender - Using pooled Channel '[id: 0xd4c7727e, L:/127.0.0.1:60636 - R:localhost/127.0.0.1:55785]' for 'POST' to 'http://localhost:55785/session/85132213647d130d6158e9eabf0dd758/execute/sync'
14:17:09.943 [Forwarding isElementDisplayed on session 85132213647d130d6158e9eabf0dd758 to remote] DEBUG org.asynchttpclient.netty.request.NettyRequestSender - Using open Channel [id: 0xd4c7727e, L:/127.0.0.1:60636 - R:localhost/127.0.0.1:55785] for POST '/session/85132213647d130d6158e9eabf0dd758/execute/sync'
14:17:09.959 [AsyncHttpClient-1-2] DEBUG org.asynchttpclient.netty.handler.HttpHandler - 

Request DefaultHttpRequest(decodeResult: success, version: HTTP/1.1)
POST /session/85132213647d130d6158e9eabf0dd758/execute/sync HTTP/1.1
User-Agent: selenium/4.1.3 (java windows)
Content-Length: 48780
Content-Type: application/json; charset=utf-8
host: localhost:55785
accept: */*

Response DefaultHttpResponse(decodeResult: success, version: HTTP/1.1)
HTTP/1.1 200 OK
Content-Type: application/json; charset=utf-8
cache-control: no-cache
content-length: 14

14:17:09.959 [AsyncHttpClient-1-2] DEBUG org.asynchttpclient.netty.channel.ChannelManager - Adding key: http://localhost:55785 for channel [id: 0xd4c7727e, L:/127.0.0.1:60636 - R:localhost/127.0.0.1:55785]
14:17:09.971 [Forwarding getElementTagName on session 85132213647d130d6158e9eabf0dd758 to remote] DEBUG org.asynchttpclient.netty.request.NettyRequestSender - Using pooled Channel '[id: 0xd4c7727e, L:/127.0.0.1:60636 - R:localhost/127.0.0.1:55785]' for 'GET' to 'http://localhost:55785/session/85132213647d130d6158e9eabf0dd758/element/e7561203-a07f-4c03-8341-e2bd24bfcf9e/name'
14:17:09.971 [Forwarding getElementTagName on session 85132213647d130d6158e9eabf0dd758 to remote] DEBUG org.asynchttpclient.netty.request.NettyRequestSender - Using open Channel [id: 0xd4c7727e, L:/127.0.0.1:60636 - R:localhost/127.0.0.1:55785] for GET '/session/85132213647d130d6158e9eabf0dd758/element/e7561203-a07f-4c03-8341-e2bd24bfcf9e/name'
14:17:09.977 [AsyncHttpClient-1-2] DEBUG org.asynchttpclient.netty.handler.HttpHandler - 

Request DefaultFullHttpRequest(decodeResult: success, version: HTTP/1.1, content: EmptyByteBufBE)
GET /session/85132213647d130d6158e9eabf0dd758/element/e7561203-a07f-4c03-8341-e2bd24bfcf9e/name HTTP/1.1
User-Agent: selenium/4.1.3 (java windows)
Cache-Control: no-cache
Content-Type: application/json; charset=utf-8
host: localhost:55785
accept: */*

Response DefaultHttpResponse(decodeResult: success, version: HTTP/1.1)
HTTP/1.1 200 OK
Content-Type: application/json; charset=utf-8
cache-control: no-cache
content-length: 17

14:17:09.978 [AsyncHttpClient-1-2] DEBUG org.asynchttpclient.netty.channel.ChannelManager - Adding key: http://localhost:55785 for channel [id: 0xd4c7727e, L:/127.0.0.1:60636 - R:localhost/127.0.0.1:55785]
14:17:09.995 [Forwarding getElementTagName on session 85132213647d130d6158e9eabf0dd758 to remote] DEBUG org.asynchttpclient.netty.request.NettyRequestSender - Using pooled Channel '[id: 0xd4c7727e, L:/127.0.0.1:60636 - R:localhost/127.0.0.1:55785]' for 'GET' to 'http://localhost:55785/session/85132213647d130d6158e9eabf0dd758/element/e7561203-a07f-4c03-8341-e2bd24bfcf9e/name'
14:17:09.995 [Forwarding getElementTagName on session 85132213647d130d6158e9eabf0dd758 to remote] DEBUG org.asynchttpclient.netty.request.NettyRequestSender - Using open Channel [id: 0xd4c7727e, L:/127.0.0.1:60636 - R:localhost/127.0.0.1:55785] for GET '/session/85132213647d130d6158e9eabf0dd758/element/e7561203-a07f-4c03-8341-e2bd24bfcf9e/name'
14:17:10.004 [AsyncHttpClient-1-2] DEBUG org.asynchttpclient.netty.handler.HttpHandler - 

Request DefaultFullHttpRequest(decodeResult: success, version: HTTP/1.1, content: EmptyByteBufBE)
GET /session/85132213647d130d6158e9eabf0dd758/element/e7561203-a07f-4c03-8341-e2bd24bfcf9e/name HTTP/1.1
User-Agent: selenium/4.1.3 (java windows)
Cache-Control: no-cache
Content-Type: application/json; charset=utf-8
host: localhost:55785
accept: */*

Response DefaultHttpResponse(decodeResult: success, version: HTTP/1.1)
HTTP/1.1 200 OK
Content-Type: application/json; charset=utf-8
cache-control: no-cache
content-length: 17

14:17:10.004 [AsyncHttpClient-1-2] DEBUG org.asynchttpclient.netty.channel.ChannelManager - Adding key: http://localhost:55785 for channel [id: 0xd4c7727e, L:/127.0.0.1:60636 - R:localhost/127.0.0.1:55785]
14:17:10.013 [Forwarding isElementEnabled on session 85132213647d130d6158e9eabf0dd758 to remote] DEBUG org.asynchttpclient.netty.request.NettyRequestSender - Using pooled Channel '[id: 0xd4c7727e, L:/127.0.0.1:60636 - R:localhost/127.0.0.1:55785]' for 'GET' to 'http://localhost:55785/session/85132213647d130d6158e9eabf0dd758/element/e7561203-a07f-4c03-8341-e2bd24bfcf9e/enabled'
14:17:10.014 [Forwarding isElementEnabled on session 85132213647d130d6158e9eabf0dd758 to remote] DEBUG org.asynchttpclient.netty.request.NettyRequestSender - Using open Channel [id: 0xd4c7727e, L:/127.0.0.1:60636 - R:localhost/127.0.0.1:55785] for GET '/session/85132213647d130d6158e9eabf0dd758/element/e7561203-a07f-4c03-8341-e2bd24bfcf9e/enabled'
14:17:10.023 [AsyncHttpClient-1-2] DEBUG org.asynchttpclient.netty.handler.HttpHandler - 

Request DefaultFullHttpRequest(decodeResult: success, version: HTTP/1.1, content: EmptyByteBufBE)
GET /session/85132213647d130d6158e9eabf0dd758/element/e7561203-a07f-4c03-8341-e2bd24bfcf9e/enabled HTTP/1.1
User-Agent: selenium/4.1.3 (java windows)
Cache-Control: no-cache
Content-Type: application/json; charset=utf-8
host: localhost:55785
accept: */*

Response DefaultHttpResponse(decodeResult: success, version: HTTP/1.1)
HTTP/1.1 200 OK
Content-Type: application/json; charset=utf-8
cache-control: no-cache
content-length: 14

14:17:10.025 [AsyncHttpClient-1-2] DEBUG org.asynchttpclient.netty.channel.ChannelManager - Adding key: http://localhost:55785 for channel [id: 0xd4c7727e, L:/127.0.0.1:60636 - R:localhost/127.0.0.1:55785]
14:17:10.027 [Forwarding isElementEnabled on session 85132213647d130d6158e9eabf0dd758 to remote] DEBUG org.asynchttpclient.netty.request.NettyRequestSender - Using pooled Channel '[id: 0xd4c7727e, L:/127.0.0.1:60636 - R:localhost/127.0.0.1:55785]' for 'GET' to 'http://localhost:55785/session/85132213647d130d6158e9eabf0dd758/element/e7561203-a07f-4c03-8341-e2bd24bfcf9e/enabled'
14:17:10.027 [Forwarding isElementEnabled on session 85132213647d130d6158e9eabf0dd758 to remote] DEBUG org.asynchttpclient.netty.request.NettyRequestSender - Using open Channel [id: 0xd4c7727e, L:/127.0.0.1:60636 - R:localhost/127.0.0.1:55785] for GET '/session/85132213647d130d6158e9eabf0dd758/element/e7561203-a07f-4c03-8341-e2bd24bfcf9e/enabled'
14:17:10.051 [AsyncHttpClient-1-2] DEBUG org.asynchttpclient.netty.handler.HttpHandler - 

Request DefaultFullHttpRequest(decodeResult: success, version: HTTP/1.1, content: EmptyByteBufBE)
GET /session/85132213647d130d6158e9eabf0dd758/element/e7561203-a07f-4c03-8341-e2bd24bfcf9e/enabled HTTP/1.1
User-Agent: selenium/4.1.3 (java windows)
Cache-Control: no-cache
Content-Type: application/json; charset=utf-8
host: localhost:55785
accept: */*

Response DefaultHttpResponse(decodeResult: success, version: HTTP/1.1)
HTTP/1.1 200 OK
Content-Type: application/json; charset=utf-8
cache-control: no-cache
content-length: 14

14:17:10.051 [AsyncHttpClient-1-2] DEBUG org.asynchttpclient.netty.channel.ChannelManager - Adding key: http://localhost:55785 for channel [id: 0xd4c7727e, L:/127.0.0.1:60636 - R:localhost/127.0.0.1:55785]
14:17:10.055 [Forwarding clickElement on session 85132213647d130d6158e9eabf0dd758 to remote] DEBUG org.asynchttpclient.netty.request.NettyRequestSender - Using pooled Channel '[id: 0xd4c7727e, L:/127.0.0.1:60636 - R:localhost/127.0.0.1:55785]' for 'POST' to 'http://localhost:55785/session/85132213647d130d6158e9eabf0dd758/element/e7561203-a07f-4c03-8341-e2bd24bfcf9e/click'
14:17:10.055 [Forwarding clickElement on session 85132213647d130d6158e9eabf0dd758 to remote] DEBUG org.asynchttpclient.netty.request.NettyRequestSender - Using open Channel [id: 0xd4c7727e, L:/127.0.0.1:60636 - R:localhost/127.0.0.1:55785] for POST '/session/85132213647d130d6158e9eabf0dd758/element/e7561203-a07f-4c03-8341-e2bd24bfcf9e/click'
14:17:10.998 [AsyncHttpClient-1-1] DEBUG org.asynchttpclient.netty.channel.DefaultChannelPool - Entry count for : http://localhost:60637 : 1
14:17:11.044 [AsyncHttpClient-1-2] DEBUG org.asynchttpclient.netty.handler.HttpHandler - 

Request DefaultHttpRequest(decodeResult: success, version: HTTP/1.1)
POST /session/85132213647d130d6158e9eabf0dd758/element/e7561203-a07f-4c03-8341-e2bd24bfcf9e/click HTTP/1.1
User-Agent: selenium/4.1.3 (java windows)
Content-Length: 50
Content-Type: application/json; charset=utf-8
host: localhost:55785
accept: */*

Response DefaultHttpResponse(decodeResult: success, version: HTTP/1.1)
HTTP/1.1 200 OK
Content-Type: application/json; charset=utf-8
cache-control: no-cache
content-length: 14

14:17:11.045 [AsyncHttpClient-1-2] DEBUG org.asynchttpclient.netty.channel.ChannelManager - Adding key: http://localhost:55785 for channel [id: 0xd4c7727e, L:/127.0.0.1:60636 - R:localhost/127.0.0.1:55785]
14:17:11.061 [main] DEBUG net.thucydides.core.steps.StepInterceptor - STEP DONE: login
  &amp#27;[32mGiven &amp#27;[0m&amp#27;[32mthe user enters the username &amp#27;[0m&amp#27;[32m&amp#27;[1mmngr39879&amp#27;[0m&amp#27;[32m and password &amp#27;[0m&amp#27;[32m&amp#27;[1mmngr398793&amp#27;[0m &amp#27;[90m# cucumber.LoginStepDefs.the_user_enters_the_username_and_password(java.lang.String,java.lang.String)&amp#27;[0m
14:17:11.109 [main] DEBUG net.thucydides.core.steps.StepInterceptor - STARTING STEP: CommonStepDefs.the_user_is_at_page - isAt
14:17:11.112 [main] DEBUG net.thucydides.core.steps.StepInterceptor - STEP DONE: isAt
  &amp#27;[32mThen &amp#27;[0m&amp#27;[32mthe user is at &amp#27;[0m&amp#27;[32m&amp#27;[1m'Home'&amp#27;[0m&amp#27;[32m page&amp#27;[0m                                      &amp#27;[90m# cucumber.CommonStepDefs.the_user_is_at_page(java.lang.String)&amp#27;[0m
14:17:11.431 [main] INFO  - &amp#27;[92m
  _____   ___   ___   _____     ___     _     ___   ___   ___   ___  
 |_   _| | __| / __| |_   _|   | _ \   /_\   / __| / __| | __| |   \ 
   | |   | _|  \__ \   | |     |  _/  / _ \  \__ \ \__ \ | _|  | |) |
   |_|   |___| |___/   |_|     |_|   /_/ \_\ |___/ |___/ |___| |___/ 

user login successful
----------------------------------------------------------------------&amp#27;[0m
14:17:11.445 [Driver Command Executor] DEBUG org.asynchttpclient.netty.request.NettyRequestSender - Using pooled Channel '[id: 0xd4c7727e, L:/127.0.0.1:60636 - R:localhost/127.0.0.1:55785]' for 'DELETE' to 'http://localhost:55785/session/85132213647d130d6158e9eabf0dd758'
14:17:11.446 [Driver Command Executor] DEBUG org.asynchttpclient.netty.request.NettyRequestSender - Using open Channel [id: 0xd4c7727e, L:/127.0.0.1:60636 - R:localhost/127.0.0.1:55785] for DELETE '/session/85132213647d130d6158e9eabf0dd758'
14:17:11.449 [AsyncHttpClient-1-4] DEBUG org.asynchttpclient.netty.handler.WebSocketHandler - Channel Closed: [id: 0x1bd65486, L:/127.0.0.1:60646 ! R:localhost/127.0.0.1:60637] with attribute NettyResponseFuture{currentRetry=5,
	isDone=1,
	isCancelled=0,
	asyncHandler=org.asynchttpclient.ws.WebSocketUpgradeHandler@46098bfd,
	nettyRequest=org.asynchttpclient.netty.request.NettyRequest@9657f48,
	future=java.util.concurrent.CompletableFuture@3fbbfe47[Completed normally],
	uri=ws://localhost:60637/devtools/browser/d259d1aa-4620-4367-a1dc-1d9ec0ada6f1,
	keepAlive=true,
	redirectCount=0,
	timeoutsHolder=null,
	inAuth=0,
	touch=1650266221651}
14:17:11.449 [AsyncHttpClient-1-4] DEBUG org.asynchttpclient.netty.channel.ChannelManager - Closing Channel [id: 0x1bd65486, L:/127.0.0.1:60646 ! R:localhost/127.0.0.1:60637] 
14:17:11.499 [AsyncHttpClient-1-3] DEBUG org.asynchttpclient.netty.handler.HttpHandler - Unexpected I/O exception on channel [id: 0xedff8ecd, L:/127.0.0.1:60645 - R:localhost/127.0.0.1:60637]
java.io.IOException: An existing connection was forcibly closed by the remote host
	at sun.nio.ch.SocketDispatcher.read0(Native Method)
	at sun.nio.ch.SocketDispatcher.read(SocketDispatcher.java:43)
	at sun.nio.ch.IOUtil.readIntoNativeBuffer(IOUtil.java:223)
	at sun.nio.ch.IOUtil.read(IOUtil.java:192)
	at sun.nio.ch.SocketChannelImpl.read(SocketChannelImpl.java:378)
	at io.netty.buffer.PooledByteBuf.setBytes(PooledByteBuf.java:258)
	at io.netty.buffer.AbstractByteBuf.writeBytes(AbstractByteBuf.java:1132)
	at io.netty.channel.socket.nio.NioSocketChannel.doReadBytes(NioSocketChannel.java:350)
	at io.netty.channel.nio.AbstractNioByteChannel$NioByteUnsafe.read(AbstractNioByteChannel.java:151)
	at io.netty.channel.nio.NioEventLoop.processSelectedKey(NioEventLoop.java:722)
	at io.netty.channel.nio.NioEventLoop.processSelectedKeysOptimized(NioEventLoop.java:658)
	at io.netty.channel.nio.NioEventLoop.processSelectedKeys(NioEventLoop.java:584)
	at io.netty.channel.nio.NioEventLoop.run(NioEventLoop.java:496)
	at io.netty.util.concurrent.SingleThreadEventExecutor$4.run(SingleThreadEventExecutor.java:986)
	at io.netty.util.internal.ThreadExecutorMap$2.run(ThreadExecutorMap.java:74)
	at io.netty.util.concurrent.FastThreadLocalRunnable.run(FastThreadLocalRunnable.java:30)
	at java.lang.Thread.run(Thread.java:750)
14:17:11.500 [AsyncHttpClient-1-3] DEBUG org.asynchttpclient.netty.channel.ChannelManager - Closing Channel [id: 0xedff8ecd, L:/127.0.0.1:60645 - R:localhost/127.0.0.1:60637] 
14:17:11.502 [AsyncHttpClient-1-3] DEBUG org.asynchttpclient.netty.handler.HttpHandler - Channel Closed: [id: 0xedff8ecd, L:/127.0.0.1:60645 ! R:localhost/127.0.0.1:60637] with attribute DISCARD
14:17:11.521 [AsyncHttpClient-1-2] DEBUG org.asynchttpclient.netty.handler.HttpHandler - 

Request DefaultFullHttpRequest(decodeResult: success, version: HTTP/1.1, content: EmptyByteBufBE)
DELETE /session/85132213647d130d6158e9eabf0dd758 HTTP/1.1
User-Agent: selenium/4.1.3 (java windows)
Content-Type: application/json; charset=utf-8
host: localhost:55785
accept: */*

Response DefaultHttpResponse(decodeResult: success, version: HTTP/1.1)
HTTP/1.1 200 OK
Content-Type: application/json; charset=utf-8
cache-control: no-cache
content-length: 14

14:17:11.522 [AsyncHttpClient-1-2] DEBUG org.asynchttpclient.netty.channel.ChannelManager - Adding key: http://localhost:55785 for channel [id: 0xd4c7727e, L:/127.0.0.1:60636 - R:localhost/127.0.0.1:55785]
14:17:11.588 [AsyncHttpClient-1-2] DEBUG org.asynchttpclient.netty.handler.HttpHandler - Channel Closed: [id: 0xd4c7727e, L:/127.0.0.1:60636 ! R:localhost/127.0.0.1:55785] with attribute DISCARD
14:17:12.098 [AsyncHttpClient-1-1] DEBUG org.asynchttpclient.netty.channel.DefaultChannelPool - Entry count for : http://localhost:55785 : 1
14:17:12.098 [AsyncHttpClient-1-1] DEBUG org.asynchttpclient.netty.channel.DefaultChannelPool - Entry count for : http://localhost:60637 : 1
14:17:12.098 [AsyncHttpClient-1-1] DEBUG org.asynchttpclient.netty.channel.DefaultChannelPool - Adding Candidate expired Channel [id: 0xd4c7727e, L:/127.0.0.1:60636 ! R:localhost/127.0.0.1:55785] isIdleTimeoutExpired=false isRemotelyClosed=true isTtlExpired=false
14:17:12.098 [AsyncHttpClient-1-1] DEBUG org.asynchttpclient.netty.channel.DefaultChannelPool - Closing Idle Channel [id: 0xd4c7727e, L:/127.0.0.1:60636 ! R:localhost/127.0.0.1:55785]
14:17:12.098 [AsyncHttpClient-1-1] DEBUG org.asynchttpclient.netty.channel.DefaultChannelPool - Adding Candidate expired Channel [id: 0xedff8ecd, L:/127.0.0.1:60645 ! R:localhost/127.0.0.1:60637] isIdleTimeoutExpired=false isRemotelyClosed=true isTtlExpired=false
14:17:12.098 [AsyncHttpClient-1-1] DEBUG org.asynchttpclient.netty.channel.DefaultChannelPool - Closing Idle Channel [id: 0xedff8ecd, L:/127.0.0.1:60645 ! R:localhost/127.0.0.1:60637]
14:17:12.098 [AsyncHttpClient-1-1] DEBUG org.asynchttpclient.netty.channel.DefaultChannelPool - Closed 2 connections out of 2 in 0 ms
]]></system-out>
    <system-err><![CDATA[Starting ChromeDriver 100.0.4896.60 (6a5d10861ce8de5fce22564658033b43cb7de047-refs/branch-heads/4896@{#875}) on port 55785
Only local connections are allowed.
Please see https://chromedriver.chromium.org/security-considerations for suggestions on keeping ChromeDriver safe.
ChromeDriver was started successfully.
Apr 18, 2022 2:17:01 PM org.openqa.selenium.remote.ProtocolHandshake createSession
INFO: Detected dialect: W3C
Apr 18, 2022 2:17:01 PM org.openqa.selenium.devtools.CdpVersionFinder findNearestMatch
WARNING: Unable to find an exact match for CDP version 100, so returning the closest version found: 99
Apr 18, 2022 2:17:01 PM org.openqa.selenium.devtools.CdpVersionFinder findNearestMatch
INFO: Found CDP implementation for version 100 of 99
]]></system-err>
  </testcase>
  <testcase name="user login unsuccessful #1" classname="user login to the page unsuccessful" time="8.353">
    <failure message="The User is wrongis wrong" type="java.lang.AssertionError"><![CDATA[java.lang.AssertionError: The User is wrongis wrong
]]></failure>
    <system-out><![CDATA[14:17:12.118 [main] INFO io.cucumber.core.plugin.SerenityReporter - Running feature from file:///D:/Pratice/serenity_homework/src/test/resources/features.login/login_unsuccess.feature
14:17:12.118 [main] WARN io.cucumber.core.plugin.SerenityReporter - Feature from file:///D:/Pratice/serenity_homework/src/test/resources/features.login/login_unsuccess.feature is not under the 'features' directory. Requirements report will not be correctly generated!
14:17:12.121 [main] DEBUG net.thucydides.core.steps.StepEventBus - Test suite started for story net.thucydides.core.model.Story@d30bc052
14:17:12.121 [main] INFO  - Test Suite Started: user login to the page unsuccessful

@unit
Scenario Outline: user login unsuccessful                          &amp#27;[90m# src/test/resources/features.login/login_unsuccess.feature:9&amp#27;[0m
14:17:12.126 [main] INFO io.cucumber.core.plugin.SerenityReporter - Running feature from file:///D:/Pratice/serenity_homework/src/test/resources/features.login/login_unsuccess.feature
14:17:12.126 [main] WARN io.cucumber.core.plugin.SerenityReporter - Feature from file:///D:/Pratice/serenity_homework/src/test/resources/features.login/login_unsuccess.feature is not under the 'features' directory. Requirements report will not be correctly generated!
14:17:12.127 [main] INFO  - 
  _____   ___   ___   _____     ___   _____     _     ___   _____   ___   ___  
 |_   _| | __| / __| |_   _|   / __| |_   _|   /_\   | _ \ |_   _| | __| |   \ 
   | |   | _|  \__ \   | |     \__ \   | |    / _ \  |   /   | |   | _|  | |) |
   |_|   |___| |___/   |_|     |___/   |_|   /_/ \_\ |_|_\   |_|   |___| |___/ 

user login unsuccessful(user-login-to-the-page-unsuccessful;user-login-unsuccessful)
--------------------------------------------------------------------------------
14:17:12.161 [main] DEBUG io.github.bonigarcia.wdm.cache.ResolutionCache - Resolution chrome=100 in cache (valid until 15:16:54 18/04/2022 ICT)
14:17:12.161 [main] DEBUG io.github.bonigarcia.wdm.cache.ResolutionCache - Resolution chrome100=100.0.4896.60 in cache (valid until 14:28:32 18/04/2022 ICT)
14:17:12.161 [main] INFO io.github.bonigarcia.wdm.WebDriverManager - Using chromedriver 100.0.4896.60 (resolved driver for Chrome 100)
14:17:12.166 [main] DEBUG io.github.bonigarcia.wdm.WebDriverManager - Driver chromedriver 100.0.4896.60 found in cache
14:17:12.167 [main] INFO io.github.bonigarcia.wdm.WebDriverManager - Exporting webdriver.chrome.driver as C:\Users\dung.nguyenanh\.cache\selenium\chromedriver\win32\100.0.4896.60\chromedriver.exe
14:17:12.168 [main] INFO net.serenitybdd.core.webdriver.driverproviders.ChromeDriverProvider - Using automatically driver download
14:17:12.282 [main] DEBUG io.github.bonigarcia.wdm.cache.ResolutionCache - Resolution chrome=100 in cache (valid until 15:16:54 18/04/2022 ICT)
14:17:12.283 [main] DEBUG io.github.bonigarcia.wdm.cache.ResolutionCache - Resolution chrome100=100.0.4896.60 in cache (valid until 14:28:32 18/04/2022 ICT)
14:17:12.283 [main] INFO io.github.bonigarcia.wdm.WebDriverManager - Using chromedriver 100.0.4896.60 (resolved driver for Chrome 100)
14:17:12.287 [main] DEBUG io.github.bonigarcia.wdm.WebDriverManager - Driver chromedriver 100.0.4896.60 found in cache
14:17:12.288 [main] INFO io.github.bonigarcia.wdm.WebDriverManager - Exporting webdriver.chrome.driver as C:\Users\dung.nguyenanh\.cache\selenium\chromedriver\win32\100.0.4896.60\chromedriver.exe
14:17:12.400 [main] DEBUG net.serenitybdd.core.webdriver.driverproviders.ProvideNewDriver - Instantiating driver
14:17:12.400 [main] DEBUG net.serenitybdd.core.webdriver.driverproviders.ProvideNewDriver - Driver capabilities: Capabilities {acceptInsecureCerts: false, autodownload: true, base.url: https://demo.guru99.com/V1/..., browserName: chrome, driver: chrome, goog:chromeOptions: {args: [], extensions: []}}
14:17:12.968 [AsyncHttpClient-1-5] DEBUG org.asynchttpclient.netty.channel.NettyConnectListener - Using new Channel '[id: 0xc8083c05, L:/127.0.0.1:60703 - R:localhost/127.0.0.1:55337]' for 'POST' to '/session'
14:17:13.725 [AsyncHttpClient-1-5] DEBUG org.asynchttpclient.netty.handler.HttpHandler - 

Request DefaultHttpRequest(decodeResult: success, version: HTTP/1.1)
POST /session HTTP/1.1
User-Agent: selenium/4.1.3 (java windows)
Content-Length: 563
Content-Type: application/json; charset=utf-8
host: localhost:55337
accept: */*

Response DefaultHttpResponse(decodeResult: success, version: HTTP/1.1)
HTTP/1.1 200 OK
Content-Type: application/json; charset=utf-8
cache-control: no-cache
content-length: 795

14:17:13.726 [AsyncHttpClient-1-5] DEBUG org.asynchttpclient.netty.channel.ChannelManager - Adding key: http://localhost:55337 for channel [id: 0xc8083c05, L:/127.0.0.1:60703 - R:localhost/127.0.0.1:55337]
14:17:13.736 [AsyncHttpClient-1-6] DEBUG org.asynchttpclient.netty.channel.NettyConnectListener - Using new Channel '[id: 0xa2f935ca, L:/127.0.0.1:60710 - R:localhost/127.0.0.1:60704]' for 'GET' to '/json/version'
14:17:13.738 [AsyncHttpClient-1-6] DEBUG org.asynchttpclient.netty.handler.HttpHandler - 

Request DefaultFullHttpRequest(decodeResult: success, version: HTTP/1.1, content: EmptyByteBufBE)
GET /json/version HTTP/1.1
User-Agent: selenium/4.1.3 (java windows)
host: localhost:60704
accept: */*

Response DefaultHttpResponse(decodeResult: success, version: HTTP/1.1)
HTTP/1.1 200 OK
Content-Type: application/json; charset=UTF-8
content-length: 427

14:17:13.740 [AsyncHttpClient-1-6] DEBUG org.asynchttpclient.netty.channel.ChannelManager - Adding key: http://localhost:60704 for channel [id: 0xa2f935ca, L:/127.0.0.1:60710 - R:localhost/127.0.0.1:60704]
14:17:13.743 [AsyncHttpClient-1-7] DEBUG org.asynchttpclient.netty.channel.NettyConnectListener - Using new Channel '[id: 0x7a12fa8f, L:/127.0.0.1:60711 - R:localhost/127.0.0.1:60704]' for 'GET' to '/devtools/browser/9763b22e-52a7-4639-bdd2-74013e42da10'
14:17:13.746 [AsyncHttpClient-1-7] DEBUG org.asynchttpclient.netty.handler.WebSocketHandler - 

Request DefaultFullHttpRequest(decodeResult: success, version: HTTP/1.1, content: EmptyByteBufBE)
GET /devtools/browser/9763b22e-52a7-4639-bdd2-74013e42da10 HTTP/1.1
upgrade: websocket
connection: upgrade
sec-websocket-key: /ZwO4NIwuNVRDZv7fMIEyw==
sec-websocket-version: 13
origin: http://localhost:60704
host: localhost:60704
accept: */*
user-agent: AHC/2.1

Response DefaultHttpResponse(decodeResult: success, version: HTTP/1.1)
HTTP/1.1 101 WebSocket Protocol Handshake
Upgrade: WebSocket
Connection: Upgrade
Sec-WebSocket-Accept: FxbBsAUYVtjTuggQqRfI/kZA4rM=

14:17:13.753 [Forwarding get on session 0e80b72b9fcaa19cc6c0adba6b69ac46 to remote] DEBUG org.asynchttpclient.netty.request.NettyRequestSender - Using pooled Channel '[id: 0xc8083c05, L:/127.0.0.1:60703 - R:localhost/127.0.0.1:55337]' for 'POST' to 'http://localhost:55337/session/0e80b72b9fcaa19cc6c0adba6b69ac46/url'
14:17:13.753 [Forwarding get on session 0e80b72b9fcaa19cc6c0adba6b69ac46 to remote] DEBUG org.asynchttpclient.netty.request.NettyRequestSender - Using open Channel [id: 0xc8083c05, L:/127.0.0.1:60703 - R:localhost/127.0.0.1:55337] for POST '/session/0e80b72b9fcaa19cc6c0adba6b69ac46/url'
14:17:14.304 [AsyncHttpClient-1-1] DEBUG org.asynchttpclient.netty.channel.DefaultChannelPool - Entry count for : http://localhost:60704 : 1
14:17:15.403 [AsyncHttpClient-1-1] DEBUG org.asynchttpclient.netty.channel.DefaultChannelPool - Entry count for : http://localhost:60704 : 1
14:17:16.501 [AsyncHttpClient-1-1] DEBUG org.asynchttpclient.netty.channel.DefaultChannelPool - Entry count for : http://localhost:60704 : 1
14:17:17.603 [AsyncHttpClient-1-1] DEBUG org.asynchttpclient.netty.channel.DefaultChannelPool - Entry count for : http://localhost:60704 : 1
14:17:17.930 [AsyncHttpClient-1-5] DEBUG org.asynchttpclient.netty.handler.HttpHandler - 

Request DefaultHttpRequest(decodeResult: success, version: HTTP/1.1)
POST /session/0e80b72b9fcaa19cc6c0adba6b69ac46/url HTTP/1.1
User-Agent: selenium/4.1.3 (java windows)
Content-Length: 94
Content-Type: application/json; charset=utf-8
host: localhost:55337
accept: */*

Response DefaultHttpResponse(decodeResult: success, version: HTTP/1.1)
HTTP/1.1 200 OK
Content-Type: application/json; charset=utf-8
cache-control: no-cache
content-length: 14

14:17:17.930 [AsyncHttpClient-1-5] DEBUG org.asynchttpclient.netty.channel.ChannelManager - Adding key: http://localhost:55337 for channel [id: 0xc8083c05, L:/127.0.0.1:60703 - R:localhost/127.0.0.1:55337]
14:17:17.933 [Forwarding setTimeout on session 0e80b72b9fcaa19cc6c0adba6b69ac46 to remote] DEBUG org.asynchttpclient.netty.request.NettyRequestSender - Using pooled Channel '[id: 0xc8083c05, L:/127.0.0.1:60703 - R:localhost/127.0.0.1:55337]' for 'POST' to 'http://localhost:55337/session/0e80b72b9fcaa19cc6c0adba6b69ac46/timeouts'
14:17:17.934 [Forwarding setTimeout on session 0e80b72b9fcaa19cc6c0adba6b69ac46 to remote] DEBUG org.asynchttpclient.netty.request.NettyRequestSender - Using open Channel [id: 0xc8083c05, L:/127.0.0.1:60703 - R:localhost/127.0.0.1:55337] for POST '/session/0e80b72b9fcaa19cc6c0adba6b69ac46/timeouts'
14:17:17.936 [AsyncHttpClient-1-5] DEBUG org.asynchttpclient.netty.handler.HttpHandler - 

Request DefaultHttpRequest(decodeResult: success, version: HTTP/1.1)
POST /session/0e80b72b9fcaa19cc6c0adba6b69ac46/timeouts HTTP/1.1
User-Agent: selenium/4.1.3 (java windows)
Content-Length: 22
Content-Type: application/json; charset=utf-8
host: localhost:55337
accept: */*

Response DefaultHttpResponse(decodeResult: success, version: HTTP/1.1)
HTTP/1.1 200 OK
Content-Type: application/json; charset=utf-8
cache-control: no-cache
content-length: 14

14:17:17.936 [AsyncHttpClient-1-5] DEBUG org.asynchttpclient.netty.channel.ChannelManager - Adding key: http://localhost:55337 for channel [id: 0xc8083c05, L:/127.0.0.1:60703 - R:localhost/127.0.0.1:55337]
14:17:17.938 [Forwarding getCurrentUrl on session 0e80b72b9fcaa19cc6c0adba6b69ac46 to remote] DEBUG org.asynchttpclient.netty.request.NettyRequestSender - Using pooled Channel '[id: 0xc8083c05, L:/127.0.0.1:60703 - R:localhost/127.0.0.1:55337]' for 'GET' to 'http://localhost:55337/session/0e80b72b9fcaa19cc6c0adba6b69ac46/url'
14:17:17.938 [Forwarding getCurrentUrl on session 0e80b72b9fcaa19cc6c0adba6b69ac46 to remote] DEBUG org.asynchttpclient.netty.request.NettyRequestSender - Using open Channel [id: 0xc8083c05, L:/127.0.0.1:60703 - R:localhost/127.0.0.1:55337] for GET '/session/0e80b72b9fcaa19cc6c0adba6b69ac46/url'
14:17:17.971 [AsyncHttpClient-1-5] DEBUG org.asynchttpclient.netty.handler.HttpHandler - 

Request DefaultFullHttpRequest(decodeResult: success, version: HTTP/1.1, content: EmptyByteBufBE)
GET /session/0e80b72b9fcaa19cc6c0adba6b69ac46/url HTTP/1.1
User-Agent: selenium/4.1.3 (java windows)
Cache-Control: no-cache
Content-Type: application/json; charset=utf-8
host: localhost:55337
accept: */*

Response DefaultHttpResponse(decodeResult: success, version: HTTP/1.1)
HTTP/1.1 200 OK
Content-Type: application/json; charset=utf-8
cache-control: no-cache
content-length: 61

14:17:17.971 [AsyncHttpClient-1-5] DEBUG org.asynchttpclient.netty.channel.ChannelManager - Adding key: http://localhost:55337 for channel [id: 0xc8083c05, L:/127.0.0.1:60703 - R:localhost/127.0.0.1:55337]
14:17:17.974 [Forwarding getCurrentUrl on session 0e80b72b9fcaa19cc6c0adba6b69ac46 to remote] DEBUG org.asynchttpclient.netty.request.NettyRequestSender - Using pooled Channel '[id: 0xc8083c05, L:/127.0.0.1:60703 - R:localhost/127.0.0.1:55337]' for 'GET' to 'http://localhost:55337/session/0e80b72b9fcaa19cc6c0adba6b69ac46/url'
14:17:17.974 [Forwarding getCurrentUrl on session 0e80b72b9fcaa19cc6c0adba6b69ac46 to remote] DEBUG org.asynchttpclient.netty.request.NettyRequestSender - Using open Channel [id: 0xc8083c05, L:/127.0.0.1:60703 - R:localhost/127.0.0.1:55337] for GET '/session/0e80b72b9fcaa19cc6c0adba6b69ac46/url'
14:17:17.979 [AsyncHttpClient-1-5] DEBUG org.asynchttpclient.netty.handler.HttpHandler - 

Request DefaultFullHttpRequest(decodeResult: success, version: HTTP/1.1, content: EmptyByteBufBE)
GET /session/0e80b72b9fcaa19cc6c0adba6b69ac46/url HTTP/1.1
User-Agent: selenium/4.1.3 (java windows)
Cache-Control: no-cache
Content-Type: application/json; charset=utf-8
host: localhost:55337
accept: */*

Response DefaultHttpResponse(decodeResult: success, version: HTTP/1.1)
HTTP/1.1 200 OK
Content-Type: application/json; charset=utf-8
cache-control: no-cache
content-length: 61

14:17:17.979 [AsyncHttpClient-1-5] DEBUG org.asynchttpclient.netty.channel.ChannelManager - Adding key: http://localhost:55337 for channel [id: 0xc8083c05, L:/127.0.0.1:60703 - R:localhost/127.0.0.1:55337]
14:17:17.982 [Forwarding maximizeCurrentWindow on session 0e80b72b9fcaa19cc6c0adba6b69ac46 to remote] DEBUG org.asynchttpclient.netty.request.NettyRequestSender - Using pooled Channel '[id: 0xc8083c05, L:/127.0.0.1:60703 - R:localhost/127.0.0.1:55337]' for 'POST' to 'http://localhost:55337/session/0e80b72b9fcaa19cc6c0adba6b69ac46/window/maximize'
14:17:17.983 [Forwarding maximizeCurrentWindow on session 0e80b72b9fcaa19cc6c0adba6b69ac46 to remote] DEBUG org.asynchttpclient.netty.request.NettyRequestSender - Using open Channel [id: 0xc8083c05, L:/127.0.0.1:60703 - R:localhost/127.0.0.1:55337] for POST '/session/0e80b72b9fcaa19cc6c0adba6b69ac46/window/maximize'
14:17:18.110 [AsyncHttpClient-1-5] DEBUG org.asynchttpclient.netty.handler.HttpHandler - 

Request DefaultHttpRequest(decodeResult: success, version: HTTP/1.1)
POST /session/0e80b72b9fcaa19cc6c0adba6b69ac46/window/maximize HTTP/1.1
User-Agent: selenium/4.1.3 (java windows)
Content-Length: 3
Content-Type: application/json; charset=utf-8
host: localhost:55337
accept: */*

Response DefaultHttpResponse(decodeResult: success, version: HTTP/1.1)
HTTP/1.1 200 OK
Content-Type: application/json; charset=utf-8
cache-control: no-cache
content-length: 51

14:17:18.110 [AsyncHttpClient-1-5] DEBUG org.asynchttpclient.netty.channel.ChannelManager - Adding key: http://localhost:55337 for channel [id: 0xc8083c05, L:/127.0.0.1:60703 - R:localhost/127.0.0.1:55337]
14:17:18.125 [main] DEBUG net.thucydides.core.steps.StepInterceptor - STARTING STEP: LoginStepDefs.the_user_enters_the_username_and_password - login
14:17:18.129 [Forwarding setTimeout on session 0e80b72b9fcaa19cc6c0adba6b69ac46 to remote] DEBUG org.asynchttpclient.netty.request.NettyRequestSender - Using pooled Channel '[id: 0xc8083c05, L:/127.0.0.1:60703 - R:localhost/127.0.0.1:55337]' for 'POST' to 'http://localhost:55337/session/0e80b72b9fcaa19cc6c0adba6b69ac46/timeouts'
14:17:18.130 [Forwarding setTimeout on session 0e80b72b9fcaa19cc6c0adba6b69ac46 to remote] DEBUG org.asynchttpclient.netty.request.NettyRequestSender - Using open Channel [id: 0xc8083c05, L:/127.0.0.1:60703 - R:localhost/127.0.0.1:55337] for POST '/session/0e80b72b9fcaa19cc6c0adba6b69ac46/timeouts'
14:17:18.132 [AsyncHttpClient-1-5] DEBUG org.asynchttpclient.netty.handler.HttpHandler - 

Request DefaultHttpRequest(decodeResult: success, version: HTTP/1.1)
POST /session/0e80b72b9fcaa19cc6c0adba6b69ac46/timeouts HTTP/1.1
User-Agent: selenium/4.1.3 (java windows)
Content-Length: 19
Content-Type: application/json; charset=utf-8
host: localhost:55337
accept: */*

Response DefaultHttpResponse(decodeResult: success, version: HTTP/1.1)
HTTP/1.1 200 OK
Content-Type: application/json; charset=utf-8
cache-control: no-cache
content-length: 14

14:17:18.132 [AsyncHttpClient-1-5] DEBUG org.asynchttpclient.netty.channel.ChannelManager - Adding key: http://localhost:55337 for channel [id: 0xc8083c05, L:/127.0.0.1:60703 - R:localhost/127.0.0.1:55337]
14:17:18.136 [Forwarding findElement on session 0e80b72b9fcaa19cc6c0adba6b69ac46 to remote] DEBUG org.asynchttpclient.netty.request.NettyRequestSender - Using pooled Channel '[id: 0xc8083c05, L:/127.0.0.1:60703 - R:localhost/127.0.0.1:55337]' for 'POST' to 'http://localhost:55337/session/0e80b72b9fcaa19cc6c0adba6b69ac46/element'
14:17:18.136 [Forwarding findElement on session 0e80b72b9fcaa19cc6c0adba6b69ac46 to remote] DEBUG org.asynchttpclient.netty.request.NettyRequestSender - Using open Channel [id: 0xc8083c05, L:/127.0.0.1:60703 - R:localhost/127.0.0.1:55337] for POST '/session/0e80b72b9fcaa19cc6c0adba6b69ac46/element'
14:17:18.149 [AsyncHttpClient-1-5] DEBUG org.asynchttpclient.netty.handler.HttpHandler - 

Request DefaultHttpRequest(decodeResult: success, version: HTTP/1.1)
POST /session/0e80b72b9fcaa19cc6c0adba6b69ac46/element HTTP/1.1
User-Agent: selenium/4.1.3 (java windows)
Content-Length: 61
Content-Type: application/json; charset=utf-8
host: localhost:55337
accept: */*

Response DefaultHttpResponse(decodeResult: success, version: HTTP/1.1)
HTTP/1.1 200 OK
Content-Type: application/json; charset=utf-8
cache-control: no-cache
content-length: 88

14:17:18.150 [AsyncHttpClient-1-5] DEBUG org.asynchttpclient.netty.channel.ChannelManager - Adding key: http://localhost:55337 for channel [id: 0xc8083c05, L:/127.0.0.1:60703 - R:localhost/127.0.0.1:55337]
14:17:18.152 [Forwarding setTimeout on session 0e80b72b9fcaa19cc6c0adba6b69ac46 to remote] DEBUG org.asynchttpclient.netty.request.NettyRequestSender - Using pooled Channel '[id: 0xc8083c05, L:/127.0.0.1:60703 - R:localhost/127.0.0.1:55337]' for 'POST' to 'http://localhost:55337/session/0e80b72b9fcaa19cc6c0adba6b69ac46/timeouts'
14:17:18.152 [Forwarding setTimeout on session 0e80b72b9fcaa19cc6c0adba6b69ac46 to remote] DEBUG org.asynchttpclient.netty.request.NettyRequestSender - Using open Channel [id: 0xc8083c05, L:/127.0.0.1:60703 - R:localhost/127.0.0.1:55337] for POST '/session/0e80b72b9fcaa19cc6c0adba6b69ac46/timeouts'
14:17:18.154 [AsyncHttpClient-1-5] DEBUG org.asynchttpclient.netty.handler.HttpHandler - 

Request DefaultHttpRequest(decodeResult: success, version: HTTP/1.1)
POST /session/0e80b72b9fcaa19cc6c0adba6b69ac46/timeouts HTTP/1.1
User-Agent: selenium/4.1.3 (java windows)
Content-Length: 22
Content-Type: application/json; charset=utf-8
host: localhost:55337
accept: */*

Response DefaultHttpResponse(decodeResult: success, version: HTTP/1.1)
HTTP/1.1 200 OK
Content-Type: application/json; charset=utf-8
cache-control: no-cache
content-length: 14

14:17:18.154 [AsyncHttpClient-1-5] DEBUG org.asynchttpclient.netty.channel.ChannelManager - Adding key: http://localhost:55337 for channel [id: 0xc8083c05, L:/127.0.0.1:60703 - R:localhost/127.0.0.1:55337]
14:17:18.158 [Forwarding isElementDisplayed on session 0e80b72b9fcaa19cc6c0adba6b69ac46 to remote] DEBUG org.asynchttpclient.netty.request.NettyRequestSender - Using pooled Channel '[id: 0xc8083c05, L:/127.0.0.1:60703 - R:localhost/127.0.0.1:55337]' for 'POST' to 'http://localhost:55337/session/0e80b72b9fcaa19cc6c0adba6b69ac46/execute/sync'
14:17:18.158 [Forwarding isElementDisplayed on session 0e80b72b9fcaa19cc6c0adba6b69ac46 to remote] DEBUG org.asynchttpclient.netty.request.NettyRequestSender - Using open Channel [id: 0xc8083c05, L:/127.0.0.1:60703 - R:localhost/127.0.0.1:55337] for POST '/session/0e80b72b9fcaa19cc6c0adba6b69ac46/execute/sync'
14:17:18.174 [AsyncHttpClient-1-5] DEBUG org.asynchttpclient.netty.handler.HttpHandler - 

Request DefaultHttpRequest(decodeResult: success, version: HTTP/1.1)
POST /session/0e80b72b9fcaa19cc6c0adba6b69ac46/execute/sync HTTP/1.1
User-Agent: selenium/4.1.3 (java windows)
Content-Length: 48780
Content-Type: application/json; charset=utf-8
host: localhost:55337
accept: */*

Response DefaultHttpResponse(decodeResult: success, version: HTTP/1.1)
HTTP/1.1 200 OK
Content-Type: application/json; charset=utf-8
cache-control: no-cache
content-length: 14

14:17:18.174 [AsyncHttpClient-1-5] DEBUG org.asynchttpclient.netty.channel.ChannelManager - Adding key: http://localhost:55337 for channel [id: 0xc8083c05, L:/127.0.0.1:60703 - R:localhost/127.0.0.1:55337]
14:17:18.178 [Forwarding clearElement on session 0e80b72b9fcaa19cc6c0adba6b69ac46 to remote] DEBUG org.asynchttpclient.netty.request.NettyRequestSender - Using pooled Channel '[id: 0xc8083c05, L:/127.0.0.1:60703 - R:localhost/127.0.0.1:55337]' for 'POST' to 'http://localhost:55337/session/0e80b72b9fcaa19cc6c0adba6b69ac46/element/f92ac703-b88d-4a71-a5f6-d5815be0569d/clear'
14:17:18.178 [Forwarding clearElement on session 0e80b72b9fcaa19cc6c0adba6b69ac46 to remote] DEBUG org.asynchttpclient.netty.request.NettyRequestSender - Using open Channel [id: 0xc8083c05, L:/127.0.0.1:60703 - R:localhost/127.0.0.1:55337] for POST '/session/0e80b72b9fcaa19cc6c0adba6b69ac46/element/f92ac703-b88d-4a71-a5f6-d5815be0569d/clear'
14:17:18.219 [AsyncHttpClient-1-5] DEBUG org.asynchttpclient.netty.handler.HttpHandler - 

Request DefaultHttpRequest(decodeResult: success, version: HTTP/1.1)
POST /session/0e80b72b9fcaa19cc6c0adba6b69ac46/element/f92ac703-b88d-4a71-a5f6-d5815be0569d/clear HTTP/1.1
User-Agent: selenium/4.1.3 (java windows)
Content-Length: 50
Content-Type: application/json; charset=utf-8
host: localhost:55337
accept: */*

Response DefaultHttpResponse(decodeResult: success, version: HTTP/1.1)
HTTP/1.1 200 OK
Content-Type: application/json; charset=utf-8
cache-control: no-cache
content-length: 14

14:17:18.220 [AsyncHttpClient-1-5] DEBUG org.asynchttpclient.netty.channel.ChannelManager - Adding key: http://localhost:55337 for channel [id: 0xc8083c05, L:/127.0.0.1:60703 - R:localhost/127.0.0.1:55337]
14:17:18.222 [Forwarding sendKeysToElement on session 0e80b72b9fcaa19cc6c0adba6b69ac46 to remote] DEBUG org.asynchttpclient.netty.request.NettyRequestSender - Using pooled Channel '[id: 0xc8083c05, L:/127.0.0.1:60703 - R:localhost/127.0.0.1:55337]' for 'POST' to 'http://localhost:55337/session/0e80b72b9fcaa19cc6c0adba6b69ac46/element/f92ac703-b88d-4a71-a5f6-d5815be0569d/value'
14:17:18.222 [Forwarding sendKeysToElement on session 0e80b72b9fcaa19cc6c0adba6b69ac46 to remote] DEBUG org.asynchttpclient.netty.request.NettyRequestSender - Using open Channel [id: 0xc8083c05, L:/127.0.0.1:60703 - R:localhost/127.0.0.1:55337] for POST '/session/0e80b72b9fcaa19cc6c0adba6b69ac46/element/f92ac703-b88d-4a71-a5f6-d5815be0569d/value'
14:17:18.287 [AsyncHttpClient-1-5] DEBUG org.asynchttpclient.netty.handler.HttpHandler - 

Request DefaultHttpRequest(decodeResult: success, version: HTTP/1.1)
POST /session/0e80b72b9fcaa19cc6c0adba6b69ac46/element/f92ac703-b88d-4a71-a5f6-d5815be0569d/value HTTP/1.1
User-Agent: selenium/4.1.3 (java windows)
Content-Length: 181
Content-Type: application/json; charset=utf-8
host: localhost:55337
accept: */*

Response DefaultHttpResponse(decodeResult: success, version: HTTP/1.1)
HTTP/1.1 200 OK
Content-Type: application/json; charset=utf-8
cache-control: no-cache
content-length: 14

14:17:18.288 [AsyncHttpClient-1-5] DEBUG org.asynchttpclient.netty.channel.ChannelManager - Adding key: http://localhost:55337 for channel [id: 0xc8083c05, L:/127.0.0.1:60703 - R:localhost/127.0.0.1:55337]
14:17:18.295 [Forwarding setTimeout on session 0e80b72b9fcaa19cc6c0adba6b69ac46 to remote] DEBUG org.asynchttpclient.netty.request.NettyRequestSender - Using pooled Channel '[id: 0xc8083c05, L:/127.0.0.1:60703 - R:localhost/127.0.0.1:55337]' for 'POST' to 'http://localhost:55337/session/0e80b72b9fcaa19cc6c0adba6b69ac46/timeouts'
14:17:18.295 [Forwarding setTimeout on session 0e80b72b9fcaa19cc6c0adba6b69ac46 to remote] DEBUG org.asynchttpclient.netty.request.NettyRequestSender - Using open Channel [id: 0xc8083c05, L:/127.0.0.1:60703 - R:localhost/127.0.0.1:55337] for POST '/session/0e80b72b9fcaa19cc6c0adba6b69ac46/timeouts'
14:17:18.297 [AsyncHttpClient-1-5] DEBUG org.asynchttpclient.netty.handler.HttpHandler - 

Request DefaultHttpRequest(decodeResult: success, version: HTTP/1.1)
POST /session/0e80b72b9fcaa19cc6c0adba6b69ac46/timeouts HTTP/1.1
User-Agent: selenium/4.1.3 (java windows)
Content-Length: 19
Content-Type: application/json; charset=utf-8
host: localhost:55337
accept: */*

Response DefaultHttpResponse(decodeResult: success, version: HTTP/1.1)
HTTP/1.1 200 OK
Content-Type: application/json; charset=utf-8
cache-control: no-cache
content-length: 14

14:17:18.298 [AsyncHttpClient-1-5] DEBUG org.asynchttpclient.netty.channel.ChannelManager - Adding key: http://localhost:55337 for channel [id: 0xc8083c05, L:/127.0.0.1:60703 - R:localhost/127.0.0.1:55337]
14:17:18.300 [Forwarding findElement on session 0e80b72b9fcaa19cc6c0adba6b69ac46 to remote] DEBUG org.asynchttpclient.netty.request.NettyRequestSender - Using pooled Channel '[id: 0xc8083c05, L:/127.0.0.1:60703 - R:localhost/127.0.0.1:55337]' for 'POST' to 'http://localhost:55337/session/0e80b72b9fcaa19cc6c0adba6b69ac46/element'
14:17:18.300 [Forwarding findElement on session 0e80b72b9fcaa19cc6c0adba6b69ac46 to remote] DEBUG org.asynchttpclient.netty.request.NettyRequestSender - Using open Channel [id: 0xc8083c05, L:/127.0.0.1:60703 - R:localhost/127.0.0.1:55337] for POST '/session/0e80b72b9fcaa19cc6c0adba6b69ac46/element'
14:17:18.442 [AsyncHttpClient-1-5] DEBUG org.asynchttpclient.netty.handler.HttpHandler - 

Request DefaultHttpRequest(decodeResult: success, version: HTTP/1.1)
POST /session/0e80b72b9fcaa19cc6c0adba6b69ac46/element HTTP/1.1
User-Agent: selenium/4.1.3 (java windows)
Content-Length: 66
Content-Type: application/json; charset=utf-8
host: localhost:55337
accept: */*

Response DefaultHttpResponse(decodeResult: success, version: HTTP/1.1)
HTTP/1.1 200 OK
Content-Type: application/json; charset=utf-8
cache-control: no-cache
content-length: 88

14:17:18.442 [AsyncHttpClient-1-5] DEBUG org.asynchttpclient.netty.channel.ChannelManager - Adding key: http://localhost:55337 for channel [id: 0xc8083c05, L:/127.0.0.1:60703 - R:localhost/127.0.0.1:55337]
14:17:18.443 [Forwarding setTimeout on session 0e80b72b9fcaa19cc6c0adba6b69ac46 to remote] DEBUG org.asynchttpclient.netty.request.NettyRequestSender - Using pooled Channel '[id: 0xc8083c05, L:/127.0.0.1:60703 - R:localhost/127.0.0.1:55337]' for 'POST' to 'http://localhost:55337/session/0e80b72b9fcaa19cc6c0adba6b69ac46/timeouts'
14:17:18.443 [Forwarding setTimeout on session 0e80b72b9fcaa19cc6c0adba6b69ac46 to remote] DEBUG org.asynchttpclient.netty.request.NettyRequestSender - Using open Channel [id: 0xc8083c05, L:/127.0.0.1:60703 - R:localhost/127.0.0.1:55337] for POST '/session/0e80b72b9fcaa19cc6c0adba6b69ac46/timeouts'
14:17:18.444 [AsyncHttpClient-1-5] DEBUG org.asynchttpclient.netty.handler.HttpHandler - 

Request DefaultHttpRequest(decodeResult: success, version: HTTP/1.1)
POST /session/0e80b72b9fcaa19cc6c0adba6b69ac46/timeouts HTTP/1.1
User-Agent: selenium/4.1.3 (java windows)
Content-Length: 22
Content-Type: application/json; charset=utf-8
host: localhost:55337
accept: */*

Response DefaultHttpResponse(decodeResult: success, version: HTTP/1.1)
HTTP/1.1 200 OK
Content-Type: application/json; charset=utf-8
cache-control: no-cache
content-length: 14

14:17:18.444 [AsyncHttpClient-1-5] DEBUG org.asynchttpclient.netty.channel.ChannelManager - Adding key: http://localhost:55337 for channel [id: 0xc8083c05, L:/127.0.0.1:60703 - R:localhost/127.0.0.1:55337]
14:17:18.449 [Forwarding isElementDisplayed on session 0e80b72b9fcaa19cc6c0adba6b69ac46 to remote] DEBUG org.asynchttpclient.netty.request.NettyRequestSender - Using pooled Channel '[id: 0xc8083c05, L:/127.0.0.1:60703 - R:localhost/127.0.0.1:55337]' for 'POST' to 'http://localhost:55337/session/0e80b72b9fcaa19cc6c0adba6b69ac46/execute/sync'
14:17:18.449 [Forwarding isElementDisplayed on session 0e80b72b9fcaa19cc6c0adba6b69ac46 to remote] DEBUG org.asynchttpclient.netty.request.NettyRequestSender - Using open Channel [id: 0xc8083c05, L:/127.0.0.1:60703 - R:localhost/127.0.0.1:55337] for POST '/session/0e80b72b9fcaa19cc6c0adba6b69ac46/execute/sync'
14:17:18.464 [AsyncHttpClient-1-5] DEBUG org.asynchttpclient.netty.handler.HttpHandler - 

Request DefaultHttpRequest(decodeResult: success, version: HTTP/1.1)
POST /session/0e80b72b9fcaa19cc6c0adba6b69ac46/execute/sync HTTP/1.1
User-Agent: selenium/4.1.3 (java windows)
Content-Length: 48780
Content-Type: application/json; charset=utf-8
host: localhost:55337
accept: */*

Response DefaultHttpResponse(decodeResult: success, version: HTTP/1.1)
HTTP/1.1 200 OK
Content-Type: application/json; charset=utf-8
cache-control: no-cache
content-length: 14

14:17:18.464 [AsyncHttpClient-1-5] DEBUG org.asynchttpclient.netty.channel.ChannelManager - Adding key: http://localhost:55337 for channel [id: 0xc8083c05, L:/127.0.0.1:60703 - R:localhost/127.0.0.1:55337]
14:17:18.467 [Forwarding clearElement on session 0e80b72b9fcaa19cc6c0adba6b69ac46 to remote] DEBUG org.asynchttpclient.netty.request.NettyRequestSender - Using pooled Channel '[id: 0xc8083c05, L:/127.0.0.1:60703 - R:localhost/127.0.0.1:55337]' for 'POST' to 'http://localhost:55337/session/0e80b72b9fcaa19cc6c0adba6b69ac46/element/cac9d0e2-f510-4aaa-941b-2ac050be22cb/clear'
14:17:18.467 [Forwarding clearElement on session 0e80b72b9fcaa19cc6c0adba6b69ac46 to remote] DEBUG org.asynchttpclient.netty.request.NettyRequestSender - Using open Channel [id: 0xc8083c05, L:/127.0.0.1:60703 - R:localhost/127.0.0.1:55337] for POST '/session/0e80b72b9fcaa19cc6c0adba6b69ac46/element/cac9d0e2-f510-4aaa-941b-2ac050be22cb/clear'
14:17:18.499 [AsyncHttpClient-1-5] DEBUG org.asynchttpclient.netty.handler.HttpHandler - 

Request DefaultHttpRequest(decodeResult: success, version: HTTP/1.1)
POST /session/0e80b72b9fcaa19cc6c0adba6b69ac46/element/cac9d0e2-f510-4aaa-941b-2ac050be22cb/clear HTTP/1.1
User-Agent: selenium/4.1.3 (java windows)
Content-Length: 50
Content-Type: application/json; charset=utf-8
host: localhost:55337
accept: */*

Response DefaultHttpResponse(decodeResult: success, version: HTTP/1.1)
HTTP/1.1 200 OK
Content-Type: application/json; charset=utf-8
cache-control: no-cache
content-length: 14

14:17:18.500 [AsyncHttpClient-1-5] DEBUG org.asynchttpclient.netty.channel.ChannelManager - Adding key: http://localhost:55337 for channel [id: 0xc8083c05, L:/127.0.0.1:60703 - R:localhost/127.0.0.1:55337]
14:17:18.502 [Forwarding sendKeysToElement on session 0e80b72b9fcaa19cc6c0adba6b69ac46 to remote] DEBUG org.asynchttpclient.netty.request.NettyRequestSender - Using pooled Channel '[id: 0xc8083c05, L:/127.0.0.1:60703 - R:localhost/127.0.0.1:55337]' for 'POST' to 'http://localhost:55337/session/0e80b72b9fcaa19cc6c0adba6b69ac46/element/cac9d0e2-f510-4aaa-941b-2ac050be22cb/value'
14:17:18.502 [Forwarding sendKeysToElement on session 0e80b72b9fcaa19cc6c0adba6b69ac46 to remote] DEBUG org.asynchttpclient.netty.request.NettyRequestSender - Using open Channel [id: 0xc8083c05, L:/127.0.0.1:60703 - R:localhost/127.0.0.1:55337] for POST '/session/0e80b72b9fcaa19cc6c0adba6b69ac46/element/cac9d0e2-f510-4aaa-941b-2ac050be22cb/value'
14:17:18.676 [AsyncHttpClient-1-5] DEBUG org.asynchttpclient.netty.handler.HttpHandler - 

Request DefaultHttpRequest(decodeResult: success, version: HTTP/1.1)
POST /session/0e80b72b9fcaa19cc6c0adba6b69ac46/element/cac9d0e2-f510-4aaa-941b-2ac050be22cb/value HTTP/1.1
User-Agent: selenium/4.1.3 (java windows)
Content-Length: 131
Content-Type: application/json; charset=utf-8
host: localhost:55337
accept: */*

Response DefaultHttpResponse(decodeResult: success, version: HTTP/1.1)
HTTP/1.1 200 OK
Content-Type: application/json; charset=utf-8
cache-control: no-cache
content-length: 14

14:17:18.676 [AsyncHttpClient-1-5] DEBUG org.asynchttpclient.netty.channel.ChannelManager - Adding key: http://localhost:55337 for channel [id: 0xc8083c05, L:/127.0.0.1:60703 - R:localhost/127.0.0.1:55337]
14:17:18.681 [Forwarding setTimeout on session 0e80b72b9fcaa19cc6c0adba6b69ac46 to remote] DEBUG org.asynchttpclient.netty.request.NettyRequestSender - Using pooled Channel '[id: 0xc8083c05, L:/127.0.0.1:60703 - R:localhost/127.0.0.1:55337]' for 'POST' to 'http://localhost:55337/session/0e80b72b9fcaa19cc6c0adba6b69ac46/timeouts'
14:17:18.681 [Forwarding setTimeout on session 0e80b72b9fcaa19cc6c0adba6b69ac46 to remote] DEBUG org.asynchttpclient.netty.request.NettyRequestSender - Using open Channel [id: 0xc8083c05, L:/127.0.0.1:60703 - R:localhost/127.0.0.1:55337] for POST '/session/0e80b72b9fcaa19cc6c0adba6b69ac46/timeouts'
14:17:18.683 [AsyncHttpClient-1-5] DEBUG org.asynchttpclient.netty.handler.HttpHandler - 

Request DefaultHttpRequest(decodeResult: success, version: HTTP/1.1)
POST /session/0e80b72b9fcaa19cc6c0adba6b69ac46/timeouts HTTP/1.1
User-Agent: selenium/4.1.3 (java windows)
Content-Length: 19
Content-Type: application/json; charset=utf-8
host: localhost:55337
accept: */*

Response DefaultHttpResponse(decodeResult: success, version: HTTP/1.1)
HTTP/1.1 200 OK
Content-Type: application/json; charset=utf-8
cache-control: no-cache
content-length: 14

14:17:18.683 [AsyncHttpClient-1-5] DEBUG org.asynchttpclient.netty.channel.ChannelManager - Adding key: http://localhost:55337 for channel [id: 0xc8083c05, L:/127.0.0.1:60703 - R:localhost/127.0.0.1:55337]
14:17:18.686 [Forwarding findElement on session 0e80b72b9fcaa19cc6c0adba6b69ac46 to remote] DEBUG org.asynchttpclient.netty.request.NettyRequestSender - Using pooled Channel '[id: 0xc8083c05, L:/127.0.0.1:60703 - R:localhost/127.0.0.1:55337]' for 'POST' to 'http://localhost:55337/session/0e80b72b9fcaa19cc6c0adba6b69ac46/element'
14:17:18.686 [Forwarding findElement on session 0e80b72b9fcaa19cc6c0adba6b69ac46 to remote] DEBUG org.asynchttpclient.netty.request.NettyRequestSender - Using open Channel [id: 0xc8083c05, L:/127.0.0.1:60703 - R:localhost/127.0.0.1:55337] for POST '/session/0e80b72b9fcaa19cc6c0adba6b69ac46/element'
14:17:18.695 [AsyncHttpClient-1-5] DEBUG org.asynchttpclient.netty.handler.HttpHandler - 

Request DefaultHttpRequest(decodeResult: success, version: HTTP/1.1)
POST /session/0e80b72b9fcaa19cc6c0adba6b69ac46/element HTTP/1.1
User-Agent: selenium/4.1.3 (java windows)
Content-Length: 64
Content-Type: application/json; charset=utf-8
host: localhost:55337
accept: */*

Response DefaultHttpResponse(decodeResult: success, version: HTTP/1.1)
HTTP/1.1 200 OK
Content-Type: application/json; charset=utf-8
cache-control: no-cache
content-length: 88

14:17:18.696 [AsyncHttpClient-1-5] DEBUG org.asynchttpclient.netty.channel.ChannelManager - Adding key: http://localhost:55337 for channel [id: 0xc8083c05, L:/127.0.0.1:60703 - R:localhost/127.0.0.1:55337]
14:17:18.697 [AsyncHttpClient-1-1] DEBUG org.asynchttpclient.netty.channel.DefaultChannelPool - Entry count for : http://localhost:60704 : 1
14:17:18.697 [AsyncHttpClient-1-1] DEBUG org.asynchttpclient.netty.channel.DefaultChannelPool - Entry count for : http://localhost:55337 : 1
14:17:18.698 [Forwarding setTimeout on session 0e80b72b9fcaa19cc6c0adba6b69ac46 to remote] DEBUG org.asynchttpclient.netty.request.NettyRequestSender - Using pooled Channel '[id: 0xc8083c05, L:/127.0.0.1:60703 - R:localhost/127.0.0.1:55337]' for 'POST' to 'http://localhost:55337/session/0e80b72b9fcaa19cc6c0adba6b69ac46/timeouts'
14:17:18.698 [Forwarding setTimeout on session 0e80b72b9fcaa19cc6c0adba6b69ac46 to remote] DEBUG org.asynchttpclient.netty.request.NettyRequestSender - Using open Channel [id: 0xc8083c05, L:/127.0.0.1:60703 - R:localhost/127.0.0.1:55337] for POST '/session/0e80b72b9fcaa19cc6c0adba6b69ac46/timeouts'
14:17:18.699 [AsyncHttpClient-1-5] DEBUG org.asynchttpclient.netty.handler.HttpHandler - 

Request DefaultHttpRequest(decodeResult: success, version: HTTP/1.1)
POST /session/0e80b72b9fcaa19cc6c0adba6b69ac46/timeouts HTTP/1.1
User-Agent: selenium/4.1.3 (java windows)
Content-Length: 22
Content-Type: application/json; charset=utf-8
host: localhost:55337
accept: */*

Response DefaultHttpResponse(decodeResult: success, version: HTTP/1.1)
HTTP/1.1 200 OK
Content-Type: application/json; charset=utf-8
cache-control: no-cache
content-length: 14

14:17:18.699 [AsyncHttpClient-1-5] DEBUG org.asynchttpclient.netty.channel.ChannelManager - Adding key: http://localhost:55337 for channel [id: 0xc8083c05, L:/127.0.0.1:60703 - R:localhost/127.0.0.1:55337]
14:17:18.704 [Forwarding isElementDisplayed on session 0e80b72b9fcaa19cc6c0adba6b69ac46 to remote] DEBUG org.asynchttpclient.netty.request.NettyRequestSender - Using pooled Channel '[id: 0xc8083c05, L:/127.0.0.1:60703 - R:localhost/127.0.0.1:55337]' for 'POST' to 'http://localhost:55337/session/0e80b72b9fcaa19cc6c0adba6b69ac46/execute/sync'
14:17:18.704 [Forwarding isElementDisplayed on session 0e80b72b9fcaa19cc6c0adba6b69ac46 to remote] DEBUG org.asynchttpclient.netty.request.NettyRequestSender - Using open Channel [id: 0xc8083c05, L:/127.0.0.1:60703 - R:localhost/127.0.0.1:55337] for POST '/session/0e80b72b9fcaa19cc6c0adba6b69ac46/execute/sync'
14:17:18.712 [AsyncHttpClient-1-5] DEBUG org.asynchttpclient.netty.handler.HttpHandler - 

Request DefaultHttpRequest(decodeResult: success, version: HTTP/1.1)
POST /session/0e80b72b9fcaa19cc6c0adba6b69ac46/execute/sync HTTP/1.1
User-Agent: selenium/4.1.3 (java windows)
Content-Length: 48780
Content-Type: application/json; charset=utf-8
host: localhost:55337
accept: */*

Response DefaultHttpResponse(decodeResult: success, version: HTTP/1.1)
HTTP/1.1 200 OK
Content-Type: application/json; charset=utf-8
cache-control: no-cache
content-length: 14

14:17:18.712 [AsyncHttpClient-1-5] DEBUG org.asynchttpclient.netty.channel.ChannelManager - Adding key: http://localhost:55337 for channel [id: 0xc8083c05, L:/127.0.0.1:60703 - R:localhost/127.0.0.1:55337]
14:17:18.715 [Forwarding getElementTagName on session 0e80b72b9fcaa19cc6c0adba6b69ac46 to remote] DEBUG org.asynchttpclient.netty.request.NettyRequestSender - Using pooled Channel '[id: 0xc8083c05, L:/127.0.0.1:60703 - R:localhost/127.0.0.1:55337]' for 'GET' to 'http://localhost:55337/session/0e80b72b9fcaa19cc6c0adba6b69ac46/element/eab24542-f613-4274-9eae-265004d76329/name'
14:17:18.715 [Forwarding getElementTagName on session 0e80b72b9fcaa19cc6c0adba6b69ac46 to remote] DEBUG org.asynchttpclient.netty.request.NettyRequestSender - Using open Channel [id: 0xc8083c05, L:/127.0.0.1:60703 - R:localhost/127.0.0.1:55337] for GET '/session/0e80b72b9fcaa19cc6c0adba6b69ac46/element/eab24542-f613-4274-9eae-265004d76329/name'
14:17:18.718 [AsyncHttpClient-1-5] DEBUG org.asynchttpclient.netty.handler.HttpHandler - 

Request DefaultFullHttpRequest(decodeResult: success, version: HTTP/1.1, content: EmptyByteBufBE)
GET /session/0e80b72b9fcaa19cc6c0adba6b69ac46/element/eab24542-f613-4274-9eae-265004d76329/name HTTP/1.1
User-Agent: selenium/4.1.3 (java windows)
Cache-Control: no-cache
Content-Type: application/json; charset=utf-8
host: localhost:55337
accept: */*

Response DefaultHttpResponse(decodeResult: success, version: HTTP/1.1)
HTTP/1.1 200 OK
Content-Type: application/json; charset=utf-8
cache-control: no-cache
content-length: 17

14:17:18.719 [AsyncHttpClient-1-5] DEBUG org.asynchttpclient.netty.channel.ChannelManager - Adding key: http://localhost:55337 for channel [id: 0xc8083c05, L:/127.0.0.1:60703 - R:localhost/127.0.0.1:55337]
14:17:18.721 [Forwarding getElementTagName on session 0e80b72b9fcaa19cc6c0adba6b69ac46 to remote] DEBUG org.asynchttpclient.netty.request.NettyRequestSender - Using pooled Channel '[id: 0xc8083c05, L:/127.0.0.1:60703 - R:localhost/127.0.0.1:55337]' for 'GET' to 'http://localhost:55337/session/0e80b72b9fcaa19cc6c0adba6b69ac46/element/eab24542-f613-4274-9eae-265004d76329/name'
14:17:18.721 [Forwarding getElementTagName on session 0e80b72b9fcaa19cc6c0adba6b69ac46 to remote] DEBUG org.asynchttpclient.netty.request.NettyRequestSender - Using open Channel [id: 0xc8083c05, L:/127.0.0.1:60703 - R:localhost/127.0.0.1:55337] for GET '/session/0e80b72b9fcaa19cc6c0adba6b69ac46/element/eab24542-f613-4274-9eae-265004d76329/name'
14:17:18.724 [AsyncHttpClient-1-5] DEBUG org.asynchttpclient.netty.handler.HttpHandler - 

Request DefaultFullHttpRequest(decodeResult: success, version: HTTP/1.1, content: EmptyByteBufBE)
GET /session/0e80b72b9fcaa19cc6c0adba6b69ac46/element/eab24542-f613-4274-9eae-265004d76329/name HTTP/1.1
User-Agent: selenium/4.1.3 (java windows)
Cache-Control: no-cache
Content-Type: application/json; charset=utf-8
host: localhost:55337
accept: */*

Response DefaultHttpResponse(decodeResult: success, version: HTTP/1.1)
HTTP/1.1 200 OK
Content-Type: application/json; charset=utf-8
cache-control: no-cache
content-length: 17

14:17:18.724 [AsyncHttpClient-1-5] DEBUG org.asynchttpclient.netty.channel.ChannelManager - Adding key: http://localhost:55337 for channel [id: 0xc8083c05, L:/127.0.0.1:60703 - R:localhost/127.0.0.1:55337]
14:17:18.726 [Forwarding isElementEnabled on session 0e80b72b9fcaa19cc6c0adba6b69ac46 to remote] DEBUG org.asynchttpclient.netty.request.NettyRequestSender - Using pooled Channel '[id: 0xc8083c05, L:/127.0.0.1:60703 - R:localhost/127.0.0.1:55337]' for 'GET' to 'http://localhost:55337/session/0e80b72b9fcaa19cc6c0adba6b69ac46/element/eab24542-f613-4274-9eae-265004d76329/enabled'
14:17:18.726 [Forwarding isElementEnabled on session 0e80b72b9fcaa19cc6c0adba6b69ac46 to remote] DEBUG org.asynchttpclient.netty.request.NettyRequestSender - Using open Channel [id: 0xc8083c05, L:/127.0.0.1:60703 - R:localhost/127.0.0.1:55337] for GET '/session/0e80b72b9fcaa19cc6c0adba6b69ac46/element/eab24542-f613-4274-9eae-265004d76329/enabled'
14:17:18.733 [AsyncHttpClient-1-5] DEBUG org.asynchttpclient.netty.handler.HttpHandler - 

Request DefaultFullHttpRequest(decodeResult: success, version: HTTP/1.1, content: EmptyByteBufBE)
GET /session/0e80b72b9fcaa19cc6c0adba6b69ac46/element/eab24542-f613-4274-9eae-265004d76329/enabled HTTP/1.1
User-Agent: selenium/4.1.3 (java windows)
Cache-Control: no-cache
Content-Type: application/json; charset=utf-8
host: localhost:55337
accept: */*

Response DefaultHttpResponse(decodeResult: success, version: HTTP/1.1)
HTTP/1.1 200 OK
Content-Type: application/json; charset=utf-8
cache-control: no-cache
content-length: 14

14:17:18.733 [AsyncHttpClient-1-5] DEBUG org.asynchttpclient.netty.channel.ChannelManager - Adding key: http://localhost:55337 for channel [id: 0xc8083c05, L:/127.0.0.1:60703 - R:localhost/127.0.0.1:55337]
14:17:18.734 [Forwarding isElementEnabled on session 0e80b72b9fcaa19cc6c0adba6b69ac46 to remote] DEBUG org.asynchttpclient.netty.request.NettyRequestSender - Using pooled Channel '[id: 0xc8083c05, L:/127.0.0.1:60703 - R:localhost/127.0.0.1:55337]' for 'GET' to 'http://localhost:55337/session/0e80b72b9fcaa19cc6c0adba6b69ac46/element/eab24542-f613-4274-9eae-265004d76329/enabled'
14:17:18.734 [Forwarding isElementEnabled on session 0e80b72b9fcaa19cc6c0adba6b69ac46 to remote] DEBUG org.asynchttpclient.netty.request.NettyRequestSender - Using open Channel [id: 0xc8083c05, L:/127.0.0.1:60703 - R:localhost/127.0.0.1:55337] for GET '/session/0e80b72b9fcaa19cc6c0adba6b69ac46/element/eab24542-f613-4274-9eae-265004d76329/enabled'
14:17:18.738 [AsyncHttpClient-1-5] DEBUG org.asynchttpclient.netty.handler.HttpHandler - 

Request DefaultFullHttpRequest(decodeResult: success, version: HTTP/1.1, content: EmptyByteBufBE)
GET /session/0e80b72b9fcaa19cc6c0adba6b69ac46/element/eab24542-f613-4274-9eae-265004d76329/enabled HTTP/1.1
User-Agent: selenium/4.1.3 (java windows)
Cache-Control: no-cache
Content-Type: application/json; charset=utf-8
host: localhost:55337
accept: */*

Response DefaultHttpResponse(decodeResult: success, version: HTTP/1.1)
HTTP/1.1 200 OK
Content-Type: application/json; charset=utf-8
cache-control: no-cache
content-length: 14

14:17:18.739 [AsyncHttpClient-1-5] DEBUG org.asynchttpclient.netty.channel.ChannelManager - Adding key: http://localhost:55337 for channel [id: 0xc8083c05, L:/127.0.0.1:60703 - R:localhost/127.0.0.1:55337]
14:17:18.740 [Forwarding clickElement on session 0e80b72b9fcaa19cc6c0adba6b69ac46 to remote] DEBUG org.asynchttpclient.netty.request.NettyRequestSender - Using pooled Channel '[id: 0xc8083c05, L:/127.0.0.1:60703 - R:localhost/127.0.0.1:55337]' for 'POST' to 'http://localhost:55337/session/0e80b72b9fcaa19cc6c0adba6b69ac46/element/eab24542-f613-4274-9eae-265004d76329/click'
14:17:18.740 [Forwarding clickElement on session 0e80b72b9fcaa19cc6c0adba6b69ac46 to remote] DEBUG org.asynchttpclient.netty.request.NettyRequestSender - Using open Channel [id: 0xc8083c05, L:/127.0.0.1:60703 - R:localhost/127.0.0.1:55337] for POST '/session/0e80b72b9fcaa19cc6c0adba6b69ac46/element/eab24542-f613-4274-9eae-265004d76329/click'
14:17:19.271 [AsyncHttpClient-1-5] DEBUG org.asynchttpclient.netty.handler.HttpHandler - 

Request DefaultHttpRequest(decodeResult: success, version: HTTP/1.1)
POST /session/0e80b72b9fcaa19cc6c0adba6b69ac46/element/eab24542-f613-4274-9eae-265004d76329/click HTTP/1.1
User-Agent: selenium/4.1.3 (java windows)
Content-Length: 50
Content-Type: application/json; charset=utf-8
host: localhost:55337
accept: */*

Response DefaultHttpResponse(decodeResult: success, version: HTTP/1.1)
HTTP/1.1 200 OK
Content-Type: application/json; charset=utf-8
cache-control: no-cache
content-length: 14

14:17:19.272 [AsyncHttpClient-1-5] DEBUG org.asynchttpclient.netty.channel.ChannelManager - Adding key: http://localhost:55337 for channel [id: 0xc8083c05, L:/127.0.0.1:60703 - R:localhost/127.0.0.1:55337]
14:17:19.275 [main] DEBUG net.thucydides.core.steps.StepInterceptor - STEP DONE: login
  &amp#27;[32mGiven &amp#27;[0m&amp#27;[32mthe user enters the username &amp#27;[0m&amp#27;[32m&amp#27;[1mmngr398793&amp#27;[0m&amp#27;[32m and password &amp#27;[0m&amp#27;[32m&amp#27;[1mmngr3&amp#27;[0m &amp#27;[90m# cucumber.LoginStepDefs.the_user_enters_the_username_and_password(java.lang.String,java.lang.String)&amp#27;[0m
14:17:19.285 [main] DEBUG net.thucydides.core.steps.StepInterceptor - STARTING STEP: LoginStepDefs.the_error_message_user_is_not_valid_is_displayed - checkInvalid
14:17:19.287 [Forwarding getAlertText on session 0e80b72b9fcaa19cc6c0adba6b69ac46 to remote] DEBUG org.asynchttpclient.netty.request.NettyRequestSender - Using pooled Channel '[id: 0xc8083c05, L:/127.0.0.1:60703 - R:localhost/127.0.0.1:55337]' for 'GET' to 'http://localhost:55337/session/0e80b72b9fcaa19cc6c0adba6b69ac46/alert/text'
14:17:19.287 [Forwarding getAlertText on session 0e80b72b9fcaa19cc6c0adba6b69ac46 to remote] DEBUG org.asynchttpclient.netty.request.NettyRequestSender - Using open Channel [id: 0xc8083c05, L:/127.0.0.1:60703 - R:localhost/127.0.0.1:55337] for GET '/session/0e80b72b9fcaa19cc6c0adba6b69ac46/alert/text'
14:17:19.289 [AsyncHttpClient-1-5] DEBUG org.asynchttpclient.netty.handler.HttpHandler - 

Request DefaultFullHttpRequest(decodeResult: success, version: HTTP/1.1, content: EmptyByteBufBE)
GET /session/0e80b72b9fcaa19cc6c0adba6b69ac46/alert/text HTTP/1.1
User-Agent: selenium/4.1.3 (java windows)
Cache-Control: no-cache
Content-Type: application/json; charset=utf-8
host: localhost:55337
accept: */*

Response DefaultHttpResponse(decodeResult: success, version: HTTP/1.1)
HTTP/1.1 200 OK
Content-Type: application/json; charset=utf-8
cache-control: no-cache
content-length: 29

14:17:19.289 [AsyncHttpClient-1-5] DEBUG org.asynchttpclient.netty.channel.ChannelManager - Adding key: http://localhost:55337 for channel [id: 0xc8083c05, L:/127.0.0.1:60703 - R:localhost/127.0.0.1:55337]
14:17:19.292 [Forwarding getAlertText on session 0e80b72b9fcaa19cc6c0adba6b69ac46 to remote] DEBUG org.asynchttpclient.netty.request.NettyRequestSender - Using pooled Channel '[id: 0xc8083c05, L:/127.0.0.1:60703 - R:localhost/127.0.0.1:55337]' for 'GET' to 'http://localhost:55337/session/0e80b72b9fcaa19cc6c0adba6b69ac46/alert/text'
14:17:19.292 [Forwarding getAlertText on session 0e80b72b9fcaa19cc6c0adba6b69ac46 to remote] DEBUG org.asynchttpclient.netty.request.NettyRequestSender - Using open Channel [id: 0xc8083c05, L:/127.0.0.1:60703 - R:localhost/127.0.0.1:55337] for GET '/session/0e80b72b9fcaa19cc6c0adba6b69ac46/alert/text'
14:17:19.293 [AsyncHttpClient-1-5] DEBUG org.asynchttpclient.netty.handler.HttpHandler - 

Request DefaultFullHttpRequest(decodeResult: success, version: HTTP/1.1, content: EmptyByteBufBE)
GET /session/0e80b72b9fcaa19cc6c0adba6b69ac46/alert/text HTTP/1.1
User-Agent: selenium/4.1.3 (java windows)
Cache-Control: no-cache
Content-Type: application/json; charset=utf-8
host: localhost:55337
accept: */*

Response DefaultHttpResponse(decodeResult: success, version: HTTP/1.1)
HTTP/1.1 200 OK
Content-Type: application/json; charset=utf-8
cache-control: no-cache
content-length: 29

14:17:19.293 [AsyncHttpClient-1-5] DEBUG org.asynchttpclient.netty.channel.ChannelManager - Adding key: http://localhost:55337 for channel [id: 0xc8083c05, L:/127.0.0.1:60703 - R:localhost/127.0.0.1:55337]
14:17:19.296 [main] DEBUG net.thucydides.core.steps.StepInterceptor - STEP DONE: checkInvalid
  &amp#27;[31mThen &amp#27;[0m&amp#27;[31mthe error message &amp#27;[0m&amp#27;[31m&amp#27;[1m'User is wrong'&amp#27;[0m&amp#27;[31m is displayed&amp#27;[0m              &amp#27;[90m# cucumber.LoginStepDefs.the_error_message_user_is_not_valid_is_displayed(java.lang.String)&amp#27;[0m
      &amp#27;[31mjava.lang.AssertionError: The User is wrongis wrong
	at org.hamcrest.MatcherAssert.assertThat(MatcherAssert.java:26)
	at cucumber.LoginStepDefs.the_error_message_user_is_not_valid_is_displayed(LoginStepDefs.java:27)
	at âœ½.the error message 'User is wrong' is displayed(file:///D:/Pratice/serenity_homework/src/test/resources/features.login/login_unsuccess.feature:6)
&amp#27;[0m
14:17:19.314 [main] DEBUG net.serenitybdd.core.photography.Darkroom - Opening darkroom
14:17:19.316 [Darkroom Processing Line] DEBUG net.serenitybdd.core.photography.DarkroomProcessingLine - Darkroom processing line starting up
14:17:19.317 [Forwarding screenshot on session 0e80b72b9fcaa19cc6c0adba6b69ac46 to remote] DEBUG org.asynchttpclient.netty.request.NettyRequestSender - Using pooled Channel '[id: 0xc8083c05, L:/127.0.0.1:60703 - R:localhost/127.0.0.1:55337]' for 'GET' to 'http://localhost:55337/session/0e80b72b9fcaa19cc6c0adba6b69ac46/screenshot'
14:17:19.317 [Forwarding screenshot on session 0e80b72b9fcaa19cc6c0adba6b69ac46 to remote] DEBUG org.asynchttpclient.netty.request.NettyRequestSender - Using open Channel [id: 0xc8083c05, L:/127.0.0.1:60703 - R:localhost/127.0.0.1:55337] for GET '/session/0e80b72b9fcaa19cc6c0adba6b69ac46/screenshot'
14:17:19.318 [AsyncHttpClient-1-5] DEBUG org.asynchttpclient.netty.handler.HttpHandler - 

Request DefaultFullHttpRequest(decodeResult: success, version: HTTP/1.1, content: EmptyByteBufBE)
GET /session/0e80b72b9fcaa19cc6c0adba6b69ac46/screenshot HTTP/1.1
User-Agent: selenium/4.1.3 (java windows)
Cache-Control: no-cache
Content-Type: application/json; charset=utf-8
host: localhost:55337
accept: */*

Response DefaultHttpResponse(decodeResult: success, version: HTTP/1.1)
HTTP/1.1 500 Internal Server Error
Content-Type: application/json; charset=utf-8
cache-control: no-cache
content-length: 888

14:17:19.319 [AsyncHttpClient-1-5] DEBUG org.asynchttpclient.netty.channel.ChannelManager - Adding key: http://localhost:55337 for channel [id: 0xc8083c05, L:/127.0.0.1:60703 - R:localhost/127.0.0.1:55337]
14:17:19.327 [main] WARN net.thucydides.core.webdriver.WebDriverFacade - Failed to take screenshot (unexpected alert open: {Alert text : User is not valid}
  (Session info: chrome=100.0.4896.88): User is not valid
Build info: version: '4.1.3', revision: '7b1ebf28ef'
System info: host: 'LAPDELL-0226', ip: '192.168.137.230', os.name: 'Windows 10', os.arch: 'amd64', os.version: '10.0', java.version: '1.8.0_321'
Driver info: org.openqa.selenium.chrome.ChromeDriver
Command: [0e80b72b9fcaa19cc6c0adba6b69ac46, screenshot {}]
Capabilities {acceptInsecureCerts: false, browserName: chrome, browserVersion: 100.0.4896.88, chrome: {chromedriverVersion: 100.0.4896.60 (6a5d10861ce8..., userDataDir: C:\Users\DUNG~1.NGU\AppData...}, goog:chromeOptions: {debuggerAddress: localhost:60704}, javascriptEnabled: true, networkConnectionEnabled: false, pageLoadStrategy: normal, platform: WINDOWS, platformName: WINDOWS, proxy: Proxy(), se:cdp: ws://localhost:60704/devtoo..., se:cdpVersion: 100.0.4896.88, setWindowRect: true, strictFileInteractability: false, timeouts: {implicit: 0, pageLoad: 300000, script: 30000}, unhandledPromptBehavior: dismiss and notify, webauthn:extension:credBlob: true, webauthn:extension:largeBlob: true, webauthn:virtualAuthenticators: true}
Session ID: 0e80b72b9fcaa19cc6c0adba6b69ac46)
14:17:19.330 [Forwarding getPageSource on session 0e80b72b9fcaa19cc6c0adba6b69ac46 to remote] DEBUG org.asynchttpclient.netty.request.NettyRequestSender - Using pooled Channel '[id: 0xc8083c05, L:/127.0.0.1:60703 - R:localhost/127.0.0.1:55337]' for 'POST' to 'http://localhost:55337/session/0e80b72b9fcaa19cc6c0adba6b69ac46/execute/sync'
14:17:19.330 [Forwarding getPageSource on session 0e80b72b9fcaa19cc6c0adba6b69ac46 to remote] DEBUG org.asynchttpclient.netty.request.NettyRequestSender - Using open Channel [id: 0xc8083c05, L:/127.0.0.1:60703 - R:localhost/127.0.0.1:55337] for POST '/session/0e80b72b9fcaa19cc6c0adba6b69ac46/execute/sync'
14:17:19.806 [AsyncHttpClient-1-1] DEBUG org.asynchttpclient.netty.channel.DefaultChannelPool - Entry count for : http://localhost:60704 : 1
14:17:20.393 [AsyncHttpClient-1-5] DEBUG org.asynchttpclient.netty.handler.HttpHandler - 

Request DefaultHttpRequest(decodeResult: success, version: HTTP/1.1)
POST /session/0e80b72b9fcaa19cc6c0adba6b69ac46/execute/sync HTTP/1.1
User-Agent: selenium/4.1.3 (java windows)
Content-Length: 176
Content-Type: application/json; charset=utf-8
host: localhost:55337
accept: */*

Response DefaultHttpResponse(decodeResult: success, version: HTTP/1.1)
HTTP/1.1 200 OK
Content-Type: application/json; charset=utf-8
cache-control: no-cache
content-length: 20751

14:17:20.394 [AsyncHttpClient-1-5] DEBUG org.asynchttpclient.netty.channel.ChannelManager - Adding key: http://localhost:55337 for channel [id: 0xc8083c05, L:/127.0.0.1:60703 - R:localhost/127.0.0.1:55337]
14:17:20.469 [Forwarding getCurrentUrl on session 0e80b72b9fcaa19cc6c0adba6b69ac46 to remote] DEBUG org.asynchttpclient.netty.request.NettyRequestSender - Using pooled Channel '[id: 0xc8083c05, L:/127.0.0.1:60703 - R:localhost/127.0.0.1:55337]' for 'GET' to 'http://localhost:55337/session/0e80b72b9fcaa19cc6c0adba6b69ac46/url'
14:17:20.469 [Forwarding getCurrentUrl on session 0e80b72b9fcaa19cc6c0adba6b69ac46 to remote] DEBUG org.asynchttpclient.netty.request.NettyRequestSender - Using open Channel [id: 0xc8083c05, L:/127.0.0.1:60703 - R:localhost/127.0.0.1:55337] for GET '/session/0e80b72b9fcaa19cc6c0adba6b69ac46/url'
14:17:20.474 [AsyncHttpClient-1-5] DEBUG org.asynchttpclient.netty.handler.HttpHandler - 

Request DefaultFullHttpRequest(decodeResult: success, version: HTTP/1.1, content: EmptyByteBufBE)
GET /session/0e80b72b9fcaa19cc6c0adba6b69ac46/url HTTP/1.1
User-Agent: selenium/4.1.3 (java windows)
Cache-Control: no-cache
Content-Type: application/json; charset=utf-8
host: localhost:55337
accept: */*

Response DefaultHttpResponse(decodeResult: success, version: HTTP/1.1)
HTTP/1.1 200 OK
Content-Type: application/json; charset=utf-8
cache-control: no-cache
content-length: 61

14:17:20.474 [AsyncHttpClient-1-5] DEBUG org.asynchttpclient.netty.channel.ChannelManager - Adding key: http://localhost:55337 for channel [id: 0xc8083c05, L:/127.0.0.1:60703 - R:localhost/127.0.0.1:55337]
]]></system-out>
    <system-err><![CDATA[Starting ChromeDriver 100.0.4896.60 (6a5d10861ce8de5fce22564658033b43cb7de047-refs/branch-heads/4896@{#875}) on port 55337
Only local connections are allowed.
Please see https://chromedriver.chromium.org/security-considerations for suggestions on keeping ChromeDriver safe.
ChromeDriver was started successfully.
Apr 18, 2022 2:17:13 PM org.openqa.selenium.remote.ProtocolHandshake createSession
INFO: Detected dialect: W3C
Apr 18, 2022 2:17:13 PM org.openqa.selenium.devtools.CdpVersionFinder findNearestMatch
WARNING: Unable to find an exact match for CDP version 100, so returning the closest version found: 99
Apr 18, 2022 2:17:13 PM org.openqa.selenium.devtools.CdpVersionFinder findNearestMatch
INFO: Found CDP implementation for version 100 of 99
]]></system-err>
  </testcase>
  <testcase name="user login unsuccessful #2" classname="user login to the page unsuccessful" time="4.075">
    <failure message="The User is wrongis wrong" type="java.lang.AssertionError"><![CDATA[java.lang.AssertionError: The User is wrongis wrong
]]></failure>
    <system-out><![CDATA[14:17:20.503 [main] ERROR  - &amp#27;[91m
  _____   ___   ___   _____     ___     _     ___   _      ___   ___  
 |_   _| | __| / __| |_   _|   | __|   /_\   |_ _| | |    | __| |   \ 
   | |   | _|  \__ \   | |     | _|   / _ \   | |  | |__  | _|  | |) |
   |_|   |___| |___/   |_|     |_|   /_/ \_\ |___| |____| |___| |___/ 

user login unsuccessful
-----------------------------------------------------------------------&amp#27;[0m
14:17:20.506 [main] DEBUG  - RELATED ISSUES: 
14:17:20.508 [main] ERROR  - &amp#27;[91m    Test failed at step: Then the error message 'User is wrong' is displayed&amp#27;[0m
14:17:20.508 [main] ERROR  - &amp#27;[91m    The User is wrongis wrong&amp#27;[0m

@unit
Scenario Outline: user login unsuccessful                          &amp#27;[90m# src/test/resources/features.login/login_unsuccess.feature:10&amp#27;[0m
14:17:20.518 [main] INFO io.cucumber.core.plugin.SerenityReporter - Running feature from file:///D:/Pratice/serenity_homework/src/test/resources/features.login/login_unsuccess.feature
14:17:20.518 [main] WARN io.cucumber.core.plugin.SerenityReporter - Feature from file:///D:/Pratice/serenity_homework/src/test/resources/features.login/login_unsuccess.feature is not under the 'features' directory. Requirements report will not be correctly generated!
14:17:20.552 [main] DEBUG io.github.bonigarcia.wdm.cache.ResolutionCache - Resolution chrome=100 in cache (valid until 15:16:54 18/04/2022 ICT)
14:17:20.553 [main] DEBUG io.github.bonigarcia.wdm.cache.ResolutionCache - Resolution chrome100=100.0.4896.60 in cache (valid until 14:28:32 18/04/2022 ICT)
14:17:20.553 [main] INFO io.github.bonigarcia.wdm.WebDriverManager - Using chromedriver 100.0.4896.60 (resolved driver for Chrome 100)
14:17:20.558 [main] DEBUG io.github.bonigarcia.wdm.WebDriverManager - Driver chromedriver 100.0.4896.60 found in cache
14:17:20.558 [main] INFO io.github.bonigarcia.wdm.WebDriverManager - Exporting webdriver.chrome.driver as C:\Users\dung.nguyenanh\.cache\selenium\chromedriver\win32\100.0.4896.60\chromedriver.exe
14:17:20.561 [Forwarding get on session 0e80b72b9fcaa19cc6c0adba6b69ac46 to remote] DEBUG org.asynchttpclient.netty.request.NettyRequestSender - Using pooled Channel '[id: 0xc8083c05, L:/127.0.0.1:60703 - R:localhost/127.0.0.1:55337]' for 'POST' to 'http://localhost:55337/session/0e80b72b9fcaa19cc6c0adba6b69ac46/url'
14:17:20.561 [Forwarding get on session 0e80b72b9fcaa19cc6c0adba6b69ac46 to remote] DEBUG org.asynchttpclient.netty.request.NettyRequestSender - Using open Channel [id: 0xc8083c05, L:/127.0.0.1:60703 - R:localhost/127.0.0.1:55337] for POST '/session/0e80b72b9fcaa19cc6c0adba6b69ac46/url'
14:17:20.901 [AsyncHttpClient-1-1] DEBUG org.asynchttpclient.netty.channel.DefaultChannelPool - Entry count for : http://localhost:60704 : 1
14:17:21.996 [AsyncHttpClient-1-1] DEBUG org.asynchttpclient.netty.channel.DefaultChannelPool - Entry count for : http://localhost:60704 : 1
14:17:22.017 [AsyncHttpClient-1-5] DEBUG org.asynchttpclient.netty.handler.HttpHandler - 

Request DefaultHttpRequest(decodeResult: success, version: HTTP/1.1)
POST /session/0e80b72b9fcaa19cc6c0adba6b69ac46/url HTTP/1.1
User-Agent: selenium/4.1.3 (java windows)
Content-Length: 94
Content-Type: application/json; charset=utf-8
host: localhost:55337
accept: */*

Response DefaultHttpResponse(decodeResult: success, version: HTTP/1.1)
HTTP/1.1 200 OK
Content-Type: application/json; charset=utf-8
cache-control: no-cache
content-length: 14

14:17:22.017 [AsyncHttpClient-1-5] DEBUG org.asynchttpclient.netty.channel.ChannelManager - Adding key: http://localhost:55337 for channel [id: 0xc8083c05, L:/127.0.0.1:60703 - R:localhost/127.0.0.1:55337]
14:17:22.019 [Forwarding getCurrentUrl on session 0e80b72b9fcaa19cc6c0adba6b69ac46 to remote] DEBUG org.asynchttpclient.netty.request.NettyRequestSender - Using pooled Channel '[id: 0xc8083c05, L:/127.0.0.1:60703 - R:localhost/127.0.0.1:55337]' for 'GET' to 'http://localhost:55337/session/0e80b72b9fcaa19cc6c0adba6b69ac46/url'
14:17:22.019 [Forwarding getCurrentUrl on session 0e80b72b9fcaa19cc6c0adba6b69ac46 to remote] DEBUG org.asynchttpclient.netty.request.NettyRequestSender - Using open Channel [id: 0xc8083c05, L:/127.0.0.1:60703 - R:localhost/127.0.0.1:55337] for GET '/session/0e80b72b9fcaa19cc6c0adba6b69ac46/url'
14:17:22.026 [AsyncHttpClient-1-5] DEBUG org.asynchttpclient.netty.handler.HttpHandler - 

Request DefaultFullHttpRequest(decodeResult: success, version: HTTP/1.1, content: EmptyByteBufBE)
GET /session/0e80b72b9fcaa19cc6c0adba6b69ac46/url HTTP/1.1
User-Agent: selenium/4.1.3 (java windows)
Cache-Control: no-cache
Content-Type: application/json; charset=utf-8
host: localhost:55337
accept: */*

Response DefaultHttpResponse(decodeResult: success, version: HTTP/1.1)
HTTP/1.1 200 OK
Content-Type: application/json; charset=utf-8
cache-control: no-cache
content-length: 61

14:17:22.026 [AsyncHttpClient-1-5] DEBUG org.asynchttpclient.netty.channel.ChannelManager - Adding key: http://localhost:55337 for channel [id: 0xc8083c05, L:/127.0.0.1:60703 - R:localhost/127.0.0.1:55337]
14:17:22.029 [Forwarding getCurrentUrl on session 0e80b72b9fcaa19cc6c0adba6b69ac46 to remote] DEBUG org.asynchttpclient.netty.request.NettyRequestSender - Using pooled Channel '[id: 0xc8083c05, L:/127.0.0.1:60703 - R:localhost/127.0.0.1:55337]' for 'GET' to 'http://localhost:55337/session/0e80b72b9fcaa19cc6c0adba6b69ac46/url'
14:17:22.029 [Forwarding getCurrentUrl on session 0e80b72b9fcaa19cc6c0adba6b69ac46 to remote] DEBUG org.asynchttpclient.netty.request.NettyRequestSender - Using open Channel [id: 0xc8083c05, L:/127.0.0.1:60703 - R:localhost/127.0.0.1:55337] for GET '/session/0e80b72b9fcaa19cc6c0adba6b69ac46/url'
14:17:22.035 [AsyncHttpClient-1-5] DEBUG org.asynchttpclient.netty.handler.HttpHandler - 

Request DefaultFullHttpRequest(decodeResult: success, version: HTTP/1.1, content: EmptyByteBufBE)
GET /session/0e80b72b9fcaa19cc6c0adba6b69ac46/url HTTP/1.1
User-Agent: selenium/4.1.3 (java windows)
Cache-Control: no-cache
Content-Type: application/json; charset=utf-8
host: localhost:55337
accept: */*

Response DefaultHttpResponse(decodeResult: success, version: HTTP/1.1)
HTTP/1.1 200 OK
Content-Type: application/json; charset=utf-8
cache-control: no-cache
content-length: 61

14:17:22.036 [AsyncHttpClient-1-5] DEBUG org.asynchttpclient.netty.channel.ChannelManager - Adding key: http://localhost:55337 for channel [id: 0xc8083c05, L:/127.0.0.1:60703 - R:localhost/127.0.0.1:55337]
14:17:22.038 [Forwarding maximizeCurrentWindow on session 0e80b72b9fcaa19cc6c0adba6b69ac46 to remote] DEBUG org.asynchttpclient.netty.request.NettyRequestSender - Using pooled Channel '[id: 0xc8083c05, L:/127.0.0.1:60703 - R:localhost/127.0.0.1:55337]' for 'POST' to 'http://localhost:55337/session/0e80b72b9fcaa19cc6c0adba6b69ac46/window/maximize'
14:17:22.039 [Forwarding maximizeCurrentWindow on session 0e80b72b9fcaa19cc6c0adba6b69ac46 to remote] DEBUG org.asynchttpclient.netty.request.NettyRequestSender - Using open Channel [id: 0xc8083c05, L:/127.0.0.1:60703 - R:localhost/127.0.0.1:55337] for POST '/session/0e80b72b9fcaa19cc6c0adba6b69ac46/window/maximize'
14:17:22.047 [AsyncHttpClient-1-5] DEBUG org.asynchttpclient.netty.handler.HttpHandler - 

Request DefaultHttpRequest(decodeResult: success, version: HTTP/1.1)
POST /session/0e80b72b9fcaa19cc6c0adba6b69ac46/window/maximize HTTP/1.1
User-Agent: selenium/4.1.3 (java windows)
Content-Length: 3
Content-Type: application/json; charset=utf-8
host: localhost:55337
accept: */*

Response DefaultHttpResponse(decodeResult: success, version: HTTP/1.1)
HTTP/1.1 200 OK
Content-Type: application/json; charset=utf-8
cache-control: no-cache
content-length: 51

14:17:22.047 [AsyncHttpClient-1-5] DEBUG org.asynchttpclient.netty.channel.ChannelManager - Adding key: http://localhost:55337 for channel [id: 0xc8083c05, L:/127.0.0.1:60703 - R:localhost/127.0.0.1:55337]
14:17:22.069 [main] DEBUG net.thucydides.core.steps.StepInterceptor - STARTING STEP: LoginStepDefs.the_user_enters_the_username_and_password - login
14:17:22.077 [Forwarding setTimeout on session 0e80b72b9fcaa19cc6c0adba6b69ac46 to remote] DEBUG org.asynchttpclient.netty.request.NettyRequestSender - Using pooled Channel '[id: 0xc8083c05, L:/127.0.0.1:60703 - R:localhost/127.0.0.1:55337]' for 'POST' to 'http://localhost:55337/session/0e80b72b9fcaa19cc6c0adba6b69ac46/timeouts'
14:17:22.077 [Forwarding setTimeout on session 0e80b72b9fcaa19cc6c0adba6b69ac46 to remote] DEBUG org.asynchttpclient.netty.request.NettyRequestSender - Using open Channel [id: 0xc8083c05, L:/127.0.0.1:60703 - R:localhost/127.0.0.1:55337] for POST '/session/0e80b72b9fcaa19cc6c0adba6b69ac46/timeouts'
14:17:22.078 [AsyncHttpClient-1-5] DEBUG org.asynchttpclient.netty.handler.HttpHandler - 

Request DefaultHttpRequest(decodeResult: success, version: HTTP/1.1)
POST /session/0e80b72b9fcaa19cc6c0adba6b69ac46/timeouts HTTP/1.1
User-Agent: selenium/4.1.3 (java windows)
Content-Length: 19
Content-Type: application/json; charset=utf-8
host: localhost:55337
accept: */*

Response DefaultHttpResponse(decodeResult: success, version: HTTP/1.1)
HTTP/1.1 200 OK
Content-Type: application/json; charset=utf-8
cache-control: no-cache
content-length: 14

14:17:22.079 [AsyncHttpClient-1-5] DEBUG org.asynchttpclient.netty.channel.ChannelManager - Adding key: http://localhost:55337 for channel [id: 0xc8083c05, L:/127.0.0.1:60703 - R:localhost/127.0.0.1:55337]
14:17:22.082 [Forwarding findElement on session 0e80b72b9fcaa19cc6c0adba6b69ac46 to remote] DEBUG org.asynchttpclient.netty.request.NettyRequestSender - Using pooled Channel '[id: 0xc8083c05, L:/127.0.0.1:60703 - R:localhost/127.0.0.1:55337]' for 'POST' to 'http://localhost:55337/session/0e80b72b9fcaa19cc6c0adba6b69ac46/element'
14:17:22.082 [Forwarding findElement on session 0e80b72b9fcaa19cc6c0adba6b69ac46 to remote] DEBUG org.asynchttpclient.netty.request.NettyRequestSender - Using open Channel [id: 0xc8083c05, L:/127.0.0.1:60703 - R:localhost/127.0.0.1:55337] for POST '/session/0e80b72b9fcaa19cc6c0adba6b69ac46/element'
14:17:22.094 [AsyncHttpClient-1-5] DEBUG org.asynchttpclient.netty.handler.HttpHandler - 

Request DefaultHttpRequest(decodeResult: success, version: HTTP/1.1)
POST /session/0e80b72b9fcaa19cc6c0adba6b69ac46/element HTTP/1.1
User-Agent: selenium/4.1.3 (java windows)
Content-Length: 61
Content-Type: application/json; charset=utf-8
host: localhost:55337
accept: */*

Response DefaultHttpResponse(decodeResult: success, version: HTTP/1.1)
HTTP/1.1 200 OK
Content-Type: application/json; charset=utf-8
cache-control: no-cache
content-length: 88

14:17:22.094 [AsyncHttpClient-1-5] DEBUG org.asynchttpclient.netty.channel.ChannelManager - Adding key: http://localhost:55337 for channel [id: 0xc8083c05, L:/127.0.0.1:60703 - R:localhost/127.0.0.1:55337]
14:17:22.096 [Forwarding setTimeout on session 0e80b72b9fcaa19cc6c0adba6b69ac46 to remote] DEBUG org.asynchttpclient.netty.request.NettyRequestSender - Using pooled Channel '[id: 0xc8083c05, L:/127.0.0.1:60703 - R:localhost/127.0.0.1:55337]' for 'POST' to 'http://localhost:55337/session/0e80b72b9fcaa19cc6c0adba6b69ac46/timeouts'
14:17:22.097 [Forwarding setTimeout on session 0e80b72b9fcaa19cc6c0adba6b69ac46 to remote] DEBUG org.asynchttpclient.netty.request.NettyRequestSender - Using open Channel [id: 0xc8083c05, L:/127.0.0.1:60703 - R:localhost/127.0.0.1:55337] for POST '/session/0e80b72b9fcaa19cc6c0adba6b69ac46/timeouts'
14:17:22.098 [AsyncHttpClient-1-5] DEBUG org.asynchttpclient.netty.handler.HttpHandler - 

Request DefaultHttpRequest(decodeResult: success, version: HTTP/1.1)
POST /session/0e80b72b9fcaa19cc6c0adba6b69ac46/timeouts HTTP/1.1
User-Agent: selenium/4.1.3 (java windows)
Content-Length: 22
Content-Type: application/json; charset=utf-8
host: localhost:55337
accept: */*

Response DefaultHttpResponse(decodeResult: success, version: HTTP/1.1)
HTTP/1.1 200 OK
Content-Type: application/json; charset=utf-8
cache-control: no-cache
content-length: 14

14:17:22.098 [AsyncHttpClient-1-5] DEBUG org.asynchttpclient.netty.channel.ChannelManager - Adding key: http://localhost:55337 for channel [id: 0xc8083c05, L:/127.0.0.1:60703 - R:localhost/127.0.0.1:55337]
14:17:22.102 [Forwarding isElementDisplayed on session 0e80b72b9fcaa19cc6c0adba6b69ac46 to remote] DEBUG org.asynchttpclient.netty.request.NettyRequestSender - Using pooled Channel '[id: 0xc8083c05, L:/127.0.0.1:60703 - R:localhost/127.0.0.1:55337]' for 'POST' to 'http://localhost:55337/session/0e80b72b9fcaa19cc6c0adba6b69ac46/execute/sync'
14:17:22.103 [Forwarding isElementDisplayed on session 0e80b72b9fcaa19cc6c0adba6b69ac46 to remote] DEBUG org.asynchttpclient.netty.request.NettyRequestSender - Using open Channel [id: 0xc8083c05, L:/127.0.0.1:60703 - R:localhost/127.0.0.1:55337] for POST '/session/0e80b72b9fcaa19cc6c0adba6b69ac46/execute/sync'
14:17:22.115 [AsyncHttpClient-1-5] DEBUG org.asynchttpclient.netty.handler.HttpHandler - 

Request DefaultHttpRequest(decodeResult: success, version: HTTP/1.1)
POST /session/0e80b72b9fcaa19cc6c0adba6b69ac46/execute/sync HTTP/1.1
User-Agent: selenium/4.1.3 (java windows)
Content-Length: 48780
Content-Type: application/json; charset=utf-8
host: localhost:55337
accept: */*

Response DefaultHttpResponse(decodeResult: success, version: HTTP/1.1)
HTTP/1.1 200 OK
Content-Type: application/json; charset=utf-8
cache-control: no-cache
content-length: 14

14:17:22.115 [AsyncHttpClient-1-5] DEBUG org.asynchttpclient.netty.channel.ChannelManager - Adding key: http://localhost:55337 for channel [id: 0xc8083c05, L:/127.0.0.1:60703 - R:localhost/127.0.0.1:55337]
14:17:22.118 [Forwarding clearElement on session 0e80b72b9fcaa19cc6c0adba6b69ac46 to remote] DEBUG org.asynchttpclient.netty.request.NettyRequestSender - Using pooled Channel '[id: 0xc8083c05, L:/127.0.0.1:60703 - R:localhost/127.0.0.1:55337]' for 'POST' to 'http://localhost:55337/session/0e80b72b9fcaa19cc6c0adba6b69ac46/element/11860d1e-88c0-4758-946c-d62a508c1449/clear'
14:17:22.118 [Forwarding clearElement on session 0e80b72b9fcaa19cc6c0adba6b69ac46 to remote] DEBUG org.asynchttpclient.netty.request.NettyRequestSender - Using open Channel [id: 0xc8083c05, L:/127.0.0.1:60703 - R:localhost/127.0.0.1:55337] for POST '/session/0e80b72b9fcaa19cc6c0adba6b69ac46/element/11860d1e-88c0-4758-946c-d62a508c1449/clear'
14:17:22.164 [AsyncHttpClient-1-5] DEBUG org.asynchttpclient.netty.handler.HttpHandler - 

Request DefaultHttpRequest(decodeResult: success, version: HTTP/1.1)
POST /session/0e80b72b9fcaa19cc6c0adba6b69ac46/element/11860d1e-88c0-4758-946c-d62a508c1449/clear HTTP/1.1
User-Agent: selenium/4.1.3 (java windows)
Content-Length: 50
Content-Type: application/json; charset=utf-8
host: localhost:55337
accept: */*

Response DefaultHttpResponse(decodeResult: success, version: HTTP/1.1)
HTTP/1.1 200 OK
Content-Type: application/json; charset=utf-8
cache-control: no-cache
content-length: 14

14:17:22.164 [AsyncHttpClient-1-5] DEBUG org.asynchttpclient.netty.channel.ChannelManager - Adding key: http://localhost:55337 for channel [id: 0xc8083c05, L:/127.0.0.1:60703 - R:localhost/127.0.0.1:55337]
14:17:22.169 [Forwarding sendKeysToElement on session 0e80b72b9fcaa19cc6c0adba6b69ac46 to remote] DEBUG org.asynchttpclient.netty.request.NettyRequestSender - Using pooled Channel '[id: 0xc8083c05, L:/127.0.0.1:60703 - R:localhost/127.0.0.1:55337]' for 'POST' to 'http://localhost:55337/session/0e80b72b9fcaa19cc6c0adba6b69ac46/element/11860d1e-88c0-4758-946c-d62a508c1449/value'
14:17:22.169 [Forwarding sendKeysToElement on session 0e80b72b9fcaa19cc6c0adba6b69ac46 to remote] DEBUG org.asynchttpclient.netty.request.NettyRequestSender - Using open Channel [id: 0xc8083c05, L:/127.0.0.1:60703 - R:localhost/127.0.0.1:55337] for POST '/session/0e80b72b9fcaa19cc6c0adba6b69ac46/element/11860d1e-88c0-4758-946c-d62a508c1449/value'
14:17:22.605 [AsyncHttpClient-1-5] DEBUG org.asynchttpclient.netty.handler.HttpHandler - 

Request DefaultHttpRequest(decodeResult: success, version: HTTP/1.1)
POST /session/0e80b72b9fcaa19cc6c0adba6b69ac46/element/11860d1e-88c0-4758-946c-d62a508c1449/value HTTP/1.1
User-Agent: selenium/4.1.3 (java windows)
Content-Length: 131
Content-Type: application/json; charset=utf-8
host: localhost:55337
accept: */*

Response DefaultHttpResponse(decodeResult: success, version: HTTP/1.1)
HTTP/1.1 200 OK
Content-Type: application/json; charset=utf-8
cache-control: no-cache
content-length: 14

14:17:22.605 [AsyncHttpClient-1-5] DEBUG org.asynchttpclient.netty.channel.ChannelManager - Adding key: http://localhost:55337 for channel [id: 0xc8083c05, L:/127.0.0.1:60703 - R:localhost/127.0.0.1:55337]
14:17:22.609 [Forwarding setTimeout on session 0e80b72b9fcaa19cc6c0adba6b69ac46 to remote] DEBUG org.asynchttpclient.netty.request.NettyRequestSender - Using pooled Channel '[id: 0xc8083c05, L:/127.0.0.1:60703 - R:localhost/127.0.0.1:55337]' for 'POST' to 'http://localhost:55337/session/0e80b72b9fcaa19cc6c0adba6b69ac46/timeouts'
14:17:22.609 [Forwarding setTimeout on session 0e80b72b9fcaa19cc6c0adba6b69ac46 to remote] DEBUG org.asynchttpclient.netty.request.NettyRequestSender - Using open Channel [id: 0xc8083c05, L:/127.0.0.1:60703 - R:localhost/127.0.0.1:55337] for POST '/session/0e80b72b9fcaa19cc6c0adba6b69ac46/timeouts'
14:17:22.610 [AsyncHttpClient-1-5] DEBUG org.asynchttpclient.netty.handler.HttpHandler - 

Request DefaultHttpRequest(decodeResult: success, version: HTTP/1.1)
POST /session/0e80b72b9fcaa19cc6c0adba6b69ac46/timeouts HTTP/1.1
User-Agent: selenium/4.1.3 (java windows)
Content-Length: 19
Content-Type: application/json; charset=utf-8
host: localhost:55337
accept: */*

Response DefaultHttpResponse(decodeResult: success, version: HTTP/1.1)
HTTP/1.1 200 OK
Content-Type: application/json; charset=utf-8
cache-control: no-cache
content-length: 14

14:17:22.610 [AsyncHttpClient-1-5] DEBUG org.asynchttpclient.netty.channel.ChannelManager - Adding key: http://localhost:55337 for channel [id: 0xc8083c05, L:/127.0.0.1:60703 - R:localhost/127.0.0.1:55337]
14:17:22.612 [Forwarding findElement on session 0e80b72b9fcaa19cc6c0adba6b69ac46 to remote] DEBUG org.asynchttpclient.netty.request.NettyRequestSender - Using pooled Channel '[id: 0xc8083c05, L:/127.0.0.1:60703 - R:localhost/127.0.0.1:55337]' for 'POST' to 'http://localhost:55337/session/0e80b72b9fcaa19cc6c0adba6b69ac46/element'
14:17:22.613 [Forwarding findElement on session 0e80b72b9fcaa19cc6c0adba6b69ac46 to remote] DEBUG org.asynchttpclient.netty.request.NettyRequestSender - Using open Channel [id: 0xc8083c05, L:/127.0.0.1:60703 - R:localhost/127.0.0.1:55337] for POST '/session/0e80b72b9fcaa19cc6c0adba6b69ac46/element'
14:17:22.619 [AsyncHttpClient-1-5] DEBUG org.asynchttpclient.netty.handler.HttpHandler - 

Request DefaultHttpRequest(decodeResult: success, version: HTTP/1.1)
POST /session/0e80b72b9fcaa19cc6c0adba6b69ac46/element HTTP/1.1
User-Agent: selenium/4.1.3 (java windows)
Content-Length: 66
Content-Type: application/json; charset=utf-8
host: localhost:55337
accept: */*

Response DefaultHttpResponse(decodeResult: success, version: HTTP/1.1)
HTTP/1.1 200 OK
Content-Type: application/json; charset=utf-8
cache-control: no-cache
content-length: 88

14:17:22.619 [AsyncHttpClient-1-5] DEBUG org.asynchttpclient.netty.channel.ChannelManager - Adding key: http://localhost:55337 for channel [id: 0xc8083c05, L:/127.0.0.1:60703 - R:localhost/127.0.0.1:55337]
14:17:22.621 [Forwarding setTimeout on session 0e80b72b9fcaa19cc6c0adba6b69ac46 to remote] DEBUG org.asynchttpclient.netty.request.NettyRequestSender - Using pooled Channel '[id: 0xc8083c05, L:/127.0.0.1:60703 - R:localhost/127.0.0.1:55337]' for 'POST' to 'http://localhost:55337/session/0e80b72b9fcaa19cc6c0adba6b69ac46/timeouts'
14:17:22.621 [Forwarding setTimeout on session 0e80b72b9fcaa19cc6c0adba6b69ac46 to remote] DEBUG org.asynchttpclient.netty.request.NettyRequestSender - Using open Channel [id: 0xc8083c05, L:/127.0.0.1:60703 - R:localhost/127.0.0.1:55337] for POST '/session/0e80b72b9fcaa19cc6c0adba6b69ac46/timeouts'
14:17:22.622 [AsyncHttpClient-1-5] DEBUG org.asynchttpclient.netty.handler.HttpHandler - 

Request DefaultHttpRequest(decodeResult: success, version: HTTP/1.1)
POST /session/0e80b72b9fcaa19cc6c0adba6b69ac46/timeouts HTTP/1.1
User-Agent: selenium/4.1.3 (java windows)
Content-Length: 22
Content-Type: application/json; charset=utf-8
host: localhost:55337
accept: */*

Response DefaultHttpResponse(decodeResult: success, version: HTTP/1.1)
HTTP/1.1 200 OK
Content-Type: application/json; charset=utf-8
cache-control: no-cache
content-length: 14

14:17:22.622 [AsyncHttpClient-1-5] DEBUG org.asynchttpclient.netty.channel.ChannelManager - Adding key: http://localhost:55337 for channel [id: 0xc8083c05, L:/127.0.0.1:60703 - R:localhost/127.0.0.1:55337]
14:17:22.628 [Forwarding isElementDisplayed on session 0e80b72b9fcaa19cc6c0adba6b69ac46 to remote] DEBUG org.asynchttpclient.netty.request.NettyRequestSender - Using pooled Channel '[id: 0xc8083c05, L:/127.0.0.1:60703 - R:localhost/127.0.0.1:55337]' for 'POST' to 'http://localhost:55337/session/0e80b72b9fcaa19cc6c0adba6b69ac46/execute/sync'
14:17:22.628 [Forwarding isElementDisplayed on session 0e80b72b9fcaa19cc6c0adba6b69ac46 to remote] DEBUG org.asynchttpclient.netty.request.NettyRequestSender - Using open Channel [id: 0xc8083c05, L:/127.0.0.1:60703 - R:localhost/127.0.0.1:55337] for POST '/session/0e80b72b9fcaa19cc6c0adba6b69ac46/execute/sync'
14:17:22.640 [AsyncHttpClient-1-5] DEBUG org.asynchttpclient.netty.handler.HttpHandler - 

Request DefaultHttpRequest(decodeResult: success, version: HTTP/1.1)
POST /session/0e80b72b9fcaa19cc6c0adba6b69ac46/execute/sync HTTP/1.1
User-Agent: selenium/4.1.3 (java windows)
Content-Length: 48780
Content-Type: application/json; charset=utf-8
host: localhost:55337
accept: */*

Response DefaultHttpResponse(decodeResult: success, version: HTTP/1.1)
HTTP/1.1 200 OK
Content-Type: application/json; charset=utf-8
cache-control: no-cache
content-length: 14

14:17:22.640 [AsyncHttpClient-1-5] DEBUG org.asynchttpclient.netty.channel.ChannelManager - Adding key: http://localhost:55337 for channel [id: 0xc8083c05, L:/127.0.0.1:60703 - R:localhost/127.0.0.1:55337]
14:17:22.642 [Forwarding clearElement on session 0e80b72b9fcaa19cc6c0adba6b69ac46 to remote] DEBUG org.asynchttpclient.netty.request.NettyRequestSender - Using pooled Channel '[id: 0xc8083c05, L:/127.0.0.1:60703 - R:localhost/127.0.0.1:55337]' for 'POST' to 'http://localhost:55337/session/0e80b72b9fcaa19cc6c0adba6b69ac46/element/1ebd7c4c-32c8-4ec4-b5d2-d8113174800c/clear'
14:17:22.642 [Forwarding clearElement on session 0e80b72b9fcaa19cc6c0adba6b69ac46 to remote] DEBUG org.asynchttpclient.netty.request.NettyRequestSender - Using open Channel [id: 0xc8083c05, L:/127.0.0.1:60703 - R:localhost/127.0.0.1:55337] for POST '/session/0e80b72b9fcaa19cc6c0adba6b69ac46/element/1ebd7c4c-32c8-4ec4-b5d2-d8113174800c/clear'
14:17:22.669 [AsyncHttpClient-1-5] DEBUG org.asynchttpclient.netty.handler.HttpHandler - 

Request DefaultHttpRequest(decodeResult: success, version: HTTP/1.1)
POST /session/0e80b72b9fcaa19cc6c0adba6b69ac46/element/1ebd7c4c-32c8-4ec4-b5d2-d8113174800c/clear HTTP/1.1
User-Agent: selenium/4.1.3 (java windows)
Content-Length: 50
Content-Type: application/json; charset=utf-8
host: localhost:55337
accept: */*

Response DefaultHttpResponse(decodeResult: success, version: HTTP/1.1)
HTTP/1.1 200 OK
Content-Type: application/json; charset=utf-8
cache-control: no-cache
content-length: 14

14:17:22.669 [AsyncHttpClient-1-5] DEBUG org.asynchttpclient.netty.channel.ChannelManager - Adding key: http://localhost:55337 for channel [id: 0xc8083c05, L:/127.0.0.1:60703 - R:localhost/127.0.0.1:55337]
14:17:22.673 [Forwarding sendKeysToElement on session 0e80b72b9fcaa19cc6c0adba6b69ac46 to remote] DEBUG org.asynchttpclient.netty.request.NettyRequestSender - Using pooled Channel '[id: 0xc8083c05, L:/127.0.0.1:60703 - R:localhost/127.0.0.1:55337]' for 'POST' to 'http://localhost:55337/session/0e80b72b9fcaa19cc6c0adba6b69ac46/element/1ebd7c4c-32c8-4ec4-b5d2-d8113174800c/value'
14:17:22.673 [Forwarding sendKeysToElement on session 0e80b72b9fcaa19cc6c0adba6b69ac46 to remote] DEBUG org.asynchttpclient.netty.request.NettyRequestSender - Using open Channel [id: 0xc8083c05, L:/127.0.0.1:60703 - R:localhost/127.0.0.1:55337] for POST '/session/0e80b72b9fcaa19cc6c0adba6b69ac46/element/1ebd7c4c-32c8-4ec4-b5d2-d8113174800c/value'
14:17:22.714 [AsyncHttpClient-1-5] DEBUG org.asynchttpclient.netty.handler.HttpHandler - 

Request DefaultHttpRequest(decodeResult: success, version: HTTP/1.1)
POST /session/0e80b72b9fcaa19cc6c0adba6b69ac46/element/1ebd7c4c-32c8-4ec4-b5d2-d8113174800c/value HTTP/1.1
User-Agent: selenium/4.1.3 (java windows)
Content-Length: 181
Content-Type: application/json; charset=utf-8
host: localhost:55337
accept: */*

Response DefaultHttpResponse(decodeResult: success, version: HTTP/1.1)
HTTP/1.1 200 OK
Content-Type: application/json; charset=utf-8
cache-control: no-cache
content-length: 14

14:17:22.714 [AsyncHttpClient-1-5] DEBUG org.asynchttpclient.netty.channel.ChannelManager - Adding key: http://localhost:55337 for channel [id: 0xc8083c05, L:/127.0.0.1:60703 - R:localhost/127.0.0.1:55337]
14:17:22.720 [Forwarding setTimeout on session 0e80b72b9fcaa19cc6c0adba6b69ac46 to remote] DEBUG org.asynchttpclient.netty.request.NettyRequestSender - Using pooled Channel '[id: 0xc8083c05, L:/127.0.0.1:60703 - R:localhost/127.0.0.1:55337]' for 'POST' to 'http://localhost:55337/session/0e80b72b9fcaa19cc6c0adba6b69ac46/timeouts'
14:17:22.720 [Forwarding setTimeout on session 0e80b72b9fcaa19cc6c0adba6b69ac46 to remote] DEBUG org.asynchttpclient.netty.request.NettyRequestSender - Using open Channel [id: 0xc8083c05, L:/127.0.0.1:60703 - R:localhost/127.0.0.1:55337] for POST '/session/0e80b72b9fcaa19cc6c0adba6b69ac46/timeouts'
14:17:22.721 [AsyncHttpClient-1-5] DEBUG org.asynchttpclient.netty.handler.HttpHandler - 

Request DefaultHttpRequest(decodeResult: success, version: HTTP/1.1)
POST /session/0e80b72b9fcaa19cc6c0adba6b69ac46/timeouts HTTP/1.1
User-Agent: selenium/4.1.3 (java windows)
Content-Length: 19
Content-Type: application/json; charset=utf-8
host: localhost:55337
accept: */*

Response DefaultHttpResponse(decodeResult: success, version: HTTP/1.1)
HTTP/1.1 200 OK
Content-Type: application/json; charset=utf-8
cache-control: no-cache
content-length: 14

14:17:22.721 [AsyncHttpClient-1-5] DEBUG org.asynchttpclient.netty.channel.ChannelManager - Adding key: http://localhost:55337 for channel [id: 0xc8083c05, L:/127.0.0.1:60703 - R:localhost/127.0.0.1:55337]
14:17:22.723 [Forwarding findElement on session 0e80b72b9fcaa19cc6c0adba6b69ac46 to remote] DEBUG org.asynchttpclient.netty.request.NettyRequestSender - Using pooled Channel '[id: 0xc8083c05, L:/127.0.0.1:60703 - R:localhost/127.0.0.1:55337]' for 'POST' to 'http://localhost:55337/session/0e80b72b9fcaa19cc6c0adba6b69ac46/element'
14:17:22.723 [Forwarding findElement on session 0e80b72b9fcaa19cc6c0adba6b69ac46 to remote] DEBUG org.asynchttpclient.netty.request.NettyRequestSender - Using open Channel [id: 0xc8083c05, L:/127.0.0.1:60703 - R:localhost/127.0.0.1:55337] for POST '/session/0e80b72b9fcaa19cc6c0adba6b69ac46/element'
14:17:22.728 [AsyncHttpClient-1-5] DEBUG org.asynchttpclient.netty.handler.HttpHandler - 

Request DefaultHttpRequest(decodeResult: success, version: HTTP/1.1)
POST /session/0e80b72b9fcaa19cc6c0adba6b69ac46/element HTTP/1.1
User-Agent: selenium/4.1.3 (java windows)
Content-Length: 64
Content-Type: application/json; charset=utf-8
host: localhost:55337
accept: */*

Response DefaultHttpResponse(decodeResult: success, version: HTTP/1.1)
HTTP/1.1 200 OK
Content-Type: application/json; charset=utf-8
cache-control: no-cache
content-length: 88

14:17:22.729 [AsyncHttpClient-1-5] DEBUG org.asynchttpclient.netty.channel.ChannelManager - Adding key: http://localhost:55337 for channel [id: 0xc8083c05, L:/127.0.0.1:60703 - R:localhost/127.0.0.1:55337]
14:17:22.730 [Forwarding setTimeout on session 0e80b72b9fcaa19cc6c0adba6b69ac46 to remote] DEBUG org.asynchttpclient.netty.request.NettyRequestSender - Using pooled Channel '[id: 0xc8083c05, L:/127.0.0.1:60703 - R:localhost/127.0.0.1:55337]' for 'POST' to 'http://localhost:55337/session/0e80b72b9fcaa19cc6c0adba6b69ac46/timeouts'
14:17:22.730 [Forwarding setTimeout on session 0e80b72b9fcaa19cc6c0adba6b69ac46 to remote] DEBUG org.asynchttpclient.netty.request.NettyRequestSender - Using open Channel [id: 0xc8083c05, L:/127.0.0.1:60703 - R:localhost/127.0.0.1:55337] for POST '/session/0e80b72b9fcaa19cc6c0adba6b69ac46/timeouts'
14:17:22.731 [AsyncHttpClient-1-5] DEBUG org.asynchttpclient.netty.handler.HttpHandler - 

Request DefaultHttpRequest(decodeResult: success, version: HTTP/1.1)
POST /session/0e80b72b9fcaa19cc6c0adba6b69ac46/timeouts HTTP/1.1
User-Agent: selenium/4.1.3 (java windows)
Content-Length: 22
Content-Type: application/json; charset=utf-8
host: localhost:55337
accept: */*

Response DefaultHttpResponse(decodeResult: success, version: HTTP/1.1)
HTTP/1.1 200 OK
Content-Type: application/json; charset=utf-8
cache-control: no-cache
content-length: 14

14:17:22.731 [AsyncHttpClient-1-5] DEBUG org.asynchttpclient.netty.channel.ChannelManager - Adding key: http://localhost:55337 for channel [id: 0xc8083c05, L:/127.0.0.1:60703 - R:localhost/127.0.0.1:55337]
14:17:22.734 [Forwarding isElementDisplayed on session 0e80b72b9fcaa19cc6c0adba6b69ac46 to remote] DEBUG org.asynchttpclient.netty.request.NettyRequestSender - Using pooled Channel '[id: 0xc8083c05, L:/127.0.0.1:60703 - R:localhost/127.0.0.1:55337]' for 'POST' to 'http://localhost:55337/session/0e80b72b9fcaa19cc6c0adba6b69ac46/execute/sync'
14:17:22.734 [Forwarding isElementDisplayed on session 0e80b72b9fcaa19cc6c0adba6b69ac46 to remote] DEBUG org.asynchttpclient.netty.request.NettyRequestSender - Using open Channel [id: 0xc8083c05, L:/127.0.0.1:60703 - R:localhost/127.0.0.1:55337] for POST '/session/0e80b72b9fcaa19cc6c0adba6b69ac46/execute/sync'
14:17:22.743 [AsyncHttpClient-1-5] DEBUG org.asynchttpclient.netty.handler.HttpHandler - 

Request DefaultHttpRequest(decodeResult: success, version: HTTP/1.1)
POST /session/0e80b72b9fcaa19cc6c0adba6b69ac46/execute/sync HTTP/1.1
User-Agent: selenium/4.1.3 (java windows)
Content-Length: 48780
Content-Type: application/json; charset=utf-8
host: localhost:55337
accept: */*

Response DefaultHttpResponse(decodeResult: success, version: HTTP/1.1)
HTTP/1.1 200 OK
Content-Type: application/json; charset=utf-8
cache-control: no-cache
content-length: 14

14:17:22.743 [AsyncHttpClient-1-5] DEBUG org.asynchttpclient.netty.channel.ChannelManager - Adding key: http://localhost:55337 for channel [id: 0xc8083c05, L:/127.0.0.1:60703 - R:localhost/127.0.0.1:55337]
14:17:22.745 [Forwarding getElementTagName on session 0e80b72b9fcaa19cc6c0adba6b69ac46 to remote] DEBUG org.asynchttpclient.netty.request.NettyRequestSender - Using pooled Channel '[id: 0xc8083c05, L:/127.0.0.1:60703 - R:localhost/127.0.0.1:55337]' for 'GET' to 'http://localhost:55337/session/0e80b72b9fcaa19cc6c0adba6b69ac46/element/bfd16e75-5563-4b87-bf1c-05d05df92893/name'
14:17:22.745 [Forwarding getElementTagName on session 0e80b72b9fcaa19cc6c0adba6b69ac46 to remote] DEBUG org.asynchttpclient.netty.request.NettyRequestSender - Using open Channel [id: 0xc8083c05, L:/127.0.0.1:60703 - R:localhost/127.0.0.1:55337] for GET '/session/0e80b72b9fcaa19cc6c0adba6b69ac46/element/bfd16e75-5563-4b87-bf1c-05d05df92893/name'
14:17:22.750 [AsyncHttpClient-1-5] DEBUG org.asynchttpclient.netty.handler.HttpHandler - 

Request DefaultFullHttpRequest(decodeResult: success, version: HTTP/1.1, content: EmptyByteBufBE)
GET /session/0e80b72b9fcaa19cc6c0adba6b69ac46/element/bfd16e75-5563-4b87-bf1c-05d05df92893/name HTTP/1.1
User-Agent: selenium/4.1.3 (java windows)
Cache-Control: no-cache
Content-Type: application/json; charset=utf-8
host: localhost:55337
accept: */*

Response DefaultHttpResponse(decodeResult: success, version: HTTP/1.1)
HTTP/1.1 200 OK
Content-Type: application/json; charset=utf-8
cache-control: no-cache
content-length: 17

14:17:22.751 [AsyncHttpClient-1-5] DEBUG org.asynchttpclient.netty.channel.ChannelManager - Adding key: http://localhost:55337 for channel [id: 0xc8083c05, L:/127.0.0.1:60703 - R:localhost/127.0.0.1:55337]
14:17:22.752 [Forwarding getElementTagName on session 0e80b72b9fcaa19cc6c0adba6b69ac46 to remote] DEBUG org.asynchttpclient.netty.request.NettyRequestSender - Using pooled Channel '[id: 0xc8083c05, L:/127.0.0.1:60703 - R:localhost/127.0.0.1:55337]' for 'GET' to 'http://localhost:55337/session/0e80b72b9fcaa19cc6c0adba6b69ac46/element/bfd16e75-5563-4b87-bf1c-05d05df92893/name'
14:17:22.752 [Forwarding getElementTagName on session 0e80b72b9fcaa19cc6c0adba6b69ac46 to remote] DEBUG org.asynchttpclient.netty.request.NettyRequestSender - Using open Channel [id: 0xc8083c05, L:/127.0.0.1:60703 - R:localhost/127.0.0.1:55337] for GET '/session/0e80b72b9fcaa19cc6c0adba6b69ac46/element/bfd16e75-5563-4b87-bf1c-05d05df92893/name'
14:17:22.755 [AsyncHttpClient-1-5] DEBUG org.asynchttpclient.netty.handler.HttpHandler - 

Request DefaultFullHttpRequest(decodeResult: success, version: HTTP/1.1, content: EmptyByteBufBE)
GET /session/0e80b72b9fcaa19cc6c0adba6b69ac46/element/bfd16e75-5563-4b87-bf1c-05d05df92893/name HTTP/1.1
User-Agent: selenium/4.1.3 (java windows)
Cache-Control: no-cache
Content-Type: application/json; charset=utf-8
host: localhost:55337
accept: */*

Response DefaultHttpResponse(decodeResult: success, version: HTTP/1.1)
HTTP/1.1 200 OK
Content-Type: application/json; charset=utf-8
cache-control: no-cache
content-length: 17

14:17:22.756 [AsyncHttpClient-1-5] DEBUG org.asynchttpclient.netty.channel.ChannelManager - Adding key: http://localhost:55337 for channel [id: 0xc8083c05, L:/127.0.0.1:60703 - R:localhost/127.0.0.1:55337]
14:17:22.757 [Forwarding isElementEnabled on session 0e80b72b9fcaa19cc6c0adba6b69ac46 to remote] DEBUG org.asynchttpclient.netty.request.NettyRequestSender - Using pooled Channel '[id: 0xc8083c05, L:/127.0.0.1:60703 - R:localhost/127.0.0.1:55337]' for 'GET' to 'http://localhost:55337/session/0e80b72b9fcaa19cc6c0adba6b69ac46/element/bfd16e75-5563-4b87-bf1c-05d05df92893/enabled'
14:17:22.757 [Forwarding isElementEnabled on session 0e80b72b9fcaa19cc6c0adba6b69ac46 to remote] DEBUG org.asynchttpclient.netty.request.NettyRequestSender - Using open Channel [id: 0xc8083c05, L:/127.0.0.1:60703 - R:localhost/127.0.0.1:55337] for GET '/session/0e80b72b9fcaa19cc6c0adba6b69ac46/element/bfd16e75-5563-4b87-bf1c-05d05df92893/enabled'
14:17:22.764 [AsyncHttpClient-1-5] DEBUG org.asynchttpclient.netty.handler.HttpHandler - 

Request DefaultFullHttpRequest(decodeResult: success, version: HTTP/1.1, content: EmptyByteBufBE)
GET /session/0e80b72b9fcaa19cc6c0adba6b69ac46/element/bfd16e75-5563-4b87-bf1c-05d05df92893/enabled HTTP/1.1
User-Agent: selenium/4.1.3 (java windows)
Cache-Control: no-cache
Content-Type: application/json; charset=utf-8
host: localhost:55337
accept: */*

Response DefaultHttpResponse(decodeResult: success, version: HTTP/1.1)
HTTP/1.1 200 OK
Content-Type: application/json; charset=utf-8
cache-control: no-cache
content-length: 14

14:17:22.764 [AsyncHttpClient-1-5] DEBUG org.asynchttpclient.netty.channel.ChannelManager - Adding key: http://localhost:55337 for channel [id: 0xc8083c05, L:/127.0.0.1:60703 - R:localhost/127.0.0.1:55337]
14:17:22.766 [Forwarding isElementEnabled on session 0e80b72b9fcaa19cc6c0adba6b69ac46 to remote] DEBUG org.asynchttpclient.netty.request.NettyRequestSender - Using pooled Channel '[id: 0xc8083c05, L:/127.0.0.1:60703 - R:localhost/127.0.0.1:55337]' for 'GET' to 'http://localhost:55337/session/0e80b72b9fcaa19cc6c0adba6b69ac46/element/bfd16e75-5563-4b87-bf1c-05d05df92893/enabled'
14:17:22.766 [Forwarding isElementEnabled on session 0e80b72b9fcaa19cc6c0adba6b69ac46 to remote] DEBUG org.asynchttpclient.netty.request.NettyRequestSender - Using open Channel [id: 0xc8083c05, L:/127.0.0.1:60703 - R:localhost/127.0.0.1:55337] for GET '/session/0e80b72b9fcaa19cc6c0adba6b69ac46/element/bfd16e75-5563-4b87-bf1c-05d05df92893/enabled'
14:17:22.770 [AsyncHttpClient-1-5] DEBUG org.asynchttpclient.netty.handler.HttpHandler - 

Request DefaultFullHttpRequest(decodeResult: success, version: HTTP/1.1, content: EmptyByteBufBE)
GET /session/0e80b72b9fcaa19cc6c0adba6b69ac46/element/bfd16e75-5563-4b87-bf1c-05d05df92893/enabled HTTP/1.1
User-Agent: selenium/4.1.3 (java windows)
Cache-Control: no-cache
Content-Type: application/json; charset=utf-8
host: localhost:55337
accept: */*

Response DefaultHttpResponse(decodeResult: success, version: HTTP/1.1)
HTTP/1.1 200 OK
Content-Type: application/json; charset=utf-8
cache-control: no-cache
content-length: 14

14:17:22.772 [AsyncHttpClient-1-5] DEBUG org.asynchttpclient.netty.channel.ChannelManager - Adding key: http://localhost:55337 for channel [id: 0xc8083c05, L:/127.0.0.1:60703 - R:localhost/127.0.0.1:55337]
14:17:22.773 [Forwarding clickElement on session 0e80b72b9fcaa19cc6c0adba6b69ac46 to remote] DEBUG org.asynchttpclient.netty.request.NettyRequestSender - Using pooled Channel '[id: 0xc8083c05, L:/127.0.0.1:60703 - R:localhost/127.0.0.1:55337]' for 'POST' to 'http://localhost:55337/session/0e80b72b9fcaa19cc6c0adba6b69ac46/element/bfd16e75-5563-4b87-bf1c-05d05df92893/click'
14:17:22.773 [Forwarding clickElement on session 0e80b72b9fcaa19cc6c0adba6b69ac46 to remote] DEBUG org.asynchttpclient.netty.request.NettyRequestSender - Using open Channel [id: 0xc8083c05, L:/127.0.0.1:60703 - R:localhost/127.0.0.1:55337] for POST '/session/0e80b72b9fcaa19cc6c0adba6b69ac46/element/bfd16e75-5563-4b87-bf1c-05d05df92893/click'
14:17:23.098 [AsyncHttpClient-1-1] DEBUG org.asynchttpclient.netty.channel.DefaultChannelPool - Entry count for : http://localhost:60704 : 1
14:17:23.158 [AsyncHttpClient-1-5] DEBUG org.asynchttpclient.netty.handler.HttpHandler - 

Request DefaultHttpRequest(decodeResult: success, version: HTTP/1.1)
POST /session/0e80b72b9fcaa19cc6c0adba6b69ac46/element/bfd16e75-5563-4b87-bf1c-05d05df92893/click HTTP/1.1
User-Agent: selenium/4.1.3 (java windows)
Content-Length: 50
Content-Type: application/json; charset=utf-8
host: localhost:55337
accept: */*

Response DefaultHttpResponse(decodeResult: success, version: HTTP/1.1)
HTTP/1.1 200 OK
Content-Type: application/json; charset=utf-8
cache-control: no-cache
content-length: 14

14:17:23.159 [AsyncHttpClient-1-5] DEBUG org.asynchttpclient.netty.channel.ChannelManager - Adding key: http://localhost:55337 for channel [id: 0xc8083c05, L:/127.0.0.1:60703 - R:localhost/127.0.0.1:55337]
14:17:23.164 [main] DEBUG net.thucydides.core.steps.StepInterceptor - STEP DONE: login
  &amp#27;[32mGiven &amp#27;[0m&amp#27;[32mthe user enters the username &amp#27;[0m&amp#27;[32m&amp#27;[1mmngr3&amp#27;[0m&amp#27;[32m and password &amp#27;[0m&amp#27;[32m&amp#27;[1mmngr398793&amp#27;[0m &amp#27;[90m# cucumber.LoginStepDefs.the_user_enters_the_username_and_password(java.lang.String,java.lang.String)&amp#27;[0m
14:17:23.172 [main] DEBUG net.thucydides.core.steps.StepInterceptor - STARTING STEP: LoginStepDefs.the_error_message_user_is_not_valid_is_displayed - checkInvalid
14:17:23.173 [Forwarding getAlertText on session 0e80b72b9fcaa19cc6c0adba6b69ac46 to remote] DEBUG org.asynchttpclient.netty.request.NettyRequestSender - Using pooled Channel '[id: 0xc8083c05, L:/127.0.0.1:60703 - R:localhost/127.0.0.1:55337]' for 'GET' to 'http://localhost:55337/session/0e80b72b9fcaa19cc6c0adba6b69ac46/alert/text'
14:17:23.173 [Forwarding getAlertText on session 0e80b72b9fcaa19cc6c0adba6b69ac46 to remote] DEBUG org.asynchttpclient.netty.request.NettyRequestSender - Using open Channel [id: 0xc8083c05, L:/127.0.0.1:60703 - R:localhost/127.0.0.1:55337] for GET '/session/0e80b72b9fcaa19cc6c0adba6b69ac46/alert/text'
14:17:23.174 [AsyncHttpClient-1-5] DEBUG org.asynchttpclient.netty.handler.HttpHandler - 

Request DefaultFullHttpRequest(decodeResult: success, version: HTTP/1.1, content: EmptyByteBufBE)
GET /session/0e80b72b9fcaa19cc6c0adba6b69ac46/alert/text HTTP/1.1
User-Agent: selenium/4.1.3 (java windows)
Cache-Control: no-cache
Content-Type: application/json; charset=utf-8
host: localhost:55337
accept: */*

Response DefaultHttpResponse(decodeResult: success, version: HTTP/1.1)
HTTP/1.1 200 OK
Content-Type: application/json; charset=utf-8
cache-control: no-cache
content-length: 29

14:17:23.174 [AsyncHttpClient-1-5] DEBUG org.asynchttpclient.netty.channel.ChannelManager - Adding key: http://localhost:55337 for channel [id: 0xc8083c05, L:/127.0.0.1:60703 - R:localhost/127.0.0.1:55337]
14:17:23.175 [Forwarding getAlertText on session 0e80b72b9fcaa19cc6c0adba6b69ac46 to remote] DEBUG org.asynchttpclient.netty.request.NettyRequestSender - Using pooled Channel '[id: 0xc8083c05, L:/127.0.0.1:60703 - R:localhost/127.0.0.1:55337]' for 'GET' to 'http://localhost:55337/session/0e80b72b9fcaa19cc6c0adba6b69ac46/alert/text'
14:17:23.175 [Forwarding getAlertText on session 0e80b72b9fcaa19cc6c0adba6b69ac46 to remote] DEBUG org.asynchttpclient.netty.request.NettyRequestSender - Using open Channel [id: 0xc8083c05, L:/127.0.0.1:60703 - R:localhost/127.0.0.1:55337] for GET '/session/0e80b72b9fcaa19cc6c0adba6b69ac46/alert/text'
14:17:23.176 [AsyncHttpClient-1-5] DEBUG org.asynchttpclient.netty.handler.HttpHandler - 

Request DefaultFullHttpRequest(decodeResult: success, version: HTTP/1.1, content: EmptyByteBufBE)
GET /session/0e80b72b9fcaa19cc6c0adba6b69ac46/alert/text HTTP/1.1
User-Agent: selenium/4.1.3 (java windows)
Cache-Control: no-cache
Content-Type: application/json; charset=utf-8
host: localhost:55337
accept: */*

Response DefaultHttpResponse(decodeResult: success, version: HTTP/1.1)
HTTP/1.1 200 OK
Content-Type: application/json; charset=utf-8
cache-control: no-cache
content-length: 29

14:17:23.177 [AsyncHttpClient-1-5] DEBUG org.asynchttpclient.netty.channel.ChannelManager - Adding key: http://localhost:55337 for channel [id: 0xc8083c05, L:/127.0.0.1:60703 - R:localhost/127.0.0.1:55337]
14:17:23.178 [main] DEBUG net.thucydides.core.steps.StepInterceptor - STEP DONE: checkInvalid
  &amp#27;[31mThen &amp#27;[0m&amp#27;[31mthe error message &amp#27;[0m&amp#27;[31m&amp#27;[1m'User is wrong'&amp#27;[0m&amp#27;[31m is displayed&amp#27;[0m              &amp#27;[90m# cucumber.LoginStepDefs.the_error_message_user_is_not_valid_is_displayed(java.lang.String)&amp#27;[0m
      &amp#27;[31mjava.lang.AssertionError: The User is wrongis wrong
	at org.hamcrest.MatcherAssert.assertThat(MatcherAssert.java:26)
	at cucumber.LoginStepDefs.the_error_message_user_is_not_valid_is_displayed(LoginStepDefs.java:27)
	at âœ½.the error message 'User is wrong' is displayed(file:///D:/Pratice/serenity_homework/src/test/resources/features.login/login_unsuccess.feature:6)
&amp#27;[0m
14:17:23.186 [Forwarding screenshot on session 0e80b72b9fcaa19cc6c0adba6b69ac46 to remote] DEBUG org.asynchttpclient.netty.request.NettyRequestSender - Using pooled Channel '[id: 0xc8083c05, L:/127.0.0.1:60703 - R:localhost/127.0.0.1:55337]' for 'GET' to 'http://localhost:55337/session/0e80b72b9fcaa19cc6c0adba6b69ac46/screenshot'
14:17:23.186 [Forwarding screenshot on session 0e80b72b9fcaa19cc6c0adba6b69ac46 to remote] DEBUG org.asynchttpclient.netty.request.NettyRequestSender - Using open Channel [id: 0xc8083c05, L:/127.0.0.1:60703 - R:localhost/127.0.0.1:55337] for GET '/session/0e80b72b9fcaa19cc6c0adba6b69ac46/screenshot'
14:17:23.188 [AsyncHttpClient-1-5] DEBUG org.asynchttpclient.netty.handler.HttpHandler - 

Request DefaultFullHttpRequest(decodeResult: success, version: HTTP/1.1, content: EmptyByteBufBE)
GET /session/0e80b72b9fcaa19cc6c0adba6b69ac46/screenshot HTTP/1.1
User-Agent: selenium/4.1.3 (java windows)
Cache-Control: no-cache
Content-Type: application/json; charset=utf-8
host: localhost:55337
accept: */*

Response DefaultHttpResponse(decodeResult: success, version: HTTP/1.1)
HTTP/1.1 500 Internal Server Error
Content-Type: application/json; charset=utf-8
cache-control: no-cache
content-length: 888

14:17:23.190 [AsyncHttpClient-1-5] DEBUG org.asynchttpclient.netty.channel.ChannelManager - Adding key: http://localhost:55337 for channel [id: 0xc8083c05, L:/127.0.0.1:60703 - R:localhost/127.0.0.1:55337]
14:17:23.193 [main] WARN net.thucydides.core.webdriver.WebDriverFacade - Failed to take screenshot (unexpected alert open: {Alert text : User is not valid}
  (Session info: chrome=100.0.4896.88): User is not valid
Build info: version: '4.1.3', revision: '7b1ebf28ef'
System info: host: 'LAPDELL-0226', ip: '192.168.137.230', os.name: 'Windows 10', os.arch: 'amd64', os.version: '10.0', java.version: '1.8.0_321'
Driver info: org.openqa.selenium.chrome.ChromeDriver
Command: [0e80b72b9fcaa19cc6c0adba6b69ac46, screenshot {}]
Capabilities {acceptInsecureCerts: false, browserName: chrome, browserVersion: 100.0.4896.88, chrome: {chromedriverVersion: 100.0.4896.60 (6a5d10861ce8..., userDataDir: C:\Users\DUNG~1.NGU\AppData...}, goog:chromeOptions: {debuggerAddress: localhost:60704}, javascriptEnabled: true, networkConnectionEnabled: false, pageLoadStrategy: normal, platform: WINDOWS, platformName: WINDOWS, proxy: Proxy(), se:cdp: ws://localhost:60704/devtoo..., se:cdpVersion: 100.0.4896.88, setWindowRect: true, strictFileInteractability: false, timeouts: {implicit: 0, pageLoad: 300000, script: 30000}, unhandledPromptBehavior: dismiss and notify, webauthn:extension:credBlob: true, webauthn:extension:largeBlob: true, webauthn:virtualAuthenticators: true}
Session ID: 0e80b72b9fcaa19cc6c0adba6b69ac46)
14:17:23.195 [Forwarding getPageSource on session 0e80b72b9fcaa19cc6c0adba6b69ac46 to remote] DEBUG org.asynchttpclient.netty.request.NettyRequestSender - Using pooled Channel '[id: 0xc8083c05, L:/127.0.0.1:60703 - R:localhost/127.0.0.1:55337]' for 'POST' to 'http://localhost:55337/session/0e80b72b9fcaa19cc6c0adba6b69ac46/execute/sync'
14:17:23.195 [Forwarding getPageSource on session 0e80b72b9fcaa19cc6c0adba6b69ac46 to remote] DEBUG org.asynchttpclient.netty.request.NettyRequestSender - Using open Channel [id: 0xc8083c05, L:/127.0.0.1:60703 - R:localhost/127.0.0.1:55337] for POST '/session/0e80b72b9fcaa19cc6c0adba6b69ac46/execute/sync'
14:17:24.196 [AsyncHttpClient-1-1] DEBUG org.asynchttpclient.netty.channel.DefaultChannelPool - Entry count for : http://localhost:60704 : 1
14:17:24.308 [AsyncHttpClient-1-5] DEBUG org.asynchttpclient.netty.handler.HttpHandler - 

Request DefaultHttpRequest(decodeResult: success, version: HTTP/1.1)
POST /session/0e80b72b9fcaa19cc6c0adba6b69ac46/execute/sync HTTP/1.1
User-Agent: selenium/4.1.3 (java windows)
Content-Length: 176
Content-Type: application/json; charset=utf-8
host: localhost:55337
accept: */*

Response DefaultHttpResponse(decodeResult: success, version: HTTP/1.1)
HTTP/1.1 200 OK
Content-Type: application/json; charset=utf-8
cache-control: no-cache
content-length: 20858

14:17:24.310 [AsyncHttpClient-1-5] DEBUG org.asynchttpclient.netty.channel.ChannelManager - Adding key: http://localhost:55337 for channel [id: 0xc8083c05, L:/127.0.0.1:60703 - R:localhost/127.0.0.1:55337]
14:17:24.336 [Forwarding getCurrentUrl on session 0e80b72b9fcaa19cc6c0adba6b69ac46 to remote] DEBUG org.asynchttpclient.netty.request.NettyRequestSender - Using pooled Channel '[id: 0xc8083c05, L:/127.0.0.1:60703 - R:localhost/127.0.0.1:55337]' for 'GET' to 'http://localhost:55337/session/0e80b72b9fcaa19cc6c0adba6b69ac46/url'
14:17:24.336 [Forwarding getCurrentUrl on session 0e80b72b9fcaa19cc6c0adba6b69ac46 to remote] DEBUG org.asynchttpclient.netty.request.NettyRequestSender - Using open Channel [id: 0xc8083c05, L:/127.0.0.1:60703 - R:localhost/127.0.0.1:55337] for GET '/session/0e80b72b9fcaa19cc6c0adba6b69ac46/url'
14:17:24.587 [AsyncHttpClient-1-5] DEBUG org.asynchttpclient.netty.handler.HttpHandler - 

Request DefaultFullHttpRequest(decodeResult: success, version: HTTP/1.1, content: EmptyByteBufBE)
GET /session/0e80b72b9fcaa19cc6c0adba6b69ac46/url HTTP/1.1
User-Agent: selenium/4.1.3 (java windows)
Cache-Control: no-cache
Content-Type: application/json; charset=utf-8
host: localhost:55337
accept: */*

Response DefaultHttpResponse(decodeResult: success, version: HTTP/1.1)
HTTP/1.1 200 OK
Content-Type: application/json; charset=utf-8
cache-control: no-cache
content-length: 61

14:17:24.588 [AsyncHttpClient-1-5] DEBUG org.asynchttpclient.netty.channel.ChannelManager - Adding key: http://localhost:55337 for channel [id: 0xc8083c05, L:/127.0.0.1:60703 - R:localhost/127.0.0.1:55337]
]]></system-out>
  </testcase>
  <testcase name="user login unsuccessful #3" classname="user login to the page unsuccessful" time="4.747">
    <failure message="The User is wrongis wrong" type="java.lang.AssertionError"><![CDATA[java.lang.AssertionError: The User is wrongis wrong
]]></failure>
    <system-out><![CDATA[14:17:24.618 [main] ERROR  - &amp#27;[91m
  _____   ___   ___   _____     ___     _     ___   _      ___   ___  
 |_   _| | __| / __| |_   _|   | __|   /_\   |_ _| | |    | __| |   \ 
   | |   | _|  \__ \   | |     | _|   / _ \   | |  | |__  | _|  | |) |
   |_|   |___| |___/   |_|     |_|   /_/ \_\ |___| |____| |___| |___/ 

user login unsuccessful
-----------------------------------------------------------------------&amp#27;[0m
14:17:24.618 [main] DEBUG  - RELATED ISSUES: 
14:17:24.619 [main] ERROR  - &amp#27;[91m    Test failed at step: Then the error message 'User is wrong' is displayed&amp#27;[0m
14:17:24.620 [main] ERROR  - &amp#27;[91m    The User is wrongis wrong&amp#27;[0m

@unit
Scenario Outline: user login unsuccessful                         &amp#27;[90m# src/test/resources/features.login/login_unsuccess.feature:11&amp#27;[0m
14:17:24.639 [main] INFO io.cucumber.core.plugin.SerenityReporter - Running feature from file:///D:/Pratice/serenity_homework/src/test/resources/features.login/login_unsuccess.feature
14:17:24.640 [main] WARN io.cucumber.core.plugin.SerenityReporter - Feature from file:///D:/Pratice/serenity_homework/src/test/resources/features.login/login_unsuccess.feature is not under the 'features' directory. Requirements report will not be correctly generated!
14:17:24.688 [main] DEBUG io.github.bonigarcia.wdm.cache.ResolutionCache - Resolution chrome=100 in cache (valid until 15:16:54 18/04/2022 ICT)
14:17:24.688 [main] DEBUG io.github.bonigarcia.wdm.cache.ResolutionCache - Resolution chrome100=100.0.4896.60 in cache (valid until 14:28:32 18/04/2022 ICT)
14:17:24.689 [main] INFO io.github.bonigarcia.wdm.WebDriverManager - Using chromedriver 100.0.4896.60 (resolved driver for Chrome 100)
14:17:24.704 [main] DEBUG io.github.bonigarcia.wdm.WebDriverManager - Driver chromedriver 100.0.4896.60 found in cache
14:17:24.706 [main] INFO io.github.bonigarcia.wdm.WebDriverManager - Exporting webdriver.chrome.driver as C:\Users\dung.nguyenanh\.cache\selenium\chromedriver\win32\100.0.4896.60\chromedriver.exe
14:17:24.708 [Forwarding get on session 0e80b72b9fcaa19cc6c0adba6b69ac46 to remote] DEBUG org.asynchttpclient.netty.request.NettyRequestSender - Using pooled Channel '[id: 0xc8083c05, L:/127.0.0.1:60703 - R:localhost/127.0.0.1:55337]' for 'POST' to 'http://localhost:55337/session/0e80b72b9fcaa19cc6c0adba6b69ac46/url'
14:17:24.708 [Forwarding get on session 0e80b72b9fcaa19cc6c0adba6b69ac46 to remote] DEBUG org.asynchttpclient.netty.request.NettyRequestSender - Using open Channel [id: 0xc8083c05, L:/127.0.0.1:60703 - R:localhost/127.0.0.1:55337] for POST '/session/0e80b72b9fcaa19cc6c0adba6b69ac46/url'
14:17:25.301 [AsyncHttpClient-1-1] DEBUG org.asynchttpclient.netty.channel.DefaultChannelPool - Entry count for : http://localhost:60704 : 1
14:17:25.943 [AsyncHttpClient-1-5] DEBUG org.asynchttpclient.netty.handler.HttpHandler - 

Request DefaultHttpRequest(decodeResult: success, version: HTTP/1.1)
POST /session/0e80b72b9fcaa19cc6c0adba6b69ac46/url HTTP/1.1
User-Agent: selenium/4.1.3 (java windows)
Content-Length: 94
Content-Type: application/json; charset=utf-8
host: localhost:55337
accept: */*

Response DefaultHttpResponse(decodeResult: success, version: HTTP/1.1)
HTTP/1.1 200 OK
Content-Type: application/json; charset=utf-8
cache-control: no-cache
content-length: 14

14:17:25.943 [AsyncHttpClient-1-5] DEBUG org.asynchttpclient.netty.channel.ChannelManager - Adding key: http://localhost:55337 for channel [id: 0xc8083c05, L:/127.0.0.1:60703 - R:localhost/127.0.0.1:55337]
14:17:25.947 [Forwarding getCurrentUrl on session 0e80b72b9fcaa19cc6c0adba6b69ac46 to remote] DEBUG org.asynchttpclient.netty.request.NettyRequestSender - Using pooled Channel '[id: 0xc8083c05, L:/127.0.0.1:60703 - R:localhost/127.0.0.1:55337]' for 'GET' to 'http://localhost:55337/session/0e80b72b9fcaa19cc6c0adba6b69ac46/url'
14:17:25.947 [Forwarding getCurrentUrl on session 0e80b72b9fcaa19cc6c0adba6b69ac46 to remote] DEBUG org.asynchttpclient.netty.request.NettyRequestSender - Using open Channel [id: 0xc8083c05, L:/127.0.0.1:60703 - R:localhost/127.0.0.1:55337] for GET '/session/0e80b72b9fcaa19cc6c0adba6b69ac46/url'
14:17:25.954 [AsyncHttpClient-1-5] DEBUG org.asynchttpclient.netty.handler.HttpHandler - 

Request DefaultFullHttpRequest(decodeResult: success, version: HTTP/1.1, content: EmptyByteBufBE)
GET /session/0e80b72b9fcaa19cc6c0adba6b69ac46/url HTTP/1.1
User-Agent: selenium/4.1.3 (java windows)
Cache-Control: no-cache
Content-Type: application/json; charset=utf-8
host: localhost:55337
accept: */*

Response DefaultHttpResponse(decodeResult: success, version: HTTP/1.1)
HTTP/1.1 200 OK
Content-Type: application/json; charset=utf-8
cache-control: no-cache
content-length: 61

14:17:25.954 [AsyncHttpClient-1-5] DEBUG org.asynchttpclient.netty.channel.ChannelManager - Adding key: http://localhost:55337 for channel [id: 0xc8083c05, L:/127.0.0.1:60703 - R:localhost/127.0.0.1:55337]
14:17:25.959 [Forwarding getCurrentUrl on session 0e80b72b9fcaa19cc6c0adba6b69ac46 to remote] DEBUG org.asynchttpclient.netty.request.NettyRequestSender - Using pooled Channel '[id: 0xc8083c05, L:/127.0.0.1:60703 - R:localhost/127.0.0.1:55337]' for 'GET' to 'http://localhost:55337/session/0e80b72b9fcaa19cc6c0adba6b69ac46/url'
14:17:25.960 [Forwarding getCurrentUrl on session 0e80b72b9fcaa19cc6c0adba6b69ac46 to remote] DEBUG org.asynchttpclient.netty.request.NettyRequestSender - Using open Channel [id: 0xc8083c05, L:/127.0.0.1:60703 - R:localhost/127.0.0.1:55337] for GET '/session/0e80b72b9fcaa19cc6c0adba6b69ac46/url'
14:17:25.967 [AsyncHttpClient-1-5] DEBUG org.asynchttpclient.netty.handler.HttpHandler - 

Request DefaultFullHttpRequest(decodeResult: success, version: HTTP/1.1, content: EmptyByteBufBE)
GET /session/0e80b72b9fcaa19cc6c0adba6b69ac46/url HTTP/1.1
User-Agent: selenium/4.1.3 (java windows)
Cache-Control: no-cache
Content-Type: application/json; charset=utf-8
host: localhost:55337
accept: */*

Response DefaultHttpResponse(decodeResult: success, version: HTTP/1.1)
HTTP/1.1 200 OK
Content-Type: application/json; charset=utf-8
cache-control: no-cache
content-length: 61

14:17:25.967 [AsyncHttpClient-1-5] DEBUG org.asynchttpclient.netty.channel.ChannelManager - Adding key: http://localhost:55337 for channel [id: 0xc8083c05, L:/127.0.0.1:60703 - R:localhost/127.0.0.1:55337]
14:17:25.972 [Forwarding maximizeCurrentWindow on session 0e80b72b9fcaa19cc6c0adba6b69ac46 to remote] DEBUG org.asynchttpclient.netty.request.NettyRequestSender - Using pooled Channel '[id: 0xc8083c05, L:/127.0.0.1:60703 - R:localhost/127.0.0.1:55337]' for 'POST' to 'http://localhost:55337/session/0e80b72b9fcaa19cc6c0adba6b69ac46/window/maximize'
14:17:25.973 [Forwarding maximizeCurrentWindow on session 0e80b72b9fcaa19cc6c0adba6b69ac46 to remote] DEBUG org.asynchttpclient.netty.request.NettyRequestSender - Using open Channel [id: 0xc8083c05, L:/127.0.0.1:60703 - R:localhost/127.0.0.1:55337] for POST '/session/0e80b72b9fcaa19cc6c0adba6b69ac46/window/maximize'
14:17:25.979 [AsyncHttpClient-1-5] DEBUG org.asynchttpclient.netty.handler.HttpHandler - 

Request DefaultHttpRequest(decodeResult: success, version: HTTP/1.1)
POST /session/0e80b72b9fcaa19cc6c0adba6b69ac46/window/maximize HTTP/1.1
User-Agent: selenium/4.1.3 (java windows)
Content-Length: 3
Content-Type: application/json; charset=utf-8
host: localhost:55337
accept: */*

Response DefaultHttpResponse(decodeResult: success, version: HTTP/1.1)
HTTP/1.1 200 OK
Content-Type: application/json; charset=utf-8
cache-control: no-cache
content-length: 51

14:17:25.979 [AsyncHttpClient-1-5] DEBUG org.asynchttpclient.netty.channel.ChannelManager - Adding key: http://localhost:55337 for channel [id: 0xc8083c05, L:/127.0.0.1:60703 - R:localhost/127.0.0.1:55337]
14:17:26.004 [main] DEBUG net.thucydides.core.steps.StepInterceptor - STARTING STEP: LoginStepDefs.the_user_enters_the_username_and_password - login
14:17:26.011 [Forwarding setTimeout on session 0e80b72b9fcaa19cc6c0adba6b69ac46 to remote] DEBUG org.asynchttpclient.netty.request.NettyRequestSender - Using pooled Channel '[id: 0xc8083c05, L:/127.0.0.1:60703 - R:localhost/127.0.0.1:55337]' for 'POST' to 'http://localhost:55337/session/0e80b72b9fcaa19cc6c0adba6b69ac46/timeouts'
14:17:26.011 [Forwarding setTimeout on session 0e80b72b9fcaa19cc6c0adba6b69ac46 to remote] DEBUG org.asynchttpclient.netty.request.NettyRequestSender - Using open Channel [id: 0xc8083c05, L:/127.0.0.1:60703 - R:localhost/127.0.0.1:55337] for POST '/session/0e80b72b9fcaa19cc6c0adba6b69ac46/timeouts'
14:17:26.013 [AsyncHttpClient-1-5] DEBUG org.asynchttpclient.netty.handler.HttpHandler - 

Request DefaultHttpRequest(decodeResult: success, version: HTTP/1.1)
POST /session/0e80b72b9fcaa19cc6c0adba6b69ac46/timeouts HTTP/1.1
User-Agent: selenium/4.1.3 (java windows)
Content-Length: 19
Content-Type: application/json; charset=utf-8
host: localhost:55337
accept: */*

Response DefaultHttpResponse(decodeResult: success, version: HTTP/1.1)
HTTP/1.1 200 OK
Content-Type: application/json; charset=utf-8
cache-control: no-cache
content-length: 14

14:17:26.013 [AsyncHttpClient-1-5] DEBUG org.asynchttpclient.netty.channel.ChannelManager - Adding key: http://localhost:55337 for channel [id: 0xc8083c05, L:/127.0.0.1:60703 - R:localhost/127.0.0.1:55337]
14:17:26.017 [Forwarding findElement on session 0e80b72b9fcaa19cc6c0adba6b69ac46 to remote] DEBUG org.asynchttpclient.netty.request.NettyRequestSender - Using pooled Channel '[id: 0xc8083c05, L:/127.0.0.1:60703 - R:localhost/127.0.0.1:55337]' for 'POST' to 'http://localhost:55337/session/0e80b72b9fcaa19cc6c0adba6b69ac46/element'
14:17:26.018 [Forwarding findElement on session 0e80b72b9fcaa19cc6c0adba6b69ac46 to remote] DEBUG org.asynchttpclient.netty.request.NettyRequestSender - Using open Channel [id: 0xc8083c05, L:/127.0.0.1:60703 - R:localhost/127.0.0.1:55337] for POST '/session/0e80b72b9fcaa19cc6c0adba6b69ac46/element'
14:17:26.031 [AsyncHttpClient-1-5] DEBUG org.asynchttpclient.netty.handler.HttpHandler - 

Request DefaultHttpRequest(decodeResult: success, version: HTTP/1.1)
POST /session/0e80b72b9fcaa19cc6c0adba6b69ac46/element HTTP/1.1
User-Agent: selenium/4.1.3 (java windows)
Content-Length: 61
Content-Type: application/json; charset=utf-8
host: localhost:55337
accept: */*

Response DefaultHttpResponse(decodeResult: success, version: HTTP/1.1)
HTTP/1.1 200 OK
Content-Type: application/json; charset=utf-8
cache-control: no-cache
content-length: 88

14:17:26.031 [AsyncHttpClient-1-5] DEBUG org.asynchttpclient.netty.channel.ChannelManager - Adding key: http://localhost:55337 for channel [id: 0xc8083c05, L:/127.0.0.1:60703 - R:localhost/127.0.0.1:55337]
14:17:26.034 [Forwarding setTimeout on session 0e80b72b9fcaa19cc6c0adba6b69ac46 to remote] DEBUG org.asynchttpclient.netty.request.NettyRequestSender - Using pooled Channel '[id: 0xc8083c05, L:/127.0.0.1:60703 - R:localhost/127.0.0.1:55337]' for 'POST' to 'http://localhost:55337/session/0e80b72b9fcaa19cc6c0adba6b69ac46/timeouts'
14:17:26.034 [Forwarding setTimeout on session 0e80b72b9fcaa19cc6c0adba6b69ac46 to remote] DEBUG org.asynchttpclient.netty.request.NettyRequestSender - Using open Channel [id: 0xc8083c05, L:/127.0.0.1:60703 - R:localhost/127.0.0.1:55337] for POST '/session/0e80b72b9fcaa19cc6c0adba6b69ac46/timeouts'
14:17:26.035 [AsyncHttpClient-1-5] DEBUG org.asynchttpclient.netty.handler.HttpHandler - 

Request DefaultHttpRequest(decodeResult: success, version: HTTP/1.1)
POST /session/0e80b72b9fcaa19cc6c0adba6b69ac46/timeouts HTTP/1.1
User-Agent: selenium/4.1.3 (java windows)
Content-Length: 22
Content-Type: application/json; charset=utf-8
host: localhost:55337
accept: */*

Response DefaultHttpResponse(decodeResult: success, version: HTTP/1.1)
HTTP/1.1 200 OK
Content-Type: application/json; charset=utf-8
cache-control: no-cache
content-length: 14

14:17:26.037 [AsyncHttpClient-1-5] DEBUG org.asynchttpclient.netty.channel.ChannelManager - Adding key: http://localhost:55337 for channel [id: 0xc8083c05, L:/127.0.0.1:60703 - R:localhost/127.0.0.1:55337]
14:17:26.047 [Forwarding isElementDisplayed on session 0e80b72b9fcaa19cc6c0adba6b69ac46 to remote] DEBUG org.asynchttpclient.netty.request.NettyRequestSender - Using pooled Channel '[id: 0xc8083c05, L:/127.0.0.1:60703 - R:localhost/127.0.0.1:55337]' for 'POST' to 'http://localhost:55337/session/0e80b72b9fcaa19cc6c0adba6b69ac46/execute/sync'
14:17:26.047 [Forwarding isElementDisplayed on session 0e80b72b9fcaa19cc6c0adba6b69ac46 to remote] DEBUG org.asynchttpclient.netty.request.NettyRequestSender - Using open Channel [id: 0xc8083c05, L:/127.0.0.1:60703 - R:localhost/127.0.0.1:55337] for POST '/session/0e80b72b9fcaa19cc6c0adba6b69ac46/execute/sync'
14:17:26.139 [AsyncHttpClient-1-5] DEBUG org.asynchttpclient.netty.handler.HttpHandler - 

Request DefaultHttpRequest(decodeResult: success, version: HTTP/1.1)
POST /session/0e80b72b9fcaa19cc6c0adba6b69ac46/execute/sync HTTP/1.1
User-Agent: selenium/4.1.3 (java windows)
Content-Length: 48780
Content-Type: application/json; charset=utf-8
host: localhost:55337
accept: */*

Response DefaultHttpResponse(decodeResult: success, version: HTTP/1.1)
HTTP/1.1 200 OK
Content-Type: application/json; charset=utf-8
cache-control: no-cache
content-length: 14

14:17:26.139 [AsyncHttpClient-1-5] DEBUG org.asynchttpclient.netty.channel.ChannelManager - Adding key: http://localhost:55337 for channel [id: 0xc8083c05, L:/127.0.0.1:60703 - R:localhost/127.0.0.1:55337]
14:17:26.146 [Forwarding clearElement on session 0e80b72b9fcaa19cc6c0adba6b69ac46 to remote] DEBUG org.asynchttpclient.netty.request.NettyRequestSender - Using pooled Channel '[id: 0xc8083c05, L:/127.0.0.1:60703 - R:localhost/127.0.0.1:55337]' for 'POST' to 'http://localhost:55337/session/0e80b72b9fcaa19cc6c0adba6b69ac46/element/4bf78403-9121-4698-bfc7-38fa277c020c/clear'
14:17:26.146 [Forwarding clearElement on session 0e80b72b9fcaa19cc6c0adba6b69ac46 to remote] DEBUG org.asynchttpclient.netty.request.NettyRequestSender - Using open Channel [id: 0xc8083c05, L:/127.0.0.1:60703 - R:localhost/127.0.0.1:55337] for POST '/session/0e80b72b9fcaa19cc6c0adba6b69ac46/element/4bf78403-9121-4698-bfc7-38fa277c020c/clear'
14:17:26.185 [AsyncHttpClient-1-5] DEBUG org.asynchttpclient.netty.handler.HttpHandler - 

Request DefaultHttpRequest(decodeResult: success, version: HTTP/1.1)
POST /session/0e80b72b9fcaa19cc6c0adba6b69ac46/element/4bf78403-9121-4698-bfc7-38fa277c020c/clear HTTP/1.1
User-Agent: selenium/4.1.3 (java windows)
Content-Length: 50
Content-Type: application/json; charset=utf-8
host: localhost:55337
accept: */*

Response DefaultHttpResponse(decodeResult: success, version: HTTP/1.1)
HTTP/1.1 200 OK
Content-Type: application/json; charset=utf-8
cache-control: no-cache
content-length: 14

14:17:26.186 [AsyncHttpClient-1-5] DEBUG org.asynchttpclient.netty.channel.ChannelManager - Adding key: http://localhost:55337 for channel [id: 0xc8083c05, L:/127.0.0.1:60703 - R:localhost/127.0.0.1:55337]
14:17:26.189 [Forwarding sendKeysToElement on session 0e80b72b9fcaa19cc6c0adba6b69ac46 to remote] DEBUG org.asynchttpclient.netty.request.NettyRequestSender - Using pooled Channel '[id: 0xc8083c05, L:/127.0.0.1:60703 - R:localhost/127.0.0.1:55337]' for 'POST' to 'http://localhost:55337/session/0e80b72b9fcaa19cc6c0adba6b69ac46/element/4bf78403-9121-4698-bfc7-38fa277c020c/value'
14:17:26.189 [Forwarding sendKeysToElement on session 0e80b72b9fcaa19cc6c0adba6b69ac46 to remote] DEBUG org.asynchttpclient.netty.request.NettyRequestSender - Using open Channel [id: 0xc8083c05, L:/127.0.0.1:60703 - R:localhost/127.0.0.1:55337] for POST '/session/0e80b72b9fcaa19cc6c0adba6b69ac46/element/4bf78403-9121-4698-bfc7-38fa277c020c/value'
14:17:26.246 [AsyncHttpClient-1-5] DEBUG org.asynchttpclient.netty.handler.HttpHandler - 

Request DefaultHttpRequest(decodeResult: success, version: HTTP/1.1)
POST /session/0e80b72b9fcaa19cc6c0adba6b69ac46/element/4bf78403-9121-4698-bfc7-38fa277c020c/value HTTP/1.1
User-Agent: selenium/4.1.3 (java windows)
Content-Length: 121
Content-Type: application/json; charset=utf-8
host: localhost:55337
accept: */*

Response DefaultHttpResponse(decodeResult: success, version: HTTP/1.1)
HTTP/1.1 200 OK
Content-Type: application/json; charset=utf-8
cache-control: no-cache
content-length: 14

14:17:26.246 [AsyncHttpClient-1-5] DEBUG org.asynchttpclient.netty.channel.ChannelManager - Adding key: http://localhost:55337 for channel [id: 0xc8083c05, L:/127.0.0.1:60703 - R:localhost/127.0.0.1:55337]
14:17:26.259 [Forwarding setTimeout on session 0e80b72b9fcaa19cc6c0adba6b69ac46 to remote] DEBUG org.asynchttpclient.netty.request.NettyRequestSender - Using pooled Channel '[id: 0xc8083c05, L:/127.0.0.1:60703 - R:localhost/127.0.0.1:55337]' for 'POST' to 'http://localhost:55337/session/0e80b72b9fcaa19cc6c0adba6b69ac46/timeouts'
14:17:26.259 [Forwarding setTimeout on session 0e80b72b9fcaa19cc6c0adba6b69ac46 to remote] DEBUG org.asynchttpclient.netty.request.NettyRequestSender - Using open Channel [id: 0xc8083c05, L:/127.0.0.1:60703 - R:localhost/127.0.0.1:55337] for POST '/session/0e80b72b9fcaa19cc6c0adba6b69ac46/timeouts'
14:17:26.260 [AsyncHttpClient-1-5] DEBUG org.asynchttpclient.netty.handler.HttpHandler - 

Request DefaultHttpRequest(decodeResult: success, version: HTTP/1.1)
POST /session/0e80b72b9fcaa19cc6c0adba6b69ac46/timeouts HTTP/1.1
User-Agent: selenium/4.1.3 (java windows)
Content-Length: 19
Content-Type: application/json; charset=utf-8
host: localhost:55337
accept: */*

Response DefaultHttpResponse(decodeResult: success, version: HTTP/1.1)
HTTP/1.1 200 OK
Content-Type: application/json; charset=utf-8
cache-control: no-cache
content-length: 14

14:17:26.261 [AsyncHttpClient-1-5] DEBUG org.asynchttpclient.netty.channel.ChannelManager - Adding key: http://localhost:55337 for channel [id: 0xc8083c05, L:/127.0.0.1:60703 - R:localhost/127.0.0.1:55337]
14:17:26.267 [Forwarding findElement on session 0e80b72b9fcaa19cc6c0adba6b69ac46 to remote] DEBUG org.asynchttpclient.netty.request.NettyRequestSender - Using pooled Channel '[id: 0xc8083c05, L:/127.0.0.1:60703 - R:localhost/127.0.0.1:55337]' for 'POST' to 'http://localhost:55337/session/0e80b72b9fcaa19cc6c0adba6b69ac46/element'
14:17:26.267 [Forwarding findElement on session 0e80b72b9fcaa19cc6c0adba6b69ac46 to remote] DEBUG org.asynchttpclient.netty.request.NettyRequestSender - Using open Channel [id: 0xc8083c05, L:/127.0.0.1:60703 - R:localhost/127.0.0.1:55337] for POST '/session/0e80b72b9fcaa19cc6c0adba6b69ac46/element'
14:17:26.279 [AsyncHttpClient-1-5] DEBUG org.asynchttpclient.netty.handler.HttpHandler - 

Request DefaultHttpRequest(decodeResult: success, version: HTTP/1.1)
POST /session/0e80b72b9fcaa19cc6c0adba6b69ac46/element HTTP/1.1
User-Agent: selenium/4.1.3 (java windows)
Content-Length: 66
Content-Type: application/json; charset=utf-8
host: localhost:55337
accept: */*

Response DefaultHttpResponse(decodeResult: success, version: HTTP/1.1)
HTTP/1.1 200 OK
Content-Type: application/json; charset=utf-8
cache-control: no-cache
content-length: 88

14:17:26.279 [AsyncHttpClient-1-5] DEBUG org.asynchttpclient.netty.channel.ChannelManager - Adding key: http://localhost:55337 for channel [id: 0xc8083c05, L:/127.0.0.1:60703 - R:localhost/127.0.0.1:55337]
14:17:26.282 [Forwarding setTimeout on session 0e80b72b9fcaa19cc6c0adba6b69ac46 to remote] DEBUG org.asynchttpclient.netty.request.NettyRequestSender - Using pooled Channel '[id: 0xc8083c05, L:/127.0.0.1:60703 - R:localhost/127.0.0.1:55337]' for 'POST' to 'http://localhost:55337/session/0e80b72b9fcaa19cc6c0adba6b69ac46/timeouts'
14:17:26.282 [Forwarding setTimeout on session 0e80b72b9fcaa19cc6c0adba6b69ac46 to remote] DEBUG org.asynchttpclient.netty.request.NettyRequestSender - Using open Channel [id: 0xc8083c05, L:/127.0.0.1:60703 - R:localhost/127.0.0.1:55337] for POST '/session/0e80b72b9fcaa19cc6c0adba6b69ac46/timeouts'
14:17:26.284 [AsyncHttpClient-1-5] DEBUG org.asynchttpclient.netty.handler.HttpHandler - 

Request DefaultHttpRequest(decodeResult: success, version: HTTP/1.1)
POST /session/0e80b72b9fcaa19cc6c0adba6b69ac46/timeouts HTTP/1.1
User-Agent: selenium/4.1.3 (java windows)
Content-Length: 22
Content-Type: application/json; charset=utf-8
host: localhost:55337
accept: */*

Response DefaultHttpResponse(decodeResult: success, version: HTTP/1.1)
HTTP/1.1 200 OK
Content-Type: application/json; charset=utf-8
cache-control: no-cache
content-length: 14

14:17:26.284 [AsyncHttpClient-1-5] DEBUG org.asynchttpclient.netty.channel.ChannelManager - Adding key: http://localhost:55337 for channel [id: 0xc8083c05, L:/127.0.0.1:60703 - R:localhost/127.0.0.1:55337]
14:17:26.291 [Forwarding isElementDisplayed on session 0e80b72b9fcaa19cc6c0adba6b69ac46 to remote] DEBUG org.asynchttpclient.netty.request.NettyRequestSender - Using pooled Channel '[id: 0xc8083c05, L:/127.0.0.1:60703 - R:localhost/127.0.0.1:55337]' for 'POST' to 'http://localhost:55337/session/0e80b72b9fcaa19cc6c0adba6b69ac46/execute/sync'
14:17:26.291 [Forwarding isElementDisplayed on session 0e80b72b9fcaa19cc6c0adba6b69ac46 to remote] DEBUG org.asynchttpclient.netty.request.NettyRequestSender - Using open Channel [id: 0xc8083c05, L:/127.0.0.1:60703 - R:localhost/127.0.0.1:55337] for POST '/session/0e80b72b9fcaa19cc6c0adba6b69ac46/execute/sync'
14:17:26.311 [AsyncHttpClient-1-5] DEBUG org.asynchttpclient.netty.handler.HttpHandler - 

Request DefaultHttpRequest(decodeResult: success, version: HTTP/1.1)
POST /session/0e80b72b9fcaa19cc6c0adba6b69ac46/execute/sync HTTP/1.1
User-Agent: selenium/4.1.3 (java windows)
Content-Length: 48780
Content-Type: application/json; charset=utf-8
host: localhost:55337
accept: */*

Response DefaultHttpResponse(decodeResult: success, version: HTTP/1.1)
HTTP/1.1 200 OK
Content-Type: application/json; charset=utf-8
cache-control: no-cache
content-length: 14

14:17:26.311 [AsyncHttpClient-1-5] DEBUG org.asynchttpclient.netty.channel.ChannelManager - Adding key: http://localhost:55337 for channel [id: 0xc8083c05, L:/127.0.0.1:60703 - R:localhost/127.0.0.1:55337]
14:17:26.316 [Forwarding clearElement on session 0e80b72b9fcaa19cc6c0adba6b69ac46 to remote] DEBUG org.asynchttpclient.netty.request.NettyRequestSender - Using pooled Channel '[id: 0xc8083c05, L:/127.0.0.1:60703 - R:localhost/127.0.0.1:55337]' for 'POST' to 'http://localhost:55337/session/0e80b72b9fcaa19cc6c0adba6b69ac46/element/d5aadbe7-0e83-4a93-ba8c-31765e8dec61/clear'
14:17:26.316 [Forwarding clearElement on session 0e80b72b9fcaa19cc6c0adba6b69ac46 to remote] DEBUG org.asynchttpclient.netty.request.NettyRequestSender - Using open Channel [id: 0xc8083c05, L:/127.0.0.1:60703 - R:localhost/127.0.0.1:55337] for POST '/session/0e80b72b9fcaa19cc6c0adba6b69ac46/element/d5aadbe7-0e83-4a93-ba8c-31765e8dec61/clear'
14:17:26.354 [AsyncHttpClient-1-5] DEBUG org.asynchttpclient.netty.handler.HttpHandler - 

Request DefaultHttpRequest(decodeResult: success, version: HTTP/1.1)
POST /session/0e80b72b9fcaa19cc6c0adba6b69ac46/element/d5aadbe7-0e83-4a93-ba8c-31765e8dec61/clear HTTP/1.1
User-Agent: selenium/4.1.3 (java windows)
Content-Length: 50
Content-Type: application/json; charset=utf-8
host: localhost:55337
accept: */*

Response DefaultHttpResponse(decodeResult: success, version: HTTP/1.1)
HTTP/1.1 200 OK
Content-Type: application/json; charset=utf-8
cache-control: no-cache
content-length: 14

14:17:26.354 [AsyncHttpClient-1-5] DEBUG org.asynchttpclient.netty.channel.ChannelManager - Adding key: http://localhost:55337 for channel [id: 0xc8083c05, L:/127.0.0.1:60703 - R:localhost/127.0.0.1:55337]
14:17:26.359 [Forwarding sendKeysToElement on session 0e80b72b9fcaa19cc6c0adba6b69ac46 to remote] DEBUG org.asynchttpclient.netty.request.NettyRequestSender - Using pooled Channel '[id: 0xc8083c05, L:/127.0.0.1:60703 - R:localhost/127.0.0.1:55337]' for 'POST' to 'http://localhost:55337/session/0e80b72b9fcaa19cc6c0adba6b69ac46/element/d5aadbe7-0e83-4a93-ba8c-31765e8dec61/value'
14:17:26.359 [Forwarding sendKeysToElement on session 0e80b72b9fcaa19cc6c0adba6b69ac46 to remote] DEBUG org.asynchttpclient.netty.request.NettyRequestSender - Using open Channel [id: 0xc8083c05, L:/127.0.0.1:60703 - R:localhost/127.0.0.1:55337] for POST '/session/0e80b72b9fcaa19cc6c0adba6b69ac46/element/d5aadbe7-0e83-4a93-ba8c-31765e8dec61/value'
14:17:26.396 [AsyncHttpClient-1-1] DEBUG org.asynchttpclient.netty.channel.DefaultChannelPool - Entry count for : http://localhost:60704 : 1
14:17:26.418 [AsyncHttpClient-1-5] DEBUG org.asynchttpclient.netty.handler.HttpHandler - 

Request DefaultHttpRequest(decodeResult: success, version: HTTP/1.1)
POST /session/0e80b72b9fcaa19cc6c0adba6b69ac46/element/d5aadbe7-0e83-4a93-ba8c-31765e8dec61/value HTTP/1.1
User-Agent: selenium/4.1.3 (java windows)
Content-Length: 181
Content-Type: application/json; charset=utf-8
host: localhost:55337
accept: */*

Response DefaultHttpResponse(decodeResult: success, version: HTTP/1.1)
HTTP/1.1 200 OK
Content-Type: application/json; charset=utf-8
cache-control: no-cache
content-length: 14

14:17:26.419 [AsyncHttpClient-1-5] DEBUG org.asynchttpclient.netty.channel.ChannelManager - Adding key: http://localhost:55337 for channel [id: 0xc8083c05, L:/127.0.0.1:60703 - R:localhost/127.0.0.1:55337]
14:17:26.428 [Forwarding setTimeout on session 0e80b72b9fcaa19cc6c0adba6b69ac46 to remote] DEBUG org.asynchttpclient.netty.request.NettyRequestSender - Using pooled Channel '[id: 0xc8083c05, L:/127.0.0.1:60703 - R:localhost/127.0.0.1:55337]' for 'POST' to 'http://localhost:55337/session/0e80b72b9fcaa19cc6c0adba6b69ac46/timeouts'
14:17:26.428 [Forwarding setTimeout on session 0e80b72b9fcaa19cc6c0adba6b69ac46 to remote] DEBUG org.asynchttpclient.netty.request.NettyRequestSender - Using open Channel [id: 0xc8083c05, L:/127.0.0.1:60703 - R:localhost/127.0.0.1:55337] for POST '/session/0e80b72b9fcaa19cc6c0adba6b69ac46/timeouts'
14:17:26.430 [AsyncHttpClient-1-5] DEBUG org.asynchttpclient.netty.handler.HttpHandler - 

Request DefaultHttpRequest(decodeResult: success, version: HTTP/1.1)
POST /session/0e80b72b9fcaa19cc6c0adba6b69ac46/timeouts HTTP/1.1
User-Agent: selenium/4.1.3 (java windows)
Content-Length: 19
Content-Type: application/json; charset=utf-8
host: localhost:55337
accept: */*

Response DefaultHttpResponse(decodeResult: success, version: HTTP/1.1)
HTTP/1.1 200 OK
Content-Type: application/json; charset=utf-8
cache-control: no-cache
content-length: 14

14:17:26.431 [AsyncHttpClient-1-5] DEBUG org.asynchttpclient.netty.channel.ChannelManager - Adding key: http://localhost:55337 for channel [id: 0xc8083c05, L:/127.0.0.1:60703 - R:localhost/127.0.0.1:55337]
14:17:26.437 [Forwarding findElement on session 0e80b72b9fcaa19cc6c0adba6b69ac46 to remote] DEBUG org.asynchttpclient.netty.request.NettyRequestSender - Using pooled Channel '[id: 0xc8083c05, L:/127.0.0.1:60703 - R:localhost/127.0.0.1:55337]' for 'POST' to 'http://localhost:55337/session/0e80b72b9fcaa19cc6c0adba6b69ac46/element'
14:17:26.437 [Forwarding findElement on session 0e80b72b9fcaa19cc6c0adba6b69ac46 to remote] DEBUG org.asynchttpclient.netty.request.NettyRequestSender - Using open Channel [id: 0xc8083c05, L:/127.0.0.1:60703 - R:localhost/127.0.0.1:55337] for POST '/session/0e80b72b9fcaa19cc6c0adba6b69ac46/element'
14:17:26.448 [AsyncHttpClient-1-5] DEBUG org.asynchttpclient.netty.handler.HttpHandler - 

Request DefaultHttpRequest(decodeResult: success, version: HTTP/1.1)
POST /session/0e80b72b9fcaa19cc6c0adba6b69ac46/element HTTP/1.1
User-Agent: selenium/4.1.3 (java windows)
Content-Length: 64
Content-Type: application/json; charset=utf-8
host: localhost:55337
accept: */*

Response DefaultHttpResponse(decodeResult: success, version: HTTP/1.1)
HTTP/1.1 200 OK
Content-Type: application/json; charset=utf-8
cache-control: no-cache
content-length: 88

14:17:26.448 [AsyncHttpClient-1-5] DEBUG org.asynchttpclient.netty.channel.ChannelManager - Adding key: http://localhost:55337 for channel [id: 0xc8083c05, L:/127.0.0.1:60703 - R:localhost/127.0.0.1:55337]
14:17:26.451 [Forwarding setTimeout on session 0e80b72b9fcaa19cc6c0adba6b69ac46 to remote] DEBUG org.asynchttpclient.netty.request.NettyRequestSender - Using pooled Channel '[id: 0xc8083c05, L:/127.0.0.1:60703 - R:localhost/127.0.0.1:55337]' for 'POST' to 'http://localhost:55337/session/0e80b72b9fcaa19cc6c0adba6b69ac46/timeouts'
14:17:26.451 [Forwarding setTimeout on session 0e80b72b9fcaa19cc6c0adba6b69ac46 to remote] DEBUG org.asynchttpclient.netty.request.NettyRequestSender - Using open Channel [id: 0xc8083c05, L:/127.0.0.1:60703 - R:localhost/127.0.0.1:55337] for POST '/session/0e80b72b9fcaa19cc6c0adba6b69ac46/timeouts'
14:17:26.452 [AsyncHttpClient-1-5] DEBUG org.asynchttpclient.netty.handler.HttpHandler - 

Request DefaultHttpRequest(decodeResult: success, version: HTTP/1.1)
POST /session/0e80b72b9fcaa19cc6c0adba6b69ac46/timeouts HTTP/1.1
User-Agent: selenium/4.1.3 (java windows)
Content-Length: 22
Content-Type: application/json; charset=utf-8
host: localhost:55337
accept: */*

Response DefaultHttpResponse(decodeResult: success, version: HTTP/1.1)
HTTP/1.1 200 OK
Content-Type: application/json; charset=utf-8
cache-control: no-cache
content-length: 14

14:17:26.453 [AsyncHttpClient-1-5] DEBUG org.asynchttpclient.netty.channel.ChannelManager - Adding key: http://localhost:55337 for channel [id: 0xc8083c05, L:/127.0.0.1:60703 - R:localhost/127.0.0.1:55337]
14:17:26.466 [Forwarding isElementDisplayed on session 0e80b72b9fcaa19cc6c0adba6b69ac46 to remote] DEBUG org.asynchttpclient.netty.request.NettyRequestSender - Using pooled Channel '[id: 0xc8083c05, L:/127.0.0.1:60703 - R:localhost/127.0.0.1:55337]' for 'POST' to 'http://localhost:55337/session/0e80b72b9fcaa19cc6c0adba6b69ac46/execute/sync'
14:17:26.466 [Forwarding isElementDisplayed on session 0e80b72b9fcaa19cc6c0adba6b69ac46 to remote] DEBUG org.asynchttpclient.netty.request.NettyRequestSender - Using open Channel [id: 0xc8083c05, L:/127.0.0.1:60703 - R:localhost/127.0.0.1:55337] for POST '/session/0e80b72b9fcaa19cc6c0adba6b69ac46/execute/sync'
14:17:26.487 [AsyncHttpClient-1-5] DEBUG org.asynchttpclient.netty.handler.HttpHandler - 

Request DefaultHttpRequest(decodeResult: success, version: HTTP/1.1)
POST /session/0e80b72b9fcaa19cc6c0adba6b69ac46/execute/sync HTTP/1.1
User-Agent: selenium/4.1.3 (java windows)
Content-Length: 48780
Content-Type: application/json; charset=utf-8
host: localhost:55337
accept: */*

Response DefaultHttpResponse(decodeResult: success, version: HTTP/1.1)
HTTP/1.1 200 OK
Content-Type: application/json; charset=utf-8
cache-control: no-cache
content-length: 14

14:17:26.488 [AsyncHttpClient-1-5] DEBUG org.asynchttpclient.netty.channel.ChannelManager - Adding key: http://localhost:55337 for channel [id: 0xc8083c05, L:/127.0.0.1:60703 - R:localhost/127.0.0.1:55337]
14:17:26.495 [Forwarding getElementTagName on session 0e80b72b9fcaa19cc6c0adba6b69ac46 to remote] DEBUG org.asynchttpclient.netty.request.NettyRequestSender - Using pooled Channel '[id: 0xc8083c05, L:/127.0.0.1:60703 - R:localhost/127.0.0.1:55337]' for 'GET' to 'http://localhost:55337/session/0e80b72b9fcaa19cc6c0adba6b69ac46/element/dfa82956-a2cd-4243-912e-19b40c417376/name'
14:17:26.495 [Forwarding getElementTagName on session 0e80b72b9fcaa19cc6c0adba6b69ac46 to remote] DEBUG org.asynchttpclient.netty.request.NettyRequestSender - Using open Channel [id: 0xc8083c05, L:/127.0.0.1:60703 - R:localhost/127.0.0.1:55337] for GET '/session/0e80b72b9fcaa19cc6c0adba6b69ac46/element/dfa82956-a2cd-4243-912e-19b40c417376/name'
14:17:26.503 [AsyncHttpClient-1-5] DEBUG org.asynchttpclient.netty.handler.HttpHandler - 

Request DefaultFullHttpRequest(decodeResult: success, version: HTTP/1.1, content: EmptyByteBufBE)
GET /session/0e80b72b9fcaa19cc6c0adba6b69ac46/element/dfa82956-a2cd-4243-912e-19b40c417376/name HTTP/1.1
User-Agent: selenium/4.1.3 (java windows)
Cache-Control: no-cache
Content-Type: application/json; charset=utf-8
host: localhost:55337
accept: */*

Response DefaultHttpResponse(decodeResult: success, version: HTTP/1.1)
HTTP/1.1 200 OK
Content-Type: application/json; charset=utf-8
cache-control: no-cache
content-length: 17

14:17:26.503 [AsyncHttpClient-1-5] DEBUG org.asynchttpclient.netty.channel.ChannelManager - Adding key: http://localhost:55337 for channel [id: 0xc8083c05, L:/127.0.0.1:60703 - R:localhost/127.0.0.1:55337]
14:17:26.507 [Forwarding getElementTagName on session 0e80b72b9fcaa19cc6c0adba6b69ac46 to remote] DEBUG org.asynchttpclient.netty.request.NettyRequestSender - Using pooled Channel '[id: 0xc8083c05, L:/127.0.0.1:60703 - R:localhost/127.0.0.1:55337]' for 'GET' to 'http://localhost:55337/session/0e80b72b9fcaa19cc6c0adba6b69ac46/element/dfa82956-a2cd-4243-912e-19b40c417376/name'
14:17:26.507 [Forwarding getElementTagName on session 0e80b72b9fcaa19cc6c0adba6b69ac46 to remote] DEBUG org.asynchttpclient.netty.request.NettyRequestSender - Using open Channel [id: 0xc8083c05, L:/127.0.0.1:60703 - R:localhost/127.0.0.1:55337] for GET '/session/0e80b72b9fcaa19cc6c0adba6b69ac46/element/dfa82956-a2cd-4243-912e-19b40c417376/name'
14:17:26.513 [AsyncHttpClient-1-5] DEBUG org.asynchttpclient.netty.handler.HttpHandler - 

Request DefaultFullHttpRequest(decodeResult: success, version: HTTP/1.1, content: EmptyByteBufBE)
GET /session/0e80b72b9fcaa19cc6c0adba6b69ac46/element/dfa82956-a2cd-4243-912e-19b40c417376/name HTTP/1.1
User-Agent: selenium/4.1.3 (java windows)
Cache-Control: no-cache
Content-Type: application/json; charset=utf-8
host: localhost:55337
accept: */*

Response DefaultHttpResponse(decodeResult: success, version: HTTP/1.1)
HTTP/1.1 200 OK
Content-Type: application/json; charset=utf-8
cache-control: no-cache
content-length: 17

14:17:26.513 [AsyncHttpClient-1-5] DEBUG org.asynchttpclient.netty.channel.ChannelManager - Adding key: http://localhost:55337 for channel [id: 0xc8083c05, L:/127.0.0.1:60703 - R:localhost/127.0.0.1:55337]
14:17:26.519 [Forwarding isElementEnabled on session 0e80b72b9fcaa19cc6c0adba6b69ac46 to remote] DEBUG org.asynchttpclient.netty.request.NettyRequestSender - Using pooled Channel '[id: 0xc8083c05, L:/127.0.0.1:60703 - R:localhost/127.0.0.1:55337]' for 'GET' to 'http://localhost:55337/session/0e80b72b9fcaa19cc6c0adba6b69ac46/element/dfa82956-a2cd-4243-912e-19b40c417376/enabled'
14:17:26.519 [Forwarding isElementEnabled on session 0e80b72b9fcaa19cc6c0adba6b69ac46 to remote] DEBUG org.asynchttpclient.netty.request.NettyRequestSender - Using open Channel [id: 0xc8083c05, L:/127.0.0.1:60703 - R:localhost/127.0.0.1:55337] for GET '/session/0e80b72b9fcaa19cc6c0adba6b69ac46/element/dfa82956-a2cd-4243-912e-19b40c417376/enabled'
14:17:26.535 [AsyncHttpClient-1-5] DEBUG org.asynchttpclient.netty.handler.HttpHandler - 

Request DefaultFullHttpRequest(decodeResult: success, version: HTTP/1.1, content: EmptyByteBufBE)
GET /session/0e80b72b9fcaa19cc6c0adba6b69ac46/element/dfa82956-a2cd-4243-912e-19b40c417376/enabled HTTP/1.1
User-Agent: selenium/4.1.3 (java windows)
Cache-Control: no-cache
Content-Type: application/json; charset=utf-8
host: localhost:55337
accept: */*

Response DefaultHttpResponse(decodeResult: success, version: HTTP/1.1)
HTTP/1.1 200 OK
Content-Type: application/json; charset=utf-8
cache-control: no-cache
content-length: 14

14:17:26.536 [AsyncHttpClient-1-5] DEBUG org.asynchttpclient.netty.channel.ChannelManager - Adding key: http://localhost:55337 for channel [id: 0xc8083c05, L:/127.0.0.1:60703 - R:localhost/127.0.0.1:55337]
14:17:26.539 [Forwarding isElementEnabled on session 0e80b72b9fcaa19cc6c0adba6b69ac46 to remote] DEBUG org.asynchttpclient.netty.request.NettyRequestSender - Using pooled Channel '[id: 0xc8083c05, L:/127.0.0.1:60703 - R:localhost/127.0.0.1:55337]' for 'GET' to 'http://localhost:55337/session/0e80b72b9fcaa19cc6c0adba6b69ac46/element/dfa82956-a2cd-4243-912e-19b40c417376/enabled'
14:17:26.539 [Forwarding isElementEnabled on session 0e80b72b9fcaa19cc6c0adba6b69ac46 to remote] DEBUG org.asynchttpclient.netty.request.NettyRequestSender - Using open Channel [id: 0xc8083c05, L:/127.0.0.1:60703 - R:localhost/127.0.0.1:55337] for GET '/session/0e80b72b9fcaa19cc6c0adba6b69ac46/element/dfa82956-a2cd-4243-912e-19b40c417376/enabled'
14:17:26.548 [AsyncHttpClient-1-5] DEBUG org.asynchttpclient.netty.handler.HttpHandler - 

Request DefaultFullHttpRequest(decodeResult: success, version: HTTP/1.1, content: EmptyByteBufBE)
GET /session/0e80b72b9fcaa19cc6c0adba6b69ac46/element/dfa82956-a2cd-4243-912e-19b40c417376/enabled HTTP/1.1
User-Agent: selenium/4.1.3 (java windows)
Cache-Control: no-cache
Content-Type: application/json; charset=utf-8
host: localhost:55337
accept: */*

Response DefaultHttpResponse(decodeResult: success, version: HTTP/1.1)
HTTP/1.1 200 OK
Content-Type: application/json; charset=utf-8
cache-control: no-cache
content-length: 14

14:17:26.548 [AsyncHttpClient-1-5] DEBUG org.asynchttpclient.netty.channel.ChannelManager - Adding key: http://localhost:55337 for channel [id: 0xc8083c05, L:/127.0.0.1:60703 - R:localhost/127.0.0.1:55337]
14:17:26.551 [Forwarding clickElement on session 0e80b72b9fcaa19cc6c0adba6b69ac46 to remote] DEBUG org.asynchttpclient.netty.request.NettyRequestSender - Using pooled Channel '[id: 0xc8083c05, L:/127.0.0.1:60703 - R:localhost/127.0.0.1:55337]' for 'POST' to 'http://localhost:55337/session/0e80b72b9fcaa19cc6c0adba6b69ac46/element/dfa82956-a2cd-4243-912e-19b40c417376/click'
14:17:26.551 [Forwarding clickElement on session 0e80b72b9fcaa19cc6c0adba6b69ac46 to remote] DEBUG org.asynchttpclient.netty.request.NettyRequestSender - Using open Channel [id: 0xc8083c05, L:/127.0.0.1:60703 - R:localhost/127.0.0.1:55337] for POST '/session/0e80b72b9fcaa19cc6c0adba6b69ac46/element/dfa82956-a2cd-4243-912e-19b40c417376/click'
14:17:26.988 [AsyncHttpClient-1-5] DEBUG org.asynchttpclient.netty.handler.HttpHandler - 

Request DefaultHttpRequest(decodeResult: success, version: HTTP/1.1)
POST /session/0e80b72b9fcaa19cc6c0adba6b69ac46/element/dfa82956-a2cd-4243-912e-19b40c417376/click HTTP/1.1
User-Agent: selenium/4.1.3 (java windows)
Content-Length: 50
Content-Type: application/json; charset=utf-8
host: localhost:55337
accept: */*

Response DefaultHttpResponse(decodeResult: success, version: HTTP/1.1)
HTTP/1.1 200 OK
Content-Type: application/json; charset=utf-8
cache-control: no-cache
content-length: 14

14:17:26.988 [AsyncHttpClient-1-5] DEBUG org.asynchttpclient.netty.channel.ChannelManager - Adding key: http://localhost:55337 for channel [id: 0xc8083c05, L:/127.0.0.1:60703 - R:localhost/127.0.0.1:55337]
14:17:26.995 [main] DEBUG net.thucydides.core.steps.StepInterceptor - STEP DONE: login
  &amp#27;[32mGiven &amp#27;[0m&amp#27;[32mthe user enters the username &amp#27;[0m&amp#27;[32m&amp#27;[1mnull&amp#27;[0m&amp#27;[32m and password &amp#27;[0m&amp#27;[32m&amp#27;[1mmngr398793&amp#27;[0m &amp#27;[90m# cucumber.LoginStepDefs.the_user_enters_the_username_and_password(java.lang.String,java.lang.String)&amp#27;[0m
14:17:27.014 [main] DEBUG net.thucydides.core.steps.StepInterceptor - STARTING STEP: LoginStepDefs.the_error_message_user_is_not_valid_is_displayed - checkInvalid
14:17:27.016 [Forwarding getAlertText on session 0e80b72b9fcaa19cc6c0adba6b69ac46 to remote] DEBUG org.asynchttpclient.netty.request.NettyRequestSender - Using pooled Channel '[id: 0xc8083c05, L:/127.0.0.1:60703 - R:localhost/127.0.0.1:55337]' for 'GET' to 'http://localhost:55337/session/0e80b72b9fcaa19cc6c0adba6b69ac46/alert/text'
14:17:27.016 [Forwarding getAlertText on session 0e80b72b9fcaa19cc6c0adba6b69ac46 to remote] DEBUG org.asynchttpclient.netty.request.NettyRequestSender - Using open Channel [id: 0xc8083c05, L:/127.0.0.1:60703 - R:localhost/127.0.0.1:55337] for GET '/session/0e80b72b9fcaa19cc6c0adba6b69ac46/alert/text'
14:17:27.018 [AsyncHttpClient-1-5] DEBUG org.asynchttpclient.netty.handler.HttpHandler - 

Request DefaultFullHttpRequest(decodeResult: success, version: HTTP/1.1, content: EmptyByteBufBE)
GET /session/0e80b72b9fcaa19cc6c0adba6b69ac46/alert/text HTTP/1.1
User-Agent: selenium/4.1.3 (java windows)
Cache-Control: no-cache
Content-Type: application/json; charset=utf-8
host: localhost:55337
accept: */*

Response DefaultHttpResponse(decodeResult: success, version: HTTP/1.1)
HTTP/1.1 200 OK
Content-Type: application/json; charset=utf-8
cache-control: no-cache
content-length: 29

14:17:27.019 [AsyncHttpClient-1-5] DEBUG org.asynchttpclient.netty.channel.ChannelManager - Adding key: http://localhost:55337 for channel [id: 0xc8083c05, L:/127.0.0.1:60703 - R:localhost/127.0.0.1:55337]
14:17:27.021 [Forwarding getAlertText on session 0e80b72b9fcaa19cc6c0adba6b69ac46 to remote] DEBUG org.asynchttpclient.netty.request.NettyRequestSender - Using pooled Channel '[id: 0xc8083c05, L:/127.0.0.1:60703 - R:localhost/127.0.0.1:55337]' for 'GET' to 'http://localhost:55337/session/0e80b72b9fcaa19cc6c0adba6b69ac46/alert/text'
14:17:27.021 [Forwarding getAlertText on session 0e80b72b9fcaa19cc6c0adba6b69ac46 to remote] DEBUG org.asynchttpclient.netty.request.NettyRequestSender - Using open Channel [id: 0xc8083c05, L:/127.0.0.1:60703 - R:localhost/127.0.0.1:55337] for GET '/session/0e80b72b9fcaa19cc6c0adba6b69ac46/alert/text'
14:17:27.022 [AsyncHttpClient-1-5] DEBUG org.asynchttpclient.netty.handler.HttpHandler - 

Request DefaultFullHttpRequest(decodeResult: success, version: HTTP/1.1, content: EmptyByteBufBE)
GET /session/0e80b72b9fcaa19cc6c0adba6b69ac46/alert/text HTTP/1.1
User-Agent: selenium/4.1.3 (java windows)
Cache-Control: no-cache
Content-Type: application/json; charset=utf-8
host: localhost:55337
accept: */*

Response DefaultHttpResponse(decodeResult: success, version: HTTP/1.1)
HTTP/1.1 200 OK
Content-Type: application/json; charset=utf-8
cache-control: no-cache
content-length: 29

14:17:27.022 [AsyncHttpClient-1-5] DEBUG org.asynchttpclient.netty.channel.ChannelManager - Adding key: http://localhost:55337 for channel [id: 0xc8083c05, L:/127.0.0.1:60703 - R:localhost/127.0.0.1:55337]
14:17:27.026 [main] DEBUG net.thucydides.core.steps.StepInterceptor - STEP DONE: checkInvalid
  &amp#27;[31mThen &amp#27;[0m&amp#27;[31mthe error message &amp#27;[0m&amp#27;[31m&amp#27;[1m'User is wrong'&amp#27;[0m&amp#27;[31m is displayed&amp#27;[0m             &amp#27;[90m# cucumber.LoginStepDefs.the_error_message_user_is_not_valid_is_displayed(java.lang.String)&amp#27;[0m
      &amp#27;[31mjava.lang.AssertionError: The User is wrongis wrong
	at org.hamcrest.MatcherAssert.assertThat(MatcherAssert.java:26)
	at cucumber.LoginStepDefs.the_error_message_user_is_not_valid_is_displayed(LoginStepDefs.java:27)
	at âœ½.the error message 'User is wrong' is displayed(file:///D:/Pratice/serenity_homework/src/test/resources/features.login/login_unsuccess.feature:6)
&amp#27;[0m
14:17:27.046 [Forwarding screenshot on session 0e80b72b9fcaa19cc6c0adba6b69ac46 to remote] DEBUG org.asynchttpclient.netty.request.NettyRequestSender - Using pooled Channel '[id: 0xc8083c05, L:/127.0.0.1:60703 - R:localhost/127.0.0.1:55337]' for 'GET' to 'http://localhost:55337/session/0e80b72b9fcaa19cc6c0adba6b69ac46/screenshot'
14:17:27.046 [Forwarding screenshot on session 0e80b72b9fcaa19cc6c0adba6b69ac46 to remote] DEBUG org.asynchttpclient.netty.request.NettyRequestSender - Using open Channel [id: 0xc8083c05, L:/127.0.0.1:60703 - R:localhost/127.0.0.1:55337] for GET '/session/0e80b72b9fcaa19cc6c0adba6b69ac46/screenshot'
14:17:27.050 [AsyncHttpClient-1-5] DEBUG org.asynchttpclient.netty.handler.HttpHandler - 

Request DefaultFullHttpRequest(decodeResult: success, version: HTTP/1.1, content: EmptyByteBufBE)
GET /session/0e80b72b9fcaa19cc6c0adba6b69ac46/screenshot HTTP/1.1
User-Agent: selenium/4.1.3 (java windows)
Cache-Control: no-cache
Content-Type: application/json; charset=utf-8
host: localhost:55337
accept: */*

Response DefaultHttpResponse(decodeResult: success, version: HTTP/1.1)
HTTP/1.1 500 Internal Server Error
Content-Type: application/json; charset=utf-8
cache-control: no-cache
content-length: 888

14:17:27.051 [AsyncHttpClient-1-5] DEBUG org.asynchttpclient.netty.channel.ChannelManager - Adding key: http://localhost:55337 for channel [id: 0xc8083c05, L:/127.0.0.1:60703 - R:localhost/127.0.0.1:55337]
14:17:27.055 [main] WARN net.thucydides.core.webdriver.WebDriverFacade - Failed to take screenshot (unexpected alert open: {Alert text : User is not valid}
  (Session info: chrome=100.0.4896.88): User is not valid
Build info: version: '4.1.3', revision: '7b1ebf28ef'
System info: host: 'LAPDELL-0226', ip: '192.168.137.230', os.name: 'Windows 10', os.arch: 'amd64', os.version: '10.0', java.version: '1.8.0_321'
Driver info: org.openqa.selenium.chrome.ChromeDriver
Command: [0e80b72b9fcaa19cc6c0adba6b69ac46, screenshot {}]
Capabilities {acceptInsecureCerts: false, browserName: chrome, browserVersion: 100.0.4896.88, chrome: {chromedriverVersion: 100.0.4896.60 (6a5d10861ce8..., userDataDir: C:\Users\DUNG~1.NGU\AppData...}, goog:chromeOptions: {debuggerAddress: localhost:60704}, javascriptEnabled: true, networkConnectionEnabled: false, pageLoadStrategy: normal, platform: WINDOWS, platformName: WINDOWS, proxy: Proxy(), se:cdp: ws://localhost:60704/devtoo..., se:cdpVersion: 100.0.4896.88, setWindowRect: true, strictFileInteractability: false, timeouts: {implicit: 0, pageLoad: 300000, script: 30000}, unhandledPromptBehavior: dismiss and notify, webauthn:extension:credBlob: true, webauthn:extension:largeBlob: true, webauthn:virtualAuthenticators: true}
Session ID: 0e80b72b9fcaa19cc6c0adba6b69ac46)
14:17:27.058 [Forwarding getPageSource on session 0e80b72b9fcaa19cc6c0adba6b69ac46 to remote] DEBUG org.asynchttpclient.netty.request.NettyRequestSender - Using pooled Channel '[id: 0xc8083c05, L:/127.0.0.1:60703 - R:localhost/127.0.0.1:55337]' for 'POST' to 'http://localhost:55337/session/0e80b72b9fcaa19cc6c0adba6b69ac46/execute/sync'
14:17:27.058 [Forwarding getPageSource on session 0e80b72b9fcaa19cc6c0adba6b69ac46 to remote] DEBUG org.asynchttpclient.netty.request.NettyRequestSender - Using open Channel [id: 0xc8083c05, L:/127.0.0.1:60703 - R:localhost/127.0.0.1:55337] for POST '/session/0e80b72b9fcaa19cc6c0adba6b69ac46/execute/sync'
14:17:27.501 [AsyncHttpClient-1-1] DEBUG org.asynchttpclient.netty.channel.DefaultChannelPool - Entry count for : http://localhost:60704 : 1
14:17:28.604 [AsyncHttpClient-1-1] DEBUG org.asynchttpclient.netty.channel.DefaultChannelPool - Entry count for : http://localhost:60704 : 1
14:17:29.290 [AsyncHttpClient-1-5] DEBUG org.asynchttpclient.netty.handler.HttpHandler - 

Request DefaultHttpRequest(decodeResult: success, version: HTTP/1.1)
POST /session/0e80b72b9fcaa19cc6c0adba6b69ac46/execute/sync HTTP/1.1
User-Agent: selenium/4.1.3 (java windows)
Content-Length: 176
Content-Type: application/json; charset=utf-8
host: localhost:55337
accept: */*

Response DefaultHttpResponse(decodeResult: success, version: HTTP/1.1)
HTTP/1.1 200 OK
Content-Type: application/json; charset=utf-8
cache-control: no-cache
content-length: 23682

14:17:29.291 [AsyncHttpClient-1-5] DEBUG org.asynchttpclient.netty.channel.ChannelManager - Adding key: http://localhost:55337 for channel [id: 0xc8083c05, L:/127.0.0.1:60703 - R:localhost/127.0.0.1:55337]
14:17:29.342 [Forwarding getCurrentUrl on session 0e80b72b9fcaa19cc6c0adba6b69ac46 to remote] DEBUG org.asynchttpclient.netty.request.NettyRequestSender - Using pooled Channel '[id: 0xc8083c05, L:/127.0.0.1:60703 - R:localhost/127.0.0.1:55337]' for 'GET' to 'http://localhost:55337/session/0e80b72b9fcaa19cc6c0adba6b69ac46/url'
14:17:29.343 [Forwarding getCurrentUrl on session 0e80b72b9fcaa19cc6c0adba6b69ac46 to remote] DEBUG org.asynchttpclient.netty.request.NettyRequestSender - Using open Channel [id: 0xc8083c05, L:/127.0.0.1:60703 - R:localhost/127.0.0.1:55337] for GET '/session/0e80b72b9fcaa19cc6c0adba6b69ac46/url'
14:17:29.351 [AsyncHttpClient-1-5] DEBUG org.asynchttpclient.netty.handler.HttpHandler - 

Request DefaultFullHttpRequest(decodeResult: success, version: HTTP/1.1, content: EmptyByteBufBE)
GET /session/0e80b72b9fcaa19cc6c0adba6b69ac46/url HTTP/1.1
User-Agent: selenium/4.1.3 (java windows)
Cache-Control: no-cache
Content-Type: application/json; charset=utf-8
host: localhost:55337
accept: */*

Response DefaultHttpResponse(decodeResult: success, version: HTTP/1.1)
HTTP/1.1 200 OK
Content-Type: application/json; charset=utf-8
cache-control: no-cache
content-length: 61

14:17:29.351 [AsyncHttpClient-1-5] DEBUG org.asynchttpclient.netty.channel.ChannelManager - Adding key: http://localhost:55337 for channel [id: 0xc8083c05, L:/127.0.0.1:60703 - R:localhost/127.0.0.1:55337]
]]></system-out>
  </testcase>
  <testcase name="user login unsuccessful #4" classname="user login to the page unsuccessful" time="3.864">
    <failure message="The User is wrongis wrong" type="java.lang.AssertionError"><![CDATA[java.lang.AssertionError: The User is wrongis wrong
]]></failure>
    <system-out><![CDATA[
@unit
Scenario Outline: user login unsuccessful                      &amp#27;[90m# src/test/resources/features.login/login_unsuccess.feature:12&amp#27;[0m
14:17:29.393 [main] INFO io.cucumber.core.plugin.SerenityReporter - Running feature from file:///D:/Pratice/serenity_homework/src/test/resources/features.login/login_unsuccess.feature
14:17:29.393 [main] WARN io.cucumber.core.plugin.SerenityReporter - Feature from file:///D:/Pratice/serenity_homework/src/test/resources/features.login/login_unsuccess.feature is not under the 'features' directory. Requirements report will not be correctly generated!
14:17:29.473 [main] DEBUG io.github.bonigarcia.wdm.cache.ResolutionCache - Resolution chrome=100 in cache (valid until 15:16:54 18/04/2022 ICT)
14:17:29.475 [main] DEBUG io.github.bonigarcia.wdm.cache.ResolutionCache - Resolution chrome100=100.0.4896.60 in cache (valid until 14:28:32 18/04/2022 ICT)
14:17:29.475 [main] INFO io.github.bonigarcia.wdm.WebDriverManager - Using chromedriver 100.0.4896.60 (resolved driver for Chrome 100)
14:17:29.483 [main] DEBUG io.github.bonigarcia.wdm.WebDriverManager - Driver chromedriver 100.0.4896.60 found in cache
14:17:29.485 [main] INFO io.github.bonigarcia.wdm.WebDriverManager - Exporting webdriver.chrome.driver as C:\Users\dung.nguyenanh\.cache\selenium\chromedriver\win32\100.0.4896.60\chromedriver.exe
14:17:29.488 [Forwarding get on session 0e80b72b9fcaa19cc6c0adba6b69ac46 to remote] DEBUG org.asynchttpclient.netty.request.NettyRequestSender - Using pooled Channel '[id: 0xc8083c05, L:/127.0.0.1:60703 - R:localhost/127.0.0.1:55337]' for 'POST' to 'http://localhost:55337/session/0e80b72b9fcaa19cc6c0adba6b69ac46/url'
14:17:29.488 [Forwarding get on session 0e80b72b9fcaa19cc6c0adba6b69ac46 to remote] DEBUG org.asynchttpclient.netty.request.NettyRequestSender - Using open Channel [id: 0xc8083c05, L:/127.0.0.1:60703 - R:localhost/127.0.0.1:55337] for POST '/session/0e80b72b9fcaa19cc6c0adba6b69ac46/url'
14:17:29.697 [AsyncHttpClient-1-1] DEBUG org.asynchttpclient.netty.channel.DefaultChannelPool - Entry count for : http://localhost:60704 : 1
14:17:30.804 [AsyncHttpClient-1-1] DEBUG org.asynchttpclient.netty.channel.DefaultChannelPool - Entry count for : http://localhost:60704 : 1
14:17:31.078 [AsyncHttpClient-1-5] DEBUG org.asynchttpclient.netty.handler.HttpHandler - 

Request DefaultHttpRequest(decodeResult: success, version: HTTP/1.1)
POST /session/0e80b72b9fcaa19cc6c0adba6b69ac46/url HTTP/1.1
User-Agent: selenium/4.1.3 (java windows)
Content-Length: 94
Content-Type: application/json; charset=utf-8
host: localhost:55337
accept: */*

Response DefaultHttpResponse(decodeResult: success, version: HTTP/1.1)
HTTP/1.1 200 OK
Content-Type: application/json; charset=utf-8
cache-control: no-cache
content-length: 14

14:17:31.079 [AsyncHttpClient-1-5] DEBUG org.asynchttpclient.netty.channel.ChannelManager - Adding key: http://localhost:55337 for channel [id: 0xc8083c05, L:/127.0.0.1:60703 - R:localhost/127.0.0.1:55337]
14:17:31.083 [Forwarding getCurrentUrl on session 0e80b72b9fcaa19cc6c0adba6b69ac46 to remote] DEBUG org.asynchttpclient.netty.request.NettyRequestSender - Using pooled Channel '[id: 0xc8083c05, L:/127.0.0.1:60703 - R:localhost/127.0.0.1:55337]' for 'GET' to 'http://localhost:55337/session/0e80b72b9fcaa19cc6c0adba6b69ac46/url'
14:17:31.083 [Forwarding getCurrentUrl on session 0e80b72b9fcaa19cc6c0adba6b69ac46 to remote] DEBUG org.asynchttpclient.netty.request.NettyRequestSender - Using open Channel [id: 0xc8083c05, L:/127.0.0.1:60703 - R:localhost/127.0.0.1:55337] for GET '/session/0e80b72b9fcaa19cc6c0adba6b69ac46/url'
14:17:31.091 [AsyncHttpClient-1-5] DEBUG org.asynchttpclient.netty.handler.HttpHandler - 

Request DefaultFullHttpRequest(decodeResult: success, version: HTTP/1.1, content: EmptyByteBufBE)
GET /session/0e80b72b9fcaa19cc6c0adba6b69ac46/url HTTP/1.1
User-Agent: selenium/4.1.3 (java windows)
Cache-Control: no-cache
Content-Type: application/json; charset=utf-8
host: localhost:55337
accept: */*

Response DefaultHttpResponse(decodeResult: success, version: HTTP/1.1)
HTTP/1.1 200 OK
Content-Type: application/json; charset=utf-8
cache-control: no-cache
content-length: 61

14:17:31.092 [AsyncHttpClient-1-5] DEBUG org.asynchttpclient.netty.channel.ChannelManager - Adding key: http://localhost:55337 for channel [id: 0xc8083c05, L:/127.0.0.1:60703 - R:localhost/127.0.0.1:55337]
14:17:31.094 [Forwarding getCurrentUrl on session 0e80b72b9fcaa19cc6c0adba6b69ac46 to remote] DEBUG org.asynchttpclient.netty.request.NettyRequestSender - Using pooled Channel '[id: 0xc8083c05, L:/127.0.0.1:60703 - R:localhost/127.0.0.1:55337]' for 'GET' to 'http://localhost:55337/session/0e80b72b9fcaa19cc6c0adba6b69ac46/url'
14:17:31.095 [Forwarding getCurrentUrl on session 0e80b72b9fcaa19cc6c0adba6b69ac46 to remote] DEBUG org.asynchttpclient.netty.request.NettyRequestSender - Using open Channel [id: 0xc8083c05, L:/127.0.0.1:60703 - R:localhost/127.0.0.1:55337] for GET '/session/0e80b72b9fcaa19cc6c0adba6b69ac46/url'
14:17:31.102 [AsyncHttpClient-1-5] DEBUG org.asynchttpclient.netty.handler.HttpHandler - 

Request DefaultFullHttpRequest(decodeResult: success, version: HTTP/1.1, content: EmptyByteBufBE)
GET /session/0e80b72b9fcaa19cc6c0adba6b69ac46/url HTTP/1.1
User-Agent: selenium/4.1.3 (java windows)
Cache-Control: no-cache
Content-Type: application/json; charset=utf-8
host: localhost:55337
accept: */*

Response DefaultHttpResponse(decodeResult: success, version: HTTP/1.1)
HTTP/1.1 200 OK
Content-Type: application/json; charset=utf-8
cache-control: no-cache
content-length: 61

14:17:31.103 [AsyncHttpClient-1-5] DEBUG org.asynchttpclient.netty.channel.ChannelManager - Adding key: http://localhost:55337 for channel [id: 0xc8083c05, L:/127.0.0.1:60703 - R:localhost/127.0.0.1:55337]
14:17:31.108 [Forwarding maximizeCurrentWindow on session 0e80b72b9fcaa19cc6c0adba6b69ac46 to remote] DEBUG org.asynchttpclient.netty.request.NettyRequestSender - Using pooled Channel '[id: 0xc8083c05, L:/127.0.0.1:60703 - R:localhost/127.0.0.1:55337]' for 'POST' to 'http://localhost:55337/session/0e80b72b9fcaa19cc6c0adba6b69ac46/window/maximize'
14:17:31.108 [Forwarding maximizeCurrentWindow on session 0e80b72b9fcaa19cc6c0adba6b69ac46 to remote] DEBUG org.asynchttpclient.netty.request.NettyRequestSender - Using open Channel [id: 0xc8083c05, L:/127.0.0.1:60703 - R:localhost/127.0.0.1:55337] for POST '/session/0e80b72b9fcaa19cc6c0adba6b69ac46/window/maximize'
14:17:31.115 [AsyncHttpClient-1-5] DEBUG org.asynchttpclient.netty.handler.HttpHandler - 

Request DefaultHttpRequest(decodeResult: success, version: HTTP/1.1)
POST /session/0e80b72b9fcaa19cc6c0adba6b69ac46/window/maximize HTTP/1.1
User-Agent: selenium/4.1.3 (java windows)
Content-Length: 3
Content-Type: application/json; charset=utf-8
host: localhost:55337
accept: */*

Response DefaultHttpResponse(decodeResult: success, version: HTTP/1.1)
HTTP/1.1 200 OK
Content-Type: application/json; charset=utf-8
cache-control: no-cache
content-length: 51

14:17:31.116 [AsyncHttpClient-1-5] DEBUG org.asynchttpclient.netty.channel.ChannelManager - Adding key: http://localhost:55337 for channel [id: 0xc8083c05, L:/127.0.0.1:60703 - R:localhost/127.0.0.1:55337]
14:17:31.137 [main] DEBUG net.thucydides.core.steps.StepInterceptor - STARTING STEP: LoginStepDefs.the_user_enters_the_username_and_password - login
14:17:31.142 [Forwarding setTimeout on session 0e80b72b9fcaa19cc6c0adba6b69ac46 to remote] DEBUG org.asynchttpclient.netty.request.NettyRequestSender - Using pooled Channel '[id: 0xc8083c05, L:/127.0.0.1:60703 - R:localhost/127.0.0.1:55337]' for 'POST' to 'http://localhost:55337/session/0e80b72b9fcaa19cc6c0adba6b69ac46/timeouts'
14:17:31.143 [Forwarding setTimeout on session 0e80b72b9fcaa19cc6c0adba6b69ac46 to remote] DEBUG org.asynchttpclient.netty.request.NettyRequestSender - Using open Channel [id: 0xc8083c05, L:/127.0.0.1:60703 - R:localhost/127.0.0.1:55337] for POST '/session/0e80b72b9fcaa19cc6c0adba6b69ac46/timeouts'
14:17:31.146 [AsyncHttpClient-1-5] DEBUG org.asynchttpclient.netty.handler.HttpHandler - 

Request DefaultHttpRequest(decodeResult: success, version: HTTP/1.1)
POST /session/0e80b72b9fcaa19cc6c0adba6b69ac46/timeouts HTTP/1.1
User-Agent: selenium/4.1.3 (java windows)
Content-Length: 19
Content-Type: application/json; charset=utf-8
host: localhost:55337
accept: */*

Response DefaultHttpResponse(decodeResult: success, version: HTTP/1.1)
HTTP/1.1 200 OK
Content-Type: application/json; charset=utf-8
cache-control: no-cache
content-length: 14

14:17:31.146 [AsyncHttpClient-1-5] DEBUG org.asynchttpclient.netty.channel.ChannelManager - Adding key: http://localhost:55337 for channel [id: 0xc8083c05, L:/127.0.0.1:60703 - R:localhost/127.0.0.1:55337]
14:17:31.150 [Forwarding findElement on session 0e80b72b9fcaa19cc6c0adba6b69ac46 to remote] DEBUG org.asynchttpclient.netty.request.NettyRequestSender - Using pooled Channel '[id: 0xc8083c05, L:/127.0.0.1:60703 - R:localhost/127.0.0.1:55337]' for 'POST' to 'http://localhost:55337/session/0e80b72b9fcaa19cc6c0adba6b69ac46/element'
14:17:31.150 [Forwarding findElement on session 0e80b72b9fcaa19cc6c0adba6b69ac46 to remote] DEBUG org.asynchttpclient.netty.request.NettyRequestSender - Using open Channel [id: 0xc8083c05, L:/127.0.0.1:60703 - R:localhost/127.0.0.1:55337] for POST '/session/0e80b72b9fcaa19cc6c0adba6b69ac46/element'
14:17:31.382 [AsyncHttpClient-1-5] DEBUG org.asynchttpclient.netty.handler.HttpHandler - 

Request DefaultHttpRequest(decodeResult: success, version: HTTP/1.1)
POST /session/0e80b72b9fcaa19cc6c0adba6b69ac46/element HTTP/1.1
User-Agent: selenium/4.1.3 (java windows)
Content-Length: 61
Content-Type: application/json; charset=utf-8
host: localhost:55337
accept: */*

Response DefaultHttpResponse(decodeResult: success, version: HTTP/1.1)
HTTP/1.1 200 OK
Content-Type: application/json; charset=utf-8
cache-control: no-cache
content-length: 88

14:17:31.382 [AsyncHttpClient-1-5] DEBUG org.asynchttpclient.netty.channel.ChannelManager - Adding key: http://localhost:55337 for channel [id: 0xc8083c05, L:/127.0.0.1:60703 - R:localhost/127.0.0.1:55337]
14:17:31.387 [Forwarding setTimeout on session 0e80b72b9fcaa19cc6c0adba6b69ac46 to remote] DEBUG org.asynchttpclient.netty.request.NettyRequestSender - Using pooled Channel '[id: 0xc8083c05, L:/127.0.0.1:60703 - R:localhost/127.0.0.1:55337]' for 'POST' to 'http://localhost:55337/session/0e80b72b9fcaa19cc6c0adba6b69ac46/timeouts'
14:17:31.387 [Forwarding setTimeout on session 0e80b72b9fcaa19cc6c0adba6b69ac46 to remote] DEBUG org.asynchttpclient.netty.request.NettyRequestSender - Using open Channel [id: 0xc8083c05, L:/127.0.0.1:60703 - R:localhost/127.0.0.1:55337] for POST '/session/0e80b72b9fcaa19cc6c0adba6b69ac46/timeouts'
14:17:31.389 [AsyncHttpClient-1-5] DEBUG org.asynchttpclient.netty.handler.HttpHandler - 

Request DefaultHttpRequest(decodeResult: success, version: HTTP/1.1)
POST /session/0e80b72b9fcaa19cc6c0adba6b69ac46/timeouts HTTP/1.1
User-Agent: selenium/4.1.3 (java windows)
Content-Length: 22
Content-Type: application/json; charset=utf-8
host: localhost:55337
accept: */*

Response DefaultHttpResponse(decodeResult: success, version: HTTP/1.1)
HTTP/1.1 200 OK
Content-Type: application/json; charset=utf-8
cache-control: no-cache
content-length: 14

14:17:31.389 [AsyncHttpClient-1-5] DEBUG org.asynchttpclient.netty.channel.ChannelManager - Adding key: http://localhost:55337 for channel [id: 0xc8083c05, L:/127.0.0.1:60703 - R:localhost/127.0.0.1:55337]
14:17:31.394 [Forwarding isElementDisplayed on session 0e80b72b9fcaa19cc6c0adba6b69ac46 to remote] DEBUG org.asynchttpclient.netty.request.NettyRequestSender - Using pooled Channel '[id: 0xc8083c05, L:/127.0.0.1:60703 - R:localhost/127.0.0.1:55337]' for 'POST' to 'http://localhost:55337/session/0e80b72b9fcaa19cc6c0adba6b69ac46/execute/sync'
14:17:31.394 [Forwarding isElementDisplayed on session 0e80b72b9fcaa19cc6c0adba6b69ac46 to remote] DEBUG org.asynchttpclient.netty.request.NettyRequestSender - Using open Channel [id: 0xc8083c05, L:/127.0.0.1:60703 - R:localhost/127.0.0.1:55337] for POST '/session/0e80b72b9fcaa19cc6c0adba6b69ac46/execute/sync'
14:17:31.411 [AsyncHttpClient-1-5] DEBUG org.asynchttpclient.netty.handler.HttpHandler - 

Request DefaultHttpRequest(decodeResult: success, version: HTTP/1.1)
POST /session/0e80b72b9fcaa19cc6c0adba6b69ac46/execute/sync HTTP/1.1
User-Agent: selenium/4.1.3 (java windows)
Content-Length: 48780
Content-Type: application/json; charset=utf-8
host: localhost:55337
accept: */*

Response DefaultHttpResponse(decodeResult: success, version: HTTP/1.1)
HTTP/1.1 200 OK
Content-Type: application/json; charset=utf-8
cache-control: no-cache
content-length: 14

14:17:31.411 [AsyncHttpClient-1-5] DEBUG org.asynchttpclient.netty.channel.ChannelManager - Adding key: http://localhost:55337 for channel [id: 0xc8083c05, L:/127.0.0.1:60703 - R:localhost/127.0.0.1:55337]
14:17:31.414 [Forwarding clearElement on session 0e80b72b9fcaa19cc6c0adba6b69ac46 to remote] DEBUG org.asynchttpclient.netty.request.NettyRequestSender - Using pooled Channel '[id: 0xc8083c05, L:/127.0.0.1:60703 - R:localhost/127.0.0.1:55337]' for 'POST' to 'http://localhost:55337/session/0e80b72b9fcaa19cc6c0adba6b69ac46/element/6bbdda26-13ea-4528-ad10-96a034c42175/clear'
14:17:31.415 [Forwarding clearElement on session 0e80b72b9fcaa19cc6c0adba6b69ac46 to remote] DEBUG org.asynchttpclient.netty.request.NettyRequestSender - Using open Channel [id: 0xc8083c05, L:/127.0.0.1:60703 - R:localhost/127.0.0.1:55337] for POST '/session/0e80b72b9fcaa19cc6c0adba6b69ac46/element/6bbdda26-13ea-4528-ad10-96a034c42175/clear'
14:17:31.455 [AsyncHttpClient-1-5] DEBUG org.asynchttpclient.netty.handler.HttpHandler - 

Request DefaultHttpRequest(decodeResult: success, version: HTTP/1.1)
POST /session/0e80b72b9fcaa19cc6c0adba6b69ac46/element/6bbdda26-13ea-4528-ad10-96a034c42175/clear HTTP/1.1
User-Agent: selenium/4.1.3 (java windows)
Content-Length: 50
Content-Type: application/json; charset=utf-8
host: localhost:55337
accept: */*

Response DefaultHttpResponse(decodeResult: success, version: HTTP/1.1)
HTTP/1.1 200 OK
Content-Type: application/json; charset=utf-8
cache-control: no-cache
content-length: 14

14:17:31.455 [AsyncHttpClient-1-5] DEBUG org.asynchttpclient.netty.channel.ChannelManager - Adding key: http://localhost:55337 for channel [id: 0xc8083c05, L:/127.0.0.1:60703 - R:localhost/127.0.0.1:55337]
14:17:31.461 [Forwarding sendKeysToElement on session 0e80b72b9fcaa19cc6c0adba6b69ac46 to remote] DEBUG org.asynchttpclient.netty.request.NettyRequestSender - Using pooled Channel '[id: 0xc8083c05, L:/127.0.0.1:60703 - R:localhost/127.0.0.1:55337]' for 'POST' to 'http://localhost:55337/session/0e80b72b9fcaa19cc6c0adba6b69ac46/element/6bbdda26-13ea-4528-ad10-96a034c42175/value'
14:17:31.461 [Forwarding sendKeysToElement on session 0e80b72b9fcaa19cc6c0adba6b69ac46 to remote] DEBUG org.asynchttpclient.netty.request.NettyRequestSender - Using open Channel [id: 0xc8083c05, L:/127.0.0.1:60703 - R:localhost/127.0.0.1:55337] for POST '/session/0e80b72b9fcaa19cc6c0adba6b69ac46/element/6bbdda26-13ea-4528-ad10-96a034c42175/value'
14:17:31.521 [AsyncHttpClient-1-5] DEBUG org.asynchttpclient.netty.handler.HttpHandler - 

Request DefaultHttpRequest(decodeResult: success, version: HTTP/1.1)
POST /session/0e80b72b9fcaa19cc6c0adba6b69ac46/element/6bbdda26-13ea-4528-ad10-96a034c42175/value HTTP/1.1
User-Agent: selenium/4.1.3 (java windows)
Content-Length: 181
Content-Type: application/json; charset=utf-8
host: localhost:55337
accept: */*

Response DefaultHttpResponse(decodeResult: success, version: HTTP/1.1)
HTTP/1.1 200 OK
Content-Type: application/json; charset=utf-8
cache-control: no-cache
content-length: 14

14:17:31.521 [AsyncHttpClient-1-5] DEBUG org.asynchttpclient.netty.channel.ChannelManager - Adding key: http://localhost:55337 for channel [id: 0xc8083c05, L:/127.0.0.1:60703 - R:localhost/127.0.0.1:55337]
14:17:31.532 [Forwarding setTimeout on session 0e80b72b9fcaa19cc6c0adba6b69ac46 to remote] DEBUG org.asynchttpclient.netty.request.NettyRequestSender - Using pooled Channel '[id: 0xc8083c05, L:/127.0.0.1:60703 - R:localhost/127.0.0.1:55337]' for 'POST' to 'http://localhost:55337/session/0e80b72b9fcaa19cc6c0adba6b69ac46/timeouts'
14:17:31.533 [Forwarding setTimeout on session 0e80b72b9fcaa19cc6c0adba6b69ac46 to remote] DEBUG org.asynchttpclient.netty.request.NettyRequestSender - Using open Channel [id: 0xc8083c05, L:/127.0.0.1:60703 - R:localhost/127.0.0.1:55337] for POST '/session/0e80b72b9fcaa19cc6c0adba6b69ac46/timeouts'
14:17:31.534 [AsyncHttpClient-1-5] DEBUG org.asynchttpclient.netty.handler.HttpHandler - 

Request DefaultHttpRequest(decodeResult: success, version: HTTP/1.1)
POST /session/0e80b72b9fcaa19cc6c0adba6b69ac46/timeouts HTTP/1.1
User-Agent: selenium/4.1.3 (java windows)
Content-Length: 19
Content-Type: application/json; charset=utf-8
host: localhost:55337
accept: */*

Response DefaultHttpResponse(decodeResult: success, version: HTTP/1.1)
HTTP/1.1 200 OK
Content-Type: application/json; charset=utf-8
cache-control: no-cache
content-length: 14

14:17:31.534 [AsyncHttpClient-1-5] DEBUG org.asynchttpclient.netty.channel.ChannelManager - Adding key: http://localhost:55337 for channel [id: 0xc8083c05, L:/127.0.0.1:60703 - R:localhost/127.0.0.1:55337]
14:17:31.536 [Forwarding findElement on session 0e80b72b9fcaa19cc6c0adba6b69ac46 to remote] DEBUG org.asynchttpclient.netty.request.NettyRequestSender - Using pooled Channel '[id: 0xc8083c05, L:/127.0.0.1:60703 - R:localhost/127.0.0.1:55337]' for 'POST' to 'http://localhost:55337/session/0e80b72b9fcaa19cc6c0adba6b69ac46/element'
14:17:31.536 [Forwarding findElement on session 0e80b72b9fcaa19cc6c0adba6b69ac46 to remote] DEBUG org.asynchttpclient.netty.request.NettyRequestSender - Using open Channel [id: 0xc8083c05, L:/127.0.0.1:60703 - R:localhost/127.0.0.1:55337] for POST '/session/0e80b72b9fcaa19cc6c0adba6b69ac46/element'
14:17:31.559 [AsyncHttpClient-1-5] DEBUG org.asynchttpclient.netty.handler.HttpHandler - 

Request DefaultHttpRequest(decodeResult: success, version: HTTP/1.1)
POST /session/0e80b72b9fcaa19cc6c0adba6b69ac46/element HTTP/1.1
User-Agent: selenium/4.1.3 (java windows)
Content-Length: 66
Content-Type: application/json; charset=utf-8
host: localhost:55337
accept: */*

Response DefaultHttpResponse(decodeResult: success, version: HTTP/1.1)
HTTP/1.1 200 OK
Content-Type: application/json; charset=utf-8
cache-control: no-cache
content-length: 88

14:17:31.559 [AsyncHttpClient-1-5] DEBUG org.asynchttpclient.netty.channel.ChannelManager - Adding key: http://localhost:55337 for channel [id: 0xc8083c05, L:/127.0.0.1:60703 - R:localhost/127.0.0.1:55337]
14:17:31.561 [Forwarding setTimeout on session 0e80b72b9fcaa19cc6c0adba6b69ac46 to remote] DEBUG org.asynchttpclient.netty.request.NettyRequestSender - Using pooled Channel '[id: 0xc8083c05, L:/127.0.0.1:60703 - R:localhost/127.0.0.1:55337]' for 'POST' to 'http://localhost:55337/session/0e80b72b9fcaa19cc6c0adba6b69ac46/timeouts'
14:17:31.561 [Forwarding setTimeout on session 0e80b72b9fcaa19cc6c0adba6b69ac46 to remote] DEBUG org.asynchttpclient.netty.request.NettyRequestSender - Using open Channel [id: 0xc8083c05, L:/127.0.0.1:60703 - R:localhost/127.0.0.1:55337] for POST '/session/0e80b72b9fcaa19cc6c0adba6b69ac46/timeouts'
14:17:31.563 [AsyncHttpClient-1-5] DEBUG org.asynchttpclient.netty.handler.HttpHandler - 

Request DefaultHttpRequest(decodeResult: success, version: HTTP/1.1)
POST /session/0e80b72b9fcaa19cc6c0adba6b69ac46/timeouts HTTP/1.1
User-Agent: selenium/4.1.3 (java windows)
Content-Length: 22
Content-Type: application/json; charset=utf-8
host: localhost:55337
accept: */*

Response DefaultHttpResponse(decodeResult: success, version: HTTP/1.1)
HTTP/1.1 200 OK
Content-Type: application/json; charset=utf-8
cache-control: no-cache
content-length: 14

14:17:31.563 [AsyncHttpClient-1-5] DEBUG org.asynchttpclient.netty.channel.ChannelManager - Adding key: http://localhost:55337 for channel [id: 0xc8083c05, L:/127.0.0.1:60703 - R:localhost/127.0.0.1:55337]
14:17:31.571 [Forwarding isElementDisplayed on session 0e80b72b9fcaa19cc6c0adba6b69ac46 to remote] DEBUG org.asynchttpclient.netty.request.NettyRequestSender - Using pooled Channel '[id: 0xc8083c05, L:/127.0.0.1:60703 - R:localhost/127.0.0.1:55337]' for 'POST' to 'http://localhost:55337/session/0e80b72b9fcaa19cc6c0adba6b69ac46/execute/sync'
14:17:31.571 [Forwarding isElementDisplayed on session 0e80b72b9fcaa19cc6c0adba6b69ac46 to remote] DEBUG org.asynchttpclient.netty.request.NettyRequestSender - Using open Channel [id: 0xc8083c05, L:/127.0.0.1:60703 - R:localhost/127.0.0.1:55337] for POST '/session/0e80b72b9fcaa19cc6c0adba6b69ac46/execute/sync'
14:17:31.588 [AsyncHttpClient-1-5] DEBUG org.asynchttpclient.netty.handler.HttpHandler - 

Request DefaultHttpRequest(decodeResult: success, version: HTTP/1.1)
POST /session/0e80b72b9fcaa19cc6c0adba6b69ac46/execute/sync HTTP/1.1
User-Agent: selenium/4.1.3 (java windows)
Content-Length: 48780
Content-Type: application/json; charset=utf-8
host: localhost:55337
accept: */*

Response DefaultHttpResponse(decodeResult: success, version: HTTP/1.1)
HTTP/1.1 200 OK
Content-Type: application/json; charset=utf-8
cache-control: no-cache
content-length: 14

14:17:31.589 [AsyncHttpClient-1-5] DEBUG org.asynchttpclient.netty.channel.ChannelManager - Adding key: http://localhost:55337 for channel [id: 0xc8083c05, L:/127.0.0.1:60703 - R:localhost/127.0.0.1:55337]
14:17:31.592 [Forwarding clearElement on session 0e80b72b9fcaa19cc6c0adba6b69ac46 to remote] DEBUG org.asynchttpclient.netty.request.NettyRequestSender - Using pooled Channel '[id: 0xc8083c05, L:/127.0.0.1:60703 - R:localhost/127.0.0.1:55337]' for 'POST' to 'http://localhost:55337/session/0e80b72b9fcaa19cc6c0adba6b69ac46/element/0c3b25e6-34aa-4724-8bc0-1639fa542dbd/clear'
14:17:31.592 [Forwarding clearElement on session 0e80b72b9fcaa19cc6c0adba6b69ac46 to remote] DEBUG org.asynchttpclient.netty.request.NettyRequestSender - Using open Channel [id: 0xc8083c05, L:/127.0.0.1:60703 - R:localhost/127.0.0.1:55337] for POST '/session/0e80b72b9fcaa19cc6c0adba6b69ac46/element/0c3b25e6-34aa-4724-8bc0-1639fa542dbd/clear'
14:17:31.625 [AsyncHttpClient-1-5] DEBUG org.asynchttpclient.netty.handler.HttpHandler - 

Request DefaultHttpRequest(decodeResult: success, version: HTTP/1.1)
POST /session/0e80b72b9fcaa19cc6c0adba6b69ac46/element/0c3b25e6-34aa-4724-8bc0-1639fa542dbd/clear HTTP/1.1
User-Agent: selenium/4.1.3 (java windows)
Content-Length: 50
Content-Type: application/json; charset=utf-8
host: localhost:55337
accept: */*

Response DefaultHttpResponse(decodeResult: success, version: HTTP/1.1)
HTTP/1.1 200 OK
Content-Type: application/json; charset=utf-8
cache-control: no-cache
content-length: 14

14:17:31.625 [AsyncHttpClient-1-5] DEBUG org.asynchttpclient.netty.channel.ChannelManager - Adding key: http://localhost:55337 for channel [id: 0xc8083c05, L:/127.0.0.1:60703 - R:localhost/127.0.0.1:55337]
14:17:31.629 [Forwarding sendKeysToElement on session 0e80b72b9fcaa19cc6c0adba6b69ac46 to remote] DEBUG org.asynchttpclient.netty.request.NettyRequestSender - Using pooled Channel '[id: 0xc8083c05, L:/127.0.0.1:60703 - R:localhost/127.0.0.1:55337]' for 'POST' to 'http://localhost:55337/session/0e80b72b9fcaa19cc6c0adba6b69ac46/element/0c3b25e6-34aa-4724-8bc0-1639fa542dbd/value'
14:17:31.629 [Forwarding sendKeysToElement on session 0e80b72b9fcaa19cc6c0adba6b69ac46 to remote] DEBUG org.asynchttpclient.netty.request.NettyRequestSender - Using open Channel [id: 0xc8083c05, L:/127.0.0.1:60703 - R:localhost/127.0.0.1:55337] for POST '/session/0e80b72b9fcaa19cc6c0adba6b69ac46/element/0c3b25e6-34aa-4724-8bc0-1639fa542dbd/value'
14:17:31.682 [AsyncHttpClient-1-5] DEBUG org.asynchttpclient.netty.handler.HttpHandler - 

Request DefaultHttpRequest(decodeResult: success, version: HTTP/1.1)
POST /session/0e80b72b9fcaa19cc6c0adba6b69ac46/element/0c3b25e6-34aa-4724-8bc0-1639fa542dbd/value HTTP/1.1
User-Agent: selenium/4.1.3 (java windows)
Content-Length: 91
Content-Type: application/json; charset=utf-8
host: localhost:55337
accept: */*

Response DefaultHttpResponse(decodeResult: success, version: HTTP/1.1)
HTTP/1.1 200 OK
Content-Type: application/json; charset=utf-8
cache-control: no-cache
content-length: 14

14:17:31.682 [AsyncHttpClient-1-5] DEBUG org.asynchttpclient.netty.channel.ChannelManager - Adding key: http://localhost:55337 for channel [id: 0xc8083c05, L:/127.0.0.1:60703 - R:localhost/127.0.0.1:55337]
14:17:31.693 [Forwarding setTimeout on session 0e80b72b9fcaa19cc6c0adba6b69ac46 to remote] DEBUG org.asynchttpclient.netty.request.NettyRequestSender - Using pooled Channel '[id: 0xc8083c05, L:/127.0.0.1:60703 - R:localhost/127.0.0.1:55337]' for 'POST' to 'http://localhost:55337/session/0e80b72b9fcaa19cc6c0adba6b69ac46/timeouts'
14:17:31.693 [Forwarding setTimeout on session 0e80b72b9fcaa19cc6c0adba6b69ac46 to remote] DEBUG org.asynchttpclient.netty.request.NettyRequestSender - Using open Channel [id: 0xc8083c05, L:/127.0.0.1:60703 - R:localhost/127.0.0.1:55337] for POST '/session/0e80b72b9fcaa19cc6c0adba6b69ac46/timeouts'
14:17:31.695 [AsyncHttpClient-1-5] DEBUG org.asynchttpclient.netty.handler.HttpHandler - 

Request DefaultHttpRequest(decodeResult: success, version: HTTP/1.1)
POST /session/0e80b72b9fcaa19cc6c0adba6b69ac46/timeouts HTTP/1.1
User-Agent: selenium/4.1.3 (java windows)
Content-Length: 19
Content-Type: application/json; charset=utf-8
host: localhost:55337
accept: */*

Response DefaultHttpResponse(decodeResult: success, version: HTTP/1.1)
HTTP/1.1 200 OK
Content-Type: application/json; charset=utf-8
cache-control: no-cache
content-length: 14

14:17:31.695 [AsyncHttpClient-1-5] DEBUG org.asynchttpclient.netty.channel.ChannelManager - Adding key: http://localhost:55337 for channel [id: 0xc8083c05, L:/127.0.0.1:60703 - R:localhost/127.0.0.1:55337]
14:17:31.698 [Forwarding findElement on session 0e80b72b9fcaa19cc6c0adba6b69ac46 to remote] DEBUG org.asynchttpclient.netty.request.NettyRequestSender - Using pooled Channel '[id: 0xc8083c05, L:/127.0.0.1:60703 - R:localhost/127.0.0.1:55337]' for 'POST' to 'http://localhost:55337/session/0e80b72b9fcaa19cc6c0adba6b69ac46/element'
14:17:31.698 [Forwarding findElement on session 0e80b72b9fcaa19cc6c0adba6b69ac46 to remote] DEBUG org.asynchttpclient.netty.request.NettyRequestSender - Using open Channel [id: 0xc8083c05, L:/127.0.0.1:60703 - R:localhost/127.0.0.1:55337] for POST '/session/0e80b72b9fcaa19cc6c0adba6b69ac46/element'
14:17:31.708 [AsyncHttpClient-1-5] DEBUG org.asynchttpclient.netty.handler.HttpHandler - 

Request DefaultHttpRequest(decodeResult: success, version: HTTP/1.1)
POST /session/0e80b72b9fcaa19cc6c0adba6b69ac46/element HTTP/1.1
User-Agent: selenium/4.1.3 (java windows)
Content-Length: 64
Content-Type: application/json; charset=utf-8
host: localhost:55337
accept: */*

Response DefaultHttpResponse(decodeResult: success, version: HTTP/1.1)
HTTP/1.1 200 OK
Content-Type: application/json; charset=utf-8
cache-control: no-cache
content-length: 88

14:17:31.708 [AsyncHttpClient-1-5] DEBUG org.asynchttpclient.netty.channel.ChannelManager - Adding key: http://localhost:55337 for channel [id: 0xc8083c05, L:/127.0.0.1:60703 - R:localhost/127.0.0.1:55337]
14:17:31.710 [Forwarding setTimeout on session 0e80b72b9fcaa19cc6c0adba6b69ac46 to remote] DEBUG org.asynchttpclient.netty.request.NettyRequestSender - Using pooled Channel '[id: 0xc8083c05, L:/127.0.0.1:60703 - R:localhost/127.0.0.1:55337]' for 'POST' to 'http://localhost:55337/session/0e80b72b9fcaa19cc6c0adba6b69ac46/timeouts'
14:17:31.710 [Forwarding setTimeout on session 0e80b72b9fcaa19cc6c0adba6b69ac46 to remote] DEBUG org.asynchttpclient.netty.request.NettyRequestSender - Using open Channel [id: 0xc8083c05, L:/127.0.0.1:60703 - R:localhost/127.0.0.1:55337] for POST '/session/0e80b72b9fcaa19cc6c0adba6b69ac46/timeouts'
14:17:31.711 [AsyncHttpClient-1-5] DEBUG org.asynchttpclient.netty.handler.HttpHandler - 

Request DefaultHttpRequest(decodeResult: success, version: HTTP/1.1)
POST /session/0e80b72b9fcaa19cc6c0adba6b69ac46/timeouts HTTP/1.1
User-Agent: selenium/4.1.3 (java windows)
Content-Length: 22
Content-Type: application/json; charset=utf-8
host: localhost:55337
accept: */*

Response DefaultHttpResponse(decodeResult: success, version: HTTP/1.1)
HTTP/1.1 200 OK
Content-Type: application/json; charset=utf-8
cache-control: no-cache
content-length: 14

14:17:31.712 [AsyncHttpClient-1-5] DEBUG org.asynchttpclient.netty.channel.ChannelManager - Adding key: http://localhost:55337 for channel [id: 0xc8083c05, L:/127.0.0.1:60703 - R:localhost/127.0.0.1:55337]
14:17:31.719 [Forwarding isElementDisplayed on session 0e80b72b9fcaa19cc6c0adba6b69ac46 to remote] DEBUG org.asynchttpclient.netty.request.NettyRequestSender - Using pooled Channel '[id: 0xc8083c05, L:/127.0.0.1:60703 - R:localhost/127.0.0.1:55337]' for 'POST' to 'http://localhost:55337/session/0e80b72b9fcaa19cc6c0adba6b69ac46/execute/sync'
14:17:31.719 [Forwarding isElementDisplayed on session 0e80b72b9fcaa19cc6c0adba6b69ac46 to remote] DEBUG org.asynchttpclient.netty.request.NettyRequestSender - Using open Channel [id: 0xc8083c05, L:/127.0.0.1:60703 - R:localhost/127.0.0.1:55337] for POST '/session/0e80b72b9fcaa19cc6c0adba6b69ac46/execute/sync'
14:17:31.740 [AsyncHttpClient-1-5] DEBUG org.asynchttpclient.netty.handler.HttpHandler - 

Request DefaultHttpRequest(decodeResult: success, version: HTTP/1.1)
POST /session/0e80b72b9fcaa19cc6c0adba6b69ac46/execute/sync HTTP/1.1
User-Agent: selenium/4.1.3 (java windows)
Content-Length: 48780
Content-Type: application/json; charset=utf-8
host: localhost:55337
accept: */*

Response DefaultHttpResponse(decodeResult: success, version: HTTP/1.1)
HTTP/1.1 200 OK
Content-Type: application/json; charset=utf-8
cache-control: no-cache
content-length: 14

14:17:31.740 [AsyncHttpClient-1-5] DEBUG org.asynchttpclient.netty.channel.ChannelManager - Adding key: http://localhost:55337 for channel [id: 0xc8083c05, L:/127.0.0.1:60703 - R:localhost/127.0.0.1:55337]
14:17:31.745 [Forwarding getElementTagName on session 0e80b72b9fcaa19cc6c0adba6b69ac46 to remote] DEBUG org.asynchttpclient.netty.request.NettyRequestSender - Using pooled Channel '[id: 0xc8083c05, L:/127.0.0.1:60703 - R:localhost/127.0.0.1:55337]' for 'GET' to 'http://localhost:55337/session/0e80b72b9fcaa19cc6c0adba6b69ac46/element/4636e943-3ca7-48a8-9260-0ef7099e627e/name'
14:17:31.745 [Forwarding getElementTagName on session 0e80b72b9fcaa19cc6c0adba6b69ac46 to remote] DEBUG org.asynchttpclient.netty.request.NettyRequestSender - Using open Channel [id: 0xc8083c05, L:/127.0.0.1:60703 - R:localhost/127.0.0.1:55337] for GET '/session/0e80b72b9fcaa19cc6c0adba6b69ac46/element/4636e943-3ca7-48a8-9260-0ef7099e627e/name'
14:17:31.751 [AsyncHttpClient-1-5] DEBUG org.asynchttpclient.netty.handler.HttpHandler - 

Request DefaultFullHttpRequest(decodeResult: success, version: HTTP/1.1, content: EmptyByteBufBE)
GET /session/0e80b72b9fcaa19cc6c0adba6b69ac46/element/4636e943-3ca7-48a8-9260-0ef7099e627e/name HTTP/1.1
User-Agent: selenium/4.1.3 (java windows)
Cache-Control: no-cache
Content-Type: application/json; charset=utf-8
host: localhost:55337
accept: */*

Response DefaultHttpResponse(decodeResult: success, version: HTTP/1.1)
HTTP/1.1 200 OK
Content-Type: application/json; charset=utf-8
cache-control: no-cache
content-length: 17

14:17:31.751 [AsyncHttpClient-1-5] DEBUG org.asynchttpclient.netty.channel.ChannelManager - Adding key: http://localhost:55337 for channel [id: 0xc8083c05, L:/127.0.0.1:60703 - R:localhost/127.0.0.1:55337]
14:17:31.754 [Forwarding getElementTagName on session 0e80b72b9fcaa19cc6c0adba6b69ac46 to remote] DEBUG org.asynchttpclient.netty.request.NettyRequestSender - Using pooled Channel '[id: 0xc8083c05, L:/127.0.0.1:60703 - R:localhost/127.0.0.1:55337]' for 'GET' to 'http://localhost:55337/session/0e80b72b9fcaa19cc6c0adba6b69ac46/element/4636e943-3ca7-48a8-9260-0ef7099e627e/name'
14:17:31.754 [Forwarding getElementTagName on session 0e80b72b9fcaa19cc6c0adba6b69ac46 to remote] DEBUG org.asynchttpclient.netty.request.NettyRequestSender - Using open Channel [id: 0xc8083c05, L:/127.0.0.1:60703 - R:localhost/127.0.0.1:55337] for GET '/session/0e80b72b9fcaa19cc6c0adba6b69ac46/element/4636e943-3ca7-48a8-9260-0ef7099e627e/name'
14:17:31.758 [AsyncHttpClient-1-5] DEBUG org.asynchttpclient.netty.handler.HttpHandler - 

Request DefaultFullHttpRequest(decodeResult: success, version: HTTP/1.1, content: EmptyByteBufBE)
GET /session/0e80b72b9fcaa19cc6c0adba6b69ac46/element/4636e943-3ca7-48a8-9260-0ef7099e627e/name HTTP/1.1
User-Agent: selenium/4.1.3 (java windows)
Cache-Control: no-cache
Content-Type: application/json; charset=utf-8
host: localhost:55337
accept: */*

Response DefaultHttpResponse(decodeResult: success, version: HTTP/1.1)
HTTP/1.1 200 OK
Content-Type: application/json; charset=utf-8
cache-control: no-cache
content-length: 17

14:17:31.759 [AsyncHttpClient-1-5] DEBUG org.asynchttpclient.netty.channel.ChannelManager - Adding key: http://localhost:55337 for channel [id: 0xc8083c05, L:/127.0.0.1:60703 - R:localhost/127.0.0.1:55337]
14:17:31.763 [Forwarding isElementEnabled on session 0e80b72b9fcaa19cc6c0adba6b69ac46 to remote] DEBUG org.asynchttpclient.netty.request.NettyRequestSender - Using pooled Channel '[id: 0xc8083c05, L:/127.0.0.1:60703 - R:localhost/127.0.0.1:55337]' for 'GET' to 'http://localhost:55337/session/0e80b72b9fcaa19cc6c0adba6b69ac46/element/4636e943-3ca7-48a8-9260-0ef7099e627e/enabled'
14:17:31.763 [Forwarding isElementEnabled on session 0e80b72b9fcaa19cc6c0adba6b69ac46 to remote] DEBUG org.asynchttpclient.netty.request.NettyRequestSender - Using open Channel [id: 0xc8083c05, L:/127.0.0.1:60703 - R:localhost/127.0.0.1:55337] for GET '/session/0e80b72b9fcaa19cc6c0adba6b69ac46/element/4636e943-3ca7-48a8-9260-0ef7099e627e/enabled'
14:17:31.774 [AsyncHttpClient-1-5] DEBUG org.asynchttpclient.netty.handler.HttpHandler - 

Request DefaultFullHttpRequest(decodeResult: success, version: HTTP/1.1, content: EmptyByteBufBE)
GET /session/0e80b72b9fcaa19cc6c0adba6b69ac46/element/4636e943-3ca7-48a8-9260-0ef7099e627e/enabled HTTP/1.1
User-Agent: selenium/4.1.3 (java windows)
Cache-Control: no-cache
Content-Type: application/json; charset=utf-8
host: localhost:55337
accept: */*

Response DefaultHttpResponse(decodeResult: success, version: HTTP/1.1)
HTTP/1.1 200 OK
Content-Type: application/json; charset=utf-8
cache-control: no-cache
content-length: 14

14:17:31.775 [AsyncHttpClient-1-5] DEBUG org.asynchttpclient.netty.channel.ChannelManager - Adding key: http://localhost:55337 for channel [id: 0xc8083c05, L:/127.0.0.1:60703 - R:localhost/127.0.0.1:55337]
14:17:31.777 [Forwarding isElementEnabled on session 0e80b72b9fcaa19cc6c0adba6b69ac46 to remote] DEBUG org.asynchttpclient.netty.request.NettyRequestSender - Using pooled Channel '[id: 0xc8083c05, L:/127.0.0.1:60703 - R:localhost/127.0.0.1:55337]' for 'GET' to 'http://localhost:55337/session/0e80b72b9fcaa19cc6c0adba6b69ac46/element/4636e943-3ca7-48a8-9260-0ef7099e627e/enabled'
14:17:31.777 [Forwarding isElementEnabled on session 0e80b72b9fcaa19cc6c0adba6b69ac46 to remote] DEBUG org.asynchttpclient.netty.request.NettyRequestSender - Using open Channel [id: 0xc8083c05, L:/127.0.0.1:60703 - R:localhost/127.0.0.1:55337] for GET '/session/0e80b72b9fcaa19cc6c0adba6b69ac46/element/4636e943-3ca7-48a8-9260-0ef7099e627e/enabled'
14:17:31.787 [AsyncHttpClient-1-5] DEBUG org.asynchttpclient.netty.handler.HttpHandler - 

Request DefaultFullHttpRequest(decodeResult: success, version: HTTP/1.1, content: EmptyByteBufBE)
GET /session/0e80b72b9fcaa19cc6c0adba6b69ac46/element/4636e943-3ca7-48a8-9260-0ef7099e627e/enabled HTTP/1.1
User-Agent: selenium/4.1.3 (java windows)
Cache-Control: no-cache
Content-Type: application/json; charset=utf-8
host: localhost:55337
accept: */*

Response DefaultHttpResponse(decodeResult: success, version: HTTP/1.1)
HTTP/1.1 200 OK
Content-Type: application/json; charset=utf-8
cache-control: no-cache
content-length: 14

14:17:31.787 [AsyncHttpClient-1-5] DEBUG org.asynchttpclient.netty.channel.ChannelManager - Adding key: http://localhost:55337 for channel [id: 0xc8083c05, L:/127.0.0.1:60703 - R:localhost/127.0.0.1:55337]
14:17:31.789 [Forwarding clickElement on session 0e80b72b9fcaa19cc6c0adba6b69ac46 to remote] DEBUG org.asynchttpclient.netty.request.NettyRequestSender - Using pooled Channel '[id: 0xc8083c05, L:/127.0.0.1:60703 - R:localhost/127.0.0.1:55337]' for 'POST' to 'http://localhost:55337/session/0e80b72b9fcaa19cc6c0adba6b69ac46/element/4636e943-3ca7-48a8-9260-0ef7099e627e/click'
14:17:31.789 [Forwarding clickElement on session 0e80b72b9fcaa19cc6c0adba6b69ac46 to remote] DEBUG org.asynchttpclient.netty.request.NettyRequestSender - Using open Channel [id: 0xc8083c05, L:/127.0.0.1:60703 - R:localhost/127.0.0.1:55337] for POST '/session/0e80b72b9fcaa19cc6c0adba6b69ac46/element/4636e943-3ca7-48a8-9260-0ef7099e627e/click'
14:17:31.902 [AsyncHttpClient-1-1] DEBUG org.asynchttpclient.netty.channel.DefaultChannelPool - Entry count for : http://localhost:60704 : 1
14:17:32.167 [AsyncHttpClient-1-5] DEBUG org.asynchttpclient.netty.handler.HttpHandler - 

Request DefaultHttpRequest(decodeResult: success, version: HTTP/1.1)
POST /session/0e80b72b9fcaa19cc6c0adba6b69ac46/element/4636e943-3ca7-48a8-9260-0ef7099e627e/click HTTP/1.1
User-Agent: selenium/4.1.3 (java windows)
Content-Length: 50
Content-Type: application/json; charset=utf-8
host: localhost:55337
accept: */*

Response DefaultHttpResponse(decodeResult: success, version: HTTP/1.1)
HTTP/1.1 200 OK
Content-Type: application/json; charset=utf-8
cache-control: no-cache
content-length: 14

14:17:32.167 [AsyncHttpClient-1-5] DEBUG org.asynchttpclient.netty.channel.ChannelManager - Adding key: http://localhost:55337 for channel [id: 0xc8083c05, L:/127.0.0.1:60703 - R:localhost/127.0.0.1:55337]
14:17:32.172 [main] DEBUG net.thucydides.core.steps.StepInterceptor - STEP DONE: login
  &amp#27;[32mGiven &amp#27;[0m&amp#27;[32mthe user enters the username &amp#27;[0m&amp#27;[32m&amp#27;[1mmngr398793&amp#27;[0m&amp#27;[32m and password &amp#27;[0m&amp#27;[32m&amp#27;[1mj&amp#27;[0m &amp#27;[90m# cucumber.LoginStepDefs.the_user_enters_the_username_and_password(java.lang.String,java.lang.String)&amp#27;[0m
14:17:32.184 [main] DEBUG net.thucydides.core.steps.StepInterceptor - STARTING STEP: LoginStepDefs.the_error_message_user_is_not_valid_is_displayed - checkInvalid
14:17:32.185 [Forwarding getAlertText on session 0e80b72b9fcaa19cc6c0adba6b69ac46 to remote] DEBUG org.asynchttpclient.netty.request.NettyRequestSender - Using pooled Channel '[id: 0xc8083c05, L:/127.0.0.1:60703 - R:localhost/127.0.0.1:55337]' for 'GET' to 'http://localhost:55337/session/0e80b72b9fcaa19cc6c0adba6b69ac46/alert/text'
14:17:32.185 [Forwarding getAlertText on session 0e80b72b9fcaa19cc6c0adba6b69ac46 to remote] DEBUG org.asynchttpclient.netty.request.NettyRequestSender - Using open Channel [id: 0xc8083c05, L:/127.0.0.1:60703 - R:localhost/127.0.0.1:55337] for GET '/session/0e80b72b9fcaa19cc6c0adba6b69ac46/alert/text'
14:17:32.187 [AsyncHttpClient-1-5] DEBUG org.asynchttpclient.netty.handler.HttpHandler - 

Request DefaultFullHttpRequest(decodeResult: success, version: HTTP/1.1, content: EmptyByteBufBE)
GET /session/0e80b72b9fcaa19cc6c0adba6b69ac46/alert/text HTTP/1.1
User-Agent: selenium/4.1.3 (java windows)
Cache-Control: no-cache
Content-Type: application/json; charset=utf-8
host: localhost:55337
accept: */*

Response DefaultHttpResponse(decodeResult: success, version: HTTP/1.1)
HTTP/1.1 200 OK
Content-Type: application/json; charset=utf-8
cache-control: no-cache
content-length: 29

14:17:32.187 [AsyncHttpClient-1-5] DEBUG org.asynchttpclient.netty.channel.ChannelManager - Adding key: http://localhost:55337 for channel [id: 0xc8083c05, L:/127.0.0.1:60703 - R:localhost/127.0.0.1:55337]
14:17:32.189 [Forwarding getAlertText on session 0e80b72b9fcaa19cc6c0adba6b69ac46 to remote] DEBUG org.asynchttpclient.netty.request.NettyRequestSender - Using pooled Channel '[id: 0xc8083c05, L:/127.0.0.1:60703 - R:localhost/127.0.0.1:55337]' for 'GET' to 'http://localhost:55337/session/0e80b72b9fcaa19cc6c0adba6b69ac46/alert/text'
14:17:32.189 [Forwarding getAlertText on session 0e80b72b9fcaa19cc6c0adba6b69ac46 to remote] DEBUG org.asynchttpclient.netty.request.NettyRequestSender - Using open Channel [id: 0xc8083c05, L:/127.0.0.1:60703 - R:localhost/127.0.0.1:55337] for GET '/session/0e80b72b9fcaa19cc6c0adba6b69ac46/alert/text'
14:17:32.190 [AsyncHttpClient-1-5] DEBUG org.asynchttpclient.netty.handler.HttpHandler - 

Request DefaultFullHttpRequest(decodeResult: success, version: HTTP/1.1, content: EmptyByteBufBE)
GET /session/0e80b72b9fcaa19cc6c0adba6b69ac46/alert/text HTTP/1.1
User-Agent: selenium/4.1.3 (java windows)
Cache-Control: no-cache
Content-Type: application/json; charset=utf-8
host: localhost:55337
accept: */*

Response DefaultHttpResponse(decodeResult: success, version: HTTP/1.1)
HTTP/1.1 200 OK
Content-Type: application/json; charset=utf-8
cache-control: no-cache
content-length: 29

14:17:32.191 [AsyncHttpClient-1-5] DEBUG org.asynchttpclient.netty.channel.ChannelManager - Adding key: http://localhost:55337 for channel [id: 0xc8083c05, L:/127.0.0.1:60703 - R:localhost/127.0.0.1:55337]
14:17:32.194 [main] DEBUG net.thucydides.core.steps.StepInterceptor - STEP DONE: checkInvalid
  &amp#27;[31mThen &amp#27;[0m&amp#27;[31mthe error message &amp#27;[0m&amp#27;[31m&amp#27;[1m'User is wrong'&amp#27;[0m&amp#27;[31m is displayed&amp#27;[0m          &amp#27;[90m# cucumber.LoginStepDefs.the_error_message_user_is_not_valid_is_displayed(java.lang.String)&amp#27;[0m
      &amp#27;[31mjava.lang.AssertionError: The User is wrongis wrong
	at org.hamcrest.MatcherAssert.assertThat(MatcherAssert.java:26)
	at cucumber.LoginStepDefs.the_error_message_user_is_not_valid_is_displayed(LoginStepDefs.java:27)
	at âœ½.the error message 'User is wrong' is displayed(file:///D:/Pratice/serenity_homework/src/test/resources/features.login/login_unsuccess.feature:6)
&amp#27;[0m
14:17:32.211 [Forwarding screenshot on session 0e80b72b9fcaa19cc6c0adba6b69ac46 to remote] DEBUG org.asynchttpclient.netty.request.NettyRequestSender - Using pooled Channel '[id: 0xc8083c05, L:/127.0.0.1:60703 - R:localhost/127.0.0.1:55337]' for 'GET' to 'http://localhost:55337/session/0e80b72b9fcaa19cc6c0adba6b69ac46/screenshot'
14:17:32.211 [Forwarding screenshot on session 0e80b72b9fcaa19cc6c0adba6b69ac46 to remote] DEBUG org.asynchttpclient.netty.request.NettyRequestSender - Using open Channel [id: 0xc8083c05, L:/127.0.0.1:60703 - R:localhost/127.0.0.1:55337] for GET '/session/0e80b72b9fcaa19cc6c0adba6b69ac46/screenshot'
14:17:32.214 [AsyncHttpClient-1-5] DEBUG org.asynchttpclient.netty.handler.HttpHandler - 

Request DefaultFullHttpRequest(decodeResult: success, version: HTTP/1.1, content: EmptyByteBufBE)
GET /session/0e80b72b9fcaa19cc6c0adba6b69ac46/screenshot HTTP/1.1
User-Agent: selenium/4.1.3 (java windows)
Cache-Control: no-cache
Content-Type: application/json; charset=utf-8
host: localhost:55337
accept: */*

Response DefaultHttpResponse(decodeResult: success, version: HTTP/1.1)
HTTP/1.1 500 Internal Server Error
Content-Type: application/json; charset=utf-8
cache-control: no-cache
content-length: 888

14:17:32.215 [AsyncHttpClient-1-5] DEBUG org.asynchttpclient.netty.channel.ChannelManager - Adding key: http://localhost:55337 for channel [id: 0xc8083c05, L:/127.0.0.1:60703 - R:localhost/127.0.0.1:55337]
14:17:32.218 [main] WARN net.thucydides.core.webdriver.WebDriverFacade - Failed to take screenshot (unexpected alert open: {Alert text : User is not valid}
  (Session info: chrome=100.0.4896.88): User is not valid
Build info: version: '4.1.3', revision: '7b1ebf28ef'
System info: host: 'LAPDELL-0226', ip: '192.168.137.230', os.name: 'Windows 10', os.arch: 'amd64', os.version: '10.0', java.version: '1.8.0_321'
Driver info: org.openqa.selenium.chrome.ChromeDriver
Command: [0e80b72b9fcaa19cc6c0adba6b69ac46, screenshot {}]
Capabilities {acceptInsecureCerts: false, browserName: chrome, browserVersion: 100.0.4896.88, chrome: {chromedriverVersion: 100.0.4896.60 (6a5d10861ce8..., userDataDir: C:\Users\DUNG~1.NGU\AppData...}, goog:chromeOptions: {debuggerAddress: localhost:60704}, javascriptEnabled: true, networkConnectionEnabled: false, pageLoadStrategy: normal, platform: WINDOWS, platformName: WINDOWS, proxy: Proxy(), se:cdp: ws://localhost:60704/devtoo..., se:cdpVersion: 100.0.4896.88, setWindowRect: true, strictFileInteractability: false, timeouts: {implicit: 0, pageLoad: 300000, script: 30000}, unhandledPromptBehavior: dismiss and notify, webauthn:extension:credBlob: true, webauthn:extension:largeBlob: true, webauthn:virtualAuthenticators: true}
Session ID: 0e80b72b9fcaa19cc6c0adba6b69ac46)
14:17:32.220 [Forwarding getPageSource on session 0e80b72b9fcaa19cc6c0adba6b69ac46 to remote] DEBUG org.asynchttpclient.netty.request.NettyRequestSender - Using pooled Channel '[id: 0xc8083c05, L:/127.0.0.1:60703 - R:localhost/127.0.0.1:55337]' for 'POST' to 'http://localhost:55337/session/0e80b72b9fcaa19cc6c0adba6b69ac46/execute/sync'
14:17:32.220 [Forwarding getPageSource on session 0e80b72b9fcaa19cc6c0adba6b69ac46 to remote] DEBUG org.asynchttpclient.netty.request.NettyRequestSender - Using open Channel [id: 0xc8083c05, L:/127.0.0.1:60703 - R:localhost/127.0.0.1:55337] for POST '/session/0e80b72b9fcaa19cc6c0adba6b69ac46/execute/sync'
14:17:32.999 [AsyncHttpClient-1-1] DEBUG org.asynchttpclient.netty.channel.DefaultChannelPool - Entry count for : http://localhost:60704 : 1
14:17:33.185 [AsyncHttpClient-1-5] DEBUG org.asynchttpclient.netty.handler.HttpHandler - 

Request DefaultHttpRequest(decodeResult: success, version: HTTP/1.1)
POST /session/0e80b72b9fcaa19cc6c0adba6b69ac46/execute/sync HTTP/1.1
User-Agent: selenium/4.1.3 (java windows)
Content-Length: 176
Content-Type: application/json; charset=utf-8
host: localhost:55337
accept: */*

Response DefaultHttpResponse(decodeResult: success, version: HTTP/1.1)
HTTP/1.1 200 OK
Content-Type: application/json; charset=utf-8
cache-control: no-cache
content-length: 20755

14:17:33.186 [AsyncHttpClient-1-5] DEBUG org.asynchttpclient.netty.channel.ChannelManager - Adding key: http://localhost:55337 for channel [id: 0xc8083c05, L:/127.0.0.1:60703 - R:localhost/127.0.0.1:55337]
14:17:33.204 [Forwarding getCurrentUrl on session 0e80b72b9fcaa19cc6c0adba6b69ac46 to remote] DEBUG org.asynchttpclient.netty.request.NettyRequestSender - Using pooled Channel '[id: 0xc8083c05, L:/127.0.0.1:60703 - R:localhost/127.0.0.1:55337]' for 'GET' to 'http://localhost:55337/session/0e80b72b9fcaa19cc6c0adba6b69ac46/url'
14:17:33.204 [Forwarding getCurrentUrl on session 0e80b72b9fcaa19cc6c0adba6b69ac46 to remote] DEBUG org.asynchttpclient.netty.request.NettyRequestSender - Using open Channel [id: 0xc8083c05, L:/127.0.0.1:60703 - R:localhost/127.0.0.1:55337] for GET '/session/0e80b72b9fcaa19cc6c0adba6b69ac46/url'
14:17:33.210 [AsyncHttpClient-1-5] DEBUG org.asynchttpclient.netty.handler.HttpHandler - 

Request DefaultFullHttpRequest(decodeResult: success, version: HTTP/1.1, content: EmptyByteBufBE)
GET /session/0e80b72b9fcaa19cc6c0adba6b69ac46/url HTTP/1.1
User-Agent: selenium/4.1.3 (java windows)
Cache-Control: no-cache
Content-Type: application/json; charset=utf-8
host: localhost:55337
accept: */*

Response DefaultHttpResponse(decodeResult: success, version: HTTP/1.1)
HTTP/1.1 200 OK
Content-Type: application/json; charset=utf-8
cache-control: no-cache
content-length: 61

14:17:33.210 [AsyncHttpClient-1-5] DEBUG org.asynchttpclient.netty.channel.ChannelManager - Adding key: http://localhost:55337 for channel [id: 0xc8083c05, L:/127.0.0.1:60703 - R:localhost/127.0.0.1:55337]
]]></system-out>
  </testcase>
</testsuite>