<?xml version="1.0" encoding="UTF-8"?>
<testsuite xmlns:xsi="http://www.w3.org/2001/XMLSchema-instance" xsi:noNamespaceSchemaLocation="https://maven.apache.org/surefire/maven-failsafe-plugin/xsd/failsafe-test-report-3.0.xsd" version="3.0" name="runners.UnitTestRunner" time="30.693" tests="5" errors="1" skipped="0" failures="0">
  <properties>
    <property name="sun.desktop" value="windows"/>
    <property name="awt.toolkit" value="sun.awt.windows.WToolkit"/>
    <property name="file.encoding.pkg" value="sun.io"/>
    <property name="java.specification.version" value="1.8"/>
    <property name="webdriver.chrome.driver" value="C:\Users\dung.nguyenanh\.cache\selenium\chromedriver\win32\100.0.4896.60\chromedriver.exe"/>
    <property name="sun.cpu.isalist" value="amd64"/>
    <property name="sun.jnu.encoding" value="Cp1252"/>
    <property name="java.class.path" value="D:\Pratice\serenity_homework\target\test-classes;D:\Pratice\serenity_homework\target\serenity_homework-1.0-SNAPSHOT.jar;C:\Users\dung.nguyenanh\.m2\repository\net\serenity-bdd\serenity-core\3.2.3\serenity-core-3.2.3.jar;C:\Users\dung.nguyenanh\.m2\repository\net\serenity-bdd\serenity-model\3.2.3\serenity-model-3.2.3.jar;C:\Users\dung.nguyenanh\.m2\repository\org\apache\commons\commons-text\1.9\commons-text-1.9.jar;C:\Users\dung.nguyenanh\.m2\repository\commons-net\commons-net\3.8.0\commons-net-3.8.0.jar;C:\Users\dung.nguyenanh\.m2\repository\com\google\guava\guava\31.1-jre\guava-31.1-jre.jar;C:\Users\dung.nguyenanh\.m2\repository\com\google\guava\failureaccess\1.0.1\failureaccess-1.0.1.jar;C:\Users\dung.nguyenanh\.m2\repository\com\google\guava\listenablefuture\9999.0-empty-to-avoid-conflict-with-guava\listenablefuture-9999.0-empty-to-avoid-conflict-with-guava.jar;C:\Users\dung.nguyenanh\.m2\repository\com\google\code\findbugs\jsr305\3.0.2\jsr305-3.0.2.jar;C:\Users\dung.nguyenanh\.m2\repository\org\checkerframework\checker-qual\3.12.0\checker-qual-3.12.0.jar;C:\Users\dung.nguyenanh\.m2\repository\com\google\errorprone\error_prone_annotations\2.11.0\error_prone_annotations-2.11.0.jar;C:\Users\dung.nguyenanh\.m2\repository\com\google\j2objc\j2objc-annotations\1.3\j2objc-annotations-1.3.jar;C:\Users\dung.nguyenanh\.m2\repository\com\google\inject\guice\5.1.0\guice-5.1.0.jar;C:\Users\dung.nguyenanh\.m2\repository\javax\inject\javax.inject\1\javax.inject-1.jar;C:\Users\dung.nguyenanh\.m2\repository\aopalliance\aopalliance\1.0\aopalliance-1.0.jar;C:\Users\dung.nguyenanh\.m2\repository\org\jsoup\jsoup\1.14.3\jsoup-1.14.3.jar;C:\Users\dung.nguyenanh\.m2\repository\com\thoughtworks\xstream\xstream\1.4.19\xstream-1.4.19.jar;C:\Users\dung.nguyenanh\.m2\repository\io\github\x-stream\mxparser\1.2.2\mxparser-1.2.2.jar;C:\Users\dung.nguyenanh\.m2\repository\xmlpull\xmlpull\1.1.3.1\xmlpull-1.1.3.1.jar;C:\Users\dung.nguyenanh\.m2\repository\io\cucumber\cucumber-java\7.2.3\cucumber-java-7.2.3.jar;C:\Users\dung.nguyenanh\.m2\repository\com\typesafe\config\1.4.2\config-1.4.2.jar;C:\Users\dung.nguyenanh\.m2\repository\org\imgscalr\imgscalr-lib\4.2\imgscalr-lib-4.2.jar;C:\Users\dung.nguyenanh\.m2\repository\org\awaitility\awaitility\4.2.0\awaitility-4.2.0.jar;C:\Users\dung.nguyenanh\.m2\repository\org\freemarker\freemarker\2.3.31\freemarker-2.3.31.jar;C:\Users\dung.nguyenanh\.m2\repository\io\github\classgraph\classgraph\4.8.138\classgraph-4.8.138.jar;C:\Users\dung.nguyenanh\.m2\repository\net\sourceforge\jexcelapi\jxl\2.6.12\jxl-2.6.12.jar;C:\Users\dung.nguyenanh\.m2\repository\net\bytebuddy\byte-buddy\1.12.8\byte-buddy-1.12.8.jar;C:\Users\dung.nguyenanh\.m2\repository\net\bytebuddy\byte-buddy-agent\1.12.8\byte-buddy-agent-1.12.8.jar;C:\Users\dung.nguyenanh\.m2\repository\org\objenesis\objenesis\3.1\objenesis-3.1.jar;C:\Users\dung.nguyenanh\.m2\repository\net\serenity-bdd\serenity-reports\3.2.3\serenity-reports-3.2.3.jar;C:\Users\dung.nguyenanh\.m2\repository\net\serenity-bdd\serenity-stats\3.2.3\serenity-stats-3.2.3.jar;C:\Users\dung.nguyenanh\.m2\repository\net\serenity-bdd\serenity-reports-configuration\3.2.3\serenity-reports-configuration-3.2.3.jar;C:\Users\dung.nguyenanh\.m2\repository\com\vladsch\flexmark\flexmark-all\0.34.30\flexmark-all-0.34.30.jar;C:\Users\dung.nguyenanh\.m2\repository\com\vladsch\flexmark\flexmark\0.34.30\flexmark-0.34.30.jar;C:\Users\dung.nguyenanh\.m2\repository\com\vladsch\flexmark\flexmark-ext-abbreviation\0.34.30\flexmark-ext-abbreviation-0.34.30.jar;C:\Users\dung.nguyenanh\.m2\repository\com\vladsch\flexmark\flexmark-ext-admonition\0.34.30\flexmark-ext-admonition-0.34.30.jar;C:\Users\dung.nguyenanh\.m2\repository\com\vladsch\flexmark\flexmark-ext-anchorlink\0.34.30\flexmark-ext-anchorlink-0.34.30.jar;C:\Users\dung.nguyenanh\.m2\repository\com\vladsch\flexmark\flexmark-ext-aside\0.34.30\flexmark-ext-aside-0.34.30.jar;C:\Users\dung.nguyenanh\.m2\repository\com\vladsch\flexmark\flexmark-ext-attributes\0.34.30\flexmark-ext-attributes-0.34.30.jar;C:\Users\dung.nguyenanh\.m2\repository\com\vladsch\flexmark\flexmark-ext-autolink\0.34.30\flexmark-ext-autolink-0.34.30.jar;C:\Users\dung.nguyenanh\.m2\repository\org\nibor\autolink\autolink\0.6.0\autolink-0.6.0.jar;C:\Users\dung.nguyenanh\.m2\repository\com\vladsch\flexmark\flexmark-ext-definition\0.34.30\flexmark-ext-definition-0.34.30.jar;C:\Users\dung.nguyenanh\.m2\repository\com\vladsch\flexmark\flexmark-ext-emoji\0.34.30\flexmark-ext-emoji-0.34.30.jar;C:\Users\dung.nguyenanh\.m2\repository\com\vladsch\flexmark\flexmark-ext-enumerated-reference\0.34.30\flexmark-ext-enumerated-reference-0.34.30.jar;C:\Users\dung.nguyenanh\.m2\repository\com\vladsch\flexmark\flexmark-ext-escaped-character\0.34.30\flexmark-ext-escaped-character-0.34.30.jar;C:\Users\dung.nguyenanh\.m2\repository\com\vladsch\flexmark\flexmark-ext-footnotes\0.34.30\flexmark-ext-footnotes-0.34.30.jar;C:\Users\dung.nguyenanh\.m2\repository\com\vladsch\flexmark\flexmark-ext-gfm-issues\0.34.30\flexmark-ext-gfm-issues-0.34.30.jar;C:\Users\dung.nguyenanh\.m2\repository\com\vladsch\flexmark\flexmark-ext-gfm-strikethrough\0.34.30\flexmark-ext-gfm-strikethrough-0.34.30.jar;C:\Users\dung.nguyenanh\.m2\repository\com\vladsch\flexmark\flexmark-ext-gfm-tables\0.34.30\flexmark-ext-gfm-tables-0.34.30.jar;C:\Users\dung.nguyenanh\.m2\repository\com\vladsch\flexmark\flexmark-ext-gfm-tasklist\0.34.30\flexmark-ext-gfm-tasklist-0.34.30.jar;C:\Users\dung.nguyenanh\.m2\repository\com\vladsch\flexmark\flexmark-ext-gfm-users\0.34.30\flexmark-ext-gfm-users-0.34.30.jar;C:\Users\dung.nguyenanh\.m2\repository\com\vladsch\flexmark\flexmark-ext-gitlab\0.34.30\flexmark-ext-gitlab-0.34.30.jar;C:\Users\dung.nguyenanh\.m2\repository\com\vladsch\flexmark\flexmark-ext-jekyll-front-matter\0.34.30\flexmark-ext-jekyll-front-matter-0.34.30.jar;C:\Users\dung.nguyenanh\.m2\repository\com\vladsch\flexmark\flexmark-ext-jekyll-tag\0.34.30\flexmark-ext-jekyll-tag-0.34.30.jar;C:\Users\dung.nguyenanh\.m2\repository\com\vladsch\flexmark\flexmark-ext-media-tags\0.34.30\flexmark-ext-media-tags-0.34.30.jar;C:\Users\dung.nguyenanh\.m2\repository\com\vladsch\flexmark\flexmark-test-util\0.34.30\flexmark-test-util-0.34.30.jar;C:\Users\dung.nguyenanh\.m2\repository\com\vladsch\flexmark\flexmark-ext-ins\0.34.30\flexmark-ext-ins-0.34.30.jar;C:\Users\dung.nguyenanh\.m2\repository\com\vladsch\flexmark\flexmark-ext-xwiki-macros\0.34.30\flexmark-ext-xwiki-macros-0.34.30.jar;C:\Users\dung.nguyenanh\.m2\repository\com\vladsch\flexmark\flexmark-ext-superscript\0.34.30\flexmark-ext-superscript-0.34.30.jar;C:\Users\dung.nguyenanh\.m2\repository\com\vladsch\flexmark\flexmark-ext-tables\0.34.30\flexmark-ext-tables-0.34.30.jar;C:\Users\dung.nguyenanh\.m2\repository\com\vladsch\flexmark\flexmark-ext-toc\0.34.30\flexmark-ext-toc-0.34.30.jar;C:\Users\dung.nguyenanh\.m2\repository\com\vladsch\flexmark\flexmark-ext-typographic\0.34.30\flexmark-ext-typographic-0.34.30.jar;C:\Users\dung.nguyenanh\.m2\repository\com\vladsch\flexmark\flexmark-ext-wikilink\0.34.30\flexmark-ext-wikilink-0.34.30.jar;C:\Users\dung.nguyenanh\.m2\repository\com\vladsch\flexmark\flexmark-ext-yaml-front-matter\0.34.30\flexmark-ext-yaml-front-matter-0.34.30.jar;C:\Users\dung.nguyenanh\.m2\repository\com\vladsch\flexmark\flexmark-ext-youtube-embedded\0.34.30\flexmark-ext-youtube-embedded-0.34.30.jar;C:\Users\dung.nguyenanh\.m2\repository\com\vladsch\flexmark\flexmark-formatter\0.34.30\flexmark-formatter-0.34.30.jar;C:\Users\dung.nguyenanh\.m2\repository\com\vladsch\flexmark\flexmark-html-parser\0.34.30\flexmark-html-parser-0.34.30.jar;C:\Users\dung.nguyenanh\.m2\repository\com\vladsch\flexmark\flexmark-jira-converter\0.34.30\flexmark-jira-converter-0.34.30.jar;C:\Users\dung.nguyenanh\.m2\repository\com\vladsch\flexmark\flexmark-pdf-converter\0.34.30\flexmark-pdf-converter-0.34.30.jar;C:\Users\dung.nguyenanh\.m2\repository\com\openhtmltopdf\openhtmltopdf-core\0.0.1-RC13\openhtmltopdf-core-0.0.1-RC13.jar;C:\Users\dung.nguyenanh\.m2\repository\com\openhtmltopdf\openhtmltopdf-pdfbox\0.0.1-RC13\openhtmltopdf-pdfbox-0.0.1-RC13.jar;C:\Users\dung.nguyenanh\.m2\repository\org\apache\pdfbox\pdfbox\2.0.8\pdfbox-2.0.8.jar;C:\Users\dung.nguyenanh\.m2\repository\org\apache\pdfbox\fontbox\2.0.8\fontbox-2.0.8.jar;C:\Users\dung.nguyenanh\.m2\repository\commons-logging\commons-logging\1.2\commons-logging-1.2.jar;C:\Users\dung.nguyenanh\.m2\repository\org\apache\pdfbox\xmpbox\2.0.8\xmpbox-2.0.8.jar;C:\Users\dung.nguyenanh\.m2\repository\de\rototor\pdfbox\graphics2d\0.12\graphics2d-0.12.jar;C:\Users\dung.nguyenanh\.m2\repository\com\openhtmltopdf\openhtmltopdf-rtl-support\0.0.1-RC13\openhtmltopdf-rtl-support-0.0.1-RC13.jar;C:\Users\dung.nguyenanh\.m2\repository\com\ibm\icu\icu4j\59.1\icu4j-59.1.jar;C:\Users\dung.nguyenanh\.m2\repository\com\openhtmltopdf\openhtmltopdf-jsoup-dom-converter\0.0.1-RC13\openhtmltopdf-jsoup-dom-converter-0.0.1-RC13.jar;C:\Users\dung.nguyenanh\.m2\repository\com\vladsch\flexmark\flexmark-profile-pegdown\0.34.30\flexmark-profile-pegdown-0.34.30.jar;C:\Users\dung.nguyenanh\.m2\repository\com\vladsch\flexmark\flexmark-util\0.34.30\flexmark-util-0.34.30.jar;C:\Users\dung.nguyenanh\.m2\repository\com\vladsch\flexmark\flexmark-youtrack-converter\0.34.30\flexmark-youtrack-converter-0.34.30.jar;C:\Users\dung.nguyenanh\.m2\repository\es\nitaur\markdown\txtmark\0.16\txtmark-0.16.jar;C:\Users\dung.nguyenanh\.m2\repository\net\serenity-bdd\serenity-report-resources\3.2.3\serenity-report-resources-3.2.3.jar;C:\Users\dung.nguyenanh\.m2\repository\com\google\code\gson\gson\2.9.0\gson-2.9.0.jar;C:\Users\dung.nguyenanh\.m2\repository\com\fasterxml\jackson\core\jackson-core\2.13.2\jackson-core-2.13.2.jar;C:\Users\dung.nguyenanh\.m2\repository\com\fasterxml\jackson\core\jackson-databind\2.13.2\jackson-databind-2.13.2.jar;C:\Users\dung.nguyenanh\.m2\repository\com\fasterxml\jackson\core\jackson-annotations\2.13.2\jackson-annotations-2.13.2.jar;C:\Users\dung.nguyenanh\.m2\repository\commons-codec\commons-codec\1.15\commons-codec-1.15.jar;C:\Users\dung.nguyenanh\.m2\repository\commons-io\commons-io\2.11.0\commons-io-2.11.0.jar;C:\Users\dung.nguyenanh\.m2\repository\org\seleniumhq\selenium\selenium-java\4.1.3\selenium-java-4.1.3.jar;C:\Users\dung.nguyenanh\.m2\repository\org\seleniumhq\selenium\selenium-devtools-v85\4.1.3\selenium-devtools-v85-4.1.3.jar;C:\Users\dung.nguyenanh\.m2\repository\org\seleniumhq\selenium\selenium-devtools-v97\4.1.3\selenium-devtools-v97-4.1.3.jar;C:\Users\dung.nguyenanh\.m2\repository\org\seleniumhq\selenium\selenium-devtools-v98\4.1.3\selenium-devtools-v98-4.1.3.jar;C:\Users\dung.nguyenanh\.m2\repository\org\seleniumhq\selenium\selenium-devtools-v99\4.1.3\selenium-devtools-v99-4.1.3.jar;C:\Users\dung.nguyenanh\.m2\repository\org\seleniumhq\selenium\selenium-opera-driver\4.1.3\selenium-opera-driver-4.1.3.jar;C:\Users\dung.nguyenanh\.m2\repository\org\seleniumhq\selenium\selenium-remote-driver\4.1.3\selenium-remote-driver-4.1.3.jar;C:\Users\dung.nguyenanh\.m2\repository\com\beust\jcommander\1.82\jcommander-1.82.jar;C:\Users\dung.nguyenanh\.m2\repository\io\netty\netty-buffer\4.1.75.Final\netty-buffer-4.1.75.Final.jar;C:\Users\dung.nguyenanh\.m2\repository\io\netty\netty-codec-http\4.1.75.Final\netty-codec-http-4.1.75.Final.jar;C:\Users\dung.nguyenanh\.m2\repository\io\netty\netty-codec\4.1.75.Final\netty-codec-4.1.75.Final.jar;C:\Users\dung.nguyenanh\.m2\repository\io\netty\netty-handler\4.1.75.Final\netty-handler-4.1.75.Final.jar;C:\Users\dung.nguyenanh\.m2\repository\io\netty\netty-common\4.1.75.Final\netty-common-4.1.75.Final.jar;C:\Users\dung.nguyenanh\.m2\repository\io\netty\netty-transport-classes-epoll\4.1.75.Final\netty-transport-classes-epoll-4.1.75.Final.jar;C:\Users\dung.nguyenanh\.m2\repository\io\netty\netty-transport-classes-kqueue\4.1.75.Final\netty-transport-classes-kqueue-4.1.75.Final.jar;C:\Users\dung.nguyenanh\.m2\repository\io\netty\netty-transport-native-epoll\4.1.75.Final\netty-transport-native-epoll-4.1.75.Final.jar;C:\Users\dung.nguyenanh\.m2\repository\io\netty\netty-transport-native-kqueue\4.1.75.Final\netty-transport-native-kqueue-4.1.75.Final.jar;C:\Users\dung.nguyenanh\.m2\repository\io\netty\netty-transport-native-unix-common\4.1.75.Final\netty-transport-native-unix-common-4.1.75.Final.jar;C:\Users\dung.nguyenanh\.m2\repository\io\netty\netty-transport\4.1.75.Final\netty-transport-4.1.75.Final.jar;C:\Users\dung.nguyenanh\.m2\repository\io\netty\netty-resolver\4.1.75.Final\netty-resolver-4.1.75.Final.jar;C:\Users\dung.nguyenanh\.m2\repository\io\opentelemetry\opentelemetry-api\1.12.0\opentelemetry-api-1.12.0.jar;C:\Users\dung.nguyenanh\.m2\repository\io\opentelemetry\opentelemetry-context\1.12.0\opentelemetry-context-1.12.0.jar;C:\Users\dung.nguyenanh\.m2\repository\io\opentelemetry\opentelemetry-exporter-logging\1.12.0\opentelemetry-exporter-logging-1.12.0.jar;C:\Users\dung.nguyenanh\.m2\repository\io\opentelemetry\opentelemetry-sdk-metrics\1.12.0-alpha\opentelemetry-sdk-metrics-1.12.0-alpha.jar;C:\Users\dung.nguyenanh\.m2\repository\io\opentelemetry\opentelemetry-sdk-logs\1.12.0-alpha\opentelemetry-sdk-logs-1.12.0-alpha.jar;C:\Users\dung.nguyenanh\.m2\repository\io\opentelemetry\opentelemetry-sdk-common\1.12.0\opentelemetry-sdk-common-1.12.0.jar;C:\Users\dung.nguyenanh\.m2\repository\io\opentelemetry\opentelemetry-sdk-extension-autoconfigure-spi\1.12.0\opentelemetry-sdk-extension-autoconfigure-spi-1.12.0.jar;C:\Users\dung.nguyenanh\.m2\repository\io\opentelemetry\opentelemetry-sdk-extension-autoconfigure\1.12.0-alpha\opentelemetry-sdk-extension-autoconfigure-1.12.0-alpha.jar;C:\Users\dung.nguyenanh\.m2\repository\io\opentelemetry\opentelemetry-sdk-trace\1.12.0\opentelemetry-sdk-trace-1.12.0.jar;C:\Users\dung.nguyenanh\.m2\repository\io\opentelemetry\opentelemetry-sdk\1.12.0\opentelemetry-sdk-1.12.0.jar;C:\Users\dung.nguyenanh\.m2\repository\io\opentelemetry\opentelemetry-semconv\1.12.0-alpha\opentelemetry-semconv-1.12.0-alpha.jar;C:\Users\dung.nguyenanh\.m2\repository\io\ous\jtoml\2.0.0\jtoml-2.0.0.jar;C:\Users\dung.nguyenanh\.m2\repository\org\apache\commons\commons-exec\1.3\commons-exec-1.3.jar;C:\Users\dung.nguyenanh\.m2\repository\org\asynchttpclient\async-http-client\2.12.3\async-http-client-2.12.3.jar;C:\Users\dung.nguyenanh\.m2\repository\org\asynchttpclient\async-http-client-netty-utils\2.12.3\async-http-client-netty-utils-2.12.3.jar;C:\Users\dung.nguyenanh\.m2\repository\io\netty\netty-codec-socks\4.1.60.Final\netty-codec-socks-4.1.60.Final.jar;C:\Users\dung.nguyenanh\.m2\repository\io\netty\netty-handler-proxy\4.1.60.Final\netty-handler-proxy-4.1.60.Final.jar;C:\Users\dung.nguyenanh\.m2\repository\io\netty\netty-transport-native-epoll\4.1.60.Final\netty-transport-native-epoll-4.1.60.Final-linux-x86_64.jar;C:\Users\dung.nguyenanh\.m2\repository\io\netty\netty-transport-native-kqueue\4.1.60.Final\netty-transport-native-kqueue-4.1.60.Final-osx-x86_64.jar;C:\Users\dung.nguyenanh\.m2\repository\org\reactivestreams\reactive-streams\1.0.3\reactive-streams-1.0.3.jar;C:\Users\dung.nguyenanh\.m2\repository\com\typesafe\netty\netty-reactive-streams\2.0.4\netty-reactive-streams-2.0.4.jar;C:\Users\dung.nguyenanh\.m2\repository\org\seleniumhq\selenium\selenium-http\4.1.3\selenium-http-4.1.3.jar;C:\Users\dung.nguyenanh\.m2\repository\dev\failsafe\failsafe\3.2.3\failsafe-3.2.3.jar;C:\Users\dung.nguyenanh\.m2\repository\org\seleniumhq\selenium\selenium-safari-driver\4.1.3\selenium-safari-driver-4.1.3.jar;C:\Users\dung.nguyenanh\.m2\repository\org\seleniumhq\selenium\selenium-api\4.1.3\selenium-api-4.1.3.jar;C:\Users\dung.nguyenanh\.m2\repository\org\seleniumhq\selenium\selenium-support\4.1.3\selenium-support-4.1.3.jar;C:\Users\dung.nguyenanh\.m2\repository\com\google\auto\service\auto-service-annotations\1.0.1\auto-service-annotations-1.0.1.jar;C:\Users\dung.nguyenanh\.m2\repository\com\google\auto\service\auto-service\1.0.1\auto-service-1.0.1.jar;C:\Users\dung.nguyenanh\.m2\repository\com\google\auto\auto-common\1.2\auto-common-1.2.jar;C:\Users\dung.nguyenanh\.m2\repository\org\seleniumhq\selenium\selenium-json\4.1.3\selenium-json-4.1.3.jar;C:\Users\dung.nguyenanh\.m2\repository\org\seleniumhq\selenium\selenium-chrome-driver\4.1.3\selenium-chrome-driver-4.1.3.jar;C:\Users\dung.nguyenanh\.m2\repository\org\seleniumhq\selenium\selenium-chromium-driver\4.1.3\selenium-chromium-driver-4.1.3.jar;C:\Users\dung.nguyenanh\.m2\repository\org\seleniumhq\selenium\selenium-firefox-driver\4.1.3\selenium-firefox-driver-4.1.3.jar;C:\Users\dung.nguyenanh\.m2\repository\org\seleniumhq\selenium\selenium-edge-driver\4.1.3\selenium-edge-driver-4.1.3.jar;C:\Users\dung.nguyenanh\.m2\repository\org\seleniumhq\selenium\selenium-ie-driver\4.1.3\selenium-ie-driver-4.1.3.jar;C:\Users\dung.nguyenanh\.m2\repository\io\appium\java-client\8.0.0\java-client-8.0.0.jar;C:\Users\dung.nguyenanh\.m2\repository\commons-validator\commons-validator\1.7\commons-validator-1.7.jar;C:\Users\dung.nguyenanh\.m2\repository\commons-digester\commons-digester\2.1\commons-digester-2.1.jar;C:\Users\dung.nguyenanh\.m2\repository\org\aspectj\aspectjweaver\1.9.8\aspectjweaver-1.9.8.jar;C:\Users\dung.nguyenanh\.m2\repository\org\codehaus\groovy\groovy\3.0.10\groovy-3.0.10.jar;C:\Users\dung.nguyenanh\.m2\repository\net\sf\opencsv\opencsv\2.0\opencsv-2.0.jar;C:\Users\dung.nguyenanh\.m2\repository\commons-beanutils\commons-beanutils\1.9.4\commons-beanutils-1.9.4.jar;C:\Users\dung.nguyenanh\.m2\repository\org\apache\commons\commons-lang3\3.12.0\commons-lang3-3.12.0.jar;C:\Users\dung.nguyenanh\.m2\repository\commons-collections\commons-collections\3.2.2\commons-collections-3.2.2.jar;C:\Users\dung.nguyenanh\.m2\repository\org\fluentlenium\fluentlenium-core\0.10.2\fluentlenium-core-0.10.2.jar;C:\Users\dung.nguyenanh\.m2\repository\com\jhlabs\filters\2.0.235\filters-2.0.235.jar;C:\Users\dung.nguyenanh\.m2\repository\com\paulhammant\ngwebdriver\1.1.6\ngwebdriver-1.1.6.jar;C:\Users\dung.nguyenanh\.m2\repository\joda-time\joda-time\2.8.2\joda-time-2.8.2.jar;C:\Users\dung.nguyenanh\.m2\repository\org\hamcrest\hamcrest\2.2\hamcrest-2.2.jar;C:\Users\dung.nguyenanh\.m2\repository\com\google\jimfs\jimfs\1.2\jimfs-1.2.jar;C:\Users\dung.nguyenanh\.m2\repository\org\mockito\mockito-core\3.3.3\mockito-core-3.3.3.jar;C:\Users\dung.nguyenanh\.m2\repository\javax\xml\bind\jaxb-api\2.3.1\jaxb-api-2.3.1.jar;C:\Users\dung.nguyenanh\.m2\repository\javax\activation\javax.activation-api\1.2.0\javax.activation-api-1.2.0.jar;C:\Users\dung.nguyenanh\.m2\repository\com\sun\xml\bind\jaxb-core\2.3.0.1\jaxb-core-2.3.0.1.jar;C:\Users\dung.nguyenanh\.m2\repository\com\sun\xml\bind\jaxb-impl\2.3.3\jaxb-impl-2.3.3.jar;C:\Users\dung.nguyenanh\.m2\repository\jakarta\xml\bind\jakarta.xml.bind-api\2.3.3\jakarta.xml.bind-api-2.3.3.jar;C:\Users\dung.nguyenanh\.m2\repository\com\sun\activation\jakarta.activation\1.2.2\jakarta.activation-1.2.2.jar;C:\Users\dung.nguyenanh\.m2\repository\javax\activation\activation\1.1.1\activation-1.1.1.jar;C:\Users\dung.nguyenanh\.m2\repository\net\serenity-bdd\serenity-cucumber\3.2.3\serenity-cucumber-3.2.3.jar;C:\Users\dung.nguyenanh\.m2\repository\io\cucumber\cucumber-core\7.2.3\cucumber-core-7.2.3.jar;C:\Users\dung.nguyenanh\.m2\repository\io\cucumber\cucumber-gherkin\7.2.3\cucumber-gherkin-7.2.3.jar;C:\Users\dung.nguyenanh\.m2\repository\io\cucumber\cucumber-gherkin-messages\7.2.3\cucumber-gherkin-messages-7.2.3.jar;C:\Users\dung.nguyenanh\.m2\repository\io\cucumber\messages\17.1.1\messages-17.1.1.jar;C:\Users\dung.nguyenanh\.m2\repository\io\cucumber\tag-expressions\4.1.0\tag-expressions-4.1.0.jar;C:\Users\dung.nguyenanh\.m2\repository\io\cucumber\cucumber-expressions\15.0.1\cucumber-expressions-15.0.1.jar;C:\Users\dung.nguyenanh\.m2\repository\io\cucumber\datatable\7.2.3\datatable-7.2.3.jar;C:\Users\dung.nguyenanh\.m2\repository\io\cucumber\cucumber-plugin\7.2.3\cucumber-plugin-7.2.3.jar;C:\Users\dung.nguyenanh\.m2\repository\io\cucumber\docstring\7.2.3\docstring-7.2.3.jar;C:\Users\dung.nguyenanh\.m2\repository\io\cucumber\html-formatter\17.0.0\html-formatter-17.0.0.jar;C:\Users\dung.nguyenanh\.m2\repository\io\cucumber\ci-environment\8.1.0\ci-environment-8.1.0.jar;C:\Users\dung.nguyenanh\.m2\repository\io\cucumber\cucumber-junit\7.2.3\cucumber-junit-7.2.3.jar;C:\Users\dung.nguyenanh\.m2\repository\org\apiguardian\apiguardian-api\1.1.2\apiguardian-api-1.1.2.jar;C:\Users\dung.nguyenanh\.m2\repository\org\apache\commons\commons-csv\1.5\commons-csv-1.5.jar;C:\Users\dung.nguyenanh\.m2\repository\net\serenity-bdd\serenity-screenplay\3.2.3\serenity-screenplay-3.2.3.jar;C:\Users\dung.nguyenanh\.m2\repository\net\serenity-bdd\serenity-screenplay-webdriver\3.2.3\serenity-screenplay-webdriver-3.2.3.jar;C:\Users\dung.nguyenanh\.m2\repository\net\serenity-bdd\serenity-ensure\3.2.3\serenity-ensure-3.2.3.jar;C:\Users\dung.nguyenanh\.m2\repository\net\serenity-bdd\serenity-junit\3.2.3\serenity-junit-3.2.3.jar;C:\Users\dung.nguyenanh\.m2\repository\org\jetbrains\kotlin\kotlin-stdlib\1.6.0\kotlin-stdlib-1.6.0.jar;C:\Users\dung.nguyenanh\.m2\repository\org\jetbrains\annotations\13.0\annotations-13.0.jar;C:\Users\dung.nguyenanh\.m2\repository\org\jetbrains\kotlin\kotlin-stdlib-common\1.6.0\kotlin-stdlib-common-1.6.0.jar;C:\Users\dung.nguyenanh\.m2\repository\junit\junit\4.13.2\junit-4.13.2.jar;C:\Users\dung.nguyenanh\.m2\repository\org\hamcrest\hamcrest-core\1.3\hamcrest-core-1.3.jar;C:\Users\dung.nguyenanh\.m2\repository\org\projectlombok\lombok\1.18.22\lombok-1.18.22.jar;C:\Users\dung.nguyenanh\.m2\repository\ch\qos\logback\logback-classic\1.2.11\logback-classic-1.2.11.jar;C:\Users\dung.nguyenanh\.m2\repository\ch\qos\logback\logback-core\1.2.11\logback-core-1.2.11.jar;C:\Users\dung.nguyenanh\.m2\repository\org\slf4j\slf4j-api\1.7.32\slf4j-api-1.7.32.jar;C:\Users\dung.nguyenanh\.m2\repository\org\assertj\assertj-core\3.22.0\assertj-core-3.22.0.jar;C:\Users\dung.nguyenanh\.m2\repository\io\github\bonigarcia\webdrivermanager\5.1.1\webdrivermanager-5.1.1.jar;C:\Users\dung.nguyenanh\.m2\repository\com\github\docker-java\docker-java\3.2.13\docker-java-3.2.13.jar;C:\Users\dung.nguyenanh\.m2\repository\com\github\docker-java\docker-java-core\3.2.13\docker-java-core-3.2.13.jar;C:\Users\dung.nguyenanh\.m2\repository\com\github\docker-java\docker-java-api\3.2.13\docker-java-api-3.2.13.jar;C:\Users\dung.nguyenanh\.m2\repository\org\apache\commons\commons-compress\1.21\commons-compress-1.21.jar;C:\Users\dung.nguyenanh\.m2\repository\org\bouncycastle\bcpkix-jdk15on\1.64\bcpkix-jdk15on-1.64.jar;C:\Users\dung.nguyenanh\.m2\repository\org\bouncycastle\bcprov-jdk15on\1.64\bcprov-jdk15on-1.64.jar;C:\Users\dung.nguyenanh\.m2\repository\org\slf4j\jcl-over-slf4j\1.7.30\jcl-over-slf4j-1.7.30.jar;C:\Users\dung.nguyenanh\.m2\repository\com\github\docker-java\docker-java-transport-httpclient5\3.2.13\docker-java-transport-httpclient5-3.2.13.jar;C:\Users\dung.nguyenanh\.m2\repository\com\github\docker-java\docker-java-transport\3.2.13\docker-java-transport-3.2.13.jar;C:\Users\dung.nguyenanh\.m2\repository\net\java\dev\jna\jna\5.8.0\jna-5.8.0.jar;C:\Users\dung.nguyenanh\.m2\repository\org\brotli\dec\0.1.2\dec-0.1.2.jar;C:\Users\dung.nguyenanh\.m2\repository\org\apache\httpcomponents\client5\httpclient5\5.1.3\httpclient5-5.1.3.jar;C:\Users\dung.nguyenanh\.m2\repository\org\apache\httpcomponents\core5\httpcore5\5.1.3\httpcore5-5.1.3.jar;C:\Users\dung.nguyenanh\.m2\repository\org\apache\httpcomponents\core5\httpcore5-h2\5.1.3\httpcore5-h2-5.1.3.jar;C:\Users\dung.nguyenanh\.m2\repository\org\hamcrest\hamcrest-all\1.3\hamcrest-all-1.3.jar;C:\Users\dung.nguyenanh\.m2\repository\org\apache\maven\plugins\maven-failsafe-plugin\3.0.0-M5\maven-failsafe-plugin-3.0.0-M5.jar;C:\Users\dung.nguyenanh\.m2\repository\org\apache\maven\surefire\maven-surefire-common\3.0.0-M5\maven-surefire-common-3.0.0-M5.jar;C:\Users\dung.nguyenanh\.m2\repository\org\apache\maven\surefire\surefire-api\3.0.0-M5\surefire-api-3.0.0-M5.jar;C:\Users\dung.nguyenanh\.m2\repository\org\apache\maven\surefire\surefire-logger-api\3.0.0-M5\surefire-logger-api-3.0.0-M5.jar;C:\Users\dung.nguyenanh\.m2\repository\org\apache\maven\surefire\surefire-extensions-api\3.0.0-M5\surefire-extensions-api-3.0.0-M5.jar;C:\Users\dung.nguyenanh\.m2\repository\org\apache\maven\surefire\surefire-booter\3.0.0-M5\surefire-booter-3.0.0-M5.jar;C:\Users\dung.nguyenanh\.m2\repository\org\apache\maven\surefire\surefire-extensions-spi\3.0.0-M5\surefire-extensions-spi-3.0.0-M5.jar;C:\Users\dung.nguyenanh\.m2\repository\org\apache\maven\maven-toolchain\3.0-alpha-2\maven-toolchain-3.0-alpha-2.jar;C:\Users\dung.nguyenanh\.m2\repository\org\apache\maven\shared\maven-artifact-transfer\0.11.0\maven-artifact-transfer-0.11.0.jar;C:\Users\dung.nguyenanh\.m2\repository\org\apache\maven\shared\maven-common-artifact-filters\3.0.1\maven-common-artifact-filters-3.0.1.jar;C:\Users\dung.nguyenanh\.m2\repository\org\apache\maven\maven-model\3.0\maven-model-3.0.jar;C:\Users\dung.nguyenanh\.m2\repository\org\apache\maven\maven-plugin-api\3.0\maven-plugin-api-3.0.jar;C:\Users\dung.nguyenanh\.m2\repository\org\sonatype\sisu\sisu-inject-plexus\1.4.2\sisu-inject-plexus-1.4.2.jar;C:\Users\dung.nguyenanh\.m2\repository\org\codehaus\plexus\plexus-classworlds\2.2.3\plexus-classworlds-2.2.3.jar;C:\Users\dung.nguyenanh\.m2\repository\org\sonatype\sisu\sisu-inject-bean\1.4.2\sisu-inject-bean-1.4.2.jar;C:\Users\dung.nguyenanh\.m2\repository\org\sonatype\sisu\sisu-guice\2.1.7\sisu-guice-2.1.7-noaop.jar;C:\Users\dung.nguyenanh\.m2\repository\org\apache\maven\shared\maven-shared-utils\3.1.0\maven-shared-utils-3.1.0.jar;C:\Users\dung.nguyenanh\.m2\repository\org\codehaus\plexus\plexus-java\1.0.5\plexus-java-1.0.5.jar;C:\Users\dung.nguyenanh\.m2\repository\org\ow2\asm\asm\7.2\asm-7.2.jar;C:\Users\dung.nguyenanh\.m2\repository\com\thoughtworks\qdox\qdox\2.0-M9\qdox-2.0-M9.jar;C:\Users\dung.nguyenanh\.m2\repository\org\apache\maven\surefire\surefire-shared-utils\3.0.0-M4\surefire-shared-utils-3.0.0-M4.jar;"/>
    <property name="java.vm.vendor" value="Oracle Corporation"/>
    <property name="sun.arch.data.model" value="64"/>
    <property name="user.variant" value=""/>
    <property name="java.vendor.url" value="http://java.oracle.com/"/>
    <property name="user.timezone" value="Asia/Bangkok"/>
    <property name="java.vm.specification.version" value="1.8"/>
    <property name="os.name" value="Windows 10"/>
    <property name="user.country" value="US"/>
    <property name="sun.java.launcher" value="SUN_STANDARD"/>
    <property name="sun.boot.library.path" value="C:\Program Files\Java\jdk1.8.0_321\jre\bin"/>
    <property name="sun.java.command" value="C:\Users\dung.nguyenanh\AppData\Local\Temp\surefire1310026987014523621\surefirebooter1193716919533943266.jar C:\Users\dung.nguyenanh\AppData\Local\Temp\surefire1310026987014523621 2022-04-21T02-10-27_410-jvmRun1 surefire4599927043851530917tmp surefire_0545524629329297977tmp"/>
    <property name="surefire.test.class.path" value="D:\Pratice\serenity_homework\target\test-classes;D:\Pratice\serenity_homework\target\serenity_homework-1.0-SNAPSHOT.jar;C:\Users\dung.nguyenanh\.m2\repository\net\serenity-bdd\serenity-core\3.2.3\serenity-core-3.2.3.jar;C:\Users\dung.nguyenanh\.m2\repository\net\serenity-bdd\serenity-model\3.2.3\serenity-model-3.2.3.jar;C:\Users\dung.nguyenanh\.m2\repository\org\apache\commons\commons-text\1.9\commons-text-1.9.jar;C:\Users\dung.nguyenanh\.m2\repository\commons-net\commons-net\3.8.0\commons-net-3.8.0.jar;C:\Users\dung.nguyenanh\.m2\repository\com\google\guava\guava\31.1-jre\guava-31.1-jre.jar;C:\Users\dung.nguyenanh\.m2\repository\com\google\guava\failureaccess\1.0.1\failureaccess-1.0.1.jar;C:\Users\dung.nguyenanh\.m2\repository\com\google\guava\listenablefuture\9999.0-empty-to-avoid-conflict-with-guava\listenablefuture-9999.0-empty-to-avoid-conflict-with-guava.jar;C:\Users\dung.nguyenanh\.m2\repository\com\google\code\findbugs\jsr305\3.0.2\jsr305-3.0.2.jar;C:\Users\dung.nguyenanh\.m2\repository\org\checkerframework\checker-qual\3.12.0\checker-qual-3.12.0.jar;C:\Users\dung.nguyenanh\.m2\repository\com\google\errorprone\error_prone_annotations\2.11.0\error_prone_annotations-2.11.0.jar;C:\Users\dung.nguyenanh\.m2\repository\com\google\j2objc\j2objc-annotations\1.3\j2objc-annotations-1.3.jar;C:\Users\dung.nguyenanh\.m2\repository\com\google\inject\guice\5.1.0\guice-5.1.0.jar;C:\Users\dung.nguyenanh\.m2\repository\javax\inject\javax.inject\1\javax.inject-1.jar;C:\Users\dung.nguyenanh\.m2\repository\aopalliance\aopalliance\1.0\aopalliance-1.0.jar;C:\Users\dung.nguyenanh\.m2\repository\org\jsoup\jsoup\1.14.3\jsoup-1.14.3.jar;C:\Users\dung.nguyenanh\.m2\repository\com\thoughtworks\xstream\xstream\1.4.19\xstream-1.4.19.jar;C:\Users\dung.nguyenanh\.m2\repository\io\github\x-stream\mxparser\1.2.2\mxparser-1.2.2.jar;C:\Users\dung.nguyenanh\.m2\repository\xmlpull\xmlpull\1.1.3.1\xmlpull-1.1.3.1.jar;C:\Users\dung.nguyenanh\.m2\repository\io\cucumber\cucumber-java\7.2.3\cucumber-java-7.2.3.jar;C:\Users\dung.nguyenanh\.m2\repository\com\typesafe\config\1.4.2\config-1.4.2.jar;C:\Users\dung.nguyenanh\.m2\repository\org\imgscalr\imgscalr-lib\4.2\imgscalr-lib-4.2.jar;C:\Users\dung.nguyenanh\.m2\repository\org\awaitility\awaitility\4.2.0\awaitility-4.2.0.jar;C:\Users\dung.nguyenanh\.m2\repository\org\freemarker\freemarker\2.3.31\freemarker-2.3.31.jar;C:\Users\dung.nguyenanh\.m2\repository\io\github\classgraph\classgraph\4.8.138\classgraph-4.8.138.jar;C:\Users\dung.nguyenanh\.m2\repository\net\sourceforge\jexcelapi\jxl\2.6.12\jxl-2.6.12.jar;C:\Users\dung.nguyenanh\.m2\repository\net\bytebuddy\byte-buddy\1.12.8\byte-buddy-1.12.8.jar;C:\Users\dung.nguyenanh\.m2\repository\net\bytebuddy\byte-buddy-agent\1.12.8\byte-buddy-agent-1.12.8.jar;C:\Users\dung.nguyenanh\.m2\repository\org\objenesis\objenesis\3.1\objenesis-3.1.jar;C:\Users\dung.nguyenanh\.m2\repository\net\serenity-bdd\serenity-reports\3.2.3\serenity-reports-3.2.3.jar;C:\Users\dung.nguyenanh\.m2\repository\net\serenity-bdd\serenity-stats\3.2.3\serenity-stats-3.2.3.jar;C:\Users\dung.nguyenanh\.m2\repository\net\serenity-bdd\serenity-reports-configuration\3.2.3\serenity-reports-configuration-3.2.3.jar;C:\Users\dung.nguyenanh\.m2\repository\com\vladsch\flexmark\flexmark-all\0.34.30\flexmark-all-0.34.30.jar;C:\Users\dung.nguyenanh\.m2\repository\com\vladsch\flexmark\flexmark\0.34.30\flexmark-0.34.30.jar;C:\Users\dung.nguyenanh\.m2\repository\com\vladsch\flexmark\flexmark-ext-abbreviation\0.34.30\flexmark-ext-abbreviation-0.34.30.jar;C:\Users\dung.nguyenanh\.m2\repository\com\vladsch\flexmark\flexmark-ext-admonition\0.34.30\flexmark-ext-admonition-0.34.30.jar;C:\Users\dung.nguyenanh\.m2\repository\com\vladsch\flexmark\flexmark-ext-anchorlink\0.34.30\flexmark-ext-anchorlink-0.34.30.jar;C:\Users\dung.nguyenanh\.m2\repository\com\vladsch\flexmark\flexmark-ext-aside\0.34.30\flexmark-ext-aside-0.34.30.jar;C:\Users\dung.nguyenanh\.m2\repository\com\vladsch\flexmark\flexmark-ext-attributes\0.34.30\flexmark-ext-attributes-0.34.30.jar;C:\Users\dung.nguyenanh\.m2\repository\com\vladsch\flexmark\flexmark-ext-autolink\0.34.30\flexmark-ext-autolink-0.34.30.jar;C:\Users\dung.nguyenanh\.m2\repository\org\nibor\autolink\autolink\0.6.0\autolink-0.6.0.jar;C:\Users\dung.nguyenanh\.m2\repository\com\vladsch\flexmark\flexmark-ext-definition\0.34.30\flexmark-ext-definition-0.34.30.jar;C:\Users\dung.nguyenanh\.m2\repository\com\vladsch\flexmark\flexmark-ext-emoji\0.34.30\flexmark-ext-emoji-0.34.30.jar;C:\Users\dung.nguyenanh\.m2\repository\com\vladsch\flexmark\flexmark-ext-enumerated-reference\0.34.30\flexmark-ext-enumerated-reference-0.34.30.jar;C:\Users\dung.nguyenanh\.m2\repository\com\vladsch\flexmark\flexmark-ext-escaped-character\0.34.30\flexmark-ext-escaped-character-0.34.30.jar;C:\Users\dung.nguyenanh\.m2\repository\com\vladsch\flexmark\flexmark-ext-footnotes\0.34.30\flexmark-ext-footnotes-0.34.30.jar;C:\Users\dung.nguyenanh\.m2\repository\com\vladsch\flexmark\flexmark-ext-gfm-issues\0.34.30\flexmark-ext-gfm-issues-0.34.30.jar;C:\Users\dung.nguyenanh\.m2\repository\com\vladsch\flexmark\flexmark-ext-gfm-strikethrough\0.34.30\flexmark-ext-gfm-strikethrough-0.34.30.jar;C:\Users\dung.nguyenanh\.m2\repository\com\vladsch\flexmark\flexmark-ext-gfm-tables\0.34.30\flexmark-ext-gfm-tables-0.34.30.jar;C:\Users\dung.nguyenanh\.m2\repository\com\vladsch\flexmark\flexmark-ext-gfm-tasklist\0.34.30\flexmark-ext-gfm-tasklist-0.34.30.jar;C:\Users\dung.nguyenanh\.m2\repository\com\vladsch\flexmark\flexmark-ext-gfm-users\0.34.30\flexmark-ext-gfm-users-0.34.30.jar;C:\Users\dung.nguyenanh\.m2\repository\com\vladsch\flexmark\flexmark-ext-gitlab\0.34.30\flexmark-ext-gitlab-0.34.30.jar;C:\Users\dung.nguyenanh\.m2\repository\com\vladsch\flexmark\flexmark-ext-jekyll-front-matter\0.34.30\flexmark-ext-jekyll-front-matter-0.34.30.jar;C:\Users\dung.nguyenanh\.m2\repository\com\vladsch\flexmark\flexmark-ext-jekyll-tag\0.34.30\flexmark-ext-jekyll-tag-0.34.30.jar;C:\Users\dung.nguyenanh\.m2\repository\com\vladsch\flexmark\flexmark-ext-media-tags\0.34.30\flexmark-ext-media-tags-0.34.30.jar;C:\Users\dung.nguyenanh\.m2\repository\com\vladsch\flexmark\flexmark-test-util\0.34.30\flexmark-test-util-0.34.30.jar;C:\Users\dung.nguyenanh\.m2\repository\com\vladsch\flexmark\flexmark-ext-ins\0.34.30\flexmark-ext-ins-0.34.30.jar;C:\Users\dung.nguyenanh\.m2\repository\com\vladsch\flexmark\flexmark-ext-xwiki-macros\0.34.30\flexmark-ext-xwiki-macros-0.34.30.jar;C:\Users\dung.nguyenanh\.m2\repository\com\vladsch\flexmark\flexmark-ext-superscript\0.34.30\flexmark-ext-superscript-0.34.30.jar;C:\Users\dung.nguyenanh\.m2\repository\com\vladsch\flexmark\flexmark-ext-tables\0.34.30\flexmark-ext-tables-0.34.30.jar;C:\Users\dung.nguyenanh\.m2\repository\com\vladsch\flexmark\flexmark-ext-toc\0.34.30\flexmark-ext-toc-0.34.30.jar;C:\Users\dung.nguyenanh\.m2\repository\com\vladsch\flexmark\flexmark-ext-typographic\0.34.30\flexmark-ext-typographic-0.34.30.jar;C:\Users\dung.nguyenanh\.m2\repository\com\vladsch\flexmark\flexmark-ext-wikilink\0.34.30\flexmark-ext-wikilink-0.34.30.jar;C:\Users\dung.nguyenanh\.m2\repository\com\vladsch\flexmark\flexmark-ext-yaml-front-matter\0.34.30\flexmark-ext-yaml-front-matter-0.34.30.jar;C:\Users\dung.nguyenanh\.m2\repository\com\vladsch\flexmark\flexmark-ext-youtube-embedded\0.34.30\flexmark-ext-youtube-embedded-0.34.30.jar;C:\Users\dung.nguyenanh\.m2\repository\com\vladsch\flexmark\flexmark-formatter\0.34.30\flexmark-formatter-0.34.30.jar;C:\Users\dung.nguyenanh\.m2\repository\com\vladsch\flexmark\flexmark-html-parser\0.34.30\flexmark-html-parser-0.34.30.jar;C:\Users\dung.nguyenanh\.m2\repository\com\vladsch\flexmark\flexmark-jira-converter\0.34.30\flexmark-jira-converter-0.34.30.jar;C:\Users\dung.nguyenanh\.m2\repository\com\vladsch\flexmark\flexmark-pdf-converter\0.34.30\flexmark-pdf-converter-0.34.30.jar;C:\Users\dung.nguyenanh\.m2\repository\com\openhtmltopdf\openhtmltopdf-core\0.0.1-RC13\openhtmltopdf-core-0.0.1-RC13.jar;C:\Users\dung.nguyenanh\.m2\repository\com\openhtmltopdf\openhtmltopdf-pdfbox\0.0.1-RC13\openhtmltopdf-pdfbox-0.0.1-RC13.jar;C:\Users\dung.nguyenanh\.m2\repository\org\apache\pdfbox\pdfbox\2.0.8\pdfbox-2.0.8.jar;C:\Users\dung.nguyenanh\.m2\repository\org\apache\pdfbox\fontbox\2.0.8\fontbox-2.0.8.jar;C:\Users\dung.nguyenanh\.m2\repository\commons-logging\commons-logging\1.2\commons-logging-1.2.jar;C:\Users\dung.nguyenanh\.m2\repository\org\apache\pdfbox\xmpbox\2.0.8\xmpbox-2.0.8.jar;C:\Users\dung.nguyenanh\.m2\repository\de\rototor\pdfbox\graphics2d\0.12\graphics2d-0.12.jar;C:\Users\dung.nguyenanh\.m2\repository\com\openhtmltopdf\openhtmltopdf-rtl-support\0.0.1-RC13\openhtmltopdf-rtl-support-0.0.1-RC13.jar;C:\Users\dung.nguyenanh\.m2\repository\com\ibm\icu\icu4j\59.1\icu4j-59.1.jar;C:\Users\dung.nguyenanh\.m2\repository\com\openhtmltopdf\openhtmltopdf-jsoup-dom-converter\0.0.1-RC13\openhtmltopdf-jsoup-dom-converter-0.0.1-RC13.jar;C:\Users\dung.nguyenanh\.m2\repository\com\vladsch\flexmark\flexmark-profile-pegdown\0.34.30\flexmark-profile-pegdown-0.34.30.jar;C:\Users\dung.nguyenanh\.m2\repository\com\vladsch\flexmark\flexmark-util\0.34.30\flexmark-util-0.34.30.jar;C:\Users\dung.nguyenanh\.m2\repository\com\vladsch\flexmark\flexmark-youtrack-converter\0.34.30\flexmark-youtrack-converter-0.34.30.jar;C:\Users\dung.nguyenanh\.m2\repository\es\nitaur\markdown\txtmark\0.16\txtmark-0.16.jar;C:\Users\dung.nguyenanh\.m2\repository\net\serenity-bdd\serenity-report-resources\3.2.3\serenity-report-resources-3.2.3.jar;C:\Users\dung.nguyenanh\.m2\repository\com\google\code\gson\gson\2.9.0\gson-2.9.0.jar;C:\Users\dung.nguyenanh\.m2\repository\com\fasterxml\jackson\core\jackson-core\2.13.2\jackson-core-2.13.2.jar;C:\Users\dung.nguyenanh\.m2\repository\com\fasterxml\jackson\core\jackson-databind\2.13.2\jackson-databind-2.13.2.jar;C:\Users\dung.nguyenanh\.m2\repository\com\fasterxml\jackson\core\jackson-annotations\2.13.2\jackson-annotations-2.13.2.jar;C:\Users\dung.nguyenanh\.m2\repository\commons-codec\commons-codec\1.15\commons-codec-1.15.jar;C:\Users\dung.nguyenanh\.m2\repository\commons-io\commons-io\2.11.0\commons-io-2.11.0.jar;C:\Users\dung.nguyenanh\.m2\repository\org\seleniumhq\selenium\selenium-java\4.1.3\selenium-java-4.1.3.jar;C:\Users\dung.nguyenanh\.m2\repository\org\seleniumhq\selenium\selenium-devtools-v85\4.1.3\selenium-devtools-v85-4.1.3.jar;C:\Users\dung.nguyenanh\.m2\repository\org\seleniumhq\selenium\selenium-devtools-v97\4.1.3\selenium-devtools-v97-4.1.3.jar;C:\Users\dung.nguyenanh\.m2\repository\org\seleniumhq\selenium\selenium-devtools-v98\4.1.3\selenium-devtools-v98-4.1.3.jar;C:\Users\dung.nguyenanh\.m2\repository\org\seleniumhq\selenium\selenium-devtools-v99\4.1.3\selenium-devtools-v99-4.1.3.jar;C:\Users\dung.nguyenanh\.m2\repository\org\seleniumhq\selenium\selenium-opera-driver\4.1.3\selenium-opera-driver-4.1.3.jar;C:\Users\dung.nguyenanh\.m2\repository\org\seleniumhq\selenium\selenium-remote-driver\4.1.3\selenium-remote-driver-4.1.3.jar;C:\Users\dung.nguyenanh\.m2\repository\com\beust\jcommander\1.82\jcommander-1.82.jar;C:\Users\dung.nguyenanh\.m2\repository\io\netty\netty-buffer\4.1.75.Final\netty-buffer-4.1.75.Final.jar;C:\Users\dung.nguyenanh\.m2\repository\io\netty\netty-codec-http\4.1.75.Final\netty-codec-http-4.1.75.Final.jar;C:\Users\dung.nguyenanh\.m2\repository\io\netty\netty-codec\4.1.75.Final\netty-codec-4.1.75.Final.jar;C:\Users\dung.nguyenanh\.m2\repository\io\netty\netty-handler\4.1.75.Final\netty-handler-4.1.75.Final.jar;C:\Users\dung.nguyenanh\.m2\repository\io\netty\netty-common\4.1.75.Final\netty-common-4.1.75.Final.jar;C:\Users\dung.nguyenanh\.m2\repository\io\netty\netty-transport-classes-epoll\4.1.75.Final\netty-transport-classes-epoll-4.1.75.Final.jar;C:\Users\dung.nguyenanh\.m2\repository\io\netty\netty-transport-classes-kqueue\4.1.75.Final\netty-transport-classes-kqueue-4.1.75.Final.jar;C:\Users\dung.nguyenanh\.m2\repository\io\netty\netty-transport-native-epoll\4.1.75.Final\netty-transport-native-epoll-4.1.75.Final.jar;C:\Users\dung.nguyenanh\.m2\repository\io\netty\netty-transport-native-kqueue\4.1.75.Final\netty-transport-native-kqueue-4.1.75.Final.jar;C:\Users\dung.nguyenanh\.m2\repository\io\netty\netty-transport-native-unix-common\4.1.75.Final\netty-transport-native-unix-common-4.1.75.Final.jar;C:\Users\dung.nguyenanh\.m2\repository\io\netty\netty-transport\4.1.75.Final\netty-transport-4.1.75.Final.jar;C:\Users\dung.nguyenanh\.m2\repository\io\netty\netty-resolver\4.1.75.Final\netty-resolver-4.1.75.Final.jar;C:\Users\dung.nguyenanh\.m2\repository\io\opentelemetry\opentelemetry-api\1.12.0\opentelemetry-api-1.12.0.jar;C:\Users\dung.nguyenanh\.m2\repository\io\opentelemetry\opentelemetry-context\1.12.0\opentelemetry-context-1.12.0.jar;C:\Users\dung.nguyenanh\.m2\repository\io\opentelemetry\opentelemetry-exporter-logging\1.12.0\opentelemetry-exporter-logging-1.12.0.jar;C:\Users\dung.nguyenanh\.m2\repository\io\opentelemetry\opentelemetry-sdk-metrics\1.12.0-alpha\opentelemetry-sdk-metrics-1.12.0-alpha.jar;C:\Users\dung.nguyenanh\.m2\repository\io\opentelemetry\opentelemetry-sdk-logs\1.12.0-alpha\opentelemetry-sdk-logs-1.12.0-alpha.jar;C:\Users\dung.nguyenanh\.m2\repository\io\opentelemetry\opentelemetry-sdk-common\1.12.0\opentelemetry-sdk-common-1.12.0.jar;C:\Users\dung.nguyenanh\.m2\repository\io\opentelemetry\opentelemetry-sdk-extension-autoconfigure-spi\1.12.0\opentelemetry-sdk-extension-autoconfigure-spi-1.12.0.jar;C:\Users\dung.nguyenanh\.m2\repository\io\opentelemetry\opentelemetry-sdk-extension-autoconfigure\1.12.0-alpha\opentelemetry-sdk-extension-autoconfigure-1.12.0-alpha.jar;C:\Users\dung.nguyenanh\.m2\repository\io\opentelemetry\opentelemetry-sdk-trace\1.12.0\opentelemetry-sdk-trace-1.12.0.jar;C:\Users\dung.nguyenanh\.m2\repository\io\opentelemetry\opentelemetry-sdk\1.12.0\opentelemetry-sdk-1.12.0.jar;C:\Users\dung.nguyenanh\.m2\repository\io\opentelemetry\opentelemetry-semconv\1.12.0-alpha\opentelemetry-semconv-1.12.0-alpha.jar;C:\Users\dung.nguyenanh\.m2\repository\io\ous\jtoml\2.0.0\jtoml-2.0.0.jar;C:\Users\dung.nguyenanh\.m2\repository\org\apache\commons\commons-exec\1.3\commons-exec-1.3.jar;C:\Users\dung.nguyenanh\.m2\repository\org\asynchttpclient\async-http-client\2.12.3\async-http-client-2.12.3.jar;C:\Users\dung.nguyenanh\.m2\repository\org\asynchttpclient\async-http-client-netty-utils\2.12.3\async-http-client-netty-utils-2.12.3.jar;C:\Users\dung.nguyenanh\.m2\repository\io\netty\netty-codec-socks\4.1.60.Final\netty-codec-socks-4.1.60.Final.jar;C:\Users\dung.nguyenanh\.m2\repository\io\netty\netty-handler-proxy\4.1.60.Final\netty-handler-proxy-4.1.60.Final.jar;C:\Users\dung.nguyenanh\.m2\repository\io\netty\netty-transport-native-epoll\4.1.60.Final\netty-transport-native-epoll-4.1.60.Final-linux-x86_64.jar;C:\Users\dung.nguyenanh\.m2\repository\io\netty\netty-transport-native-kqueue\4.1.60.Final\netty-transport-native-kqueue-4.1.60.Final-osx-x86_64.jar;C:\Users\dung.nguyenanh\.m2\repository\org\reactivestreams\reactive-streams\1.0.3\reactive-streams-1.0.3.jar;C:\Users\dung.nguyenanh\.m2\repository\com\typesafe\netty\netty-reactive-streams\2.0.4\netty-reactive-streams-2.0.4.jar;C:\Users\dung.nguyenanh\.m2\repository\org\seleniumhq\selenium\selenium-http\4.1.3\selenium-http-4.1.3.jar;C:\Users\dung.nguyenanh\.m2\repository\dev\failsafe\failsafe\3.2.3\failsafe-3.2.3.jar;C:\Users\dung.nguyenanh\.m2\repository\org\seleniumhq\selenium\selenium-safari-driver\4.1.3\selenium-safari-driver-4.1.3.jar;C:\Users\dung.nguyenanh\.m2\repository\org\seleniumhq\selenium\selenium-api\4.1.3\selenium-api-4.1.3.jar;C:\Users\dung.nguyenanh\.m2\repository\org\seleniumhq\selenium\selenium-support\4.1.3\selenium-support-4.1.3.jar;C:\Users\dung.nguyenanh\.m2\repository\com\google\auto\service\auto-service-annotations\1.0.1\auto-service-annotations-1.0.1.jar;C:\Users\dung.nguyenanh\.m2\repository\com\google\auto\service\auto-service\1.0.1\auto-service-1.0.1.jar;C:\Users\dung.nguyenanh\.m2\repository\com\google\auto\auto-common\1.2\auto-common-1.2.jar;C:\Users\dung.nguyenanh\.m2\repository\org\seleniumhq\selenium\selenium-json\4.1.3\selenium-json-4.1.3.jar;C:\Users\dung.nguyenanh\.m2\repository\org\seleniumhq\selenium\selenium-chrome-driver\4.1.3\selenium-chrome-driver-4.1.3.jar;C:\Users\dung.nguyenanh\.m2\repository\org\seleniumhq\selenium\selenium-chromium-driver\4.1.3\selenium-chromium-driver-4.1.3.jar;C:\Users\dung.nguyenanh\.m2\repository\org\seleniumhq\selenium\selenium-firefox-driver\4.1.3\selenium-firefox-driver-4.1.3.jar;C:\Users\dung.nguyenanh\.m2\repository\org\seleniumhq\selenium\selenium-edge-driver\4.1.3\selenium-edge-driver-4.1.3.jar;C:\Users\dung.nguyenanh\.m2\repository\org\seleniumhq\selenium\selenium-ie-driver\4.1.3\selenium-ie-driver-4.1.3.jar;C:\Users\dung.nguyenanh\.m2\repository\io\appium\java-client\8.0.0\java-client-8.0.0.jar;C:\Users\dung.nguyenanh\.m2\repository\commons-validator\commons-validator\1.7\commons-validator-1.7.jar;C:\Users\dung.nguyenanh\.m2\repository\commons-digester\commons-digester\2.1\commons-digester-2.1.jar;C:\Users\dung.nguyenanh\.m2\repository\org\aspectj\aspectjweaver\1.9.8\aspectjweaver-1.9.8.jar;C:\Users\dung.nguyenanh\.m2\repository\org\codehaus\groovy\groovy\3.0.10\groovy-3.0.10.jar;C:\Users\dung.nguyenanh\.m2\repository\net\sf\opencsv\opencsv\2.0\opencsv-2.0.jar;C:\Users\dung.nguyenanh\.m2\repository\commons-beanutils\commons-beanutils\1.9.4\commons-beanutils-1.9.4.jar;C:\Users\dung.nguyenanh\.m2\repository\org\apache\commons\commons-lang3\3.12.0\commons-lang3-3.12.0.jar;C:\Users\dung.nguyenanh\.m2\repository\commons-collections\commons-collections\3.2.2\commons-collections-3.2.2.jar;C:\Users\dung.nguyenanh\.m2\repository\org\fluentlenium\fluentlenium-core\0.10.2\fluentlenium-core-0.10.2.jar;C:\Users\dung.nguyenanh\.m2\repository\com\jhlabs\filters\2.0.235\filters-2.0.235.jar;C:\Users\dung.nguyenanh\.m2\repository\com\paulhammant\ngwebdriver\1.1.6\ngwebdriver-1.1.6.jar;C:\Users\dung.nguyenanh\.m2\repository\joda-time\joda-time\2.8.2\joda-time-2.8.2.jar;C:\Users\dung.nguyenanh\.m2\repository\org\hamcrest\hamcrest\2.2\hamcrest-2.2.jar;C:\Users\dung.nguyenanh\.m2\repository\com\google\jimfs\jimfs\1.2\jimfs-1.2.jar;C:\Users\dung.nguyenanh\.m2\repository\org\mockito\mockito-core\3.3.3\mockito-core-3.3.3.jar;C:\Users\dung.nguyenanh\.m2\repository\javax\xml\bind\jaxb-api\2.3.1\jaxb-api-2.3.1.jar;C:\Users\dung.nguyenanh\.m2\repository\javax\activation\javax.activation-api\1.2.0\javax.activation-api-1.2.0.jar;C:\Users\dung.nguyenanh\.m2\repository\com\sun\xml\bind\jaxb-core\2.3.0.1\jaxb-core-2.3.0.1.jar;C:\Users\dung.nguyenanh\.m2\repository\com\sun\xml\bind\jaxb-impl\2.3.3\jaxb-impl-2.3.3.jar;C:\Users\dung.nguyenanh\.m2\repository\jakarta\xml\bind\jakarta.xml.bind-api\2.3.3\jakarta.xml.bind-api-2.3.3.jar;C:\Users\dung.nguyenanh\.m2\repository\com\sun\activation\jakarta.activation\1.2.2\jakarta.activation-1.2.2.jar;C:\Users\dung.nguyenanh\.m2\repository\javax\activation\activation\1.1.1\activation-1.1.1.jar;C:\Users\dung.nguyenanh\.m2\repository\net\serenity-bdd\serenity-cucumber\3.2.3\serenity-cucumber-3.2.3.jar;C:\Users\dung.nguyenanh\.m2\repository\io\cucumber\cucumber-core\7.2.3\cucumber-core-7.2.3.jar;C:\Users\dung.nguyenanh\.m2\repository\io\cucumber\cucumber-gherkin\7.2.3\cucumber-gherkin-7.2.3.jar;C:\Users\dung.nguyenanh\.m2\repository\io\cucumber\cucumber-gherkin-messages\7.2.3\cucumber-gherkin-messages-7.2.3.jar;C:\Users\dung.nguyenanh\.m2\repository\io\cucumber\messages\17.1.1\messages-17.1.1.jar;C:\Users\dung.nguyenanh\.m2\repository\io\cucumber\tag-expressions\4.1.0\tag-expressions-4.1.0.jar;C:\Users\dung.nguyenanh\.m2\repository\io\cucumber\cucumber-expressions\15.0.1\cucumber-expressions-15.0.1.jar;C:\Users\dung.nguyenanh\.m2\repository\io\cucumber\datatable\7.2.3\datatable-7.2.3.jar;C:\Users\dung.nguyenanh\.m2\repository\io\cucumber\cucumber-plugin\7.2.3\cucumber-plugin-7.2.3.jar;C:\Users\dung.nguyenanh\.m2\repository\io\cucumber\docstring\7.2.3\docstring-7.2.3.jar;C:\Users\dung.nguyenanh\.m2\repository\io\cucumber\html-formatter\17.0.0\html-formatter-17.0.0.jar;C:\Users\dung.nguyenanh\.m2\repository\io\cucumber\ci-environment\8.1.0\ci-environment-8.1.0.jar;C:\Users\dung.nguyenanh\.m2\repository\io\cucumber\cucumber-junit\7.2.3\cucumber-junit-7.2.3.jar;C:\Users\dung.nguyenanh\.m2\repository\org\apiguardian\apiguardian-api\1.1.2\apiguardian-api-1.1.2.jar;C:\Users\dung.nguyenanh\.m2\repository\org\apache\commons\commons-csv\1.5\commons-csv-1.5.jar;C:\Users\dung.nguyenanh\.m2\repository\net\serenity-bdd\serenity-screenplay\3.2.3\serenity-screenplay-3.2.3.jar;C:\Users\dung.nguyenanh\.m2\repository\net\serenity-bdd\serenity-screenplay-webdriver\3.2.3\serenity-screenplay-webdriver-3.2.3.jar;C:\Users\dung.nguyenanh\.m2\repository\net\serenity-bdd\serenity-ensure\3.2.3\serenity-ensure-3.2.3.jar;C:\Users\dung.nguyenanh\.m2\repository\net\serenity-bdd\serenity-junit\3.2.3\serenity-junit-3.2.3.jar;C:\Users\dung.nguyenanh\.m2\repository\org\jetbrains\kotlin\kotlin-stdlib\1.6.0\kotlin-stdlib-1.6.0.jar;C:\Users\dung.nguyenanh\.m2\repository\org\jetbrains\annotations\13.0\annotations-13.0.jar;C:\Users\dung.nguyenanh\.m2\repository\org\jetbrains\kotlin\kotlin-stdlib-common\1.6.0\kotlin-stdlib-common-1.6.0.jar;C:\Users\dung.nguyenanh\.m2\repository\junit\junit\4.13.2\junit-4.13.2.jar;C:\Users\dung.nguyenanh\.m2\repository\org\hamcrest\hamcrest-core\1.3\hamcrest-core-1.3.jar;C:\Users\dung.nguyenanh\.m2\repository\org\projectlombok\lombok\1.18.22\lombok-1.18.22.jar;C:\Users\dung.nguyenanh\.m2\repository\ch\qos\logback\logback-classic\1.2.11\logback-classic-1.2.11.jar;C:\Users\dung.nguyenanh\.m2\repository\ch\qos\logback\logback-core\1.2.11\logback-core-1.2.11.jar;C:\Users\dung.nguyenanh\.m2\repository\org\slf4j\slf4j-api\1.7.32\slf4j-api-1.7.32.jar;C:\Users\dung.nguyenanh\.m2\repository\org\assertj\assertj-core\3.22.0\assertj-core-3.22.0.jar;C:\Users\dung.nguyenanh\.m2\repository\io\github\bonigarcia\webdrivermanager\5.1.1\webdrivermanager-5.1.1.jar;C:\Users\dung.nguyenanh\.m2\repository\com\github\docker-java\docker-java\3.2.13\docker-java-3.2.13.jar;C:\Users\dung.nguyenanh\.m2\repository\com\github\docker-java\docker-java-core\3.2.13\docker-java-core-3.2.13.jar;C:\Users\dung.nguyenanh\.m2\repository\com\github\docker-java\docker-java-api\3.2.13\docker-java-api-3.2.13.jar;C:\Users\dung.nguyenanh\.m2\repository\org\apache\commons\commons-compress\1.21\commons-compress-1.21.jar;C:\Users\dung.nguyenanh\.m2\repository\org\bouncycastle\bcpkix-jdk15on\1.64\bcpkix-jdk15on-1.64.jar;C:\Users\dung.nguyenanh\.m2\repository\org\bouncycastle\bcprov-jdk15on\1.64\bcprov-jdk15on-1.64.jar;C:\Users\dung.nguyenanh\.m2\repository\org\slf4j\jcl-over-slf4j\1.7.30\jcl-over-slf4j-1.7.30.jar;C:\Users\dung.nguyenanh\.m2\repository\com\github\docker-java\docker-java-transport-httpclient5\3.2.13\docker-java-transport-httpclient5-3.2.13.jar;C:\Users\dung.nguyenanh\.m2\repository\com\github\docker-java\docker-java-transport\3.2.13\docker-java-transport-3.2.13.jar;C:\Users\dung.nguyenanh\.m2\repository\net\java\dev\jna\jna\5.8.0\jna-5.8.0.jar;C:\Users\dung.nguyenanh\.m2\repository\org\brotli\dec\0.1.2\dec-0.1.2.jar;C:\Users\dung.nguyenanh\.m2\repository\org\apache\httpcomponents\client5\httpclient5\5.1.3\httpclient5-5.1.3.jar;C:\Users\dung.nguyenanh\.m2\repository\org\apache\httpcomponents\core5\httpcore5\5.1.3\httpcore5-5.1.3.jar;C:\Users\dung.nguyenanh\.m2\repository\org\apache\httpcomponents\core5\httpcore5-h2\5.1.3\httpcore5-h2-5.1.3.jar;C:\Users\dung.nguyenanh\.m2\repository\org\hamcrest\hamcrest-all\1.3\hamcrest-all-1.3.jar;C:\Users\dung.nguyenanh\.m2\repository\org\apache\maven\plugins\maven-failsafe-plugin\3.0.0-M5\maven-failsafe-plugin-3.0.0-M5.jar;C:\Users\dung.nguyenanh\.m2\repository\org\apache\maven\surefire\maven-surefire-common\3.0.0-M5\maven-surefire-common-3.0.0-M5.jar;C:\Users\dung.nguyenanh\.m2\repository\org\apache\maven\surefire\surefire-api\3.0.0-M5\surefire-api-3.0.0-M5.jar;C:\Users\dung.nguyenanh\.m2\repository\org\apache\maven\surefire\surefire-logger-api\3.0.0-M5\surefire-logger-api-3.0.0-M5.jar;C:\Users\dung.nguyenanh\.m2\repository\org\apache\maven\surefire\surefire-extensions-api\3.0.0-M5\surefire-extensions-api-3.0.0-M5.jar;C:\Users\dung.nguyenanh\.m2\repository\org\apache\maven\surefire\surefire-booter\3.0.0-M5\surefire-booter-3.0.0-M5.jar;C:\Users\dung.nguyenanh\.m2\repository\org\apache\maven\surefire\surefire-extensions-spi\3.0.0-M5\surefire-extensions-spi-3.0.0-M5.jar;C:\Users\dung.nguyenanh\.m2\repository\org\apache\maven\maven-toolchain\3.0-alpha-2\maven-toolchain-3.0-alpha-2.jar;C:\Users\dung.nguyenanh\.m2\repository\org\apache\maven\shared\maven-artifact-transfer\0.11.0\maven-artifact-transfer-0.11.0.jar;C:\Users\dung.nguyenanh\.m2\repository\org\apache\maven\shared\maven-common-artifact-filters\3.0.1\maven-common-artifact-filters-3.0.1.jar;C:\Users\dung.nguyenanh\.m2\repository\org\apache\maven\maven-model\3.0\maven-model-3.0.jar;C:\Users\dung.nguyenanh\.m2\repository\org\apache\maven\maven-plugin-api\3.0\maven-plugin-api-3.0.jar;C:\Users\dung.nguyenanh\.m2\repository\org\sonatype\sisu\sisu-inject-plexus\1.4.2\sisu-inject-plexus-1.4.2.jar;C:\Users\dung.nguyenanh\.m2\repository\org\codehaus\plexus\plexus-classworlds\2.2.3\plexus-classworlds-2.2.3.jar;C:\Users\dung.nguyenanh\.m2\repository\org\sonatype\sisu\sisu-inject-bean\1.4.2\sisu-inject-bean-1.4.2.jar;C:\Users\dung.nguyenanh\.m2\repository\org\sonatype\sisu\sisu-guice\2.1.7\sisu-guice-2.1.7-noaop.jar;C:\Users\dung.nguyenanh\.m2\repository\org\apache\maven\shared\maven-shared-utils\3.1.0\maven-shared-utils-3.1.0.jar;C:\Users\dung.nguyenanh\.m2\repository\org\codehaus\plexus\plexus-java\1.0.5\plexus-java-1.0.5.jar;C:\Users\dung.nguyenanh\.m2\repository\org\ow2\asm\asm\7.2\asm-7.2.jar;C:\Users\dung.nguyenanh\.m2\repository\com\thoughtworks\qdox\qdox\2.0-M9\qdox-2.0-M9.jar;C:\Users\dung.nguyenanh\.m2\repository\org\apache\maven\surefire\surefire-shared-utils\3.0.0-M4\surefire-shared-utils-3.0.0-M4.jar;"/>
    <property name="sun.cpu.endian" value="little"/>
    <property name="user.home" value="C:\Users\dung.nguyenanh"/>
    <property name="user.language" value="en"/>
    <property name="java.specification.vendor" value="Oracle Corporation"/>
    <property name="java.home" value="C:\Program Files\Java\jdk1.8.0_321\jre"/>
    <property name="basedir" value="D:\Pratice\serenity_homework"/>
    <property name="file.separator" value="\"/>
    <property name="line.separator" value="&#10;"/>
    <property name="java.vm.specification.vendor" value="Oracle Corporation"/>
    <property name="java.specification.name" value="Java Platform API Specification"/>
    <property name="driver" value=""/>
    <property name="java.awt.graphicsenv" value="sun.awt.Win32GraphicsEnvironment"/>
    <property name="surefire.real.class.path" value="C:\Users\dung.nguyenanh\AppData\Local\Temp\surefire1310026987014523621\surefirebooter1193716919533943266.jar"/>
    <property name="sun.boot.class.path" value="C:\Program Files\Java\jdk1.8.0_321\jre\lib\resources.jar;C:\Program Files\Java\jdk1.8.0_321\jre\lib\rt.jar;C:\Program Files\Java\jdk1.8.0_321\jre\lib\sunrsasign.jar;C:\Program Files\Java\jdk1.8.0_321\jre\lib\jsse.jar;C:\Program Files\Java\jdk1.8.0_321\jre\lib\jce.jar;C:\Program Files\Java\jdk1.8.0_321\jre\lib\charsets.jar;C:\Program Files\Java\jdk1.8.0_321\jre\lib\jfr.jar;C:\Program Files\Java\jdk1.8.0_321\jre\classes"/>
    <property name="user.script" value=""/>
    <property name="java.protocol.handler.pkgs" value="com.google.common"/>
    <property name="sun.management.compiler" value="HotSpot 64-Bit Tiered Compilers"/>
    <property name="java.runtime.version" value="1.8.0_321-b07"/>
    <property name="user.name" value="dung.nguyenanh"/>
    <property name="path.separator" value=";"/>
    <property name="os.version" value="10.0"/>
    <property name="java.endorsed.dirs" value="C:\Program Files\Java\jdk1.8.0_321\jre\lib\endorsed"/>
    <property name="java.runtime.name" value="Java(TM) SE Runtime Environment"/>
    <property name="file.encoding" value="Cp1252"/>
    <property name="java.vm.name" value="Java HotSpot(TM) 64-Bit Server VM"/>
    <property name="localRepository" value="C:\Users\dung.nguyenanh\.m2\repository"/>
    <property name="java.vendor.url.bug" value="http://bugreport.sun.com/bugreport/"/>
    <property name="java.io.tmpdir" value="C:\Users\DUNG~1.NGU\AppData\Local\Temp\"/>
    <property name="java.version" value="1.8.0_321"/>
    <property name="user.dir" value="D:\Pratice\serenity_homework"/>
    <property name="os.arch" value="amd64"/>
    <property name="java.vm.specification.name" value="Java Virtual Machine Specification"/>
    <property name="java.awt.printerjob" value="sun.awt.windows.WPrinterJob"/>
    <property name="sun.os.patch.level" value=""/>
    <property name="java.library.path" value="C:\Program Files\Java\jdk1.8.0_321\jre\bin;C:\Windows\Sun\Java\bin;C:\Windows\system32;C:\Windows;C:\Program Files\Common Files\Oracle\Java\javapath;C:\Program Files (x86)\Common Files\Oracle\Java\javapath;C:\Windows\system32;C:\Windows;C:\Windows\System32\Wbem;C:\Windows\System32\WindowsPowerShell\v1.0\;C:\Windows\System32\OpenSSH\;%JAVE_HOME%\bin;C:\Program Files\apache-maven-3.8.5\bin;C:\Program Files\Git\cmd;C:\Users\dung.nguyenanh\AppData\Local\Microsoft\WindowsApps;C:\Program Files (x86)\Sophos\Sophos SSL VPN Client\bin;C:\Users\dung.nguyenanh\AppData\Local\Programs\Microsoft VS Code\bin;%JAVE_HOME%\bin;C:\Program Files\apache-maven-3.8.5\bin;;."/>
    <property name="java.vm.info" value="mixed mode"/>
    <property name="java.vendor" value="Oracle Corporation"/>
    <property name="java.vm.version" value="25.321-b07"/>
    <property name="java.ext.dirs" value="C:\Program Files\Java\jdk1.8.0_321\jre\lib\ext;C:\Windows\Sun\Java\lib\ext"/>
    <property name="sun.io.unicode.encoding" value="UnicodeLittle"/>
    <property name="java.class.version" value="52.0"/>
  </properties>
  <testcase name="user login successful" classname="user login to the page successful" time="13.256">
    <error message="Timed out after 2 seconds. Element not found&#10;For documentation on this error, please visit: https://selenium.dev/exceptions/#no_such_element&#10;Build info: version: &apos;4.1.3&apos;, revision: &apos;7b1ebf28ef&apos;&#10;System info: host: &apos;LAPDELL-0226&apos;, ip: &apos;192.168.137.230&apos;, os.name: &apos;Windows 10&apos;, os.arch: &apos;amd64&apos;, os.version: &apos;10.0&apos;, java.version: &apos;1.8.0_321&apos;&#10;Driver info: driver.version: unknown" type="org.openqa.selenium.NoSuchElementException"><![CDATA[org.openqa.selenium.NoSuchElementException: 
Timed out after 2 seconds. Element not found
For documentation on this error, please visit: https://selenium.dev/exceptions/#no_such_element
Build info: version: '4.1.3', revision: '7b1ebf28ef'
System info: host: 'LAPDELL-0226', ip: '192.168.137.230', os.name: 'Windows 10', os.arch: 'amd64', os.version: '10.0', java.version: '1.8.0_321'
Driver info: driver.version: unknown
]]></error>
    <system-out><![CDATA[02:11:10.364 [main] INFO io.cucumber.core.plugin.SerenityReporter - Running feature from file:///D:/Pratice/serenity_homework/src/test/resources/features.login/login_sucess.feature
02:11:10.364 [main] WARN io.cucumber.core.plugin.SerenityReporter - Feature from file:///D:/Pratice/serenity_homework/src/test/resources/features.login/login_sucess.feature is not under the 'features' directory. Requirements report will not be correctly generated!
02:11:10.366 [main] DEBUG net.thucydides.core.steps.StepEventBus - Test suite started for story net.thucydides.core.model.Story@b5de0373
02:11:10.366 [main] INFO  - Test Suite Started: user login to the page successful
02:11:10.385 [main] INFO io.cucumber.core.plugin.SerenityReporter - Running feature from file:///D:/Pratice/serenity_homework/src/test/resources/features.login/login_unsuccess.feature
02:11:10.385 [main] WARN io.cucumber.core.plugin.SerenityReporter - Feature from file:///D:/Pratice/serenity_homework/src/test/resources/features.login/login_unsuccess.feature is not under the 'features' directory. Requirements report will not be correctly generated!
02:11:10.387 [main] DEBUG net.thucydides.core.steps.StepEventBus - Test suite started for story net.thucydides.core.model.Story@d30bc052
02:11:10.388 [main] INFO  - Test Suite Started: user login to the page unsuccessful
02:11:10.390 [main] INFO io.cucumber.core.plugin.SerenityReporter - Running feature from file:///D:/Pratice/serenity_homework/src/test/resources/features.login/login_sucess.feature
02:11:10.390 [main] WARN io.cucumber.core.plugin.SerenityReporter - Feature from file:///D:/Pratice/serenity_homework/src/test/resources/features.login/login_sucess.feature is not under the 'features' directory. Requirements report will not be correctly generated!
02:11:10.391 [main] DEBUG net.thucydides.core.steps.StepEventBus - Test suite started for story net.thucydides.core.model.Story@b5de0373
02:11:10.391 [main] INFO  - Test Suite Started: user login to the page successful

@unit123
Scenario Outline: user login successful                              &amp#27;[90m# src/test/resources/features.login/login_sucess.feature:9&amp#27;[0m
02:11:10.402 [main] INFO io.cucumber.core.plugin.SerenityReporter - Running feature from file:///D:/Pratice/serenity_homework/src/test/resources/features.login/login_sucess.feature
02:11:10.402 [main] WARN io.cucumber.core.plugin.SerenityReporter - Feature from file:///D:/Pratice/serenity_homework/src/test/resources/features.login/login_sucess.feature is not under the 'features' directory. Requirements report will not be correctly generated!
02:11:10.403 [main] INFO  - 
  _____   ___   ___   _____     ___   _____     _     ___   _____   ___   ___  
 |_   _| | __| / __| |_   _|   / __| |_   _|   /_\   | _ \ |_   _| | __| |   \ 
   | |   | _|  \__ \   | |     \__ \   | |    / _ \  |   /   | |   | _|  | |) |
   |_|   |___| |___/   |_|     |___/   |_|   /_/ \_\ |_|_\   |_|   |___| |___/ 

user login successful(user-login-to-the-page-successful;user-login-successful)
--------------------------------------------------------------------------------
02:11:10.427 [main] DEBUG io.github.bonigarcia.wdm.cache.ResolutionCache - Resolution chrome=100 in cache (valid until 02:23:33 21/04/2022 ICT)
02:11:10.427 [main] DEBUG io.github.bonigarcia.wdm.cache.ResolutionCache - Resolution chrome100=100.0.4896.60 in cache (valid until 15:25:50 21/04/2022 ICT)
02:11:10.427 [main] INFO io.github.bonigarcia.wdm.WebDriverManager - Using chromedriver 100.0.4896.60 (resolved driver for Chrome 100)
02:11:10.431 [main] DEBUG io.github.bonigarcia.wdm.WebDriverManager - Driver chromedriver 100.0.4896.60 found in cache
02:11:10.433 [main] INFO io.github.bonigarcia.wdm.WebDriverManager - Exporting webdriver.chrome.driver as C:\Users\dung.nguyenanh\.cache\selenium\chromedriver\win32\100.0.4896.60\chromedriver.exe
02:11:10.434 [main] INFO net.serenitybdd.core.webdriver.driverproviders.ChromeDriverProvider - Using automatically driver download
02:11:10.531 [main] DEBUG io.github.bonigarcia.wdm.cache.ResolutionCache - Resolution chrome=100 in cache (valid until 02:23:33 21/04/2022 ICT)
02:11:10.531 [main] DEBUG io.github.bonigarcia.wdm.cache.ResolutionCache - Resolution chrome100=100.0.4896.60 in cache (valid until 15:25:50 21/04/2022 ICT)
02:11:10.531 [main] INFO io.github.bonigarcia.wdm.WebDriverManager - Using chromedriver 100.0.4896.60 (resolved driver for Chrome 100)
02:11:10.535 [main] DEBUG io.github.bonigarcia.wdm.WebDriverManager - Driver chromedriver 100.0.4896.60 found in cache
02:11:10.535 [main] INFO io.github.bonigarcia.wdm.WebDriverManager - Exporting webdriver.chrome.driver as C:\Users\dung.nguyenanh\.cache\selenium\chromedriver\win32\100.0.4896.60\chromedriver.exe
02:11:10.631 [main] DEBUG net.serenitybdd.core.webdriver.driverproviders.ProvideNewDriver - Instantiating driver
02:11:10.631 [main] DEBUG net.serenitybdd.core.webdriver.driverproviders.ProvideNewDriver - Driver capabilities: Capabilities {acceptInsecureCerts: false, autodownload: true, base.url: https://demo.guru99.com/V1/..., browserName: chrome, goog:chromeOptions: {args: [], extensions: []}}
02:11:11.171 [AsyncHttpClient-1-8] DEBUG org.asynchttpclient.netty.channel.NettyConnectListener - Using new Channel '[id: 0x0bd4093f, L:/127.0.0.1:61649 - R:localhost/127.0.0.1:61524]' for 'POST' to '/session'
02:11:11.942 [AsyncHttpClient-1-8] DEBUG org.asynchttpclient.netty.handler.HttpHandler - 

Request DefaultHttpRequest(decodeResult: success, version: HTTP/1.1)
POST /session HTTP/1.1
User-Agent: selenium/4.1.3 (java windows)
Content-Length: 539
Content-Type: application/json; charset=utf-8
host: localhost:61524
accept: */*

Response DefaultHttpResponse(decodeResult: success, version: HTTP/1.1)
HTTP/1.1 200 OK
Content-Type: application/json; charset=utf-8
cache-control: no-cache
content-length: 795

02:11:11.942 [AsyncHttpClient-1-8] DEBUG org.asynchttpclient.netty.channel.ChannelManager - Adding key: http://localhost:61524 for channel [id: 0x0bd4093f, L:/127.0.0.1:61649 - R:localhost/127.0.0.1:61524]
02:11:11.962 [AsyncHttpClient-1-1] DEBUG org.asynchttpclient.netty.channel.DefaultChannelPool - Entry count for : http://localhost:61524 : 1
02:11:11.965 [AsyncHttpClient-1-9] DEBUG org.asynchttpclient.netty.channel.NettyConnectListener - Using new Channel '[id: 0xd58ec547, L:/127.0.0.1:61658 - R:localhost/127.0.0.1:61652]' for 'GET' to '/json/version'
02:11:11.966 [AsyncHttpClient-1-9] DEBUG org.asynchttpclient.netty.handler.HttpHandler - 

Request DefaultFullHttpRequest(decodeResult: success, version: HTTP/1.1, content: EmptyByteBufBE)
GET /json/version HTTP/1.1
User-Agent: selenium/4.1.3 (java windows)
host: localhost:61652
accept: */*

Response DefaultHttpResponse(decodeResult: success, version: HTTP/1.1)
HTTP/1.1 200 OK
Content-Type: application/json; charset=UTF-8
content-length: 429

02:11:11.966 [AsyncHttpClient-1-9] DEBUG org.asynchttpclient.netty.channel.ChannelManager - Adding key: http://localhost:61652 for channel [id: 0xd58ec547, L:/127.0.0.1:61658 - R:localhost/127.0.0.1:61652]
02:11:11.972 [AsyncHttpClient-1-10] DEBUG org.asynchttpclient.netty.channel.NettyConnectListener - Using new Channel '[id: 0x560af41c, L:/127.0.0.1:61659 - R:localhost/127.0.0.1:61652]' for 'GET' to '/devtools/browser/8ea9c76a-a6be-408d-bfb2-53918ad6c7e1'
02:11:11.973 [AsyncHttpClient-1-10] DEBUG org.asynchttpclient.netty.handler.WebSocketHandler - 

Request DefaultFullHttpRequest(decodeResult: success, version: HTTP/1.1, content: EmptyByteBufBE)
GET /devtools/browser/8ea9c76a-a6be-408d-bfb2-53918ad6c7e1 HTTP/1.1
upgrade: websocket
connection: upgrade
sec-websocket-key: 6kljKnPJ3V4TdVhJDlMeQg==
sec-websocket-version: 13
origin: http://localhost:61652
host: localhost:61652
accept: */*
user-agent: AHC/2.1

Response DefaultHttpResponse(decodeResult: success, version: HTTP/1.1)
HTTP/1.1 101 WebSocket Protocol Handshake
Upgrade: WebSocket
Connection: Upgrade
Sec-WebSocket-Accept: g1nvZIIXHNsDb2f8o82jP9KuV8o=

02:11:11.991 [Forwarding get on session a58d05be41b001e9350017e91cd995e7 to remote] DEBUG org.asynchttpclient.netty.request.NettyRequestSender - Using pooled Channel '[id: 0x0bd4093f, L:/127.0.0.1:61649 - R:localhost/127.0.0.1:61524]' for 'POST' to 'http://localhost:61524/session/a58d05be41b001e9350017e91cd995e7/url'
02:11:11.991 [Forwarding get on session a58d05be41b001e9350017e91cd995e7 to remote] DEBUG org.asynchttpclient.netty.request.NettyRequestSender - Using open Channel [id: 0x0bd4093f, L:/127.0.0.1:61649 - R:localhost/127.0.0.1:61524] for POST '/session/a58d05be41b001e9350017e91cd995e7/url'
02:11:13.059 [AsyncHttpClient-1-1] DEBUG org.asynchttpclient.netty.channel.DefaultChannelPool - Entry count for : http://localhost:61652 : 1
02:11:14.162 [AsyncHttpClient-1-1] DEBUG org.asynchttpclient.netty.channel.DefaultChannelPool - Entry count for : http://localhost:61652 : 1
02:11:15.258 [AsyncHttpClient-1-1] DEBUG org.asynchttpclient.netty.channel.DefaultChannelPool - Entry count for : http://localhost:61652 : 1
02:11:15.983 [AsyncHttpClient-1-8] DEBUG org.asynchttpclient.netty.handler.HttpHandler - 

Request DefaultHttpRequest(decodeResult: success, version: HTTP/1.1)
POST /session/a58d05be41b001e9350017e91cd995e7/url HTTP/1.1
User-Agent: selenium/4.1.3 (java windows)
Content-Length: 94
Content-Type: application/json; charset=utf-8
host: localhost:61524
accept: */*

Response DefaultHttpResponse(decodeResult: success, version: HTTP/1.1)
HTTP/1.1 200 OK
Content-Type: application/json; charset=utf-8
cache-control: no-cache
content-length: 14

02:11:15.984 [AsyncHttpClient-1-8] DEBUG org.asynchttpclient.netty.channel.ChannelManager - Adding key: http://localhost:61524 for channel [id: 0x0bd4093f, L:/127.0.0.1:61649 - R:localhost/127.0.0.1:61524]
02:11:15.985 [Forwarding setTimeout on session a58d05be41b001e9350017e91cd995e7 to remote] DEBUG org.asynchttpclient.netty.request.NettyRequestSender - Using pooled Channel '[id: 0x0bd4093f, L:/127.0.0.1:61649 - R:localhost/127.0.0.1:61524]' for 'POST' to 'http://localhost:61524/session/a58d05be41b001e9350017e91cd995e7/timeouts'
02:11:15.985 [Forwarding setTimeout on session a58d05be41b001e9350017e91cd995e7 to remote] DEBUG org.asynchttpclient.netty.request.NettyRequestSender - Using open Channel [id: 0x0bd4093f, L:/127.0.0.1:61649 - R:localhost/127.0.0.1:61524] for POST '/session/a58d05be41b001e9350017e91cd995e7/timeouts'
02:11:15.987 [AsyncHttpClient-1-8] DEBUG org.asynchttpclient.netty.handler.HttpHandler - 

Request DefaultHttpRequest(decodeResult: success, version: HTTP/1.1)
POST /session/a58d05be41b001e9350017e91cd995e7/timeouts HTTP/1.1
User-Agent: selenium/4.1.3 (java windows)
Content-Length: 22
Content-Type: application/json; charset=utf-8
host: localhost:61524
accept: */*

Response DefaultHttpResponse(decodeResult: success, version: HTTP/1.1)
HTTP/1.1 200 OK
Content-Type: application/json; charset=utf-8
cache-control: no-cache
content-length: 14

02:11:15.987 [AsyncHttpClient-1-8] DEBUG org.asynchttpclient.netty.channel.ChannelManager - Adding key: http://localhost:61524 for channel [id: 0x0bd4093f, L:/127.0.0.1:61649 - R:localhost/127.0.0.1:61524]
02:11:15.988 [Forwarding getCurrentUrl on session a58d05be41b001e9350017e91cd995e7 to remote] DEBUG org.asynchttpclient.netty.request.NettyRequestSender - Using pooled Channel '[id: 0x0bd4093f, L:/127.0.0.1:61649 - R:localhost/127.0.0.1:61524]' for 'GET' to 'http://localhost:61524/session/a58d05be41b001e9350017e91cd995e7/url'
02:11:15.989 [Forwarding getCurrentUrl on session a58d05be41b001e9350017e91cd995e7 to remote] DEBUG org.asynchttpclient.netty.request.NettyRequestSender - Using open Channel [id: 0x0bd4093f, L:/127.0.0.1:61649 - R:localhost/127.0.0.1:61524] for GET '/session/a58d05be41b001e9350017e91cd995e7/url'
02:11:15.994 [AsyncHttpClient-1-8] DEBUG org.asynchttpclient.netty.handler.HttpHandler - 

Request DefaultFullHttpRequest(decodeResult: success, version: HTTP/1.1, content: EmptyByteBufBE)
GET /session/a58d05be41b001e9350017e91cd995e7/url HTTP/1.1
User-Agent: selenium/4.1.3 (java windows)
Cache-Control: no-cache
Content-Type: application/json; charset=utf-8
host: localhost:61524
accept: */*

Response DefaultHttpResponse(decodeResult: success, version: HTTP/1.1)
HTTP/1.1 200 OK
Content-Type: application/json; charset=utf-8
cache-control: no-cache
content-length: 61

02:11:15.994 [AsyncHttpClient-1-8] DEBUG org.asynchttpclient.netty.channel.ChannelManager - Adding key: http://localhost:61524 for channel [id: 0x0bd4093f, L:/127.0.0.1:61649 - R:localhost/127.0.0.1:61524]
02:11:15.995 [Forwarding getCurrentUrl on session a58d05be41b001e9350017e91cd995e7 to remote] DEBUG org.asynchttpclient.netty.request.NettyRequestSender - Using pooled Channel '[id: 0x0bd4093f, L:/127.0.0.1:61649 - R:localhost/127.0.0.1:61524]' for 'GET' to 'http://localhost:61524/session/a58d05be41b001e9350017e91cd995e7/url'
02:11:15.995 [Forwarding getCurrentUrl on session a58d05be41b001e9350017e91cd995e7 to remote] DEBUG org.asynchttpclient.netty.request.NettyRequestSender - Using open Channel [id: 0x0bd4093f, L:/127.0.0.1:61649 - R:localhost/127.0.0.1:61524] for GET '/session/a58d05be41b001e9350017e91cd995e7/url'
02:11:15.998 [AsyncHttpClient-1-8] DEBUG org.asynchttpclient.netty.handler.HttpHandler - 

Request DefaultFullHttpRequest(decodeResult: success, version: HTTP/1.1, content: EmptyByteBufBE)
GET /session/a58d05be41b001e9350017e91cd995e7/url HTTP/1.1
User-Agent: selenium/4.1.3 (java windows)
Cache-Control: no-cache
Content-Type: application/json; charset=utf-8
host: localhost:61524
accept: */*

Response DefaultHttpResponse(decodeResult: success, version: HTTP/1.1)
HTTP/1.1 200 OK
Content-Type: application/json; charset=utf-8
cache-control: no-cache
content-length: 61

02:11:15.998 [AsyncHttpClient-1-8] DEBUG org.asynchttpclient.netty.channel.ChannelManager - Adding key: http://localhost:61524 for channel [id: 0x0bd4093f, L:/127.0.0.1:61649 - R:localhost/127.0.0.1:61524]
02:11:16.000 [Forwarding maximizeCurrentWindow on session a58d05be41b001e9350017e91cd995e7 to remote] DEBUG org.asynchttpclient.netty.request.NettyRequestSender - Using pooled Channel '[id: 0x0bd4093f, L:/127.0.0.1:61649 - R:localhost/127.0.0.1:61524]' for 'POST' to 'http://localhost:61524/session/a58d05be41b001e9350017e91cd995e7/window/maximize'
02:11:16.000 [Forwarding maximizeCurrentWindow on session a58d05be41b001e9350017e91cd995e7 to remote] DEBUG org.asynchttpclient.netty.request.NettyRequestSender - Using open Channel [id: 0x0bd4093f, L:/127.0.0.1:61649 - R:localhost/127.0.0.1:61524] for POST '/session/a58d05be41b001e9350017e91cd995e7/window/maximize'
02:11:16.126 [AsyncHttpClient-1-8] DEBUG org.asynchttpclient.netty.handler.HttpHandler - 

Request DefaultHttpRequest(decodeResult: success, version: HTTP/1.1)
POST /session/a58d05be41b001e9350017e91cd995e7/window/maximize HTTP/1.1
User-Agent: selenium/4.1.3 (java windows)
Content-Length: 3
Content-Type: application/json; charset=utf-8
host: localhost:61524
accept: */*

Response DefaultHttpResponse(decodeResult: success, version: HTTP/1.1)
HTTP/1.1 200 OK
Content-Type: application/json; charset=utf-8
cache-control: no-cache
content-length: 51

02:11:16.126 [AsyncHttpClient-1-8] DEBUG org.asynchttpclient.netty.channel.ChannelManager - Adding key: http://localhost:61524 for channel [id: 0x0bd4093f, L:/127.0.0.1:61649 - R:localhost/127.0.0.1:61524]
02:11:16.139 [main] DEBUG net.thucydides.core.steps.StepInterceptor - STARTING STEP: LoginStepDefs.the_user_enters_the_username_and_password - login
02:11:16.142 [Forwarding setTimeout on session a58d05be41b001e9350017e91cd995e7 to remote] DEBUG org.asynchttpclient.netty.request.NettyRequestSender - Using pooled Channel '[id: 0x0bd4093f, L:/127.0.0.1:61649 - R:localhost/127.0.0.1:61524]' for 'POST' to 'http://localhost:61524/session/a58d05be41b001e9350017e91cd995e7/timeouts'
02:11:16.142 [Forwarding setTimeout on session a58d05be41b001e9350017e91cd995e7 to remote] DEBUG org.asynchttpclient.netty.request.NettyRequestSender - Using open Channel [id: 0x0bd4093f, L:/127.0.0.1:61649 - R:localhost/127.0.0.1:61524] for POST '/session/a58d05be41b001e9350017e91cd995e7/timeouts'
02:11:16.143 [AsyncHttpClient-1-8] DEBUG org.asynchttpclient.netty.handler.HttpHandler - 

Request DefaultHttpRequest(decodeResult: success, version: HTTP/1.1)
POST /session/a58d05be41b001e9350017e91cd995e7/timeouts HTTP/1.1
User-Agent: selenium/4.1.3 (java windows)
Content-Length: 19
Content-Type: application/json; charset=utf-8
host: localhost:61524
accept: */*

Response DefaultHttpResponse(decodeResult: success, version: HTTP/1.1)
HTTP/1.1 200 OK
Content-Type: application/json; charset=utf-8
cache-control: no-cache
content-length: 14

02:11:16.143 [AsyncHttpClient-1-8] DEBUG org.asynchttpclient.netty.channel.ChannelManager - Adding key: http://localhost:61524 for channel [id: 0x0bd4093f, L:/127.0.0.1:61649 - R:localhost/127.0.0.1:61524]
02:11:16.144 [Forwarding findElement on session a58d05be41b001e9350017e91cd995e7 to remote] DEBUG org.asynchttpclient.netty.request.NettyRequestSender - Using pooled Channel '[id: 0x0bd4093f, L:/127.0.0.1:61649 - R:localhost/127.0.0.1:61524]' for 'POST' to 'http://localhost:61524/session/a58d05be41b001e9350017e91cd995e7/element'
02:11:16.144 [Forwarding findElement on session a58d05be41b001e9350017e91cd995e7 to remote] DEBUG org.asynchttpclient.netty.request.NettyRequestSender - Using open Channel [id: 0x0bd4093f, L:/127.0.0.1:61649 - R:localhost/127.0.0.1:61524] for POST '/session/a58d05be41b001e9350017e91cd995e7/element'
02:11:16.155 [AsyncHttpClient-1-8] DEBUG org.asynchttpclient.netty.handler.HttpHandler - 

Request DefaultHttpRequest(decodeResult: success, version: HTTP/1.1)
POST /session/a58d05be41b001e9350017e91cd995e7/element HTTP/1.1
User-Agent: selenium/4.1.3 (java windows)
Content-Length: 61
Content-Type: application/json; charset=utf-8
host: localhost:61524
accept: */*

Response DefaultHttpResponse(decodeResult: success, version: HTTP/1.1)
HTTP/1.1 200 OK
Content-Type: application/json; charset=utf-8
cache-control: no-cache
content-length: 88

02:11:16.155 [AsyncHttpClient-1-8] DEBUG org.asynchttpclient.netty.channel.ChannelManager - Adding key: http://localhost:61524 for channel [id: 0x0bd4093f, L:/127.0.0.1:61649 - R:localhost/127.0.0.1:61524]
02:11:16.156 [Forwarding setTimeout on session a58d05be41b001e9350017e91cd995e7 to remote] DEBUG org.asynchttpclient.netty.request.NettyRequestSender - Using pooled Channel '[id: 0x0bd4093f, L:/127.0.0.1:61649 - R:localhost/127.0.0.1:61524]' for 'POST' to 'http://localhost:61524/session/a58d05be41b001e9350017e91cd995e7/timeouts'
02:11:16.157 [Forwarding setTimeout on session a58d05be41b001e9350017e91cd995e7 to remote] DEBUG org.asynchttpclient.netty.request.NettyRequestSender - Using open Channel [id: 0x0bd4093f, L:/127.0.0.1:61649 - R:localhost/127.0.0.1:61524] for POST '/session/a58d05be41b001e9350017e91cd995e7/timeouts'
02:11:16.157 [AsyncHttpClient-1-8] DEBUG org.asynchttpclient.netty.handler.HttpHandler - 

Request DefaultHttpRequest(decodeResult: success, version: HTTP/1.1)
POST /session/a58d05be41b001e9350017e91cd995e7/timeouts HTTP/1.1
User-Agent: selenium/4.1.3 (java windows)
Content-Length: 22
Content-Type: application/json; charset=utf-8
host: localhost:61524
accept: */*

Response DefaultHttpResponse(decodeResult: success, version: HTTP/1.1)
HTTP/1.1 200 OK
Content-Type: application/json; charset=utf-8
cache-control: no-cache
content-length: 14

02:11:16.157 [AsyncHttpClient-1-8] DEBUG org.asynchttpclient.netty.channel.ChannelManager - Adding key: http://localhost:61524 for channel [id: 0x0bd4093f, L:/127.0.0.1:61649 - R:localhost/127.0.0.1:61524]
02:11:16.160 [Forwarding isElementDisplayed on session a58d05be41b001e9350017e91cd995e7 to remote] DEBUG org.asynchttpclient.netty.request.NettyRequestSender - Using pooled Channel '[id: 0x0bd4093f, L:/127.0.0.1:61649 - R:localhost/127.0.0.1:61524]' for 'POST' to 'http://localhost:61524/session/a58d05be41b001e9350017e91cd995e7/execute/sync'
02:11:16.160 [Forwarding isElementDisplayed on session a58d05be41b001e9350017e91cd995e7 to remote] DEBUG org.asynchttpclient.netty.request.NettyRequestSender - Using open Channel [id: 0x0bd4093f, L:/127.0.0.1:61649 - R:localhost/127.0.0.1:61524] for POST '/session/a58d05be41b001e9350017e91cd995e7/execute/sync'
02:11:16.173 [AsyncHttpClient-1-8] DEBUG org.asynchttpclient.netty.handler.HttpHandler - 

Request DefaultHttpRequest(decodeResult: success, version: HTTP/1.1)
POST /session/a58d05be41b001e9350017e91cd995e7/execute/sync HTTP/1.1
User-Agent: selenium/4.1.3 (java windows)
Content-Length: 48780
Content-Type: application/json; charset=utf-8
host: localhost:61524
accept: */*

Response DefaultHttpResponse(decodeResult: success, version: HTTP/1.1)
HTTP/1.1 200 OK
Content-Type: application/json; charset=utf-8
cache-control: no-cache
content-length: 14

02:11:16.174 [AsyncHttpClient-1-8] DEBUG org.asynchttpclient.netty.channel.ChannelManager - Adding key: http://localhost:61524 for channel [id: 0x0bd4093f, L:/127.0.0.1:61649 - R:localhost/127.0.0.1:61524]
02:11:16.176 [Forwarding clearElement on session a58d05be41b001e9350017e91cd995e7 to remote] DEBUG org.asynchttpclient.netty.request.NettyRequestSender - Using pooled Channel '[id: 0x0bd4093f, L:/127.0.0.1:61649 - R:localhost/127.0.0.1:61524]' for 'POST' to 'http://localhost:61524/session/a58d05be41b001e9350017e91cd995e7/element/925e8073-7230-4f66-ae3c-5c4a00c09d6a/clear'
02:11:16.176 [Forwarding clearElement on session a58d05be41b001e9350017e91cd995e7 to remote] DEBUG org.asynchttpclient.netty.request.NettyRequestSender - Using open Channel [id: 0x0bd4093f, L:/127.0.0.1:61649 - R:localhost/127.0.0.1:61524] for POST '/session/a58d05be41b001e9350017e91cd995e7/element/925e8073-7230-4f66-ae3c-5c4a00c09d6a/clear'
02:11:16.204 [AsyncHttpClient-1-8] DEBUG org.asynchttpclient.netty.handler.HttpHandler - 

Request DefaultHttpRequest(decodeResult: success, version: HTTP/1.1)
POST /session/a58d05be41b001e9350017e91cd995e7/element/925e8073-7230-4f66-ae3c-5c4a00c09d6a/clear HTTP/1.1
User-Agent: selenium/4.1.3 (java windows)
Content-Length: 50
Content-Type: application/json; charset=utf-8
host: localhost:61524
accept: */*

Response DefaultHttpResponse(decodeResult: success, version: HTTP/1.1)
HTTP/1.1 200 OK
Content-Type: application/json; charset=utf-8
cache-control: no-cache
content-length: 14

02:11:16.204 [AsyncHttpClient-1-8] DEBUG org.asynchttpclient.netty.channel.ChannelManager - Adding key: http://localhost:61524 for channel [id: 0x0bd4093f, L:/127.0.0.1:61649 - R:localhost/127.0.0.1:61524]
02:11:16.206 [Forwarding sendKeysToElement on session a58d05be41b001e9350017e91cd995e7 to remote] DEBUG org.asynchttpclient.netty.request.NettyRequestSender - Using pooled Channel '[id: 0x0bd4093f, L:/127.0.0.1:61649 - R:localhost/127.0.0.1:61524]' for 'POST' to 'http://localhost:61524/session/a58d05be41b001e9350017e91cd995e7/element/925e8073-7230-4f66-ae3c-5c4a00c09d6a/value'
02:11:16.206 [Forwarding sendKeysToElement on session a58d05be41b001e9350017e91cd995e7 to remote] DEBUG org.asynchttpclient.netty.request.NettyRequestSender - Using open Channel [id: 0x0bd4093f, L:/127.0.0.1:61649 - R:localhost/127.0.0.1:61524] for POST '/session/a58d05be41b001e9350017e91cd995e7/element/925e8073-7230-4f66-ae3c-5c4a00c09d6a/value'
02:11:16.253 [AsyncHttpClient-1-8] DEBUG org.asynchttpclient.netty.handler.HttpHandler - 

Request DefaultHttpRequest(decodeResult: success, version: HTTP/1.1)
POST /session/a58d05be41b001e9350017e91cd995e7/element/925e8073-7230-4f66-ae3c-5c4a00c09d6a/value HTTP/1.1
User-Agent: selenium/4.1.3 (java windows)
Content-Length: 181
Content-Type: application/json; charset=utf-8
host: localhost:61524
accept: */*

Response DefaultHttpResponse(decodeResult: success, version: HTTP/1.1)
HTTP/1.1 200 OK
Content-Type: application/json; charset=utf-8
cache-control: no-cache
content-length: 14

02:11:16.253 [AsyncHttpClient-1-8] DEBUG org.asynchttpclient.netty.channel.ChannelManager - Adding key: http://localhost:61524 for channel [id: 0x0bd4093f, L:/127.0.0.1:61649 - R:localhost/127.0.0.1:61524]
02:11:16.259 [Forwarding setTimeout on session a58d05be41b001e9350017e91cd995e7 to remote] DEBUG org.asynchttpclient.netty.request.NettyRequestSender - Using pooled Channel '[id: 0x0bd4093f, L:/127.0.0.1:61649 - R:localhost/127.0.0.1:61524]' for 'POST' to 'http://localhost:61524/session/a58d05be41b001e9350017e91cd995e7/timeouts'
02:11:16.260 [Forwarding setTimeout on session a58d05be41b001e9350017e91cd995e7 to remote] DEBUG org.asynchttpclient.netty.request.NettyRequestSender - Using open Channel [id: 0x0bd4093f, L:/127.0.0.1:61649 - R:localhost/127.0.0.1:61524] for POST '/session/a58d05be41b001e9350017e91cd995e7/timeouts'
02:11:16.260 [AsyncHttpClient-1-8] DEBUG org.asynchttpclient.netty.handler.HttpHandler - 

Request DefaultHttpRequest(decodeResult: success, version: HTTP/1.1)
POST /session/a58d05be41b001e9350017e91cd995e7/timeouts HTTP/1.1
User-Agent: selenium/4.1.3 (java windows)
Content-Length: 19
Content-Type: application/json; charset=utf-8
host: localhost:61524
accept: */*

Response DefaultHttpResponse(decodeResult: success, version: HTTP/1.1)
HTTP/1.1 200 OK
Content-Type: application/json; charset=utf-8
cache-control: no-cache
content-length: 14

02:11:16.261 [AsyncHttpClient-1-8] DEBUG org.asynchttpclient.netty.channel.ChannelManager - Adding key: http://localhost:61524 for channel [id: 0x0bd4093f, L:/127.0.0.1:61649 - R:localhost/127.0.0.1:61524]
02:11:16.263 [Forwarding findElement on session a58d05be41b001e9350017e91cd995e7 to remote] DEBUG org.asynchttpclient.netty.request.NettyRequestSender - Using pooled Channel '[id: 0x0bd4093f, L:/127.0.0.1:61649 - R:localhost/127.0.0.1:61524]' for 'POST' to 'http://localhost:61524/session/a58d05be41b001e9350017e91cd995e7/element'
02:11:16.263 [Forwarding findElement on session a58d05be41b001e9350017e91cd995e7 to remote] DEBUG org.asynchttpclient.netty.request.NettyRequestSender - Using open Channel [id: 0x0bd4093f, L:/127.0.0.1:61649 - R:localhost/127.0.0.1:61524] for POST '/session/a58d05be41b001e9350017e91cd995e7/element'
02:11:16.272 [AsyncHttpClient-1-8] DEBUG org.asynchttpclient.netty.handler.HttpHandler - 

Request DefaultHttpRequest(decodeResult: success, version: HTTP/1.1)
POST /session/a58d05be41b001e9350017e91cd995e7/element HTTP/1.1
User-Agent: selenium/4.1.3 (java windows)
Content-Length: 66
Content-Type: application/json; charset=utf-8
host: localhost:61524
accept: */*

Response DefaultHttpResponse(decodeResult: success, version: HTTP/1.1)
HTTP/1.1 200 OK
Content-Type: application/json; charset=utf-8
cache-control: no-cache
content-length: 88

02:11:16.272 [AsyncHttpClient-1-8] DEBUG org.asynchttpclient.netty.channel.ChannelManager - Adding key: http://localhost:61524 for channel [id: 0x0bd4093f, L:/127.0.0.1:61649 - R:localhost/127.0.0.1:61524]
02:11:16.274 [Forwarding setTimeout on session a58d05be41b001e9350017e91cd995e7 to remote] DEBUG org.asynchttpclient.netty.request.NettyRequestSender - Using pooled Channel '[id: 0x0bd4093f, L:/127.0.0.1:61649 - R:localhost/127.0.0.1:61524]' for 'POST' to 'http://localhost:61524/session/a58d05be41b001e9350017e91cd995e7/timeouts'
02:11:16.274 [Forwarding setTimeout on session a58d05be41b001e9350017e91cd995e7 to remote] DEBUG org.asynchttpclient.netty.request.NettyRequestSender - Using open Channel [id: 0x0bd4093f, L:/127.0.0.1:61649 - R:localhost/127.0.0.1:61524] for POST '/session/a58d05be41b001e9350017e91cd995e7/timeouts'
02:11:16.274 [AsyncHttpClient-1-8] DEBUG org.asynchttpclient.netty.handler.HttpHandler - 

Request DefaultHttpRequest(decodeResult: success, version: HTTP/1.1)
POST /session/a58d05be41b001e9350017e91cd995e7/timeouts HTTP/1.1
User-Agent: selenium/4.1.3 (java windows)
Content-Length: 22
Content-Type: application/json; charset=utf-8
host: localhost:61524
accept: */*

Response DefaultHttpResponse(decodeResult: success, version: HTTP/1.1)
HTTP/1.1 200 OK
Content-Type: application/json; charset=utf-8
cache-control: no-cache
content-length: 14

02:11:16.274 [AsyncHttpClient-1-8] DEBUG org.asynchttpclient.netty.channel.ChannelManager - Adding key: http://localhost:61524 for channel [id: 0x0bd4093f, L:/127.0.0.1:61649 - R:localhost/127.0.0.1:61524]
02:11:16.277 [Forwarding isElementDisplayed on session a58d05be41b001e9350017e91cd995e7 to remote] DEBUG org.asynchttpclient.netty.request.NettyRequestSender - Using pooled Channel '[id: 0x0bd4093f, L:/127.0.0.1:61649 - R:localhost/127.0.0.1:61524]' for 'POST' to 'http://localhost:61524/session/a58d05be41b001e9350017e91cd995e7/execute/sync'
02:11:16.278 [Forwarding isElementDisplayed on session a58d05be41b001e9350017e91cd995e7 to remote] DEBUG org.asynchttpclient.netty.request.NettyRequestSender - Using open Channel [id: 0x0bd4093f, L:/127.0.0.1:61649 - R:localhost/127.0.0.1:61524] for POST '/session/a58d05be41b001e9350017e91cd995e7/execute/sync'
02:11:16.288 [AsyncHttpClient-1-8] DEBUG org.asynchttpclient.netty.handler.HttpHandler - 

Request DefaultHttpRequest(decodeResult: success, version: HTTP/1.1)
POST /session/a58d05be41b001e9350017e91cd995e7/execute/sync HTTP/1.1
User-Agent: selenium/4.1.3 (java windows)
Content-Length: 48780
Content-Type: application/json; charset=utf-8
host: localhost:61524
accept: */*

Response DefaultHttpResponse(decodeResult: success, version: HTTP/1.1)
HTTP/1.1 200 OK
Content-Type: application/json; charset=utf-8
cache-control: no-cache
content-length: 14

02:11:16.288 [AsyncHttpClient-1-8] DEBUG org.asynchttpclient.netty.channel.ChannelManager - Adding key: http://localhost:61524 for channel [id: 0x0bd4093f, L:/127.0.0.1:61649 - R:localhost/127.0.0.1:61524]
02:11:16.289 [Forwarding clearElement on session a58d05be41b001e9350017e91cd995e7 to remote] DEBUG org.asynchttpclient.netty.request.NettyRequestSender - Using pooled Channel '[id: 0x0bd4093f, L:/127.0.0.1:61649 - R:localhost/127.0.0.1:61524]' for 'POST' to 'http://localhost:61524/session/a58d05be41b001e9350017e91cd995e7/element/081dd1df-5b68-4e26-abd2-f5c61cc769ae/clear'
02:11:16.289 [Forwarding clearElement on session a58d05be41b001e9350017e91cd995e7 to remote] DEBUG org.asynchttpclient.netty.request.NettyRequestSender - Using open Channel [id: 0x0bd4093f, L:/127.0.0.1:61649 - R:localhost/127.0.0.1:61524] for POST '/session/a58d05be41b001e9350017e91cd995e7/element/081dd1df-5b68-4e26-abd2-f5c61cc769ae/clear'
02:11:16.311 [AsyncHttpClient-1-8] DEBUG org.asynchttpclient.netty.handler.HttpHandler - 

Request DefaultHttpRequest(decodeResult: success, version: HTTP/1.1)
POST /session/a58d05be41b001e9350017e91cd995e7/element/081dd1df-5b68-4e26-abd2-f5c61cc769ae/clear HTTP/1.1
User-Agent: selenium/4.1.3 (java windows)
Content-Length: 50
Content-Type: application/json; charset=utf-8
host: localhost:61524
accept: */*

Response DefaultHttpResponse(decodeResult: success, version: HTTP/1.1)
HTTP/1.1 200 OK
Content-Type: application/json; charset=utf-8
cache-control: no-cache
content-length: 14

02:11:16.311 [AsyncHttpClient-1-8] DEBUG org.asynchttpclient.netty.channel.ChannelManager - Adding key: http://localhost:61524 for channel [id: 0x0bd4093f, L:/127.0.0.1:61649 - R:localhost/127.0.0.1:61524]
02:11:16.313 [Forwarding sendKeysToElement on session a58d05be41b001e9350017e91cd995e7 to remote] DEBUG org.asynchttpclient.netty.request.NettyRequestSender - Using pooled Channel '[id: 0x0bd4093f, L:/127.0.0.1:61649 - R:localhost/127.0.0.1:61524]' for 'POST' to 'http://localhost:61524/session/a58d05be41b001e9350017e91cd995e7/element/081dd1df-5b68-4e26-abd2-f5c61cc769ae/value'
02:11:16.313 [Forwarding sendKeysToElement on session a58d05be41b001e9350017e91cd995e7 to remote] DEBUG org.asynchttpclient.netty.request.NettyRequestSender - Using open Channel [id: 0x0bd4093f, L:/127.0.0.1:61649 - R:localhost/127.0.0.1:61524] for POST '/session/a58d05be41b001e9350017e91cd995e7/element/081dd1df-5b68-4e26-abd2-f5c61cc769ae/value'
02:11:16.355 [AsyncHttpClient-1-8] DEBUG org.asynchttpclient.netty.handler.HttpHandler - 

Request DefaultHttpRequest(decodeResult: success, version: HTTP/1.1)
POST /session/a58d05be41b001e9350017e91cd995e7/element/081dd1df-5b68-4e26-abd2-f5c61cc769ae/value HTTP/1.1
User-Agent: selenium/4.1.3 (java windows)
Content-Length: 151
Content-Type: application/json; charset=utf-8
host: localhost:61524
accept: */*

Response DefaultHttpResponse(decodeResult: success, version: HTTP/1.1)
HTTP/1.1 200 OK
Content-Type: application/json; charset=utf-8
cache-control: no-cache
content-length: 14

02:11:16.355 [AsyncHttpClient-1-8] DEBUG org.asynchttpclient.netty.channel.ChannelManager - Adding key: http://localhost:61524 for channel [id: 0x0bd4093f, L:/127.0.0.1:61649 - R:localhost/127.0.0.1:61524]
02:11:16.357 [AsyncHttpClient-1-1] DEBUG org.asynchttpclient.netty.channel.DefaultChannelPool - Entry count for : http://localhost:61652 : 1
02:11:16.357 [AsyncHttpClient-1-1] DEBUG org.asynchttpclient.netty.channel.DefaultChannelPool - Entry count for : http://localhost:61524 : 1
02:11:16.362 [Forwarding setTimeout on session a58d05be41b001e9350017e91cd995e7 to remote] DEBUG org.asynchttpclient.netty.request.NettyRequestSender - Using pooled Channel '[id: 0x0bd4093f, L:/127.0.0.1:61649 - R:localhost/127.0.0.1:61524]' for 'POST' to 'http://localhost:61524/session/a58d05be41b001e9350017e91cd995e7/timeouts'
02:11:16.362 [Forwarding setTimeout on session a58d05be41b001e9350017e91cd995e7 to remote] DEBUG org.asynchttpclient.netty.request.NettyRequestSender - Using open Channel [id: 0x0bd4093f, L:/127.0.0.1:61649 - R:localhost/127.0.0.1:61524] for POST '/session/a58d05be41b001e9350017e91cd995e7/timeouts'
02:11:16.363 [AsyncHttpClient-1-8] DEBUG org.asynchttpclient.netty.handler.HttpHandler - 

Request DefaultHttpRequest(decodeResult: success, version: HTTP/1.1)
POST /session/a58d05be41b001e9350017e91cd995e7/timeouts HTTP/1.1
User-Agent: selenium/4.1.3 (java windows)
Content-Length: 19
Content-Type: application/json; charset=utf-8
host: localhost:61524
accept: */*

Response DefaultHttpResponse(decodeResult: success, version: HTTP/1.1)
HTTP/1.1 200 OK
Content-Type: application/json; charset=utf-8
cache-control: no-cache
content-length: 14

02:11:16.363 [AsyncHttpClient-1-8] DEBUG org.asynchttpclient.netty.channel.ChannelManager - Adding key: http://localhost:61524 for channel [id: 0x0bd4093f, L:/127.0.0.1:61649 - R:localhost/127.0.0.1:61524]
02:11:16.366 [Forwarding findElement on session a58d05be41b001e9350017e91cd995e7 to remote] DEBUG org.asynchttpclient.netty.request.NettyRequestSender - Using pooled Channel '[id: 0x0bd4093f, L:/127.0.0.1:61649 - R:localhost/127.0.0.1:61524]' for 'POST' to 'http://localhost:61524/session/a58d05be41b001e9350017e91cd995e7/element'
02:11:16.366 [Forwarding findElement on session a58d05be41b001e9350017e91cd995e7 to remote] DEBUG org.asynchttpclient.netty.request.NettyRequestSender - Using open Channel [id: 0x0bd4093f, L:/127.0.0.1:61649 - R:localhost/127.0.0.1:61524] for POST '/session/a58d05be41b001e9350017e91cd995e7/element'
02:11:16.375 [AsyncHttpClient-1-8] DEBUG org.asynchttpclient.netty.handler.HttpHandler - 

Request DefaultHttpRequest(decodeResult: success, version: HTTP/1.1)
POST /session/a58d05be41b001e9350017e91cd995e7/element HTTP/1.1
User-Agent: selenium/4.1.3 (java windows)
Content-Length: 64
Content-Type: application/json; charset=utf-8
host: localhost:61524
accept: */*

Response DefaultHttpResponse(decodeResult: success, version: HTTP/1.1)
HTTP/1.1 200 OK
Content-Type: application/json; charset=utf-8
cache-control: no-cache
content-length: 88

02:11:16.375 [AsyncHttpClient-1-8] DEBUG org.asynchttpclient.netty.channel.ChannelManager - Adding key: http://localhost:61524 for channel [id: 0x0bd4093f, L:/127.0.0.1:61649 - R:localhost/127.0.0.1:61524]
02:11:16.378 [Forwarding setTimeout on session a58d05be41b001e9350017e91cd995e7 to remote] DEBUG org.asynchttpclient.netty.request.NettyRequestSender - Using pooled Channel '[id: 0x0bd4093f, L:/127.0.0.1:61649 - R:localhost/127.0.0.1:61524]' for 'POST' to 'http://localhost:61524/session/a58d05be41b001e9350017e91cd995e7/timeouts'
02:11:16.378 [Forwarding setTimeout on session a58d05be41b001e9350017e91cd995e7 to remote] DEBUG org.asynchttpclient.netty.request.NettyRequestSender - Using open Channel [id: 0x0bd4093f, L:/127.0.0.1:61649 - R:localhost/127.0.0.1:61524] for POST '/session/a58d05be41b001e9350017e91cd995e7/timeouts'
02:11:16.384 [AsyncHttpClient-1-8] DEBUG org.asynchttpclient.netty.handler.HttpHandler - 

Request DefaultHttpRequest(decodeResult: success, version: HTTP/1.1)
POST /session/a58d05be41b001e9350017e91cd995e7/timeouts HTTP/1.1
User-Agent: selenium/4.1.3 (java windows)
Content-Length: 22
Content-Type: application/json; charset=utf-8
host: localhost:61524
accept: */*

Response DefaultHttpResponse(decodeResult: success, version: HTTP/1.1)
HTTP/1.1 200 OK
Content-Type: application/json; charset=utf-8
cache-control: no-cache
content-length: 14

02:11:16.385 [AsyncHttpClient-1-8] DEBUG org.asynchttpclient.netty.channel.ChannelManager - Adding key: http://localhost:61524 for channel [id: 0x0bd4093f, L:/127.0.0.1:61649 - R:localhost/127.0.0.1:61524]
02:11:16.389 [Forwarding isElementDisplayed on session a58d05be41b001e9350017e91cd995e7 to remote] DEBUG org.asynchttpclient.netty.request.NettyRequestSender - Using pooled Channel '[id: 0x0bd4093f, L:/127.0.0.1:61649 - R:localhost/127.0.0.1:61524]' for 'POST' to 'http://localhost:61524/session/a58d05be41b001e9350017e91cd995e7/execute/sync'
02:11:16.389 [Forwarding isElementDisplayed on session a58d05be41b001e9350017e91cd995e7 to remote] DEBUG org.asynchttpclient.netty.request.NettyRequestSender - Using open Channel [id: 0x0bd4093f, L:/127.0.0.1:61649 - R:localhost/127.0.0.1:61524] for POST '/session/a58d05be41b001e9350017e91cd995e7/execute/sync'
02:11:16.412 [AsyncHttpClient-1-8] DEBUG org.asynchttpclient.netty.handler.HttpHandler - 

Request DefaultHttpRequest(decodeResult: success, version: HTTP/1.1)
POST /session/a58d05be41b001e9350017e91cd995e7/execute/sync HTTP/1.1
User-Agent: selenium/4.1.3 (java windows)
Content-Length: 48780
Content-Type: application/json; charset=utf-8
host: localhost:61524
accept: */*

Response DefaultHttpResponse(decodeResult: success, version: HTTP/1.1)
HTTP/1.1 200 OK
Content-Type: application/json; charset=utf-8
cache-control: no-cache
content-length: 14

02:11:16.412 [AsyncHttpClient-1-8] DEBUG org.asynchttpclient.netty.channel.ChannelManager - Adding key: http://localhost:61524 for channel [id: 0x0bd4093f, L:/127.0.0.1:61649 - R:localhost/127.0.0.1:61524]
02:11:16.414 [Forwarding getElementTagName on session a58d05be41b001e9350017e91cd995e7 to remote] DEBUG org.asynchttpclient.netty.request.NettyRequestSender - Using pooled Channel '[id: 0x0bd4093f, L:/127.0.0.1:61649 - R:localhost/127.0.0.1:61524]' for 'GET' to 'http://localhost:61524/session/a58d05be41b001e9350017e91cd995e7/element/ea6f024b-b571-4a03-8fc8-eccd4a319b00/name'
02:11:16.414 [Forwarding getElementTagName on session a58d05be41b001e9350017e91cd995e7 to remote] DEBUG org.asynchttpclient.netty.request.NettyRequestSender - Using open Channel [id: 0x0bd4093f, L:/127.0.0.1:61649 - R:localhost/127.0.0.1:61524] for GET '/session/a58d05be41b001e9350017e91cd995e7/element/ea6f024b-b571-4a03-8fc8-eccd4a319b00/name'
02:11:16.417 [AsyncHttpClient-1-8] DEBUG org.asynchttpclient.netty.handler.HttpHandler - 

Request DefaultFullHttpRequest(decodeResult: success, version: HTTP/1.1, content: EmptyByteBufBE)
GET /session/a58d05be41b001e9350017e91cd995e7/element/ea6f024b-b571-4a03-8fc8-eccd4a319b00/name HTTP/1.1
User-Agent: selenium/4.1.3 (java windows)
Cache-Control: no-cache
Content-Type: application/json; charset=utf-8
host: localhost:61524
accept: */*

Response DefaultHttpResponse(decodeResult: success, version: HTTP/1.1)
HTTP/1.1 200 OK
Content-Type: application/json; charset=utf-8
cache-control: no-cache
content-length: 17

02:11:16.417 [AsyncHttpClient-1-8] DEBUG org.asynchttpclient.netty.channel.ChannelManager - Adding key: http://localhost:61524 for channel [id: 0x0bd4093f, L:/127.0.0.1:61649 - R:localhost/127.0.0.1:61524]
02:11:16.418 [Forwarding getElementTagName on session a58d05be41b001e9350017e91cd995e7 to remote] DEBUG org.asynchttpclient.netty.request.NettyRequestSender - Using pooled Channel '[id: 0x0bd4093f, L:/127.0.0.1:61649 - R:localhost/127.0.0.1:61524]' for 'GET' to 'http://localhost:61524/session/a58d05be41b001e9350017e91cd995e7/element/ea6f024b-b571-4a03-8fc8-eccd4a319b00/name'
02:11:16.418 [Forwarding getElementTagName on session a58d05be41b001e9350017e91cd995e7 to remote] DEBUG org.asynchttpclient.netty.request.NettyRequestSender - Using open Channel [id: 0x0bd4093f, L:/127.0.0.1:61649 - R:localhost/127.0.0.1:61524] for GET '/session/a58d05be41b001e9350017e91cd995e7/element/ea6f024b-b571-4a03-8fc8-eccd4a319b00/name'
02:11:16.421 [AsyncHttpClient-1-8] DEBUG org.asynchttpclient.netty.handler.HttpHandler - 

Request DefaultFullHttpRequest(decodeResult: success, version: HTTP/1.1, content: EmptyByteBufBE)
GET /session/a58d05be41b001e9350017e91cd995e7/element/ea6f024b-b571-4a03-8fc8-eccd4a319b00/name HTTP/1.1
User-Agent: selenium/4.1.3 (java windows)
Cache-Control: no-cache
Content-Type: application/json; charset=utf-8
host: localhost:61524
accept: */*

Response DefaultHttpResponse(decodeResult: success, version: HTTP/1.1)
HTTP/1.1 200 OK
Content-Type: application/json; charset=utf-8
cache-control: no-cache
content-length: 17

02:11:16.421 [AsyncHttpClient-1-8] DEBUG org.asynchttpclient.netty.channel.ChannelManager - Adding key: http://localhost:61524 for channel [id: 0x0bd4093f, L:/127.0.0.1:61649 - R:localhost/127.0.0.1:61524]
02:11:16.422 [Forwarding isElementEnabled on session a58d05be41b001e9350017e91cd995e7 to remote] DEBUG org.asynchttpclient.netty.request.NettyRequestSender - Using pooled Channel '[id: 0x0bd4093f, L:/127.0.0.1:61649 - R:localhost/127.0.0.1:61524]' for 'GET' to 'http://localhost:61524/session/a58d05be41b001e9350017e91cd995e7/element/ea6f024b-b571-4a03-8fc8-eccd4a319b00/enabled'
02:11:16.422 [Forwarding isElementEnabled on session a58d05be41b001e9350017e91cd995e7 to remote] DEBUG org.asynchttpclient.netty.request.NettyRequestSender - Using open Channel [id: 0x0bd4093f, L:/127.0.0.1:61649 - R:localhost/127.0.0.1:61524] for GET '/session/a58d05be41b001e9350017e91cd995e7/element/ea6f024b-b571-4a03-8fc8-eccd4a319b00/enabled'
02:11:16.427 [AsyncHttpClient-1-8] DEBUG org.asynchttpclient.netty.handler.HttpHandler - 

Request DefaultFullHttpRequest(decodeResult: success, version: HTTP/1.1, content: EmptyByteBufBE)
GET /session/a58d05be41b001e9350017e91cd995e7/element/ea6f024b-b571-4a03-8fc8-eccd4a319b00/enabled HTTP/1.1
User-Agent: selenium/4.1.3 (java windows)
Cache-Control: no-cache
Content-Type: application/json; charset=utf-8
host: localhost:61524
accept: */*

Response DefaultHttpResponse(decodeResult: success, version: HTTP/1.1)
HTTP/1.1 200 OK
Content-Type: application/json; charset=utf-8
cache-control: no-cache
content-length: 14

02:11:16.428 [AsyncHttpClient-1-8] DEBUG org.asynchttpclient.netty.channel.ChannelManager - Adding key: http://localhost:61524 for channel [id: 0x0bd4093f, L:/127.0.0.1:61649 - R:localhost/127.0.0.1:61524]
02:11:16.429 [Forwarding isElementEnabled on session a58d05be41b001e9350017e91cd995e7 to remote] DEBUG org.asynchttpclient.netty.request.NettyRequestSender - Using pooled Channel '[id: 0x0bd4093f, L:/127.0.0.1:61649 - R:localhost/127.0.0.1:61524]' for 'GET' to 'http://localhost:61524/session/a58d05be41b001e9350017e91cd995e7/element/ea6f024b-b571-4a03-8fc8-eccd4a319b00/enabled'
02:11:16.429 [Forwarding isElementEnabled on session a58d05be41b001e9350017e91cd995e7 to remote] DEBUG org.asynchttpclient.netty.request.NettyRequestSender - Using open Channel [id: 0x0bd4093f, L:/127.0.0.1:61649 - R:localhost/127.0.0.1:61524] for GET '/session/a58d05be41b001e9350017e91cd995e7/element/ea6f024b-b571-4a03-8fc8-eccd4a319b00/enabled'
02:11:16.432 [AsyncHttpClient-1-8] DEBUG org.asynchttpclient.netty.handler.HttpHandler - 

Request DefaultFullHttpRequest(decodeResult: success, version: HTTP/1.1, content: EmptyByteBufBE)
GET /session/a58d05be41b001e9350017e91cd995e7/element/ea6f024b-b571-4a03-8fc8-eccd4a319b00/enabled HTTP/1.1
User-Agent: selenium/4.1.3 (java windows)
Cache-Control: no-cache
Content-Type: application/json; charset=utf-8
host: localhost:61524
accept: */*

Response DefaultHttpResponse(decodeResult: success, version: HTTP/1.1)
HTTP/1.1 200 OK
Content-Type: application/json; charset=utf-8
cache-control: no-cache
content-length: 14

02:11:16.432 [AsyncHttpClient-1-8] DEBUG org.asynchttpclient.netty.channel.ChannelManager - Adding key: http://localhost:61524 for channel [id: 0x0bd4093f, L:/127.0.0.1:61649 - R:localhost/127.0.0.1:61524]
02:11:16.433 [Forwarding clickElement on session a58d05be41b001e9350017e91cd995e7 to remote] DEBUG org.asynchttpclient.netty.request.NettyRequestSender - Using pooled Channel '[id: 0x0bd4093f, L:/127.0.0.1:61649 - R:localhost/127.0.0.1:61524]' for 'POST' to 'http://localhost:61524/session/a58d05be41b001e9350017e91cd995e7/element/ea6f024b-b571-4a03-8fc8-eccd4a319b00/click'
02:11:16.433 [Forwarding clickElement on session a58d05be41b001e9350017e91cd995e7 to remote] DEBUG org.asynchttpclient.netty.request.NettyRequestSender - Using open Channel [id: 0x0bd4093f, L:/127.0.0.1:61649 - R:localhost/127.0.0.1:61524] for POST '/session/a58d05be41b001e9350017e91cd995e7/element/ea6f024b-b571-4a03-8fc8-eccd4a319b00/click'
02:11:17.457 [AsyncHttpClient-1-1] DEBUG org.asynchttpclient.netty.channel.DefaultChannelPool - Entry count for : http://localhost:61652 : 1
02:11:18.556 [AsyncHttpClient-1-1] DEBUG org.asynchttpclient.netty.channel.DefaultChannelPool - Entry count for : http://localhost:61652 : 1
02:11:19.195 [AsyncHttpClient-1-8] DEBUG org.asynchttpclient.netty.handler.HttpHandler - 

Request DefaultHttpRequest(decodeResult: success, version: HTTP/1.1)
POST /session/a58d05be41b001e9350017e91cd995e7/element/ea6f024b-b571-4a03-8fc8-eccd4a319b00/click HTTP/1.1
User-Agent: selenium/4.1.3 (java windows)
Content-Length: 50
Content-Type: application/json; charset=utf-8
host: localhost:61524
accept: */*

Response DefaultHttpResponse(decodeResult: success, version: HTTP/1.1)
HTTP/1.1 200 OK
Content-Type: application/json; charset=utf-8
cache-control: no-cache
content-length: 14

02:11:19.197 [AsyncHttpClient-1-8] DEBUG org.asynchttpclient.netty.channel.ChannelManager - Adding key: http://localhost:61524 for channel [id: 0x0bd4093f, L:/127.0.0.1:61649 - R:localhost/127.0.0.1:61524]
02:11:19.201 [main] DEBUG net.thucydides.core.steps.StepInterceptor - STEP DONE: login
  &amp#27;[32mGiven &amp#27;[0m&amp#27;[32mthe user enters the username &amp#27;[0m&amp#27;[32m&amp#27;[1mmngr398793&amp#27;[0m&amp#27;[32m and password &amp#27;[0m&amp#27;[32m&amp#27;[1mzarAqag&amp#27;[0m &amp#27;[90m# cucumber.LoginStepDefs.the_user_enters_the_username_and_password(java.lang.String,java.lang.String)&amp#27;[0m
02:11:19.210 [main] DEBUG net.thucydides.core.steps.StepInterceptor - STARTING STEP: CommonStepDefs.the_user_is_at_page - isAt
02:11:19.213 [Forwarding findElement on session a58d05be41b001e9350017e91cd995e7 to remote] DEBUG org.asynchttpclient.netty.request.NettyRequestSender - Using pooled Channel '[id: 0x0bd4093f, L:/127.0.0.1:61649 - R:localhost/127.0.0.1:61524]' for 'POST' to 'http://localhost:61524/session/a58d05be41b001e9350017e91cd995e7/element'
02:11:19.213 [Forwarding findElement on session a58d05be41b001e9350017e91cd995e7 to remote] DEBUG org.asynchttpclient.netty.request.NettyRequestSender - Using open Channel [id: 0x0bd4093f, L:/127.0.0.1:61649 - R:localhost/127.0.0.1:61524] for POST '/session/a58d05be41b001e9350017e91cd995e7/element'
02:11:19.656 [AsyncHttpClient-1-1] DEBUG org.asynchttpclient.netty.channel.DefaultChannelPool - Entry count for : http://localhost:61652 : 1
02:11:20.756 [AsyncHttpClient-1-1] DEBUG org.asynchttpclient.netty.channel.DefaultChannelPool - Entry count for : http://localhost:61652 : 1
02:11:21.240 [AsyncHttpClient-1-8] DEBUG org.asynchttpclient.netty.handler.HttpHandler - 

Request DefaultHttpRequest(decodeResult: success, version: HTTP/1.1)
POST /session/a58d05be41b001e9350017e91cd995e7/element HTTP/1.1
User-Agent: selenium/4.1.3 (java windows)
Content-Length: 53
Content-Type: application/json; charset=utf-8
host: localhost:61524
accept: */*

Response DefaultHttpResponse(decodeResult: success, version: HTTP/1.1)
HTTP/1.1 404 Not Found
Content-Type: application/json; charset=utf-8
cache-control: no-cache
content-length: 1023

02:11:21.240 [AsyncHttpClient-1-8] DEBUG org.asynchttpclient.netty.channel.ChannelManager - Adding key: http://localhost:61524 for channel [id: 0x0bd4093f, L:/127.0.0.1:61649 - R:localhost/127.0.0.1:61524]
02:11:21.857 [AsyncHttpClient-1-1] DEBUG org.asynchttpclient.netty.channel.DefaultChannelPool - Entry count for : http://localhost:61652 : 1
02:11:21.857 [AsyncHttpClient-1-1] DEBUG org.asynchttpclient.netty.channel.DefaultChannelPool - Entry count for : http://localhost:61524 : 1
02:11:22.960 [AsyncHttpClient-1-1] DEBUG org.asynchttpclient.netty.channel.DefaultChannelPool - Entry count for : http://localhost:61652 : 1
02:11:22.960 [AsyncHttpClient-1-1] DEBUG org.asynchttpclient.netty.channel.DefaultChannelPool - Entry count for : http://localhost:61524 : 1
02:11:23.306 [main] DEBUG net.serenitybdd.core.photography.Darkroom - Opening darkroom
02:11:23.306 [Darkroom Processing Line] DEBUG net.serenitybdd.core.photography.DarkroomProcessingLine - Darkroom processing line starting up
02:11:23.306 [Forwarding screenshot on session a58d05be41b001e9350017e91cd995e7 to remote] DEBUG org.asynchttpclient.netty.request.NettyRequestSender - Using pooled Channel '[id: 0x0bd4093f, L:/127.0.0.1:61649 - R:localhost/127.0.0.1:61524]' for 'GET' to 'http://localhost:61524/session/a58d05be41b001e9350017e91cd995e7/screenshot'
02:11:23.307 [Forwarding screenshot on session a58d05be41b001e9350017e91cd995e7 to remote] DEBUG org.asynchttpclient.netty.request.NettyRequestSender - Using open Channel [id: 0x0bd4093f, L:/127.0.0.1:61649 - R:localhost/127.0.0.1:61524] for GET '/session/a58d05be41b001e9350017e91cd995e7/screenshot'
02:11:23.459 [AsyncHttpClient-1-8] DEBUG org.asynchttpclient.netty.handler.HttpHandler - 

Request DefaultFullHttpRequest(decodeResult: success, version: HTTP/1.1, content: EmptyByteBufBE)
GET /session/a58d05be41b001e9350017e91cd995e7/screenshot HTTP/1.1
User-Agent: selenium/4.1.3 (java windows)
Cache-Control: no-cache
Content-Type: application/json; charset=utf-8
host: localhost:61524
accept: */*

Response DefaultHttpResponse(decodeResult: success, version: HTTP/1.1)
HTTP/1.1 200 OK
Content-Type: application/json; charset=utf-8
cache-control: no-cache
content-length: 123364

02:11:23.461 [AsyncHttpClient-1-8] DEBUG org.asynchttpclient.netty.channel.ChannelManager - Adding key: http://localhost:61524 for channel [id: 0x0bd4093f, L:/127.0.0.1:61649 - R:localhost/127.0.0.1:61524]
02:11:23.597 [main] DEBUG net.serenitybdd.core.photography.Darkroom - Send negative for processing for target\site\serenity\c0c777967d6136c207643997d2d75b09d62fdca54176633ec287b8417c7c4c8a.png
02:11:23.597 [Darkroom Processing Line] DEBUG net.serenitybdd.core.photography.DarkroomProcessingLine - Processing screenshot image in /var/screenshots/screenshot-5128434810886710811
02:11:23.597 [Darkroom Processing Line] DEBUG net.serenitybdd.core.photography.DarkroomProcessingLine - Saving screenshot to target\site\serenity\c0c777967d6136c207643997d2d75b09d62fdca54176633ec287b8417c7c4c8a.png
02:11:23.598 [Forwarding getPageSource on session a58d05be41b001e9350017e91cd995e7 to remote] DEBUG org.asynchttpclient.netty.request.NettyRequestSender - Using pooled Channel '[id: 0x0bd4093f, L:/127.0.0.1:61649 - R:localhost/127.0.0.1:61524]' for 'POST' to 'http://localhost:61524/session/a58d05be41b001e9350017e91cd995e7/execute/sync'
02:11:23.598 [Forwarding getPageSource on session a58d05be41b001e9350017e91cd995e7 to remote] DEBUG org.asynchttpclient.netty.request.NettyRequestSender - Using open Channel [id: 0x0bd4093f, L:/127.0.0.1:61649 - R:localhost/127.0.0.1:61524] for POST '/session/a58d05be41b001e9350017e91cd995e7/execute/sync'
02:11:23.604 [AsyncHttpClient-1-8] DEBUG org.asynchttpclient.netty.handler.HttpHandler - 

Request DefaultHttpRequest(decodeResult: success, version: HTTP/1.1)
POST /session/a58d05be41b001e9350017e91cd995e7/execute/sync HTTP/1.1
User-Agent: selenium/4.1.3 (java windows)
Content-Length: 176
Content-Type: application/json; charset=utf-8
host: localhost:61524
accept: */*

Response DefaultHttpResponse(decodeResult: success, version: HTTP/1.1)
HTTP/1.1 200 OK
Content-Type: application/json; charset=utf-8
cache-control: no-cache
content-length: 23217

02:11:23.604 [AsyncHttpClient-1-8] DEBUG org.asynchttpclient.netty.channel.ChannelManager - Adding key: http://localhost:61524 for channel [id: 0x0bd4093f, L:/127.0.0.1:61649 - R:localhost/127.0.0.1:61524]
02:11:23.611 [Forwarding getCurrentUrl on session a58d05be41b001e9350017e91cd995e7 to remote] DEBUG org.asynchttpclient.netty.request.NettyRequestSender - Using pooled Channel '[id: 0x0bd4093f, L:/127.0.0.1:61649 - R:localhost/127.0.0.1:61524]' for 'GET' to 'http://localhost:61524/session/a58d05be41b001e9350017e91cd995e7/url'
02:11:23.611 [Forwarding getCurrentUrl on session a58d05be41b001e9350017e91cd995e7 to remote] DEBUG org.asynchttpclient.netty.request.NettyRequestSender - Using open Channel [id: 0x0bd4093f, L:/127.0.0.1:61649 - R:localhost/127.0.0.1:61524] for GET '/session/a58d05be41b001e9350017e91cd995e7/url'
02:11:23.613 [AsyncHttpClient-1-8] DEBUG org.asynchttpclient.netty.handler.HttpHandler - 

Request DefaultFullHttpRequest(decodeResult: success, version: HTTP/1.1, content: EmptyByteBufBE)
GET /session/a58d05be41b001e9350017e91cd995e7/url HTTP/1.1
User-Agent: selenium/4.1.3 (java windows)
Cache-Control: no-cache
Content-Type: application/json; charset=utf-8
host: localhost:61524
accept: */*

Response DefaultHttpResponse(decodeResult: success, version: HTTP/1.1)
HTTP/1.1 200 OK
Content-Type: application/json; charset=utf-8
cache-control: no-cache
content-length: 76

02:11:23.613 [AsyncHttpClient-1-8] DEBUG org.asynchttpclient.netty.channel.ChannelManager - Adding key: http://localhost:61524 for channel [id: 0x0bd4093f, L:/127.0.0.1:61649 - R:localhost/127.0.0.1:61524]
  &amp#27;[31mThen &amp#27;[0m&amp#27;[31mthe user is at &amp#27;[0m&amp#27;[31m&amp#27;[1m'Home'&amp#27;[0m&amp#27;[31m page&amp#27;[0m                                    &amp#27;[90m# cucumber.CommonStepDefs.the_user_is_at_page(java.lang.String)&amp#27;[0m
      &amp#27;[31morg.openqa.selenium.NoSuchElementException: Timed out after 2 seconds. Element not found
For documentation on this error, please visit: https://selenium.dev/exceptions/#no_such_element
Build info: version: '4.1.3', revision: '7b1ebf28ef'
System info: host: 'LAPDELL-0226', ip: '192.168.137.230', os.name: 'Windows 10', os.arch: 'amd64', os.version: '10.0', java.version: '1.8.0_321'
Driver info: driver.version: unknown
	at net.thucydides.core.annotations.locators.SmartAjaxElementLocator.ajaxFindElement(SmartAjaxElementLocator.java:164)
	at net.thucydides.core.annotations.locators.SmartAjaxElementLocator.findElement(SmartAjaxElementLocator.java:116)
	at net.serenitybdd.core.pages.WebElementResolverByElementLocator.resolveForDriver(WebElementResolverByElementLocator.java:29)
	at net.serenitybdd.core.pages.WebElementFacadeImpl.getResolvedElement(WebElementFacadeImpl.java:189)
	at net.serenitybdd.core.pages.WebElementFacadeImpl.getElement(WebElementFacadeImpl.java:184)
	at net.serenitybdd.core.pages.WebElementFacadeImpl.isDisplayed(WebElementFacadeImpl.java:1291)
	at sun.reflect.NativeMethodAccessorImpl.invoke0(Native Method)
	at sun.reflect.NativeMethodAccessorImpl.invoke(NativeMethodAccessorImpl.java:62)
	at sun.reflect.DelegatingMethodAccessorImpl.invoke(DelegatingMethodAccessorImpl.java:43)
	at java.lang.reflect.Method.invoke(Method.java:498)
	at net.thucydides.core.annotations.locators.AbstractSingleItemHandler.invoke(AbstractSingleItemHandler.java:43)
	at com.sun.proxy.$Proxy54.isDisplayed(Unknown Source)
	at pages.HomePage.isAt(HomePage.java:13)
	at serenity.CommonStepLibraries.isAt(CommonStepLibraries.java:15)
	at serenity.CommonStepLibraries$ByteBuddy$K3SNw3j5.isAt$accessor$47e44EhQ(Unknown Source)
	at sun.reflect.NativeMethodAccessorImpl.invoke0(Native Method)
	at sun.reflect.NativeMethodAccessorImpl.invoke(NativeMethodAccessorImpl.java:62)
	at sun.reflect.DelegatingMethodAccessorImpl.invoke(DelegatingMethodAccessorImpl.java:43)
	at java.lang.reflect.Method.invoke(Method.java:498)
	at net.thucydides.core.steps.StepInterceptor.invokeMethod(StepInterceptor.java:503)
	at net.thucydides.core.steps.StepInterceptor.executeTestStepMethod(StepInterceptor.java:483)
	at net.thucydides.core.steps.StepInterceptor.runTestStep(StepInterceptor.java:457)
	at net.thucydides.core.steps.StepInterceptor.runOrSkipMethod(StepInterceptor.java:209)
	at net.thucydides.core.steps.StepInterceptor.testStepResult(StepInterceptor.java:196)
	at net.thucydides.core.steps.StepInterceptor.intercept(StepInterceptor.java:84)
	at net.thucydides.core.steps.ProxyConfiguration$InterceptorDispatcher.intercept(ProxyConfiguration.java:51)
	at serenity.CommonStepLibraries$ByteBuddy$K3SNw3j5.isAt(Unknown Source)
	at cucumber.CommonStepDefs.the_user_is_at_page(CommonStepDefs.java:15)
	at âœ½.the user is at 'Home' page(file:///D:/Pratice/serenity_homework/src/test/resources/features.login/login_sucess.feature:6)
&amp#27;[0m
]]></system-out>
    <system-err><![CDATA[Starting ChromeDriver 100.0.4896.60 (6a5d10861ce8de5fce22564658033b43cb7de047-refs/branch-heads/4896@{#875}) on port 61524
Only local connections are allowed.
Please see https://chromedriver.chromium.org/security-considerations for suggestions on keeping ChromeDriver safe.
ChromeDriver was started successfully.
Apr 21, 2022 2:11:11 AM org.openqa.selenium.remote.ProtocolHandshake createSession
INFO: Detected dialect: W3C
Apr 21, 2022 2:11:11 AM org.openqa.selenium.devtools.CdpVersionFinder findNearestMatch
WARNING: Unable to find an exact match for CDP version 100, so returning the closest version found: 99
Apr 21, 2022 2:11:11 AM org.openqa.selenium.devtools.CdpVersionFinder findNearestMatch
INFO: Found CDP implementation for version 100 of 99
]]></system-err>
  </testcase>
  <testcase name="user login unsuccessful #1" classname="user login to the page unsuccessful" time="7.105">
    <system-out><![CDATA[02:11:23.631 [main] ERROR  - &amp#27;[91m
  _____   ___   ___   _____     ___   ___   ___    ___    ___ 
 |_   _| | __| / __| |_   _|   | __| | _ \ | _ \  / _ \  | _ \
   | |   | _|  \__ \   | |     | _|  |   / |   / | (_) | |   /
   |_|   |___| |___/   |_|     |___| |_|_\ |_|_\  \___/  |_|_\

user login successful
---------------------------------------------------------------&amp#27;[0m
02:11:23.631 [main] DEBUG  - RELATED ISSUES: 
02:11:23.632 [main] ERROR  - &amp#27;[91m    Test failed at step: Is at: Home&amp#27;[0m
02:11:23.632 [main] ERROR  - &amp#27;[91m    Timed out after 2 seconds. Element not found&amp#27;[0m
02:11:23.634 [AsyncHttpClient-1-10] DEBUG org.asynchttpclient.netty.handler.WebSocketHandler - Channel Closed: [id: 0x560af41c, L:/127.0.0.1:61659 ! R:localhost/127.0.0.1:61652] with attribute NettyResponseFuture{currentRetry=5,
	isDone=1,
	isCancelled=0,
	asyncHandler=org.asynchttpclient.ws.WebSocketUpgradeHandler@43df18df,
	nettyRequest=org.asynchttpclient.netty.request.NettyRequest@6dd9ec0,
	future=java.util.concurrent.CompletableFuture@74952fbf[Completed normally],
	uri=ws://localhost:61652/devtools/browser/8ea9c76a-a6be-408d-bfb2-53918ad6c7e1,
	keepAlive=true,
	redirectCount=0,
	timeoutsHolder=null,
	inAuth=0,
	touch=1650481871974}
02:11:23.634 [AsyncHttpClient-1-10] DEBUG org.asynchttpclient.netty.channel.ChannelManager - Closing Channel [id: 0x560af41c, L:/127.0.0.1:61659 ! R:localhost/127.0.0.1:61652] 
02:11:23.634 [Driver Command Executor] DEBUG org.asynchttpclient.netty.request.NettyRequestSender - Using pooled Channel '[id: 0x0bd4093f, L:/127.0.0.1:61649 - R:localhost/127.0.0.1:61524]' for 'DELETE' to 'http://localhost:61524/session/a58d05be41b001e9350017e91cd995e7'
02:11:23.634 [Driver Command Executor] DEBUG org.asynchttpclient.netty.request.NettyRequestSender - Using open Channel [id: 0x0bd4093f, L:/127.0.0.1:61649 - R:localhost/127.0.0.1:61524] for DELETE '/session/a58d05be41b001e9350017e91cd995e7'
02:11:23.687 [AsyncHttpClient-1-9] DEBUG org.asynchttpclient.netty.handler.HttpHandler - Unexpected I/O exception on channel [id: 0xd58ec547, L:/127.0.0.1:61658 - R:localhost/127.0.0.1:61652]
java.io.IOException: An existing connection was forcibly closed by the remote host
	at sun.nio.ch.SocketDispatcher.read0(Native Method)
	at sun.nio.ch.SocketDispatcher.read(SocketDispatcher.java:43)
	at sun.nio.ch.IOUtil.readIntoNativeBuffer(IOUtil.java:223)
	at sun.nio.ch.IOUtil.read(IOUtil.java:192)
	at sun.nio.ch.SocketChannelImpl.read(SocketChannelImpl.java:378)
	at io.netty.buffer.PooledByteBuf.setBytes(PooledByteBuf.java:258)
	at io.netty.buffer.AbstractByteBuf.writeBytes(AbstractByteBuf.java:1132)
	at io.netty.channel.socket.nio.NioSocketChannel.doReadBytes(NioSocketChannel.java:350)
	at io.netty.channel.nio.AbstractNioByteChannel$NioByteUnsafe.read(AbstractNioByteChannel.java:151)
	at io.netty.channel.nio.NioEventLoop.processSelectedKey(NioEventLoop.java:722)
	at io.netty.channel.nio.NioEventLoop.processSelectedKeysOptimized(NioEventLoop.java:658)
	at io.netty.channel.nio.NioEventLoop.processSelectedKeys(NioEventLoop.java:584)
	at io.netty.channel.nio.NioEventLoop.run(NioEventLoop.java:496)
	at io.netty.util.concurrent.SingleThreadEventExecutor$4.run(SingleThreadEventExecutor.java:986)
	at io.netty.util.internal.ThreadExecutorMap$2.run(ThreadExecutorMap.java:74)
	at io.netty.util.concurrent.FastThreadLocalRunnable.run(FastThreadLocalRunnable.java:30)
	at java.lang.Thread.run(Thread.java:750)
02:11:23.687 [AsyncHttpClient-1-9] DEBUG org.asynchttpclient.netty.channel.ChannelManager - Closing Channel [id: 0xd58ec547, L:/127.0.0.1:61658 - R:localhost/127.0.0.1:61652] 
02:11:23.687 [AsyncHttpClient-1-9] DEBUG org.asynchttpclient.netty.handler.HttpHandler - Channel Closed: [id: 0xd58ec547, L:/127.0.0.1:61658 ! R:localhost/127.0.0.1:61652] with attribute DISCARD
02:11:23.708 [AsyncHttpClient-1-8] DEBUG org.asynchttpclient.netty.handler.HttpHandler - 

Request DefaultFullHttpRequest(decodeResult: success, version: HTTP/1.1, content: EmptyByteBufBE)
DELETE /session/a58d05be41b001e9350017e91cd995e7 HTTP/1.1
User-Agent: selenium/4.1.3 (java windows)
Content-Type: application/json; charset=utf-8
host: localhost:61524
accept: */*

Response DefaultHttpResponse(decodeResult: success, version: HTTP/1.1)
HTTP/1.1 200 OK
Content-Type: application/json; charset=utf-8
cache-control: no-cache
content-length: 14

02:11:23.708 [AsyncHttpClient-1-8] DEBUG org.asynchttpclient.netty.channel.ChannelManager - Adding key: http://localhost:61524 for channel [id: 0x0bd4093f, L:/127.0.0.1:61649 - R:localhost/127.0.0.1:61524]
02:11:23.900 [AsyncHttpClient-1-8] DEBUG org.asynchttpclient.netty.handler.HttpHandler - Channel Closed: [id: 0x0bd4093f, L:/127.0.0.1:61649 ! R:localhost/127.0.0.1:61524] with attribute DISCARD
02:11:24.064 [AsyncHttpClient-1-1] DEBUG org.asynchttpclient.netty.channel.DefaultChannelPool - Entry count for : http://localhost:61652 : 1
02:11:24.064 [AsyncHttpClient-1-1] DEBUG org.asynchttpclient.netty.channel.DefaultChannelPool - Entry count for : http://localhost:61524 : 1
02:11:24.064 [AsyncHttpClient-1-1] DEBUG org.asynchttpclient.netty.channel.DefaultChannelPool - Adding Candidate expired Channel [id: 0xd58ec547, L:/127.0.0.1:61658 ! R:localhost/127.0.0.1:61652] isIdleTimeoutExpired=false isRemotelyClosed=true isTtlExpired=false
02:11:24.064 [AsyncHttpClient-1-1] DEBUG org.asynchttpclient.netty.channel.DefaultChannelPool - Closing Idle Channel [id: 0xd58ec547, L:/127.0.0.1:61658 ! R:localhost/127.0.0.1:61652]
02:11:24.064 [AsyncHttpClient-1-1] DEBUG org.asynchttpclient.netty.channel.DefaultChannelPool - Adding Candidate expired Channel [id: 0x0bd4093f, L:/127.0.0.1:61649 ! R:localhost/127.0.0.1:61524] isIdleTimeoutExpired=false isRemotelyClosed=true isTtlExpired=false
02:11:24.064 [AsyncHttpClient-1-1] DEBUG org.asynchttpclient.netty.channel.DefaultChannelPool - Closing Idle Channel [id: 0x0bd4093f, L:/127.0.0.1:61649 ! R:localhost/127.0.0.1:61524]
02:11:24.064 [AsyncHttpClient-1-1] DEBUG org.asynchttpclient.netty.channel.DefaultChannelPool - Closed 2 connections out of 2 in 0 ms
02:11:24.440 [main] INFO io.cucumber.core.plugin.SerenityReporter - Running feature from file:///D:/Pratice/serenity_homework/src/test/resources/features.login/login_unsuccess.feature
02:11:24.440 [main] WARN io.cucumber.core.plugin.SerenityReporter - Feature from file:///D:/Pratice/serenity_homework/src/test/resources/features.login/login_unsuccess.feature is not under the 'features' directory. Requirements report will not be correctly generated!
02:11:24.443 [main] DEBUG net.thucydides.core.steps.StepEventBus - Test suite started for story net.thucydides.core.model.Story@d30bc052
02:11:24.443 [main] INFO  - Test Suite Started: user login to the page unsuccessful

@unit
Scenario Outline: user login unsuccessful                          &amp#27;[90m# src/test/resources/features.login/login_unsuccess.feature:9&amp#27;[0m
02:11:24.462 [main] INFO io.cucumber.core.plugin.SerenityReporter - Running feature from file:///D:/Pratice/serenity_homework/src/test/resources/features.login/login_unsuccess.feature
02:11:24.462 [main] WARN io.cucumber.core.plugin.SerenityReporter - Feature from file:///D:/Pratice/serenity_homework/src/test/resources/features.login/login_unsuccess.feature is not under the 'features' directory. Requirements report will not be correctly generated!
02:11:24.466 [main] INFO  - 
  _____   ___   ___   _____     ___   _____     _     ___   _____   ___   ___  
 |_   _| | __| / __| |_   _|   / __| |_   _|   /_\   | _ \ |_   _| | __| |   \ 
   | |   | _|  \__ \   | |     \__ \   | |    / _ \  |   /   | |   | _|  | |) |
   |_|   |___| |___/   |_|     |___/   |_|   /_/ \_\ |_|_\   |_|   |___| |___/ 

user login unsuccessful(user-login-to-the-page-unsuccessful;user-login-unsuccessful)
--------------------------------------------------------------------------------
02:11:24.526 [main] DEBUG io.github.bonigarcia.wdm.cache.ResolutionCache - Resolution chrome=100 in cache (valid until 02:23:33 21/04/2022 ICT)
02:11:24.527 [main] DEBUG io.github.bonigarcia.wdm.cache.ResolutionCache - Resolution chrome100=100.0.4896.60 in cache (valid until 15:25:50 21/04/2022 ICT)
02:11:24.527 [main] INFO io.github.bonigarcia.wdm.WebDriverManager - Using chromedriver 100.0.4896.60 (resolved driver for Chrome 100)
02:11:24.552 [main] DEBUG io.github.bonigarcia.wdm.WebDriverManager - Driver chromedriver 100.0.4896.60 found in cache
02:11:24.553 [main] INFO io.github.bonigarcia.wdm.WebDriverManager - Exporting webdriver.chrome.driver as C:\Users\dung.nguyenanh\.cache\selenium\chromedriver\win32\100.0.4896.60\chromedriver.exe
02:11:24.555 [main] INFO net.serenitybdd.core.webdriver.driverproviders.ChromeDriverProvider - Using automatically driver download
02:11:24.858 [main] DEBUG io.github.bonigarcia.wdm.cache.ResolutionCache - Resolution chrome=100 in cache (valid until 02:23:33 21/04/2022 ICT)
02:11:24.860 [main] DEBUG io.github.bonigarcia.wdm.cache.ResolutionCache - Resolution chrome100=100.0.4896.60 in cache (valid until 15:25:50 21/04/2022 ICT)
02:11:24.860 [main] INFO io.github.bonigarcia.wdm.WebDriverManager - Using chromedriver 100.0.4896.60 (resolved driver for Chrome 100)
02:11:24.882 [main] DEBUG io.github.bonigarcia.wdm.WebDriverManager - Driver chromedriver 100.0.4896.60 found in cache
02:11:24.883 [main] INFO io.github.bonigarcia.wdm.WebDriverManager - Exporting webdriver.chrome.driver as C:\Users\dung.nguyenanh\.cache\selenium\chromedriver\win32\100.0.4896.60\chromedriver.exe
02:11:25.202 [main] DEBUG net.serenitybdd.core.webdriver.driverproviders.ProvideNewDriver - Instantiating driver
02:11:25.202 [main] DEBUG net.serenitybdd.core.webdriver.driverproviders.ProvideNewDriver - Driver capabilities: Capabilities {acceptInsecureCerts: false, autodownload: true, base.url: https://demo.guru99.com/V1/..., browserName: chrome, goog:chromeOptions: {args: [], extensions: []}}
02:11:25.750 [AsyncHttpClient-1-11] DEBUG org.asynchttpclient.netty.channel.NettyConnectListener - Using new Channel '[id: 0xe2331cea, L:/127.0.0.1:61736 - R:localhost/127.0.0.1:56164]' for 'POST' to '/session'
02:11:26.507 [AsyncHttpClient-1-11] DEBUG org.asynchttpclient.netty.handler.HttpHandler - 

Request DefaultHttpRequest(decodeResult: success, version: HTTP/1.1)
POST /session HTTP/1.1
User-Agent: selenium/4.1.3 (java windows)
Content-Length: 539
Content-Type: application/json; charset=utf-8
host: localhost:56164
accept: */*

Response DefaultHttpResponse(decodeResult: success, version: HTTP/1.1)
HTTP/1.1 200 OK
Content-Type: application/json; charset=utf-8
cache-control: no-cache
content-length: 796

02:11:26.509 [AsyncHttpClient-1-11] DEBUG org.asynchttpclient.netty.channel.ChannelManager - Adding key: http://localhost:56164 for channel [id: 0xe2331cea, L:/127.0.0.1:61736 - R:localhost/127.0.0.1:56164]
02:11:26.519 [AsyncHttpClient-1-12] DEBUG org.asynchttpclient.netty.channel.NettyConnectListener - Using new Channel '[id: 0xf9af3736, L:/127.0.0.1:61744 - R:localhost/127.0.0.1:61737]' for 'GET' to '/json/version'
02:11:26.521 [AsyncHttpClient-1-12] DEBUG org.asynchttpclient.netty.handler.HttpHandler - 

Request DefaultFullHttpRequest(decodeResult: success, version: HTTP/1.1, content: EmptyByteBufBE)
GET /json/version HTTP/1.1
User-Agent: selenium/4.1.3 (java windows)
host: localhost:61737
accept: */*

Response DefaultHttpResponse(decodeResult: success, version: HTTP/1.1)
HTTP/1.1 200 OK
Content-Type: application/json; charset=UTF-8
content-length: 429

02:11:26.521 [AsyncHttpClient-1-12] DEBUG org.asynchttpclient.netty.channel.ChannelManager - Adding key: http://localhost:61737 for channel [id: 0xf9af3736, L:/127.0.0.1:61744 - R:localhost/127.0.0.1:61737]
02:11:26.524 [AsyncHttpClient-1-13] DEBUG org.asynchttpclient.netty.channel.NettyConnectListener - Using new Channel '[id: 0xda0e2f08, L:/127.0.0.1:61745 - R:localhost/127.0.0.1:61737]' for 'GET' to '/devtools/browser/9689eb2b-9da0-4465-964b-3cf3a2e6c684'
02:11:26.526 [AsyncHttpClient-1-13] DEBUG org.asynchttpclient.netty.handler.WebSocketHandler - 

Request DefaultFullHttpRequest(decodeResult: success, version: HTTP/1.1, content: EmptyByteBufBE)
GET /devtools/browser/9689eb2b-9da0-4465-964b-3cf3a2e6c684 HTTP/1.1
upgrade: websocket
connection: upgrade
sec-websocket-key: Ut1OCUDxp0x/4gr+Z8FvYQ==
sec-websocket-version: 13
origin: http://localhost:61737
host: localhost:61737
accept: */*
user-agent: AHC/2.1

Response DefaultHttpResponse(decodeResult: success, version: HTTP/1.1)
HTTP/1.1 101 WebSocket Protocol Handshake
Upgrade: WebSocket
Connection: Upgrade
Sec-WebSocket-Accept: r/y5eb1mi6dlryIU1MzzA+a1Iwc=

02:11:26.530 [Forwarding get on session b065353ba2ee0486eeb6a2973e1b8ffe to remote] DEBUG org.asynchttpclient.netty.request.NettyRequestSender - Using pooled Channel '[id: 0xe2331cea, L:/127.0.0.1:61736 - R:localhost/127.0.0.1:56164]' for 'POST' to 'http://localhost:56164/session/b065353ba2ee0486eeb6a2973e1b8ffe/url'
02:11:26.530 [Forwarding get on session b065353ba2ee0486eeb6a2973e1b8ffe to remote] DEBUG org.asynchttpclient.netty.request.NettyRequestSender - Using open Channel [id: 0xe2331cea, L:/127.0.0.1:61736 - R:localhost/127.0.0.1:56164] for POST '/session/b065353ba2ee0486eeb6a2973e1b8ffe/url'
02:11:27.358 [AsyncHttpClient-1-1] DEBUG org.asynchttpclient.netty.channel.DefaultChannelPool - Entry count for : http://localhost:61737 : 1
02:11:28.459 [AsyncHttpClient-1-1] DEBUG org.asynchttpclient.netty.channel.DefaultChannelPool - Entry count for : http://localhost:61737 : 1
02:11:29.560 [AsyncHttpClient-1-1] DEBUG org.asynchttpclient.netty.channel.DefaultChannelPool - Entry count for : http://localhost:61737 : 1
02:11:30.658 [AsyncHttpClient-1-1] DEBUG org.asynchttpclient.netty.channel.DefaultChannelPool - Entry count for : http://localhost:61737 : 1
02:11:30.671 [AsyncHttpClient-1-11] DEBUG org.asynchttpclient.netty.handler.HttpHandler - 

Request DefaultHttpRequest(decodeResult: success, version: HTTP/1.1)
POST /session/b065353ba2ee0486eeb6a2973e1b8ffe/url HTTP/1.1
User-Agent: selenium/4.1.3 (java windows)
Content-Length: 94
Content-Type: application/json; charset=utf-8
host: localhost:56164
accept: */*

Response DefaultHttpResponse(decodeResult: success, version: HTTP/1.1)
HTTP/1.1 200 OK
Content-Type: application/json; charset=utf-8
cache-control: no-cache
content-length: 14

02:11:30.671 [AsyncHttpClient-1-11] DEBUG org.asynchttpclient.netty.channel.ChannelManager - Adding key: http://localhost:56164 for channel [id: 0xe2331cea, L:/127.0.0.1:61736 - R:localhost/127.0.0.1:56164]
02:11:30.672 [Forwarding setTimeout on session b065353ba2ee0486eeb6a2973e1b8ffe to remote] DEBUG org.asynchttpclient.netty.request.NettyRequestSender - Using pooled Channel '[id: 0xe2331cea, L:/127.0.0.1:61736 - R:localhost/127.0.0.1:56164]' for 'POST' to 'http://localhost:56164/session/b065353ba2ee0486eeb6a2973e1b8ffe/timeouts'
02:11:30.672 [Forwarding setTimeout on session b065353ba2ee0486eeb6a2973e1b8ffe to remote] DEBUG org.asynchttpclient.netty.request.NettyRequestSender - Using open Channel [id: 0xe2331cea, L:/127.0.0.1:61736 - R:localhost/127.0.0.1:56164] for POST '/session/b065353ba2ee0486eeb6a2973e1b8ffe/timeouts'
02:11:30.674 [AsyncHttpClient-1-11] DEBUG org.asynchttpclient.netty.handler.HttpHandler - 

Request DefaultHttpRequest(decodeResult: success, version: HTTP/1.1)
POST /session/b065353ba2ee0486eeb6a2973e1b8ffe/timeouts HTTP/1.1
User-Agent: selenium/4.1.3 (java windows)
Content-Length: 22
Content-Type: application/json; charset=utf-8
host: localhost:56164
accept: */*

Response DefaultHttpResponse(decodeResult: success, version: HTTP/1.1)
HTTP/1.1 200 OK
Content-Type: application/json; charset=utf-8
cache-control: no-cache
content-length: 14

02:11:30.674 [AsyncHttpClient-1-11] DEBUG org.asynchttpclient.netty.channel.ChannelManager - Adding key: http://localhost:56164 for channel [id: 0xe2331cea, L:/127.0.0.1:61736 - R:localhost/127.0.0.1:56164]
02:11:30.675 [Forwarding getCurrentUrl on session b065353ba2ee0486eeb6a2973e1b8ffe to remote] DEBUG org.asynchttpclient.netty.request.NettyRequestSender - Using pooled Channel '[id: 0xe2331cea, L:/127.0.0.1:61736 - R:localhost/127.0.0.1:56164]' for 'GET' to 'http://localhost:56164/session/b065353ba2ee0486eeb6a2973e1b8ffe/url'
02:11:30.675 [Forwarding getCurrentUrl on session b065353ba2ee0486eeb6a2973e1b8ffe to remote] DEBUG org.asynchttpclient.netty.request.NettyRequestSender - Using open Channel [id: 0xe2331cea, L:/127.0.0.1:61736 - R:localhost/127.0.0.1:56164] for GET '/session/b065353ba2ee0486eeb6a2973e1b8ffe/url'
02:11:30.681 [AsyncHttpClient-1-11] DEBUG org.asynchttpclient.netty.handler.HttpHandler - 

Request DefaultFullHttpRequest(decodeResult: success, version: HTTP/1.1, content: EmptyByteBufBE)
GET /session/b065353ba2ee0486eeb6a2973e1b8ffe/url HTTP/1.1
User-Agent: selenium/4.1.3 (java windows)
Cache-Control: no-cache
Content-Type: application/json; charset=utf-8
host: localhost:56164
accept: */*

Response DefaultHttpResponse(decodeResult: success, version: HTTP/1.1)
HTTP/1.1 200 OK
Content-Type: application/json; charset=utf-8
cache-control: no-cache
content-length: 61

02:11:30.682 [AsyncHttpClient-1-11] DEBUG org.asynchttpclient.netty.channel.ChannelManager - Adding key: http://localhost:56164 for channel [id: 0xe2331cea, L:/127.0.0.1:61736 - R:localhost/127.0.0.1:56164]
02:11:30.683 [Forwarding getCurrentUrl on session b065353ba2ee0486eeb6a2973e1b8ffe to remote] DEBUG org.asynchttpclient.netty.request.NettyRequestSender - Using pooled Channel '[id: 0xe2331cea, L:/127.0.0.1:61736 - R:localhost/127.0.0.1:56164]' for 'GET' to 'http://localhost:56164/session/b065353ba2ee0486eeb6a2973e1b8ffe/url'
02:11:30.683 [Forwarding getCurrentUrl on session b065353ba2ee0486eeb6a2973e1b8ffe to remote] DEBUG org.asynchttpclient.netty.request.NettyRequestSender - Using open Channel [id: 0xe2331cea, L:/127.0.0.1:61736 - R:localhost/127.0.0.1:56164] for GET '/session/b065353ba2ee0486eeb6a2973e1b8ffe/url'
02:11:30.688 [AsyncHttpClient-1-11] DEBUG org.asynchttpclient.netty.handler.HttpHandler - 

Request DefaultFullHttpRequest(decodeResult: success, version: HTTP/1.1, content: EmptyByteBufBE)
GET /session/b065353ba2ee0486eeb6a2973e1b8ffe/url HTTP/1.1
User-Agent: selenium/4.1.3 (java windows)
Cache-Control: no-cache
Content-Type: application/json; charset=utf-8
host: localhost:56164
accept: */*

Response DefaultHttpResponse(decodeResult: success, version: HTTP/1.1)
HTTP/1.1 200 OK
Content-Type: application/json; charset=utf-8
cache-control: no-cache
content-length: 61

02:11:30.688 [AsyncHttpClient-1-11] DEBUG org.asynchttpclient.netty.channel.ChannelManager - Adding key: http://localhost:56164 for channel [id: 0xe2331cea, L:/127.0.0.1:61736 - R:localhost/127.0.0.1:56164]
02:11:30.690 [Forwarding maximizeCurrentWindow on session b065353ba2ee0486eeb6a2973e1b8ffe to remote] DEBUG org.asynchttpclient.netty.request.NettyRequestSender - Using pooled Channel '[id: 0xe2331cea, L:/127.0.0.1:61736 - R:localhost/127.0.0.1:56164]' for 'POST' to 'http://localhost:56164/session/b065353ba2ee0486eeb6a2973e1b8ffe/window/maximize'
02:11:30.690 [Forwarding maximizeCurrentWindow on session b065353ba2ee0486eeb6a2973e1b8ffe to remote] DEBUG org.asynchttpclient.netty.request.NettyRequestSender - Using open Channel [id: 0xe2331cea, L:/127.0.0.1:61736 - R:localhost/127.0.0.1:56164] for POST '/session/b065353ba2ee0486eeb6a2973e1b8ffe/window/maximize'
02:11:30.815 [AsyncHttpClient-1-11] DEBUG org.asynchttpclient.netty.handler.HttpHandler - 

Request DefaultHttpRequest(decodeResult: success, version: HTTP/1.1)
POST /session/b065353ba2ee0486eeb6a2973e1b8ffe/window/maximize HTTP/1.1
User-Agent: selenium/4.1.3 (java windows)
Content-Length: 3
Content-Type: application/json; charset=utf-8
host: localhost:56164
accept: */*

Response DefaultHttpResponse(decodeResult: success, version: HTTP/1.1)
HTTP/1.1 200 OK
Content-Type: application/json; charset=utf-8
cache-control: no-cache
content-length: 51

02:11:30.815 [AsyncHttpClient-1-11] DEBUG org.asynchttpclient.netty.channel.ChannelManager - Adding key: http://localhost:56164 for channel [id: 0xe2331cea, L:/127.0.0.1:61736 - R:localhost/127.0.0.1:56164]
02:11:30.829 [main] DEBUG net.thucydides.core.steps.StepInterceptor - STARTING STEP: LoginStepDefs.the_user_enters_the_username_and_password - login
02:11:30.837 [Forwarding setTimeout on session b065353ba2ee0486eeb6a2973e1b8ffe to remote] DEBUG org.asynchttpclient.netty.request.NettyRequestSender - Using pooled Channel '[id: 0xe2331cea, L:/127.0.0.1:61736 - R:localhost/127.0.0.1:56164]' for 'POST' to 'http://localhost:56164/session/b065353ba2ee0486eeb6a2973e1b8ffe/timeouts'
02:11:30.837 [Forwarding setTimeout on session b065353ba2ee0486eeb6a2973e1b8ffe to remote] DEBUG org.asynchttpclient.netty.request.NettyRequestSender - Using open Channel [id: 0xe2331cea, L:/127.0.0.1:61736 - R:localhost/127.0.0.1:56164] for POST '/session/b065353ba2ee0486eeb6a2973e1b8ffe/timeouts'
02:11:30.839 [AsyncHttpClient-1-11] DEBUG org.asynchttpclient.netty.handler.HttpHandler - 

Request DefaultHttpRequest(decodeResult: success, version: HTTP/1.1)
POST /session/b065353ba2ee0486eeb6a2973e1b8ffe/timeouts HTTP/1.1
User-Agent: selenium/4.1.3 (java windows)
Content-Length: 19
Content-Type: application/json; charset=utf-8
host: localhost:56164
accept: */*

Response DefaultHttpResponse(decodeResult: success, version: HTTP/1.1)
HTTP/1.1 200 OK
Content-Type: application/json; charset=utf-8
cache-control: no-cache
content-length: 14

02:11:30.839 [AsyncHttpClient-1-11] DEBUG org.asynchttpclient.netty.channel.ChannelManager - Adding key: http://localhost:56164 for channel [id: 0xe2331cea, L:/127.0.0.1:61736 - R:localhost/127.0.0.1:56164]
02:11:30.841 [Forwarding findElement on session b065353ba2ee0486eeb6a2973e1b8ffe to remote] DEBUG org.asynchttpclient.netty.request.NettyRequestSender - Using pooled Channel '[id: 0xe2331cea, L:/127.0.0.1:61736 - R:localhost/127.0.0.1:56164]' for 'POST' to 'http://localhost:56164/session/b065353ba2ee0486eeb6a2973e1b8ffe/element'
02:11:30.841 [Forwarding findElement on session b065353ba2ee0486eeb6a2973e1b8ffe to remote] DEBUG org.asynchttpclient.netty.request.NettyRequestSender - Using open Channel [id: 0xe2331cea, L:/127.0.0.1:61736 - R:localhost/127.0.0.1:56164] for POST '/session/b065353ba2ee0486eeb6a2973e1b8ffe/element'
02:11:30.853 [AsyncHttpClient-1-11] DEBUG org.asynchttpclient.netty.handler.HttpHandler - 

Request DefaultHttpRequest(decodeResult: success, version: HTTP/1.1)
POST /session/b065353ba2ee0486eeb6a2973e1b8ffe/element HTTP/1.1
User-Agent: selenium/4.1.3 (java windows)
Content-Length: 61
Content-Type: application/json; charset=utf-8
host: localhost:56164
accept: */*

Response DefaultHttpResponse(decodeResult: success, version: HTTP/1.1)
HTTP/1.1 200 OK
Content-Type: application/json; charset=utf-8
cache-control: no-cache
content-length: 88

02:11:30.854 [AsyncHttpClient-1-11] DEBUG org.asynchttpclient.netty.channel.ChannelManager - Adding key: http://localhost:56164 for channel [id: 0xe2331cea, L:/127.0.0.1:61736 - R:localhost/127.0.0.1:56164]
02:11:30.855 [Forwarding setTimeout on session b065353ba2ee0486eeb6a2973e1b8ffe to remote] DEBUG org.asynchttpclient.netty.request.NettyRequestSender - Using pooled Channel '[id: 0xe2331cea, L:/127.0.0.1:61736 - R:localhost/127.0.0.1:56164]' for 'POST' to 'http://localhost:56164/session/b065353ba2ee0486eeb6a2973e1b8ffe/timeouts'
02:11:30.855 [Forwarding setTimeout on session b065353ba2ee0486eeb6a2973e1b8ffe to remote] DEBUG org.asynchttpclient.netty.request.NettyRequestSender - Using open Channel [id: 0xe2331cea, L:/127.0.0.1:61736 - R:localhost/127.0.0.1:56164] for POST '/session/b065353ba2ee0486eeb6a2973e1b8ffe/timeouts'
02:11:30.856 [AsyncHttpClient-1-11] DEBUG org.asynchttpclient.netty.handler.HttpHandler - 

Request DefaultHttpRequest(decodeResult: success, version: HTTP/1.1)
POST /session/b065353ba2ee0486eeb6a2973e1b8ffe/timeouts HTTP/1.1
User-Agent: selenium/4.1.3 (java windows)
Content-Length: 22
Content-Type: application/json; charset=utf-8
host: localhost:56164
accept: */*

Response DefaultHttpResponse(decodeResult: success, version: HTTP/1.1)
HTTP/1.1 200 OK
Content-Type: application/json; charset=utf-8
cache-control: no-cache
content-length: 14

02:11:30.856 [AsyncHttpClient-1-11] DEBUG org.asynchttpclient.netty.channel.ChannelManager - Adding key: http://localhost:56164 for channel [id: 0xe2331cea, L:/127.0.0.1:61736 - R:localhost/127.0.0.1:56164]
02:11:30.862 [Forwarding isElementDisplayed on session b065353ba2ee0486eeb6a2973e1b8ffe to remote] DEBUG org.asynchttpclient.netty.request.NettyRequestSender - Using pooled Channel '[id: 0xe2331cea, L:/127.0.0.1:61736 - R:localhost/127.0.0.1:56164]' for 'POST' to 'http://localhost:56164/session/b065353ba2ee0486eeb6a2973e1b8ffe/execute/sync'
02:11:30.862 [Forwarding isElementDisplayed on session b065353ba2ee0486eeb6a2973e1b8ffe to remote] DEBUG org.asynchttpclient.netty.request.NettyRequestSender - Using open Channel [id: 0xe2331cea, L:/127.0.0.1:61736 - R:localhost/127.0.0.1:56164] for POST '/session/b065353ba2ee0486eeb6a2973e1b8ffe/execute/sync'
02:11:30.887 [AsyncHttpClient-1-11] DEBUG org.asynchttpclient.netty.handler.HttpHandler - 

Request DefaultHttpRequest(decodeResult: success, version: HTTP/1.1)
POST /session/b065353ba2ee0486eeb6a2973e1b8ffe/execute/sync HTTP/1.1
User-Agent: selenium/4.1.3 (java windows)
Content-Length: 48780
Content-Type: application/json; charset=utf-8
host: localhost:56164
accept: */*

Response DefaultHttpResponse(decodeResult: success, version: HTTP/1.1)
HTTP/1.1 200 OK
Content-Type: application/json; charset=utf-8
cache-control: no-cache
content-length: 14

02:11:30.887 [AsyncHttpClient-1-11] DEBUG org.asynchttpclient.netty.channel.ChannelManager - Adding key: http://localhost:56164 for channel [id: 0xe2331cea, L:/127.0.0.1:61736 - R:localhost/127.0.0.1:56164]
02:11:30.890 [Forwarding clearElement on session b065353ba2ee0486eeb6a2973e1b8ffe to remote] DEBUG org.asynchttpclient.netty.request.NettyRequestSender - Using pooled Channel '[id: 0xe2331cea, L:/127.0.0.1:61736 - R:localhost/127.0.0.1:56164]' for 'POST' to 'http://localhost:56164/session/b065353ba2ee0486eeb6a2973e1b8ffe/element/b8cb3843-09c2-4341-bad2-b5d6edf555b5/clear'
02:11:30.890 [Forwarding clearElement on session b065353ba2ee0486eeb6a2973e1b8ffe to remote] DEBUG org.asynchttpclient.netty.request.NettyRequestSender - Using open Channel [id: 0xe2331cea, L:/127.0.0.1:61736 - R:localhost/127.0.0.1:56164] for POST '/session/b065353ba2ee0486eeb6a2973e1b8ffe/element/b8cb3843-09c2-4341-bad2-b5d6edf555b5/clear'
02:11:30.918 [AsyncHttpClient-1-11] DEBUG org.asynchttpclient.netty.handler.HttpHandler - 

Request DefaultHttpRequest(decodeResult: success, version: HTTP/1.1)
POST /session/b065353ba2ee0486eeb6a2973e1b8ffe/element/b8cb3843-09c2-4341-bad2-b5d6edf555b5/clear HTTP/1.1
User-Agent: selenium/4.1.3 (java windows)
Content-Length: 50
Content-Type: application/json; charset=utf-8
host: localhost:56164
accept: */*

Response DefaultHttpResponse(decodeResult: success, version: HTTP/1.1)
HTTP/1.1 200 OK
Content-Type: application/json; charset=utf-8
cache-control: no-cache
content-length: 14

02:11:30.919 [AsyncHttpClient-1-11] DEBUG org.asynchttpclient.netty.channel.ChannelManager - Adding key: http://localhost:56164 for channel [id: 0xe2331cea, L:/127.0.0.1:61736 - R:localhost/127.0.0.1:56164]
02:11:30.921 [Forwarding sendKeysToElement on session b065353ba2ee0486eeb6a2973e1b8ffe to remote] DEBUG org.asynchttpclient.netty.request.NettyRequestSender - Using pooled Channel '[id: 0xe2331cea, L:/127.0.0.1:61736 - R:localhost/127.0.0.1:56164]' for 'POST' to 'http://localhost:56164/session/b065353ba2ee0486eeb6a2973e1b8ffe/element/b8cb3843-09c2-4341-bad2-b5d6edf555b5/value'
02:11:30.921 [Forwarding sendKeysToElement on session b065353ba2ee0486eeb6a2973e1b8ffe to remote] DEBUG org.asynchttpclient.netty.request.NettyRequestSender - Using open Channel [id: 0xe2331cea, L:/127.0.0.1:61736 - R:localhost/127.0.0.1:56164] for POST '/session/b065353ba2ee0486eeb6a2973e1b8ffe/element/b8cb3843-09c2-4341-bad2-b5d6edf555b5/value'
02:11:30.970 [AsyncHttpClient-1-11] DEBUG org.asynchttpclient.netty.handler.HttpHandler - 

Request DefaultHttpRequest(decodeResult: success, version: HTTP/1.1)
POST /session/b065353ba2ee0486eeb6a2973e1b8ffe/element/b8cb3843-09c2-4341-bad2-b5d6edf555b5/value HTTP/1.1
User-Agent: selenium/4.1.3 (java windows)
Content-Length: 181
Content-Type: application/json; charset=utf-8
host: localhost:56164
accept: */*

Response DefaultHttpResponse(decodeResult: success, version: HTTP/1.1)
HTTP/1.1 200 OK
Content-Type: application/json; charset=utf-8
cache-control: no-cache
content-length: 14

02:11:30.970 [AsyncHttpClient-1-11] DEBUG org.asynchttpclient.netty.channel.ChannelManager - Adding key: http://localhost:56164 for channel [id: 0xe2331cea, L:/127.0.0.1:61736 - R:localhost/127.0.0.1:56164]
02:11:30.975 [Forwarding setTimeout on session b065353ba2ee0486eeb6a2973e1b8ffe to remote] DEBUG org.asynchttpclient.netty.request.NettyRequestSender - Using pooled Channel '[id: 0xe2331cea, L:/127.0.0.1:61736 - R:localhost/127.0.0.1:56164]' for 'POST' to 'http://localhost:56164/session/b065353ba2ee0486eeb6a2973e1b8ffe/timeouts'
02:11:30.976 [Forwarding setTimeout on session b065353ba2ee0486eeb6a2973e1b8ffe to remote] DEBUG org.asynchttpclient.netty.request.NettyRequestSender - Using open Channel [id: 0xe2331cea, L:/127.0.0.1:61736 - R:localhost/127.0.0.1:56164] for POST '/session/b065353ba2ee0486eeb6a2973e1b8ffe/timeouts'
02:11:30.976 [AsyncHttpClient-1-11] DEBUG org.asynchttpclient.netty.handler.HttpHandler - 

Request DefaultHttpRequest(decodeResult: success, version: HTTP/1.1)
POST /session/b065353ba2ee0486eeb6a2973e1b8ffe/timeouts HTTP/1.1
User-Agent: selenium/4.1.3 (java windows)
Content-Length: 19
Content-Type: application/json; charset=utf-8
host: localhost:56164
accept: */*

Response DefaultHttpResponse(decodeResult: success, version: HTTP/1.1)
HTTP/1.1 200 OK
Content-Type: application/json; charset=utf-8
cache-control: no-cache
content-length: 14

02:11:30.977 [AsyncHttpClient-1-11] DEBUG org.asynchttpclient.netty.channel.ChannelManager - Adding key: http://localhost:56164 for channel [id: 0xe2331cea, L:/127.0.0.1:61736 - R:localhost/127.0.0.1:56164]
02:11:30.979 [Forwarding findElement on session b065353ba2ee0486eeb6a2973e1b8ffe to remote] DEBUG org.asynchttpclient.netty.request.NettyRequestSender - Using pooled Channel '[id: 0xe2331cea, L:/127.0.0.1:61736 - R:localhost/127.0.0.1:56164]' for 'POST' to 'http://localhost:56164/session/b065353ba2ee0486eeb6a2973e1b8ffe/element'
02:11:30.979 [Forwarding findElement on session b065353ba2ee0486eeb6a2973e1b8ffe to remote] DEBUG org.asynchttpclient.netty.request.NettyRequestSender - Using open Channel [id: 0xe2331cea, L:/127.0.0.1:61736 - R:localhost/127.0.0.1:56164] for POST '/session/b065353ba2ee0486eeb6a2973e1b8ffe/element'
02:11:30.989 [AsyncHttpClient-1-11] DEBUG org.asynchttpclient.netty.handler.HttpHandler - 

Request DefaultHttpRequest(decodeResult: success, version: HTTP/1.1)
POST /session/b065353ba2ee0486eeb6a2973e1b8ffe/element HTTP/1.1
User-Agent: selenium/4.1.3 (java windows)
Content-Length: 66
Content-Type: application/json; charset=utf-8
host: localhost:56164
accept: */*

Response DefaultHttpResponse(decodeResult: success, version: HTTP/1.1)
HTTP/1.1 200 OK
Content-Type: application/json; charset=utf-8
cache-control: no-cache
content-length: 88

02:11:30.989 [AsyncHttpClient-1-11] DEBUG org.asynchttpclient.netty.channel.ChannelManager - Adding key: http://localhost:56164 for channel [id: 0xe2331cea, L:/127.0.0.1:61736 - R:localhost/127.0.0.1:56164]
02:11:30.990 [Forwarding setTimeout on session b065353ba2ee0486eeb6a2973e1b8ffe to remote] DEBUG org.asynchttpclient.netty.request.NettyRequestSender - Using pooled Channel '[id: 0xe2331cea, L:/127.0.0.1:61736 - R:localhost/127.0.0.1:56164]' for 'POST' to 'http://localhost:56164/session/b065353ba2ee0486eeb6a2973e1b8ffe/timeouts'
02:11:30.990 [Forwarding setTimeout on session b065353ba2ee0486eeb6a2973e1b8ffe to remote] DEBUG org.asynchttpclient.netty.request.NettyRequestSender - Using open Channel [id: 0xe2331cea, L:/127.0.0.1:61736 - R:localhost/127.0.0.1:56164] for POST '/session/b065353ba2ee0486eeb6a2973e1b8ffe/timeouts'
02:11:30.991 [AsyncHttpClient-1-11] DEBUG org.asynchttpclient.netty.handler.HttpHandler - 

Request DefaultHttpRequest(decodeResult: success, version: HTTP/1.1)
POST /session/b065353ba2ee0486eeb6a2973e1b8ffe/timeouts HTTP/1.1
User-Agent: selenium/4.1.3 (java windows)
Content-Length: 22
Content-Type: application/json; charset=utf-8
host: localhost:56164
accept: */*

Response DefaultHttpResponse(decodeResult: success, version: HTTP/1.1)
HTTP/1.1 200 OK
Content-Type: application/json; charset=utf-8
cache-control: no-cache
content-length: 14

02:11:30.991 [AsyncHttpClient-1-11] DEBUG org.asynchttpclient.netty.channel.ChannelManager - Adding key: http://localhost:56164 for channel [id: 0xe2331cea, L:/127.0.0.1:61736 - R:localhost/127.0.0.1:56164]
02:11:30.994 [Forwarding isElementDisplayed on session b065353ba2ee0486eeb6a2973e1b8ffe to remote] DEBUG org.asynchttpclient.netty.request.NettyRequestSender - Using pooled Channel '[id: 0xe2331cea, L:/127.0.0.1:61736 - R:localhost/127.0.0.1:56164]' for 'POST' to 'http://localhost:56164/session/b065353ba2ee0486eeb6a2973e1b8ffe/execute/sync'
02:11:30.994 [Forwarding isElementDisplayed on session b065353ba2ee0486eeb6a2973e1b8ffe to remote] DEBUG org.asynchttpclient.netty.request.NettyRequestSender - Using open Channel [id: 0xe2331cea, L:/127.0.0.1:61736 - R:localhost/127.0.0.1:56164] for POST '/session/b065353ba2ee0486eeb6a2973e1b8ffe/execute/sync'
02:11:31.006 [AsyncHttpClient-1-11] DEBUG org.asynchttpclient.netty.handler.HttpHandler - 

Request DefaultHttpRequest(decodeResult: success, version: HTTP/1.1)
POST /session/b065353ba2ee0486eeb6a2973e1b8ffe/execute/sync HTTP/1.1
User-Agent: selenium/4.1.3 (java windows)
Content-Length: 48780
Content-Type: application/json; charset=utf-8
host: localhost:56164
accept: */*

Response DefaultHttpResponse(decodeResult: success, version: HTTP/1.1)
HTTP/1.1 200 OK
Content-Type: application/json; charset=utf-8
cache-control: no-cache
content-length: 14

02:11:31.006 [AsyncHttpClient-1-11] DEBUG org.asynchttpclient.netty.channel.ChannelManager - Adding key: http://localhost:56164 for channel [id: 0xe2331cea, L:/127.0.0.1:61736 - R:localhost/127.0.0.1:56164]
02:11:31.009 [Forwarding clearElement on session b065353ba2ee0486eeb6a2973e1b8ffe to remote] DEBUG org.asynchttpclient.netty.request.NettyRequestSender - Using pooled Channel '[id: 0xe2331cea, L:/127.0.0.1:61736 - R:localhost/127.0.0.1:56164]' for 'POST' to 'http://localhost:56164/session/b065353ba2ee0486eeb6a2973e1b8ffe/element/cb3212db-0d6c-40a8-bd3d-143199a89b2a/clear'
02:11:31.009 [Forwarding clearElement on session b065353ba2ee0486eeb6a2973e1b8ffe to remote] DEBUG org.asynchttpclient.netty.request.NettyRequestSender - Using open Channel [id: 0xe2331cea, L:/127.0.0.1:61736 - R:localhost/127.0.0.1:56164] for POST '/session/b065353ba2ee0486eeb6a2973e1b8ffe/element/cb3212db-0d6c-40a8-bd3d-143199a89b2a/clear'
02:11:31.032 [AsyncHttpClient-1-11] DEBUG org.asynchttpclient.netty.handler.HttpHandler - 

Request DefaultHttpRequest(decodeResult: success, version: HTTP/1.1)
POST /session/b065353ba2ee0486eeb6a2973e1b8ffe/element/cb3212db-0d6c-40a8-bd3d-143199a89b2a/clear HTTP/1.1
User-Agent: selenium/4.1.3 (java windows)
Content-Length: 50
Content-Type: application/json; charset=utf-8
host: localhost:56164
accept: */*

Response DefaultHttpResponse(decodeResult: success, version: HTTP/1.1)
HTTP/1.1 200 OK
Content-Type: application/json; charset=utf-8
cache-control: no-cache
content-length: 14

02:11:31.032 [AsyncHttpClient-1-11] DEBUG org.asynchttpclient.netty.channel.ChannelManager - Adding key: http://localhost:56164 for channel [id: 0xe2331cea, L:/127.0.0.1:61736 - R:localhost/127.0.0.1:56164]
02:11:31.034 [Forwarding sendKeysToElement on session b065353ba2ee0486eeb6a2973e1b8ffe to remote] DEBUG org.asynchttpclient.netty.request.NettyRequestSender - Using pooled Channel '[id: 0xe2331cea, L:/127.0.0.1:61736 - R:localhost/127.0.0.1:56164]' for 'POST' to 'http://localhost:56164/session/b065353ba2ee0486eeb6a2973e1b8ffe/element/cb3212db-0d6c-40a8-bd3d-143199a89b2a/value'
02:11:31.034 [Forwarding sendKeysToElement on session b065353ba2ee0486eeb6a2973e1b8ffe to remote] DEBUG org.asynchttpclient.netty.request.NettyRequestSender - Using open Channel [id: 0xe2331cea, L:/127.0.0.1:61736 - R:localhost/127.0.0.1:56164] for POST '/session/b065353ba2ee0486eeb6a2973e1b8ffe/element/cb3212db-0d6c-40a8-bd3d-143199a89b2a/value'
02:11:31.066 [AsyncHttpClient-1-11] DEBUG org.asynchttpclient.netty.handler.HttpHandler - 

Request DefaultHttpRequest(decodeResult: success, version: HTTP/1.1)
POST /session/b065353ba2ee0486eeb6a2973e1b8ffe/element/cb3212db-0d6c-40a8-bd3d-143199a89b2a/value HTTP/1.1
User-Agent: selenium/4.1.3 (java windows)
Content-Length: 131
Content-Type: application/json; charset=utf-8
host: localhost:56164
accept: */*

Response DefaultHttpResponse(decodeResult: success, version: HTTP/1.1)
HTTP/1.1 200 OK
Content-Type: application/json; charset=utf-8
cache-control: no-cache
content-length: 14

02:11:31.067 [AsyncHttpClient-1-11] DEBUG org.asynchttpclient.netty.channel.ChannelManager - Adding key: http://localhost:56164 for channel [id: 0xe2331cea, L:/127.0.0.1:61736 - R:localhost/127.0.0.1:56164]
02:11:31.072 [Forwarding setTimeout on session b065353ba2ee0486eeb6a2973e1b8ffe to remote] DEBUG org.asynchttpclient.netty.request.NettyRequestSender - Using pooled Channel '[id: 0xe2331cea, L:/127.0.0.1:61736 - R:localhost/127.0.0.1:56164]' for 'POST' to 'http://localhost:56164/session/b065353ba2ee0486eeb6a2973e1b8ffe/timeouts'
02:11:31.072 [Forwarding setTimeout on session b065353ba2ee0486eeb6a2973e1b8ffe to remote] DEBUG org.asynchttpclient.netty.request.NettyRequestSender - Using open Channel [id: 0xe2331cea, L:/127.0.0.1:61736 - R:localhost/127.0.0.1:56164] for POST '/session/b065353ba2ee0486eeb6a2973e1b8ffe/timeouts'
02:11:31.073 [AsyncHttpClient-1-11] DEBUG org.asynchttpclient.netty.handler.HttpHandler - 

Request DefaultHttpRequest(decodeResult: success, version: HTTP/1.1)
POST /session/b065353ba2ee0486eeb6a2973e1b8ffe/timeouts HTTP/1.1
User-Agent: selenium/4.1.3 (java windows)
Content-Length: 19
Content-Type: application/json; charset=utf-8
host: localhost:56164
accept: */*

Response DefaultHttpResponse(decodeResult: success, version: HTTP/1.1)
HTTP/1.1 200 OK
Content-Type: application/json; charset=utf-8
cache-control: no-cache
content-length: 14

02:11:31.073 [AsyncHttpClient-1-11] DEBUG org.asynchttpclient.netty.channel.ChannelManager - Adding key: http://localhost:56164 for channel [id: 0xe2331cea, L:/127.0.0.1:61736 - R:localhost/127.0.0.1:56164]
02:11:31.075 [Forwarding findElement on session b065353ba2ee0486eeb6a2973e1b8ffe to remote] DEBUG org.asynchttpclient.netty.request.NettyRequestSender - Using pooled Channel '[id: 0xe2331cea, L:/127.0.0.1:61736 - R:localhost/127.0.0.1:56164]' for 'POST' to 'http://localhost:56164/session/b065353ba2ee0486eeb6a2973e1b8ffe/element'
02:11:31.075 [Forwarding findElement on session b065353ba2ee0486eeb6a2973e1b8ffe to remote] DEBUG org.asynchttpclient.netty.request.NettyRequestSender - Using open Channel [id: 0xe2331cea, L:/127.0.0.1:61736 - R:localhost/127.0.0.1:56164] for POST '/session/b065353ba2ee0486eeb6a2973e1b8ffe/element'
02:11:31.100 [AsyncHttpClient-1-11] DEBUG org.asynchttpclient.netty.handler.HttpHandler - 

Request DefaultHttpRequest(decodeResult: success, version: HTTP/1.1)
POST /session/b065353ba2ee0486eeb6a2973e1b8ffe/element HTTP/1.1
User-Agent: selenium/4.1.3 (java windows)
Content-Length: 64
Content-Type: application/json; charset=utf-8
host: localhost:56164
accept: */*

Response DefaultHttpResponse(decodeResult: success, version: HTTP/1.1)
HTTP/1.1 200 OK
Content-Type: application/json; charset=utf-8
cache-control: no-cache
content-length: 88

02:11:31.100 [AsyncHttpClient-1-11] DEBUG org.asynchttpclient.netty.channel.ChannelManager - Adding key: http://localhost:56164 for channel [id: 0xe2331cea, L:/127.0.0.1:61736 - R:localhost/127.0.0.1:56164]
02:11:31.101 [Forwarding setTimeout on session b065353ba2ee0486eeb6a2973e1b8ffe to remote] DEBUG org.asynchttpclient.netty.request.NettyRequestSender - Using pooled Channel '[id: 0xe2331cea, L:/127.0.0.1:61736 - R:localhost/127.0.0.1:56164]' for 'POST' to 'http://localhost:56164/session/b065353ba2ee0486eeb6a2973e1b8ffe/timeouts'
02:11:31.101 [Forwarding setTimeout on session b065353ba2ee0486eeb6a2973e1b8ffe to remote] DEBUG org.asynchttpclient.netty.request.NettyRequestSender - Using open Channel [id: 0xe2331cea, L:/127.0.0.1:61736 - R:localhost/127.0.0.1:56164] for POST '/session/b065353ba2ee0486eeb6a2973e1b8ffe/timeouts'
02:11:31.102 [AsyncHttpClient-1-11] DEBUG org.asynchttpclient.netty.handler.HttpHandler - 

Request DefaultHttpRequest(decodeResult: success, version: HTTP/1.1)
POST /session/b065353ba2ee0486eeb6a2973e1b8ffe/timeouts HTTP/1.1
User-Agent: selenium/4.1.3 (java windows)
Content-Length: 22
Content-Type: application/json; charset=utf-8
host: localhost:56164
accept: */*

Response DefaultHttpResponse(decodeResult: success, version: HTTP/1.1)
HTTP/1.1 200 OK
Content-Type: application/json; charset=utf-8
cache-control: no-cache
content-length: 14

02:11:31.102 [AsyncHttpClient-1-11] DEBUG org.asynchttpclient.netty.channel.ChannelManager - Adding key: http://localhost:56164 for channel [id: 0xe2331cea, L:/127.0.0.1:61736 - R:localhost/127.0.0.1:56164]
02:11:31.104 [Forwarding isElementDisplayed on session b065353ba2ee0486eeb6a2973e1b8ffe to remote] DEBUG org.asynchttpclient.netty.request.NettyRequestSender - Using pooled Channel '[id: 0xe2331cea, L:/127.0.0.1:61736 - R:localhost/127.0.0.1:56164]' for 'POST' to 'http://localhost:56164/session/b065353ba2ee0486eeb6a2973e1b8ffe/execute/sync'
02:11:31.104 [Forwarding isElementDisplayed on session b065353ba2ee0486eeb6a2973e1b8ffe to remote] DEBUG org.asynchttpclient.netty.request.NettyRequestSender - Using open Channel [id: 0xe2331cea, L:/127.0.0.1:61736 - R:localhost/127.0.0.1:56164] for POST '/session/b065353ba2ee0486eeb6a2973e1b8ffe/execute/sync'
02:11:31.112 [AsyncHttpClient-1-11] DEBUG org.asynchttpclient.netty.handler.HttpHandler - 

Request DefaultHttpRequest(decodeResult: success, version: HTTP/1.1)
POST /session/b065353ba2ee0486eeb6a2973e1b8ffe/execute/sync HTTP/1.1
User-Agent: selenium/4.1.3 (java windows)
Content-Length: 48780
Content-Type: application/json; charset=utf-8
host: localhost:56164
accept: */*

Response DefaultHttpResponse(decodeResult: success, version: HTTP/1.1)
HTTP/1.1 200 OK
Content-Type: application/json; charset=utf-8
cache-control: no-cache
content-length: 14

02:11:31.112 [AsyncHttpClient-1-11] DEBUG org.asynchttpclient.netty.channel.ChannelManager - Adding key: http://localhost:56164 for channel [id: 0xe2331cea, L:/127.0.0.1:61736 - R:localhost/127.0.0.1:56164]
02:11:31.115 [Forwarding getElementTagName on session b065353ba2ee0486eeb6a2973e1b8ffe to remote] DEBUG org.asynchttpclient.netty.request.NettyRequestSender - Using pooled Channel '[id: 0xe2331cea, L:/127.0.0.1:61736 - R:localhost/127.0.0.1:56164]' for 'GET' to 'http://localhost:56164/session/b065353ba2ee0486eeb6a2973e1b8ffe/element/541c98ae-16d0-4e5f-b8fd-7458112752d7/name'
02:11:31.115 [Forwarding getElementTagName on session b065353ba2ee0486eeb6a2973e1b8ffe to remote] DEBUG org.asynchttpclient.netty.request.NettyRequestSender - Using open Channel [id: 0xe2331cea, L:/127.0.0.1:61736 - R:localhost/127.0.0.1:56164] for GET '/session/b065353ba2ee0486eeb6a2973e1b8ffe/element/541c98ae-16d0-4e5f-b8fd-7458112752d7/name'
02:11:31.121 [AsyncHttpClient-1-11] DEBUG org.asynchttpclient.netty.handler.HttpHandler - 

Request DefaultFullHttpRequest(decodeResult: success, version: HTTP/1.1, content: EmptyByteBufBE)
GET /session/b065353ba2ee0486eeb6a2973e1b8ffe/element/541c98ae-16d0-4e5f-b8fd-7458112752d7/name HTTP/1.1
User-Agent: selenium/4.1.3 (java windows)
Cache-Control: no-cache
Content-Type: application/json; charset=utf-8
host: localhost:56164
accept: */*

Response DefaultHttpResponse(decodeResult: success, version: HTTP/1.1)
HTTP/1.1 200 OK
Content-Type: application/json; charset=utf-8
cache-control: no-cache
content-length: 17

02:11:31.121 [AsyncHttpClient-1-11] DEBUG org.asynchttpclient.netty.channel.ChannelManager - Adding key: http://localhost:56164 for channel [id: 0xe2331cea, L:/127.0.0.1:61736 - R:localhost/127.0.0.1:56164]
02:11:31.122 [Forwarding getElementTagName on session b065353ba2ee0486eeb6a2973e1b8ffe to remote] DEBUG org.asynchttpclient.netty.request.NettyRequestSender - Using pooled Channel '[id: 0xe2331cea, L:/127.0.0.1:61736 - R:localhost/127.0.0.1:56164]' for 'GET' to 'http://localhost:56164/session/b065353ba2ee0486eeb6a2973e1b8ffe/element/541c98ae-16d0-4e5f-b8fd-7458112752d7/name'
02:11:31.122 [Forwarding getElementTagName on session b065353ba2ee0486eeb6a2973e1b8ffe to remote] DEBUG org.asynchttpclient.netty.request.NettyRequestSender - Using open Channel [id: 0xe2331cea, L:/127.0.0.1:61736 - R:localhost/127.0.0.1:56164] for GET '/session/b065353ba2ee0486eeb6a2973e1b8ffe/element/541c98ae-16d0-4e5f-b8fd-7458112752d7/name'
02:11:31.126 [AsyncHttpClient-1-11] DEBUG org.asynchttpclient.netty.handler.HttpHandler - 

Request DefaultFullHttpRequest(decodeResult: success, version: HTTP/1.1, content: EmptyByteBufBE)
GET /session/b065353ba2ee0486eeb6a2973e1b8ffe/element/541c98ae-16d0-4e5f-b8fd-7458112752d7/name HTTP/1.1
User-Agent: selenium/4.1.3 (java windows)
Cache-Control: no-cache
Content-Type: application/json; charset=utf-8
host: localhost:56164
accept: */*

Response DefaultHttpResponse(decodeResult: success, version: HTTP/1.1)
HTTP/1.1 200 OK
Content-Type: application/json; charset=utf-8
cache-control: no-cache
content-length: 17

02:11:31.126 [AsyncHttpClient-1-11] DEBUG org.asynchttpclient.netty.channel.ChannelManager - Adding key: http://localhost:56164 for channel [id: 0xe2331cea, L:/127.0.0.1:61736 - R:localhost/127.0.0.1:56164]
02:11:31.128 [Forwarding isElementEnabled on session b065353ba2ee0486eeb6a2973e1b8ffe to remote] DEBUG org.asynchttpclient.netty.request.NettyRequestSender - Using pooled Channel '[id: 0xe2331cea, L:/127.0.0.1:61736 - R:localhost/127.0.0.1:56164]' for 'GET' to 'http://localhost:56164/session/b065353ba2ee0486eeb6a2973e1b8ffe/element/541c98ae-16d0-4e5f-b8fd-7458112752d7/enabled'
02:11:31.128 [Forwarding isElementEnabled on session b065353ba2ee0486eeb6a2973e1b8ffe to remote] DEBUG org.asynchttpclient.netty.request.NettyRequestSender - Using open Channel [id: 0xe2331cea, L:/127.0.0.1:61736 - R:localhost/127.0.0.1:56164] for GET '/session/b065353ba2ee0486eeb6a2973e1b8ffe/element/541c98ae-16d0-4e5f-b8fd-7458112752d7/enabled'
02:11:31.137 [AsyncHttpClient-1-11] DEBUG org.asynchttpclient.netty.handler.HttpHandler - 

Request DefaultFullHttpRequest(decodeResult: success, version: HTTP/1.1, content: EmptyByteBufBE)
GET /session/b065353ba2ee0486eeb6a2973e1b8ffe/element/541c98ae-16d0-4e5f-b8fd-7458112752d7/enabled HTTP/1.1
User-Agent: selenium/4.1.3 (java windows)
Cache-Control: no-cache
Content-Type: application/json; charset=utf-8
host: localhost:56164
accept: */*

Response DefaultHttpResponse(decodeResult: success, version: HTTP/1.1)
HTTP/1.1 200 OK
Content-Type: application/json; charset=utf-8
cache-control: no-cache
content-length: 14

02:11:31.137 [AsyncHttpClient-1-11] DEBUG org.asynchttpclient.netty.channel.ChannelManager - Adding key: http://localhost:56164 for channel [id: 0xe2331cea, L:/127.0.0.1:61736 - R:localhost/127.0.0.1:56164]
02:11:31.138 [Forwarding isElementEnabled on session b065353ba2ee0486eeb6a2973e1b8ffe to remote] DEBUG org.asynchttpclient.netty.request.NettyRequestSender - Using pooled Channel '[id: 0xe2331cea, L:/127.0.0.1:61736 - R:localhost/127.0.0.1:56164]' for 'GET' to 'http://localhost:56164/session/b065353ba2ee0486eeb6a2973e1b8ffe/element/541c98ae-16d0-4e5f-b8fd-7458112752d7/enabled'
02:11:31.138 [Forwarding isElementEnabled on session b065353ba2ee0486eeb6a2973e1b8ffe to remote] DEBUG org.asynchttpclient.netty.request.NettyRequestSender - Using open Channel [id: 0xe2331cea, L:/127.0.0.1:61736 - R:localhost/127.0.0.1:56164] for GET '/session/b065353ba2ee0486eeb6a2973e1b8ffe/element/541c98ae-16d0-4e5f-b8fd-7458112752d7/enabled'
02:11:31.143 [AsyncHttpClient-1-11] DEBUG org.asynchttpclient.netty.handler.HttpHandler - 

Request DefaultFullHttpRequest(decodeResult: success, version: HTTP/1.1, content: EmptyByteBufBE)
GET /session/b065353ba2ee0486eeb6a2973e1b8ffe/element/541c98ae-16d0-4e5f-b8fd-7458112752d7/enabled HTTP/1.1
User-Agent: selenium/4.1.3 (java windows)
Cache-Control: no-cache
Content-Type: application/json; charset=utf-8
host: localhost:56164
accept: */*

Response DefaultHttpResponse(decodeResult: success, version: HTTP/1.1)
HTTP/1.1 200 OK
Content-Type: application/json; charset=utf-8
cache-control: no-cache
content-length: 14

02:11:31.143 [AsyncHttpClient-1-11] DEBUG org.asynchttpclient.netty.channel.ChannelManager - Adding key: http://localhost:56164 for channel [id: 0xe2331cea, L:/127.0.0.1:61736 - R:localhost/127.0.0.1:56164]
02:11:31.145 [Forwarding clickElement on session b065353ba2ee0486eeb6a2973e1b8ffe to remote] DEBUG org.asynchttpclient.netty.request.NettyRequestSender - Using pooled Channel '[id: 0xe2331cea, L:/127.0.0.1:61736 - R:localhost/127.0.0.1:56164]' for 'POST' to 'http://localhost:56164/session/b065353ba2ee0486eeb6a2973e1b8ffe/element/541c98ae-16d0-4e5f-b8fd-7458112752d7/click'
02:11:31.145 [Forwarding clickElement on session b065353ba2ee0486eeb6a2973e1b8ffe to remote] DEBUG org.asynchttpclient.netty.request.NettyRequestSender - Using open Channel [id: 0xe2331cea, L:/127.0.0.1:61736 - R:localhost/127.0.0.1:56164] for POST '/session/b065353ba2ee0486eeb6a2973e1b8ffe/element/541c98ae-16d0-4e5f-b8fd-7458112752d7/click'
02:11:31.515 [AsyncHttpClient-1-11] DEBUG org.asynchttpclient.netty.handler.HttpHandler - 

Request DefaultHttpRequest(decodeResult: success, version: HTTP/1.1)
POST /session/b065353ba2ee0486eeb6a2973e1b8ffe/element/541c98ae-16d0-4e5f-b8fd-7458112752d7/click HTTP/1.1
User-Agent: selenium/4.1.3 (java windows)
Content-Length: 50
Content-Type: application/json; charset=utf-8
host: localhost:56164
accept: */*

Response DefaultHttpResponse(decodeResult: success, version: HTTP/1.1)
HTTP/1.1 200 OK
Content-Type: application/json; charset=utf-8
cache-control: no-cache
content-length: 14

02:11:31.516 [AsyncHttpClient-1-11] DEBUG org.asynchttpclient.netty.channel.ChannelManager - Adding key: http://localhost:56164 for channel [id: 0xe2331cea, L:/127.0.0.1:61736 - R:localhost/127.0.0.1:56164]
02:11:31.519 [main] DEBUG net.thucydides.core.steps.StepInterceptor - STEP DONE: login
  &amp#27;[32mGiven &amp#27;[0m&amp#27;[32mthe user enters the username &amp#27;[0m&amp#27;[32m&amp#27;[1mmngr398793&amp#27;[0m&amp#27;[32m and password &amp#27;[0m&amp#27;[32m&amp#27;[1mmngr3&amp#27;[0m &amp#27;[90m# cucumber.LoginStepDefs.the_user_enters_the_username_and_password(java.lang.String,java.lang.String)&amp#27;[0m
02:11:31.528 [main] DEBUG net.thucydides.core.steps.StepInterceptor - STARTING STEP: LoginStepDefs.the_error_message_user_is_not_valid_is_displayed - checkInvalid
02:11:31.529 [Forwarding getAlertText on session b065353ba2ee0486eeb6a2973e1b8ffe to remote] DEBUG org.asynchttpclient.netty.request.NettyRequestSender - Using pooled Channel '[id: 0xe2331cea, L:/127.0.0.1:61736 - R:localhost/127.0.0.1:56164]' for 'GET' to 'http://localhost:56164/session/b065353ba2ee0486eeb6a2973e1b8ffe/alert/text'
02:11:31.529 [Forwarding getAlertText on session b065353ba2ee0486eeb6a2973e1b8ffe to remote] DEBUG org.asynchttpclient.netty.request.NettyRequestSender - Using open Channel [id: 0xe2331cea, L:/127.0.0.1:61736 - R:localhost/127.0.0.1:56164] for GET '/session/b065353ba2ee0486eeb6a2973e1b8ffe/alert/text'
02:11:31.530 [AsyncHttpClient-1-11] DEBUG org.asynchttpclient.netty.handler.HttpHandler - 

Request DefaultFullHttpRequest(decodeResult: success, version: HTTP/1.1, content: EmptyByteBufBE)
GET /session/b065353ba2ee0486eeb6a2973e1b8ffe/alert/text HTTP/1.1
User-Agent: selenium/4.1.3 (java windows)
Cache-Control: no-cache
Content-Type: application/json; charset=utf-8
host: localhost:56164
accept: */*

Response DefaultHttpResponse(decodeResult: success, version: HTTP/1.1)
HTTP/1.1 200 OK
Content-Type: application/json; charset=utf-8
cache-control: no-cache
content-length: 29

02:11:31.530 [AsyncHttpClient-1-11] DEBUG org.asynchttpclient.netty.channel.ChannelManager - Adding key: http://localhost:56164 for channel [id: 0xe2331cea, L:/127.0.0.1:61736 - R:localhost/127.0.0.1:56164]
02:11:31.531 [Forwarding getAlertText on session b065353ba2ee0486eeb6a2973e1b8ffe to remote] DEBUG org.asynchttpclient.netty.request.NettyRequestSender - Using pooled Channel '[id: 0xe2331cea, L:/127.0.0.1:61736 - R:localhost/127.0.0.1:56164]' for 'GET' to 'http://localhost:56164/session/b065353ba2ee0486eeb6a2973e1b8ffe/alert/text'
02:11:31.531 [Forwarding getAlertText on session b065353ba2ee0486eeb6a2973e1b8ffe to remote] DEBUG org.asynchttpclient.netty.request.NettyRequestSender - Using open Channel [id: 0xe2331cea, L:/127.0.0.1:61736 - R:localhost/127.0.0.1:56164] for GET '/session/b065353ba2ee0486eeb6a2973e1b8ffe/alert/text'
02:11:31.531 [AsyncHttpClient-1-11] DEBUG org.asynchttpclient.netty.handler.HttpHandler - 

Request DefaultFullHttpRequest(decodeResult: success, version: HTTP/1.1, content: EmptyByteBufBE)
GET /session/b065353ba2ee0486eeb6a2973e1b8ffe/alert/text HTTP/1.1
User-Agent: selenium/4.1.3 (java windows)
Cache-Control: no-cache
Content-Type: application/json; charset=utf-8
host: localhost:56164
accept: */*

Response DefaultHttpResponse(decodeResult: success, version: HTTP/1.1)
HTTP/1.1 200 OK
Content-Type: application/json; charset=utf-8
cache-control: no-cache
content-length: 29

02:11:31.532 [AsyncHttpClient-1-11] DEBUG org.asynchttpclient.netty.channel.ChannelManager - Adding key: http://localhost:56164 for channel [id: 0xe2331cea, L:/127.0.0.1:61736 - R:localhost/127.0.0.1:56164]
02:11:31.533 [Forwarding acceptAlert on session b065353ba2ee0486eeb6a2973e1b8ffe to remote] DEBUG org.asynchttpclient.netty.request.NettyRequestSender - Using pooled Channel '[id: 0xe2331cea, L:/127.0.0.1:61736 - R:localhost/127.0.0.1:56164]' for 'POST' to 'http://localhost:56164/session/b065353ba2ee0486eeb6a2973e1b8ffe/alert/accept'
02:11:31.533 [Forwarding acceptAlert on session b065353ba2ee0486eeb6a2973e1b8ffe to remote] DEBUG org.asynchttpclient.netty.request.NettyRequestSender - Using open Channel [id: 0xe2331cea, L:/127.0.0.1:61736 - R:localhost/127.0.0.1:56164] for POST '/session/b065353ba2ee0486eeb6a2973e1b8ffe/alert/accept'
02:11:31.535 [AsyncHttpClient-1-11] DEBUG org.asynchttpclient.netty.handler.HttpHandler - 

Request DefaultHttpRequest(decodeResult: success, version: HTTP/1.1)
POST /session/b065353ba2ee0486eeb6a2973e1b8ffe/alert/accept HTTP/1.1
User-Agent: selenium/4.1.3 (java windows)
Content-Length: 3
Content-Type: application/json; charset=utf-8
host: localhost:56164
accept: */*

Response DefaultHttpResponse(decodeResult: success, version: HTTP/1.1)
HTTP/1.1 200 OK
Content-Type: application/json; charset=utf-8
cache-control: no-cache
content-length: 14

02:11:31.535 [AsyncHttpClient-1-11] DEBUG org.asynchttpclient.netty.channel.ChannelManager - Adding key: http://localhost:56164 for channel [id: 0xe2331cea, L:/127.0.0.1:61736 - R:localhost/127.0.0.1:56164]
02:11:31.538 [main] DEBUG net.thucydides.core.steps.StepInterceptor - STEP DONE: checkInvalid
  &amp#27;[32mThen &amp#27;[0m&amp#27;[32mthe error message &amp#27;[0m&amp#27;[32m&amp#27;[1m'User is not valid'&amp#27;[0m&amp#27;[32m is displayed&amp#27;[0m          &amp#27;[90m# cucumber.LoginStepDefs.the_error_message_user_is_not_valid_is_displayed(java.lang.String)&amp#27;[0m
02:11:31.541 [main] INFO  - &amp#27;[92m
  _____   ___   ___   _____     ___     _     ___   ___   ___   ___  
 |_   _| | __| / __| |_   _|   | _ \   /_\   / __| / __| | __| |   \ 
   | |   | _|  \__ \   | |     |  _/  / _ \  \__ \ \__ \ | _|  | |) |
   |_|   |___| |___/   |_|     |_|   /_/ \_\ |___/ |___/ |___| |___/ 

user login unsuccessful
----------------------------------------------------------------------&amp#27;[0m
]]></system-out>
    <system-err><![CDATA[Starting ChromeDriver 100.0.4896.60 (6a5d10861ce8de5fce22564658033b43cb7de047-refs/branch-heads/4896@{#875}) on port 56164
Only local connections are allowed.
Please see https://chromedriver.chromium.org/security-considerations for suggestions on keeping ChromeDriver safe.
ChromeDriver was started successfully.
Apr 21, 2022 2:11:26 AM org.openqa.selenium.remote.ProtocolHandshake createSession
INFO: Detected dialect: W3C
Apr 21, 2022 2:11:26 AM org.openqa.selenium.devtools.CdpVersionFinder findNearestMatch
WARNING: Unable to find an exact match for CDP version 100, so returning the closest version found: 99
Apr 21, 2022 2:11:26 AM org.openqa.selenium.devtools.CdpVersionFinder findNearestMatch
INFO: Found CDP implementation for version 100 of 99
]]></system-err>
  </testcase>
  <testcase name="user login unsuccessful #2" classname="user login to the page unsuccessful" time="2.676">
    <system-out><![CDATA[
@unit
Scenario Outline: user login unsuccessful                          &amp#27;[90m# src/test/resources/features.login/login_unsuccess.feature:10&amp#27;[0m
02:11:31.548 [main] INFO io.cucumber.core.plugin.SerenityReporter - Running feature from file:///D:/Pratice/serenity_homework/src/test/resources/features.login/login_unsuccess.feature
02:11:31.548 [main] WARN io.cucumber.core.plugin.SerenityReporter - Feature from file:///D:/Pratice/serenity_homework/src/test/resources/features.login/login_unsuccess.feature is not under the 'features' directory. Requirements report will not be correctly generated!
02:11:31.575 [main] DEBUG io.github.bonigarcia.wdm.cache.ResolutionCache - Resolution chrome=100 in cache (valid until 02:23:33 21/04/2022 ICT)
02:11:31.575 [main] DEBUG io.github.bonigarcia.wdm.cache.ResolutionCache - Resolution chrome100=100.0.4896.60 in cache (valid until 15:25:50 21/04/2022 ICT)
02:11:31.575 [main] INFO io.github.bonigarcia.wdm.WebDriverManager - Using chromedriver 100.0.4896.60 (resolved driver for Chrome 100)
02:11:31.580 [main] DEBUG io.github.bonigarcia.wdm.WebDriverManager - Driver chromedriver 100.0.4896.60 found in cache
02:11:31.580 [main] INFO io.github.bonigarcia.wdm.WebDriverManager - Exporting webdriver.chrome.driver as C:\Users\dung.nguyenanh\.cache\selenium\chromedriver\win32\100.0.4896.60\chromedriver.exe
02:11:31.582 [Forwarding get on session b065353ba2ee0486eeb6a2973e1b8ffe to remote] DEBUG org.asynchttpclient.netty.request.NettyRequestSender - Using pooled Channel '[id: 0xe2331cea, L:/127.0.0.1:61736 - R:localhost/127.0.0.1:56164]' for 'POST' to 'http://localhost:56164/session/b065353ba2ee0486eeb6a2973e1b8ffe/url'
02:11:31.582 [Forwarding get on session b065353ba2ee0486eeb6a2973e1b8ffe to remote] DEBUG org.asynchttpclient.netty.request.NettyRequestSender - Using open Channel [id: 0xe2331cea, L:/127.0.0.1:61736 - R:localhost/127.0.0.1:56164] for POST '/session/b065353ba2ee0486eeb6a2973e1b8ffe/url'
02:11:31.756 [AsyncHttpClient-1-1] DEBUG org.asynchttpclient.netty.channel.DefaultChannelPool - Entry count for : http://localhost:61737 : 1
02:11:32.856 [AsyncHttpClient-1-1] DEBUG org.asynchttpclient.netty.channel.DefaultChannelPool - Entry count for : http://localhost:61737 : 1
02:11:33.354 [AsyncHttpClient-1-11] DEBUG org.asynchttpclient.netty.handler.HttpHandler - 

Request DefaultHttpRequest(decodeResult: success, version: HTTP/1.1)
POST /session/b065353ba2ee0486eeb6a2973e1b8ffe/url HTTP/1.1
User-Agent: selenium/4.1.3 (java windows)
Content-Length: 94
Content-Type: application/json; charset=utf-8
host: localhost:56164
accept: */*

Response DefaultHttpResponse(decodeResult: success, version: HTTP/1.1)
HTTP/1.1 200 OK
Content-Type: application/json; charset=utf-8
cache-control: no-cache
content-length: 14

02:11:33.355 [AsyncHttpClient-1-11] DEBUG org.asynchttpclient.netty.channel.ChannelManager - Adding key: http://localhost:56164 for channel [id: 0xe2331cea, L:/127.0.0.1:61736 - R:localhost/127.0.0.1:56164]
02:11:33.356 [Forwarding getCurrentUrl on session b065353ba2ee0486eeb6a2973e1b8ffe to remote] DEBUG org.asynchttpclient.netty.request.NettyRequestSender - Using pooled Channel '[id: 0xe2331cea, L:/127.0.0.1:61736 - R:localhost/127.0.0.1:56164]' for 'GET' to 'http://localhost:56164/session/b065353ba2ee0486eeb6a2973e1b8ffe/url'
02:11:33.356 [Forwarding getCurrentUrl on session b065353ba2ee0486eeb6a2973e1b8ffe to remote] DEBUG org.asynchttpclient.netty.request.NettyRequestSender - Using open Channel [id: 0xe2331cea, L:/127.0.0.1:61736 - R:localhost/127.0.0.1:56164] for GET '/session/b065353ba2ee0486eeb6a2973e1b8ffe/url'
02:11:33.362 [AsyncHttpClient-1-11] DEBUG org.asynchttpclient.netty.handler.HttpHandler - 

Request DefaultFullHttpRequest(decodeResult: success, version: HTTP/1.1, content: EmptyByteBufBE)
GET /session/b065353ba2ee0486eeb6a2973e1b8ffe/url HTTP/1.1
User-Agent: selenium/4.1.3 (java windows)
Cache-Control: no-cache
Content-Type: application/json; charset=utf-8
host: localhost:56164
accept: */*

Response DefaultHttpResponse(decodeResult: success, version: HTTP/1.1)
HTTP/1.1 200 OK
Content-Type: application/json; charset=utf-8
cache-control: no-cache
content-length: 61

02:11:33.362 [AsyncHttpClient-1-11] DEBUG org.asynchttpclient.netty.channel.ChannelManager - Adding key: http://localhost:56164 for channel [id: 0xe2331cea, L:/127.0.0.1:61736 - R:localhost/127.0.0.1:56164]
02:11:33.363 [Forwarding getCurrentUrl on session b065353ba2ee0486eeb6a2973e1b8ffe to remote] DEBUG org.asynchttpclient.netty.request.NettyRequestSender - Using pooled Channel '[id: 0xe2331cea, L:/127.0.0.1:61736 - R:localhost/127.0.0.1:56164]' for 'GET' to 'http://localhost:56164/session/b065353ba2ee0486eeb6a2973e1b8ffe/url'
02:11:33.363 [Forwarding getCurrentUrl on session b065353ba2ee0486eeb6a2973e1b8ffe to remote] DEBUG org.asynchttpclient.netty.request.NettyRequestSender - Using open Channel [id: 0xe2331cea, L:/127.0.0.1:61736 - R:localhost/127.0.0.1:56164] for GET '/session/b065353ba2ee0486eeb6a2973e1b8ffe/url'
02:11:33.369 [AsyncHttpClient-1-11] DEBUG org.asynchttpclient.netty.handler.HttpHandler - 

Request DefaultFullHttpRequest(decodeResult: success, version: HTTP/1.1, content: EmptyByteBufBE)
GET /session/b065353ba2ee0486eeb6a2973e1b8ffe/url HTTP/1.1
User-Agent: selenium/4.1.3 (java windows)
Cache-Control: no-cache
Content-Type: application/json; charset=utf-8
host: localhost:56164
accept: */*

Response DefaultHttpResponse(decodeResult: success, version: HTTP/1.1)
HTTP/1.1 200 OK
Content-Type: application/json; charset=utf-8
cache-control: no-cache
content-length: 61

02:11:33.369 [AsyncHttpClient-1-11] DEBUG org.asynchttpclient.netty.channel.ChannelManager - Adding key: http://localhost:56164 for channel [id: 0xe2331cea, L:/127.0.0.1:61736 - R:localhost/127.0.0.1:56164]
02:11:33.372 [Forwarding maximizeCurrentWindow on session b065353ba2ee0486eeb6a2973e1b8ffe to remote] DEBUG org.asynchttpclient.netty.request.NettyRequestSender - Using pooled Channel '[id: 0xe2331cea, L:/127.0.0.1:61736 - R:localhost/127.0.0.1:56164]' for 'POST' to 'http://localhost:56164/session/b065353ba2ee0486eeb6a2973e1b8ffe/window/maximize'
02:11:33.372 [Forwarding maximizeCurrentWindow on session b065353ba2ee0486eeb6a2973e1b8ffe to remote] DEBUG org.asynchttpclient.netty.request.NettyRequestSender - Using open Channel [id: 0xe2331cea, L:/127.0.0.1:61736 - R:localhost/127.0.0.1:56164] for POST '/session/b065353ba2ee0486eeb6a2973e1b8ffe/window/maximize'
02:11:33.374 [AsyncHttpClient-1-11] DEBUG org.asynchttpclient.netty.handler.HttpHandler - 

Request DefaultHttpRequest(decodeResult: success, version: HTTP/1.1)
POST /session/b065353ba2ee0486eeb6a2973e1b8ffe/window/maximize HTTP/1.1
User-Agent: selenium/4.1.3 (java windows)
Content-Length: 3
Content-Type: application/json; charset=utf-8
host: localhost:56164
accept: */*

Response DefaultHttpResponse(decodeResult: success, version: HTTP/1.1)
HTTP/1.1 200 OK
Content-Type: application/json; charset=utf-8
cache-control: no-cache
content-length: 51

02:11:33.375 [AsyncHttpClient-1-11] DEBUG org.asynchttpclient.netty.channel.ChannelManager - Adding key: http://localhost:56164 for channel [id: 0xe2331cea, L:/127.0.0.1:61736 - R:localhost/127.0.0.1:56164]
02:11:33.384 [main] DEBUG net.thucydides.core.steps.StepInterceptor - STARTING STEP: LoginStepDefs.the_user_enters_the_username_and_password - login
02:11:33.387 [Forwarding setTimeout on session b065353ba2ee0486eeb6a2973e1b8ffe to remote] DEBUG org.asynchttpclient.netty.request.NettyRequestSender - Using pooled Channel '[id: 0xe2331cea, L:/127.0.0.1:61736 - R:localhost/127.0.0.1:56164]' for 'POST' to 'http://localhost:56164/session/b065353ba2ee0486eeb6a2973e1b8ffe/timeouts'
02:11:33.387 [Forwarding setTimeout on session b065353ba2ee0486eeb6a2973e1b8ffe to remote] DEBUG org.asynchttpclient.netty.request.NettyRequestSender - Using open Channel [id: 0xe2331cea, L:/127.0.0.1:61736 - R:localhost/127.0.0.1:56164] for POST '/session/b065353ba2ee0486eeb6a2973e1b8ffe/timeouts'
02:11:33.387 [AsyncHttpClient-1-11] DEBUG org.asynchttpclient.netty.handler.HttpHandler - 

Request DefaultHttpRequest(decodeResult: success, version: HTTP/1.1)
POST /session/b065353ba2ee0486eeb6a2973e1b8ffe/timeouts HTTP/1.1
User-Agent: selenium/4.1.3 (java windows)
Content-Length: 19
Content-Type: application/json; charset=utf-8
host: localhost:56164
accept: */*

Response DefaultHttpResponse(decodeResult: success, version: HTTP/1.1)
HTTP/1.1 200 OK
Content-Type: application/json; charset=utf-8
cache-control: no-cache
content-length: 14

02:11:33.387 [AsyncHttpClient-1-11] DEBUG org.asynchttpclient.netty.channel.ChannelManager - Adding key: http://localhost:56164 for channel [id: 0xe2331cea, L:/127.0.0.1:61736 - R:localhost/127.0.0.1:56164]
02:11:33.390 [Forwarding findElement on session b065353ba2ee0486eeb6a2973e1b8ffe to remote] DEBUG org.asynchttpclient.netty.request.NettyRequestSender - Using pooled Channel '[id: 0xe2331cea, L:/127.0.0.1:61736 - R:localhost/127.0.0.1:56164]' for 'POST' to 'http://localhost:56164/session/b065353ba2ee0486eeb6a2973e1b8ffe/element'
02:11:33.390 [Forwarding findElement on session b065353ba2ee0486eeb6a2973e1b8ffe to remote] DEBUG org.asynchttpclient.netty.request.NettyRequestSender - Using open Channel [id: 0xe2331cea, L:/127.0.0.1:61736 - R:localhost/127.0.0.1:56164] for POST '/session/b065353ba2ee0486eeb6a2973e1b8ffe/element'
02:11:33.397 [AsyncHttpClient-1-11] DEBUG org.asynchttpclient.netty.handler.HttpHandler - 

Request DefaultHttpRequest(decodeResult: success, version: HTTP/1.1)
POST /session/b065353ba2ee0486eeb6a2973e1b8ffe/element HTTP/1.1
User-Agent: selenium/4.1.3 (java windows)
Content-Length: 61
Content-Type: application/json; charset=utf-8
host: localhost:56164
accept: */*

Response DefaultHttpResponse(decodeResult: success, version: HTTP/1.1)
HTTP/1.1 200 OK
Content-Type: application/json; charset=utf-8
cache-control: no-cache
content-length: 88

02:11:33.397 [AsyncHttpClient-1-11] DEBUG org.asynchttpclient.netty.channel.ChannelManager - Adding key: http://localhost:56164 for channel [id: 0xe2331cea, L:/127.0.0.1:61736 - R:localhost/127.0.0.1:56164]
02:11:33.398 [Forwarding setTimeout on session b065353ba2ee0486eeb6a2973e1b8ffe to remote] DEBUG org.asynchttpclient.netty.request.NettyRequestSender - Using pooled Channel '[id: 0xe2331cea, L:/127.0.0.1:61736 - R:localhost/127.0.0.1:56164]' for 'POST' to 'http://localhost:56164/session/b065353ba2ee0486eeb6a2973e1b8ffe/timeouts'
02:11:33.398 [Forwarding setTimeout on session b065353ba2ee0486eeb6a2973e1b8ffe to remote] DEBUG org.asynchttpclient.netty.request.NettyRequestSender - Using open Channel [id: 0xe2331cea, L:/127.0.0.1:61736 - R:localhost/127.0.0.1:56164] for POST '/session/b065353ba2ee0486eeb6a2973e1b8ffe/timeouts'
02:11:33.399 [AsyncHttpClient-1-11] DEBUG org.asynchttpclient.netty.handler.HttpHandler - 

Request DefaultHttpRequest(decodeResult: success, version: HTTP/1.1)
POST /session/b065353ba2ee0486eeb6a2973e1b8ffe/timeouts HTTP/1.1
User-Agent: selenium/4.1.3 (java windows)
Content-Length: 22
Content-Type: application/json; charset=utf-8
host: localhost:56164
accept: */*

Response DefaultHttpResponse(decodeResult: success, version: HTTP/1.1)
HTTP/1.1 200 OK
Content-Type: application/json; charset=utf-8
cache-control: no-cache
content-length: 14

02:11:33.399 [AsyncHttpClient-1-11] DEBUG org.asynchttpclient.netty.channel.ChannelManager - Adding key: http://localhost:56164 for channel [id: 0xe2331cea, L:/127.0.0.1:61736 - R:localhost/127.0.0.1:56164]
02:11:33.402 [Forwarding isElementDisplayed on session b065353ba2ee0486eeb6a2973e1b8ffe to remote] DEBUG org.asynchttpclient.netty.request.NettyRequestSender - Using pooled Channel '[id: 0xe2331cea, L:/127.0.0.1:61736 - R:localhost/127.0.0.1:56164]' for 'POST' to 'http://localhost:56164/session/b065353ba2ee0486eeb6a2973e1b8ffe/execute/sync'
02:11:33.402 [Forwarding isElementDisplayed on session b065353ba2ee0486eeb6a2973e1b8ffe to remote] DEBUG org.asynchttpclient.netty.request.NettyRequestSender - Using open Channel [id: 0xe2331cea, L:/127.0.0.1:61736 - R:localhost/127.0.0.1:56164] for POST '/session/b065353ba2ee0486eeb6a2973e1b8ffe/execute/sync'
02:11:33.414 [AsyncHttpClient-1-11] DEBUG org.asynchttpclient.netty.handler.HttpHandler - 

Request DefaultHttpRequest(decodeResult: success, version: HTTP/1.1)
POST /session/b065353ba2ee0486eeb6a2973e1b8ffe/execute/sync HTTP/1.1
User-Agent: selenium/4.1.3 (java windows)
Content-Length: 48780
Content-Type: application/json; charset=utf-8
host: localhost:56164
accept: */*

Response DefaultHttpResponse(decodeResult: success, version: HTTP/1.1)
HTTP/1.1 200 OK
Content-Type: application/json; charset=utf-8
cache-control: no-cache
content-length: 14

02:11:33.414 [AsyncHttpClient-1-11] DEBUG org.asynchttpclient.netty.channel.ChannelManager - Adding key: http://localhost:56164 for channel [id: 0xe2331cea, L:/127.0.0.1:61736 - R:localhost/127.0.0.1:56164]
02:11:33.417 [Forwarding clearElement on session b065353ba2ee0486eeb6a2973e1b8ffe to remote] DEBUG org.asynchttpclient.netty.request.NettyRequestSender - Using pooled Channel '[id: 0xe2331cea, L:/127.0.0.1:61736 - R:localhost/127.0.0.1:56164]' for 'POST' to 'http://localhost:56164/session/b065353ba2ee0486eeb6a2973e1b8ffe/element/de48578c-ab03-48d2-bf08-3c9f96bf39b2/clear'
02:11:33.417 [Forwarding clearElement on session b065353ba2ee0486eeb6a2973e1b8ffe to remote] DEBUG org.asynchttpclient.netty.request.NettyRequestSender - Using open Channel [id: 0xe2331cea, L:/127.0.0.1:61736 - R:localhost/127.0.0.1:56164] for POST '/session/b065353ba2ee0486eeb6a2973e1b8ffe/element/de48578c-ab03-48d2-bf08-3c9f96bf39b2/clear'
02:11:33.555 [AsyncHttpClient-1-11] DEBUG org.asynchttpclient.netty.handler.HttpHandler - 

Request DefaultHttpRequest(decodeResult: success, version: HTTP/1.1)
POST /session/b065353ba2ee0486eeb6a2973e1b8ffe/element/de48578c-ab03-48d2-bf08-3c9f96bf39b2/clear HTTP/1.1
User-Agent: selenium/4.1.3 (java windows)
Content-Length: 50
Content-Type: application/json; charset=utf-8
host: localhost:56164
accept: */*

Response DefaultHttpResponse(decodeResult: success, version: HTTP/1.1)
HTTP/1.1 200 OK
Content-Type: application/json; charset=utf-8
cache-control: no-cache
content-length: 14

02:11:33.555 [AsyncHttpClient-1-11] DEBUG org.asynchttpclient.netty.channel.ChannelManager - Adding key: http://localhost:56164 for channel [id: 0xe2331cea, L:/127.0.0.1:61736 - R:localhost/127.0.0.1:56164]
02:11:33.556 [Forwarding sendKeysToElement on session b065353ba2ee0486eeb6a2973e1b8ffe to remote] DEBUG org.asynchttpclient.netty.request.NettyRequestSender - Using pooled Channel '[id: 0xe2331cea, L:/127.0.0.1:61736 - R:localhost/127.0.0.1:56164]' for 'POST' to 'http://localhost:56164/session/b065353ba2ee0486eeb6a2973e1b8ffe/element/de48578c-ab03-48d2-bf08-3c9f96bf39b2/value'
02:11:33.556 [Forwarding sendKeysToElement on session b065353ba2ee0486eeb6a2973e1b8ffe to remote] DEBUG org.asynchttpclient.netty.request.NettyRequestSender - Using open Channel [id: 0xe2331cea, L:/127.0.0.1:61736 - R:localhost/127.0.0.1:56164] for POST '/session/b065353ba2ee0486eeb6a2973e1b8ffe/element/de48578c-ab03-48d2-bf08-3c9f96bf39b2/value'
02:11:33.589 [AsyncHttpClient-1-11] DEBUG org.asynchttpclient.netty.handler.HttpHandler - 

Request DefaultHttpRequest(decodeResult: success, version: HTTP/1.1)
POST /session/b065353ba2ee0486eeb6a2973e1b8ffe/element/de48578c-ab03-48d2-bf08-3c9f96bf39b2/value HTTP/1.1
User-Agent: selenium/4.1.3 (java windows)
Content-Length: 131
Content-Type: application/json; charset=utf-8
host: localhost:56164
accept: */*

Response DefaultHttpResponse(decodeResult: success, version: HTTP/1.1)
HTTP/1.1 200 OK
Content-Type: application/json; charset=utf-8
cache-control: no-cache
content-length: 14

02:11:33.589 [AsyncHttpClient-1-11] DEBUG org.asynchttpclient.netty.channel.ChannelManager - Adding key: http://localhost:56164 for channel [id: 0xe2331cea, L:/127.0.0.1:61736 - R:localhost/127.0.0.1:56164]
02:11:33.595 [Forwarding setTimeout on session b065353ba2ee0486eeb6a2973e1b8ffe to remote] DEBUG org.asynchttpclient.netty.request.NettyRequestSender - Using pooled Channel '[id: 0xe2331cea, L:/127.0.0.1:61736 - R:localhost/127.0.0.1:56164]' for 'POST' to 'http://localhost:56164/session/b065353ba2ee0486eeb6a2973e1b8ffe/timeouts'
02:11:33.596 [Forwarding setTimeout on session b065353ba2ee0486eeb6a2973e1b8ffe to remote] DEBUG org.asynchttpclient.netty.request.NettyRequestSender - Using open Channel [id: 0xe2331cea, L:/127.0.0.1:61736 - R:localhost/127.0.0.1:56164] for POST '/session/b065353ba2ee0486eeb6a2973e1b8ffe/timeouts'
02:11:33.597 [AsyncHttpClient-1-11] DEBUG org.asynchttpclient.netty.handler.HttpHandler - 

Request DefaultHttpRequest(decodeResult: success, version: HTTP/1.1)
POST /session/b065353ba2ee0486eeb6a2973e1b8ffe/timeouts HTTP/1.1
User-Agent: selenium/4.1.3 (java windows)
Content-Length: 19
Content-Type: application/json; charset=utf-8
host: localhost:56164
accept: */*

Response DefaultHttpResponse(decodeResult: success, version: HTTP/1.1)
HTTP/1.1 200 OK
Content-Type: application/json; charset=utf-8
cache-control: no-cache
content-length: 14

02:11:33.597 [AsyncHttpClient-1-11] DEBUG org.asynchttpclient.netty.channel.ChannelManager - Adding key: http://localhost:56164 for channel [id: 0xe2331cea, L:/127.0.0.1:61736 - R:localhost/127.0.0.1:56164]
02:11:33.599 [Forwarding findElement on session b065353ba2ee0486eeb6a2973e1b8ffe to remote] DEBUG org.asynchttpclient.netty.request.NettyRequestSender - Using pooled Channel '[id: 0xe2331cea, L:/127.0.0.1:61736 - R:localhost/127.0.0.1:56164]' for 'POST' to 'http://localhost:56164/session/b065353ba2ee0486eeb6a2973e1b8ffe/element'
02:11:33.599 [Forwarding findElement on session b065353ba2ee0486eeb6a2973e1b8ffe to remote] DEBUG org.asynchttpclient.netty.request.NettyRequestSender - Using open Channel [id: 0xe2331cea, L:/127.0.0.1:61736 - R:localhost/127.0.0.1:56164] for POST '/session/b065353ba2ee0486eeb6a2973e1b8ffe/element'
02:11:33.651 [AsyncHttpClient-1-11] DEBUG org.asynchttpclient.netty.handler.HttpHandler - 

Request DefaultHttpRequest(decodeResult: success, version: HTTP/1.1)
POST /session/b065353ba2ee0486eeb6a2973e1b8ffe/element HTTP/1.1
User-Agent: selenium/4.1.3 (java windows)
Content-Length: 66
Content-Type: application/json; charset=utf-8
host: localhost:56164
accept: */*

Response DefaultHttpResponse(decodeResult: success, version: HTTP/1.1)
HTTP/1.1 200 OK
Content-Type: application/json; charset=utf-8
cache-control: no-cache
content-length: 88

02:11:33.651 [AsyncHttpClient-1-11] DEBUG org.asynchttpclient.netty.channel.ChannelManager - Adding key: http://localhost:56164 for channel [id: 0xe2331cea, L:/127.0.0.1:61736 - R:localhost/127.0.0.1:56164]
02:11:33.653 [Forwarding setTimeout on session b065353ba2ee0486eeb6a2973e1b8ffe to remote] DEBUG org.asynchttpclient.netty.request.NettyRequestSender - Using pooled Channel '[id: 0xe2331cea, L:/127.0.0.1:61736 - R:localhost/127.0.0.1:56164]' for 'POST' to 'http://localhost:56164/session/b065353ba2ee0486eeb6a2973e1b8ffe/timeouts'
02:11:33.653 [Forwarding setTimeout on session b065353ba2ee0486eeb6a2973e1b8ffe to remote] DEBUG org.asynchttpclient.netty.request.NettyRequestSender - Using open Channel [id: 0xe2331cea, L:/127.0.0.1:61736 - R:localhost/127.0.0.1:56164] for POST '/session/b065353ba2ee0486eeb6a2973e1b8ffe/timeouts'
02:11:33.654 [AsyncHttpClient-1-11] DEBUG org.asynchttpclient.netty.handler.HttpHandler - 

Request DefaultHttpRequest(decodeResult: success, version: HTTP/1.1)
POST /session/b065353ba2ee0486eeb6a2973e1b8ffe/timeouts HTTP/1.1
User-Agent: selenium/4.1.3 (java windows)
Content-Length: 22
Content-Type: application/json; charset=utf-8
host: localhost:56164
accept: */*

Response DefaultHttpResponse(decodeResult: success, version: HTTP/1.1)
HTTP/1.1 200 OK
Content-Type: application/json; charset=utf-8
cache-control: no-cache
content-length: 14

02:11:33.654 [AsyncHttpClient-1-11] DEBUG org.asynchttpclient.netty.channel.ChannelManager - Adding key: http://localhost:56164 for channel [id: 0xe2331cea, L:/127.0.0.1:61736 - R:localhost/127.0.0.1:56164]
02:11:33.657 [Forwarding isElementDisplayed on session b065353ba2ee0486eeb6a2973e1b8ffe to remote] DEBUG org.asynchttpclient.netty.request.NettyRequestSender - Using pooled Channel '[id: 0xe2331cea, L:/127.0.0.1:61736 - R:localhost/127.0.0.1:56164]' for 'POST' to 'http://localhost:56164/session/b065353ba2ee0486eeb6a2973e1b8ffe/execute/sync'
02:11:33.657 [Forwarding isElementDisplayed on session b065353ba2ee0486eeb6a2973e1b8ffe to remote] DEBUG org.asynchttpclient.netty.request.NettyRequestSender - Using open Channel [id: 0xe2331cea, L:/127.0.0.1:61736 - R:localhost/127.0.0.1:56164] for POST '/session/b065353ba2ee0486eeb6a2973e1b8ffe/execute/sync'
02:11:33.665 [AsyncHttpClient-1-11] DEBUG org.asynchttpclient.netty.handler.HttpHandler - 

Request DefaultHttpRequest(decodeResult: success, version: HTTP/1.1)
POST /session/b065353ba2ee0486eeb6a2973e1b8ffe/execute/sync HTTP/1.1
User-Agent: selenium/4.1.3 (java windows)
Content-Length: 48780
Content-Type: application/json; charset=utf-8
host: localhost:56164
accept: */*

Response DefaultHttpResponse(decodeResult: success, version: HTTP/1.1)
HTTP/1.1 200 OK
Content-Type: application/json; charset=utf-8
cache-control: no-cache
content-length: 14

02:11:33.665 [AsyncHttpClient-1-11] DEBUG org.asynchttpclient.netty.channel.ChannelManager - Adding key: http://localhost:56164 for channel [id: 0xe2331cea, L:/127.0.0.1:61736 - R:localhost/127.0.0.1:56164]
02:11:33.667 [Forwarding clearElement on session b065353ba2ee0486eeb6a2973e1b8ffe to remote] DEBUG org.asynchttpclient.netty.request.NettyRequestSender - Using pooled Channel '[id: 0xe2331cea, L:/127.0.0.1:61736 - R:localhost/127.0.0.1:56164]' for 'POST' to 'http://localhost:56164/session/b065353ba2ee0486eeb6a2973e1b8ffe/element/8a009684-5f17-4dbd-8ef6-38af8d2bb435/clear'
02:11:33.667 [Forwarding clearElement on session b065353ba2ee0486eeb6a2973e1b8ffe to remote] DEBUG org.asynchttpclient.netty.request.NettyRequestSender - Using open Channel [id: 0xe2331cea, L:/127.0.0.1:61736 - R:localhost/127.0.0.1:56164] for POST '/session/b065353ba2ee0486eeb6a2973e1b8ffe/element/8a009684-5f17-4dbd-8ef6-38af8d2bb435/clear'
02:11:33.690 [AsyncHttpClient-1-11] DEBUG org.asynchttpclient.netty.handler.HttpHandler - 

Request DefaultHttpRequest(decodeResult: success, version: HTTP/1.1)
POST /session/b065353ba2ee0486eeb6a2973e1b8ffe/element/8a009684-5f17-4dbd-8ef6-38af8d2bb435/clear HTTP/1.1
User-Agent: selenium/4.1.3 (java windows)
Content-Length: 50
Content-Type: application/json; charset=utf-8
host: localhost:56164
accept: */*

Response DefaultHttpResponse(decodeResult: success, version: HTTP/1.1)
HTTP/1.1 200 OK
Content-Type: application/json; charset=utf-8
cache-control: no-cache
content-length: 14

02:11:33.690 [AsyncHttpClient-1-11] DEBUG org.asynchttpclient.netty.channel.ChannelManager - Adding key: http://localhost:56164 for channel [id: 0xe2331cea, L:/127.0.0.1:61736 - R:localhost/127.0.0.1:56164]
02:11:33.691 [Forwarding sendKeysToElement on session b065353ba2ee0486eeb6a2973e1b8ffe to remote] DEBUG org.asynchttpclient.netty.request.NettyRequestSender - Using pooled Channel '[id: 0xe2331cea, L:/127.0.0.1:61736 - R:localhost/127.0.0.1:56164]' for 'POST' to 'http://localhost:56164/session/b065353ba2ee0486eeb6a2973e1b8ffe/element/8a009684-5f17-4dbd-8ef6-38af8d2bb435/value'
02:11:33.692 [Forwarding sendKeysToElement on session b065353ba2ee0486eeb6a2973e1b8ffe to remote] DEBUG org.asynchttpclient.netty.request.NettyRequestSender - Using open Channel [id: 0xe2331cea, L:/127.0.0.1:61736 - R:localhost/127.0.0.1:56164] for POST '/session/b065353ba2ee0486eeb6a2973e1b8ffe/element/8a009684-5f17-4dbd-8ef6-38af8d2bb435/value'
02:11:33.736 [AsyncHttpClient-1-11] DEBUG org.asynchttpclient.netty.handler.HttpHandler - 

Request DefaultHttpRequest(decodeResult: success, version: HTTP/1.1)
POST /session/b065353ba2ee0486eeb6a2973e1b8ffe/element/8a009684-5f17-4dbd-8ef6-38af8d2bb435/value HTTP/1.1
User-Agent: selenium/4.1.3 (java windows)
Content-Length: 181
Content-Type: application/json; charset=utf-8
host: localhost:56164
accept: */*

Response DefaultHttpResponse(decodeResult: success, version: HTTP/1.1)
HTTP/1.1 200 OK
Content-Type: application/json; charset=utf-8
cache-control: no-cache
content-length: 14

02:11:33.736 [AsyncHttpClient-1-11] DEBUG org.asynchttpclient.netty.channel.ChannelManager - Adding key: http://localhost:56164 for channel [id: 0xe2331cea, L:/127.0.0.1:61736 - R:localhost/127.0.0.1:56164]
02:11:33.743 [Forwarding setTimeout on session b065353ba2ee0486eeb6a2973e1b8ffe to remote] DEBUG org.asynchttpclient.netty.request.NettyRequestSender - Using pooled Channel '[id: 0xe2331cea, L:/127.0.0.1:61736 - R:localhost/127.0.0.1:56164]' for 'POST' to 'http://localhost:56164/session/b065353ba2ee0486eeb6a2973e1b8ffe/timeouts'
02:11:33.743 [Forwarding setTimeout on session b065353ba2ee0486eeb6a2973e1b8ffe to remote] DEBUG org.asynchttpclient.netty.request.NettyRequestSender - Using open Channel [id: 0xe2331cea, L:/127.0.0.1:61736 - R:localhost/127.0.0.1:56164] for POST '/session/b065353ba2ee0486eeb6a2973e1b8ffe/timeouts'
02:11:33.744 [AsyncHttpClient-1-11] DEBUG org.asynchttpclient.netty.handler.HttpHandler - 

Request DefaultHttpRequest(decodeResult: success, version: HTTP/1.1)
POST /session/b065353ba2ee0486eeb6a2973e1b8ffe/timeouts HTTP/1.1
User-Agent: selenium/4.1.3 (java windows)
Content-Length: 19
Content-Type: application/json; charset=utf-8
host: localhost:56164
accept: */*

Response DefaultHttpResponse(decodeResult: success, version: HTTP/1.1)
HTTP/1.1 200 OK
Content-Type: application/json; charset=utf-8
cache-control: no-cache
content-length: 14

02:11:33.745 [AsyncHttpClient-1-11] DEBUG org.asynchttpclient.netty.channel.ChannelManager - Adding key: http://localhost:56164 for channel [id: 0xe2331cea, L:/127.0.0.1:61736 - R:localhost/127.0.0.1:56164]
02:11:33.747 [Forwarding findElement on session b065353ba2ee0486eeb6a2973e1b8ffe to remote] DEBUG org.asynchttpclient.netty.request.NettyRequestSender - Using pooled Channel '[id: 0xe2331cea, L:/127.0.0.1:61736 - R:localhost/127.0.0.1:56164]' for 'POST' to 'http://localhost:56164/session/b065353ba2ee0486eeb6a2973e1b8ffe/element'
02:11:33.747 [Forwarding findElement on session b065353ba2ee0486eeb6a2973e1b8ffe to remote] DEBUG org.asynchttpclient.netty.request.NettyRequestSender - Using open Channel [id: 0xe2331cea, L:/127.0.0.1:61736 - R:localhost/127.0.0.1:56164] for POST '/session/b065353ba2ee0486eeb6a2973e1b8ffe/element'
02:11:33.758 [AsyncHttpClient-1-11] DEBUG org.asynchttpclient.netty.handler.HttpHandler - 

Request DefaultHttpRequest(decodeResult: success, version: HTTP/1.1)
POST /session/b065353ba2ee0486eeb6a2973e1b8ffe/element HTTP/1.1
User-Agent: selenium/4.1.3 (java windows)
Content-Length: 64
Content-Type: application/json; charset=utf-8
host: localhost:56164
accept: */*

Response DefaultHttpResponse(decodeResult: success, version: HTTP/1.1)
HTTP/1.1 200 OK
Content-Type: application/json; charset=utf-8
cache-control: no-cache
content-length: 88

02:11:33.759 [AsyncHttpClient-1-11] DEBUG org.asynchttpclient.netty.channel.ChannelManager - Adding key: http://localhost:56164 for channel [id: 0xe2331cea, L:/127.0.0.1:61736 - R:localhost/127.0.0.1:56164]
02:11:33.760 [Forwarding setTimeout on session b065353ba2ee0486eeb6a2973e1b8ffe to remote] DEBUG org.asynchttpclient.netty.request.NettyRequestSender - Using pooled Channel '[id: 0xe2331cea, L:/127.0.0.1:61736 - R:localhost/127.0.0.1:56164]' for 'POST' to 'http://localhost:56164/session/b065353ba2ee0486eeb6a2973e1b8ffe/timeouts'
02:11:33.760 [Forwarding setTimeout on session b065353ba2ee0486eeb6a2973e1b8ffe to remote] DEBUG org.asynchttpclient.netty.request.NettyRequestSender - Using open Channel [id: 0xe2331cea, L:/127.0.0.1:61736 - R:localhost/127.0.0.1:56164] for POST '/session/b065353ba2ee0486eeb6a2973e1b8ffe/timeouts'
02:11:33.760 [AsyncHttpClient-1-11] DEBUG org.asynchttpclient.netty.handler.HttpHandler - 

Request DefaultHttpRequest(decodeResult: success, version: HTTP/1.1)
POST /session/b065353ba2ee0486eeb6a2973e1b8ffe/timeouts HTTP/1.1
User-Agent: selenium/4.1.3 (java windows)
Content-Length: 22
Content-Type: application/json; charset=utf-8
host: localhost:56164
accept: */*

Response DefaultHttpResponse(decodeResult: success, version: HTTP/1.1)
HTTP/1.1 200 OK
Content-Type: application/json; charset=utf-8
cache-control: no-cache
content-length: 14

02:11:33.760 [AsyncHttpClient-1-11] DEBUG org.asynchttpclient.netty.channel.ChannelManager - Adding key: http://localhost:56164 for channel [id: 0xe2331cea, L:/127.0.0.1:61736 - R:localhost/127.0.0.1:56164]
02:11:33.763 [Forwarding isElementDisplayed on session b065353ba2ee0486eeb6a2973e1b8ffe to remote] DEBUG org.asynchttpclient.netty.request.NettyRequestSender - Using pooled Channel '[id: 0xe2331cea, L:/127.0.0.1:61736 - R:localhost/127.0.0.1:56164]' for 'POST' to 'http://localhost:56164/session/b065353ba2ee0486eeb6a2973e1b8ffe/execute/sync'
02:11:33.763 [Forwarding isElementDisplayed on session b065353ba2ee0486eeb6a2973e1b8ffe to remote] DEBUG org.asynchttpclient.netty.request.NettyRequestSender - Using open Channel [id: 0xe2331cea, L:/127.0.0.1:61736 - R:localhost/127.0.0.1:56164] for POST '/session/b065353ba2ee0486eeb6a2973e1b8ffe/execute/sync'
02:11:33.771 [AsyncHttpClient-1-11] DEBUG org.asynchttpclient.netty.handler.HttpHandler - 

Request DefaultHttpRequest(decodeResult: success, version: HTTP/1.1)
POST /session/b065353ba2ee0486eeb6a2973e1b8ffe/execute/sync HTTP/1.1
User-Agent: selenium/4.1.3 (java windows)
Content-Length: 48780
Content-Type: application/json; charset=utf-8
host: localhost:56164
accept: */*

Response DefaultHttpResponse(decodeResult: success, version: HTTP/1.1)
HTTP/1.1 200 OK
Content-Type: application/json; charset=utf-8
cache-control: no-cache
content-length: 14

02:11:33.771 [AsyncHttpClient-1-11] DEBUG org.asynchttpclient.netty.channel.ChannelManager - Adding key: http://localhost:56164 for channel [id: 0xe2331cea, L:/127.0.0.1:61736 - R:localhost/127.0.0.1:56164]
02:11:33.773 [Forwarding getElementTagName on session b065353ba2ee0486eeb6a2973e1b8ffe to remote] DEBUG org.asynchttpclient.netty.request.NettyRequestSender - Using pooled Channel '[id: 0xe2331cea, L:/127.0.0.1:61736 - R:localhost/127.0.0.1:56164]' for 'GET' to 'http://localhost:56164/session/b065353ba2ee0486eeb6a2973e1b8ffe/element/5786a064-bc88-46e9-b1ce-b8be20fa0ef3/name'
02:11:33.773 [Forwarding getElementTagName on session b065353ba2ee0486eeb6a2973e1b8ffe to remote] DEBUG org.asynchttpclient.netty.request.NettyRequestSender - Using open Channel [id: 0xe2331cea, L:/127.0.0.1:61736 - R:localhost/127.0.0.1:56164] for GET '/session/b065353ba2ee0486eeb6a2973e1b8ffe/element/5786a064-bc88-46e9-b1ce-b8be20fa0ef3/name'
02:11:33.776 [AsyncHttpClient-1-11] DEBUG org.asynchttpclient.netty.handler.HttpHandler - 

Request DefaultFullHttpRequest(decodeResult: success, version: HTTP/1.1, content: EmptyByteBufBE)
GET /session/b065353ba2ee0486eeb6a2973e1b8ffe/element/5786a064-bc88-46e9-b1ce-b8be20fa0ef3/name HTTP/1.1
User-Agent: selenium/4.1.3 (java windows)
Cache-Control: no-cache
Content-Type: application/json; charset=utf-8
host: localhost:56164
accept: */*

Response DefaultHttpResponse(decodeResult: success, version: HTTP/1.1)
HTTP/1.1 200 OK
Content-Type: application/json; charset=utf-8
cache-control: no-cache
content-length: 17

02:11:33.777 [AsyncHttpClient-1-11] DEBUG org.asynchttpclient.netty.channel.ChannelManager - Adding key: http://localhost:56164 for channel [id: 0xe2331cea, L:/127.0.0.1:61736 - R:localhost/127.0.0.1:56164]
02:11:33.778 [Forwarding getElementTagName on session b065353ba2ee0486eeb6a2973e1b8ffe to remote] DEBUG org.asynchttpclient.netty.request.NettyRequestSender - Using pooled Channel '[id: 0xe2331cea, L:/127.0.0.1:61736 - R:localhost/127.0.0.1:56164]' for 'GET' to 'http://localhost:56164/session/b065353ba2ee0486eeb6a2973e1b8ffe/element/5786a064-bc88-46e9-b1ce-b8be20fa0ef3/name'
02:11:33.778 [Forwarding getElementTagName on session b065353ba2ee0486eeb6a2973e1b8ffe to remote] DEBUG org.asynchttpclient.netty.request.NettyRequestSender - Using open Channel [id: 0xe2331cea, L:/127.0.0.1:61736 - R:localhost/127.0.0.1:56164] for GET '/session/b065353ba2ee0486eeb6a2973e1b8ffe/element/5786a064-bc88-46e9-b1ce-b8be20fa0ef3/name'
02:11:33.780 [AsyncHttpClient-1-11] DEBUG org.asynchttpclient.netty.handler.HttpHandler - 

Request DefaultFullHttpRequest(decodeResult: success, version: HTTP/1.1, content: EmptyByteBufBE)
GET /session/b065353ba2ee0486eeb6a2973e1b8ffe/element/5786a064-bc88-46e9-b1ce-b8be20fa0ef3/name HTTP/1.1
User-Agent: selenium/4.1.3 (java windows)
Cache-Control: no-cache
Content-Type: application/json; charset=utf-8
host: localhost:56164
accept: */*

Response DefaultHttpResponse(decodeResult: success, version: HTTP/1.1)
HTTP/1.1 200 OK
Content-Type: application/json; charset=utf-8
cache-control: no-cache
content-length: 17

02:11:33.780 [AsyncHttpClient-1-11] DEBUG org.asynchttpclient.netty.channel.ChannelManager - Adding key: http://localhost:56164 for channel [id: 0xe2331cea, L:/127.0.0.1:61736 - R:localhost/127.0.0.1:56164]
02:11:33.782 [Forwarding isElementEnabled on session b065353ba2ee0486eeb6a2973e1b8ffe to remote] DEBUG org.asynchttpclient.netty.request.NettyRequestSender - Using pooled Channel '[id: 0xe2331cea, L:/127.0.0.1:61736 - R:localhost/127.0.0.1:56164]' for 'GET' to 'http://localhost:56164/session/b065353ba2ee0486eeb6a2973e1b8ffe/element/5786a064-bc88-46e9-b1ce-b8be20fa0ef3/enabled'
02:11:33.782 [Forwarding isElementEnabled on session b065353ba2ee0486eeb6a2973e1b8ffe to remote] DEBUG org.asynchttpclient.netty.request.NettyRequestSender - Using open Channel [id: 0xe2331cea, L:/127.0.0.1:61736 - R:localhost/127.0.0.1:56164] for GET '/session/b065353ba2ee0486eeb6a2973e1b8ffe/element/5786a064-bc88-46e9-b1ce-b8be20fa0ef3/enabled'
02:11:33.788 [AsyncHttpClient-1-11] DEBUG org.asynchttpclient.netty.handler.HttpHandler - 

Request DefaultFullHttpRequest(decodeResult: success, version: HTTP/1.1, content: EmptyByteBufBE)
GET /session/b065353ba2ee0486eeb6a2973e1b8ffe/element/5786a064-bc88-46e9-b1ce-b8be20fa0ef3/enabled HTTP/1.1
User-Agent: selenium/4.1.3 (java windows)
Cache-Control: no-cache
Content-Type: application/json; charset=utf-8
host: localhost:56164
accept: */*

Response DefaultHttpResponse(decodeResult: success, version: HTTP/1.1)
HTTP/1.1 200 OK
Content-Type: application/json; charset=utf-8
cache-control: no-cache
content-length: 14

02:11:33.788 [AsyncHttpClient-1-11] DEBUG org.asynchttpclient.netty.channel.ChannelManager - Adding key: http://localhost:56164 for channel [id: 0xe2331cea, L:/127.0.0.1:61736 - R:localhost/127.0.0.1:56164]
02:11:33.789 [Forwarding isElementEnabled on session b065353ba2ee0486eeb6a2973e1b8ffe to remote] DEBUG org.asynchttpclient.netty.request.NettyRequestSender - Using pooled Channel '[id: 0xe2331cea, L:/127.0.0.1:61736 - R:localhost/127.0.0.1:56164]' for 'GET' to 'http://localhost:56164/session/b065353ba2ee0486eeb6a2973e1b8ffe/element/5786a064-bc88-46e9-b1ce-b8be20fa0ef3/enabled'
02:11:33.789 [Forwarding isElementEnabled on session b065353ba2ee0486eeb6a2973e1b8ffe to remote] DEBUG org.asynchttpclient.netty.request.NettyRequestSender - Using open Channel [id: 0xe2331cea, L:/127.0.0.1:61736 - R:localhost/127.0.0.1:56164] for GET '/session/b065353ba2ee0486eeb6a2973e1b8ffe/element/5786a064-bc88-46e9-b1ce-b8be20fa0ef3/enabled'
02:11:33.793 [AsyncHttpClient-1-11] DEBUG org.asynchttpclient.netty.handler.HttpHandler - 

Request DefaultFullHttpRequest(decodeResult: success, version: HTTP/1.1, content: EmptyByteBufBE)
GET /session/b065353ba2ee0486eeb6a2973e1b8ffe/element/5786a064-bc88-46e9-b1ce-b8be20fa0ef3/enabled HTTP/1.1
User-Agent: selenium/4.1.3 (java windows)
Cache-Control: no-cache
Content-Type: application/json; charset=utf-8
host: localhost:56164
accept: */*

Response DefaultHttpResponse(decodeResult: success, version: HTTP/1.1)
HTTP/1.1 200 OK
Content-Type: application/json; charset=utf-8
cache-control: no-cache
content-length: 14

02:11:33.793 [AsyncHttpClient-1-11] DEBUG org.asynchttpclient.netty.channel.ChannelManager - Adding key: http://localhost:56164 for channel [id: 0xe2331cea, L:/127.0.0.1:61736 - R:localhost/127.0.0.1:56164]
02:11:33.795 [Forwarding clickElement on session b065353ba2ee0486eeb6a2973e1b8ffe to remote] DEBUG org.asynchttpclient.netty.request.NettyRequestSender - Using pooled Channel '[id: 0xe2331cea, L:/127.0.0.1:61736 - R:localhost/127.0.0.1:56164]' for 'POST' to 'http://localhost:56164/session/b065353ba2ee0486eeb6a2973e1b8ffe/element/5786a064-bc88-46e9-b1ce-b8be20fa0ef3/click'
02:11:33.795 [Forwarding clickElement on session b065353ba2ee0486eeb6a2973e1b8ffe to remote] DEBUG org.asynchttpclient.netty.request.NettyRequestSender - Using open Channel [id: 0xe2331cea, L:/127.0.0.1:61736 - R:localhost/127.0.0.1:56164] for POST '/session/b065353ba2ee0486eeb6a2973e1b8ffe/element/5786a064-bc88-46e9-b1ce-b8be20fa0ef3/click'
02:11:33.957 [AsyncHttpClient-1-1] DEBUG org.asynchttpclient.netty.channel.DefaultChannelPool - Entry count for : http://localhost:61737 : 1
02:11:34.181 [AsyncHttpClient-1-11] DEBUG org.asynchttpclient.netty.handler.HttpHandler - 

Request DefaultHttpRequest(decodeResult: success, version: HTTP/1.1)
POST /session/b065353ba2ee0486eeb6a2973e1b8ffe/element/5786a064-bc88-46e9-b1ce-b8be20fa0ef3/click HTTP/1.1
User-Agent: selenium/4.1.3 (java windows)
Content-Length: 50
Content-Type: application/json; charset=utf-8
host: localhost:56164
accept: */*

Response DefaultHttpResponse(decodeResult: success, version: HTTP/1.1)
HTTP/1.1 200 OK
Content-Type: application/json; charset=utf-8
cache-control: no-cache
content-length: 14

02:11:34.181 [AsyncHttpClient-1-11] DEBUG org.asynchttpclient.netty.channel.ChannelManager - Adding key: http://localhost:56164 for channel [id: 0xe2331cea, L:/127.0.0.1:61736 - R:localhost/127.0.0.1:56164]
02:11:34.184 [main] DEBUG net.thucydides.core.steps.StepInterceptor - STEP DONE: login
  &amp#27;[32mGiven &amp#27;[0m&amp#27;[32mthe user enters the username &amp#27;[0m&amp#27;[32m&amp#27;[1mmngr3&amp#27;[0m&amp#27;[32m and password &amp#27;[0m&amp#27;[32m&amp#27;[1mmngr398793&amp#27;[0m &amp#27;[90m# cucumber.LoginStepDefs.the_user_enters_the_username_and_password(java.lang.String,java.lang.String)&amp#27;[0m
02:11:34.193 [main] DEBUG net.thucydides.core.steps.StepInterceptor - STARTING STEP: LoginStepDefs.the_error_message_user_is_not_valid_is_displayed - checkInvalid
02:11:34.193 [Forwarding getAlertText on session b065353ba2ee0486eeb6a2973e1b8ffe to remote] DEBUG org.asynchttpclient.netty.request.NettyRequestSender - Using pooled Channel '[id: 0xe2331cea, L:/127.0.0.1:61736 - R:localhost/127.0.0.1:56164]' for 'GET' to 'http://localhost:56164/session/b065353ba2ee0486eeb6a2973e1b8ffe/alert/text'
02:11:34.193 [Forwarding getAlertText on session b065353ba2ee0486eeb6a2973e1b8ffe to remote] DEBUG org.asynchttpclient.netty.request.NettyRequestSender - Using open Channel [id: 0xe2331cea, L:/127.0.0.1:61736 - R:localhost/127.0.0.1:56164] for GET '/session/b065353ba2ee0486eeb6a2973e1b8ffe/alert/text'
02:11:34.194 [AsyncHttpClient-1-11] DEBUG org.asynchttpclient.netty.handler.HttpHandler - 

Request DefaultFullHttpRequest(decodeResult: success, version: HTTP/1.1, content: EmptyByteBufBE)
GET /session/b065353ba2ee0486eeb6a2973e1b8ffe/alert/text HTTP/1.1
User-Agent: selenium/4.1.3 (java windows)
Cache-Control: no-cache
Content-Type: application/json; charset=utf-8
host: localhost:56164
accept: */*

Response DefaultHttpResponse(decodeResult: success, version: HTTP/1.1)
HTTP/1.1 200 OK
Content-Type: application/json; charset=utf-8
cache-control: no-cache
content-length: 29

02:11:34.194 [AsyncHttpClient-1-11] DEBUG org.asynchttpclient.netty.channel.ChannelManager - Adding key: http://localhost:56164 for channel [id: 0xe2331cea, L:/127.0.0.1:61736 - R:localhost/127.0.0.1:56164]
02:11:34.194 [Forwarding getAlertText on session b065353ba2ee0486eeb6a2973e1b8ffe to remote] DEBUG org.asynchttpclient.netty.request.NettyRequestSender - Using pooled Channel '[id: 0xe2331cea, L:/127.0.0.1:61736 - R:localhost/127.0.0.1:56164]' for 'GET' to 'http://localhost:56164/session/b065353ba2ee0486eeb6a2973e1b8ffe/alert/text'
02:11:34.194 [Forwarding getAlertText on session b065353ba2ee0486eeb6a2973e1b8ffe to remote] DEBUG org.asynchttpclient.netty.request.NettyRequestSender - Using open Channel [id: 0xe2331cea, L:/127.0.0.1:61736 - R:localhost/127.0.0.1:56164] for GET '/session/b065353ba2ee0486eeb6a2973e1b8ffe/alert/text'
02:11:34.195 [AsyncHttpClient-1-11] DEBUG org.asynchttpclient.netty.handler.HttpHandler - 

Request DefaultFullHttpRequest(decodeResult: success, version: HTTP/1.1, content: EmptyByteBufBE)
GET /session/b065353ba2ee0486eeb6a2973e1b8ffe/alert/text HTTP/1.1
User-Agent: selenium/4.1.3 (java windows)
Cache-Control: no-cache
Content-Type: application/json; charset=utf-8
host: localhost:56164
accept: */*

Response DefaultHttpResponse(decodeResult: success, version: HTTP/1.1)
HTTP/1.1 200 OK
Content-Type: application/json; charset=utf-8
cache-control: no-cache
content-length: 29

02:11:34.195 [AsyncHttpClient-1-11] DEBUG org.asynchttpclient.netty.channel.ChannelManager - Adding key: http://localhost:56164 for channel [id: 0xe2331cea, L:/127.0.0.1:61736 - R:localhost/127.0.0.1:56164]
02:11:34.195 [Forwarding acceptAlert on session b065353ba2ee0486eeb6a2973e1b8ffe to remote] DEBUG org.asynchttpclient.netty.request.NettyRequestSender - Using pooled Channel '[id: 0xe2331cea, L:/127.0.0.1:61736 - R:localhost/127.0.0.1:56164]' for 'POST' to 'http://localhost:56164/session/b065353ba2ee0486eeb6a2973e1b8ffe/alert/accept'
02:11:34.195 [Forwarding acceptAlert on session b065353ba2ee0486eeb6a2973e1b8ffe to remote] DEBUG org.asynchttpclient.netty.request.NettyRequestSender - Using open Channel [id: 0xe2331cea, L:/127.0.0.1:61736 - R:localhost/127.0.0.1:56164] for POST '/session/b065353ba2ee0486eeb6a2973e1b8ffe/alert/accept'
02:11:34.198 [AsyncHttpClient-1-11] DEBUG org.asynchttpclient.netty.handler.HttpHandler - 

Request DefaultHttpRequest(decodeResult: success, version: HTTP/1.1)
POST /session/b065353ba2ee0486eeb6a2973e1b8ffe/alert/accept HTTP/1.1
User-Agent: selenium/4.1.3 (java windows)
Content-Length: 3
Content-Type: application/json; charset=utf-8
host: localhost:56164
accept: */*

Response DefaultHttpResponse(decodeResult: success, version: HTTP/1.1)
HTTP/1.1 200 OK
Content-Type: application/json; charset=utf-8
cache-control: no-cache
content-length: 14

02:11:34.198 [AsyncHttpClient-1-11] DEBUG org.asynchttpclient.netty.channel.ChannelManager - Adding key: http://localhost:56164 for channel [id: 0xe2331cea, L:/127.0.0.1:61736 - R:localhost/127.0.0.1:56164]
02:11:34.200 [main] DEBUG net.thucydides.core.steps.StepInterceptor - STEP DONE: checkInvalid
  &amp#27;[32mThen &amp#27;[0m&amp#27;[32mthe error message &amp#27;[0m&amp#27;[32m&amp#27;[1m'User is not valid'&amp#27;[0m&amp#27;[32m is displayed&amp#27;[0m          &amp#27;[90m# cucumber.LoginStepDefs.the_error_message_user_is_not_valid_is_displayed(java.lang.String)&amp#27;[0m
]]></system-out>
  </testcase>
  <testcase name="user login unsuccessful #3" classname="user login to the page unsuccessful" time="2.644">
    <system-out><![CDATA[
@unit
Scenario Outline: user login unsuccessful                       &amp#27;[90m# src/test/resources/features.login/login_unsuccess.feature:11&amp#27;[0m
02:11:34.213 [main] INFO io.cucumber.core.plugin.SerenityReporter - Running feature from file:///D:/Pratice/serenity_homework/src/test/resources/features.login/login_unsuccess.feature
02:11:34.213 [main] WARN io.cucumber.core.plugin.SerenityReporter - Feature from file:///D:/Pratice/serenity_homework/src/test/resources/features.login/login_unsuccess.feature is not under the 'features' directory. Requirements report will not be correctly generated!
02:11:34.230 [main] DEBUG io.github.bonigarcia.wdm.cache.ResolutionCache - Resolution chrome=100 in cache (valid until 02:23:33 21/04/2022 ICT)
02:11:34.230 [main] DEBUG io.github.bonigarcia.wdm.cache.ResolutionCache - Resolution chrome100=100.0.4896.60 in cache (valid until 15:25:50 21/04/2022 ICT)
02:11:34.230 [main] INFO io.github.bonigarcia.wdm.WebDriverManager - Using chromedriver 100.0.4896.60 (resolved driver for Chrome 100)
02:11:34.237 [main] DEBUG io.github.bonigarcia.wdm.WebDriverManager - Driver chromedriver 100.0.4896.60 found in cache
02:11:34.238 [main] INFO io.github.bonigarcia.wdm.WebDriverManager - Exporting webdriver.chrome.driver as C:\Users\dung.nguyenanh\.cache\selenium\chromedriver\win32\100.0.4896.60\chromedriver.exe
02:11:34.239 [Forwarding get on session b065353ba2ee0486eeb6a2973e1b8ffe to remote] DEBUG org.asynchttpclient.netty.request.NettyRequestSender - Using pooled Channel '[id: 0xe2331cea, L:/127.0.0.1:61736 - R:localhost/127.0.0.1:56164]' for 'POST' to 'http://localhost:56164/session/b065353ba2ee0486eeb6a2973e1b8ffe/url'
02:11:34.239 [Forwarding get on session b065353ba2ee0486eeb6a2973e1b8ffe to remote] DEBUG org.asynchttpclient.netty.request.NettyRequestSender - Using open Channel [id: 0xe2331cea, L:/127.0.0.1:61736 - R:localhost/127.0.0.1:56164] for POST '/session/b065353ba2ee0486eeb6a2973e1b8ffe/url'
02:11:35.057 [AsyncHttpClient-1-1] DEBUG org.asynchttpclient.netty.channel.DefaultChannelPool - Entry count for : http://localhost:61737 : 1
02:11:35.889 [AsyncHttpClient-1-11] DEBUG org.asynchttpclient.netty.handler.HttpHandler - 

Request DefaultHttpRequest(decodeResult: success, version: HTTP/1.1)
POST /session/b065353ba2ee0486eeb6a2973e1b8ffe/url HTTP/1.1
User-Agent: selenium/4.1.3 (java windows)
Content-Length: 94
Content-Type: application/json; charset=utf-8
host: localhost:56164
accept: */*

Response DefaultHttpResponse(decodeResult: success, version: HTTP/1.1)
HTTP/1.1 200 OK
Content-Type: application/json; charset=utf-8
cache-control: no-cache
content-length: 14

02:11:35.889 [AsyncHttpClient-1-11] DEBUG org.asynchttpclient.netty.channel.ChannelManager - Adding key: http://localhost:56164 for channel [id: 0xe2331cea, L:/127.0.0.1:61736 - R:localhost/127.0.0.1:56164]
02:11:35.890 [Forwarding getCurrentUrl on session b065353ba2ee0486eeb6a2973e1b8ffe to remote] DEBUG org.asynchttpclient.netty.request.NettyRequestSender - Using pooled Channel '[id: 0xe2331cea, L:/127.0.0.1:61736 - R:localhost/127.0.0.1:56164]' for 'GET' to 'http://localhost:56164/session/b065353ba2ee0486eeb6a2973e1b8ffe/url'
02:11:35.890 [Forwarding getCurrentUrl on session b065353ba2ee0486eeb6a2973e1b8ffe to remote] DEBUG org.asynchttpclient.netty.request.NettyRequestSender - Using open Channel [id: 0xe2331cea, L:/127.0.0.1:61736 - R:localhost/127.0.0.1:56164] for GET '/session/b065353ba2ee0486eeb6a2973e1b8ffe/url'
02:11:35.895 [AsyncHttpClient-1-11] DEBUG org.asynchttpclient.netty.handler.HttpHandler - 

Request DefaultFullHttpRequest(decodeResult: success, version: HTTP/1.1, content: EmptyByteBufBE)
GET /session/b065353ba2ee0486eeb6a2973e1b8ffe/url HTTP/1.1
User-Agent: selenium/4.1.3 (java windows)
Cache-Control: no-cache
Content-Type: application/json; charset=utf-8
host: localhost:56164
accept: */*

Response DefaultHttpResponse(decodeResult: success, version: HTTP/1.1)
HTTP/1.1 200 OK
Content-Type: application/json; charset=utf-8
cache-control: no-cache
content-length: 61

02:11:35.895 [AsyncHttpClient-1-11] DEBUG org.asynchttpclient.netty.channel.ChannelManager - Adding key: http://localhost:56164 for channel [id: 0xe2331cea, L:/127.0.0.1:61736 - R:localhost/127.0.0.1:56164]
02:11:35.896 [Forwarding getCurrentUrl on session b065353ba2ee0486eeb6a2973e1b8ffe to remote] DEBUG org.asynchttpclient.netty.request.NettyRequestSender - Using pooled Channel '[id: 0xe2331cea, L:/127.0.0.1:61736 - R:localhost/127.0.0.1:56164]' for 'GET' to 'http://localhost:56164/session/b065353ba2ee0486eeb6a2973e1b8ffe/url'
02:11:35.896 [Forwarding getCurrentUrl on session b065353ba2ee0486eeb6a2973e1b8ffe to remote] DEBUG org.asynchttpclient.netty.request.NettyRequestSender - Using open Channel [id: 0xe2331cea, L:/127.0.0.1:61736 - R:localhost/127.0.0.1:56164] for GET '/session/b065353ba2ee0486eeb6a2973e1b8ffe/url'
02:11:35.903 [AsyncHttpClient-1-11] DEBUG org.asynchttpclient.netty.handler.HttpHandler - 

Request DefaultFullHttpRequest(decodeResult: success, version: HTTP/1.1, content: EmptyByteBufBE)
GET /session/b065353ba2ee0486eeb6a2973e1b8ffe/url HTTP/1.1
User-Agent: selenium/4.1.3 (java windows)
Cache-Control: no-cache
Content-Type: application/json; charset=utf-8
host: localhost:56164
accept: */*

Response DefaultHttpResponse(decodeResult: success, version: HTTP/1.1)
HTTP/1.1 200 OK
Content-Type: application/json; charset=utf-8
cache-control: no-cache
content-length: 61

02:11:35.904 [AsyncHttpClient-1-11] DEBUG org.asynchttpclient.netty.channel.ChannelManager - Adding key: http://localhost:56164 for channel [id: 0xe2331cea, L:/127.0.0.1:61736 - R:localhost/127.0.0.1:56164]
02:11:35.905 [Forwarding maximizeCurrentWindow on session b065353ba2ee0486eeb6a2973e1b8ffe to remote] DEBUG org.asynchttpclient.netty.request.NettyRequestSender - Using pooled Channel '[id: 0xe2331cea, L:/127.0.0.1:61736 - R:localhost/127.0.0.1:56164]' for 'POST' to 'http://localhost:56164/session/b065353ba2ee0486eeb6a2973e1b8ffe/window/maximize'
02:11:35.905 [Forwarding maximizeCurrentWindow on session b065353ba2ee0486eeb6a2973e1b8ffe to remote] DEBUG org.asynchttpclient.netty.request.NettyRequestSender - Using open Channel [id: 0xe2331cea, L:/127.0.0.1:61736 - R:localhost/127.0.0.1:56164] for POST '/session/b065353ba2ee0486eeb6a2973e1b8ffe/window/maximize'
02:11:35.910 [AsyncHttpClient-1-11] DEBUG org.asynchttpclient.netty.handler.HttpHandler - 

Request DefaultHttpRequest(decodeResult: success, version: HTTP/1.1)
POST /session/b065353ba2ee0486eeb6a2973e1b8ffe/window/maximize HTTP/1.1
User-Agent: selenium/4.1.3 (java windows)
Content-Length: 3
Content-Type: application/json; charset=utf-8
host: localhost:56164
accept: */*

Response DefaultHttpResponse(decodeResult: success, version: HTTP/1.1)
HTTP/1.1 200 OK
Content-Type: application/json; charset=utf-8
cache-control: no-cache
content-length: 51

02:11:35.910 [AsyncHttpClient-1-11] DEBUG org.asynchttpclient.netty.channel.ChannelManager - Adding key: http://localhost:56164 for channel [id: 0xe2331cea, L:/127.0.0.1:61736 - R:localhost/127.0.0.1:56164]
02:11:35.917 [main] DEBUG net.thucydides.core.steps.StepInterceptor - STARTING STEP: LoginStepDefs.the_user_enters_the_username_and_password - login
02:11:35.920 [Forwarding setTimeout on session b065353ba2ee0486eeb6a2973e1b8ffe to remote] DEBUG org.asynchttpclient.netty.request.NettyRequestSender - Using pooled Channel '[id: 0xe2331cea, L:/127.0.0.1:61736 - R:localhost/127.0.0.1:56164]' for 'POST' to 'http://localhost:56164/session/b065353ba2ee0486eeb6a2973e1b8ffe/timeouts'
02:11:35.920 [Forwarding setTimeout on session b065353ba2ee0486eeb6a2973e1b8ffe to remote] DEBUG org.asynchttpclient.netty.request.NettyRequestSender - Using open Channel [id: 0xe2331cea, L:/127.0.0.1:61736 - R:localhost/127.0.0.1:56164] for POST '/session/b065353ba2ee0486eeb6a2973e1b8ffe/timeouts'
02:11:35.921 [AsyncHttpClient-1-11] DEBUG org.asynchttpclient.netty.handler.HttpHandler - 

Request DefaultHttpRequest(decodeResult: success, version: HTTP/1.1)
POST /session/b065353ba2ee0486eeb6a2973e1b8ffe/timeouts HTTP/1.1
User-Agent: selenium/4.1.3 (java windows)
Content-Length: 19
Content-Type: application/json; charset=utf-8
host: localhost:56164
accept: */*

Response DefaultHttpResponse(decodeResult: success, version: HTTP/1.1)
HTTP/1.1 200 OK
Content-Type: application/json; charset=utf-8
cache-control: no-cache
content-length: 14

02:11:35.921 [AsyncHttpClient-1-11] DEBUG org.asynchttpclient.netty.channel.ChannelManager - Adding key: http://localhost:56164 for channel [id: 0xe2331cea, L:/127.0.0.1:61736 - R:localhost/127.0.0.1:56164]
02:11:35.923 [Forwarding findElement on session b065353ba2ee0486eeb6a2973e1b8ffe to remote] DEBUG org.asynchttpclient.netty.request.NettyRequestSender - Using pooled Channel '[id: 0xe2331cea, L:/127.0.0.1:61736 - R:localhost/127.0.0.1:56164]' for 'POST' to 'http://localhost:56164/session/b065353ba2ee0486eeb6a2973e1b8ffe/element'
02:11:35.923 [Forwarding findElement on session b065353ba2ee0486eeb6a2973e1b8ffe to remote] DEBUG org.asynchttpclient.netty.request.NettyRequestSender - Using open Channel [id: 0xe2331cea, L:/127.0.0.1:61736 - R:localhost/127.0.0.1:56164] for POST '/session/b065353ba2ee0486eeb6a2973e1b8ffe/element'
02:11:35.930 [AsyncHttpClient-1-11] DEBUG org.asynchttpclient.netty.handler.HttpHandler - 

Request DefaultHttpRequest(decodeResult: success, version: HTTP/1.1)
POST /session/b065353ba2ee0486eeb6a2973e1b8ffe/element HTTP/1.1
User-Agent: selenium/4.1.3 (java windows)
Content-Length: 61
Content-Type: application/json; charset=utf-8
host: localhost:56164
accept: */*

Response DefaultHttpResponse(decodeResult: success, version: HTTP/1.1)
HTTP/1.1 200 OK
Content-Type: application/json; charset=utf-8
cache-control: no-cache
content-length: 88

02:11:35.930 [AsyncHttpClient-1-11] DEBUG org.asynchttpclient.netty.channel.ChannelManager - Adding key: http://localhost:56164 for channel [id: 0xe2331cea, L:/127.0.0.1:61736 - R:localhost/127.0.0.1:56164]
02:11:35.932 [Forwarding setTimeout on session b065353ba2ee0486eeb6a2973e1b8ffe to remote] DEBUG org.asynchttpclient.netty.request.NettyRequestSender - Using pooled Channel '[id: 0xe2331cea, L:/127.0.0.1:61736 - R:localhost/127.0.0.1:56164]' for 'POST' to 'http://localhost:56164/session/b065353ba2ee0486eeb6a2973e1b8ffe/timeouts'
02:11:35.932 [Forwarding setTimeout on session b065353ba2ee0486eeb6a2973e1b8ffe to remote] DEBUG org.asynchttpclient.netty.request.NettyRequestSender - Using open Channel [id: 0xe2331cea, L:/127.0.0.1:61736 - R:localhost/127.0.0.1:56164] for POST '/session/b065353ba2ee0486eeb6a2973e1b8ffe/timeouts'
02:11:35.933 [AsyncHttpClient-1-11] DEBUG org.asynchttpclient.netty.handler.HttpHandler - 

Request DefaultHttpRequest(decodeResult: success, version: HTTP/1.1)
POST /session/b065353ba2ee0486eeb6a2973e1b8ffe/timeouts HTTP/1.1
User-Agent: selenium/4.1.3 (java windows)
Content-Length: 22
Content-Type: application/json; charset=utf-8
host: localhost:56164
accept: */*

Response DefaultHttpResponse(decodeResult: success, version: HTTP/1.1)
HTTP/1.1 200 OK
Content-Type: application/json; charset=utf-8
cache-control: no-cache
content-length: 14

02:11:35.933 [AsyncHttpClient-1-11] DEBUG org.asynchttpclient.netty.channel.ChannelManager - Adding key: http://localhost:56164 for channel [id: 0xe2331cea, L:/127.0.0.1:61736 - R:localhost/127.0.0.1:56164]
02:11:35.937 [Forwarding isElementDisplayed on session b065353ba2ee0486eeb6a2973e1b8ffe to remote] DEBUG org.asynchttpclient.netty.request.NettyRequestSender - Using pooled Channel '[id: 0xe2331cea, L:/127.0.0.1:61736 - R:localhost/127.0.0.1:56164]' for 'POST' to 'http://localhost:56164/session/b065353ba2ee0486eeb6a2973e1b8ffe/execute/sync'
02:11:35.937 [Forwarding isElementDisplayed on session b065353ba2ee0486eeb6a2973e1b8ffe to remote] DEBUG org.asynchttpclient.netty.request.NettyRequestSender - Using open Channel [id: 0xe2331cea, L:/127.0.0.1:61736 - R:localhost/127.0.0.1:56164] for POST '/session/b065353ba2ee0486eeb6a2973e1b8ffe/execute/sync'
02:11:35.947 [AsyncHttpClient-1-11] DEBUG org.asynchttpclient.netty.handler.HttpHandler - 

Request DefaultHttpRequest(decodeResult: success, version: HTTP/1.1)
POST /session/b065353ba2ee0486eeb6a2973e1b8ffe/execute/sync HTTP/1.1
User-Agent: selenium/4.1.3 (java windows)
Content-Length: 48780
Content-Type: application/json; charset=utf-8
host: localhost:56164
accept: */*

Response DefaultHttpResponse(decodeResult: success, version: HTTP/1.1)
HTTP/1.1 200 OK
Content-Type: application/json; charset=utf-8
cache-control: no-cache
content-length: 14

02:11:35.947 [AsyncHttpClient-1-11] DEBUG org.asynchttpclient.netty.channel.ChannelManager - Adding key: http://localhost:56164 for channel [id: 0xe2331cea, L:/127.0.0.1:61736 - R:localhost/127.0.0.1:56164]
02:11:35.949 [Forwarding clearElement on session b065353ba2ee0486eeb6a2973e1b8ffe to remote] DEBUG org.asynchttpclient.netty.request.NettyRequestSender - Using pooled Channel '[id: 0xe2331cea, L:/127.0.0.1:61736 - R:localhost/127.0.0.1:56164]' for 'POST' to 'http://localhost:56164/session/b065353ba2ee0486eeb6a2973e1b8ffe/element/b2e7b203-a488-4f36-9677-614ddf3c9668/clear'
02:11:35.949 [Forwarding clearElement on session b065353ba2ee0486eeb6a2973e1b8ffe to remote] DEBUG org.asynchttpclient.netty.request.NettyRequestSender - Using open Channel [id: 0xe2331cea, L:/127.0.0.1:61736 - R:localhost/127.0.0.1:56164] for POST '/session/b065353ba2ee0486eeb6a2973e1b8ffe/element/b2e7b203-a488-4f36-9677-614ddf3c9668/clear'
02:11:36.156 [AsyncHttpClient-1-1] DEBUG org.asynchttpclient.netty.channel.DefaultChannelPool - Entry count for : http://localhost:61737 : 1
02:11:36.188 [AsyncHttpClient-1-11] DEBUG org.asynchttpclient.netty.handler.HttpHandler - 

Request DefaultHttpRequest(decodeResult: success, version: HTTP/1.1)
POST /session/b065353ba2ee0486eeb6a2973e1b8ffe/element/b2e7b203-a488-4f36-9677-614ddf3c9668/clear HTTP/1.1
User-Agent: selenium/4.1.3 (java windows)
Content-Length: 50
Content-Type: application/json; charset=utf-8
host: localhost:56164
accept: */*

Response DefaultHttpResponse(decodeResult: success, version: HTTP/1.1)
HTTP/1.1 200 OK
Content-Type: application/json; charset=utf-8
cache-control: no-cache
content-length: 14

02:11:36.188 [AsyncHttpClient-1-11] DEBUG org.asynchttpclient.netty.channel.ChannelManager - Adding key: http://localhost:56164 for channel [id: 0xe2331cea, L:/127.0.0.1:61736 - R:localhost/127.0.0.1:56164]
02:11:36.191 [Forwarding sendKeysToElement on session b065353ba2ee0486eeb6a2973e1b8ffe to remote] DEBUG org.asynchttpclient.netty.request.NettyRequestSender - Using pooled Channel '[id: 0xe2331cea, L:/127.0.0.1:61736 - R:localhost/127.0.0.1:56164]' for 'POST' to 'http://localhost:56164/session/b065353ba2ee0486eeb6a2973e1b8ffe/element/b2e7b203-a488-4f36-9677-614ddf3c9668/value'
02:11:36.191 [Forwarding sendKeysToElement on session b065353ba2ee0486eeb6a2973e1b8ffe to remote] DEBUG org.asynchttpclient.netty.request.NettyRequestSender - Using open Channel [id: 0xe2331cea, L:/127.0.0.1:61736 - R:localhost/127.0.0.1:56164] for POST '/session/b065353ba2ee0486eeb6a2973e1b8ffe/element/b2e7b203-a488-4f36-9677-614ddf3c9668/value'
02:11:36.234 [AsyncHttpClient-1-11] DEBUG org.asynchttpclient.netty.handler.HttpHandler - 

Request DefaultHttpRequest(decodeResult: success, version: HTTP/1.1)
POST /session/b065353ba2ee0486eeb6a2973e1b8ffe/element/b2e7b203-a488-4f36-9677-614ddf3c9668/value HTTP/1.1
User-Agent: selenium/4.1.3 (java windows)
Content-Length: 105
Content-Type: application/json; charset=utf-8
host: localhost:56164
accept: */*

Response DefaultHttpResponse(decodeResult: success, version: HTTP/1.1)
HTTP/1.1 200 OK
Content-Type: application/json; charset=utf-8
cache-control: no-cache
content-length: 14

02:11:36.234 [AsyncHttpClient-1-11] DEBUG org.asynchttpclient.netty.channel.ChannelManager - Adding key: http://localhost:56164 for channel [id: 0xe2331cea, L:/127.0.0.1:61736 - R:localhost/127.0.0.1:56164]
02:11:36.241 [Forwarding setTimeout on session b065353ba2ee0486eeb6a2973e1b8ffe to remote] DEBUG org.asynchttpclient.netty.request.NettyRequestSender - Using pooled Channel '[id: 0xe2331cea, L:/127.0.0.1:61736 - R:localhost/127.0.0.1:56164]' for 'POST' to 'http://localhost:56164/session/b065353ba2ee0486eeb6a2973e1b8ffe/timeouts'
02:11:36.241 [Forwarding setTimeout on session b065353ba2ee0486eeb6a2973e1b8ffe to remote] DEBUG org.asynchttpclient.netty.request.NettyRequestSender - Using open Channel [id: 0xe2331cea, L:/127.0.0.1:61736 - R:localhost/127.0.0.1:56164] for POST '/session/b065353ba2ee0486eeb6a2973e1b8ffe/timeouts'
02:11:36.242 [AsyncHttpClient-1-11] DEBUG org.asynchttpclient.netty.handler.HttpHandler - 

Request DefaultHttpRequest(decodeResult: success, version: HTTP/1.1)
POST /session/b065353ba2ee0486eeb6a2973e1b8ffe/timeouts HTTP/1.1
User-Agent: selenium/4.1.3 (java windows)
Content-Length: 19
Content-Type: application/json; charset=utf-8
host: localhost:56164
accept: */*

Response DefaultHttpResponse(decodeResult: success, version: HTTP/1.1)
HTTP/1.1 200 OK
Content-Type: application/json; charset=utf-8
cache-control: no-cache
content-length: 14

02:11:36.242 [AsyncHttpClient-1-11] DEBUG org.asynchttpclient.netty.channel.ChannelManager - Adding key: http://localhost:56164 for channel [id: 0xe2331cea, L:/127.0.0.1:61736 - R:localhost/127.0.0.1:56164]
02:11:36.245 [Forwarding findElement on session b065353ba2ee0486eeb6a2973e1b8ffe to remote] DEBUG org.asynchttpclient.netty.request.NettyRequestSender - Using pooled Channel '[id: 0xe2331cea, L:/127.0.0.1:61736 - R:localhost/127.0.0.1:56164]' for 'POST' to 'http://localhost:56164/session/b065353ba2ee0486eeb6a2973e1b8ffe/element'
02:11:36.245 [Forwarding findElement on session b065353ba2ee0486eeb6a2973e1b8ffe to remote] DEBUG org.asynchttpclient.netty.request.NettyRequestSender - Using open Channel [id: 0xe2331cea, L:/127.0.0.1:61736 - R:localhost/127.0.0.1:56164] for POST '/session/b065353ba2ee0486eeb6a2973e1b8ffe/element'
02:11:36.254 [AsyncHttpClient-1-11] DEBUG org.asynchttpclient.netty.handler.HttpHandler - 

Request DefaultHttpRequest(decodeResult: success, version: HTTP/1.1)
POST /session/b065353ba2ee0486eeb6a2973e1b8ffe/element HTTP/1.1
User-Agent: selenium/4.1.3 (java windows)
Content-Length: 66
Content-Type: application/json; charset=utf-8
host: localhost:56164
accept: */*

Response DefaultHttpResponse(decodeResult: success, version: HTTP/1.1)
HTTP/1.1 200 OK
Content-Type: application/json; charset=utf-8
cache-control: no-cache
content-length: 88

02:11:36.255 [AsyncHttpClient-1-11] DEBUG org.asynchttpclient.netty.channel.ChannelManager - Adding key: http://localhost:56164 for channel [id: 0xe2331cea, L:/127.0.0.1:61736 - R:localhost/127.0.0.1:56164]
02:11:36.256 [Forwarding setTimeout on session b065353ba2ee0486eeb6a2973e1b8ffe to remote] DEBUG org.asynchttpclient.netty.request.NettyRequestSender - Using pooled Channel '[id: 0xe2331cea, L:/127.0.0.1:61736 - R:localhost/127.0.0.1:56164]' for 'POST' to 'http://localhost:56164/session/b065353ba2ee0486eeb6a2973e1b8ffe/timeouts'
02:11:36.256 [Forwarding setTimeout on session b065353ba2ee0486eeb6a2973e1b8ffe to remote] DEBUG org.asynchttpclient.netty.request.NettyRequestSender - Using open Channel [id: 0xe2331cea, L:/127.0.0.1:61736 - R:localhost/127.0.0.1:56164] for POST '/session/b065353ba2ee0486eeb6a2973e1b8ffe/timeouts'
02:11:36.256 [AsyncHttpClient-1-11] DEBUG org.asynchttpclient.netty.handler.HttpHandler - 

Request DefaultHttpRequest(decodeResult: success, version: HTTP/1.1)
POST /session/b065353ba2ee0486eeb6a2973e1b8ffe/timeouts HTTP/1.1
User-Agent: selenium/4.1.3 (java windows)
Content-Length: 22
Content-Type: application/json; charset=utf-8
host: localhost:56164
accept: */*

Response DefaultHttpResponse(decodeResult: success, version: HTTP/1.1)
HTTP/1.1 200 OK
Content-Type: application/json; charset=utf-8
cache-control: no-cache
content-length: 14

02:11:36.256 [AsyncHttpClient-1-11] DEBUG org.asynchttpclient.netty.channel.ChannelManager - Adding key: http://localhost:56164 for channel [id: 0xe2331cea, L:/127.0.0.1:61736 - R:localhost/127.0.0.1:56164]
02:11:36.260 [Forwarding isElementDisplayed on session b065353ba2ee0486eeb6a2973e1b8ffe to remote] DEBUG org.asynchttpclient.netty.request.NettyRequestSender - Using pooled Channel '[id: 0xe2331cea, L:/127.0.0.1:61736 - R:localhost/127.0.0.1:56164]' for 'POST' to 'http://localhost:56164/session/b065353ba2ee0486eeb6a2973e1b8ffe/execute/sync'
02:11:36.260 [Forwarding isElementDisplayed on session b065353ba2ee0486eeb6a2973e1b8ffe to remote] DEBUG org.asynchttpclient.netty.request.NettyRequestSender - Using open Channel [id: 0xe2331cea, L:/127.0.0.1:61736 - R:localhost/127.0.0.1:56164] for POST '/session/b065353ba2ee0486eeb6a2973e1b8ffe/execute/sync'
02:11:36.269 [AsyncHttpClient-1-11] DEBUG org.asynchttpclient.netty.handler.HttpHandler - 

Request DefaultHttpRequest(decodeResult: success, version: HTTP/1.1)
POST /session/b065353ba2ee0486eeb6a2973e1b8ffe/execute/sync HTTP/1.1
User-Agent: selenium/4.1.3 (java windows)
Content-Length: 48780
Content-Type: application/json; charset=utf-8
host: localhost:56164
accept: */*

Response DefaultHttpResponse(decodeResult: success, version: HTTP/1.1)
HTTP/1.1 200 OK
Content-Type: application/json; charset=utf-8
cache-control: no-cache
content-length: 14

02:11:36.269 [AsyncHttpClient-1-11] DEBUG org.asynchttpclient.netty.channel.ChannelManager - Adding key: http://localhost:56164 for channel [id: 0xe2331cea, L:/127.0.0.1:61736 - R:localhost/127.0.0.1:56164]
02:11:36.271 [Forwarding clearElement on session b065353ba2ee0486eeb6a2973e1b8ffe to remote] DEBUG org.asynchttpclient.netty.request.NettyRequestSender - Using pooled Channel '[id: 0xe2331cea, L:/127.0.0.1:61736 - R:localhost/127.0.0.1:56164]' for 'POST' to 'http://localhost:56164/session/b065353ba2ee0486eeb6a2973e1b8ffe/element/138ddf07-215f-4548-a70f-0e3fc2046ca5/clear'
02:11:36.271 [Forwarding clearElement on session b065353ba2ee0486eeb6a2973e1b8ffe to remote] DEBUG org.asynchttpclient.netty.request.NettyRequestSender - Using open Channel [id: 0xe2331cea, L:/127.0.0.1:61736 - R:localhost/127.0.0.1:56164] for POST '/session/b065353ba2ee0486eeb6a2973e1b8ffe/element/138ddf07-215f-4548-a70f-0e3fc2046ca5/clear'
02:11:36.326 [AsyncHttpClient-1-11] DEBUG org.asynchttpclient.netty.handler.HttpHandler - 

Request DefaultHttpRequest(decodeResult: success, version: HTTP/1.1)
POST /session/b065353ba2ee0486eeb6a2973e1b8ffe/element/138ddf07-215f-4548-a70f-0e3fc2046ca5/clear HTTP/1.1
User-Agent: selenium/4.1.3 (java windows)
Content-Length: 50
Content-Type: application/json; charset=utf-8
host: localhost:56164
accept: */*

Response DefaultHttpResponse(decodeResult: success, version: HTTP/1.1)
HTTP/1.1 200 OK
Content-Type: application/json; charset=utf-8
cache-control: no-cache
content-length: 14

02:11:36.326 [AsyncHttpClient-1-11] DEBUG org.asynchttpclient.netty.channel.ChannelManager - Adding key: http://localhost:56164 for channel [id: 0xe2331cea, L:/127.0.0.1:61736 - R:localhost/127.0.0.1:56164]
02:11:36.329 [Forwarding sendKeysToElement on session b065353ba2ee0486eeb6a2973e1b8ffe to remote] DEBUG org.asynchttpclient.netty.request.NettyRequestSender - Using pooled Channel '[id: 0xe2331cea, L:/127.0.0.1:61736 - R:localhost/127.0.0.1:56164]' for 'POST' to 'http://localhost:56164/session/b065353ba2ee0486eeb6a2973e1b8ffe/element/138ddf07-215f-4548-a70f-0e3fc2046ca5/value'
02:11:36.329 [Forwarding sendKeysToElement on session b065353ba2ee0486eeb6a2973e1b8ffe to remote] DEBUG org.asynchttpclient.netty.request.NettyRequestSender - Using open Channel [id: 0xe2331cea, L:/127.0.0.1:61736 - R:localhost/127.0.0.1:56164] for POST '/session/b065353ba2ee0486eeb6a2973e1b8ffe/element/138ddf07-215f-4548-a70f-0e3fc2046ca5/value'
02:11:36.382 [AsyncHttpClient-1-11] DEBUG org.asynchttpclient.netty.handler.HttpHandler - 

Request DefaultHttpRequest(decodeResult: success, version: HTTP/1.1)
POST /session/b065353ba2ee0486eeb6a2973e1b8ffe/element/138ddf07-215f-4548-a70f-0e3fc2046ca5/value HTTP/1.1
User-Agent: selenium/4.1.3 (java windows)
Content-Length: 181
Content-Type: application/json; charset=utf-8
host: localhost:56164
accept: */*

Response DefaultHttpResponse(decodeResult: success, version: HTTP/1.1)
HTTP/1.1 200 OK
Content-Type: application/json; charset=utf-8
cache-control: no-cache
content-length: 14

02:11:36.382 [AsyncHttpClient-1-11] DEBUG org.asynchttpclient.netty.channel.ChannelManager - Adding key: http://localhost:56164 for channel [id: 0xe2331cea, L:/127.0.0.1:61736 - R:localhost/127.0.0.1:56164]
02:11:36.390 [Forwarding setTimeout on session b065353ba2ee0486eeb6a2973e1b8ffe to remote] DEBUG org.asynchttpclient.netty.request.NettyRequestSender - Using pooled Channel '[id: 0xe2331cea, L:/127.0.0.1:61736 - R:localhost/127.0.0.1:56164]' for 'POST' to 'http://localhost:56164/session/b065353ba2ee0486eeb6a2973e1b8ffe/timeouts'
02:11:36.390 [Forwarding setTimeout on session b065353ba2ee0486eeb6a2973e1b8ffe to remote] DEBUG org.asynchttpclient.netty.request.NettyRequestSender - Using open Channel [id: 0xe2331cea, L:/127.0.0.1:61736 - R:localhost/127.0.0.1:56164] for POST '/session/b065353ba2ee0486eeb6a2973e1b8ffe/timeouts'
02:11:36.391 [AsyncHttpClient-1-11] DEBUG org.asynchttpclient.netty.handler.HttpHandler - 

Request DefaultHttpRequest(decodeResult: success, version: HTTP/1.1)
POST /session/b065353ba2ee0486eeb6a2973e1b8ffe/timeouts HTTP/1.1
User-Agent: selenium/4.1.3 (java windows)
Content-Length: 19
Content-Type: application/json; charset=utf-8
host: localhost:56164
accept: */*

Response DefaultHttpResponse(decodeResult: success, version: HTTP/1.1)
HTTP/1.1 200 OK
Content-Type: application/json; charset=utf-8
cache-control: no-cache
content-length: 14

02:11:36.391 [AsyncHttpClient-1-11] DEBUG org.asynchttpclient.netty.channel.ChannelManager - Adding key: http://localhost:56164 for channel [id: 0xe2331cea, L:/127.0.0.1:61736 - R:localhost/127.0.0.1:56164]
02:11:36.393 [Forwarding findElement on session b065353ba2ee0486eeb6a2973e1b8ffe to remote] DEBUG org.asynchttpclient.netty.request.NettyRequestSender - Using pooled Channel '[id: 0xe2331cea, L:/127.0.0.1:61736 - R:localhost/127.0.0.1:56164]' for 'POST' to 'http://localhost:56164/session/b065353ba2ee0486eeb6a2973e1b8ffe/element'
02:11:36.393 [Forwarding findElement on session b065353ba2ee0486eeb6a2973e1b8ffe to remote] DEBUG org.asynchttpclient.netty.request.NettyRequestSender - Using open Channel [id: 0xe2331cea, L:/127.0.0.1:61736 - R:localhost/127.0.0.1:56164] for POST '/session/b065353ba2ee0486eeb6a2973e1b8ffe/element'
02:11:36.400 [AsyncHttpClient-1-11] DEBUG org.asynchttpclient.netty.handler.HttpHandler - 

Request DefaultHttpRequest(decodeResult: success, version: HTTP/1.1)
POST /session/b065353ba2ee0486eeb6a2973e1b8ffe/element HTTP/1.1
User-Agent: selenium/4.1.3 (java windows)
Content-Length: 64
Content-Type: application/json; charset=utf-8
host: localhost:56164
accept: */*

Response DefaultHttpResponse(decodeResult: success, version: HTTP/1.1)
HTTP/1.1 200 OK
Content-Type: application/json; charset=utf-8
cache-control: no-cache
content-length: 88

02:11:36.400 [AsyncHttpClient-1-11] DEBUG org.asynchttpclient.netty.channel.ChannelManager - Adding key: http://localhost:56164 for channel [id: 0xe2331cea, L:/127.0.0.1:61736 - R:localhost/127.0.0.1:56164]
02:11:36.402 [Forwarding setTimeout on session b065353ba2ee0486eeb6a2973e1b8ffe to remote] DEBUG org.asynchttpclient.netty.request.NettyRequestSender - Using pooled Channel '[id: 0xe2331cea, L:/127.0.0.1:61736 - R:localhost/127.0.0.1:56164]' for 'POST' to 'http://localhost:56164/session/b065353ba2ee0486eeb6a2973e1b8ffe/timeouts'
02:11:36.402 [Forwarding setTimeout on session b065353ba2ee0486eeb6a2973e1b8ffe to remote] DEBUG org.asynchttpclient.netty.request.NettyRequestSender - Using open Channel [id: 0xe2331cea, L:/127.0.0.1:61736 - R:localhost/127.0.0.1:56164] for POST '/session/b065353ba2ee0486eeb6a2973e1b8ffe/timeouts'
02:11:36.402 [AsyncHttpClient-1-11] DEBUG org.asynchttpclient.netty.handler.HttpHandler - 

Request DefaultHttpRequest(decodeResult: success, version: HTTP/1.1)
POST /session/b065353ba2ee0486eeb6a2973e1b8ffe/timeouts HTTP/1.1
User-Agent: selenium/4.1.3 (java windows)
Content-Length: 22
Content-Type: application/json; charset=utf-8
host: localhost:56164
accept: */*

Response DefaultHttpResponse(decodeResult: success, version: HTTP/1.1)
HTTP/1.1 200 OK
Content-Type: application/json; charset=utf-8
cache-control: no-cache
content-length: 14

02:11:36.402 [AsyncHttpClient-1-11] DEBUG org.asynchttpclient.netty.channel.ChannelManager - Adding key: http://localhost:56164 for channel [id: 0xe2331cea, L:/127.0.0.1:61736 - R:localhost/127.0.0.1:56164]
02:11:36.407 [Forwarding isElementDisplayed on session b065353ba2ee0486eeb6a2973e1b8ffe to remote] DEBUG org.asynchttpclient.netty.request.NettyRequestSender - Using pooled Channel '[id: 0xe2331cea, L:/127.0.0.1:61736 - R:localhost/127.0.0.1:56164]' for 'POST' to 'http://localhost:56164/session/b065353ba2ee0486eeb6a2973e1b8ffe/execute/sync'
02:11:36.407 [Forwarding isElementDisplayed on session b065353ba2ee0486eeb6a2973e1b8ffe to remote] DEBUG org.asynchttpclient.netty.request.NettyRequestSender - Using open Channel [id: 0xe2331cea, L:/127.0.0.1:61736 - R:localhost/127.0.0.1:56164] for POST '/session/b065353ba2ee0486eeb6a2973e1b8ffe/execute/sync'
02:11:36.416 [AsyncHttpClient-1-11] DEBUG org.asynchttpclient.netty.handler.HttpHandler - 

Request DefaultHttpRequest(decodeResult: success, version: HTTP/1.1)
POST /session/b065353ba2ee0486eeb6a2973e1b8ffe/execute/sync HTTP/1.1
User-Agent: selenium/4.1.3 (java windows)
Content-Length: 48780
Content-Type: application/json; charset=utf-8
host: localhost:56164
accept: */*

Response DefaultHttpResponse(decodeResult: success, version: HTTP/1.1)
HTTP/1.1 200 OK
Content-Type: application/json; charset=utf-8
cache-control: no-cache
content-length: 14

02:11:36.416 [AsyncHttpClient-1-11] DEBUG org.asynchttpclient.netty.channel.ChannelManager - Adding key: http://localhost:56164 for channel [id: 0xe2331cea, L:/127.0.0.1:61736 - R:localhost/127.0.0.1:56164]
02:11:36.418 [Forwarding getElementTagName on session b065353ba2ee0486eeb6a2973e1b8ffe to remote] DEBUG org.asynchttpclient.netty.request.NettyRequestSender - Using pooled Channel '[id: 0xe2331cea, L:/127.0.0.1:61736 - R:localhost/127.0.0.1:56164]' for 'GET' to 'http://localhost:56164/session/b065353ba2ee0486eeb6a2973e1b8ffe/element/06d0c24c-2483-4e32-8966-594c6aab2f9f/name'
02:11:36.418 [Forwarding getElementTagName on session b065353ba2ee0486eeb6a2973e1b8ffe to remote] DEBUG org.asynchttpclient.netty.request.NettyRequestSender - Using open Channel [id: 0xe2331cea, L:/127.0.0.1:61736 - R:localhost/127.0.0.1:56164] for GET '/session/b065353ba2ee0486eeb6a2973e1b8ffe/element/06d0c24c-2483-4e32-8966-594c6aab2f9f/name'
02:11:36.422 [AsyncHttpClient-1-11] DEBUG org.asynchttpclient.netty.handler.HttpHandler - 

Request DefaultFullHttpRequest(decodeResult: success, version: HTTP/1.1, content: EmptyByteBufBE)
GET /session/b065353ba2ee0486eeb6a2973e1b8ffe/element/06d0c24c-2483-4e32-8966-594c6aab2f9f/name HTTP/1.1
User-Agent: selenium/4.1.3 (java windows)
Cache-Control: no-cache
Content-Type: application/json; charset=utf-8
host: localhost:56164
accept: */*

Response DefaultHttpResponse(decodeResult: success, version: HTTP/1.1)
HTTP/1.1 200 OK
Content-Type: application/json; charset=utf-8
cache-control: no-cache
content-length: 17

02:11:36.422 [AsyncHttpClient-1-11] DEBUG org.asynchttpclient.netty.channel.ChannelManager - Adding key: http://localhost:56164 for channel [id: 0xe2331cea, L:/127.0.0.1:61736 - R:localhost/127.0.0.1:56164]
02:11:36.423 [Forwarding getElementTagName on session b065353ba2ee0486eeb6a2973e1b8ffe to remote] DEBUG org.asynchttpclient.netty.request.NettyRequestSender - Using pooled Channel '[id: 0xe2331cea, L:/127.0.0.1:61736 - R:localhost/127.0.0.1:56164]' for 'GET' to 'http://localhost:56164/session/b065353ba2ee0486eeb6a2973e1b8ffe/element/06d0c24c-2483-4e32-8966-594c6aab2f9f/name'
02:11:36.423 [Forwarding getElementTagName on session b065353ba2ee0486eeb6a2973e1b8ffe to remote] DEBUG org.asynchttpclient.netty.request.NettyRequestSender - Using open Channel [id: 0xe2331cea, L:/127.0.0.1:61736 - R:localhost/127.0.0.1:56164] for GET '/session/b065353ba2ee0486eeb6a2973e1b8ffe/element/06d0c24c-2483-4e32-8966-594c6aab2f9f/name'
02:11:36.426 [AsyncHttpClient-1-11] DEBUG org.asynchttpclient.netty.handler.HttpHandler - 

Request DefaultFullHttpRequest(decodeResult: success, version: HTTP/1.1, content: EmptyByteBufBE)
GET /session/b065353ba2ee0486eeb6a2973e1b8ffe/element/06d0c24c-2483-4e32-8966-594c6aab2f9f/name HTTP/1.1
User-Agent: selenium/4.1.3 (java windows)
Cache-Control: no-cache
Content-Type: application/json; charset=utf-8
host: localhost:56164
accept: */*

Response DefaultHttpResponse(decodeResult: success, version: HTTP/1.1)
HTTP/1.1 200 OK
Content-Type: application/json; charset=utf-8
cache-control: no-cache
content-length: 17

02:11:36.426 [AsyncHttpClient-1-11] DEBUG org.asynchttpclient.netty.channel.ChannelManager - Adding key: http://localhost:56164 for channel [id: 0xe2331cea, L:/127.0.0.1:61736 - R:localhost/127.0.0.1:56164]
02:11:36.428 [Forwarding isElementEnabled on session b065353ba2ee0486eeb6a2973e1b8ffe to remote] DEBUG org.asynchttpclient.netty.request.NettyRequestSender - Using pooled Channel '[id: 0xe2331cea, L:/127.0.0.1:61736 - R:localhost/127.0.0.1:56164]' for 'GET' to 'http://localhost:56164/session/b065353ba2ee0486eeb6a2973e1b8ffe/element/06d0c24c-2483-4e32-8966-594c6aab2f9f/enabled'
02:11:36.428 [Forwarding isElementEnabled on session b065353ba2ee0486eeb6a2973e1b8ffe to remote] DEBUG org.asynchttpclient.netty.request.NettyRequestSender - Using open Channel [id: 0xe2331cea, L:/127.0.0.1:61736 - R:localhost/127.0.0.1:56164] for GET '/session/b065353ba2ee0486eeb6a2973e1b8ffe/element/06d0c24c-2483-4e32-8966-594c6aab2f9f/enabled'
02:11:36.437 [AsyncHttpClient-1-11] DEBUG org.asynchttpclient.netty.handler.HttpHandler - 

Request DefaultFullHttpRequest(decodeResult: success, version: HTTP/1.1, content: EmptyByteBufBE)
GET /session/b065353ba2ee0486eeb6a2973e1b8ffe/element/06d0c24c-2483-4e32-8966-594c6aab2f9f/enabled HTTP/1.1
User-Agent: selenium/4.1.3 (java windows)
Cache-Control: no-cache
Content-Type: application/json; charset=utf-8
host: localhost:56164
accept: */*

Response DefaultHttpResponse(decodeResult: success, version: HTTP/1.1)
HTTP/1.1 200 OK
Content-Type: application/json; charset=utf-8
cache-control: no-cache
content-length: 14

02:11:36.438 [AsyncHttpClient-1-11] DEBUG org.asynchttpclient.netty.channel.ChannelManager - Adding key: http://localhost:56164 for channel [id: 0xe2331cea, L:/127.0.0.1:61736 - R:localhost/127.0.0.1:56164]
02:11:36.439 [Forwarding isElementEnabled on session b065353ba2ee0486eeb6a2973e1b8ffe to remote] DEBUG org.asynchttpclient.netty.request.NettyRequestSender - Using pooled Channel '[id: 0xe2331cea, L:/127.0.0.1:61736 - R:localhost/127.0.0.1:56164]' for 'GET' to 'http://localhost:56164/session/b065353ba2ee0486eeb6a2973e1b8ffe/element/06d0c24c-2483-4e32-8966-594c6aab2f9f/enabled'
02:11:36.439 [Forwarding isElementEnabled on session b065353ba2ee0486eeb6a2973e1b8ffe to remote] DEBUG org.asynchttpclient.netty.request.NettyRequestSender - Using open Channel [id: 0xe2331cea, L:/127.0.0.1:61736 - R:localhost/127.0.0.1:56164] for GET '/session/b065353ba2ee0486eeb6a2973e1b8ffe/element/06d0c24c-2483-4e32-8966-594c6aab2f9f/enabled'
02:11:36.455 [AsyncHttpClient-1-11] DEBUG org.asynchttpclient.netty.handler.HttpHandler - 

Request DefaultFullHttpRequest(decodeResult: success, version: HTTP/1.1, content: EmptyByteBufBE)
GET /session/b065353ba2ee0486eeb6a2973e1b8ffe/element/06d0c24c-2483-4e32-8966-594c6aab2f9f/enabled HTTP/1.1
User-Agent: selenium/4.1.3 (java windows)
Cache-Control: no-cache
Content-Type: application/json; charset=utf-8
host: localhost:56164
accept: */*

Response DefaultHttpResponse(decodeResult: success, version: HTTP/1.1)
HTTP/1.1 200 OK
Content-Type: application/json; charset=utf-8
cache-control: no-cache
content-length: 14

02:11:36.456 [AsyncHttpClient-1-11] DEBUG org.asynchttpclient.netty.channel.ChannelManager - Adding key: http://localhost:56164 for channel [id: 0xe2331cea, L:/127.0.0.1:61736 - R:localhost/127.0.0.1:56164]
02:11:36.457 [Forwarding clickElement on session b065353ba2ee0486eeb6a2973e1b8ffe to remote] DEBUG org.asynchttpclient.netty.request.NettyRequestSender - Using pooled Channel '[id: 0xe2331cea, L:/127.0.0.1:61736 - R:localhost/127.0.0.1:56164]' for 'POST' to 'http://localhost:56164/session/b065353ba2ee0486eeb6a2973e1b8ffe/element/06d0c24c-2483-4e32-8966-594c6aab2f9f/click'
02:11:36.457 [Forwarding clickElement on session b065353ba2ee0486eeb6a2973e1b8ffe to remote] DEBUG org.asynchttpclient.netty.request.NettyRequestSender - Using open Channel [id: 0xe2331cea, L:/127.0.0.1:61736 - R:localhost/127.0.0.1:56164] for POST '/session/b065353ba2ee0486eeb6a2973e1b8ffe/element/06d0c24c-2483-4e32-8966-594c6aab2f9f/click'
02:11:36.830 [AsyncHttpClient-1-11] DEBUG org.asynchttpclient.netty.handler.HttpHandler - 

Request DefaultHttpRequest(decodeResult: success, version: HTTP/1.1)
POST /session/b065353ba2ee0486eeb6a2973e1b8ffe/element/06d0c24c-2483-4e32-8966-594c6aab2f9f/click HTTP/1.1
User-Agent: selenium/4.1.3 (java windows)
Content-Length: 50
Content-Type: application/json; charset=utf-8
host: localhost:56164
accept: */*

Response DefaultHttpResponse(decodeResult: success, version: HTTP/1.1)
HTTP/1.1 200 OK
Content-Type: application/json; charset=utf-8
cache-control: no-cache
content-length: 14

02:11:36.831 [AsyncHttpClient-1-11] DEBUG org.asynchttpclient.netty.channel.ChannelManager - Adding key: http://localhost:56164 for channel [id: 0xe2331cea, L:/127.0.0.1:61736 - R:localhost/127.0.0.1:56164]
02:11:36.834 [main] DEBUG net.thucydides.core.steps.StepInterceptor - STEP DONE: login
  &amp#27;[32mGiven &amp#27;[0m&amp#27;[32mthe user enters the username &amp#27;[0m&amp#27;[32m&amp#27;[1m""&amp#27;[0m&amp#27;[32m and password &amp#27;[0m&amp#27;[32m&amp#27;[1mmngr398793&amp#27;[0m &amp#27;[90m# cucumber.LoginStepDefs.the_user_enters_the_username_and_password(java.lang.String,java.lang.String)&amp#27;[0m
02:11:36.840 [main] DEBUG net.thucydides.core.steps.StepInterceptor - STARTING STEP: LoginStepDefs.the_error_message_user_is_not_valid_is_displayed - checkInvalid
02:11:36.840 [Forwarding getAlertText on session b065353ba2ee0486eeb6a2973e1b8ffe to remote] DEBUG org.asynchttpclient.netty.request.NettyRequestSender - Using pooled Channel '[id: 0xe2331cea, L:/127.0.0.1:61736 - R:localhost/127.0.0.1:56164]' for 'GET' to 'http://localhost:56164/session/b065353ba2ee0486eeb6a2973e1b8ffe/alert/text'
02:11:36.840 [Forwarding getAlertText on session b065353ba2ee0486eeb6a2973e1b8ffe to remote] DEBUG org.asynchttpclient.netty.request.NettyRequestSender - Using open Channel [id: 0xe2331cea, L:/127.0.0.1:61736 - R:localhost/127.0.0.1:56164] for GET '/session/b065353ba2ee0486eeb6a2973e1b8ffe/alert/text'
02:11:36.841 [AsyncHttpClient-1-11] DEBUG org.asynchttpclient.netty.handler.HttpHandler - 

Request DefaultFullHttpRequest(decodeResult: success, version: HTTP/1.1, content: EmptyByteBufBE)
GET /session/b065353ba2ee0486eeb6a2973e1b8ffe/alert/text HTTP/1.1
User-Agent: selenium/4.1.3 (java windows)
Cache-Control: no-cache
Content-Type: application/json; charset=utf-8
host: localhost:56164
accept: */*

Response DefaultHttpResponse(decodeResult: success, version: HTTP/1.1)
HTTP/1.1 200 OK
Content-Type: application/json; charset=utf-8
cache-control: no-cache
content-length: 29

02:11:36.841 [AsyncHttpClient-1-11] DEBUG org.asynchttpclient.netty.channel.ChannelManager - Adding key: http://localhost:56164 for channel [id: 0xe2331cea, L:/127.0.0.1:61736 - R:localhost/127.0.0.1:56164]
02:11:36.841 [Forwarding getAlertText on session b065353ba2ee0486eeb6a2973e1b8ffe to remote] DEBUG org.asynchttpclient.netty.request.NettyRequestSender - Using pooled Channel '[id: 0xe2331cea, L:/127.0.0.1:61736 - R:localhost/127.0.0.1:56164]' for 'GET' to 'http://localhost:56164/session/b065353ba2ee0486eeb6a2973e1b8ffe/alert/text'
02:11:36.841 [Forwarding getAlertText on session b065353ba2ee0486eeb6a2973e1b8ffe to remote] DEBUG org.asynchttpclient.netty.request.NettyRequestSender - Using open Channel [id: 0xe2331cea, L:/127.0.0.1:61736 - R:localhost/127.0.0.1:56164] for GET '/session/b065353ba2ee0486eeb6a2973e1b8ffe/alert/text'
02:11:36.842 [AsyncHttpClient-1-11] DEBUG org.asynchttpclient.netty.handler.HttpHandler - 

Request DefaultFullHttpRequest(decodeResult: success, version: HTTP/1.1, content: EmptyByteBufBE)
GET /session/b065353ba2ee0486eeb6a2973e1b8ffe/alert/text HTTP/1.1
User-Agent: selenium/4.1.3 (java windows)
Cache-Control: no-cache
Content-Type: application/json; charset=utf-8
host: localhost:56164
accept: */*

Response DefaultHttpResponse(decodeResult: success, version: HTTP/1.1)
HTTP/1.1 200 OK
Content-Type: application/json; charset=utf-8
cache-control: no-cache
content-length: 29

02:11:36.842 [AsyncHttpClient-1-11] DEBUG org.asynchttpclient.netty.channel.ChannelManager - Adding key: http://localhost:56164 for channel [id: 0xe2331cea, L:/127.0.0.1:61736 - R:localhost/127.0.0.1:56164]
02:11:36.842 [Forwarding acceptAlert on session b065353ba2ee0486eeb6a2973e1b8ffe to remote] DEBUG org.asynchttpclient.netty.request.NettyRequestSender - Using pooled Channel '[id: 0xe2331cea, L:/127.0.0.1:61736 - R:localhost/127.0.0.1:56164]' for 'POST' to 'http://localhost:56164/session/b065353ba2ee0486eeb6a2973e1b8ffe/alert/accept'
02:11:36.842 [Forwarding acceptAlert on session b065353ba2ee0486eeb6a2973e1b8ffe to remote] DEBUG org.asynchttpclient.netty.request.NettyRequestSender - Using open Channel [id: 0xe2331cea, L:/127.0.0.1:61736 - R:localhost/127.0.0.1:56164] for POST '/session/b065353ba2ee0486eeb6a2973e1b8ffe/alert/accept'
02:11:36.845 [AsyncHttpClient-1-11] DEBUG org.asynchttpclient.netty.handler.HttpHandler - 

Request DefaultHttpRequest(decodeResult: success, version: HTTP/1.1)
POST /session/b065353ba2ee0486eeb6a2973e1b8ffe/alert/accept HTTP/1.1
User-Agent: selenium/4.1.3 (java windows)
Content-Length: 3
Content-Type: application/json; charset=utf-8
host: localhost:56164
accept: */*

Response DefaultHttpResponse(decodeResult: success, version: HTTP/1.1)
HTTP/1.1 200 OK
Content-Type: application/json; charset=utf-8
cache-control: no-cache
content-length: 14

02:11:36.845 [AsyncHttpClient-1-11] DEBUG org.asynchttpclient.netty.channel.ChannelManager - Adding key: http://localhost:56164 for channel [id: 0xe2331cea, L:/127.0.0.1:61736 - R:localhost/127.0.0.1:56164]
02:11:36.847 [main] DEBUG net.thucydides.core.steps.StepInterceptor - STEP DONE: checkInvalid
  &amp#27;[32mThen &amp#27;[0m&amp#27;[32mthe error message &amp#27;[0m&amp#27;[32m&amp#27;[1m'User is not valid'&amp#27;[0m&amp#27;[32m is displayed&amp#27;[0m       &amp#27;[90m# cucumber.LoginStepDefs.the_error_message_user_is_not_valid_is_displayed(java.lang.String)&amp#27;[0m
]]></system-out>
  </testcase>
  <testcase name="user login unsuccessful #4" classname="user login to the page unsuccessful" time="3.601">
    <system-out><![CDATA[
@unit
Scenario Outline: user login unsuccessful                       &amp#27;[90m# src/test/resources/features.login/login_unsuccess.feature:12&amp#27;[0m
02:11:36.861 [main] INFO io.cucumber.core.plugin.SerenityReporter - Running feature from file:///D:/Pratice/serenity_homework/src/test/resources/features.login/login_unsuccess.feature
02:11:36.861 [main] WARN io.cucumber.core.plugin.SerenityReporter - Feature from file:///D:/Pratice/serenity_homework/src/test/resources/features.login/login_unsuccess.feature is not under the 'features' directory. Requirements report will not be correctly generated!
02:11:36.877 [main] DEBUG io.github.bonigarcia.wdm.cache.ResolutionCache - Resolution chrome=100 in cache (valid until 02:23:33 21/04/2022 ICT)
02:11:36.877 [main] DEBUG io.github.bonigarcia.wdm.cache.ResolutionCache - Resolution chrome100=100.0.4896.60 in cache (valid until 15:25:50 21/04/2022 ICT)
02:11:36.878 [main] INFO io.github.bonigarcia.wdm.WebDriverManager - Using chromedriver 100.0.4896.60 (resolved driver for Chrome 100)
02:11:36.882 [main] DEBUG io.github.bonigarcia.wdm.WebDriverManager - Driver chromedriver 100.0.4896.60 found in cache
02:11:36.882 [main] INFO io.github.bonigarcia.wdm.WebDriverManager - Exporting webdriver.chrome.driver as C:\Users\dung.nguyenanh\.cache\selenium\chromedriver\win32\100.0.4896.60\chromedriver.exe
02:11:36.884 [Forwarding get on session b065353ba2ee0486eeb6a2973e1b8ffe to remote] DEBUG org.asynchttpclient.netty.request.NettyRequestSender - Using pooled Channel '[id: 0xe2331cea, L:/127.0.0.1:61736 - R:localhost/127.0.0.1:56164]' for 'POST' to 'http://localhost:56164/session/b065353ba2ee0486eeb6a2973e1b8ffe/url'
02:11:36.884 [Forwarding get on session b065353ba2ee0486eeb6a2973e1b8ffe to remote] DEBUG org.asynchttpclient.netty.request.NettyRequestSender - Using open Channel [id: 0xe2331cea, L:/127.0.0.1:61736 - R:localhost/127.0.0.1:56164] for POST '/session/b065353ba2ee0486eeb6a2973e1b8ffe/url'
02:11:37.262 [AsyncHttpClient-1-1] DEBUG org.asynchttpclient.netty.channel.DefaultChannelPool - Entry count for : http://localhost:61737 : 1
02:11:38.361 [AsyncHttpClient-1-1] DEBUG org.asynchttpclient.netty.channel.DefaultChannelPool - Entry count for : http://localhost:61737 : 1
02:11:38.468 [AsyncHttpClient-1-11] DEBUG org.asynchttpclient.netty.handler.HttpHandler - 

Request DefaultHttpRequest(decodeResult: success, version: HTTP/1.1)
POST /session/b065353ba2ee0486eeb6a2973e1b8ffe/url HTTP/1.1
User-Agent: selenium/4.1.3 (java windows)
Content-Length: 94
Content-Type: application/json; charset=utf-8
host: localhost:56164
accept: */*

Response DefaultHttpResponse(decodeResult: success, version: HTTP/1.1)
HTTP/1.1 200 OK
Content-Type: application/json; charset=utf-8
cache-control: no-cache
content-length: 14

02:11:38.469 [AsyncHttpClient-1-11] DEBUG org.asynchttpclient.netty.channel.ChannelManager - Adding key: http://localhost:56164 for channel [id: 0xe2331cea, L:/127.0.0.1:61736 - R:localhost/127.0.0.1:56164]
02:11:38.471 [Forwarding getCurrentUrl on session b065353ba2ee0486eeb6a2973e1b8ffe to remote] DEBUG org.asynchttpclient.netty.request.NettyRequestSender - Using pooled Channel '[id: 0xe2331cea, L:/127.0.0.1:61736 - R:localhost/127.0.0.1:56164]' for 'GET' to 'http://localhost:56164/session/b065353ba2ee0486eeb6a2973e1b8ffe/url'
02:11:38.472 [Forwarding getCurrentUrl on session b065353ba2ee0486eeb6a2973e1b8ffe to remote] DEBUG org.asynchttpclient.netty.request.NettyRequestSender - Using open Channel [id: 0xe2331cea, L:/127.0.0.1:61736 - R:localhost/127.0.0.1:56164] for GET '/session/b065353ba2ee0486eeb6a2973e1b8ffe/url'
02:11:38.478 [AsyncHttpClient-1-11] DEBUG org.asynchttpclient.netty.handler.HttpHandler - 

Request DefaultFullHttpRequest(decodeResult: success, version: HTTP/1.1, content: EmptyByteBufBE)
GET /session/b065353ba2ee0486eeb6a2973e1b8ffe/url HTTP/1.1
User-Agent: selenium/4.1.3 (java windows)
Cache-Control: no-cache
Content-Type: application/json; charset=utf-8
host: localhost:56164
accept: */*

Response DefaultHttpResponse(decodeResult: success, version: HTTP/1.1)
HTTP/1.1 200 OK
Content-Type: application/json; charset=utf-8
cache-control: no-cache
content-length: 61

02:11:38.479 [AsyncHttpClient-1-11] DEBUG org.asynchttpclient.netty.channel.ChannelManager - Adding key: http://localhost:56164 for channel [id: 0xe2331cea, L:/127.0.0.1:61736 - R:localhost/127.0.0.1:56164]
02:11:38.481 [Forwarding getCurrentUrl on session b065353ba2ee0486eeb6a2973e1b8ffe to remote] DEBUG org.asynchttpclient.netty.request.NettyRequestSender - Using pooled Channel '[id: 0xe2331cea, L:/127.0.0.1:61736 - R:localhost/127.0.0.1:56164]' for 'GET' to 'http://localhost:56164/session/b065353ba2ee0486eeb6a2973e1b8ffe/url'
02:11:38.481 [Forwarding getCurrentUrl on session b065353ba2ee0486eeb6a2973e1b8ffe to remote] DEBUG org.asynchttpclient.netty.request.NettyRequestSender - Using open Channel [id: 0xe2331cea, L:/127.0.0.1:61736 - R:localhost/127.0.0.1:56164] for GET '/session/b065353ba2ee0486eeb6a2973e1b8ffe/url'
02:11:38.486 [AsyncHttpClient-1-11] DEBUG org.asynchttpclient.netty.handler.HttpHandler - 

Request DefaultFullHttpRequest(decodeResult: success, version: HTTP/1.1, content: EmptyByteBufBE)
GET /session/b065353ba2ee0486eeb6a2973e1b8ffe/url HTTP/1.1
User-Agent: selenium/4.1.3 (java windows)
Cache-Control: no-cache
Content-Type: application/json; charset=utf-8
host: localhost:56164
accept: */*

Response DefaultHttpResponse(decodeResult: success, version: HTTP/1.1)
HTTP/1.1 200 OK
Content-Type: application/json; charset=utf-8
cache-control: no-cache
content-length: 61

02:11:38.487 [AsyncHttpClient-1-11] DEBUG org.asynchttpclient.netty.channel.ChannelManager - Adding key: http://localhost:56164 for channel [id: 0xe2331cea, L:/127.0.0.1:61736 - R:localhost/127.0.0.1:56164]
02:11:38.490 [Forwarding maximizeCurrentWindow on session b065353ba2ee0486eeb6a2973e1b8ffe to remote] DEBUG org.asynchttpclient.netty.request.NettyRequestSender - Using pooled Channel '[id: 0xe2331cea, L:/127.0.0.1:61736 - R:localhost/127.0.0.1:56164]' for 'POST' to 'http://localhost:56164/session/b065353ba2ee0486eeb6a2973e1b8ffe/window/maximize'
02:11:38.490 [Forwarding maximizeCurrentWindow on session b065353ba2ee0486eeb6a2973e1b8ffe to remote] DEBUG org.asynchttpclient.netty.request.NettyRequestSender - Using open Channel [id: 0xe2331cea, L:/127.0.0.1:61736 - R:localhost/127.0.0.1:56164] for POST '/session/b065353ba2ee0486eeb6a2973e1b8ffe/window/maximize'
02:11:38.495 [AsyncHttpClient-1-11] DEBUG org.asynchttpclient.netty.handler.HttpHandler - 

Request DefaultHttpRequest(decodeResult: success, version: HTTP/1.1)
POST /session/b065353ba2ee0486eeb6a2973e1b8ffe/window/maximize HTTP/1.1
User-Agent: selenium/4.1.3 (java windows)
Content-Length: 3
Content-Type: application/json; charset=utf-8
host: localhost:56164
accept: */*

Response DefaultHttpResponse(decodeResult: success, version: HTTP/1.1)
HTTP/1.1 200 OK
Content-Type: application/json; charset=utf-8
cache-control: no-cache
content-length: 51

02:11:38.496 [AsyncHttpClient-1-11] DEBUG org.asynchttpclient.netty.channel.ChannelManager - Adding key: http://localhost:56164 for channel [id: 0xe2331cea, L:/127.0.0.1:61736 - R:localhost/127.0.0.1:56164]
02:11:38.518 [main] DEBUG net.thucydides.core.steps.StepInterceptor - STARTING STEP: LoginStepDefs.the_user_enters_the_username_and_password - login
02:11:38.533 [Forwarding setTimeout on session b065353ba2ee0486eeb6a2973e1b8ffe to remote] DEBUG org.asynchttpclient.netty.request.NettyRequestSender - Using pooled Channel '[id: 0xe2331cea, L:/127.0.0.1:61736 - R:localhost/127.0.0.1:56164]' for 'POST' to 'http://localhost:56164/session/b065353ba2ee0486eeb6a2973e1b8ffe/timeouts'
02:11:38.533 [Forwarding setTimeout on session b065353ba2ee0486eeb6a2973e1b8ffe to remote] DEBUG org.asynchttpclient.netty.request.NettyRequestSender - Using open Channel [id: 0xe2331cea, L:/127.0.0.1:61736 - R:localhost/127.0.0.1:56164] for POST '/session/b065353ba2ee0486eeb6a2973e1b8ffe/timeouts'
02:11:38.535 [AsyncHttpClient-1-11] DEBUG org.asynchttpclient.netty.handler.HttpHandler - 

Request DefaultHttpRequest(decodeResult: success, version: HTTP/1.1)
POST /session/b065353ba2ee0486eeb6a2973e1b8ffe/timeouts HTTP/1.1
User-Agent: selenium/4.1.3 (java windows)
Content-Length: 19
Content-Type: application/json; charset=utf-8
host: localhost:56164
accept: */*

Response DefaultHttpResponse(decodeResult: success, version: HTTP/1.1)
HTTP/1.1 200 OK
Content-Type: application/json; charset=utf-8
cache-control: no-cache
content-length: 14

02:11:38.535 [AsyncHttpClient-1-11] DEBUG org.asynchttpclient.netty.channel.ChannelManager - Adding key: http://localhost:56164 for channel [id: 0xe2331cea, L:/127.0.0.1:61736 - R:localhost/127.0.0.1:56164]
02:11:38.540 [Forwarding findElement on session b065353ba2ee0486eeb6a2973e1b8ffe to remote] DEBUG org.asynchttpclient.netty.request.NettyRequestSender - Using pooled Channel '[id: 0xe2331cea, L:/127.0.0.1:61736 - R:localhost/127.0.0.1:56164]' for 'POST' to 'http://localhost:56164/session/b065353ba2ee0486eeb6a2973e1b8ffe/element'
02:11:38.540 [Forwarding findElement on session b065353ba2ee0486eeb6a2973e1b8ffe to remote] DEBUG org.asynchttpclient.netty.request.NettyRequestSender - Using open Channel [id: 0xe2331cea, L:/127.0.0.1:61736 - R:localhost/127.0.0.1:56164] for POST '/session/b065353ba2ee0486eeb6a2973e1b8ffe/element'
02:11:38.795 [AsyncHttpClient-1-11] DEBUG org.asynchttpclient.netty.handler.HttpHandler - 

Request DefaultHttpRequest(decodeResult: success, version: HTTP/1.1)
POST /session/b065353ba2ee0486eeb6a2973e1b8ffe/element HTTP/1.1
User-Agent: selenium/4.1.3 (java windows)
Content-Length: 61
Content-Type: application/json; charset=utf-8
host: localhost:56164
accept: */*

Response DefaultHttpResponse(decodeResult: success, version: HTTP/1.1)
HTTP/1.1 200 OK
Content-Type: application/json; charset=utf-8
cache-control: no-cache
content-length: 88

02:11:38.795 [AsyncHttpClient-1-11] DEBUG org.asynchttpclient.netty.channel.ChannelManager - Adding key: http://localhost:56164 for channel [id: 0xe2331cea, L:/127.0.0.1:61736 - R:localhost/127.0.0.1:56164]
02:11:38.797 [Forwarding setTimeout on session b065353ba2ee0486eeb6a2973e1b8ffe to remote] DEBUG org.asynchttpclient.netty.request.NettyRequestSender - Using pooled Channel '[id: 0xe2331cea, L:/127.0.0.1:61736 - R:localhost/127.0.0.1:56164]' for 'POST' to 'http://localhost:56164/session/b065353ba2ee0486eeb6a2973e1b8ffe/timeouts'
02:11:38.798 [Forwarding setTimeout on session b065353ba2ee0486eeb6a2973e1b8ffe to remote] DEBUG org.asynchttpclient.netty.request.NettyRequestSender - Using open Channel [id: 0xe2331cea, L:/127.0.0.1:61736 - R:localhost/127.0.0.1:56164] for POST '/session/b065353ba2ee0486eeb6a2973e1b8ffe/timeouts'
02:11:38.800 [AsyncHttpClient-1-11] DEBUG org.asynchttpclient.netty.handler.HttpHandler - 

Request DefaultHttpRequest(decodeResult: success, version: HTTP/1.1)
POST /session/b065353ba2ee0486eeb6a2973e1b8ffe/timeouts HTTP/1.1
User-Agent: selenium/4.1.3 (java windows)
Content-Length: 22
Content-Type: application/json; charset=utf-8
host: localhost:56164
accept: */*

Response DefaultHttpResponse(decodeResult: success, version: HTTP/1.1)
HTTP/1.1 200 OK
Content-Type: application/json; charset=utf-8
cache-control: no-cache
content-length: 14

02:11:38.800 [AsyncHttpClient-1-11] DEBUG org.asynchttpclient.netty.channel.ChannelManager - Adding key: http://localhost:56164 for channel [id: 0xe2331cea, L:/127.0.0.1:61736 - R:localhost/127.0.0.1:56164]
02:11:38.806 [Forwarding isElementDisplayed on session b065353ba2ee0486eeb6a2973e1b8ffe to remote] DEBUG org.asynchttpclient.netty.request.NettyRequestSender - Using pooled Channel '[id: 0xe2331cea, L:/127.0.0.1:61736 - R:localhost/127.0.0.1:56164]' for 'POST' to 'http://localhost:56164/session/b065353ba2ee0486eeb6a2973e1b8ffe/execute/sync'
02:11:38.807 [Forwarding isElementDisplayed on session b065353ba2ee0486eeb6a2973e1b8ffe to remote] DEBUG org.asynchttpclient.netty.request.NettyRequestSender - Using open Channel [id: 0xe2331cea, L:/127.0.0.1:61736 - R:localhost/127.0.0.1:56164] for POST '/session/b065353ba2ee0486eeb6a2973e1b8ffe/execute/sync'
02:11:38.823 [AsyncHttpClient-1-11] DEBUG org.asynchttpclient.netty.handler.HttpHandler - 

Request DefaultHttpRequest(decodeResult: success, version: HTTP/1.1)
POST /session/b065353ba2ee0486eeb6a2973e1b8ffe/execute/sync HTTP/1.1
User-Agent: selenium/4.1.3 (java windows)
Content-Length: 48780
Content-Type: application/json; charset=utf-8
host: localhost:56164
accept: */*

Response DefaultHttpResponse(decodeResult: success, version: HTTP/1.1)
HTTP/1.1 200 OK
Content-Type: application/json; charset=utf-8
cache-control: no-cache
content-length: 14

02:11:38.823 [AsyncHttpClient-1-11] DEBUG org.asynchttpclient.netty.channel.ChannelManager - Adding key: http://localhost:56164 for channel [id: 0xe2331cea, L:/127.0.0.1:61736 - R:localhost/127.0.0.1:56164]
02:11:38.828 [Forwarding clearElement on session b065353ba2ee0486eeb6a2973e1b8ffe to remote] DEBUG org.asynchttpclient.netty.request.NettyRequestSender - Using pooled Channel '[id: 0xe2331cea, L:/127.0.0.1:61736 - R:localhost/127.0.0.1:56164]' for 'POST' to 'http://localhost:56164/session/b065353ba2ee0486eeb6a2973e1b8ffe/element/118cf252-32c2-407c-92ab-662232e18324/clear'
02:11:38.828 [Forwarding clearElement on session b065353ba2ee0486eeb6a2973e1b8ffe to remote] DEBUG org.asynchttpclient.netty.request.NettyRequestSender - Using open Channel [id: 0xe2331cea, L:/127.0.0.1:61736 - R:localhost/127.0.0.1:56164] for POST '/session/b065353ba2ee0486eeb6a2973e1b8ffe/element/118cf252-32c2-407c-92ab-662232e18324/clear'
02:11:38.874 [AsyncHttpClient-1-11] DEBUG org.asynchttpclient.netty.handler.HttpHandler - 

Request DefaultHttpRequest(decodeResult: success, version: HTTP/1.1)
POST /session/b065353ba2ee0486eeb6a2973e1b8ffe/element/118cf252-32c2-407c-92ab-662232e18324/clear HTTP/1.1
User-Agent: selenium/4.1.3 (java windows)
Content-Length: 50
Content-Type: application/json; charset=utf-8
host: localhost:56164
accept: */*

Response DefaultHttpResponse(decodeResult: success, version: HTTP/1.1)
HTTP/1.1 200 OK
Content-Type: application/json; charset=utf-8
cache-control: no-cache
content-length: 14

02:11:38.874 [AsyncHttpClient-1-11] DEBUG org.asynchttpclient.netty.channel.ChannelManager - Adding key: http://localhost:56164 for channel [id: 0xe2331cea, L:/127.0.0.1:61736 - R:localhost/127.0.0.1:56164]
02:11:38.876 [Forwarding sendKeysToElement on session b065353ba2ee0486eeb6a2973e1b8ffe to remote] DEBUG org.asynchttpclient.netty.request.NettyRequestSender - Using pooled Channel '[id: 0xe2331cea, L:/127.0.0.1:61736 - R:localhost/127.0.0.1:56164]' for 'POST' to 'http://localhost:56164/session/b065353ba2ee0486eeb6a2973e1b8ffe/element/118cf252-32c2-407c-92ab-662232e18324/value'
02:11:38.877 [Forwarding sendKeysToElement on session b065353ba2ee0486eeb6a2973e1b8ffe to remote] DEBUG org.asynchttpclient.netty.request.NettyRequestSender - Using open Channel [id: 0xe2331cea, L:/127.0.0.1:61736 - R:localhost/127.0.0.1:56164] for POST '/session/b065353ba2ee0486eeb6a2973e1b8ffe/element/118cf252-32c2-407c-92ab-662232e18324/value'
02:11:38.947 [AsyncHttpClient-1-11] DEBUG org.asynchttpclient.netty.handler.HttpHandler - 

Request DefaultHttpRequest(decodeResult: success, version: HTTP/1.1)
POST /session/b065353ba2ee0486eeb6a2973e1b8ffe/element/118cf252-32c2-407c-92ab-662232e18324/value HTTP/1.1
User-Agent: selenium/4.1.3 (java windows)
Content-Length: 181
Content-Type: application/json; charset=utf-8
host: localhost:56164
accept: */*

Response DefaultHttpResponse(decodeResult: success, version: HTTP/1.1)
HTTP/1.1 200 OK
Content-Type: application/json; charset=utf-8
cache-control: no-cache
content-length: 14

02:11:38.947 [AsyncHttpClient-1-11] DEBUG org.asynchttpclient.netty.channel.ChannelManager - Adding key: http://localhost:56164 for channel [id: 0xe2331cea, L:/127.0.0.1:61736 - R:localhost/127.0.0.1:56164]
02:11:38.961 [Forwarding setTimeout on session b065353ba2ee0486eeb6a2973e1b8ffe to remote] DEBUG org.asynchttpclient.netty.request.NettyRequestSender - Using pooled Channel '[id: 0xe2331cea, L:/127.0.0.1:61736 - R:localhost/127.0.0.1:56164]' for 'POST' to 'http://localhost:56164/session/b065353ba2ee0486eeb6a2973e1b8ffe/timeouts'
02:11:38.961 [Forwarding setTimeout on session b065353ba2ee0486eeb6a2973e1b8ffe to remote] DEBUG org.asynchttpclient.netty.request.NettyRequestSender - Using open Channel [id: 0xe2331cea, L:/127.0.0.1:61736 - R:localhost/127.0.0.1:56164] for POST '/session/b065353ba2ee0486eeb6a2973e1b8ffe/timeouts'
02:11:38.963 [AsyncHttpClient-1-11] DEBUG org.asynchttpclient.netty.handler.HttpHandler - 

Request DefaultHttpRequest(decodeResult: success, version: HTTP/1.1)
POST /session/b065353ba2ee0486eeb6a2973e1b8ffe/timeouts HTTP/1.1
User-Agent: selenium/4.1.3 (java windows)
Content-Length: 19
Content-Type: application/json; charset=utf-8
host: localhost:56164
accept: */*

Response DefaultHttpResponse(decodeResult: success, version: HTTP/1.1)
HTTP/1.1 200 OK
Content-Type: application/json; charset=utf-8
cache-control: no-cache
content-length: 14

02:11:38.963 [AsyncHttpClient-1-11] DEBUG org.asynchttpclient.netty.channel.ChannelManager - Adding key: http://localhost:56164 for channel [id: 0xe2331cea, L:/127.0.0.1:61736 - R:localhost/127.0.0.1:56164]
02:11:38.966 [Forwarding findElement on session b065353ba2ee0486eeb6a2973e1b8ffe to remote] DEBUG org.asynchttpclient.netty.request.NettyRequestSender - Using pooled Channel '[id: 0xe2331cea, L:/127.0.0.1:61736 - R:localhost/127.0.0.1:56164]' for 'POST' to 'http://localhost:56164/session/b065353ba2ee0486eeb6a2973e1b8ffe/element'
02:11:38.966 [Forwarding findElement on session b065353ba2ee0486eeb6a2973e1b8ffe to remote] DEBUG org.asynchttpclient.netty.request.NettyRequestSender - Using open Channel [id: 0xe2331cea, L:/127.0.0.1:61736 - R:localhost/127.0.0.1:56164] for POST '/session/b065353ba2ee0486eeb6a2973e1b8ffe/element'
02:11:38.983 [AsyncHttpClient-1-11] DEBUG org.asynchttpclient.netty.handler.HttpHandler - 

Request DefaultHttpRequest(decodeResult: success, version: HTTP/1.1)
POST /session/b065353ba2ee0486eeb6a2973e1b8ffe/element HTTP/1.1
User-Agent: selenium/4.1.3 (java windows)
Content-Length: 66
Content-Type: application/json; charset=utf-8
host: localhost:56164
accept: */*

Response DefaultHttpResponse(decodeResult: success, version: HTTP/1.1)
HTTP/1.1 200 OK
Content-Type: application/json; charset=utf-8
cache-control: no-cache
content-length: 88

02:11:38.983 [AsyncHttpClient-1-11] DEBUG org.asynchttpclient.netty.channel.ChannelManager - Adding key: http://localhost:56164 for channel [id: 0xe2331cea, L:/127.0.0.1:61736 - R:localhost/127.0.0.1:56164]
02:11:38.985 [Forwarding setTimeout on session b065353ba2ee0486eeb6a2973e1b8ffe to remote] DEBUG org.asynchttpclient.netty.request.NettyRequestSender - Using pooled Channel '[id: 0xe2331cea, L:/127.0.0.1:61736 - R:localhost/127.0.0.1:56164]' for 'POST' to 'http://localhost:56164/session/b065353ba2ee0486eeb6a2973e1b8ffe/timeouts'
02:11:38.985 [Forwarding setTimeout on session b065353ba2ee0486eeb6a2973e1b8ffe to remote] DEBUG org.asynchttpclient.netty.request.NettyRequestSender - Using open Channel [id: 0xe2331cea, L:/127.0.0.1:61736 - R:localhost/127.0.0.1:56164] for POST '/session/b065353ba2ee0486eeb6a2973e1b8ffe/timeouts'
02:11:38.985 [AsyncHttpClient-1-11] DEBUG org.asynchttpclient.netty.handler.HttpHandler - 

Request DefaultHttpRequest(decodeResult: success, version: HTTP/1.1)
POST /session/b065353ba2ee0486eeb6a2973e1b8ffe/timeouts HTTP/1.1
User-Agent: selenium/4.1.3 (java windows)
Content-Length: 22
Content-Type: application/json; charset=utf-8
host: localhost:56164
accept: */*

Response DefaultHttpResponse(decodeResult: success, version: HTTP/1.1)
HTTP/1.1 200 OK
Content-Type: application/json; charset=utf-8
cache-control: no-cache
content-length: 14

02:11:38.986 [AsyncHttpClient-1-11] DEBUG org.asynchttpclient.netty.channel.ChannelManager - Adding key: http://localhost:56164 for channel [id: 0xe2331cea, L:/127.0.0.1:61736 - R:localhost/127.0.0.1:56164]
02:11:38.991 [Forwarding isElementDisplayed on session b065353ba2ee0486eeb6a2973e1b8ffe to remote] DEBUG org.asynchttpclient.netty.request.NettyRequestSender - Using pooled Channel '[id: 0xe2331cea, L:/127.0.0.1:61736 - R:localhost/127.0.0.1:56164]' for 'POST' to 'http://localhost:56164/session/b065353ba2ee0486eeb6a2973e1b8ffe/execute/sync'
02:11:38.991 [Forwarding isElementDisplayed on session b065353ba2ee0486eeb6a2973e1b8ffe to remote] DEBUG org.asynchttpclient.netty.request.NettyRequestSender - Using open Channel [id: 0xe2331cea, L:/127.0.0.1:61736 - R:localhost/127.0.0.1:56164] for POST '/session/b065353ba2ee0486eeb6a2973e1b8ffe/execute/sync'
02:11:39.007 [AsyncHttpClient-1-11] DEBUG org.asynchttpclient.netty.handler.HttpHandler - 

Request DefaultHttpRequest(decodeResult: success, version: HTTP/1.1)
POST /session/b065353ba2ee0486eeb6a2973e1b8ffe/execute/sync HTTP/1.1
User-Agent: selenium/4.1.3 (java windows)
Content-Length: 48780
Content-Type: application/json; charset=utf-8
host: localhost:56164
accept: */*

Response DefaultHttpResponse(decodeResult: success, version: HTTP/1.1)
HTTP/1.1 200 OK
Content-Type: application/json; charset=utf-8
cache-control: no-cache
content-length: 14

02:11:39.008 [AsyncHttpClient-1-11] DEBUG org.asynchttpclient.netty.channel.ChannelManager - Adding key: http://localhost:56164 for channel [id: 0xe2331cea, L:/127.0.0.1:61736 - R:localhost/127.0.0.1:56164]
02:11:39.011 [Forwarding clearElement on session b065353ba2ee0486eeb6a2973e1b8ffe to remote] DEBUG org.asynchttpclient.netty.request.NettyRequestSender - Using pooled Channel '[id: 0xe2331cea, L:/127.0.0.1:61736 - R:localhost/127.0.0.1:56164]' for 'POST' to 'http://localhost:56164/session/b065353ba2ee0486eeb6a2973e1b8ffe/element/976f0aa9-c748-4bdb-9303-2d0fe77e3d5c/clear'
02:11:39.011 [Forwarding clearElement on session b065353ba2ee0486eeb6a2973e1b8ffe to remote] DEBUG org.asynchttpclient.netty.request.NettyRequestSender - Using open Channel [id: 0xe2331cea, L:/127.0.0.1:61736 - R:localhost/127.0.0.1:56164] for POST '/session/b065353ba2ee0486eeb6a2973e1b8ffe/element/976f0aa9-c748-4bdb-9303-2d0fe77e3d5c/clear'
02:11:39.051 [AsyncHttpClient-1-11] DEBUG org.asynchttpclient.netty.handler.HttpHandler - 

Request DefaultHttpRequest(decodeResult: success, version: HTTP/1.1)
POST /session/b065353ba2ee0486eeb6a2973e1b8ffe/element/976f0aa9-c748-4bdb-9303-2d0fe77e3d5c/clear HTTP/1.1
User-Agent: selenium/4.1.3 (java windows)
Content-Length: 50
Content-Type: application/json; charset=utf-8
host: localhost:56164
accept: */*

Response DefaultHttpResponse(decodeResult: success, version: HTTP/1.1)
HTTP/1.1 200 OK
Content-Type: application/json; charset=utf-8
cache-control: no-cache
content-length: 14

02:11:39.052 [AsyncHttpClient-1-11] DEBUG org.asynchttpclient.netty.channel.ChannelManager - Adding key: http://localhost:56164 for channel [id: 0xe2331cea, L:/127.0.0.1:61736 - R:localhost/127.0.0.1:56164]
02:11:39.054 [Forwarding sendKeysToElement on session b065353ba2ee0486eeb6a2973e1b8ffe to remote] DEBUG org.asynchttpclient.netty.request.NettyRequestSender - Using pooled Channel '[id: 0xe2331cea, L:/127.0.0.1:61736 - R:localhost/127.0.0.1:56164]' for 'POST' to 'http://localhost:56164/session/b065353ba2ee0486eeb6a2973e1b8ffe/element/976f0aa9-c748-4bdb-9303-2d0fe77e3d5c/value'
02:11:39.054 [Forwarding sendKeysToElement on session b065353ba2ee0486eeb6a2973e1b8ffe to remote] DEBUG org.asynchttpclient.netty.request.NettyRequestSender - Using open Channel [id: 0xe2331cea, L:/127.0.0.1:61736 - R:localhost/127.0.0.1:56164] for POST '/session/b065353ba2ee0486eeb6a2973e1b8ffe/element/976f0aa9-c748-4bdb-9303-2d0fe77e3d5c/value'
02:11:39.127 [AsyncHttpClient-1-11] DEBUG org.asynchttpclient.netty.handler.HttpHandler - 

Request DefaultHttpRequest(decodeResult: success, version: HTTP/1.1)
POST /session/b065353ba2ee0486eeb6a2973e1b8ffe/element/976f0aa9-c748-4bdb-9303-2d0fe77e3d5c/value HTTP/1.1
User-Agent: selenium/4.1.3 (java windows)
Content-Length: 105
Content-Type: application/json; charset=utf-8
host: localhost:56164
accept: */*

Response DefaultHttpResponse(decodeResult: success, version: HTTP/1.1)
HTTP/1.1 200 OK
Content-Type: application/json; charset=utf-8
cache-control: no-cache
content-length: 14

02:11:39.127 [AsyncHttpClient-1-11] DEBUG org.asynchttpclient.netty.channel.ChannelManager - Adding key: http://localhost:56164 for channel [id: 0xe2331cea, L:/127.0.0.1:61736 - R:localhost/127.0.0.1:56164]
02:11:39.140 [Forwarding setTimeout on session b065353ba2ee0486eeb6a2973e1b8ffe to remote] DEBUG org.asynchttpclient.netty.request.NettyRequestSender - Using pooled Channel '[id: 0xe2331cea, L:/127.0.0.1:61736 - R:localhost/127.0.0.1:56164]' for 'POST' to 'http://localhost:56164/session/b065353ba2ee0486eeb6a2973e1b8ffe/timeouts'
02:11:39.141 [Forwarding setTimeout on session b065353ba2ee0486eeb6a2973e1b8ffe to remote] DEBUG org.asynchttpclient.netty.request.NettyRequestSender - Using open Channel [id: 0xe2331cea, L:/127.0.0.1:61736 - R:localhost/127.0.0.1:56164] for POST '/session/b065353ba2ee0486eeb6a2973e1b8ffe/timeouts'
02:11:39.143 [AsyncHttpClient-1-11] DEBUG org.asynchttpclient.netty.handler.HttpHandler - 

Request DefaultHttpRequest(decodeResult: success, version: HTTP/1.1)
POST /session/b065353ba2ee0486eeb6a2973e1b8ffe/timeouts HTTP/1.1
User-Agent: selenium/4.1.3 (java windows)
Content-Length: 19
Content-Type: application/json; charset=utf-8
host: localhost:56164
accept: */*

Response DefaultHttpResponse(decodeResult: success, version: HTTP/1.1)
HTTP/1.1 200 OK
Content-Type: application/json; charset=utf-8
cache-control: no-cache
content-length: 14

02:11:39.143 [AsyncHttpClient-1-11] DEBUG org.asynchttpclient.netty.channel.ChannelManager - Adding key: http://localhost:56164 for channel [id: 0xe2331cea, L:/127.0.0.1:61736 - R:localhost/127.0.0.1:56164]
02:11:39.146 [Forwarding findElement on session b065353ba2ee0486eeb6a2973e1b8ffe to remote] DEBUG org.asynchttpclient.netty.request.NettyRequestSender - Using pooled Channel '[id: 0xe2331cea, L:/127.0.0.1:61736 - R:localhost/127.0.0.1:56164]' for 'POST' to 'http://localhost:56164/session/b065353ba2ee0486eeb6a2973e1b8ffe/element'
02:11:39.146 [Forwarding findElement on session b065353ba2ee0486eeb6a2973e1b8ffe to remote] DEBUG org.asynchttpclient.netty.request.NettyRequestSender - Using open Channel [id: 0xe2331cea, L:/127.0.0.1:61736 - R:localhost/127.0.0.1:56164] for POST '/session/b065353ba2ee0486eeb6a2973e1b8ffe/element'
02:11:39.157 [AsyncHttpClient-1-11] DEBUG org.asynchttpclient.netty.handler.HttpHandler - 

Request DefaultHttpRequest(decodeResult: success, version: HTTP/1.1)
POST /session/b065353ba2ee0486eeb6a2973e1b8ffe/element HTTP/1.1
User-Agent: selenium/4.1.3 (java windows)
Content-Length: 64
Content-Type: application/json; charset=utf-8
host: localhost:56164
accept: */*

Response DefaultHttpResponse(decodeResult: success, version: HTTP/1.1)
HTTP/1.1 200 OK
Content-Type: application/json; charset=utf-8
cache-control: no-cache
content-length: 88

02:11:39.158 [AsyncHttpClient-1-11] DEBUG org.asynchttpclient.netty.channel.ChannelManager - Adding key: http://localhost:56164 for channel [id: 0xe2331cea, L:/127.0.0.1:61736 - R:localhost/127.0.0.1:56164]
02:11:39.160 [Forwarding setTimeout on session b065353ba2ee0486eeb6a2973e1b8ffe to remote] DEBUG org.asynchttpclient.netty.request.NettyRequestSender - Using pooled Channel '[id: 0xe2331cea, L:/127.0.0.1:61736 - R:localhost/127.0.0.1:56164]' for 'POST' to 'http://localhost:56164/session/b065353ba2ee0486eeb6a2973e1b8ffe/timeouts'
02:11:39.160 [Forwarding setTimeout on session b065353ba2ee0486eeb6a2973e1b8ffe to remote] DEBUG org.asynchttpclient.netty.request.NettyRequestSender - Using open Channel [id: 0xe2331cea, L:/127.0.0.1:61736 - R:localhost/127.0.0.1:56164] for POST '/session/b065353ba2ee0486eeb6a2973e1b8ffe/timeouts'
02:11:39.161 [AsyncHttpClient-1-11] DEBUG org.asynchttpclient.netty.handler.HttpHandler - 

Request DefaultHttpRequest(decodeResult: success, version: HTTP/1.1)
POST /session/b065353ba2ee0486eeb6a2973e1b8ffe/timeouts HTTP/1.1
User-Agent: selenium/4.1.3 (java windows)
Content-Length: 22
Content-Type: application/json; charset=utf-8
host: localhost:56164
accept: */*

Response DefaultHttpResponse(decodeResult: success, version: HTTP/1.1)
HTTP/1.1 200 OK
Content-Type: application/json; charset=utf-8
cache-control: no-cache
content-length: 14

02:11:39.161 [AsyncHttpClient-1-11] DEBUG org.asynchttpclient.netty.channel.ChannelManager - Adding key: http://localhost:56164 for channel [id: 0xe2331cea, L:/127.0.0.1:61736 - R:localhost/127.0.0.1:56164]
02:11:39.168 [Forwarding isElementDisplayed on session b065353ba2ee0486eeb6a2973e1b8ffe to remote] DEBUG org.asynchttpclient.netty.request.NettyRequestSender - Using pooled Channel '[id: 0xe2331cea, L:/127.0.0.1:61736 - R:localhost/127.0.0.1:56164]' for 'POST' to 'http://localhost:56164/session/b065353ba2ee0486eeb6a2973e1b8ffe/execute/sync'
02:11:39.168 [Forwarding isElementDisplayed on session b065353ba2ee0486eeb6a2973e1b8ffe to remote] DEBUG org.asynchttpclient.netty.request.NettyRequestSender - Using open Channel [id: 0xe2331cea, L:/127.0.0.1:61736 - R:localhost/127.0.0.1:56164] for POST '/session/b065353ba2ee0486eeb6a2973e1b8ffe/execute/sync'
02:11:39.187 [AsyncHttpClient-1-11] DEBUG org.asynchttpclient.netty.handler.HttpHandler - 

Request DefaultHttpRequest(decodeResult: success, version: HTTP/1.1)
POST /session/b065353ba2ee0486eeb6a2973e1b8ffe/execute/sync HTTP/1.1
User-Agent: selenium/4.1.3 (java windows)
Content-Length: 48780
Content-Type: application/json; charset=utf-8
host: localhost:56164
accept: */*

Response DefaultHttpResponse(decodeResult: success, version: HTTP/1.1)
HTTP/1.1 200 OK
Content-Type: application/json; charset=utf-8
cache-control: no-cache
content-length: 14

02:11:39.188 [AsyncHttpClient-1-11] DEBUG org.asynchttpclient.netty.channel.ChannelManager - Adding key: http://localhost:56164 for channel [id: 0xe2331cea, L:/127.0.0.1:61736 - R:localhost/127.0.0.1:56164]
02:11:39.192 [Forwarding getElementTagName on session b065353ba2ee0486eeb6a2973e1b8ffe to remote] DEBUG org.asynchttpclient.netty.request.NettyRequestSender - Using pooled Channel '[id: 0xe2331cea, L:/127.0.0.1:61736 - R:localhost/127.0.0.1:56164]' for 'GET' to 'http://localhost:56164/session/b065353ba2ee0486eeb6a2973e1b8ffe/element/98238058-5ad5-406b-9600-021b1ca2997f/name'
02:11:39.192 [Forwarding getElementTagName on session b065353ba2ee0486eeb6a2973e1b8ffe to remote] DEBUG org.asynchttpclient.netty.request.NettyRequestSender - Using open Channel [id: 0xe2331cea, L:/127.0.0.1:61736 - R:localhost/127.0.0.1:56164] for GET '/session/b065353ba2ee0486eeb6a2973e1b8ffe/element/98238058-5ad5-406b-9600-021b1ca2997f/name'
02:11:39.202 [AsyncHttpClient-1-11] DEBUG org.asynchttpclient.netty.handler.HttpHandler - 

Request DefaultFullHttpRequest(decodeResult: success, version: HTTP/1.1, content: EmptyByteBufBE)
GET /session/b065353ba2ee0486eeb6a2973e1b8ffe/element/98238058-5ad5-406b-9600-021b1ca2997f/name HTTP/1.1
User-Agent: selenium/4.1.3 (java windows)
Cache-Control: no-cache
Content-Type: application/json; charset=utf-8
host: localhost:56164
accept: */*

Response DefaultHttpResponse(decodeResult: success, version: HTTP/1.1)
HTTP/1.1 200 OK
Content-Type: application/json; charset=utf-8
cache-control: no-cache
content-length: 17

02:11:39.202 [AsyncHttpClient-1-11] DEBUG org.asynchttpclient.netty.channel.ChannelManager - Adding key: http://localhost:56164 for channel [id: 0xe2331cea, L:/127.0.0.1:61736 - R:localhost/127.0.0.1:56164]
02:11:39.204 [Forwarding getElementTagName on session b065353ba2ee0486eeb6a2973e1b8ffe to remote] DEBUG org.asynchttpclient.netty.request.NettyRequestSender - Using pooled Channel '[id: 0xe2331cea, L:/127.0.0.1:61736 - R:localhost/127.0.0.1:56164]' for 'GET' to 'http://localhost:56164/session/b065353ba2ee0486eeb6a2973e1b8ffe/element/98238058-5ad5-406b-9600-021b1ca2997f/name'
02:11:39.205 [Forwarding getElementTagName on session b065353ba2ee0486eeb6a2973e1b8ffe to remote] DEBUG org.asynchttpclient.netty.request.NettyRequestSender - Using open Channel [id: 0xe2331cea, L:/127.0.0.1:61736 - R:localhost/127.0.0.1:56164] for GET '/session/b065353ba2ee0486eeb6a2973e1b8ffe/element/98238058-5ad5-406b-9600-021b1ca2997f/name'
02:11:39.209 [AsyncHttpClient-1-11] DEBUG org.asynchttpclient.netty.handler.HttpHandler - 

Request DefaultFullHttpRequest(decodeResult: success, version: HTTP/1.1, content: EmptyByteBufBE)
GET /session/b065353ba2ee0486eeb6a2973e1b8ffe/element/98238058-5ad5-406b-9600-021b1ca2997f/name HTTP/1.1
User-Agent: selenium/4.1.3 (java windows)
Cache-Control: no-cache
Content-Type: application/json; charset=utf-8
host: localhost:56164
accept: */*

Response DefaultHttpResponse(decodeResult: success, version: HTTP/1.1)
HTTP/1.1 200 OK
Content-Type: application/json; charset=utf-8
cache-control: no-cache
content-length: 17

02:11:39.209 [AsyncHttpClient-1-11] DEBUG org.asynchttpclient.netty.channel.ChannelManager - Adding key: http://localhost:56164 for channel [id: 0xe2331cea, L:/127.0.0.1:61736 - R:localhost/127.0.0.1:56164]
02:11:39.213 [Forwarding isElementEnabled on session b065353ba2ee0486eeb6a2973e1b8ffe to remote] DEBUG org.asynchttpclient.netty.request.NettyRequestSender - Using pooled Channel '[id: 0xe2331cea, L:/127.0.0.1:61736 - R:localhost/127.0.0.1:56164]' for 'GET' to 'http://localhost:56164/session/b065353ba2ee0486eeb6a2973e1b8ffe/element/98238058-5ad5-406b-9600-021b1ca2997f/enabled'
02:11:39.213 [Forwarding isElementEnabled on session b065353ba2ee0486eeb6a2973e1b8ffe to remote] DEBUG org.asynchttpclient.netty.request.NettyRequestSender - Using open Channel [id: 0xe2331cea, L:/127.0.0.1:61736 - R:localhost/127.0.0.1:56164] for GET '/session/b065353ba2ee0486eeb6a2973e1b8ffe/element/98238058-5ad5-406b-9600-021b1ca2997f/enabled'
02:11:39.224 [AsyncHttpClient-1-11] DEBUG org.asynchttpclient.netty.handler.HttpHandler - 

Request DefaultFullHttpRequest(decodeResult: success, version: HTTP/1.1, content: EmptyByteBufBE)
GET /session/b065353ba2ee0486eeb6a2973e1b8ffe/element/98238058-5ad5-406b-9600-021b1ca2997f/enabled HTTP/1.1
User-Agent: selenium/4.1.3 (java windows)
Cache-Control: no-cache
Content-Type: application/json; charset=utf-8
host: localhost:56164
accept: */*

Response DefaultHttpResponse(decodeResult: success, version: HTTP/1.1)
HTTP/1.1 200 OK
Content-Type: application/json; charset=utf-8
cache-control: no-cache
content-length: 14

02:11:39.224 [AsyncHttpClient-1-11] DEBUG org.asynchttpclient.netty.channel.ChannelManager - Adding key: http://localhost:56164 for channel [id: 0xe2331cea, L:/127.0.0.1:61736 - R:localhost/127.0.0.1:56164]
02:11:39.226 [Forwarding isElementEnabled on session b065353ba2ee0486eeb6a2973e1b8ffe to remote] DEBUG org.asynchttpclient.netty.request.NettyRequestSender - Using pooled Channel '[id: 0xe2331cea, L:/127.0.0.1:61736 - R:localhost/127.0.0.1:56164]' for 'GET' to 'http://localhost:56164/session/b065353ba2ee0486eeb6a2973e1b8ffe/element/98238058-5ad5-406b-9600-021b1ca2997f/enabled'
02:11:39.226 [Forwarding isElementEnabled on session b065353ba2ee0486eeb6a2973e1b8ffe to remote] DEBUG org.asynchttpclient.netty.request.NettyRequestSender - Using open Channel [id: 0xe2331cea, L:/127.0.0.1:61736 - R:localhost/127.0.0.1:56164] for GET '/session/b065353ba2ee0486eeb6a2973e1b8ffe/element/98238058-5ad5-406b-9600-021b1ca2997f/enabled'
02:11:39.236 [AsyncHttpClient-1-11] DEBUG org.asynchttpclient.netty.handler.HttpHandler - 

Request DefaultFullHttpRequest(decodeResult: success, version: HTTP/1.1, content: EmptyByteBufBE)
GET /session/b065353ba2ee0486eeb6a2973e1b8ffe/element/98238058-5ad5-406b-9600-021b1ca2997f/enabled HTTP/1.1
User-Agent: selenium/4.1.3 (java windows)
Cache-Control: no-cache
Content-Type: application/json; charset=utf-8
host: localhost:56164
accept: */*

Response DefaultHttpResponse(decodeResult: success, version: HTTP/1.1)
HTTP/1.1 200 OK
Content-Type: application/json; charset=utf-8
cache-control: no-cache
content-length: 14

02:11:39.236 [AsyncHttpClient-1-11] DEBUG org.asynchttpclient.netty.channel.ChannelManager - Adding key: http://localhost:56164 for channel [id: 0xe2331cea, L:/127.0.0.1:61736 - R:localhost/127.0.0.1:56164]
02:11:39.238 [Forwarding clickElement on session b065353ba2ee0486eeb6a2973e1b8ffe to remote] DEBUG org.asynchttpclient.netty.request.NettyRequestSender - Using pooled Channel '[id: 0xe2331cea, L:/127.0.0.1:61736 - R:localhost/127.0.0.1:56164]' for 'POST' to 'http://localhost:56164/session/b065353ba2ee0486eeb6a2973e1b8ffe/element/98238058-5ad5-406b-9600-021b1ca2997f/click'
02:11:39.239 [Forwarding clickElement on session b065353ba2ee0486eeb6a2973e1b8ffe to remote] DEBUG org.asynchttpclient.netty.request.NettyRequestSender - Using open Channel [id: 0xe2331cea, L:/127.0.0.1:61736 - R:localhost/127.0.0.1:56164] for POST '/session/b065353ba2ee0486eeb6a2973e1b8ffe/element/98238058-5ad5-406b-9600-021b1ca2997f/click'
02:11:39.459 [AsyncHttpClient-1-1] DEBUG org.asynchttpclient.netty.channel.DefaultChannelPool - Entry count for : http://localhost:61737 : 1
02:11:39.634 [AsyncHttpClient-1-11] DEBUG org.asynchttpclient.netty.handler.HttpHandler - 

Request DefaultHttpRequest(decodeResult: success, version: HTTP/1.1)
POST /session/b065353ba2ee0486eeb6a2973e1b8ffe/element/98238058-5ad5-406b-9600-021b1ca2997f/click HTTP/1.1
User-Agent: selenium/4.1.3 (java windows)
Content-Length: 50
Content-Type: application/json; charset=utf-8
host: localhost:56164
accept: */*

Response DefaultHttpResponse(decodeResult: success, version: HTTP/1.1)
HTTP/1.1 200 OK
Content-Type: application/json; charset=utf-8
cache-control: no-cache
content-length: 14

02:11:39.634 [AsyncHttpClient-1-11] DEBUG org.asynchttpclient.netty.channel.ChannelManager - Adding key: http://localhost:56164 for channel [id: 0xe2331cea, L:/127.0.0.1:61736 - R:localhost/127.0.0.1:56164]
02:11:39.638 [main] DEBUG net.thucydides.core.steps.StepInterceptor - STEP DONE: login
  &amp#27;[32mGiven &amp#27;[0m&amp#27;[32mthe user enters the username &amp#27;[0m&amp#27;[32m&amp#27;[1mmngr398793&amp#27;[0m&amp#27;[32m and password &amp#27;[0m&amp#27;[32m&amp#27;[1m""&amp#27;[0m &amp#27;[90m# cucumber.LoginStepDefs.the_user_enters_the_username_and_password(java.lang.String,java.lang.String)&amp#27;[0m
02:11:39.651 [main] DEBUG net.thucydides.core.steps.StepInterceptor - STARTING STEP: LoginStepDefs.the_error_message_user_is_not_valid_is_displayed - checkInvalid
02:11:39.653 [Forwarding getAlertText on session b065353ba2ee0486eeb6a2973e1b8ffe to remote] DEBUG org.asynchttpclient.netty.request.NettyRequestSender - Using pooled Channel '[id: 0xe2331cea, L:/127.0.0.1:61736 - R:localhost/127.0.0.1:56164]' for 'GET' to 'http://localhost:56164/session/b065353ba2ee0486eeb6a2973e1b8ffe/alert/text'
02:11:39.653 [Forwarding getAlertText on session b065353ba2ee0486eeb6a2973e1b8ffe to remote] DEBUG org.asynchttpclient.netty.request.NettyRequestSender - Using open Channel [id: 0xe2331cea, L:/127.0.0.1:61736 - R:localhost/127.0.0.1:56164] for GET '/session/b065353ba2ee0486eeb6a2973e1b8ffe/alert/text'
02:11:39.655 [AsyncHttpClient-1-11] DEBUG org.asynchttpclient.netty.handler.HttpHandler - 

Request DefaultFullHttpRequest(decodeResult: success, version: HTTP/1.1, content: EmptyByteBufBE)
GET /session/b065353ba2ee0486eeb6a2973e1b8ffe/alert/text HTTP/1.1
User-Agent: selenium/4.1.3 (java windows)
Cache-Control: no-cache
Content-Type: application/json; charset=utf-8
host: localhost:56164
accept: */*

Response DefaultHttpResponse(decodeResult: success, version: HTTP/1.1)
HTTP/1.1 200 OK
Content-Type: application/json; charset=utf-8
cache-control: no-cache
content-length: 29

02:11:39.655 [AsyncHttpClient-1-11] DEBUG org.asynchttpclient.netty.channel.ChannelManager - Adding key: http://localhost:56164 for channel [id: 0xe2331cea, L:/127.0.0.1:61736 - R:localhost/127.0.0.1:56164]
02:11:39.656 [Forwarding getAlertText on session b065353ba2ee0486eeb6a2973e1b8ffe to remote] DEBUG org.asynchttpclient.netty.request.NettyRequestSender - Using pooled Channel '[id: 0xe2331cea, L:/127.0.0.1:61736 - R:localhost/127.0.0.1:56164]' for 'GET' to 'http://localhost:56164/session/b065353ba2ee0486eeb6a2973e1b8ffe/alert/text'
02:11:39.657 [Forwarding getAlertText on session b065353ba2ee0486eeb6a2973e1b8ffe to remote] DEBUG org.asynchttpclient.netty.request.NettyRequestSender - Using open Channel [id: 0xe2331cea, L:/127.0.0.1:61736 - R:localhost/127.0.0.1:56164] for GET '/session/b065353ba2ee0486eeb6a2973e1b8ffe/alert/text'
02:11:39.659 [AsyncHttpClient-1-11] DEBUG org.asynchttpclient.netty.handler.HttpHandler - 

Request DefaultFullHttpRequest(decodeResult: success, version: HTTP/1.1, content: EmptyByteBufBE)
GET /session/b065353ba2ee0486eeb6a2973e1b8ffe/alert/text HTTP/1.1
User-Agent: selenium/4.1.3 (java windows)
Cache-Control: no-cache
Content-Type: application/json; charset=utf-8
host: localhost:56164
accept: */*

Response DefaultHttpResponse(decodeResult: success, version: HTTP/1.1)
HTTP/1.1 200 OK
Content-Type: application/json; charset=utf-8
cache-control: no-cache
content-length: 29

02:11:39.659 [AsyncHttpClient-1-11] DEBUG org.asynchttpclient.netty.channel.ChannelManager - Adding key: http://localhost:56164 for channel [id: 0xe2331cea, L:/127.0.0.1:61736 - R:localhost/127.0.0.1:56164]
02:11:39.660 [Forwarding acceptAlert on session b065353ba2ee0486eeb6a2973e1b8ffe to remote] DEBUG org.asynchttpclient.netty.request.NettyRequestSender - Using pooled Channel '[id: 0xe2331cea, L:/127.0.0.1:61736 - R:localhost/127.0.0.1:56164]' for 'POST' to 'http://localhost:56164/session/b065353ba2ee0486eeb6a2973e1b8ffe/alert/accept'
02:11:39.660 [Forwarding acceptAlert on session b065353ba2ee0486eeb6a2973e1b8ffe to remote] DEBUG org.asynchttpclient.netty.request.NettyRequestSender - Using open Channel [id: 0xe2331cea, L:/127.0.0.1:61736 - R:localhost/127.0.0.1:56164] for POST '/session/b065353ba2ee0486eeb6a2973e1b8ffe/alert/accept'
02:11:39.664 [AsyncHttpClient-1-11] DEBUG org.asynchttpclient.netty.handler.HttpHandler - 

Request DefaultHttpRequest(decodeResult: success, version: HTTP/1.1)
POST /session/b065353ba2ee0486eeb6a2973e1b8ffe/alert/accept HTTP/1.1
User-Agent: selenium/4.1.3 (java windows)
Content-Length: 3
Content-Type: application/json; charset=utf-8
host: localhost:56164
accept: */*

Response DefaultHttpResponse(decodeResult: success, version: HTTP/1.1)
HTTP/1.1 200 OK
Content-Type: application/json; charset=utf-8
cache-control: no-cache
content-length: 14

02:11:39.664 [AsyncHttpClient-1-11] DEBUG org.asynchttpclient.netty.channel.ChannelManager - Adding key: http://localhost:56164 for channel [id: 0xe2331cea, L:/127.0.0.1:61736 - R:localhost/127.0.0.1:56164]
02:11:39.667 [main] DEBUG net.thucydides.core.steps.StepInterceptor - STEP DONE: checkInvalid
  &amp#27;[32mThen &amp#27;[0m&amp#27;[32mthe error message &amp#27;[0m&amp#27;[32m&amp#27;[1m'User is not valid'&amp#27;[0m&amp#27;[32m is displayed&amp#27;[0m       &amp#27;[90m# cucumber.LoginStepDefs.the_error_message_user_is_not_valid_is_displayed(java.lang.String)&amp#27;[0m
02:11:39.677 [AsyncHttpClient-1-13] DEBUG org.asynchttpclient.netty.handler.WebSocketHandler - Channel Closed: [id: 0xda0e2f08, L:/127.0.0.1:61745 ! R:localhost/127.0.0.1:61737] with attribute NettyResponseFuture{currentRetry=5,
	isDone=1,
	isCancelled=0,
	asyncHandler=org.asynchttpclient.ws.WebSocketUpgradeHandler@126639a8,
	nettyRequest=org.asynchttpclient.netty.request.NettyRequest@5764b580,
	future=java.util.concurrent.CompletableFuture@3d062526[Completed normally],
	uri=ws://localhost:61737/devtools/browser/9689eb2b-9da0-4465-964b-3cf3a2e6c684,
	keepAlive=true,
	redirectCount=0,
	timeoutsHolder=null,
	inAuth=0,
	touch=1650481886527}
02:11:39.677 [Driver Command Executor] DEBUG org.asynchttpclient.netty.request.NettyRequestSender - Using pooled Channel '[id: 0xe2331cea, L:/127.0.0.1:61736 - R:localhost/127.0.0.1:56164]' for 'DELETE' to 'http://localhost:56164/session/b065353ba2ee0486eeb6a2973e1b8ffe'
02:11:39.678 [AsyncHttpClient-1-13] DEBUG org.asynchttpclient.netty.channel.ChannelManager - Closing Channel [id: 0xda0e2f08, L:/127.0.0.1:61745 ! R:localhost/127.0.0.1:61737] 
02:11:39.678 [Driver Command Executor] DEBUG org.asynchttpclient.netty.request.NettyRequestSender - Using open Channel [id: 0xe2331cea, L:/127.0.0.1:61736 - R:localhost/127.0.0.1:56164] for DELETE '/session/b065353ba2ee0486eeb6a2973e1b8ffe'
02:11:39.726 [AsyncHttpClient-1-12] DEBUG org.asynchttpclient.netty.handler.HttpHandler - Unexpected I/O exception on channel [id: 0xf9af3736, L:/127.0.0.1:61744 - R:localhost/127.0.0.1:61737]
java.io.IOException: An existing connection was forcibly closed by the remote host
	at sun.nio.ch.SocketDispatcher.read0(Native Method)
	at sun.nio.ch.SocketDispatcher.read(SocketDispatcher.java:43)
	at sun.nio.ch.IOUtil.readIntoNativeBuffer(IOUtil.java:223)
	at sun.nio.ch.IOUtil.read(IOUtil.java:192)
	at sun.nio.ch.SocketChannelImpl.read(SocketChannelImpl.java:378)
	at io.netty.buffer.PooledByteBuf.setBytes(PooledByteBuf.java:258)
	at io.netty.buffer.AbstractByteBuf.writeBytes(AbstractByteBuf.java:1132)
	at io.netty.channel.socket.nio.NioSocketChannel.doReadBytes(NioSocketChannel.java:350)
	at io.netty.channel.nio.AbstractNioByteChannel$NioByteUnsafe.read(AbstractNioByteChannel.java:151)
	at io.netty.channel.nio.NioEventLoop.processSelectedKey(NioEventLoop.java:722)
	at io.netty.channel.nio.NioEventLoop.processSelectedKeysOptimized(NioEventLoop.java:658)
	at io.netty.channel.nio.NioEventLoop.processSelectedKeys(NioEventLoop.java:584)
	at io.netty.channel.nio.NioEventLoop.run(NioEventLoop.java:496)
	at io.netty.util.concurrent.SingleThreadEventExecutor$4.run(SingleThreadEventExecutor.java:986)
	at io.netty.util.internal.ThreadExecutorMap$2.run(ThreadExecutorMap.java:74)
	at io.netty.util.concurrent.FastThreadLocalRunnable.run(FastThreadLocalRunnable.java:30)
	at java.lang.Thread.run(Thread.java:750)
02:11:39.727 [AsyncHttpClient-1-12] DEBUG org.asynchttpclient.netty.channel.ChannelManager - Closing Channel [id: 0xf9af3736, L:/127.0.0.1:61744 - R:localhost/127.0.0.1:61737] 
02:11:39.727 [AsyncHttpClient-1-12] DEBUG org.asynchttpclient.netty.handler.HttpHandler - Channel Closed: [id: 0xf9af3736, L:/127.0.0.1:61744 ! R:localhost/127.0.0.1:61737] with attribute DISCARD
02:11:39.746 [AsyncHttpClient-1-11] DEBUG org.asynchttpclient.netty.handler.HttpHandler - 

Request DefaultFullHttpRequest(decodeResult: success, version: HTTP/1.1, content: EmptyByteBufBE)
DELETE /session/b065353ba2ee0486eeb6a2973e1b8ffe HTTP/1.1
User-Agent: selenium/4.1.3 (java windows)
Content-Type: application/json; charset=utf-8
host: localhost:56164
accept: */*

Response DefaultHttpResponse(decodeResult: success, version: HTTP/1.1)
HTTP/1.1 200 OK
Content-Type: application/json; charset=utf-8
cache-control: no-cache
content-length: 14

02:11:39.746 [AsyncHttpClient-1-11] DEBUG org.asynchttpclient.netty.channel.ChannelManager - Adding key: http://localhost:56164 for channel [id: 0xe2331cea, L:/127.0.0.1:61736 - R:localhost/127.0.0.1:56164]
02:11:39.954 [AsyncHttpClient-1-11] DEBUG org.asynchttpclient.netty.handler.HttpHandler - Channel Closed: [id: 0xe2331cea, L:/127.0.0.1:61736 ! R:localhost/127.0.0.1:56164] with attribute DISCARD
]]></system-out>
  </testcase>
</testsuite>